ARM GAS  /var/folders/n6/c271nzx11xl4r4_m7sqjlt0m0000gn/T//ccRGdRRX.s 			page 1


   1              		.cpu cortex-m7
   2              		.arch armv7e-m
   3              		.fpu fpv5-d16
   4              		.eabi_attribute 28, 1
   5              		.eabi_attribute 20, 1
   6              		.eabi_attribute 21, 1
   7              		.eabi_attribute 23, 3
   8              		.eabi_attribute 24, 1
   9              		.eabi_attribute 25, 1
  10              		.eabi_attribute 26, 1
  11              		.eabi_attribute 30, 1
  12              		.eabi_attribute 34, 1
  13              		.eabi_attribute 18, 4
  14              		.file	"arm_mat_mult_q31.c"
  15              		.text
  16              	.Ltext0:
  17              		.cfi_sections	.debug_frame
  18              		.file 1 "Drivers/CMSIS/DSP/Source/MatrixFunctions/arm_mat_mult_q31.c"
  19              		.section	.text.arm_mat_mult_q31,"ax",%progbits
  20              		.align	1
  21              		.global	arm_mat_mult_q31
  22              		.syntax unified
  23              		.thumb
  24              		.thumb_func
  26              	arm_mat_mult_q31:
  27              	.LVL0:
  28              	.LFB135:
   1:Drivers/CMSIS/DSP/Source/MatrixFunctions/arm_mat_mult_q31.c **** /* ----------------------------------------------------------------------
   2:Drivers/CMSIS/DSP/Source/MatrixFunctions/arm_mat_mult_q31.c ****  * Project:      CMSIS DSP Library
   3:Drivers/CMSIS/DSP/Source/MatrixFunctions/arm_mat_mult_q31.c ****  * Title:        arm_mat_mult_q31.c
   4:Drivers/CMSIS/DSP/Source/MatrixFunctions/arm_mat_mult_q31.c ****  * Description:  Q31 matrix multiplication
   5:Drivers/CMSIS/DSP/Source/MatrixFunctions/arm_mat_mult_q31.c ****  *
   6:Drivers/CMSIS/DSP/Source/MatrixFunctions/arm_mat_mult_q31.c ****  * $Date:        27. January 2017
   7:Drivers/CMSIS/DSP/Source/MatrixFunctions/arm_mat_mult_q31.c ****  * $Revision:    V.1.5.1
   8:Drivers/CMSIS/DSP/Source/MatrixFunctions/arm_mat_mult_q31.c ****  *
   9:Drivers/CMSIS/DSP/Source/MatrixFunctions/arm_mat_mult_q31.c ****  * Target Processor: Cortex-M cores
  10:Drivers/CMSIS/DSP/Source/MatrixFunctions/arm_mat_mult_q31.c ****  * -------------------------------------------------------------------- */
  11:Drivers/CMSIS/DSP/Source/MatrixFunctions/arm_mat_mult_q31.c **** /*
  12:Drivers/CMSIS/DSP/Source/MatrixFunctions/arm_mat_mult_q31.c ****  * Copyright (C) 2010-2017 ARM Limited or its affiliates. All rights reserved.
  13:Drivers/CMSIS/DSP/Source/MatrixFunctions/arm_mat_mult_q31.c ****  *
  14:Drivers/CMSIS/DSP/Source/MatrixFunctions/arm_mat_mult_q31.c ****  * SPDX-License-Identifier: Apache-2.0
  15:Drivers/CMSIS/DSP/Source/MatrixFunctions/arm_mat_mult_q31.c ****  *
  16:Drivers/CMSIS/DSP/Source/MatrixFunctions/arm_mat_mult_q31.c ****  * Licensed under the Apache License, Version 2.0 (the License); you may
  17:Drivers/CMSIS/DSP/Source/MatrixFunctions/arm_mat_mult_q31.c ****  * not use this file except in compliance with the License.
  18:Drivers/CMSIS/DSP/Source/MatrixFunctions/arm_mat_mult_q31.c ****  * You may obtain a copy of the License at
  19:Drivers/CMSIS/DSP/Source/MatrixFunctions/arm_mat_mult_q31.c ****  *
  20:Drivers/CMSIS/DSP/Source/MatrixFunctions/arm_mat_mult_q31.c ****  * www.apache.org/licenses/LICENSE-2.0
  21:Drivers/CMSIS/DSP/Source/MatrixFunctions/arm_mat_mult_q31.c ****  *
  22:Drivers/CMSIS/DSP/Source/MatrixFunctions/arm_mat_mult_q31.c ****  * Unless required by applicable law or agreed to in writing, software
  23:Drivers/CMSIS/DSP/Source/MatrixFunctions/arm_mat_mult_q31.c ****  * distributed under the License is distributed on an AS IS BASIS, WITHOUT
  24:Drivers/CMSIS/DSP/Source/MatrixFunctions/arm_mat_mult_q31.c ****  * WARRANTIES OR CONDITIONS OF ANY KIND, either express or implied.
  25:Drivers/CMSIS/DSP/Source/MatrixFunctions/arm_mat_mult_q31.c ****  * See the License for the specific language governing permissions and
  26:Drivers/CMSIS/DSP/Source/MatrixFunctions/arm_mat_mult_q31.c ****  * limitations under the License.
  27:Drivers/CMSIS/DSP/Source/MatrixFunctions/arm_mat_mult_q31.c ****  */
  28:Drivers/CMSIS/DSP/Source/MatrixFunctions/arm_mat_mult_q31.c **** 
  29:Drivers/CMSIS/DSP/Source/MatrixFunctions/arm_mat_mult_q31.c **** #include "arm_math.h"
  30:Drivers/CMSIS/DSP/Source/MatrixFunctions/arm_mat_mult_q31.c **** 
ARM GAS  /var/folders/n6/c271nzx11xl4r4_m7sqjlt0m0000gn/T//ccRGdRRX.s 			page 2


  31:Drivers/CMSIS/DSP/Source/MatrixFunctions/arm_mat_mult_q31.c **** /**
  32:Drivers/CMSIS/DSP/Source/MatrixFunctions/arm_mat_mult_q31.c ****  * @ingroup groupMatrix
  33:Drivers/CMSIS/DSP/Source/MatrixFunctions/arm_mat_mult_q31.c ****  */
  34:Drivers/CMSIS/DSP/Source/MatrixFunctions/arm_mat_mult_q31.c **** 
  35:Drivers/CMSIS/DSP/Source/MatrixFunctions/arm_mat_mult_q31.c **** /**
  36:Drivers/CMSIS/DSP/Source/MatrixFunctions/arm_mat_mult_q31.c ****  * @addtogroup MatrixMult
  37:Drivers/CMSIS/DSP/Source/MatrixFunctions/arm_mat_mult_q31.c ****  * @{
  38:Drivers/CMSIS/DSP/Source/MatrixFunctions/arm_mat_mult_q31.c ****  */
  39:Drivers/CMSIS/DSP/Source/MatrixFunctions/arm_mat_mult_q31.c **** 
  40:Drivers/CMSIS/DSP/Source/MatrixFunctions/arm_mat_mult_q31.c **** /**
  41:Drivers/CMSIS/DSP/Source/MatrixFunctions/arm_mat_mult_q31.c ****  * @brief Q31 matrix multiplication
  42:Drivers/CMSIS/DSP/Source/MatrixFunctions/arm_mat_mult_q31.c ****  * @param[in]       *pSrcA points to the first input matrix structure
  43:Drivers/CMSIS/DSP/Source/MatrixFunctions/arm_mat_mult_q31.c ****  * @param[in]       *pSrcB points to the second input matrix structure
  44:Drivers/CMSIS/DSP/Source/MatrixFunctions/arm_mat_mult_q31.c ****  * @param[out]      *pDst points to output matrix structure
  45:Drivers/CMSIS/DSP/Source/MatrixFunctions/arm_mat_mult_q31.c ****  * @return     		The function returns either
  46:Drivers/CMSIS/DSP/Source/MatrixFunctions/arm_mat_mult_q31.c ****  * <code>ARM_MATH_SIZE_MISMATCH</code> or <code>ARM_MATH_SUCCESS</code> based on the outcome of siz
  47:Drivers/CMSIS/DSP/Source/MatrixFunctions/arm_mat_mult_q31.c ****  *
  48:Drivers/CMSIS/DSP/Source/MatrixFunctions/arm_mat_mult_q31.c ****  * @details
  49:Drivers/CMSIS/DSP/Source/MatrixFunctions/arm_mat_mult_q31.c ****  * <b>Scaling and Overflow Behavior:</b>
  50:Drivers/CMSIS/DSP/Source/MatrixFunctions/arm_mat_mult_q31.c ****  *
  51:Drivers/CMSIS/DSP/Source/MatrixFunctions/arm_mat_mult_q31.c ****  * \par
  52:Drivers/CMSIS/DSP/Source/MatrixFunctions/arm_mat_mult_q31.c ****  * The function is implemented using an internal 64-bit accumulator.
  53:Drivers/CMSIS/DSP/Source/MatrixFunctions/arm_mat_mult_q31.c ****  * The accumulator has a 2.62 format and maintains full precision of the intermediate
  54:Drivers/CMSIS/DSP/Source/MatrixFunctions/arm_mat_mult_q31.c ****  * multiplication results but provides only a single guard bit. There is no saturation
  55:Drivers/CMSIS/DSP/Source/MatrixFunctions/arm_mat_mult_q31.c ****  * on intermediate additions. Thus, if the accumulator overflows it wraps around and
  56:Drivers/CMSIS/DSP/Source/MatrixFunctions/arm_mat_mult_q31.c ****  * distorts the result. The input signals should be scaled down to avoid intermediate
  57:Drivers/CMSIS/DSP/Source/MatrixFunctions/arm_mat_mult_q31.c ****  * overflows. The input is thus scaled down by log2(numColsA) bits
  58:Drivers/CMSIS/DSP/Source/MatrixFunctions/arm_mat_mult_q31.c ****  * to avoid overflows, as a total of numColsA additions are performed internally.
  59:Drivers/CMSIS/DSP/Source/MatrixFunctions/arm_mat_mult_q31.c ****  * The 2.62 accumulator is right shifted by 31 bits and saturated to 1.31 format to yield the final
  60:Drivers/CMSIS/DSP/Source/MatrixFunctions/arm_mat_mult_q31.c ****  *
  61:Drivers/CMSIS/DSP/Source/MatrixFunctions/arm_mat_mult_q31.c ****  * \par
  62:Drivers/CMSIS/DSP/Source/MatrixFunctions/arm_mat_mult_q31.c ****  * See <code>arm_mat_mult_fast_q31()</code> for a faster but less precise implementation of this fu
  63:Drivers/CMSIS/DSP/Source/MatrixFunctions/arm_mat_mult_q31.c ****  *
  64:Drivers/CMSIS/DSP/Source/MatrixFunctions/arm_mat_mult_q31.c ****  */
  65:Drivers/CMSIS/DSP/Source/MatrixFunctions/arm_mat_mult_q31.c **** 
  66:Drivers/CMSIS/DSP/Source/MatrixFunctions/arm_mat_mult_q31.c **** arm_status arm_mat_mult_q31(
  67:Drivers/CMSIS/DSP/Source/MatrixFunctions/arm_mat_mult_q31.c ****   const arm_matrix_instance_q31 * pSrcA,
  68:Drivers/CMSIS/DSP/Source/MatrixFunctions/arm_mat_mult_q31.c ****   const arm_matrix_instance_q31 * pSrcB,
  69:Drivers/CMSIS/DSP/Source/MatrixFunctions/arm_mat_mult_q31.c ****   arm_matrix_instance_q31 * pDst)
  70:Drivers/CMSIS/DSP/Source/MatrixFunctions/arm_mat_mult_q31.c **** {
  29              		.loc 1 70 1 view -0
  30              		.cfi_startproc
  31              		@ args = 0, pretend = 0, frame = 32
  32              		@ frame_needed = 0, uses_anonymous_args = 0
  33              		.loc 1 70 1 is_stmt 0 view .LVU1
  34 0000 2DE9F04F 		push	{r4, r5, r6, r7, r8, r9, r10, fp, lr}
  35              		.cfi_def_cfa_offset 36
  36              		.cfi_offset 4, -36
  37              		.cfi_offset 5, -32
  38              		.cfi_offset 6, -28
  39              		.cfi_offset 7, -24
  40              		.cfi_offset 8, -20
  41              		.cfi_offset 9, -16
  42              		.cfi_offset 10, -12
  43              		.cfi_offset 11, -8
  44              		.cfi_offset 14, -4
  45 0004 89B0     		sub	sp, sp, #36
ARM GAS  /var/folders/n6/c271nzx11xl4r4_m7sqjlt0m0000gn/T//ccRGdRRX.s 			page 3


  46              		.cfi_def_cfa_offset 72
  47 0006 0346     		mov	r3, r0
  48 0008 0C46     		mov	r4, r1
  49 000a 1146     		mov	r1, r2
  50              	.LVL1:
  71:Drivers/CMSIS/DSP/Source/MatrixFunctions/arm_mat_mult_q31.c ****   q31_t *pIn1 = pSrcA->pData;                    /* input data matrix pointer A */
  51              		.loc 1 71 3 is_stmt 1 view .LVU2
  72:Drivers/CMSIS/DSP/Source/MatrixFunctions/arm_mat_mult_q31.c ****   q31_t *pIn2 = pSrcB->pData;                    /* input data matrix pointer B */
  52              		.loc 1 72 3 view .LVU3
  73:Drivers/CMSIS/DSP/Source/MatrixFunctions/arm_mat_mult_q31.c ****   q31_t *pInA = pSrcA->pData;                    /* input data matrix pointer A */
  53              		.loc 1 73 3 view .LVU4
  54              		.loc 1 73 10 is_stmt 0 view .LVU5
  55 000c 4268     		ldr	r2, [r0, #4]
  56              	.LVL2:
  74:Drivers/CMSIS/DSP/Source/MatrixFunctions/arm_mat_mult_q31.c ****   q31_t *pOut = pDst->pData;                     /* output data matrix pointer */
  57              		.loc 1 74 3 is_stmt 1 view .LVU6
  58              		.loc 1 74 10 is_stmt 0 view .LVU7
  59 000e 4F68     		ldr	r7, [r1, #4]
  60              	.LVL3:
  75:Drivers/CMSIS/DSP/Source/MatrixFunctions/arm_mat_mult_q31.c ****   q31_t *px;                                     /* Temporary output data matrix pointer */
  61              		.loc 1 75 3 is_stmt 1 view .LVU8
  76:Drivers/CMSIS/DSP/Source/MatrixFunctions/arm_mat_mult_q31.c ****   q63_t sum;                                     /* Accumulator */
  62              		.loc 1 76 3 view .LVU9
  77:Drivers/CMSIS/DSP/Source/MatrixFunctions/arm_mat_mult_q31.c ****   uint16_t numRowsA = pSrcA->numRows;            /* number of rows of input matrix A    */
  63              		.loc 1 77 3 view .LVU10
  64              		.loc 1 77 12 is_stmt 0 view .LVU11
  65 0010 0088     		ldrh	r0, [r0]
  66              	.LVL4:
  78:Drivers/CMSIS/DSP/Source/MatrixFunctions/arm_mat_mult_q31.c ****   uint16_t numColsB = pSrcB->numCols;            /* number of columns of input matrix B */
  67              		.loc 1 78 3 is_stmt 1 view .LVU12
  68              		.loc 1 78 12 is_stmt 0 view .LVU13
  69 0012 B4F802A0 		ldrh	r10, [r4, #2]
  70              	.LVL5:
  79:Drivers/CMSIS/DSP/Source/MatrixFunctions/arm_mat_mult_q31.c ****   uint16_t numColsA = pSrcA->numCols;            /* number of columns of input matrix A */
  71              		.loc 1 79 3 is_stmt 1 view .LVU14
  72              		.loc 1 79 12 is_stmt 0 view .LVU15
  73 0016 5D88     		ldrh	r5, [r3, #2]
  74              	.LVL6:
  80:Drivers/CMSIS/DSP/Source/MatrixFunctions/arm_mat_mult_q31.c **** 
  81:Drivers/CMSIS/DSP/Source/MatrixFunctions/arm_mat_mult_q31.c **** #if defined (ARM_MATH_DSP)
  82:Drivers/CMSIS/DSP/Source/MatrixFunctions/arm_mat_mult_q31.c **** 
  83:Drivers/CMSIS/DSP/Source/MatrixFunctions/arm_mat_mult_q31.c ****   /* Run the below code for Cortex-M4 and Cortex-M3 */
  84:Drivers/CMSIS/DSP/Source/MatrixFunctions/arm_mat_mult_q31.c **** 
  85:Drivers/CMSIS/DSP/Source/MatrixFunctions/arm_mat_mult_q31.c ****   uint16_t col, i = 0U, j, row = numRowsA, colCnt;      /* loop counters */
  75              		.loc 1 85 3 is_stmt 1 view .LVU16
  76              		.loc 1 85 17 is_stmt 0 view .LVU17
  77 0018 0021     		movs	r1, #0
  78              	.LVL7:
  79              		.loc 1 85 17 view .LVU18
  80 001a 3E46     		mov	r6, r7
  81 001c 2B46     		mov	r3, r5
  82              	.LVL8:
  83              		.loc 1 85 17 view .LVU19
  84 001e 1546     		mov	r5, r2
  85              	.LVL9:
  86              		.loc 1 85 17 view .LVU20
  87 0020 A346     		mov	fp, r4
ARM GAS  /var/folders/n6/c271nzx11xl4r4_m7sqjlt0m0000gn/T//ccRGdRRX.s 			page 4


  88 0022 0446     		mov	r4, r0
  89              	.LVL10:
  90              		.loc 1 85 17 view .LVU21
  91 0024 0846     		mov	r0, r1
  92              	.LVL11:
  93              		.loc 1 85 17 view .LVU22
  94 0026 1A46     		mov	r2, r3
  95              	.LVL12:
  96              		.loc 1 85 17 view .LVU23
  97 0028 93E0     		b	.L7
  98              	.LVL13:
  99              	.L3:
  86:Drivers/CMSIS/DSP/Source/MatrixFunctions/arm_mat_mult_q31.c ****   arm_status status;                             /* status of matrix multiplication */
  87:Drivers/CMSIS/DSP/Source/MatrixFunctions/arm_mat_mult_q31.c ****   q31_t a0, a1, a2, a3, b0, b1, b2, b3;
  88:Drivers/CMSIS/DSP/Source/MatrixFunctions/arm_mat_mult_q31.c **** 
  89:Drivers/CMSIS/DSP/Source/MatrixFunctions/arm_mat_mult_q31.c **** #ifdef ARM_MATH_MATRIX_CHECK
  90:Drivers/CMSIS/DSP/Source/MatrixFunctions/arm_mat_mult_q31.c **** 
  91:Drivers/CMSIS/DSP/Source/MatrixFunctions/arm_mat_mult_q31.c **** 
  92:Drivers/CMSIS/DSP/Source/MatrixFunctions/arm_mat_mult_q31.c ****   /* Check for matrix mismatch condition */
  93:Drivers/CMSIS/DSP/Source/MatrixFunctions/arm_mat_mult_q31.c ****   if ((pSrcA->numCols != pSrcB->numRows) ||
  94:Drivers/CMSIS/DSP/Source/MatrixFunctions/arm_mat_mult_q31.c ****      (pSrcA->numRows != pDst->numRows) || (pSrcB->numCols != pDst->numCols))
  95:Drivers/CMSIS/DSP/Source/MatrixFunctions/arm_mat_mult_q31.c ****   {
  96:Drivers/CMSIS/DSP/Source/MatrixFunctions/arm_mat_mult_q31.c ****     /* Set status as ARM_MATH_SIZE_MISMATCH */
  97:Drivers/CMSIS/DSP/Source/MatrixFunctions/arm_mat_mult_q31.c ****     status = ARM_MATH_SIZE_MISMATCH;
  98:Drivers/CMSIS/DSP/Source/MatrixFunctions/arm_mat_mult_q31.c ****   }
  99:Drivers/CMSIS/DSP/Source/MatrixFunctions/arm_mat_mult_q31.c ****   else
 100:Drivers/CMSIS/DSP/Source/MatrixFunctions/arm_mat_mult_q31.c **** #endif /*    #ifdef ARM_MATH_MATRIX_CHECK    */
 101:Drivers/CMSIS/DSP/Source/MatrixFunctions/arm_mat_mult_q31.c **** 
 102:Drivers/CMSIS/DSP/Source/MatrixFunctions/arm_mat_mult_q31.c ****   {
 103:Drivers/CMSIS/DSP/Source/MatrixFunctions/arm_mat_mult_q31.c ****     /* The following loop performs the dot-product of each row in pSrcA with each column in pSrcB *
 104:Drivers/CMSIS/DSP/Source/MatrixFunctions/arm_mat_mult_q31.c ****     /* row loop */
 105:Drivers/CMSIS/DSP/Source/MatrixFunctions/arm_mat_mult_q31.c ****     do
 106:Drivers/CMSIS/DSP/Source/MatrixFunctions/arm_mat_mult_q31.c ****     {
 107:Drivers/CMSIS/DSP/Source/MatrixFunctions/arm_mat_mult_q31.c ****       /* Output pointer is set to starting address of the row being processed */
 108:Drivers/CMSIS/DSP/Source/MatrixFunctions/arm_mat_mult_q31.c ****       px = pOut + i;
 109:Drivers/CMSIS/DSP/Source/MatrixFunctions/arm_mat_mult_q31.c **** 
 110:Drivers/CMSIS/DSP/Source/MatrixFunctions/arm_mat_mult_q31.c ****       /* For every row wise process, the column loop counter is to be initiated */
 111:Drivers/CMSIS/DSP/Source/MatrixFunctions/arm_mat_mult_q31.c ****       col = numColsB;
 112:Drivers/CMSIS/DSP/Source/MatrixFunctions/arm_mat_mult_q31.c **** 
 113:Drivers/CMSIS/DSP/Source/MatrixFunctions/arm_mat_mult_q31.c ****       /* For every row wise process, the pIn2 pointer is set
 114:Drivers/CMSIS/DSP/Source/MatrixFunctions/arm_mat_mult_q31.c ****        ** to the starting address of the pSrcB data */
 115:Drivers/CMSIS/DSP/Source/MatrixFunctions/arm_mat_mult_q31.c ****       pIn2 = pSrcB->pData;
 116:Drivers/CMSIS/DSP/Source/MatrixFunctions/arm_mat_mult_q31.c **** 
 117:Drivers/CMSIS/DSP/Source/MatrixFunctions/arm_mat_mult_q31.c ****       j = 0U;
 118:Drivers/CMSIS/DSP/Source/MatrixFunctions/arm_mat_mult_q31.c **** 
 119:Drivers/CMSIS/DSP/Source/MatrixFunctions/arm_mat_mult_q31.c ****       /* column loop */
 120:Drivers/CMSIS/DSP/Source/MatrixFunctions/arm_mat_mult_q31.c ****       do
 121:Drivers/CMSIS/DSP/Source/MatrixFunctions/arm_mat_mult_q31.c ****       {
 122:Drivers/CMSIS/DSP/Source/MatrixFunctions/arm_mat_mult_q31.c ****         /* Set the variable sum, that acts as accumulator, to zero */
 123:Drivers/CMSIS/DSP/Source/MatrixFunctions/arm_mat_mult_q31.c ****         sum = 0;
 124:Drivers/CMSIS/DSP/Source/MatrixFunctions/arm_mat_mult_q31.c **** 
 125:Drivers/CMSIS/DSP/Source/MatrixFunctions/arm_mat_mult_q31.c ****         /* Initiate the pointer pIn1 to point to the starting address of pInA */
 126:Drivers/CMSIS/DSP/Source/MatrixFunctions/arm_mat_mult_q31.c ****         pIn1 = pInA;
 127:Drivers/CMSIS/DSP/Source/MatrixFunctions/arm_mat_mult_q31.c **** 
 128:Drivers/CMSIS/DSP/Source/MatrixFunctions/arm_mat_mult_q31.c ****         /* Apply loop unrolling and compute 4 MACs simultaneously. */
 129:Drivers/CMSIS/DSP/Source/MatrixFunctions/arm_mat_mult_q31.c ****         colCnt = numColsA >> 2;
 130:Drivers/CMSIS/DSP/Source/MatrixFunctions/arm_mat_mult_q31.c **** 
ARM GAS  /var/folders/n6/c271nzx11xl4r4_m7sqjlt0m0000gn/T//ccRGdRRX.s 			page 5


 131:Drivers/CMSIS/DSP/Source/MatrixFunctions/arm_mat_mult_q31.c **** 
 132:Drivers/CMSIS/DSP/Source/MatrixFunctions/arm_mat_mult_q31.c ****         /* matrix multiplication */
 133:Drivers/CMSIS/DSP/Source/MatrixFunctions/arm_mat_mult_q31.c ****         while (colCnt > 0U)
 134:Drivers/CMSIS/DSP/Source/MatrixFunctions/arm_mat_mult_q31.c ****         {
 135:Drivers/CMSIS/DSP/Source/MatrixFunctions/arm_mat_mult_q31.c ****           /* c(m,n) = a(1,1)*b(1,1) + a(1,2) * b(2,1) + .... + a(m,p)*b(p,n) */
 136:Drivers/CMSIS/DSP/Source/MatrixFunctions/arm_mat_mult_q31.c ****           /* Perform the multiply-accumulates */
 137:Drivers/CMSIS/DSP/Source/MatrixFunctions/arm_mat_mult_q31.c ****           b0 = *pIn2;
 100              		.loc 1 137 11 is_stmt 1 view .LVU24
 101              		.loc 1 137 14 is_stmt 0 view .LVU25
 102 002a DCF80060 		ldr	r6, [ip]
 103              	.LVL14:
 138:Drivers/CMSIS/DSP/Source/MatrixFunctions/arm_mat_mult_q31.c ****           pIn2 += numColsB;
 104              		.loc 1 138 11 is_stmt 1 view .LVU26
 139:Drivers/CMSIS/DSP/Source/MatrixFunctions/arm_mat_mult_q31.c **** 
 140:Drivers/CMSIS/DSP/Source/MatrixFunctions/arm_mat_mult_q31.c ****           a0 = *pIn1++;
 105              		.loc 1 140 11 view .LVU27
 106              		.loc 1 140 14 is_stmt 0 view .LVU28
 107 002e 2168     		ldr	r1, [r4]
 108              	.LVL15:
 141:Drivers/CMSIS/DSP/Source/MatrixFunctions/arm_mat_mult_q31.c ****           a1 = *pIn1++;
 109              		.loc 1 141 11 is_stmt 1 view .LVU29
 110              		.loc 1 141 14 is_stmt 0 view .LVU30
 111 0030 6568     		ldr	r5, [r4, #4]
 112              	.LVL16:
 142:Drivers/CMSIS/DSP/Source/MatrixFunctions/arm_mat_mult_q31.c **** 
 143:Drivers/CMSIS/DSP/Source/MatrixFunctions/arm_mat_mult_q31.c ****           b1 = *pIn2;
 113              		.loc 1 143 11 is_stmt 1 view .LVU31
 114              		.loc 1 143 14 is_stmt 0 view .LVU32
 115 0032 5CF82A70 		ldr	r7, [ip, r10, lsl #2]
 116              	.LVL17:
 144:Drivers/CMSIS/DSP/Source/MatrixFunctions/arm_mat_mult_q31.c ****           pIn2 += numColsB;
 117              		.loc 1 144 11 is_stmt 1 view .LVU33
 118              		.loc 1 144 16 is_stmt 0 view .LVU34
 119 0036 0CEBCA08 		add	r8, ip, r10, lsl #3
 120              	.LVL18:
 145:Drivers/CMSIS/DSP/Source/MatrixFunctions/arm_mat_mult_q31.c ****           b2 = *pIn2;
 121              		.loc 1 145 11 is_stmt 1 view .LVU35
 122              		.loc 1 145 14 is_stmt 0 view .LVU36
 123 003a 5CF83A20 		ldr	r2, [ip, r10, lsl #3]
 124              	.LVL19:
 146:Drivers/CMSIS/DSP/Source/MatrixFunctions/arm_mat_mult_q31.c ****           pIn2 += numColsB;
 125              		.loc 1 146 11 is_stmt 1 view .LVU37
 147:Drivers/CMSIS/DSP/Source/MatrixFunctions/arm_mat_mult_q31.c **** 
 148:Drivers/CMSIS/DSP/Source/MatrixFunctions/arm_mat_mult_q31.c ****           sum += (q63_t) a0 *b0;
 126              		.loc 1 148 11 view .LVU38
 127              		.loc 1 148 18 is_stmt 0 view .LVU39
 128 003e 4FEAE17C 		asr	ip, r1, #31
 129              		.loc 1 148 29 view .LVU40
 130 0042 4FEAE679 		asr	r9, r6, #31
 131 0046 06FB0CFC 		mul	ip, r6, ip
 132 004a 01FB09CC 		mla	ip, r1, r9, ip
 133 004e A6FB0161 		umull	r6, r1, r6, r1
 134              	.LVL20:
 135              		.loc 1 148 29 view .LVU41
 136 0052 6144     		add	r1, r1, ip
 137              		.loc 1 148 15 view .LVU42
 138 0054 F618     		adds	r6, r6, r3
ARM GAS  /var/folders/n6/c271nzx11xl4r4_m7sqjlt0m0000gn/T//ccRGdRRX.s 			page 6


 139 0056 41EB0001 		adc	r1, r1, r0
 140              	.LVL21:
 149:Drivers/CMSIS/DSP/Source/MatrixFunctions/arm_mat_mult_q31.c ****           sum += (q63_t) a1 *b1;
 141              		.loc 1 149 11 is_stmt 1 view .LVU43
 142              		.loc 1 149 18 is_stmt 0 view .LVU44
 143 005a EB17     		asrs	r3, r5, #31
 144              		.loc 1 149 29 view .LVU45
 145 005c F817     		asrs	r0, r7, #31
 146 005e 07FB03F3 		mul	r3, r7, r3
 147 0062 05FB0033 		mla	r3, r5, r0, r3
 148 0066 A7FB0557 		umull	r5, r7, r7, r5
 149              	.LVL22:
 150              		.loc 1 149 29 view .LVU46
 151 006a 1F44     		add	r7, r7, r3
 152              		.loc 1 149 15 view .LVU47
 153 006c AD19     		adds	r5, r5, r6
 154 006e 47EB0107 		adc	r7, r7, r1
 155              	.LVL23:
 150:Drivers/CMSIS/DSP/Source/MatrixFunctions/arm_mat_mult_q31.c **** 
 151:Drivers/CMSIS/DSP/Source/MatrixFunctions/arm_mat_mult_q31.c ****           a2 = *pIn1++;
 156              		.loc 1 151 11 is_stmt 1 view .LVU48
 157              		.loc 1 151 14 is_stmt 0 view .LVU49
 158 0072 A168     		ldr	r1, [r4, #8]
 159              	.LVL24:
 152:Drivers/CMSIS/DSP/Source/MatrixFunctions/arm_mat_mult_q31.c ****           a3 = *pIn1++;
 160              		.loc 1 152 11 is_stmt 1 view .LVU50
 161              		.loc 1 152 14 is_stmt 0 view .LVU51
 162 0074 E368     		ldr	r3, [r4, #12]
 163              	.LVL25:
 153:Drivers/CMSIS/DSP/Source/MatrixFunctions/arm_mat_mult_q31.c **** 
 154:Drivers/CMSIS/DSP/Source/MatrixFunctions/arm_mat_mult_q31.c ****           b3 = *pIn2;
 164              		.loc 1 154 11 is_stmt 1 view .LVU52
 165              		.loc 1 154 14 is_stmt 0 view .LVU53
 166 0076 58F82A00 		ldr	r0, [r8, r10, lsl #2]
 167              	.LVL26:
 155:Drivers/CMSIS/DSP/Source/MatrixFunctions/arm_mat_mult_q31.c ****           pIn2 += numColsB;
 168              		.loc 1 155 11 is_stmt 1 view .LVU54
 169              		.loc 1 155 16 is_stmt 0 view .LVU55
 170 007a 08EBCA0C 		add	ip, r8, r10, lsl #3
 171              	.LVL27:
 156:Drivers/CMSIS/DSP/Source/MatrixFunctions/arm_mat_mult_q31.c **** 
 157:Drivers/CMSIS/DSP/Source/MatrixFunctions/arm_mat_mult_q31.c ****           sum += (q63_t) a2 *b2;
 172              		.loc 1 157 11 is_stmt 1 view .LVU56
 173              		.loc 1 157 18 is_stmt 0 view .LVU57
 174 007e CE17     		asrs	r6, r1, #31
 175              		.loc 1 157 29 view .LVU58
 176 0080 4FEAE278 		asr	r8, r2, #31
 177 0084 02FB06F6 		mul	r6, r2, r6
 178 0088 01FB0866 		mla	r6, r1, r8, r6
 179 008c A2FB0121 		umull	r2, r1, r2, r1
 180              	.LVL28:
 181              		.loc 1 157 29 view .LVU59
 182 0090 3144     		add	r1, r1, r6
 183              		.loc 1 157 15 view .LVU60
 184 0092 5219     		adds	r2, r2, r5
 185 0094 41EB0701 		adc	r1, r1, r7
 186              	.LVL29:
ARM GAS  /var/folders/n6/c271nzx11xl4r4_m7sqjlt0m0000gn/T//ccRGdRRX.s 			page 7


 158:Drivers/CMSIS/DSP/Source/MatrixFunctions/arm_mat_mult_q31.c ****           sum += (q63_t) a3 *b3;
 187              		.loc 1 158 11 is_stmt 1 view .LVU61
 188              		.loc 1 158 18 is_stmt 0 view .LVU62
 189 0098 DD17     		asrs	r5, r3, #31
 190              		.loc 1 158 29 view .LVU63
 191 009a C617     		asrs	r6, r0, #31
 192 009c 00FB05F5 		mul	r5, r0, r5
 193 00a0 03FB0655 		mla	r5, r3, r6, r5
 194 00a4 A0FB0330 		umull	r3, r0, r0, r3
 195              	.LVL30:
 196              		.loc 1 158 29 view .LVU64
 197 00a8 2844     		add	r0, r0, r5
 198              		.loc 1 158 15 view .LVU65
 199 00aa 9B18     		adds	r3, r3, r2
 200 00ac 40EB0100 		adc	r0, r0, r1
 201              	.LVL31:
 159:Drivers/CMSIS/DSP/Source/MatrixFunctions/arm_mat_mult_q31.c **** 
 160:Drivers/CMSIS/DSP/Source/MatrixFunctions/arm_mat_mult_q31.c ****           /* Decrement the loop counter */
 161:Drivers/CMSIS/DSP/Source/MatrixFunctions/arm_mat_mult_q31.c ****           colCnt--;
 202              		.loc 1 161 11 is_stmt 1 view .LVU66
 203              		.loc 1 161 17 is_stmt 0 view .LVU67
 204 00b0 0EF1FF3E 		add	lr, lr, #-1
 205              	.LVL32:
 206              		.loc 1 161 17 view .LVU68
 207 00b4 1FFA8EFE 		uxth	lr, lr
 208              	.LVL33:
 152:Drivers/CMSIS/DSP/Source/MatrixFunctions/arm_mat_mult_q31.c **** 
 209              		.loc 1 152 21 view .LVU69
 210 00b8 1034     		adds	r4, r4, #16
 211              	.LVL34:
 212              	.L2:
 133:Drivers/CMSIS/DSP/Source/MatrixFunctions/arm_mat_mult_q31.c ****         {
 213              		.loc 1 133 23 is_stmt 1 view .LVU70
 214 00ba BEF1000F 		cmp	lr, #0
 215 00be B4D1     		bne	.L3
 162:Drivers/CMSIS/DSP/Source/MatrixFunctions/arm_mat_mult_q31.c ****         }
 163:Drivers/CMSIS/DSP/Source/MatrixFunctions/arm_mat_mult_q31.c **** 
 164:Drivers/CMSIS/DSP/Source/MatrixFunctions/arm_mat_mult_q31.c ****         /* If the columns of pSrcA is not a multiple of 4, compute any remaining output samples her
 165:Drivers/CMSIS/DSP/Source/MatrixFunctions/arm_mat_mult_q31.c ****          ** No loop unrolling is used. */
 166:Drivers/CMSIS/DSP/Source/MatrixFunctions/arm_mat_mult_q31.c ****         colCnt = numColsA % 0x4U;
 216              		.loc 1 166 16 is_stmt 0 view .LVU71
 217 00c0 DDF80480 		ldr	r8, [sp, #4]
 218 00c4 029E     		ldr	r6, [sp, #8]
 219 00c6 039A     		ldr	r2, [sp, #12]
 220              		.loc 1 166 9 is_stmt 1 view .LVU72
 221              		.loc 1 166 16 is_stmt 0 view .LVU73
 222 00c8 02F00307 		and	r7, r2, #3
 223              	.LVL35:
 167:Drivers/CMSIS/DSP/Source/MatrixFunctions/arm_mat_mult_q31.c **** 
 168:Drivers/CMSIS/DSP/Source/MatrixFunctions/arm_mat_mult_q31.c ****         while (colCnt > 0U)
 224              		.loc 1 168 9 is_stmt 1 view .LVU74
 225              		.loc 1 168 15 is_stmt 0 view .LVU75
 226 00cc 16E0     		b	.L4
 227              	.L5:
 169:Drivers/CMSIS/DSP/Source/MatrixFunctions/arm_mat_mult_q31.c ****         {
 170:Drivers/CMSIS/DSP/Source/MatrixFunctions/arm_mat_mult_q31.c ****           /* c(m,n) = a(1,1)*b(1,1) + a(1,2) * b(2,1) + .... + a(m,p)*b(p,n) */
 171:Drivers/CMSIS/DSP/Source/MatrixFunctions/arm_mat_mult_q31.c ****           /* Perform the multiply-accumulates */
ARM GAS  /var/folders/n6/c271nzx11xl4r4_m7sqjlt0m0000gn/T//ccRGdRRX.s 			page 8


 172:Drivers/CMSIS/DSP/Source/MatrixFunctions/arm_mat_mult_q31.c ****           sum += (q63_t) * pIn1++ * *pIn2;
 228              		.loc 1 172 11 is_stmt 1 view .LVU76
 229              	.LVL36:
 230              		.loc 1 172 26 is_stmt 0 view .LVU77
 231 00ce 54F8041B 		ldr	r1, [r4], #4
 232              	.LVL37:
 233              		.loc 1 172 18 view .LVU78
 234 00d2 4FEAE179 		asr	r9, r1, #31
 235              		.loc 1 172 37 view .LVU79
 236 00d6 DCF80050 		ldr	r5, [ip]
 237 00da 4FEAE57E 		asr	lr, r5, #31
 238              		.loc 1 172 35 view .LVU80
 239 00de 01FB0EFE 		mul	lr, r1, lr
 240 00e2 05FB09EE 		mla	lr, r5, r9, lr
 241 00e6 A1FB0515 		umull	r1, r5, r1, r5
 242 00ea 7544     		add	r5, r5, lr
 243              		.loc 1 172 15 view .LVU81
 244 00ec 5918     		adds	r1, r3, r1
 245 00ee 0B46     		mov	r3, r1
 246              	.LVL38:
 247              		.loc 1 172 15 view .LVU82
 248 00f0 45EB0000 		adc	r0, r5, r0
 249              	.LVL39:
 173:Drivers/CMSIS/DSP/Source/MatrixFunctions/arm_mat_mult_q31.c ****           pIn2 += numColsB;
 250              		.loc 1 173 11 is_stmt 1 view .LVU83
 251              		.loc 1 173 16 is_stmt 0 view .LVU84
 252 00f4 0CEB8A0C 		add	ip, ip, r10, lsl #2
 253              	.LVL40:
 174:Drivers/CMSIS/DSP/Source/MatrixFunctions/arm_mat_mult_q31.c **** 
 175:Drivers/CMSIS/DSP/Source/MatrixFunctions/arm_mat_mult_q31.c ****           /* Decrement the loop counter */
 176:Drivers/CMSIS/DSP/Source/MatrixFunctions/arm_mat_mult_q31.c ****           colCnt--;
 254              		.loc 1 176 11 is_stmt 1 view .LVU85
 255              		.loc 1 176 17 is_stmt 0 view .LVU86
 256 00f8 013F     		subs	r7, r7, #1
 257              	.LVL41:
 258              		.loc 1 176 17 view .LVU87
 259 00fa BFB2     		uxth	r7, r7
 260              	.LVL42:
 261              	.L4:
 168:Drivers/CMSIS/DSP/Source/MatrixFunctions/arm_mat_mult_q31.c ****         {
 262              		.loc 1 168 23 is_stmt 1 view .LVU88
 263 00fc 002F     		cmp	r7, #0
 264 00fe E6D1     		bne	.L5
 177:Drivers/CMSIS/DSP/Source/MatrixFunctions/arm_mat_mult_q31.c ****         }
 178:Drivers/CMSIS/DSP/Source/MatrixFunctions/arm_mat_mult_q31.c **** 
 179:Drivers/CMSIS/DSP/Source/MatrixFunctions/arm_mat_mult_q31.c ****         /* Convert the result from 2.62 to 1.31 format and store in destination buffer */
 180:Drivers/CMSIS/DSP/Source/MatrixFunctions/arm_mat_mult_q31.c ****         *px++ = (q31_t) (sum >> 31);
 265              		.loc 1 180 9 view .LVU89
 266              		.loc 1 180 30 is_stmt 0 view .LVU90
 267 0100 DB0F     		lsrs	r3, r3, #31
 268              	.LVL43:
 269              		.loc 1 180 30 view .LVU91
 270 0102 43EA4003 		orr	r3, r3, r0, lsl #1
 271              		.loc 1 180 12 view .LVU92
 272 0106 0498     		ldr	r0, [sp, #16]
 273              	.LVL44:
 274              		.loc 1 180 15 view .LVU93
ARM GAS  /var/folders/n6/c271nzx11xl4r4_m7sqjlt0m0000gn/T//ccRGdRRX.s 			page 9


 275 0108 40F8043B 		str	r3, [r0], #4
 276              	.LVL45:
 181:Drivers/CMSIS/DSP/Source/MatrixFunctions/arm_mat_mult_q31.c **** 
 182:Drivers/CMSIS/DSP/Source/MatrixFunctions/arm_mat_mult_q31.c ****         /* Update the pointer pIn2 to point to the  starting address of the next column */
 183:Drivers/CMSIS/DSP/Source/MatrixFunctions/arm_mat_mult_q31.c ****         j++;
 277              		.loc 1 183 9 is_stmt 1 view .LVU94
 278              		.loc 1 183 10 is_stmt 0 view .LVU95
 279 010c 08F10108 		add	r8, r8, #1
 280 0110 1FFA88F8 		uxth	r8, r8
 281              	.LVL46:
 184:Drivers/CMSIS/DSP/Source/MatrixFunctions/arm_mat_mult_q31.c ****         pIn2 = (pSrcB->pData) + j;
 282              		.loc 1 184 9 is_stmt 1 view .LVU96
 283              		.loc 1 184 22 is_stmt 0 view .LVU97
 284 0114 DBF80430 		ldr	r3, [fp, #4]
 285              		.loc 1 184 14 view .LVU98
 286 0118 03EB880C 		add	ip, r3, r8, lsl #2
 287              	.LVL47:
 185:Drivers/CMSIS/DSP/Source/MatrixFunctions/arm_mat_mult_q31.c **** 
 186:Drivers/CMSIS/DSP/Source/MatrixFunctions/arm_mat_mult_q31.c ****         /* Decrement the column loop counter */
 187:Drivers/CMSIS/DSP/Source/MatrixFunctions/arm_mat_mult_q31.c ****         col--;
 288              		.loc 1 187 9 is_stmt 1 view .LVU99
 289              		.loc 1 187 12 is_stmt 0 view .LVU100
 290 011c 009B     		ldr	r3, [sp]
 291 011e 013B     		subs	r3, r3, #1
 292 0120 9BB2     		uxth	r3, r3
 293 0122 0093     		str	r3, [sp]
 294              	.LVL48:
 188:Drivers/CMSIS/DSP/Source/MatrixFunctions/arm_mat_mult_q31.c **** 
 189:Drivers/CMSIS/DSP/Source/MatrixFunctions/arm_mat_mult_q31.c ****       } while (col > 0U);
 295              		.loc 1 189 20 is_stmt 1 view .LVU101
 296 0124 53B1     		cbz	r3, .L10
 180:Drivers/CMSIS/DSP/Source/MatrixFunctions/arm_mat_mult_q31.c **** 
 297              		.loc 1 180 12 is_stmt 0 view .LVU102
 298 0126 0490     		str	r0, [sp, #16]
 299              	.LVL49:
 300              	.L6:
 120:Drivers/CMSIS/DSP/Source/MatrixFunctions/arm_mat_mult_q31.c ****       {
 301              		.loc 1 120 7 is_stmt 1 view .LVU103
 123:Drivers/CMSIS/DSP/Source/MatrixFunctions/arm_mat_mult_q31.c **** 
 302              		.loc 1 123 9 view .LVU104
 126:Drivers/CMSIS/DSP/Source/MatrixFunctions/arm_mat_mult_q31.c **** 
 303              		.loc 1 126 9 view .LVU105
 129:Drivers/CMSIS/DSP/Source/MatrixFunctions/arm_mat_mult_q31.c **** 
 304              		.loc 1 129 9 view .LVU106
 129:Drivers/CMSIS/DSP/Source/MatrixFunctions/arm_mat_mult_q31.c **** 
 305              		.loc 1 129 16 is_stmt 0 view .LVU107
 306 0128 9108     		lsrs	r1, r2, #2
 307              	.LVL50:
 133:Drivers/CMSIS/DSP/Source/MatrixFunctions/arm_mat_mult_q31.c ****         {
 308              		.loc 1 133 9 is_stmt 1 view .LVU108
 126:Drivers/CMSIS/DSP/Source/MatrixFunctions/arm_mat_mult_q31.c **** 
 309              		.loc 1 126 14 is_stmt 0 view .LVU109
 310 012a 059C     		ldr	r4, [sp, #20]
 123:Drivers/CMSIS/DSP/Source/MatrixFunctions/arm_mat_mult_q31.c **** 
 311              		.loc 1 123 13 view .LVU110
 312 012c 0023     		movs	r3, #0
 313 012e 1846     		mov	r0, r3
ARM GAS  /var/folders/n6/c271nzx11xl4r4_m7sqjlt0m0000gn/T//ccRGdRRX.s 			page 10


 314 0130 CDF80480 		str	r8, [sp, #4]
 315 0134 8E46     		mov	lr, r1
 316 0136 0296     		str	r6, [sp, #8]
 317 0138 0392     		str	r2, [sp, #12]
 133:Drivers/CMSIS/DSP/Source/MatrixFunctions/arm_mat_mult_q31.c ****         {
 318              		.loc 1 133 15 view .LVU111
 319 013a BEE7     		b	.L2
 320              	.LVL51:
 321              	.L10:
 190:Drivers/CMSIS/DSP/Source/MatrixFunctions/arm_mat_mult_q31.c **** 
 191:Drivers/CMSIS/DSP/Source/MatrixFunctions/arm_mat_mult_q31.c **** #else
 192:Drivers/CMSIS/DSP/Source/MatrixFunctions/arm_mat_mult_q31.c **** 
 193:Drivers/CMSIS/DSP/Source/MatrixFunctions/arm_mat_mult_q31.c ****   /* Run the below code for Cortex-M0 */
 194:Drivers/CMSIS/DSP/Source/MatrixFunctions/arm_mat_mult_q31.c **** 
 195:Drivers/CMSIS/DSP/Source/MatrixFunctions/arm_mat_mult_q31.c ****   q31_t *pInB = pSrcB->pData;                    /* input data matrix pointer B */
 196:Drivers/CMSIS/DSP/Source/MatrixFunctions/arm_mat_mult_q31.c ****   uint16_t col, i = 0U, row = numRowsA, colCnt;  /* loop counters */
 197:Drivers/CMSIS/DSP/Source/MatrixFunctions/arm_mat_mult_q31.c ****   arm_status status;                             /* status of matrix multiplication */
 198:Drivers/CMSIS/DSP/Source/MatrixFunctions/arm_mat_mult_q31.c **** 
 199:Drivers/CMSIS/DSP/Source/MatrixFunctions/arm_mat_mult_q31.c **** 
 200:Drivers/CMSIS/DSP/Source/MatrixFunctions/arm_mat_mult_q31.c **** #ifdef ARM_MATH_MATRIX_CHECK
 201:Drivers/CMSIS/DSP/Source/MatrixFunctions/arm_mat_mult_q31.c **** 
 202:Drivers/CMSIS/DSP/Source/MatrixFunctions/arm_mat_mult_q31.c ****   /* Check for matrix mismatch condition */
 203:Drivers/CMSIS/DSP/Source/MatrixFunctions/arm_mat_mult_q31.c ****   if ((pSrcA->numCols != pSrcB->numRows) ||
 204:Drivers/CMSIS/DSP/Source/MatrixFunctions/arm_mat_mult_q31.c ****      (pSrcA->numRows != pDst->numRows) || (pSrcB->numCols != pDst->numCols))
 205:Drivers/CMSIS/DSP/Source/MatrixFunctions/arm_mat_mult_q31.c ****   {
 206:Drivers/CMSIS/DSP/Source/MatrixFunctions/arm_mat_mult_q31.c ****     /* Set status as ARM_MATH_SIZE_MISMATCH */
 207:Drivers/CMSIS/DSP/Source/MatrixFunctions/arm_mat_mult_q31.c ****     status = ARM_MATH_SIZE_MISMATCH;
 208:Drivers/CMSIS/DSP/Source/MatrixFunctions/arm_mat_mult_q31.c ****   }
 209:Drivers/CMSIS/DSP/Source/MatrixFunctions/arm_mat_mult_q31.c ****   else
 210:Drivers/CMSIS/DSP/Source/MatrixFunctions/arm_mat_mult_q31.c **** #endif /*    #ifdef ARM_MATH_MATRIX_CHECK    */
 211:Drivers/CMSIS/DSP/Source/MatrixFunctions/arm_mat_mult_q31.c **** 
 212:Drivers/CMSIS/DSP/Source/MatrixFunctions/arm_mat_mult_q31.c ****   {
 213:Drivers/CMSIS/DSP/Source/MatrixFunctions/arm_mat_mult_q31.c ****     /* The following loop performs the dot-product of each row in pSrcA with each column in pSrcB *
 214:Drivers/CMSIS/DSP/Source/MatrixFunctions/arm_mat_mult_q31.c ****     /* row loop */
 215:Drivers/CMSIS/DSP/Source/MatrixFunctions/arm_mat_mult_q31.c ****     do
 216:Drivers/CMSIS/DSP/Source/MatrixFunctions/arm_mat_mult_q31.c ****     {
 217:Drivers/CMSIS/DSP/Source/MatrixFunctions/arm_mat_mult_q31.c ****       /* Output pointer is set to starting address of the row being processed */
 218:Drivers/CMSIS/DSP/Source/MatrixFunctions/arm_mat_mult_q31.c ****       px = pOut + i;
 219:Drivers/CMSIS/DSP/Source/MatrixFunctions/arm_mat_mult_q31.c **** 
 220:Drivers/CMSIS/DSP/Source/MatrixFunctions/arm_mat_mult_q31.c ****       /* For every row wise process, the column loop counter is to be initiated */
 221:Drivers/CMSIS/DSP/Source/MatrixFunctions/arm_mat_mult_q31.c ****       col = numColsB;
 222:Drivers/CMSIS/DSP/Source/MatrixFunctions/arm_mat_mult_q31.c **** 
 223:Drivers/CMSIS/DSP/Source/MatrixFunctions/arm_mat_mult_q31.c ****       /* For every row wise process, the pIn2 pointer is set
 224:Drivers/CMSIS/DSP/Source/MatrixFunctions/arm_mat_mult_q31.c ****        ** to the starting address of the pSrcB data */
 225:Drivers/CMSIS/DSP/Source/MatrixFunctions/arm_mat_mult_q31.c ****       pIn2 = pSrcB->pData;
 226:Drivers/CMSIS/DSP/Source/MatrixFunctions/arm_mat_mult_q31.c **** 
 227:Drivers/CMSIS/DSP/Source/MatrixFunctions/arm_mat_mult_q31.c ****       /* column loop */
 228:Drivers/CMSIS/DSP/Source/MatrixFunctions/arm_mat_mult_q31.c ****       do
 229:Drivers/CMSIS/DSP/Source/MatrixFunctions/arm_mat_mult_q31.c ****       {
 230:Drivers/CMSIS/DSP/Source/MatrixFunctions/arm_mat_mult_q31.c ****         /* Set the variable sum, that acts as accumulator, to zero */
 231:Drivers/CMSIS/DSP/Source/MatrixFunctions/arm_mat_mult_q31.c ****         sum = 0;
 232:Drivers/CMSIS/DSP/Source/MatrixFunctions/arm_mat_mult_q31.c **** 
 233:Drivers/CMSIS/DSP/Source/MatrixFunctions/arm_mat_mult_q31.c ****         /* Initiate the pointer pIn1 to point to the starting address of pInA */
 234:Drivers/CMSIS/DSP/Source/MatrixFunctions/arm_mat_mult_q31.c ****         pIn1 = pInA;
 235:Drivers/CMSIS/DSP/Source/MatrixFunctions/arm_mat_mult_q31.c **** 
 236:Drivers/CMSIS/DSP/Source/MatrixFunctions/arm_mat_mult_q31.c ****         /* Matrix A columns number of MAC operations are to be performed */
 237:Drivers/CMSIS/DSP/Source/MatrixFunctions/arm_mat_mult_q31.c ****         colCnt = numColsA;
ARM GAS  /var/folders/n6/c271nzx11xl4r4_m7sqjlt0m0000gn/T//ccRGdRRX.s 			page 11


 238:Drivers/CMSIS/DSP/Source/MatrixFunctions/arm_mat_mult_q31.c **** 
 239:Drivers/CMSIS/DSP/Source/MatrixFunctions/arm_mat_mult_q31.c ****         /* matrix multiplication */
 240:Drivers/CMSIS/DSP/Source/MatrixFunctions/arm_mat_mult_q31.c ****         while (colCnt > 0U)
 241:Drivers/CMSIS/DSP/Source/MatrixFunctions/arm_mat_mult_q31.c ****         {
 242:Drivers/CMSIS/DSP/Source/MatrixFunctions/arm_mat_mult_q31.c ****           /* c(m,n) = a(1,1)*b(1,1) + a(1,2) * b(2,1) + .... + a(m,p)*b(p,n) */
 243:Drivers/CMSIS/DSP/Source/MatrixFunctions/arm_mat_mult_q31.c ****           /* Perform the multiply-accumulates */
 244:Drivers/CMSIS/DSP/Source/MatrixFunctions/arm_mat_mult_q31.c ****           sum += (q63_t) * pIn1++ * *pIn2;
 245:Drivers/CMSIS/DSP/Source/MatrixFunctions/arm_mat_mult_q31.c ****           pIn2 += numColsB;
 246:Drivers/CMSIS/DSP/Source/MatrixFunctions/arm_mat_mult_q31.c **** 
 247:Drivers/CMSIS/DSP/Source/MatrixFunctions/arm_mat_mult_q31.c ****           /* Decrement the loop counter */
 248:Drivers/CMSIS/DSP/Source/MatrixFunctions/arm_mat_mult_q31.c ****           colCnt--;
 249:Drivers/CMSIS/DSP/Source/MatrixFunctions/arm_mat_mult_q31.c ****         }
 250:Drivers/CMSIS/DSP/Source/MatrixFunctions/arm_mat_mult_q31.c **** 
 251:Drivers/CMSIS/DSP/Source/MatrixFunctions/arm_mat_mult_q31.c ****         /* Convert the result from 2.62 to 1.31 format and store in destination buffer */
 252:Drivers/CMSIS/DSP/Source/MatrixFunctions/arm_mat_mult_q31.c ****         *px++ = (q31_t) clip_q63_to_q31(sum >> 31);
 253:Drivers/CMSIS/DSP/Source/MatrixFunctions/arm_mat_mult_q31.c **** 
 254:Drivers/CMSIS/DSP/Source/MatrixFunctions/arm_mat_mult_q31.c ****         /* Decrement the column loop counter */
 255:Drivers/CMSIS/DSP/Source/MatrixFunctions/arm_mat_mult_q31.c ****         col--;
 256:Drivers/CMSIS/DSP/Source/MatrixFunctions/arm_mat_mult_q31.c **** 
 257:Drivers/CMSIS/DSP/Source/MatrixFunctions/arm_mat_mult_q31.c ****         /* Update the pointer pIn2 to point to the  starting address of the next column */
 258:Drivers/CMSIS/DSP/Source/MatrixFunctions/arm_mat_mult_q31.c ****         pIn2 = pInB + (numColsB - col);
 259:Drivers/CMSIS/DSP/Source/MatrixFunctions/arm_mat_mult_q31.c **** 
 260:Drivers/CMSIS/DSP/Source/MatrixFunctions/arm_mat_mult_q31.c ****       } while (col > 0U);
 261:Drivers/CMSIS/DSP/Source/MatrixFunctions/arm_mat_mult_q31.c **** 
 262:Drivers/CMSIS/DSP/Source/MatrixFunctions/arm_mat_mult_q31.c **** #endif
 263:Drivers/CMSIS/DSP/Source/MatrixFunctions/arm_mat_mult_q31.c **** 
 264:Drivers/CMSIS/DSP/Source/MatrixFunctions/arm_mat_mult_q31.c ****       /* Update the pointer pInA to point to the  starting address of the next row */
 265:Drivers/CMSIS/DSP/Source/MatrixFunctions/arm_mat_mult_q31.c ****       i = i + numColsB;
 322              		.loc 1 265 9 view .LVU112
 323 013c 059D     		ldr	r5, [sp, #20]
 324 013e 0698     		ldr	r0, [sp, #24]
 325              	.LVL52:
 326              		.loc 1 265 9 view .LVU113
 327 0140 079C     		ldr	r4, [sp, #28]
 328              	.LVL53:
 329              		.loc 1 265 7 is_stmt 1 view .LVU114
 330              		.loc 1 265 9 is_stmt 0 view .LVU115
 331 0142 00EB0A03 		add	r3, r0, r10
 332              	.LVL54:
 333              		.loc 1 265 9 view .LVU116
 334 0146 98B2     		uxth	r0, r3
 335              	.LVL55:
 266:Drivers/CMSIS/DSP/Source/MatrixFunctions/arm_mat_mult_q31.c ****       pInA = pInA + numColsA;
 336              		.loc 1 266 7 is_stmt 1 view .LVU117
 337              		.loc 1 266 12 is_stmt 0 view .LVU118
 338 0148 05EB8205 		add	r5, r5, r2, lsl #2
 339              	.LVL56:
 267:Drivers/CMSIS/DSP/Source/MatrixFunctions/arm_mat_mult_q31.c **** 
 268:Drivers/CMSIS/DSP/Source/MatrixFunctions/arm_mat_mult_q31.c ****       /* Decrement the row loop counter */
 269:Drivers/CMSIS/DSP/Source/MatrixFunctions/arm_mat_mult_q31.c ****       row--;
 340              		.loc 1 269 7 is_stmt 1 view .LVU119
 341              		.loc 1 269 10 is_stmt 0 view .LVU120
 342 014c 631E     		subs	r3, r4, #1
 343 014e 9CB2     		uxth	r4, r3
 344              	.LVL57:
 270:Drivers/CMSIS/DSP/Source/MatrixFunctions/arm_mat_mult_q31.c **** 
 271:Drivers/CMSIS/DSP/Source/MatrixFunctions/arm_mat_mult_q31.c ****     } while (row > 0U);
ARM GAS  /var/folders/n6/c271nzx11xl4r4_m7sqjlt0m0000gn/T//ccRGdRRX.s 			page 12


 345              		.loc 1 271 18 is_stmt 1 view .LVU121
 346 0150 64B1     		cbz	r4, .L11
 347              	.LVL58:
 348              	.L7:
  86:Drivers/CMSIS/DSP/Source/MatrixFunctions/arm_mat_mult_q31.c ****   q31_t a0, a1, a2, a3, b0, b1, b2, b3;
 349              		.loc 1 86 3 view .LVU122
  87:Drivers/CMSIS/DSP/Source/MatrixFunctions/arm_mat_mult_q31.c **** 
 350              		.loc 1 87 3 view .LVU123
 105:Drivers/CMSIS/DSP/Source/MatrixFunctions/arm_mat_mult_q31.c ****     {
 351              		.loc 1 105 5 view .LVU124
 108:Drivers/CMSIS/DSP/Source/MatrixFunctions/arm_mat_mult_q31.c **** 
 352              		.loc 1 108 7 view .LVU125
 108:Drivers/CMSIS/DSP/Source/MatrixFunctions/arm_mat_mult_q31.c **** 
 353              		.loc 1 108 10 is_stmt 0 view .LVU126
 354 0152 06EB8001 		add	r1, r6, r0, lsl #2
 355              	.LVL59:
 111:Drivers/CMSIS/DSP/Source/MatrixFunctions/arm_mat_mult_q31.c **** 
 356              		.loc 1 111 7 is_stmt 1 view .LVU127
 115:Drivers/CMSIS/DSP/Source/MatrixFunctions/arm_mat_mult_q31.c **** 
 357              		.loc 1 115 7 view .LVU128
 115:Drivers/CMSIS/DSP/Source/MatrixFunctions/arm_mat_mult_q31.c **** 
 358              		.loc 1 115 12 is_stmt 0 view .LVU129
 359 0156 DBF804C0 		ldr	ip, [fp, #4]
 360              	.LVL60:
 117:Drivers/CMSIS/DSP/Source/MatrixFunctions/arm_mat_mult_q31.c **** 
 361              		.loc 1 117 7 is_stmt 1 view .LVU130
 117:Drivers/CMSIS/DSP/Source/MatrixFunctions/arm_mat_mult_q31.c **** 
 362              		.loc 1 117 9 is_stmt 0 view .LVU131
 363 015a 4FF00008 		mov	r8, #0
 364 015e 0595     		str	r5, [sp, #20]
 365 0160 0491     		str	r1, [sp, #16]
 366 0162 CDF800A0 		str	r10, [sp]
 367 0166 0690     		str	r0, [sp, #24]
 368 0168 0794     		str	r4, [sp, #28]
 369 016a DDE7     		b	.L6
 370              	.LVL61:
 371              	.L11:
 272:Drivers/CMSIS/DSP/Source/MatrixFunctions/arm_mat_mult_q31.c **** 
 273:Drivers/CMSIS/DSP/Source/MatrixFunctions/arm_mat_mult_q31.c ****     /* set status as ARM_MATH_SUCCESS */
 274:Drivers/CMSIS/DSP/Source/MatrixFunctions/arm_mat_mult_q31.c ****     status = ARM_MATH_SUCCESS;
 372              		.loc 1 274 5 is_stmt 1 view .LVU132
 275:Drivers/CMSIS/DSP/Source/MatrixFunctions/arm_mat_mult_q31.c ****   }
 276:Drivers/CMSIS/DSP/Source/MatrixFunctions/arm_mat_mult_q31.c ****   /* Return to application */
 277:Drivers/CMSIS/DSP/Source/MatrixFunctions/arm_mat_mult_q31.c ****   return (status);
 373              		.loc 1 277 3 view .LVU133
 278:Drivers/CMSIS/DSP/Source/MatrixFunctions/arm_mat_mult_q31.c **** }
 374              		.loc 1 278 1 is_stmt 0 view .LVU134
 375 016c 0020     		movs	r0, #0
 376              	.LVL62:
 377              		.loc 1 278 1 view .LVU135
 378 016e 09B0     		add	sp, sp, #36
 379              		.cfi_def_cfa_offset 36
 380              	.LVL63:
 381              		.loc 1 278 1 view .LVU136
 382              		@ sp needed
 383 0170 BDE8F08F 		pop	{r4, r5, r6, r7, r8, r9, r10, fp, pc}
 384              		.loc 1 278 1 view .LVU137
ARM GAS  /var/folders/n6/c271nzx11xl4r4_m7sqjlt0m0000gn/T//ccRGdRRX.s 			page 13


 385              		.cfi_endproc
 386              	.LFE135:
 388              		.text
 389              	.Letext0:
 390              		.file 2 "/Users/killian/Library/Application Support/Code/User/globalStorage/bmd.stm32-for-vscode/@
 391              		.file 3 "/Users/killian/Library/Application Support/Code/User/globalStorage/bmd.stm32-for-vscode/@
 392              		.file 4 "Drivers/CMSIS/DSP/Include/arm_math.h"
ARM GAS  /var/folders/n6/c271nzx11xl4r4_m7sqjlt0m0000gn/T//ccRGdRRX.s 			page 14


DEFINED SYMBOLS
                            *ABS*:00000000 arm_mat_mult_q31.c
/var/folders/n6/c271nzx11xl4r4_m7sqjlt0m0000gn/T//ccRGdRRX.s:20     .text.arm_mat_mult_q31:00000000 $t
/var/folders/n6/c271nzx11xl4r4_m7sqjlt0m0000gn/T//ccRGdRRX.s:26     .text.arm_mat_mult_q31:00000000 arm_mat_mult_q31

NO UNDEFINED SYMBOLS
