ARM GAS  /var/folders/n6/c271nzx11xl4r4_m7sqjlt0m0000gn/T//ccxNNaKZ.s 			page 1


   1              		.cpu cortex-m7
   2              		.arch armv7e-m
   3              		.fpu fpv5-d16
   4              		.eabi_attribute 28, 1
   5              		.eabi_attribute 20, 1
   6              		.eabi_attribute 21, 1
   7              		.eabi_attribute 23, 3
   8              		.eabi_attribute 24, 1
   9              		.eabi_attribute 25, 1
  10              		.eabi_attribute 26, 1
  11              		.eabi_attribute 30, 1
  12              		.eabi_attribute 34, 1
  13              		.eabi_attribute 18, 4
  14              		.file	"arm_fill_q15.c"
  15              		.text
  16              	.Ltext0:
  17              		.cfi_sections	.debug_frame
  18              		.file 1 "Drivers/CMSIS/DSP/Source/SupportFunctions/arm_fill_q15.c"
  19              		.section	.text.arm_fill_q15,"ax",%progbits
  20              		.align	1
  21              		.global	arm_fill_q15
  22              		.syntax unified
  23              		.thumb
  24              		.thumb_func
  26              	arm_fill_q15:
  27              	.LVL0:
  28              	.LFB135:
   1:Drivers/CMSIS/DSP/Source/SupportFunctions/arm_fill_q15.c **** /* ----------------------------------------------------------------------
   2:Drivers/CMSIS/DSP/Source/SupportFunctions/arm_fill_q15.c ****  * Project:      CMSIS DSP Library
   3:Drivers/CMSIS/DSP/Source/SupportFunctions/arm_fill_q15.c ****  * Title:        arm_fill_q15.c
   4:Drivers/CMSIS/DSP/Source/SupportFunctions/arm_fill_q15.c ****  * Description:  Fills a constant value into a Q15 vector
   5:Drivers/CMSIS/DSP/Source/SupportFunctions/arm_fill_q15.c ****  *
   6:Drivers/CMSIS/DSP/Source/SupportFunctions/arm_fill_q15.c ****  * $Date:        27. January 2017
   7:Drivers/CMSIS/DSP/Source/SupportFunctions/arm_fill_q15.c ****  * $Revision:    V.1.5.1
   8:Drivers/CMSIS/DSP/Source/SupportFunctions/arm_fill_q15.c ****  *
   9:Drivers/CMSIS/DSP/Source/SupportFunctions/arm_fill_q15.c ****  * Target Processor: Cortex-M cores
  10:Drivers/CMSIS/DSP/Source/SupportFunctions/arm_fill_q15.c ****  * -------------------------------------------------------------------- */
  11:Drivers/CMSIS/DSP/Source/SupportFunctions/arm_fill_q15.c **** /*
  12:Drivers/CMSIS/DSP/Source/SupportFunctions/arm_fill_q15.c ****  * Copyright (C) 2010-2017 ARM Limited or its affiliates. All rights reserved.
  13:Drivers/CMSIS/DSP/Source/SupportFunctions/arm_fill_q15.c ****  *
  14:Drivers/CMSIS/DSP/Source/SupportFunctions/arm_fill_q15.c ****  * SPDX-License-Identifier: Apache-2.0
  15:Drivers/CMSIS/DSP/Source/SupportFunctions/arm_fill_q15.c ****  *
  16:Drivers/CMSIS/DSP/Source/SupportFunctions/arm_fill_q15.c ****  * Licensed under the Apache License, Version 2.0 (the License); you may
  17:Drivers/CMSIS/DSP/Source/SupportFunctions/arm_fill_q15.c ****  * not use this file except in compliance with the License.
  18:Drivers/CMSIS/DSP/Source/SupportFunctions/arm_fill_q15.c ****  * You may obtain a copy of the License at
  19:Drivers/CMSIS/DSP/Source/SupportFunctions/arm_fill_q15.c ****  *
  20:Drivers/CMSIS/DSP/Source/SupportFunctions/arm_fill_q15.c ****  * www.apache.org/licenses/LICENSE-2.0
  21:Drivers/CMSIS/DSP/Source/SupportFunctions/arm_fill_q15.c ****  *
  22:Drivers/CMSIS/DSP/Source/SupportFunctions/arm_fill_q15.c ****  * Unless required by applicable law or agreed to in writing, software
  23:Drivers/CMSIS/DSP/Source/SupportFunctions/arm_fill_q15.c ****  * distributed under the License is distributed on an AS IS BASIS, WITHOUT
  24:Drivers/CMSIS/DSP/Source/SupportFunctions/arm_fill_q15.c ****  * WARRANTIES OR CONDITIONS OF ANY KIND, either express or implied.
  25:Drivers/CMSIS/DSP/Source/SupportFunctions/arm_fill_q15.c ****  * See the License for the specific language governing permissions and
  26:Drivers/CMSIS/DSP/Source/SupportFunctions/arm_fill_q15.c ****  * limitations under the License.
  27:Drivers/CMSIS/DSP/Source/SupportFunctions/arm_fill_q15.c ****  */
  28:Drivers/CMSIS/DSP/Source/SupportFunctions/arm_fill_q15.c **** 
  29:Drivers/CMSIS/DSP/Source/SupportFunctions/arm_fill_q15.c **** #include "arm_math.h"
  30:Drivers/CMSIS/DSP/Source/SupportFunctions/arm_fill_q15.c **** 
ARM GAS  /var/folders/n6/c271nzx11xl4r4_m7sqjlt0m0000gn/T//ccxNNaKZ.s 			page 2


  31:Drivers/CMSIS/DSP/Source/SupportFunctions/arm_fill_q15.c **** /**
  32:Drivers/CMSIS/DSP/Source/SupportFunctions/arm_fill_q15.c ****  * @ingroup groupSupport
  33:Drivers/CMSIS/DSP/Source/SupportFunctions/arm_fill_q15.c ****  */
  34:Drivers/CMSIS/DSP/Source/SupportFunctions/arm_fill_q15.c **** 
  35:Drivers/CMSIS/DSP/Source/SupportFunctions/arm_fill_q15.c **** /**
  36:Drivers/CMSIS/DSP/Source/SupportFunctions/arm_fill_q15.c ****  * @addtogroup Fill
  37:Drivers/CMSIS/DSP/Source/SupportFunctions/arm_fill_q15.c ****  * @{
  38:Drivers/CMSIS/DSP/Source/SupportFunctions/arm_fill_q15.c ****  */
  39:Drivers/CMSIS/DSP/Source/SupportFunctions/arm_fill_q15.c **** 
  40:Drivers/CMSIS/DSP/Source/SupportFunctions/arm_fill_q15.c **** /**
  41:Drivers/CMSIS/DSP/Source/SupportFunctions/arm_fill_q15.c ****  * @brief Fills a constant value into a Q15 vector.
  42:Drivers/CMSIS/DSP/Source/SupportFunctions/arm_fill_q15.c ****  * @param[in]       value input value to be filled
  43:Drivers/CMSIS/DSP/Source/SupportFunctions/arm_fill_q15.c ****  * @param[out]      *pDst points to output vector
  44:Drivers/CMSIS/DSP/Source/SupportFunctions/arm_fill_q15.c ****  * @param[in]       blockSize length of the output vector
  45:Drivers/CMSIS/DSP/Source/SupportFunctions/arm_fill_q15.c ****  * @return none.
  46:Drivers/CMSIS/DSP/Source/SupportFunctions/arm_fill_q15.c ****  *
  47:Drivers/CMSIS/DSP/Source/SupportFunctions/arm_fill_q15.c ****  */
  48:Drivers/CMSIS/DSP/Source/SupportFunctions/arm_fill_q15.c **** 
  49:Drivers/CMSIS/DSP/Source/SupportFunctions/arm_fill_q15.c **** void arm_fill_q15(
  50:Drivers/CMSIS/DSP/Source/SupportFunctions/arm_fill_q15.c ****   q15_t value,
  51:Drivers/CMSIS/DSP/Source/SupportFunctions/arm_fill_q15.c ****   q15_t * pDst,
  52:Drivers/CMSIS/DSP/Source/SupportFunctions/arm_fill_q15.c ****   uint32_t blockSize)
  53:Drivers/CMSIS/DSP/Source/SupportFunctions/arm_fill_q15.c **** {
  29              		.loc 1 53 1 view -0
  30              		.cfi_startproc
  31              		@ args = 0, pretend = 0, frame = 0
  32              		@ frame_needed = 0, uses_anonymous_args = 0
  33              		@ link register save eliminated.
  34              		.loc 1 53 1 is_stmt 0 view .LVU1
  35 0000 30B4     		push	{r4, r5}
  36              		.cfi_def_cfa_offset 8
  37              		.cfi_offset 4, -8
  38              		.cfi_offset 5, -4
  54:Drivers/CMSIS/DSP/Source/SupportFunctions/arm_fill_q15.c ****   uint32_t blkCnt;                               /* loop counter */
  39              		.loc 1 54 3 is_stmt 1 view .LVU2
  55:Drivers/CMSIS/DSP/Source/SupportFunctions/arm_fill_q15.c **** 
  56:Drivers/CMSIS/DSP/Source/SupportFunctions/arm_fill_q15.c **** #if defined (ARM_MATH_DSP)
  57:Drivers/CMSIS/DSP/Source/SupportFunctions/arm_fill_q15.c **** 
  58:Drivers/CMSIS/DSP/Source/SupportFunctions/arm_fill_q15.c ****   /* Run the below code for Cortex-M4 and Cortex-M3 */
  59:Drivers/CMSIS/DSP/Source/SupportFunctions/arm_fill_q15.c **** 
  60:Drivers/CMSIS/DSP/Source/SupportFunctions/arm_fill_q15.c ****   q31_t packedValue;                             /* value packed to 32 bits */
  40              		.loc 1 60 3 view .LVU3
  61:Drivers/CMSIS/DSP/Source/SupportFunctions/arm_fill_q15.c **** 
  62:Drivers/CMSIS/DSP/Source/SupportFunctions/arm_fill_q15.c **** 
  63:Drivers/CMSIS/DSP/Source/SupportFunctions/arm_fill_q15.c ****   /*loop Unrolling */
  64:Drivers/CMSIS/DSP/Source/SupportFunctions/arm_fill_q15.c ****   blkCnt = blockSize >> 2U;
  41              		.loc 1 64 3 view .LVU4
  42              		.loc 1 64 10 is_stmt 0 view .LVU5
  43 0002 9408     		lsrs	r4, r2, #2
  44              	.LVL1:
  65:Drivers/CMSIS/DSP/Source/SupportFunctions/arm_fill_q15.c **** 
  66:Drivers/CMSIS/DSP/Source/SupportFunctions/arm_fill_q15.c ****   /* Packing two 16 bit values to 32 bit value in order to use SIMD */
  67:Drivers/CMSIS/DSP/Source/SupportFunctions/arm_fill_q15.c ****   packedValue = __PKHBT(value, value, 16U);
  45              		.loc 1 67 3 is_stmt 1 view .LVU6
  46              		.loc 1 67 17 is_stmt 0 view .LVU7
  47 0004 85B2     		uxth	r5, r0
  48 0006 45EA0045 		orr	r5, r5, r0, lsl #16
ARM GAS  /var/folders/n6/c271nzx11xl4r4_m7sqjlt0m0000gn/T//ccxNNaKZ.s 			page 3


  49              	.LVL2:
  68:Drivers/CMSIS/DSP/Source/SupportFunctions/arm_fill_q15.c **** 
  69:Drivers/CMSIS/DSP/Source/SupportFunctions/arm_fill_q15.c ****   /* First part of the processing with loop unrolling.  Compute 4 outputs at a time.
  70:Drivers/CMSIS/DSP/Source/SupportFunctions/arm_fill_q15.c ****    ** a second loop below computes the remaining 1 to 3 samples. */
  71:Drivers/CMSIS/DSP/Source/SupportFunctions/arm_fill_q15.c ****   while (blkCnt > 0U)
  50              		.loc 1 71 3 is_stmt 1 view .LVU8
  51              		.loc 1 71 9 is_stmt 0 view .LVU9
  52 000a 05E0     		b	.L2
  53              	.L3:
  72:Drivers/CMSIS/DSP/Source/SupportFunctions/arm_fill_q15.c ****   {
  73:Drivers/CMSIS/DSP/Source/SupportFunctions/arm_fill_q15.c ****     /* C = value */
  74:Drivers/CMSIS/DSP/Source/SupportFunctions/arm_fill_q15.c ****     /* Fill the value in the destination buffer */
  75:Drivers/CMSIS/DSP/Source/SupportFunctions/arm_fill_q15.c ****     *__SIMD32(pDst)++ = packedValue;
  54              		.loc 1 75 5 is_stmt 1 view .LVU10
  55              	.LVL3:
  56              		.loc 1 75 23 is_stmt 0 view .LVU11
  57 000c 0B46     		mov	r3, r1
  58 000e 43F8085B 		str	r5, [r3], #8
  76:Drivers/CMSIS/DSP/Source/SupportFunctions/arm_fill_q15.c ****     *__SIMD32(pDst)++ = packedValue;
  59              		.loc 1 76 5 is_stmt 1 view .LVU12
  60              	.LVL4:
  61              		.loc 1 76 23 is_stmt 0 view .LVU13
  62 0012 4D60     		str	r5, [r1, #4]
  77:Drivers/CMSIS/DSP/Source/SupportFunctions/arm_fill_q15.c **** 
  78:Drivers/CMSIS/DSP/Source/SupportFunctions/arm_fill_q15.c ****     /* Decrement the loop counter */
  79:Drivers/CMSIS/DSP/Source/SupportFunctions/arm_fill_q15.c ****     blkCnt--;
  63              		.loc 1 79 5 is_stmt 1 view .LVU14
  64              		.loc 1 79 11 is_stmt 0 view .LVU15
  65 0014 013C     		subs	r4, r4, #1
  66              	.LVL5:
  76:Drivers/CMSIS/DSP/Source/SupportFunctions/arm_fill_q15.c ****     *__SIMD32(pDst)++ = packedValue;
  67              		.loc 1 76 20 view .LVU16
  68 0016 1946     		mov	r1, r3
  69              	.LVL6:
  70              	.L2:
  71:Drivers/CMSIS/DSP/Source/SupportFunctions/arm_fill_q15.c ****   {
  71              		.loc 1 71 17 is_stmt 1 view .LVU17
  72 0018 002C     		cmp	r4, #0
  73 001a F7D1     		bne	.L3
  80:Drivers/CMSIS/DSP/Source/SupportFunctions/arm_fill_q15.c ****   }
  81:Drivers/CMSIS/DSP/Source/SupportFunctions/arm_fill_q15.c **** 
  82:Drivers/CMSIS/DSP/Source/SupportFunctions/arm_fill_q15.c ****   /* If the blockSize is not a multiple of 4, compute any remaining output samples here.
  83:Drivers/CMSIS/DSP/Source/SupportFunctions/arm_fill_q15.c ****    ** No loop unrolling is used. */
  84:Drivers/CMSIS/DSP/Source/SupportFunctions/arm_fill_q15.c ****   blkCnt = blockSize % 0x4U;
  74              		.loc 1 84 3 view .LVU18
  75              		.loc 1 84 10 is_stmt 0 view .LVU19
  76 001c 02F00302 		and	r2, r2, #3
  77              	.LVL7:
  85:Drivers/CMSIS/DSP/Source/SupportFunctions/arm_fill_q15.c **** 
  86:Drivers/CMSIS/DSP/Source/SupportFunctions/arm_fill_q15.c **** #else
  87:Drivers/CMSIS/DSP/Source/SupportFunctions/arm_fill_q15.c **** 
  88:Drivers/CMSIS/DSP/Source/SupportFunctions/arm_fill_q15.c ****   /* Run the below code for Cortex-M0 */
  89:Drivers/CMSIS/DSP/Source/SupportFunctions/arm_fill_q15.c **** 
  90:Drivers/CMSIS/DSP/Source/SupportFunctions/arm_fill_q15.c ****   /* Loop over blockSize number of values */
  91:Drivers/CMSIS/DSP/Source/SupportFunctions/arm_fill_q15.c ****   blkCnt = blockSize;
  92:Drivers/CMSIS/DSP/Source/SupportFunctions/arm_fill_q15.c **** 
  93:Drivers/CMSIS/DSP/Source/SupportFunctions/arm_fill_q15.c **** #endif /* #if defined (ARM_MATH_DSP) */
ARM GAS  /var/folders/n6/c271nzx11xl4r4_m7sqjlt0m0000gn/T//ccxNNaKZ.s 			page 4


  94:Drivers/CMSIS/DSP/Source/SupportFunctions/arm_fill_q15.c **** 
  95:Drivers/CMSIS/DSP/Source/SupportFunctions/arm_fill_q15.c ****   while (blkCnt > 0U)
  78              		.loc 1 95 3 is_stmt 1 view .LVU20
  79              		.loc 1 95 9 is_stmt 0 view .LVU21
  80 0020 02E0     		b	.L4
  81              	.L5:
  96:Drivers/CMSIS/DSP/Source/SupportFunctions/arm_fill_q15.c ****   {
  97:Drivers/CMSIS/DSP/Source/SupportFunctions/arm_fill_q15.c ****     /* C = value */
  98:Drivers/CMSIS/DSP/Source/SupportFunctions/arm_fill_q15.c ****     /* Fill the value in the destination buffer */
  99:Drivers/CMSIS/DSP/Source/SupportFunctions/arm_fill_q15.c ****     *pDst++ = value;
  82              		.loc 1 99 5 is_stmt 1 view .LVU22
  83              	.LVL8:
  84              		.loc 1 99 13 is_stmt 0 view .LVU23
  85 0022 21F8020B 		strh	r0, [r1], #2	@ movhi
  86              	.LVL9:
 100:Drivers/CMSIS/DSP/Source/SupportFunctions/arm_fill_q15.c **** 
 101:Drivers/CMSIS/DSP/Source/SupportFunctions/arm_fill_q15.c ****     /* Decrement the loop counter */
 102:Drivers/CMSIS/DSP/Source/SupportFunctions/arm_fill_q15.c ****     blkCnt--;
  87              		.loc 1 102 5 is_stmt 1 view .LVU24
  88              		.loc 1 102 11 is_stmt 0 view .LVU25
  89 0026 013A     		subs	r2, r2, #1
  90              	.LVL10:
  91              	.L4:
  95:Drivers/CMSIS/DSP/Source/SupportFunctions/arm_fill_q15.c ****   {
  92              		.loc 1 95 17 is_stmt 1 view .LVU26
  93 0028 002A     		cmp	r2, #0
  94 002a FAD1     		bne	.L5
 103:Drivers/CMSIS/DSP/Source/SupportFunctions/arm_fill_q15.c ****   }
 104:Drivers/CMSIS/DSP/Source/SupportFunctions/arm_fill_q15.c **** }
  95              		.loc 1 104 1 is_stmt 0 view .LVU27
  96 002c 30BC     		pop	{r4, r5}
  97              		.cfi_restore 5
  98              		.cfi_restore 4
  99              		.cfi_def_cfa_offset 0
 100              	.LVL11:
 101              		.loc 1 104 1 view .LVU28
 102 002e 7047     		bx	lr
 103              		.cfi_endproc
 104              	.LFE135:
 106              		.text
 107              	.Letext0:
 108              		.file 2 "/Users/killian/Library/Application Support/Code/User/globalStorage/bmd.stm32-for-vscode/@
 109              		.file 3 "/Users/killian/Library/Application Support/Code/User/globalStorage/bmd.stm32-for-vscode/@
 110              		.file 4 "Drivers/CMSIS/DSP/Include/arm_math.h"
ARM GAS  /var/folders/n6/c271nzx11xl4r4_m7sqjlt0m0000gn/T//ccxNNaKZ.s 			page 5


DEFINED SYMBOLS
                            *ABS*:00000000 arm_fill_q15.c
/var/folders/n6/c271nzx11xl4r4_m7sqjlt0m0000gn/T//ccxNNaKZ.s:20     .text.arm_fill_q15:00000000 $t
/var/folders/n6/c271nzx11xl4r4_m7sqjlt0m0000gn/T//ccxNNaKZ.s:26     .text.arm_fill_q15:00000000 arm_fill_q15

NO UNDEFINED SYMBOLS
