ARM GAS  /var/folders/n6/c271nzx11xl4r4_m7sqjlt0m0000gn/T//ccqqMQBi.s 			page 1


   1              		.cpu cortex-m7
   2              		.arch armv7e-m
   3              		.fpu fpv5-d16
   4              		.eabi_attribute 28, 1
   5              		.eabi_attribute 20, 1
   6              		.eabi_attribute 21, 1
   7              		.eabi_attribute 23, 3
   8              		.eabi_attribute 24, 1
   9              		.eabi_attribute 25, 1
  10              		.eabi_attribute 26, 1
  11              		.eabi_attribute 30, 1
  12              		.eabi_attribute 34, 1
  13              		.eabi_attribute 18, 4
  14              		.file	"arm_q15_to_q7.c"
  15              		.text
  16              	.Ltext0:
  17              		.cfi_sections	.debug_frame
  18              		.file 1 "Drivers/CMSIS/DSP/Source/SupportFunctions/arm_q15_to_q7.c"
  19              		.section	.text.arm_q15_to_q7,"ax",%progbits
  20              		.align	1
  21              		.global	arm_q15_to_q7
  22              		.syntax unified
  23              		.thumb
  24              		.thumb_func
  26              	arm_q15_to_q7:
  27              	.LVL0:
  28              	.LFB135:
   1:Drivers/CMSIS/DSP/Source/SupportFunctions/arm_q15_to_q7.c **** /* ----------------------------------------------------------------------
   2:Drivers/CMSIS/DSP/Source/SupportFunctions/arm_q15_to_q7.c ****  * Project:      CMSIS DSP Library
   3:Drivers/CMSIS/DSP/Source/SupportFunctions/arm_q15_to_q7.c ****  * Title:        arm_q15_to_q7.c
   4:Drivers/CMSIS/DSP/Source/SupportFunctions/arm_q15_to_q7.c ****  * Description:  Converts the elements of the Q15 vector to Q7 vector
   5:Drivers/CMSIS/DSP/Source/SupportFunctions/arm_q15_to_q7.c ****  *
   6:Drivers/CMSIS/DSP/Source/SupportFunctions/arm_q15_to_q7.c ****  * $Date:        27. January 2017
   7:Drivers/CMSIS/DSP/Source/SupportFunctions/arm_q15_to_q7.c ****  * $Revision:    V.1.5.1
   8:Drivers/CMSIS/DSP/Source/SupportFunctions/arm_q15_to_q7.c ****  *
   9:Drivers/CMSIS/DSP/Source/SupportFunctions/arm_q15_to_q7.c ****  * Target Processor: Cortex-M cores
  10:Drivers/CMSIS/DSP/Source/SupportFunctions/arm_q15_to_q7.c ****  * -------------------------------------------------------------------- */
  11:Drivers/CMSIS/DSP/Source/SupportFunctions/arm_q15_to_q7.c **** /*
  12:Drivers/CMSIS/DSP/Source/SupportFunctions/arm_q15_to_q7.c ****  * Copyright (C) 2010-2017 ARM Limited or its affiliates. All rights reserved.
  13:Drivers/CMSIS/DSP/Source/SupportFunctions/arm_q15_to_q7.c ****  *
  14:Drivers/CMSIS/DSP/Source/SupportFunctions/arm_q15_to_q7.c ****  * SPDX-License-Identifier: Apache-2.0
  15:Drivers/CMSIS/DSP/Source/SupportFunctions/arm_q15_to_q7.c ****  *
  16:Drivers/CMSIS/DSP/Source/SupportFunctions/arm_q15_to_q7.c ****  * Licensed under the Apache License, Version 2.0 (the License); you may
  17:Drivers/CMSIS/DSP/Source/SupportFunctions/arm_q15_to_q7.c ****  * not use this file except in compliance with the License.
  18:Drivers/CMSIS/DSP/Source/SupportFunctions/arm_q15_to_q7.c ****  * You may obtain a copy of the License at
  19:Drivers/CMSIS/DSP/Source/SupportFunctions/arm_q15_to_q7.c ****  *
  20:Drivers/CMSIS/DSP/Source/SupportFunctions/arm_q15_to_q7.c ****  * www.apache.org/licenses/LICENSE-2.0
  21:Drivers/CMSIS/DSP/Source/SupportFunctions/arm_q15_to_q7.c ****  *
  22:Drivers/CMSIS/DSP/Source/SupportFunctions/arm_q15_to_q7.c ****  * Unless required by applicable law or agreed to in writing, software
  23:Drivers/CMSIS/DSP/Source/SupportFunctions/arm_q15_to_q7.c ****  * distributed under the License is distributed on an AS IS BASIS, WITHOUT
  24:Drivers/CMSIS/DSP/Source/SupportFunctions/arm_q15_to_q7.c ****  * WARRANTIES OR CONDITIONS OF ANY KIND, either express or implied.
  25:Drivers/CMSIS/DSP/Source/SupportFunctions/arm_q15_to_q7.c ****  * See the License for the specific language governing permissions and
  26:Drivers/CMSIS/DSP/Source/SupportFunctions/arm_q15_to_q7.c ****  * limitations under the License.
  27:Drivers/CMSIS/DSP/Source/SupportFunctions/arm_q15_to_q7.c ****  */
  28:Drivers/CMSIS/DSP/Source/SupportFunctions/arm_q15_to_q7.c **** 
  29:Drivers/CMSIS/DSP/Source/SupportFunctions/arm_q15_to_q7.c **** #include "arm_math.h"
  30:Drivers/CMSIS/DSP/Source/SupportFunctions/arm_q15_to_q7.c **** 
ARM GAS  /var/folders/n6/c271nzx11xl4r4_m7sqjlt0m0000gn/T//ccqqMQBi.s 			page 2


  31:Drivers/CMSIS/DSP/Source/SupportFunctions/arm_q15_to_q7.c **** /**
  32:Drivers/CMSIS/DSP/Source/SupportFunctions/arm_q15_to_q7.c ****  * @ingroup groupSupport
  33:Drivers/CMSIS/DSP/Source/SupportFunctions/arm_q15_to_q7.c ****  */
  34:Drivers/CMSIS/DSP/Source/SupportFunctions/arm_q15_to_q7.c **** 
  35:Drivers/CMSIS/DSP/Source/SupportFunctions/arm_q15_to_q7.c **** /**
  36:Drivers/CMSIS/DSP/Source/SupportFunctions/arm_q15_to_q7.c ****  * @addtogroup q15_to_x
  37:Drivers/CMSIS/DSP/Source/SupportFunctions/arm_q15_to_q7.c ****  * @{
  38:Drivers/CMSIS/DSP/Source/SupportFunctions/arm_q15_to_q7.c ****  */
  39:Drivers/CMSIS/DSP/Source/SupportFunctions/arm_q15_to_q7.c **** 
  40:Drivers/CMSIS/DSP/Source/SupportFunctions/arm_q15_to_q7.c **** 
  41:Drivers/CMSIS/DSP/Source/SupportFunctions/arm_q15_to_q7.c **** /**
  42:Drivers/CMSIS/DSP/Source/SupportFunctions/arm_q15_to_q7.c ****  * @brief Converts the elements of the Q15 vector to Q7 vector.
  43:Drivers/CMSIS/DSP/Source/SupportFunctions/arm_q15_to_q7.c ****  * @param[in]       *pSrc points to the Q15 input vector
  44:Drivers/CMSIS/DSP/Source/SupportFunctions/arm_q15_to_q7.c ****  * @param[out]      *pDst points to the Q7 output vector
  45:Drivers/CMSIS/DSP/Source/SupportFunctions/arm_q15_to_q7.c ****  * @param[in]       blockSize length of the input vector
  46:Drivers/CMSIS/DSP/Source/SupportFunctions/arm_q15_to_q7.c ****  * @return none.
  47:Drivers/CMSIS/DSP/Source/SupportFunctions/arm_q15_to_q7.c ****  *
  48:Drivers/CMSIS/DSP/Source/SupportFunctions/arm_q15_to_q7.c ****  * \par Description:
  49:Drivers/CMSIS/DSP/Source/SupportFunctions/arm_q15_to_q7.c ****  *
  50:Drivers/CMSIS/DSP/Source/SupportFunctions/arm_q15_to_q7.c ****  * The equation used for the conversion process is:
  51:Drivers/CMSIS/DSP/Source/SupportFunctions/arm_q15_to_q7.c ****  *
  52:Drivers/CMSIS/DSP/Source/SupportFunctions/arm_q15_to_q7.c ****  * <pre>
  53:Drivers/CMSIS/DSP/Source/SupportFunctions/arm_q15_to_q7.c ****  * 	pDst[n] = (q7_t) pSrc[n] >> 8;   0 <= n < blockSize.
  54:Drivers/CMSIS/DSP/Source/SupportFunctions/arm_q15_to_q7.c ****  * </pre>
  55:Drivers/CMSIS/DSP/Source/SupportFunctions/arm_q15_to_q7.c ****  *
  56:Drivers/CMSIS/DSP/Source/SupportFunctions/arm_q15_to_q7.c ****  */
  57:Drivers/CMSIS/DSP/Source/SupportFunctions/arm_q15_to_q7.c **** 
  58:Drivers/CMSIS/DSP/Source/SupportFunctions/arm_q15_to_q7.c **** 
  59:Drivers/CMSIS/DSP/Source/SupportFunctions/arm_q15_to_q7.c **** void arm_q15_to_q7(
  60:Drivers/CMSIS/DSP/Source/SupportFunctions/arm_q15_to_q7.c ****   q15_t * pSrc,
  61:Drivers/CMSIS/DSP/Source/SupportFunctions/arm_q15_to_q7.c ****   q7_t * pDst,
  62:Drivers/CMSIS/DSP/Source/SupportFunctions/arm_q15_to_q7.c ****   uint32_t blockSize)
  63:Drivers/CMSIS/DSP/Source/SupportFunctions/arm_q15_to_q7.c **** {
  29              		.loc 1 63 1 view -0
  30              		.cfi_startproc
  31              		@ args = 0, pretend = 0, frame = 0
  32              		@ frame_needed = 0, uses_anonymous_args = 0
  33              		@ link register save eliminated.
  34              		.loc 1 63 1 is_stmt 0 view .LVU1
  35 0000 30B4     		push	{r4, r5}
  36              		.cfi_def_cfa_offset 8
  37              		.cfi_offset 4, -8
  38              		.cfi_offset 5, -4
  64:Drivers/CMSIS/DSP/Source/SupportFunctions/arm_q15_to_q7.c ****   q15_t *pIn = pSrc;                             /* Src pointer */
  39              		.loc 1 64 3 is_stmt 1 view .LVU2
  40              	.LVL1:
  65:Drivers/CMSIS/DSP/Source/SupportFunctions/arm_q15_to_q7.c ****   uint32_t blkCnt;                               /* loop counter */
  41              		.loc 1 65 3 view .LVU3
  66:Drivers/CMSIS/DSP/Source/SupportFunctions/arm_q15_to_q7.c **** 
  67:Drivers/CMSIS/DSP/Source/SupportFunctions/arm_q15_to_q7.c **** #if defined (ARM_MATH_DSP)
  68:Drivers/CMSIS/DSP/Source/SupportFunctions/arm_q15_to_q7.c **** 
  69:Drivers/CMSIS/DSP/Source/SupportFunctions/arm_q15_to_q7.c ****   /* Run the below code for Cortex-M4 and Cortex-M3 */
  70:Drivers/CMSIS/DSP/Source/SupportFunctions/arm_q15_to_q7.c ****   q31_t in1, in2;
  42              		.loc 1 70 3 view .LVU4
  71:Drivers/CMSIS/DSP/Source/SupportFunctions/arm_q15_to_q7.c ****   q31_t out1, out2;
  43              		.loc 1 71 3 view .LVU5
  72:Drivers/CMSIS/DSP/Source/SupportFunctions/arm_q15_to_q7.c **** 
ARM GAS  /var/folders/n6/c271nzx11xl4r4_m7sqjlt0m0000gn/T//ccqqMQBi.s 			page 3


  73:Drivers/CMSIS/DSP/Source/SupportFunctions/arm_q15_to_q7.c ****   /*loop Unrolling */
  74:Drivers/CMSIS/DSP/Source/SupportFunctions/arm_q15_to_q7.c ****   blkCnt = blockSize >> 2U;
  44              		.loc 1 74 3 view .LVU6
  45              		.loc 1 74 10 is_stmt 0 view .LVU7
  46 0002 9408     		lsrs	r4, r2, #2
  47              	.LVL2:
  75:Drivers/CMSIS/DSP/Source/SupportFunctions/arm_q15_to_q7.c **** 
  76:Drivers/CMSIS/DSP/Source/SupportFunctions/arm_q15_to_q7.c ****   /* First part of the processing with loop unrolling.  Compute 4 outputs at a time.
  77:Drivers/CMSIS/DSP/Source/SupportFunctions/arm_q15_to_q7.c ****    ** a second loop below computes the remaining 1 to 3 samples. */
  78:Drivers/CMSIS/DSP/Source/SupportFunctions/arm_q15_to_q7.c ****   while (blkCnt > 0U)
  48              		.loc 1 78 3 is_stmt 1 view .LVU8
  49              		.loc 1 78 9 is_stmt 0 view .LVU9
  50 0004 15E0     		b	.L2
  51              	.LVL3:
  52              	.L3:
  79:Drivers/CMSIS/DSP/Source/SupportFunctions/arm_q15_to_q7.c ****   {
  80:Drivers/CMSIS/DSP/Source/SupportFunctions/arm_q15_to_q7.c ****     /* C = (q7_t) A >> 8 */
  81:Drivers/CMSIS/DSP/Source/SupportFunctions/arm_q15_to_q7.c ****     /* convert from q15 to q7 and then store the results in the destination buffer */
  82:Drivers/CMSIS/DSP/Source/SupportFunctions/arm_q15_to_q7.c ****     in1 = *__SIMD32(pIn)++;
  53              		.loc 1 82 5 is_stmt 1 view .LVU10
  54              		.loc 1 82 9 is_stmt 0 view .LVU11
  55 0006 8446     		mov	ip, r0
  56 0008 5CF8085B 		ldr	r5, [ip], #8
  57              	.LVL4:
  83:Drivers/CMSIS/DSP/Source/SupportFunctions/arm_q15_to_q7.c ****     in2 = *__SIMD32(pIn)++;
  58              		.loc 1 83 5 is_stmt 1 view .LVU12
  59              		.loc 1 83 9 is_stmt 0 view .LVU13
  60 000c 4368     		ldr	r3, [r0, #4]
  61              	.LVL5:
  84:Drivers/CMSIS/DSP/Source/SupportFunctions/arm_q15_to_q7.c **** 
  85:Drivers/CMSIS/DSP/Source/SupportFunctions/arm_q15_to_q7.c **** #ifndef ARM_MATH_BIG_ENDIAN
  86:Drivers/CMSIS/DSP/Source/SupportFunctions/arm_q15_to_q7.c **** 
  87:Drivers/CMSIS/DSP/Source/SupportFunctions/arm_q15_to_q7.c ****     out1 = __PKHTB(in2, in1, 16);
  62              		.loc 1 87 5 is_stmt 1 view .LVU14
  63              		.loc 1 87 10 is_stmt 0 view .LVU15
  64 000e 1048     		ldr	r0, .L7
  65 0010 1840     		ands	r0, r0, r3
  66 0012 40EA1540 		orr	r0, r0, r5, lsr #16
  67              	.LVL6:
  88:Drivers/CMSIS/DSP/Source/SupportFunctions/arm_q15_to_q7.c ****     out2 = __PKHBT(in2, in1, 16);
  68              		.loc 1 88 5 is_stmt 1 view .LVU16
  69              		.loc 1 88 12 is_stmt 0 view .LVU17
  70 0016 9BB2     		uxth	r3, r3
  71              	.LVL7:
  72              		.loc 1 88 12 view .LVU18
  73 0018 43EA0543 		orr	r3, r3, r5, lsl #16
  74              	.LVL8:
  89:Drivers/CMSIS/DSP/Source/SupportFunctions/arm_q15_to_q7.c **** 
  90:Drivers/CMSIS/DSP/Source/SupportFunctions/arm_q15_to_q7.c **** #else
  91:Drivers/CMSIS/DSP/Source/SupportFunctions/arm_q15_to_q7.c **** 
  92:Drivers/CMSIS/DSP/Source/SupportFunctions/arm_q15_to_q7.c ****     out1 = __PKHTB(in1, in2, 16);
  93:Drivers/CMSIS/DSP/Source/SupportFunctions/arm_q15_to_q7.c ****     out2 = __PKHBT(in1, in2, 16);
  94:Drivers/CMSIS/DSP/Source/SupportFunctions/arm_q15_to_q7.c **** 
  95:Drivers/CMSIS/DSP/Source/SupportFunctions/arm_q15_to_q7.c **** #endif //      #ifndef ARM_MATH_BIG_ENDIAN
  96:Drivers/CMSIS/DSP/Source/SupportFunctions/arm_q15_to_q7.c **** 
  97:Drivers/CMSIS/DSP/Source/SupportFunctions/arm_q15_to_q7.c ****     /* rotate packed value by 24 */
  98:Drivers/CMSIS/DSP/Source/SupportFunctions/arm_q15_to_q7.c ****     out2 = ((uint32_t) out2 << 8) | ((uint32_t) out2 >> 24);
ARM GAS  /var/folders/n6/c271nzx11xl4r4_m7sqjlt0m0000gn/T//ccqqMQBi.s 			page 4


  75              		.loc 1 98 5 is_stmt 1 view .LVU19
  76              		.loc 1 98 35 is_stmt 0 view .LVU20
  77 001c 4FEA3363 		ror	r3, r3, #24
  78              	.LVL9:
  99:Drivers/CMSIS/DSP/Source/SupportFunctions/arm_q15_to_q7.c **** 
 100:Drivers/CMSIS/DSP/Source/SupportFunctions/arm_q15_to_q7.c ****     /* anding with 0xff00ff00 to get two 8 bit values */
 101:Drivers/CMSIS/DSP/Source/SupportFunctions/arm_q15_to_q7.c ****     out1 = out1 & 0xFF00FF00;
  79              		.loc 1 101 5 is_stmt 1 view .LVU21
  80              		.loc 1 101 10 is_stmt 0 view .LVU22
  81 0020 00F0FF20 		and	r0, r0, #-16711936
  82              	.LVL10:
 102:Drivers/CMSIS/DSP/Source/SupportFunctions/arm_q15_to_q7.c ****     /* anding with 0x00ff00ff to get two 8 bit values */
 103:Drivers/CMSIS/DSP/Source/SupportFunctions/arm_q15_to_q7.c ****     out2 = out2 & 0x00FF00FF;
  83              		.loc 1 103 5 is_stmt 1 view .LVU23
  84              		.loc 1 103 10 is_stmt 0 view .LVU24
  85 0024 03F0FF13 		and	r3, r3, #16711935
  86              	.LVL11:
 104:Drivers/CMSIS/DSP/Source/SupportFunctions/arm_q15_to_q7.c **** 
 105:Drivers/CMSIS/DSP/Source/SupportFunctions/arm_q15_to_q7.c ****     /* oring two values(contains two 8 bit values) to get four packed 8 bit values */
 106:Drivers/CMSIS/DSP/Source/SupportFunctions/arm_q15_to_q7.c ****     out1 = out1 | out2;
  87              		.loc 1 106 5 is_stmt 1 view .LVU25
  88              		.loc 1 106 10 is_stmt 0 view .LVU26
  89 0028 0343     		orrs	r3, r3, r0
  90              	.LVL12:
 107:Drivers/CMSIS/DSP/Source/SupportFunctions/arm_q15_to_q7.c **** 
 108:Drivers/CMSIS/DSP/Source/SupportFunctions/arm_q15_to_q7.c ****     /* store 4 samples at a time to destiantion buffer */
 109:Drivers/CMSIS/DSP/Source/SupportFunctions/arm_q15_to_q7.c ****     *__SIMD32(pDst)++ = out1;
  91              		.loc 1 109 5 is_stmt 1 view .LVU27
  92              		.loc 1 109 23 is_stmt 0 view .LVU28
  93 002a 41F8043B 		str	r3, [r1], #4
  94              	.LVL13:
 110:Drivers/CMSIS/DSP/Source/SupportFunctions/arm_q15_to_q7.c **** 
 111:Drivers/CMSIS/DSP/Source/SupportFunctions/arm_q15_to_q7.c ****     /* Decrement the loop counter */
 112:Drivers/CMSIS/DSP/Source/SupportFunctions/arm_q15_to_q7.c ****     blkCnt--;
  95              		.loc 1 112 5 is_stmt 1 view .LVU29
  96              		.loc 1 112 11 is_stmt 0 view .LVU30
  97 002e 013C     		subs	r4, r4, #1
  98              	.LVL14:
  83:Drivers/CMSIS/DSP/Source/SupportFunctions/arm_q15_to_q7.c **** 
  99              		.loc 1 83 25 view .LVU31
 100 0030 6046     		mov	r0, ip
 101              	.LVL15:
 102              	.L2:
  78:Drivers/CMSIS/DSP/Source/SupportFunctions/arm_q15_to_q7.c ****   {
 103              		.loc 1 78 17 is_stmt 1 view .LVU32
 104 0032 002C     		cmp	r4, #0
 105 0034 E7D1     		bne	.L3
 113:Drivers/CMSIS/DSP/Source/SupportFunctions/arm_q15_to_q7.c ****   }
 114:Drivers/CMSIS/DSP/Source/SupportFunctions/arm_q15_to_q7.c **** 
 115:Drivers/CMSIS/DSP/Source/SupportFunctions/arm_q15_to_q7.c ****   /* If the blockSize is not a multiple of 4, compute any remaining output samples here.
 116:Drivers/CMSIS/DSP/Source/SupportFunctions/arm_q15_to_q7.c ****    ** No loop unrolling is used. */
 117:Drivers/CMSIS/DSP/Source/SupportFunctions/arm_q15_to_q7.c ****   blkCnt = blockSize % 0x4U;
 106              		.loc 1 117 3 view .LVU33
 107              		.loc 1 117 10 is_stmt 0 view .LVU34
 108 0036 02F00302 		and	r2, r2, #3
 109              	.LVL16:
 118:Drivers/CMSIS/DSP/Source/SupportFunctions/arm_q15_to_q7.c **** 
ARM GAS  /var/folders/n6/c271nzx11xl4r4_m7sqjlt0m0000gn/T//ccqqMQBi.s 			page 5


 119:Drivers/CMSIS/DSP/Source/SupportFunctions/arm_q15_to_q7.c **** #else
 120:Drivers/CMSIS/DSP/Source/SupportFunctions/arm_q15_to_q7.c **** 
 121:Drivers/CMSIS/DSP/Source/SupportFunctions/arm_q15_to_q7.c ****   /* Run the below code for Cortex-M0 */
 122:Drivers/CMSIS/DSP/Source/SupportFunctions/arm_q15_to_q7.c **** 
 123:Drivers/CMSIS/DSP/Source/SupportFunctions/arm_q15_to_q7.c ****   /* Loop over blockSize number of values */
 124:Drivers/CMSIS/DSP/Source/SupportFunctions/arm_q15_to_q7.c ****   blkCnt = blockSize;
 125:Drivers/CMSIS/DSP/Source/SupportFunctions/arm_q15_to_q7.c **** 
 126:Drivers/CMSIS/DSP/Source/SupportFunctions/arm_q15_to_q7.c **** #endif /* #if defined (ARM_MATH_DSP) */
 127:Drivers/CMSIS/DSP/Source/SupportFunctions/arm_q15_to_q7.c **** 
 128:Drivers/CMSIS/DSP/Source/SupportFunctions/arm_q15_to_q7.c ****   while (blkCnt > 0U)
 110              		.loc 1 128 3 is_stmt 1 view .LVU35
 111              		.loc 1 128 9 is_stmt 0 view .LVU36
 112 003a 05E0     		b	.L4
 113              	.L5:
 129:Drivers/CMSIS/DSP/Source/SupportFunctions/arm_q15_to_q7.c ****   {
 130:Drivers/CMSIS/DSP/Source/SupportFunctions/arm_q15_to_q7.c ****     /* C = (q7_t) A >> 8 */
 131:Drivers/CMSIS/DSP/Source/SupportFunctions/arm_q15_to_q7.c ****     /* convert from q15 to q7 and then store the results in the destination buffer */
 132:Drivers/CMSIS/DSP/Source/SupportFunctions/arm_q15_to_q7.c ****     *pDst++ = (q7_t) (*pIn++ >> 8);
 114              		.loc 1 132 5 is_stmt 1 view .LVU37
 115              	.LVL17:
 116              		.loc 1 132 23 is_stmt 0 view .LVU38
 117 003c 30F9023B 		ldrsh	r3, [r0], #2
 118              	.LVL18:
 119              		.loc 1 132 15 view .LVU39
 120 0040 1B12     		asrs	r3, r3, #8
 121              		.loc 1 132 13 view .LVU40
 122 0042 01F8013B 		strb	r3, [r1], #1
 123              	.LVL19:
 133:Drivers/CMSIS/DSP/Source/SupportFunctions/arm_q15_to_q7.c **** 
 134:Drivers/CMSIS/DSP/Source/SupportFunctions/arm_q15_to_q7.c ****     /* Decrement the loop counter */
 135:Drivers/CMSIS/DSP/Source/SupportFunctions/arm_q15_to_q7.c ****     blkCnt--;
 124              		.loc 1 135 5 is_stmt 1 view .LVU41
 125              		.loc 1 135 11 is_stmt 0 view .LVU42
 126 0046 013A     		subs	r2, r2, #1
 127              	.LVL20:
 128              	.L4:
 128:Drivers/CMSIS/DSP/Source/SupportFunctions/arm_q15_to_q7.c ****   {
 129              		.loc 1 128 17 is_stmt 1 view .LVU43
 130 0048 002A     		cmp	r2, #0
 131 004a F7D1     		bne	.L5
 136:Drivers/CMSIS/DSP/Source/SupportFunctions/arm_q15_to_q7.c ****   }
 137:Drivers/CMSIS/DSP/Source/SupportFunctions/arm_q15_to_q7.c **** 
 138:Drivers/CMSIS/DSP/Source/SupportFunctions/arm_q15_to_q7.c **** }
 132              		.loc 1 138 1 is_stmt 0 view .LVU44
 133 004c 30BC     		pop	{r4, r5}
 134              		.cfi_restore 5
 135              		.cfi_restore 4
 136              		.cfi_def_cfa_offset 0
 137 004e 7047     		bx	lr
 138              	.L8:
 139              		.align	2
 140              	.L7:
 141 0050 0000FFFF 		.word	-65536
 142              		.cfi_endproc
 143              	.LFE135:
 145              		.text
 146              	.Letext0:
ARM GAS  /var/folders/n6/c271nzx11xl4r4_m7sqjlt0m0000gn/T//ccqqMQBi.s 			page 6


 147              		.file 2 "/Users/killian/Library/Application Support/Code/User/globalStorage/bmd.stm32-for-vscode/@
 148              		.file 3 "/Users/killian/Library/Application Support/Code/User/globalStorage/bmd.stm32-for-vscode/@
 149              		.file 4 "Drivers/CMSIS/DSP/Include/arm_math.h"
ARM GAS  /var/folders/n6/c271nzx11xl4r4_m7sqjlt0m0000gn/T//ccqqMQBi.s 			page 7


DEFINED SYMBOLS
                            *ABS*:00000000 arm_q15_to_q7.c
/var/folders/n6/c271nzx11xl4r4_m7sqjlt0m0000gn/T//ccqqMQBi.s:20     .text.arm_q15_to_q7:00000000 $t
/var/folders/n6/c271nzx11xl4r4_m7sqjlt0m0000gn/T//ccqqMQBi.s:26     .text.arm_q15_to_q7:00000000 arm_q15_to_q7
/var/folders/n6/c271nzx11xl4r4_m7sqjlt0m0000gn/T//ccqqMQBi.s:141    .text.arm_q15_to_q7:00000050 $d

NO UNDEFINED SYMBOLS
