ARM GAS  /var/folders/n6/c271nzx11xl4r4_m7sqjlt0m0000gn/T//ccTfm71G.s 			page 1


   1              		.cpu cortex-m7
   2              		.arch armv7e-m
   3              		.fpu fpv5-d16
   4              		.eabi_attribute 28, 1
   5              		.eabi_attribute 20, 1
   6              		.eabi_attribute 21, 1
   7              		.eabi_attribute 23, 3
   8              		.eabi_attribute 24, 1
   9              		.eabi_attribute 25, 1
  10              		.eabi_attribute 26, 1
  11              		.eabi_attribute 30, 1
  12              		.eabi_attribute 34, 1
  13              		.eabi_attribute 18, 4
  14              		.file	"arm_cfft_radix8_f32.c"
  15              		.text
  16              	.Ltext0:
  17              		.cfi_sections	.debug_frame
  18              		.file 1 "Drivers/CMSIS/DSP/Source/TransformFunctions/arm_cfft_radix8_f32.c"
  19              		.section	.text.arm_radix8_butterfly_f32,"ax",%progbits
  20              		.align	1
  21              		.global	arm_radix8_butterfly_f32
  22              		.syntax unified
  23              		.thumb
  24              		.thumb_func
  26              	arm_radix8_butterfly_f32:
  27              	.LVL0:
  28              	.LFB135:
   1:Drivers/CMSIS/DSP/Source/TransformFunctions/arm_cfft_radix8_f32.c **** /* ----------------------------------------------------------------------
   2:Drivers/CMSIS/DSP/Source/TransformFunctions/arm_cfft_radix8_f32.c ****  * Project:      CMSIS DSP Library
   3:Drivers/CMSIS/DSP/Source/TransformFunctions/arm_cfft_radix8_f32.c ****  * Title:        arm_cfft_radix8_f32.c
   4:Drivers/CMSIS/DSP/Source/TransformFunctions/arm_cfft_radix8_f32.c ****  * Description:  Radix-8 Decimation in Frequency CFFT & CIFFT Floating point processing function
   5:Drivers/CMSIS/DSP/Source/TransformFunctions/arm_cfft_radix8_f32.c ****  *
   6:Drivers/CMSIS/DSP/Source/TransformFunctions/arm_cfft_radix8_f32.c ****  * $Date:        27. January 2017
   7:Drivers/CMSIS/DSP/Source/TransformFunctions/arm_cfft_radix8_f32.c ****  * $Revision:    V.1.5.1
   8:Drivers/CMSIS/DSP/Source/TransformFunctions/arm_cfft_radix8_f32.c ****  *
   9:Drivers/CMSIS/DSP/Source/TransformFunctions/arm_cfft_radix8_f32.c ****  * Target Processor: Cortex-M cores
  10:Drivers/CMSIS/DSP/Source/TransformFunctions/arm_cfft_radix8_f32.c ****  * -------------------------------------------------------------------- */
  11:Drivers/CMSIS/DSP/Source/TransformFunctions/arm_cfft_radix8_f32.c **** /*
  12:Drivers/CMSIS/DSP/Source/TransformFunctions/arm_cfft_radix8_f32.c ****  * Copyright (C) 2010-2017 ARM Limited or its affiliates. All rights reserved.
  13:Drivers/CMSIS/DSP/Source/TransformFunctions/arm_cfft_radix8_f32.c ****  *
  14:Drivers/CMSIS/DSP/Source/TransformFunctions/arm_cfft_radix8_f32.c ****  * SPDX-License-Identifier: Apache-2.0
  15:Drivers/CMSIS/DSP/Source/TransformFunctions/arm_cfft_radix8_f32.c ****  *
  16:Drivers/CMSIS/DSP/Source/TransformFunctions/arm_cfft_radix8_f32.c ****  * Licensed under the Apache License, Version 2.0 (the License); you may
  17:Drivers/CMSIS/DSP/Source/TransformFunctions/arm_cfft_radix8_f32.c ****  * not use this file except in compliance with the License.
  18:Drivers/CMSIS/DSP/Source/TransformFunctions/arm_cfft_radix8_f32.c ****  * You may obtain a copy of the License at
  19:Drivers/CMSIS/DSP/Source/TransformFunctions/arm_cfft_radix8_f32.c ****  *
  20:Drivers/CMSIS/DSP/Source/TransformFunctions/arm_cfft_radix8_f32.c ****  * www.apache.org/licenses/LICENSE-2.0
  21:Drivers/CMSIS/DSP/Source/TransformFunctions/arm_cfft_radix8_f32.c ****  *
  22:Drivers/CMSIS/DSP/Source/TransformFunctions/arm_cfft_radix8_f32.c ****  * Unless required by applicable law or agreed to in writing, software
  23:Drivers/CMSIS/DSP/Source/TransformFunctions/arm_cfft_radix8_f32.c ****  * distributed under the License is distributed on an AS IS BASIS, WITHOUT
  24:Drivers/CMSIS/DSP/Source/TransformFunctions/arm_cfft_radix8_f32.c ****  * WARRANTIES OR CONDITIONS OF ANY KIND, either express or implied.
  25:Drivers/CMSIS/DSP/Source/TransformFunctions/arm_cfft_radix8_f32.c ****  * See the License for the specific language governing permissions and
  26:Drivers/CMSIS/DSP/Source/TransformFunctions/arm_cfft_radix8_f32.c ****  * limitations under the License.
  27:Drivers/CMSIS/DSP/Source/TransformFunctions/arm_cfft_radix8_f32.c ****  */
  28:Drivers/CMSIS/DSP/Source/TransformFunctions/arm_cfft_radix8_f32.c **** 
  29:Drivers/CMSIS/DSP/Source/TransformFunctions/arm_cfft_radix8_f32.c **** #include "arm_math.h"
  30:Drivers/CMSIS/DSP/Source/TransformFunctions/arm_cfft_radix8_f32.c **** 
ARM GAS  /var/folders/n6/c271nzx11xl4r4_m7sqjlt0m0000gn/T//ccTfm71G.s 			page 2


  31:Drivers/CMSIS/DSP/Source/TransformFunctions/arm_cfft_radix8_f32.c **** 
  32:Drivers/CMSIS/DSP/Source/TransformFunctions/arm_cfft_radix8_f32.c **** /* ----------------------------------------------------------------------
  33:Drivers/CMSIS/DSP/Source/TransformFunctions/arm_cfft_radix8_f32.c ****  * Internal helper function used by the FFTs
  34:Drivers/CMSIS/DSP/Source/TransformFunctions/arm_cfft_radix8_f32.c ****  * -------------------------------------------------------------------- */
  35:Drivers/CMSIS/DSP/Source/TransformFunctions/arm_cfft_radix8_f32.c **** 
  36:Drivers/CMSIS/DSP/Source/TransformFunctions/arm_cfft_radix8_f32.c **** /*
  37:Drivers/CMSIS/DSP/Source/TransformFunctions/arm_cfft_radix8_f32.c **** * @brief  Core function for the floating-point CFFT butterfly process.
  38:Drivers/CMSIS/DSP/Source/TransformFunctions/arm_cfft_radix8_f32.c **** * @param[in, out] *pSrc            points to the in-place buffer of floating-point data type.
  39:Drivers/CMSIS/DSP/Source/TransformFunctions/arm_cfft_radix8_f32.c **** * @param[in]      fftLen           length of the FFT.
  40:Drivers/CMSIS/DSP/Source/TransformFunctions/arm_cfft_radix8_f32.c **** * @param[in]      *pCoef           points to the twiddle coefficient buffer.
  41:Drivers/CMSIS/DSP/Source/TransformFunctions/arm_cfft_radix8_f32.c **** * @param[in]      twidCoefModifier twiddle coefficient modifier that supports different size FFTs w
  42:Drivers/CMSIS/DSP/Source/TransformFunctions/arm_cfft_radix8_f32.c **** * @return none.
  43:Drivers/CMSIS/DSP/Source/TransformFunctions/arm_cfft_radix8_f32.c **** */
  44:Drivers/CMSIS/DSP/Source/TransformFunctions/arm_cfft_radix8_f32.c **** 
  45:Drivers/CMSIS/DSP/Source/TransformFunctions/arm_cfft_radix8_f32.c **** void arm_radix8_butterfly_f32(
  46:Drivers/CMSIS/DSP/Source/TransformFunctions/arm_cfft_radix8_f32.c **** float32_t * pSrc,
  47:Drivers/CMSIS/DSP/Source/TransformFunctions/arm_cfft_radix8_f32.c **** uint16_t fftLen,
  48:Drivers/CMSIS/DSP/Source/TransformFunctions/arm_cfft_radix8_f32.c **** const float32_t * pCoef,
  49:Drivers/CMSIS/DSP/Source/TransformFunctions/arm_cfft_radix8_f32.c **** uint16_t twidCoefModifier)
  50:Drivers/CMSIS/DSP/Source/TransformFunctions/arm_cfft_radix8_f32.c **** {
  29              		.loc 1 50 1 view -0
  30              		.cfi_startproc
  31              		@ args = 0, pretend = 0, frame = 48
  32              		@ frame_needed = 0, uses_anonymous_args = 0
  33              		.loc 1 50 1 is_stmt 0 view .LVU1
  34 0000 2DE9F04F 		push	{r4, r5, r6, r7, r8, r9, r10, fp, lr}
  35              		.cfi_def_cfa_offset 36
  36              		.cfi_offset 4, -36
  37              		.cfi_offset 5, -32
  38              		.cfi_offset 6, -28
  39              		.cfi_offset 7, -24
  40              		.cfi_offset 8, -20
  41              		.cfi_offset 9, -16
  42              		.cfi_offset 10, -12
  43              		.cfi_offset 11, -8
  44              		.cfi_offset 14, -4
  45 0004 2DED0E8B 		vpush.64	{d8, d9, d10, d11, d12, d13, d14}
  46              		.cfi_def_cfa_offset 92
  47              		.cfi_offset 80, -92
  48              		.cfi_offset 81, -88
  49              		.cfi_offset 82, -84
  50              		.cfi_offset 83, -80
  51              		.cfi_offset 84, -76
  52              		.cfi_offset 85, -72
  53              		.cfi_offset 86, -68
  54              		.cfi_offset 87, -64
  55              		.cfi_offset 88, -60
  56              		.cfi_offset 89, -56
  57              		.cfi_offset 90, -52
  58              		.cfi_offset 91, -48
  59              		.cfi_offset 92, -44
  60              		.cfi_offset 93, -40
  61 0008 8DB0     		sub	sp, sp, #52
  62              		.cfi_def_cfa_offset 144
  63 000a 0691     		str	r1, [sp, #24]
  64 000c 1546     		mov	r5, r2
  51:Drivers/CMSIS/DSP/Source/TransformFunctions/arm_cfft_radix8_f32.c ****    uint32_t ia1, ia2, ia3, ia4, ia5, ia6, ia7;
ARM GAS  /var/folders/n6/c271nzx11xl4r4_m7sqjlt0m0000gn/T//ccTfm71G.s 			page 3


  65              		.loc 1 51 4 is_stmt 1 view .LVU2
  52:Drivers/CMSIS/DSP/Source/TransformFunctions/arm_cfft_radix8_f32.c ****    uint32_t i1, i2, i3, i4, i5, i6, i7, i8;
  66              		.loc 1 52 4 view .LVU3
  53:Drivers/CMSIS/DSP/Source/TransformFunctions/arm_cfft_radix8_f32.c ****    uint32_t id;
  67              		.loc 1 53 4 view .LVU4
  54:Drivers/CMSIS/DSP/Source/TransformFunctions/arm_cfft_radix8_f32.c ****    uint32_t n1, n2, j;
  68              		.loc 1 54 4 view .LVU5
  55:Drivers/CMSIS/DSP/Source/TransformFunctions/arm_cfft_radix8_f32.c **** 
  56:Drivers/CMSIS/DSP/Source/TransformFunctions/arm_cfft_radix8_f32.c ****    float32_t r1, r2, r3, r4, r5, r6, r7, r8;
  69              		.loc 1 56 4 view .LVU6
  57:Drivers/CMSIS/DSP/Source/TransformFunctions/arm_cfft_radix8_f32.c ****    float32_t t1, t2;
  70              		.loc 1 57 4 view .LVU7
  58:Drivers/CMSIS/DSP/Source/TransformFunctions/arm_cfft_radix8_f32.c ****    float32_t s1, s2, s3, s4, s5, s6, s7, s8;
  71              		.loc 1 58 4 view .LVU8
  59:Drivers/CMSIS/DSP/Source/TransformFunctions/arm_cfft_radix8_f32.c ****    float32_t p1, p2, p3, p4;
  72              		.loc 1 59 4 view .LVU9
  60:Drivers/CMSIS/DSP/Source/TransformFunctions/arm_cfft_radix8_f32.c ****    float32_t co2, co3, co4, co5, co6, co7, co8;
  73              		.loc 1 60 4 view .LVU10
  61:Drivers/CMSIS/DSP/Source/TransformFunctions/arm_cfft_radix8_f32.c ****    float32_t si2, si3, si4, si5, si6, si7, si8;
  74              		.loc 1 61 4 view .LVU11
  62:Drivers/CMSIS/DSP/Source/TransformFunctions/arm_cfft_radix8_f32.c ****    const float32_t C81 = 0.70710678118f;
  75              		.loc 1 62 4 view .LVU12
  76              	.LVL1:
  63:Drivers/CMSIS/DSP/Source/TransformFunctions/arm_cfft_radix8_f32.c **** 
  64:Drivers/CMSIS/DSP/Source/TransformFunctions/arm_cfft_radix8_f32.c ****    n2 = fftLen;
  77              		.loc 1 64 4 view .LVU13
  78              		.loc 1 64 7 is_stmt 0 view .LVU14
  79 000e 0591     		str	r1, [sp, #20]
  80 0010 8146     		mov	r9, r0
  81 0012 0A93     		str	r3, [sp, #40]
  82              	.LVL2:
  83              	.L6:
  65:Drivers/CMSIS/DSP/Source/TransformFunctions/arm_cfft_radix8_f32.c **** 
  66:Drivers/CMSIS/DSP/Source/TransformFunctions/arm_cfft_radix8_f32.c ****    do
  84              		.loc 1 66 4 is_stmt 1 view .LVU15
  67:Drivers/CMSIS/DSP/Source/TransformFunctions/arm_cfft_radix8_f32.c ****    {
  68:Drivers/CMSIS/DSP/Source/TransformFunctions/arm_cfft_radix8_f32.c ****       n1 = n2;
  85              		.loc 1 68 7 view .LVU16
  69:Drivers/CMSIS/DSP/Source/TransformFunctions/arm_cfft_radix8_f32.c ****       n2 = n2 >> 3;
  86              		.loc 1 69 7 view .LVU17
  87              		.loc 1 69 10 is_stmt 0 view .LVU18
  88 0014 059B     		ldr	r3, [sp, #20]
  89 0016 DA08     		lsrs	r2, r3, #3
  90 0018 0B92     		str	r2, [sp, #44]
  91              	.LVL3:
  70:Drivers/CMSIS/DSP/Source/TransformFunctions/arm_cfft_radix8_f32.c ****       i1 = 0;
  92              		.loc 1 70 7 is_stmt 1 view .LVU19
  93              		.loc 1 70 10 is_stmt 0 view .LVU20
  94 001a 4FF0000E 		mov	lr, #0
  95 001e 0995     		str	r5, [sp, #36]
  96              	.LVL4:
  97              	.L2:
  71:Drivers/CMSIS/DSP/Source/TransformFunctions/arm_cfft_radix8_f32.c **** 
  72:Drivers/CMSIS/DSP/Source/TransformFunctions/arm_cfft_radix8_f32.c ****       do
  98              		.loc 1 72 7 is_stmt 1 view .LVU21
  73:Drivers/CMSIS/DSP/Source/TransformFunctions/arm_cfft_radix8_f32.c ****       {
  74:Drivers/CMSIS/DSP/Source/TransformFunctions/arm_cfft_radix8_f32.c ****          i2 = i1 + n2;
ARM GAS  /var/folders/n6/c271nzx11xl4r4_m7sqjlt0m0000gn/T//ccTfm71G.s 			page 4


  99              		.loc 1 74 10 view .LVU22
 100              		.loc 1 74 13 is_stmt 0 view .LVU23
 101 0020 0EEB0200 		add	r0, lr, r2
 102              	.LVL5:
  75:Drivers/CMSIS/DSP/Source/TransformFunctions/arm_cfft_radix8_f32.c ****          i3 = i2 + n2;
 103              		.loc 1 75 10 is_stmt 1 view .LVU24
 104              		.loc 1 75 13 is_stmt 0 view .LVU25
 105 0024 0EEB4203 		add	r3, lr, r2, lsl #1
 106              	.LVL6:
  76:Drivers/CMSIS/DSP/Source/TransformFunctions/arm_cfft_radix8_f32.c ****          i4 = i3 + n2;
 107              		.loc 1 76 10 is_stmt 1 view .LVU26
 108              		.loc 1 76 13 is_stmt 0 view .LVU27
 109 0028 D618     		adds	r6, r2, r3
 110              	.LVL7:
  77:Drivers/CMSIS/DSP/Source/TransformFunctions/arm_cfft_radix8_f32.c ****          i5 = i4 + n2;
 111              		.loc 1 77 10 is_stmt 1 view .LVU28
 112              		.loc 1 77 13 is_stmt 0 view .LVU29
 113 002a 03EB4201 		add	r1, r3, r2, lsl #1
 114              	.LVL8:
  78:Drivers/CMSIS/DSP/Source/TransformFunctions/arm_cfft_radix8_f32.c ****          i6 = i5 + n2;
 115              		.loc 1 78 10 is_stmt 1 view .LVU30
 116              		.loc 1 78 13 is_stmt 0 view .LVU31
 117 002e 5718     		adds	r7, r2, r1
 118              	.LVL9:
  79:Drivers/CMSIS/DSP/Source/TransformFunctions/arm_cfft_radix8_f32.c ****          i7 = i6 + n2;
 119              		.loc 1 79 10 is_stmt 1 view .LVU32
 120              		.loc 1 79 13 is_stmt 0 view .LVU33
 121 0030 01EB420C 		add	ip, r1, r2, lsl #1
 122              	.LVL10:
  80:Drivers/CMSIS/DSP/Source/TransformFunctions/arm_cfft_radix8_f32.c ****          i8 = i7 + n2;
 123              		.loc 1 80 10 is_stmt 1 view .LVU34
 124              		.loc 1 80 13 is_stmt 0 view .LVU35
 125 0034 02EB0C0B 		add	fp, r2, ip
 126              	.LVL11:
  81:Drivers/CMSIS/DSP/Source/TransformFunctions/arm_cfft_radix8_f32.c ****          r1 = pSrc[2 * i1] + pSrc[2 * i5];
 127              		.loc 1 81 10 is_stmt 1 view .LVU36
 128              		.loc 1 81 19 is_stmt 0 view .LVU37
 129 0038 4FEACE0A 		lsl	r10, lr, #3
 130 003c 09EBCE04 		add	r4, r9, lr, lsl #3
 131 0040 94ED007A 		vldr.32	s14, [r4]
 132              		.loc 1 81 34 view .LVU38
 133 0044 4FEAC108 		lsl	r8, r1, #3
 134 0048 09EBC101 		add	r1, r9, r1, lsl #3
 135              	.LVL12:
 136              		.loc 1 81 34 view .LVU39
 137 004c D1ED007A 		vldr.32	s15, [r1]
 138              		.loc 1 81 13 view .LVU40
 139 0050 77EE276A 		vadd.f32	s13, s14, s15
 140              	.LVL13:
  82:Drivers/CMSIS/DSP/Source/TransformFunctions/arm_cfft_radix8_f32.c ****          r5 = pSrc[2 * i1] - pSrc[2 * i5];
 141              		.loc 1 82 10 is_stmt 1 view .LVU41
 142              		.loc 1 82 13 is_stmt 0 view .LVU42
 143 0054 37EE677A 		vsub.f32	s14, s14, s15
 144              	.LVL14:
  83:Drivers/CMSIS/DSP/Source/TransformFunctions/arm_cfft_radix8_f32.c ****          r2 = pSrc[2 * i2] + pSrc[2 * i6];
 145              		.loc 1 83 10 is_stmt 1 view .LVU43
 146              		.loc 1 83 19 is_stmt 0 view .LVU44
ARM GAS  /var/folders/n6/c271nzx11xl4r4_m7sqjlt0m0000gn/T//ccTfm71G.s 			page 5


 147 0058 C500     		lsls	r5, r0, #3
 148 005a 0095     		str	r5, [sp]
 149 005c 09EBC000 		add	r0, r9, r0, lsl #3
 150              	.LVL15:
 151              		.loc 1 83 19 view .LVU45
 152 0060 0190     		str	r0, [sp, #4]
 153 0062 90ED006A 		vldr.32	s12, [r0]
 154              		.loc 1 83 34 view .LVU46
 155 0066 F800     		lsls	r0, r7, #3
 156 0068 09EBC707 		add	r7, r9, r7, lsl #3
 157              	.LVL16:
 158              		.loc 1 83 34 view .LVU47
 159 006c 0297     		str	r7, [sp, #8]
 160 006e D7ED007A 		vldr.32	s15, [r7]
 161              		.loc 1 83 13 view .LVU48
 162 0072 76EE275A 		vadd.f32	s11, s12, s15
 163              	.LVL17:
  84:Drivers/CMSIS/DSP/Source/TransformFunctions/arm_cfft_radix8_f32.c ****          r6 = pSrc[2 * i2] - pSrc[2 * i6];
 164              		.loc 1 84 10 is_stmt 1 view .LVU49
 165              		.loc 1 84 13 is_stmt 0 view .LVU50
 166 0076 36EE676A 		vsub.f32	s12, s12, s15
 167              	.LVL18:
  85:Drivers/CMSIS/DSP/Source/TransformFunctions/arm_cfft_radix8_f32.c ****          r3 = pSrc[2 * i3] + pSrc[2 * i7];
 168              		.loc 1 85 10 is_stmt 1 view .LVU51
 169              		.loc 1 85 19 is_stmt 0 view .LVU52
 170 007a DF00     		lsls	r7, r3, #3
 171 007c 09EBC303 		add	r3, r9, r3, lsl #3
 172              	.LVL19:
 173              		.loc 1 85 19 view .LVU53
 174 0080 D3ED007A 		vldr.32	s15, [r3]
 175              		.loc 1 85 34 view .LVU54
 176 0084 4FEACC05 		lsl	r5, ip, #3
 177 0088 0395     		str	r5, [sp, #12]
 178 008a 09EBCC0C 		add	ip, r9, ip, lsl #3
 179              	.LVL20:
 180              		.loc 1 85 34 view .LVU55
 181 008e 9CED005A 		vldr.32	s10, [ip]
 182              		.loc 1 85 13 view .LVU56
 183 0092 77EE854A 		vadd.f32	s9, s15, s10
 184              	.LVL21:
  86:Drivers/CMSIS/DSP/Source/TransformFunctions/arm_cfft_radix8_f32.c ****          r7 = pSrc[2 * i3] - pSrc[2 * i7];
 185              		.loc 1 86 10 is_stmt 1 view .LVU57
 186              		.loc 1 86 13 is_stmt 0 view .LVU58
 187 0096 77EEC57A 		vsub.f32	s15, s15, s10
 188              	.LVL22:
  87:Drivers/CMSIS/DSP/Source/TransformFunctions/arm_cfft_radix8_f32.c ****          r4 = pSrc[2 * i4] + pSrc[2 * i8];
 189              		.loc 1 87 10 is_stmt 1 view .LVU59
 190              		.loc 1 87 19 is_stmt 0 view .LVU60
 191 009a F500     		lsls	r5, r6, #3
 192 009c 0495     		str	r5, [sp, #16]
 193 009e 09EBC606 		add	r6, r9, r6, lsl #3
 194              	.LVL23:
 195              		.loc 1 87 19 view .LVU61
 196 00a2 0796     		str	r6, [sp, #28]
 197 00a4 D6ED003A 		vldr.32	s7, [r6]
 198              		.loc 1 87 34 view .LVU62
 199 00a8 4FEACB05 		lsl	r5, fp, #3
ARM GAS  /var/folders/n6/c271nzx11xl4r4_m7sqjlt0m0000gn/T//ccTfm71G.s 			page 6


 200 00ac 0895     		str	r5, [sp, #32]
 201 00ae 09EBCB0B 		add	fp, r9, fp, lsl #3
 202              	.LVL24:
 203              		.loc 1 87 34 view .LVU63
 204 00b2 9BED004A 		vldr.32	s8, [fp]
 205              		.loc 1 87 13 view .LVU64
 206 00b6 33EE845A 		vadd.f32	s10, s7, s8
 207              	.LVL25:
  88:Drivers/CMSIS/DSP/Source/TransformFunctions/arm_cfft_radix8_f32.c ****          r8 = pSrc[2 * i4] - pSrc[2 * i8];
 208              		.loc 1 88 10 is_stmt 1 view .LVU65
 209              		.loc 1 88 13 is_stmt 0 view .LVU66
 210 00ba 73EEC43A 		vsub.f32	s7, s7, s8
 211              	.LVL26:
  89:Drivers/CMSIS/DSP/Source/TransformFunctions/arm_cfft_radix8_f32.c ****          t1 = r1 - r3;
 212              		.loc 1 89 10 is_stmt 1 view .LVU67
 213              		.loc 1 89 13 is_stmt 0 view .LVU68
 214 00be 76EEE40A 		vsub.f32	s1, s13, s9
 215              	.LVL27:
  90:Drivers/CMSIS/DSP/Source/TransformFunctions/arm_cfft_radix8_f32.c ****          r1 = r1 + r3;
 216              		.loc 1 90 10 is_stmt 1 view .LVU69
 217              		.loc 1 90 13 is_stmt 0 view .LVU70
 218 00c2 76EEA46A 		vadd.f32	s13, s13, s9
 219              	.LVL28:
  91:Drivers/CMSIS/DSP/Source/TransformFunctions/arm_cfft_radix8_f32.c ****          r3 = r2 - r4;
 220              		.loc 1 91 10 is_stmt 1 view .LVU71
 221              		.loc 1 91 13 is_stmt 0 view .LVU72
 222 00c6 35EEC51A 		vsub.f32	s2, s11, s10
 223              	.LVL29:
  92:Drivers/CMSIS/DSP/Source/TransformFunctions/arm_cfft_radix8_f32.c ****          r2 = r2 + r4;
 224              		.loc 1 92 10 is_stmt 1 view .LVU73
 225              		.loc 1 92 13 is_stmt 0 view .LVU74
 226 00ca 75EE855A 		vadd.f32	s11, s11, s10
 227              	.LVL30:
  93:Drivers/CMSIS/DSP/Source/TransformFunctions/arm_cfft_radix8_f32.c ****          pSrc[2 * i1] = r1 + r2;
 228              		.loc 1 93 10 is_stmt 1 view .LVU75
 229              		.loc 1 93 28 is_stmt 0 view .LVU76
 230 00ce 36EEA55A 		vadd.f32	s10, s13, s11
 231              	.LVL31:
 232              		.loc 1 93 23 view .LVU77
 233 00d2 84ED005A 		vstr.32	s10, [r4]
 234              	.LVL32:
  94:Drivers/CMSIS/DSP/Source/TransformFunctions/arm_cfft_radix8_f32.c ****          pSrc[2 * i5] = r1 - r2;
 235              		.loc 1 94 10 is_stmt 1 view .LVU78
 236              		.loc 1 94 28 is_stmt 0 view .LVU79
 237 00d6 76EEE56A 		vsub.f32	s13, s13, s11
 238              	.LVL33:
 239              		.loc 1 94 23 view .LVU80
 240 00da C1ED006A 		vstr.32	s13, [r1]
  95:Drivers/CMSIS/DSP/Source/TransformFunctions/arm_cfft_radix8_f32.c ****          r1 = pSrc[2 * i1 + 1] + pSrc[2 * i5 + 1];
 241              		.loc 1 95 10 is_stmt 1 view .LVU81
 242              		.loc 1 95 19 is_stmt 0 view .LVU82
 243 00de 0AF1040A 		add	r10, r10, #4
 244 00e2 CA44     		add	r10, r10, r9
 245 00e4 9AED005A 		vldr.32	s10, [r10]
 246              		.loc 1 95 38 view .LVU83
 247 00e8 08F10408 		add	r8, r8, #4
 248 00ec C844     		add	r8, r8, r9
ARM GAS  /var/folders/n6/c271nzx11xl4r4_m7sqjlt0m0000gn/T//ccTfm71G.s 			page 7


 249 00ee D8ED006A 		vldr.32	s13, [r8]
 250              		.loc 1 95 13 view .LVU84
 251 00f2 75EE265A 		vadd.f32	s11, s10, s13
 252              	.LVL34:
  96:Drivers/CMSIS/DSP/Source/TransformFunctions/arm_cfft_radix8_f32.c ****          s5 = pSrc[2 * i1 + 1] - pSrc[2 * i5 + 1];
 253              		.loc 1 96 10 is_stmt 1 view .LVU85
 254              		.loc 1 96 13 is_stmt 0 view .LVU86
 255 00f6 35EE665A 		vsub.f32	s10, s10, s13
 256              	.LVL35:
  97:Drivers/CMSIS/DSP/Source/TransformFunctions/arm_cfft_radix8_f32.c ****          r2 = pSrc[2 * i2 + 1] + pSrc[2 * i6 + 1];
 257              		.loc 1 97 10 is_stmt 1 view .LVU87
 258              		.loc 1 97 19 is_stmt 0 view .LVU88
 259 00fa 009D     		ldr	r5, [sp]
 260 00fc 0435     		adds	r5, r5, #4
 261 00fe 4D44     		add	r5, r5, r9
 262 0100 D5ED006A 		vldr.32	s13, [r5]
 263              		.loc 1 97 38 view .LVU89
 264 0104 0430     		adds	r0, r0, #4
 265 0106 4844     		add	r0, r0, r9
 266 0108 D0ED004A 		vldr.32	s9, [r0]
 267              		.loc 1 97 13 view .LVU90
 268 010c 36EEA43A 		vadd.f32	s6, s13, s9
 269              	.LVL36:
  98:Drivers/CMSIS/DSP/Source/TransformFunctions/arm_cfft_radix8_f32.c ****          s6 = pSrc[2 * i2 + 1] - pSrc[2 * i6 + 1];
 270              		.loc 1 98 10 is_stmt 1 view .LVU91
 271              		.loc 1 98 13 is_stmt 0 view .LVU92
 272 0110 76EEE46A 		vsub.f32	s13, s13, s9
 273              	.LVL37:
  99:Drivers/CMSIS/DSP/Source/TransformFunctions/arm_cfft_radix8_f32.c ****          s3 = pSrc[2 * i3 + 1] + pSrc[2 * i7 + 1];
 274              		.loc 1 99 10 is_stmt 1 view .LVU93
 275              		.loc 1 99 19 is_stmt 0 view .LVU94
 276 0114 0437     		adds	r7, r7, #4
 277 0116 4F44     		add	r7, r7, r9
 278 0118 D7ED004A 		vldr.32	s9, [r7]
 279              		.loc 1 99 38 view .LVU95
 280 011c 0399     		ldr	r1, [sp, #12]
 281 011e 0E1D     		adds	r6, r1, #4
 282 0120 4E44     		add	r6, r6, r9
 283 0122 96ED004A 		vldr.32	s8, [r6]
 284              		.loc 1 99 13 view .LVU96
 285 0126 34EE842A 		vadd.f32	s4, s9, s8
 286              	.LVL38:
 100:Drivers/CMSIS/DSP/Source/TransformFunctions/arm_cfft_radix8_f32.c ****          s7 = pSrc[2 * i3 + 1] - pSrc[2 * i7 + 1];
 287              		.loc 1 100 10 is_stmt 1 view .LVU97
 288              		.loc 1 100 13 is_stmt 0 view .LVU98
 289 012a 74EEC44A 		vsub.f32	s9, s9, s8
 290              	.LVL39:
 101:Drivers/CMSIS/DSP/Source/TransformFunctions/arm_cfft_radix8_f32.c ****          r4 = pSrc[2 * i4 + 1] + pSrc[2 * i8 + 1];
 291              		.loc 1 101 10 is_stmt 1 view .LVU99
 292              		.loc 1 101 19 is_stmt 0 view .LVU100
 293 012e 0499     		ldr	r1, [sp, #16]
 294 0130 0431     		adds	r1, r1, #4
 295 0132 4944     		add	r1, r1, r9
 296 0134 91ED004A 		vldr.32	s8, [r1]
 297              		.loc 1 101 38 view .LVU101
 298 0138 089C     		ldr	r4, [sp, #32]
 299 013a 0434     		adds	r4, r4, #4
ARM GAS  /var/folders/n6/c271nzx11xl4r4_m7sqjlt0m0000gn/T//ccTfm71G.s 			page 8


 300 013c 4C44     		add	r4, r4, r9
 301 013e D4ED002A 		vldr.32	s5, [r4]
 302              		.loc 1 101 13 view .LVU102
 303 0142 74EE221A 		vadd.f32	s3, s8, s5
 304              	.LVL40:
 102:Drivers/CMSIS/DSP/Source/TransformFunctions/arm_cfft_radix8_f32.c ****          s8 = pSrc[2 * i4 + 1] - pSrc[2 * i8 + 1];
 305              		.loc 1 102 10 is_stmt 1 view .LVU103
 306              		.loc 1 102 13 is_stmt 0 view .LVU104
 307 0146 34EE624A 		vsub.f32	s8, s8, s5
 308              	.LVL41:
 103:Drivers/CMSIS/DSP/Source/TransformFunctions/arm_cfft_radix8_f32.c ****          t2 = r1 - s3;
 309              		.loc 1 103 10 is_stmt 1 view .LVU105
 310              		.loc 1 103 13 is_stmt 0 view .LVU106
 311 014a 75EEC22A 		vsub.f32	s5, s11, s4
 312              	.LVL42:
 104:Drivers/CMSIS/DSP/Source/TransformFunctions/arm_cfft_radix8_f32.c ****          r1 = r1 + s3;
 313              		.loc 1 104 10 is_stmt 1 view .LVU107
 314              		.loc 1 104 13 is_stmt 0 view .LVU108
 315 014e 75EE825A 		vadd.f32	s11, s11, s4
 316              	.LVL43:
 105:Drivers/CMSIS/DSP/Source/TransformFunctions/arm_cfft_radix8_f32.c ****          s3 = r2 - r4;
 317              		.loc 1 105 10 is_stmt 1 view .LVU109
 318              		.loc 1 105 13 is_stmt 0 view .LVU110
 319 0152 33EE612A 		vsub.f32	s4, s6, s3
 320              	.LVL44:
 106:Drivers/CMSIS/DSP/Source/TransformFunctions/arm_cfft_radix8_f32.c ****          r2 = r2 + r4;
 321              		.loc 1 106 10 is_stmt 1 view .LVU111
 322              		.loc 1 106 13 is_stmt 0 view .LVU112
 323 0156 33EE213A 		vadd.f32	s6, s6, s3
 324              	.LVL45:
 107:Drivers/CMSIS/DSP/Source/TransformFunctions/arm_cfft_radix8_f32.c ****          pSrc[2 * i1 + 1] = r1 + r2;
 325              		.loc 1 107 10 is_stmt 1 view .LVU113
 326              		.loc 1 107 32 is_stmt 0 view .LVU114
 327 015a 75EE831A 		vadd.f32	s3, s11, s6
 328              	.LVL46:
 329              		.loc 1 107 27 view .LVU115
 330 015e CAED001A 		vstr.32	s3, [r10]
 331              	.LVL47:
 108:Drivers/CMSIS/DSP/Source/TransformFunctions/arm_cfft_radix8_f32.c ****          pSrc[2 * i5 + 1] = r1 - r2;
 332              		.loc 1 108 10 is_stmt 1 view .LVU116
 333              		.loc 1 108 32 is_stmt 0 view .LVU117
 334 0162 75EEC35A 		vsub.f32	s11, s11, s6
 335              	.LVL48:
 336              		.loc 1 108 27 view .LVU118
 337 0166 C8ED005A 		vstr.32	s11, [r8]
 109:Drivers/CMSIS/DSP/Source/TransformFunctions/arm_cfft_radix8_f32.c ****          pSrc[2 * i3]     = t1 + s3;
 338              		.loc 1 109 10 is_stmt 1 view .LVU119
 339              		.loc 1 109 32 is_stmt 0 view .LVU120
 340 016a 70EE825A 		vadd.f32	s11, s1, s4
 341              		.loc 1 109 27 view .LVU121
 342 016e C3ED005A 		vstr.32	s11, [r3]
 110:Drivers/CMSIS/DSP/Source/TransformFunctions/arm_cfft_radix8_f32.c ****          pSrc[2 * i7]     = t1 - s3;
 343              		.loc 1 110 10 is_stmt 1 view .LVU122
 344              		.loc 1 110 32 is_stmt 0 view .LVU123
 345 0172 30EEC23A 		vsub.f32	s6, s1, s4
 346              	.LVL49:
 347              		.loc 1 110 27 view .LVU124
ARM GAS  /var/folders/n6/c271nzx11xl4r4_m7sqjlt0m0000gn/T//ccTfm71G.s 			page 9


 348 0176 8CED003A 		vstr.32	s6, [ip]
 111:Drivers/CMSIS/DSP/Source/TransformFunctions/arm_cfft_radix8_f32.c ****          pSrc[2 * i3 + 1] = t2 - r3;
 349              		.loc 1 111 10 is_stmt 1 view .LVU125
 350              		.loc 1 111 32 is_stmt 0 view .LVU126
 351 017a 72EEC15A 		vsub.f32	s11, s5, s2
 352              		.loc 1 111 27 view .LVU127
 353 017e C7ED005A 		vstr.32	s11, [r7]
 112:Drivers/CMSIS/DSP/Source/TransformFunctions/arm_cfft_radix8_f32.c ****          pSrc[2 * i7 + 1] = t2 + r3;
 354              		.loc 1 112 10 is_stmt 1 view .LVU128
 355              		.loc 1 112 32 is_stmt 0 view .LVU129
 356 0182 71EE225A 		vadd.f32	s11, s2, s5
 357              		.loc 1 112 27 view .LVU130
 358 0186 C6ED005A 		vstr.32	s11, [r6]
 113:Drivers/CMSIS/DSP/Source/TransformFunctions/arm_cfft_radix8_f32.c ****          r1 = (r6 - r8) * C81;
 359              		.loc 1 113 10 is_stmt 1 view .LVU131
 360              		.loc 1 113 19 is_stmt 0 view .LVU132
 361 018a 76EE635A 		vsub.f32	s11, s12, s7
 362              		.loc 1 113 13 view .LVU133
 363 018e 9FEDF33A 		vldr.32	s6, .L8
 364 0192 65EE835A 		vmul.f32	s11, s11, s6
 365              	.LVL50:
 114:Drivers/CMSIS/DSP/Source/TransformFunctions/arm_cfft_radix8_f32.c ****          r6 = (r6 + r8) * C81;
 366              		.loc 1 114 10 is_stmt 1 view .LVU134
 367              		.loc 1 114 19 is_stmt 0 view .LVU135
 368 0196 36EE236A 		vadd.f32	s12, s12, s7
 369              	.LVL51:
 370              		.loc 1 114 13 view .LVU136
 371 019a 26EE036A 		vmul.f32	s12, s12, s6
 372              	.LVL52:
 115:Drivers/CMSIS/DSP/Source/TransformFunctions/arm_cfft_radix8_f32.c ****          r2 = (s6 - s8) * C81;
 373              		.loc 1 115 10 is_stmt 1 view .LVU137
 374              		.loc 1 115 19 is_stmt 0 view .LVU138
 375 019e 76EEC43A 		vsub.f32	s7, s13, s8
 376              	.LVL53:
 377              		.loc 1 115 13 view .LVU139
 378 01a2 63EE833A 		vmul.f32	s7, s7, s6
 379              	.LVL54:
 116:Drivers/CMSIS/DSP/Source/TransformFunctions/arm_cfft_radix8_f32.c ****          s6 = (s6 + s8) * C81;
 380              		.loc 1 116 10 is_stmt 1 view .LVU140
 381              		.loc 1 116 19 is_stmt 0 view .LVU141
 382 01a6 76EE846A 		vadd.f32	s13, s13, s8
 383              	.LVL55:
 384              		.loc 1 116 13 view .LVU142
 385 01aa 66EE836A 		vmul.f32	s13, s13, s6
 386              	.LVL56:
 117:Drivers/CMSIS/DSP/Source/TransformFunctions/arm_cfft_radix8_f32.c ****          t1 = r5 - r1;
 387              		.loc 1 117 10 is_stmt 1 view .LVU143
 388              		.loc 1 117 13 is_stmt 0 view .LVU144
 389 01ae 37EE654A 		vsub.f32	s8, s14, s11
 390              	.LVL57:
 118:Drivers/CMSIS/DSP/Source/TransformFunctions/arm_cfft_radix8_f32.c ****          r5 = r5 + r1;
 391              		.loc 1 118 10 is_stmt 1 view .LVU145
 392              		.loc 1 118 13 is_stmt 0 view .LVU146
 393 01b2 37EE257A 		vadd.f32	s14, s14, s11
 394              	.LVL58:
 119:Drivers/CMSIS/DSP/Source/TransformFunctions/arm_cfft_radix8_f32.c ****          r8 = r7 - r6;
 395              		.loc 1 119 10 is_stmt 1 view .LVU147
ARM GAS  /var/folders/n6/c271nzx11xl4r4_m7sqjlt0m0000gn/T//ccTfm71G.s 			page 10


 396              		.loc 1 119 13 is_stmt 0 view .LVU148
 397 01b6 77EEC65A 		vsub.f32	s11, s15, s12
 398              	.LVL59:
 120:Drivers/CMSIS/DSP/Source/TransformFunctions/arm_cfft_radix8_f32.c ****          r7 = r7 + r6;
 399              		.loc 1 120 10 is_stmt 1 view .LVU149
 400              		.loc 1 120 13 is_stmt 0 view .LVU150
 401 01ba 77EE867A 		vadd.f32	s15, s15, s12
 402              	.LVL60:
 121:Drivers/CMSIS/DSP/Source/TransformFunctions/arm_cfft_radix8_f32.c ****          t2 = s5 - r2;
 403              		.loc 1 121 10 is_stmt 1 view .LVU151
 404              		.loc 1 121 13 is_stmt 0 view .LVU152
 405 01be 35EE633A 		vsub.f32	s6, s10, s7
 406              	.LVL61:
 122:Drivers/CMSIS/DSP/Source/TransformFunctions/arm_cfft_radix8_f32.c ****          s5 = s5 + r2;
 407              		.loc 1 122 10 is_stmt 1 view .LVU153
 408              		.loc 1 122 13 is_stmt 0 view .LVU154
 409 01c2 35EE236A 		vadd.f32	s12, s10, s7
 410              	.LVL62:
 123:Drivers/CMSIS/DSP/Source/TransformFunctions/arm_cfft_radix8_f32.c ****          s8 = s7 - s6;
 411              		.loc 1 123 10 is_stmt 1 view .LVU155
 412              		.loc 1 123 13 is_stmt 0 view .LVU156
 413 01c6 34EEE65A 		vsub.f32	s10, s9, s13
 414              	.LVL63:
 124:Drivers/CMSIS/DSP/Source/TransformFunctions/arm_cfft_radix8_f32.c ****          s7 = s7 + s6;
 415              		.loc 1 124 10 is_stmt 1 view .LVU157
 416              		.loc 1 124 13 is_stmt 0 view .LVU158
 417 01ca 74EEA66A 		vadd.f32	s13, s9, s13
 418              	.LVL64:
 125:Drivers/CMSIS/DSP/Source/TransformFunctions/arm_cfft_radix8_f32.c ****          pSrc[2 * i2]     = r5 + s7;
 419              		.loc 1 125 10 is_stmt 1 view .LVU159
 420              		.loc 1 125 32 is_stmt 0 view .LVU160
 421 01ce 77EE264A 		vadd.f32	s9, s14, s13
 422              		.loc 1 125 27 view .LVU161
 423 01d2 019B     		ldr	r3, [sp, #4]
 424 01d4 C3ED004A 		vstr.32	s9, [r3]
 126:Drivers/CMSIS/DSP/Source/TransformFunctions/arm_cfft_radix8_f32.c ****          pSrc[2 * i8]     = r5 - s7;
 425              		.loc 1 126 10 is_stmt 1 view .LVU162
 426              		.loc 1 126 32 is_stmt 0 view .LVU163
 427 01d8 37EE667A 		vsub.f32	s14, s14, s13
 428              	.LVL65:
 429              		.loc 1 126 27 view .LVU164
 430 01dc 8BED007A 		vstr.32	s14, [fp]
 127:Drivers/CMSIS/DSP/Source/TransformFunctions/arm_cfft_radix8_f32.c ****          pSrc[2 * i6]     = t1 + s8;
 431              		.loc 1 127 10 is_stmt 1 view .LVU165
 432              		.loc 1 127 32 is_stmt 0 view .LVU166
 433 01e0 34EE057A 		vadd.f32	s14, s8, s10
 434              		.loc 1 127 27 view .LVU167
 435 01e4 029F     		ldr	r7, [sp, #8]
 436 01e6 87ED007A 		vstr.32	s14, [r7]
 128:Drivers/CMSIS/DSP/Source/TransformFunctions/arm_cfft_radix8_f32.c ****          pSrc[2 * i4]     = t1 - s8;
 437              		.loc 1 128 10 is_stmt 1 view .LVU168
 438              		.loc 1 128 32 is_stmt 0 view .LVU169
 439 01ea 34EE454A 		vsub.f32	s8, s8, s10
 440              	.LVL66:
 441              		.loc 1 128 27 view .LVU170
 442 01ee 079E     		ldr	r6, [sp, #28]
 443 01f0 86ED004A 		vstr.32	s8, [r6]
ARM GAS  /var/folders/n6/c271nzx11xl4r4_m7sqjlt0m0000gn/T//ccTfm71G.s 			page 11


 129:Drivers/CMSIS/DSP/Source/TransformFunctions/arm_cfft_radix8_f32.c ****          pSrc[2 * i2 + 1] = s5 - r7;
 444              		.loc 1 129 10 is_stmt 1 view .LVU171
 445              		.loc 1 129 32 is_stmt 0 view .LVU172
 446 01f4 36EE677A 		vsub.f32	s14, s12, s15
 447              		.loc 1 129 27 view .LVU173
 448 01f8 85ED007A 		vstr.32	s14, [r5]
 130:Drivers/CMSIS/DSP/Source/TransformFunctions/arm_cfft_radix8_f32.c ****          pSrc[2 * i8 + 1] = s5 + r7;
 449              		.loc 1 130 10 is_stmt 1 view .LVU174
 450              		.loc 1 130 32 is_stmt 0 view .LVU175
 451 01fc 77EE867A 		vadd.f32	s15, s15, s12
 452              	.LVL67:
 453              		.loc 1 130 27 view .LVU176
 454 0200 C4ED007A 		vstr.32	s15, [r4]
 131:Drivers/CMSIS/DSP/Source/TransformFunctions/arm_cfft_radix8_f32.c ****          pSrc[2 * i6 + 1] = t2 - r8;
 455              		.loc 1 131 10 is_stmt 1 view .LVU177
 456              		.loc 1 131 32 is_stmt 0 view .LVU178
 457 0204 73EE657A 		vsub.f32	s15, s6, s11
 458              		.loc 1 131 27 view .LVU179
 459 0208 C0ED007A 		vstr.32	s15, [r0]
 132:Drivers/CMSIS/DSP/Source/TransformFunctions/arm_cfft_radix8_f32.c ****          pSrc[2 * i4 + 1] = t2 + r8;
 460              		.loc 1 132 10 is_stmt 1 view .LVU180
 461              		.loc 1 132 32 is_stmt 0 view .LVU181
 462 020c 75EE835A 		vadd.f32	s11, s11, s6
 463              	.LVL68:
 464              		.loc 1 132 27 view .LVU182
 465 0210 C1ED005A 		vstr.32	s11, [r1]
 133:Drivers/CMSIS/DSP/Source/TransformFunctions/arm_cfft_radix8_f32.c **** 
 134:Drivers/CMSIS/DSP/Source/TransformFunctions/arm_cfft_radix8_f32.c ****          i1 += n1;
 466              		.loc 1 134 10 is_stmt 1 view .LVU183
 467              		.loc 1 134 13 is_stmt 0 view .LVU184
 468 0214 059B     		ldr	r3, [sp, #20]
 469 0216 9E44     		add	lr, lr, r3
 470              	.LVL69:
 135:Drivers/CMSIS/DSP/Source/TransformFunctions/arm_cfft_radix8_f32.c ****       } while (i1 < fftLen);
 471              		.loc 1 135 19 is_stmt 1 discriminator 1 view .LVU185
 472 0218 069B     		ldr	r3, [sp, #24]
 473 021a 7345     		cmp	r3, lr
 474 021c 3FF600AF 		bhi	.L2
 136:Drivers/CMSIS/DSP/Source/TransformFunctions/arm_cfft_radix8_f32.c **** 
 137:Drivers/CMSIS/DSP/Source/TransformFunctions/arm_cfft_radix8_f32.c ****       if (n2 < 8)
 475              		.loc 1 137 10 is_stmt 0 view .LVU186
 476 0220 099D     		ldr	r5, [sp, #36]
 477              		.loc 1 137 7 is_stmt 1 view .LVU187
 478              		.loc 1 137 10 is_stmt 0 view .LVU188
 479 0222 0B9A     		ldr	r2, [sp, #44]
 480              	.LVL70:
 481              		.loc 1 137 10 view .LVU189
 482 0224 072A     		cmp	r2, #7
 483 0226 40F2BB81 		bls	.L1
 138:Drivers/CMSIS/DSP/Source/TransformFunctions/arm_cfft_radix8_f32.c ****          break;
 139:Drivers/CMSIS/DSP/Source/TransformFunctions/arm_cfft_radix8_f32.c **** 
 140:Drivers/CMSIS/DSP/Source/TransformFunctions/arm_cfft_radix8_f32.c ****       ia1 = 0;
 141:Drivers/CMSIS/DSP/Source/TransformFunctions/arm_cfft_radix8_f32.c ****       j = 1;
 484              		.loc 1 141 9 view .LVU190
 485 022a 4FF00108 		mov	r8, #1
 140:Drivers/CMSIS/DSP/Source/TransformFunctions/arm_cfft_radix8_f32.c ****       j = 1;
 486              		.loc 1 140 11 view .LVU191
ARM GAS  /var/folders/n6/c271nzx11xl4r4_m7sqjlt0m0000gn/T//ccTfm71G.s 			page 12


 487 022e 0023     		movs	r3, #0
 488 0230 CB46     		mov	fp, r9
 489 0232 C146     		mov	r9, r8
 490              	.LVL71:
 140:Drivers/CMSIS/DSP/Source/TransformFunctions/arm_cfft_radix8_f32.c ****       j = 1;
 491              		.loc 1 140 11 view .LVU192
 492 0234 9046     		mov	r8, r2
 493              	.LVL72:
 494              	.L5:
 142:Drivers/CMSIS/DSP/Source/TransformFunctions/arm_cfft_radix8_f32.c **** 
 143:Drivers/CMSIS/DSP/Source/TransformFunctions/arm_cfft_radix8_f32.c ****       do
 495              		.loc 1 143 7 is_stmt 1 view .LVU193
 144:Drivers/CMSIS/DSP/Source/TransformFunctions/arm_cfft_radix8_f32.c ****       {
 145:Drivers/CMSIS/DSP/Source/TransformFunctions/arm_cfft_radix8_f32.c ****          /*  index calculation for the coefficients */
 146:Drivers/CMSIS/DSP/Source/TransformFunctions/arm_cfft_radix8_f32.c ****          id  = ia1 + twidCoefModifier;
 496              		.loc 1 146 10 view .LVU194
 497              		.loc 1 146 14 is_stmt 0 view .LVU195
 498 0236 0A9A     		ldr	r2, [sp, #40]
 499 0238 1344     		add	r3, r3, r2
 500              	.LVL73:
 147:Drivers/CMSIS/DSP/Source/TransformFunctions/arm_cfft_radix8_f32.c ****          ia1 = id;
 501              		.loc 1 147 10 is_stmt 1 view .LVU196
 148:Drivers/CMSIS/DSP/Source/TransformFunctions/arm_cfft_radix8_f32.c ****          ia2 = ia1 + id;
 502              		.loc 1 148 10 view .LVU197
 149:Drivers/CMSIS/DSP/Source/TransformFunctions/arm_cfft_radix8_f32.c ****          ia3 = ia2 + id;
 503              		.loc 1 149 10 view .LVU198
 504              		.loc 1 149 14 is_stmt 0 view .LVU199
 505 023a 03EB4301 		add	r1, r3, r3, lsl #1
 506              	.LVL74:
 150:Drivers/CMSIS/DSP/Source/TransformFunctions/arm_cfft_radix8_f32.c ****          ia4 = ia3 + id;
 507              		.loc 1 150 10 is_stmt 1 view .LVU200
 151:Drivers/CMSIS/DSP/Source/TransformFunctions/arm_cfft_radix8_f32.c ****          ia5 = ia4 + id;
 508              		.loc 1 151 10 view .LVU201
 509              		.loc 1 151 14 is_stmt 0 view .LVU202
 510 023e 03EB8302 		add	r2, r3, r3, lsl #2
 511              	.LVL75:
 152:Drivers/CMSIS/DSP/Source/TransformFunctions/arm_cfft_radix8_f32.c ****          ia6 = ia5 + id;
 512              		.loc 1 152 10 is_stmt 1 view .LVU203
 513              		.loc 1 152 14 is_stmt 0 view .LVU204
 514 0242 03EB020E 		add	lr, r3, r2
 515              	.LVL76:
 153:Drivers/CMSIS/DSP/Source/TransformFunctions/arm_cfft_radix8_f32.c ****          ia7 = ia6 + id;
 516              		.loc 1 153 10 is_stmt 1 view .LVU205
 517              		.loc 1 153 14 is_stmt 0 view .LVU206
 518 0246 02EB430C 		add	ip, r2, r3, lsl #1
 519              	.LVL77:
 154:Drivers/CMSIS/DSP/Source/TransformFunctions/arm_cfft_radix8_f32.c **** 
 155:Drivers/CMSIS/DSP/Source/TransformFunctions/arm_cfft_radix8_f32.c ****          co2 = pCoef[2 * ia1];
 520              		.loc 1 155 10 is_stmt 1 view .LVU207
 521              		.loc 1 155 21 is_stmt 0 view .LVU208
 522 024a DF00     		lsls	r7, r3, #3
 523 024c 05EBC300 		add	r0, r5, r3, lsl #3
 524              		.loc 1 155 14 view .LVU209
 525 0250 D0ED008A 		vldr.32	s17, [r0]
 526              	.LVL78:
 156:Drivers/CMSIS/DSP/Source/TransformFunctions/arm_cfft_radix8_f32.c ****          co3 = pCoef[2 * ia2];
 527              		.loc 1 156 10 is_stmt 1 view .LVU210
ARM GAS  /var/folders/n6/c271nzx11xl4r4_m7sqjlt0m0000gn/T//ccTfm71G.s 			page 13


 528              		.loc 1 156 21 is_stmt 0 view .LVU211
 529 0254 1E01     		lsls	r6, r3, #4
 530 0256 05EB0310 		add	r0, r5, r3, lsl #4
 531              		.loc 1 156 14 view .LVU212
 532 025a 90ED008A 		vldr.32	s16, [r0]
 533              	.LVL79:
 157:Drivers/CMSIS/DSP/Source/TransformFunctions/arm_cfft_radix8_f32.c ****          co4 = pCoef[2 * ia3];
 534              		.loc 1 157 10 is_stmt 1 view .LVU213
 535              		.loc 1 157 21 is_stmt 0 view .LVU214
 536 025e CC00     		lsls	r4, r1, #3
 537 0260 05EBC101 		add	r1, r5, r1, lsl #3
 538              	.LVL80:
 539              		.loc 1 157 14 view .LVU215
 540 0264 91ED000A 		vldr.32	s0, [r1]
 541              	.LVL81:
 158:Drivers/CMSIS/DSP/Source/TransformFunctions/arm_cfft_radix8_f32.c ****          co5 = pCoef[2 * ia4];
 542              		.loc 1 158 10 is_stmt 1 view .LVU216
 543              		.loc 1 158 21 is_stmt 0 view .LVU217
 544 0268 5801     		lsls	r0, r3, #5
 545 026a 05EB4311 		add	r1, r5, r3, lsl #5
 546              		.loc 1 158 14 view .LVU218
 547 026e D1ED000A 		vldr.32	s1, [r1]
 548              	.LVL82:
 159:Drivers/CMSIS/DSP/Source/TransformFunctions/arm_cfft_radix8_f32.c ****          co6 = pCoef[2 * ia5];
 549              		.loc 1 159 10 is_stmt 1 view .LVU219
 550              		.loc 1 159 21 is_stmt 0 view .LVU220
 551 0272 D100     		lsls	r1, r2, #3
 552 0274 05EBC202 		add	r2, r5, r2, lsl #3
 553              	.LVL83:
 554              		.loc 1 159 14 view .LVU221
 555 0278 92ED001A 		vldr.32	s2, [r2]
 556              	.LVL84:
 160:Drivers/CMSIS/DSP/Source/TransformFunctions/arm_cfft_radix8_f32.c ****          co7 = pCoef[2 * ia6];
 557              		.loc 1 160 10 is_stmt 1 view .LVU222
 558              		.loc 1 160 21 is_stmt 0 view .LVU223
 559 027c 4FEACE02 		lsl	r2, lr, #3
 560 0280 05EBCE0E 		add	lr, r5, lr, lsl #3
 561              	.LVL85:
 562              		.loc 1 160 14 view .LVU224
 563 0284 DEED001A 		vldr.32	s3, [lr]
 564              	.LVL86:
 161:Drivers/CMSIS/DSP/Source/TransformFunctions/arm_cfft_radix8_f32.c ****          co8 = pCoef[2 * ia7];
 565              		.loc 1 161 10 is_stmt 1 view .LVU225
 566              		.loc 1 161 21 is_stmt 0 view .LVU226
 567 0288 4FEACC0E 		lsl	lr, ip, #3
 568 028c 05EBCC0C 		add	ip, r5, ip, lsl #3
 569              	.LVL87:
 570              		.loc 1 161 14 view .LVU227
 571 0290 9CED002A 		vldr.32	s4, [ip]
 572              	.LVL88:
 162:Drivers/CMSIS/DSP/Source/TransformFunctions/arm_cfft_radix8_f32.c ****          si2 = pCoef[2 * ia1 + 1];
 573              		.loc 1 162 10 is_stmt 1 view .LVU228
 574              		.loc 1 162 21 is_stmt 0 view .LVU229
 575 0294 0437     		adds	r7, r7, #4
 576 0296 2F44     		add	r7, r7, r5
 577              		.loc 1 162 14 view .LVU230
 578 0298 D7ED002A 		vldr.32	s5, [r7]
ARM GAS  /var/folders/n6/c271nzx11xl4r4_m7sqjlt0m0000gn/T//ccTfm71G.s 			page 14


 579              	.LVL89:
 163:Drivers/CMSIS/DSP/Source/TransformFunctions/arm_cfft_radix8_f32.c ****          si3 = pCoef[2 * ia2 + 1];
 580              		.loc 1 163 10 is_stmt 1 view .LVU231
 581              		.loc 1 163 21 is_stmt 0 view .LVU232
 582 029c 0436     		adds	r6, r6, #4
 583 029e 2E44     		add	r6, r6, r5
 584              		.loc 1 163 14 view .LVU233
 585 02a0 96ED003A 		vldr.32	s6, [r6]
 586              	.LVL90:
 164:Drivers/CMSIS/DSP/Source/TransformFunctions/arm_cfft_radix8_f32.c ****          si4 = pCoef[2 * ia3 + 1];
 587              		.loc 1 164 10 is_stmt 1 view .LVU234
 588              		.loc 1 164 21 is_stmt 0 view .LVU235
 589 02a4 0434     		adds	r4, r4, #4
 590 02a6 2C44     		add	r4, r4, r5
 591              		.loc 1 164 14 view .LVU236
 592 02a8 D4ED003A 		vldr.32	s7, [r4]
 593              	.LVL91:
 165:Drivers/CMSIS/DSP/Source/TransformFunctions/arm_cfft_radix8_f32.c ****          si5 = pCoef[2 * ia4 + 1];
 594              		.loc 1 165 10 is_stmt 1 view .LVU237
 595              		.loc 1 165 21 is_stmt 0 view .LVU238
 596 02ac 0430     		adds	r0, r0, #4
 597 02ae 2844     		add	r0, r0, r5
 598              		.loc 1 165 14 view .LVU239
 599 02b0 90ED004A 		vldr.32	s8, [r0]
 600              	.LVL92:
 166:Drivers/CMSIS/DSP/Source/TransformFunctions/arm_cfft_radix8_f32.c ****          si6 = pCoef[2 * ia5 + 1];
 601              		.loc 1 166 10 is_stmt 1 view .LVU240
 602              		.loc 1 166 21 is_stmt 0 view .LVU241
 603 02b4 0431     		adds	r1, r1, #4
 604 02b6 2944     		add	r1, r1, r5
 605              		.loc 1 166 14 view .LVU242
 606 02b8 D1ED004A 		vldr.32	s9, [r1]
 607              	.LVL93:
 167:Drivers/CMSIS/DSP/Source/TransformFunctions/arm_cfft_radix8_f32.c ****          si7 = pCoef[2 * ia6 + 1];
 608              		.loc 1 167 10 is_stmt 1 view .LVU243
 609              		.loc 1 167 21 is_stmt 0 view .LVU244
 610 02bc 0432     		adds	r2, r2, #4
 611 02be 2A44     		add	r2, r2, r5
 612              		.loc 1 167 14 view .LVU245
 613 02c0 92ED005A 		vldr.32	s10, [r2]
 614              	.LVL94:
 168:Drivers/CMSIS/DSP/Source/TransformFunctions/arm_cfft_radix8_f32.c ****          si8 = pCoef[2 * ia7 + 1];
 615              		.loc 1 168 10 is_stmt 1 view .LVU246
 616              		.loc 1 168 21 is_stmt 0 view .LVU247
 617 02c4 0EF1040E 		add	lr, lr, #4
 618 02c8 AE44     		add	lr, lr, r5
 619              		.loc 1 168 14 view .LVU248
 620 02ca DEED005A 		vldr.32	s11, [lr]
 621              	.LVL95:
 169:Drivers/CMSIS/DSP/Source/TransformFunctions/arm_cfft_radix8_f32.c **** 
 170:Drivers/CMSIS/DSP/Source/TransformFunctions/arm_cfft_radix8_f32.c ****          i1 = j;
 622              		.loc 1 170 10 is_stmt 1 view .LVU249
 623              		.loc 1 170 13 is_stmt 0 view .LVU250
 624 02ce 0793     		str	r3, [sp, #28]
 625 02d0 CDF82090 		str	r9, [sp, #32]
 626 02d4 0995     		str	r5, [sp, #36]
 627              	.LVL96:
ARM GAS  /var/folders/n6/c271nzx11xl4r4_m7sqjlt0m0000gn/T//ccTfm71G.s 			page 15


 628              	.L4:
 171:Drivers/CMSIS/DSP/Source/TransformFunctions/arm_cfft_radix8_f32.c **** 
 172:Drivers/CMSIS/DSP/Source/TransformFunctions/arm_cfft_radix8_f32.c ****          do
 629              		.loc 1 172 10 is_stmt 1 view .LVU251
 173:Drivers/CMSIS/DSP/Source/TransformFunctions/arm_cfft_radix8_f32.c ****          {
 174:Drivers/CMSIS/DSP/Source/TransformFunctions/arm_cfft_radix8_f32.c ****             /*  index calculation for the input */
 175:Drivers/CMSIS/DSP/Source/TransformFunctions/arm_cfft_radix8_f32.c ****             i2 = i1 + n2;
 630              		.loc 1 175 13 view .LVU252
 631              		.loc 1 175 16 is_stmt 0 view .LVU253
 632 02d6 09EB0800 		add	r0, r9, r8
 633              	.LVL97:
 176:Drivers/CMSIS/DSP/Source/TransformFunctions/arm_cfft_radix8_f32.c ****             i3 = i2 + n2;
 634              		.loc 1 176 13 is_stmt 1 view .LVU254
 635              		.loc 1 176 16 is_stmt 0 view .LVU255
 636 02da 09EB4803 		add	r3, r9, r8, lsl #1
 637              	.LVL98:
 177:Drivers/CMSIS/DSP/Source/TransformFunctions/arm_cfft_radix8_f32.c ****             i4 = i3 + n2;
 638              		.loc 1 177 13 is_stmt 1 view .LVU256
 639              		.loc 1 177 16 is_stmt 0 view .LVU257
 640 02de 08EB0304 		add	r4, r8, r3
 641              	.LVL99:
 178:Drivers/CMSIS/DSP/Source/TransformFunctions/arm_cfft_radix8_f32.c ****             i5 = i4 + n2;
 642              		.loc 1 178 13 is_stmt 1 view .LVU258
 643              		.loc 1 178 16 is_stmt 0 view .LVU259
 644 02e2 03EB4802 		add	r2, r3, r8, lsl #1
 645              	.LVL100:
 179:Drivers/CMSIS/DSP/Source/TransformFunctions/arm_cfft_radix8_f32.c ****             i6 = i5 + n2;
 646              		.loc 1 179 13 is_stmt 1 view .LVU260
 647              		.loc 1 179 16 is_stmt 0 view .LVU261
 648 02e6 08EB0206 		add	r6, r8, r2
 649              	.LVL101:
 180:Drivers/CMSIS/DSP/Source/TransformFunctions/arm_cfft_radix8_f32.c ****             i7 = i6 + n2;
 650              		.loc 1 180 13 is_stmt 1 view .LVU262
 651              		.loc 1 180 16 is_stmt 0 view .LVU263
 652 02ea 02EB4801 		add	r1, r2, r8, lsl #1
 653              	.LVL102:
 181:Drivers/CMSIS/DSP/Source/TransformFunctions/arm_cfft_radix8_f32.c ****             i8 = i7 + n2;
 654              		.loc 1 181 13 is_stmt 1 view .LVU264
 655              		.loc 1 181 16 is_stmt 0 view .LVU265
 656 02ee 08EB010A 		add	r10, r8, r1
 657              	.LVL103:
 182:Drivers/CMSIS/DSP/Source/TransformFunctions/arm_cfft_radix8_f32.c ****             r1 = pSrc[2 * i1] + pSrc[2 * i5];
 658              		.loc 1 182 13 is_stmt 1 view .LVU266
 659              		.loc 1 182 22 is_stmt 0 view .LVU267
 660 02f2 4FEAC90E 		lsl	lr, r9, #3
 661 02f6 0BEBC905 		add	r5, fp, r9, lsl #3
 662 02fa 95ED007A 		vldr.32	s14, [r5]
 663              		.loc 1 182 37 view .LVU268
 664 02fe 4FEAC20C 		lsl	ip, r2, #3
 665 0302 0BEBC202 		add	r2, fp, r2, lsl #3
 666              	.LVL104:
 667              		.loc 1 182 37 view .LVU269
 668 0306 D2ED007A 		vldr.32	s15, [r2]
 669              		.loc 1 182 16 view .LVU270
 670 030a 77EE276A 		vadd.f32	s13, s14, s15
 671              	.LVL105:
 183:Drivers/CMSIS/DSP/Source/TransformFunctions/arm_cfft_radix8_f32.c ****             r5 = pSrc[2 * i1] - pSrc[2 * i5];
ARM GAS  /var/folders/n6/c271nzx11xl4r4_m7sqjlt0m0000gn/T//ccTfm71G.s 			page 16


 672              		.loc 1 183 13 is_stmt 1 view .LVU271
 673              		.loc 1 183 16 is_stmt 0 view .LVU272
 674 030e 37EE67AA 		vsub.f32	s20, s14, s15
 675              	.LVL106:
 184:Drivers/CMSIS/DSP/Source/TransformFunctions/arm_cfft_radix8_f32.c ****             r2 = pSrc[2 * i2] + pSrc[2 * i6];
 676              		.loc 1 184 13 is_stmt 1 view .LVU273
 677              		.loc 1 184 22 is_stmt 0 view .LVU274
 678 0312 C700     		lsls	r7, r0, #3
 679 0314 0097     		str	r7, [sp]
 680 0316 0BEBC000 		add	r0, fp, r0, lsl #3
 681              	.LVL107:
 682              		.loc 1 184 22 view .LVU275
 683 031a 0190     		str	r0, [sp, #4]
 684 031c 90ED006A 		vldr.32	s12, [r0]
 685              		.loc 1 184 37 view .LVU276
 686 0320 F000     		lsls	r0, r6, #3
 687 0322 0BEBC606 		add	r6, fp, r6, lsl #3
 688              	.LVL108:
 689              		.loc 1 184 37 view .LVU277
 690 0326 0296     		str	r6, [sp, #8]
 691 0328 D6ED007A 		vldr.32	s15, [r6]
 692              		.loc 1 184 16 view .LVU278
 693 032c 36EE277A 		vadd.f32	s14, s12, s15
 694              	.LVL109:
 185:Drivers/CMSIS/DSP/Source/TransformFunctions/arm_cfft_radix8_f32.c ****             r6 = pSrc[2 * i2] - pSrc[2 * i6];
 695              		.loc 1 185 13 is_stmt 1 view .LVU279
 696              		.loc 1 185 16 is_stmt 0 view .LVU280
 697 0330 36EE676A 		vsub.f32	s12, s12, s15
 698              	.LVL110:
 186:Drivers/CMSIS/DSP/Source/TransformFunctions/arm_cfft_radix8_f32.c ****             r3 = pSrc[2 * i3] + pSrc[2 * i7];
 699              		.loc 1 186 13 is_stmt 1 view .LVU281
 700              		.loc 1 186 22 is_stmt 0 view .LVU282
 701 0334 DF00     		lsls	r7, r3, #3
 702 0336 0BEBC303 		add	r3, fp, r3, lsl #3
 703              	.LVL111:
 704              		.loc 1 186 22 view .LVU283
 705 033a D3ED007A 		vldr.32	s15, [r3]
 706              		.loc 1 186 37 view .LVU284
 707 033e CE00     		lsls	r6, r1, #3
 708 0340 0BEBC101 		add	r1, fp, r1, lsl #3
 709              	.LVL112:
 710              		.loc 1 186 37 view .LVU285
 711 0344 0391     		str	r1, [sp, #12]
 712 0346 91ED009A 		vldr.32	s18, [r1]
 713              		.loc 1 186 16 view .LVU286
 714 034a 77EE899A 		vadd.f32	s19, s15, s18
 715              	.LVL113:
 187:Drivers/CMSIS/DSP/Source/TransformFunctions/arm_cfft_radix8_f32.c ****             r7 = pSrc[2 * i3] - pSrc[2 * i7];
 716              		.loc 1 187 13 is_stmt 1 view .LVU287
 717              		.loc 1 187 16 is_stmt 0 view .LVU288
 718 034e 77EEC97A 		vsub.f32	s15, s15, s18
 719              	.LVL114:
 188:Drivers/CMSIS/DSP/Source/TransformFunctions/arm_cfft_radix8_f32.c ****             r4 = pSrc[2 * i4] + pSrc[2 * i8];
 720              		.loc 1 188 13 is_stmt 1 view .LVU289
 721              		.loc 1 188 22 is_stmt 0 view .LVU290
 722 0352 E100     		lsls	r1, r4, #3
 723 0354 0BEBC404 		add	r4, fp, r4, lsl #3
ARM GAS  /var/folders/n6/c271nzx11xl4r4_m7sqjlt0m0000gn/T//ccTfm71G.s 			page 17


 724              	.LVL115:
 725              		.loc 1 188 22 view .LVU291
 726 0358 0494     		str	r4, [sp, #16]
 727 035a 94ED00CA 		vldr.32	s24, [r4]
 728              		.loc 1 188 37 view .LVU292
 729 035e 4FEACA04 		lsl	r4, r10, #3
 730 0362 0BEBCA0A 		add	r10, fp, r10, lsl #3
 731              	.LVL116:
 732              		.loc 1 188 37 view .LVU293
 733 0366 DAED00AA 		vldr.32	s21, [r10]
 734              		.loc 1 188 16 view .LVU294
 735 036a 3CEE2A9A 		vadd.f32	s18, s24, s21
 736              	.LVL117:
 189:Drivers/CMSIS/DSP/Source/TransformFunctions/arm_cfft_radix8_f32.c ****             r8 = pSrc[2 * i4] - pSrc[2 * i8];
 737              		.loc 1 189 13 is_stmt 1 view .LVU295
 738              		.loc 1 189 16 is_stmt 0 view .LVU296
 739 036e 3CEE6ACA 		vsub.f32	s24, s24, s21
 740              	.LVL118:
 190:Drivers/CMSIS/DSP/Source/TransformFunctions/arm_cfft_radix8_f32.c ****             t1 = r1 - r3;
 741              		.loc 1 190 13 is_stmt 1 view .LVU297
 742              		.loc 1 190 16 is_stmt 0 view .LVU298
 743 0372 76EEE9CA 		vsub.f32	s25, s13, s19
 744              	.LVL119:
 191:Drivers/CMSIS/DSP/Source/TransformFunctions/arm_cfft_radix8_f32.c ****             r1 = r1 + r3;
 745              		.loc 1 191 13 is_stmt 1 view .LVU299
 746              		.loc 1 191 16 is_stmt 0 view .LVU300
 747 0376 76EEA96A 		vadd.f32	s13, s13, s19
 748              	.LVL120:
 192:Drivers/CMSIS/DSP/Source/TransformFunctions/arm_cfft_radix8_f32.c ****             r3 = r2 - r4;
 749              		.loc 1 192 13 is_stmt 1 view .LVU301
 750              		.loc 1 192 16 is_stmt 0 view .LVU302
 751 037a 77EE49DA 		vsub.f32	s27, s14, s18
 752              	.LVL121:
 193:Drivers/CMSIS/DSP/Source/TransformFunctions/arm_cfft_radix8_f32.c ****             r2 = r2 + r4;
 753              		.loc 1 193 13 is_stmt 1 view .LVU303
 754              		.loc 1 193 16 is_stmt 0 view .LVU304
 755 037e 37EE097A 		vadd.f32	s14, s14, s18
 756              	.LVL122:
 194:Drivers/CMSIS/DSP/Source/TransformFunctions/arm_cfft_radix8_f32.c ****             pSrc[2 * i1] = r1 + r2;
 757              		.loc 1 194 13 is_stmt 1 view .LVU305
 758              		.loc 1 194 31 is_stmt 0 view .LVU306
 759 0382 36EE879A 		vadd.f32	s18, s13, s14
 760              	.LVL123:
 761              		.loc 1 194 26 view .LVU307
 762 0386 85ED009A 		vstr.32	s18, [r5]
 763              	.LVL124:
 195:Drivers/CMSIS/DSP/Source/TransformFunctions/arm_cfft_radix8_f32.c ****             r2 = r1 - r2;
 764              		.loc 1 195 13 is_stmt 1 view .LVU308
 765              		.loc 1 195 16 is_stmt 0 view .LVU309
 766 038a 36EEC7EA 		vsub.f32	s28, s13, s14
 767              	.LVL125:
 196:Drivers/CMSIS/DSP/Source/TransformFunctions/arm_cfft_radix8_f32.c ****             s1 = pSrc[2 * i1 + 1] + pSrc[2 * i5 + 1];
 768              		.loc 1 196 13 is_stmt 1 view .LVU310
 769              		.loc 1 196 22 is_stmt 0 view .LVU311
 770 038e 0EF1040E 		add	lr, lr, #4
 771 0392 DE44     		add	lr, lr, fp
 772 0394 9EED00BA 		vldr.32	s22, [lr]
ARM GAS  /var/folders/n6/c271nzx11xl4r4_m7sqjlt0m0000gn/T//ccTfm71G.s 			page 18


 773              		.loc 1 196 41 view .LVU312
 774 0398 0CF1040C 		add	ip, ip, #4
 775 039c DC44     		add	ip, ip, fp
 776 039e DCED006A 		vldr.32	s13, [ip]
 777              	.LVL126:
 778              		.loc 1 196 16 view .LVU313
 779 03a2 3BEE267A 		vadd.f32	s14, s22, s13
 780              	.LVL127:
 197:Drivers/CMSIS/DSP/Source/TransformFunctions/arm_cfft_radix8_f32.c ****             s5 = pSrc[2 * i1 + 1] - pSrc[2 * i5 + 1];
 781              		.loc 1 197 13 is_stmt 1 view .LVU314
 782              		.loc 1 197 16 is_stmt 0 view .LVU315
 783 03a6 3BEE66BA 		vsub.f32	s22, s22, s13
 784              	.LVL128:
 198:Drivers/CMSIS/DSP/Source/TransformFunctions/arm_cfft_radix8_f32.c ****             s2 = pSrc[2 * i2 + 1] + pSrc[2 * i6 + 1];
 785              		.loc 1 198 13 is_stmt 1 view .LVU316
 786              		.loc 1 198 22 is_stmt 0 view .LVU317
 787 03aa 009D     		ldr	r5, [sp]
 788 03ac 0435     		adds	r5, r5, #4
 789 03ae 5D44     		add	r5, r5, fp
 790 03b0 D5ED006A 		vldr.32	s13, [r5]
 791              		.loc 1 198 41 view .LVU318
 792 03b4 0430     		adds	r0, r0, #4
 793 03b6 5844     		add	r0, r0, fp
 794 03b8 90ED009A 		vldr.32	s18, [r0]
 795              		.loc 1 198 16 view .LVU319
 796 03bc 76EE899A 		vadd.f32	s19, s13, s18
 797              	.LVL129:
 199:Drivers/CMSIS/DSP/Source/TransformFunctions/arm_cfft_radix8_f32.c ****             s6 = pSrc[2 * i2 + 1] - pSrc[2 * i6 + 1];
 798              		.loc 1 199 13 is_stmt 1 view .LVU320
 799              		.loc 1 199 16 is_stmt 0 view .LVU321
 800 03c0 76EEC96A 		vsub.f32	s13, s13, s18
 801              	.LVL130:
 200:Drivers/CMSIS/DSP/Source/TransformFunctions/arm_cfft_radix8_f32.c ****             s3 = pSrc[2 * i3 + 1] + pSrc[2 * i7 + 1];
 802              		.loc 1 200 13 is_stmt 1 view .LVU322
 803              		.loc 1 200 22 is_stmt 0 view .LVU323
 804 03c4 0437     		adds	r7, r7, #4
 805 03c6 5F44     		add	r7, r7, fp
 806 03c8 D7ED00AA 		vldr.32	s21, [r7]
 807              		.loc 1 200 41 view .LVU324
 808 03cc 0436     		adds	r6, r6, #4
 809 03ce 5E44     		add	r6, r6, fp
 810 03d0 96ED009A 		vldr.32	s18, [r6]
 811              		.loc 1 200 16 view .LVU325
 812 03d4 7AEE89EA 		vadd.f32	s29, s21, s18
 813              	.LVL131:
 201:Drivers/CMSIS/DSP/Source/TransformFunctions/arm_cfft_radix8_f32.c ****             s7 = pSrc[2 * i3 + 1] - pSrc[2 * i7 + 1];
 814              		.loc 1 201 13 is_stmt 1 view .LVU326
 815              		.loc 1 201 16 is_stmt 0 view .LVU327
 816 03d8 7AEEC9AA 		vsub.f32	s21, s21, s18
 817              	.LVL132:
 202:Drivers/CMSIS/DSP/Source/TransformFunctions/arm_cfft_radix8_f32.c ****             s4 = pSrc[2 * i4 + 1] + pSrc[2 * i8 + 1];
 818              		.loc 1 202 13 is_stmt 1 view .LVU328
 819              		.loc 1 202 22 is_stmt 0 view .LVU329
 820 03dc 0431     		adds	r1, r1, #4
 821 03de 5944     		add	r1, r1, fp
 822 03e0 D1ED00BA 		vldr.32	s23, [r1]
 823              		.loc 1 202 41 view .LVU330
ARM GAS  /var/folders/n6/c271nzx11xl4r4_m7sqjlt0m0000gn/T//ccTfm71G.s 			page 19


 824 03e4 0434     		adds	r4, r4, #4
 825 03e6 5C44     		add	r4, r4, fp
 826 03e8 94ED009A 		vldr.32	s18, [r4]
 827              		.loc 1 202 16 view .LVU331
 828 03ec 3BEE89DA 		vadd.f32	s26, s23, s18
 829              	.LVL133:
 203:Drivers/CMSIS/DSP/Source/TransformFunctions/arm_cfft_radix8_f32.c ****             s8 = pSrc[2 * i4 + 1] - pSrc[2 * i8 + 1];
 830              		.loc 1 203 13 is_stmt 1 view .LVU332
 831              		.loc 1 203 16 is_stmt 0 view .LVU333
 832 03f0 7BEEC9BA 		vsub.f32	s23, s23, s18
 833              	.LVL134:
 204:Drivers/CMSIS/DSP/Source/TransformFunctions/arm_cfft_radix8_f32.c ****             t2 = s1 - s3;
 834              		.loc 1 204 13 is_stmt 1 view .LVU334
 835              		.loc 1 204 16 is_stmt 0 view .LVU335
 836 03f4 37EE6E9A 		vsub.f32	s18, s14, s29
 837              	.LVL135:
 205:Drivers/CMSIS/DSP/Source/TransformFunctions/arm_cfft_radix8_f32.c ****             s1 = s1 + s3;
 838              		.loc 1 205 13 is_stmt 1 view .LVU336
 839              		.loc 1 205 16 is_stmt 0 view .LVU337
 840 03f8 37EE2E7A 		vadd.f32	s14, s14, s29
 841              	.LVL136:
 206:Drivers/CMSIS/DSP/Source/TransformFunctions/arm_cfft_radix8_f32.c ****             s3 = s2 - s4;
 842              		.loc 1 206 13 is_stmt 1 view .LVU338
 843              		.loc 1 206 16 is_stmt 0 view .LVU339
 844 03fc 79EECDEA 		vsub.f32	s29, s19, s26
 845              	.LVL137:
 207:Drivers/CMSIS/DSP/Source/TransformFunctions/arm_cfft_radix8_f32.c ****             s2 = s2 + s4;
 846              		.loc 1 207 13 is_stmt 1 view .LVU340
 847              		.loc 1 207 16 is_stmt 0 view .LVU341
 848 0400 79EE8D9A 		vadd.f32	s19, s19, s26
 849              	.LVL138:
 208:Drivers/CMSIS/DSP/Source/TransformFunctions/arm_cfft_radix8_f32.c ****             r1 = t1 + s3;
 850              		.loc 1 208 13 is_stmt 1 view .LVU342
 851              		.loc 1 208 16 is_stmt 0 view .LVU343
 852 0404 3CEEAEDA 		vadd.f32	s26, s25, s29
 853              	.LVL139:
 209:Drivers/CMSIS/DSP/Source/TransformFunctions/arm_cfft_radix8_f32.c ****             t1 = t1 - s3;
 854              		.loc 1 209 13 is_stmt 1 view .LVU344
 855              		.loc 1 209 16 is_stmt 0 view .LVU345
 856 0408 7CEEEECA 		vsub.f32	s25, s25, s29
 857              	.LVL140:
 210:Drivers/CMSIS/DSP/Source/TransformFunctions/arm_cfft_radix8_f32.c ****             pSrc[2 * i1 + 1] = s1 + s2;
 858              		.loc 1 210 13 is_stmt 1 view .LVU346
 859              		.loc 1 210 35 is_stmt 0 view .LVU347
 860 040c 77EE29EA 		vadd.f32	s29, s14, s19
 861              	.LVL141:
 862              		.loc 1 210 30 view .LVU348
 863 0410 CEED00EA 		vstr.32	s29, [lr]
 864              	.LVL142:
 211:Drivers/CMSIS/DSP/Source/TransformFunctions/arm_cfft_radix8_f32.c ****             s2 = s1 - s2;
 865              		.loc 1 211 13 is_stmt 1 view .LVU349
 866              		.loc 1 211 16 is_stmt 0 view .LVU350
 867 0414 37EE697A 		vsub.f32	s14, s14, s19
 868              	.LVL143:
 212:Drivers/CMSIS/DSP/Source/TransformFunctions/arm_cfft_radix8_f32.c ****             s1 = t2 - r3;
 869              		.loc 1 212 13 is_stmt 1 view .LVU351
 870              		.loc 1 212 16 is_stmt 0 view .LVU352
ARM GAS  /var/folders/n6/c271nzx11xl4r4_m7sqjlt0m0000gn/T//ccTfm71G.s 			page 20


 871 0418 79EE6D9A 		vsub.f32	s19, s18, s27
 872              	.LVL144:
 213:Drivers/CMSIS/DSP/Source/TransformFunctions/arm_cfft_radix8_f32.c ****             t2 = t2 + r3;
 873              		.loc 1 213 13 is_stmt 1 view .LVU353
 874              		.loc 1 213 16 is_stmt 0 view .LVU354
 875 041c 3DEE899A 		vadd.f32	s18, s27, s18
 876              	.LVL145:
 214:Drivers/CMSIS/DSP/Source/TransformFunctions/arm_cfft_radix8_f32.c ****             p1 = co5 * r2;
 877              		.loc 1 214 13 is_stmt 1 view .LVU355
 878              		.loc 1 214 16 is_stmt 0 view .LVU356
 879 0420 60EE8EDA 		vmul.f32	s27, s1, s28
 880              	.LVL146:
 215:Drivers/CMSIS/DSP/Source/TransformFunctions/arm_cfft_radix8_f32.c ****             p2 = si5 * s2;
 881              		.loc 1 215 13 is_stmt 1 view .LVU357
 882              		.loc 1 215 16 is_stmt 0 view .LVU358
 883 0424 64EE07EA 		vmul.f32	s29, s8, s14
 884              	.LVL147:
 216:Drivers/CMSIS/DSP/Source/TransformFunctions/arm_cfft_radix8_f32.c ****             p3 = co5 * s2;
 885              		.loc 1 216 13 is_stmt 1 view .LVU359
 886              		.loc 1 216 16 is_stmt 0 view .LVU360
 887 0428 20EE877A 		vmul.f32	s14, s1, s14
 888              	.LVL148:
 217:Drivers/CMSIS/DSP/Source/TransformFunctions/arm_cfft_radix8_f32.c ****             p4 = si5 * r2;
 889              		.loc 1 217 13 is_stmt 1 view .LVU361
 890              		.loc 1 217 16 is_stmt 0 view .LVU362
 891 042c 24EE0EEA 		vmul.f32	s28, s8, s28
 892              	.LVL149:
 218:Drivers/CMSIS/DSP/Source/TransformFunctions/arm_cfft_radix8_f32.c ****             pSrc[2 * i5]     = p1 + p2;
 893              		.loc 1 218 13 is_stmt 1 view .LVU363
 894              		.loc 1 218 35 is_stmt 0 view .LVU364
 895 0430 7DEEAEDA 		vadd.f32	s27, s27, s29
 896              	.LVL150:
 897              		.loc 1 218 30 view .LVU365
 898 0434 C2ED00DA 		vstr.32	s27, [r2]
 219:Drivers/CMSIS/DSP/Source/TransformFunctions/arm_cfft_radix8_f32.c ****             pSrc[2 * i5 + 1] = p3 - p4;
 899              		.loc 1 219 13 is_stmt 1 view .LVU366
 900              		.loc 1 219 35 is_stmt 0 view .LVU367
 901 0438 37EE4E7A 		vsub.f32	s14, s14, s28
 902              	.LVL151:
 903              		.loc 1 219 30 view .LVU368
 904 043c 8CED007A 		vstr.32	s14, [ip]
 220:Drivers/CMSIS/DSP/Source/TransformFunctions/arm_cfft_radix8_f32.c ****             p1 = co3 * r1;
 905              		.loc 1 220 13 is_stmt 1 view .LVU369
 906              		.loc 1 220 16 is_stmt 0 view .LVU370
 907 0440 28EE0D7A 		vmul.f32	s14, s16, s26
 908              	.LVL152:
 221:Drivers/CMSIS/DSP/Source/TransformFunctions/arm_cfft_radix8_f32.c ****             p2 = si3 * s1;
 909              		.loc 1 221 13 is_stmt 1 view .LVU371
 910              		.loc 1 221 16 is_stmt 0 view .LVU372
 911 0444 63EE29DA 		vmul.f32	s27, s6, s19
 912              	.LVL153:
 222:Drivers/CMSIS/DSP/Source/TransformFunctions/arm_cfft_radix8_f32.c ****             p3 = co3 * s1;
 913              		.loc 1 222 13 is_stmt 1 view .LVU373
 914              		.loc 1 222 16 is_stmt 0 view .LVU374
 915 0448 68EE299A 		vmul.f32	s19, s16, s19
 916              	.LVL154:
 223:Drivers/CMSIS/DSP/Source/TransformFunctions/arm_cfft_radix8_f32.c ****             p4 = si3 * r1;
ARM GAS  /var/folders/n6/c271nzx11xl4r4_m7sqjlt0m0000gn/T//ccTfm71G.s 			page 21


 917              		.loc 1 223 13 is_stmt 1 view .LVU375
 918              		.loc 1 223 16 is_stmt 0 view .LVU376
 919 044c 23EE0DDA 		vmul.f32	s26, s6, s26
 920              	.LVL155:
 224:Drivers/CMSIS/DSP/Source/TransformFunctions/arm_cfft_radix8_f32.c ****             pSrc[2 * i3]     = p1 + p2;
 921              		.loc 1 224 13 is_stmt 1 view .LVU377
 922              		.loc 1 224 35 is_stmt 0 view .LVU378
 923 0450 37EE2D7A 		vadd.f32	s14, s14, s27
 924              	.LVL156:
 925              		.loc 1 224 30 view .LVU379
 926 0454 83ED007A 		vstr.32	s14, [r3]
 225:Drivers/CMSIS/DSP/Source/TransformFunctions/arm_cfft_radix8_f32.c ****             pSrc[2 * i3 + 1] = p3 - p4;
 927              		.loc 1 225 13 is_stmt 1 view .LVU380
 928              		.loc 1 225 35 is_stmt 0 view .LVU381
 929 0458 79EECD9A 		vsub.f32	s19, s19, s26
 930              	.LVL157:
 931              		.loc 1 225 30 view .LVU382
 932 045c C7ED009A 		vstr.32	s19, [r7]
 226:Drivers/CMSIS/DSP/Source/TransformFunctions/arm_cfft_radix8_f32.c ****             p1 = co7 * t1;
 933              		.loc 1 226 13 is_stmt 1 view .LVU383
 934              		.loc 1 226 16 is_stmt 0 view .LVU384
 935 0460 21EEAC7A 		vmul.f32	s14, s3, s25
 936              	.LVL158:
 227:Drivers/CMSIS/DSP/Source/TransformFunctions/arm_cfft_radix8_f32.c ****             p2 = si7 * t2;
 937              		.loc 1 227 13 is_stmt 1 view .LVU385
 938              		.loc 1 227 16 is_stmt 0 view .LVU386
 939 0464 65EE099A 		vmul.f32	s19, s10, s18
 940              	.LVL159:
 228:Drivers/CMSIS/DSP/Source/TransformFunctions/arm_cfft_radix8_f32.c ****             p3 = co7 * t2;
 941              		.loc 1 228 13 is_stmt 1 view .LVU387
 942              		.loc 1 228 16 is_stmt 0 view .LVU388
 943 0468 21EE899A 		vmul.f32	s18, s3, s18
 944              	.LVL160:
 229:Drivers/CMSIS/DSP/Source/TransformFunctions/arm_cfft_radix8_f32.c ****             p4 = si7 * t1;
 945              		.loc 1 229 13 is_stmt 1 view .LVU389
 946              		.loc 1 229 16 is_stmt 0 view .LVU390
 947 046c 65EE2CCA 		vmul.f32	s25, s10, s25
 948              	.LVL161:
 230:Drivers/CMSIS/DSP/Source/TransformFunctions/arm_cfft_radix8_f32.c ****             pSrc[2 * i7]     = p1 + p2;
 949              		.loc 1 230 13 is_stmt 1 view .LVU391
 950              		.loc 1 230 35 is_stmt 0 view .LVU392
 951 0470 37EE297A 		vadd.f32	s14, s14, s19
 952              	.LVL162:
 953              		.loc 1 230 30 view .LVU393
 954 0474 039A     		ldr	r2, [sp, #12]
 955 0476 82ED007A 		vstr.32	s14, [r2]
 231:Drivers/CMSIS/DSP/Source/TransformFunctions/arm_cfft_radix8_f32.c ****             pSrc[2 * i7 + 1] = p3 - p4;
 956              		.loc 1 231 13 is_stmt 1 view .LVU394
 957              		.loc 1 231 35 is_stmt 0 view .LVU395
 958 047a 39EE6C9A 		vsub.f32	s18, s18, s25
 959              	.LVL163:
 960              		.loc 1 231 30 view .LVU396
 961 047e 86ED009A 		vstr.32	s18, [r6]
 232:Drivers/CMSIS/DSP/Source/TransformFunctions/arm_cfft_radix8_f32.c ****             r1 = (r6 - r8) * C81;
 962              		.loc 1 232 13 is_stmt 1 view .LVU397
 963              		.loc 1 232 22 is_stmt 0 view .LVU398
 964 0482 36EE4C9A 		vsub.f32	s18, s12, s24
ARM GAS  /var/folders/n6/c271nzx11xl4r4_m7sqjlt0m0000gn/T//ccTfm71G.s 			page 22


 965              		.loc 1 232 16 view .LVU399
 966 0486 9FED357A 		vldr.32	s14, .L8
 967 048a 29EE079A 		vmul.f32	s18, s18, s14
 968              	.LVL164:
 233:Drivers/CMSIS/DSP/Source/TransformFunctions/arm_cfft_radix8_f32.c ****             r6 = (r6 + r8) * C81;
 969              		.loc 1 233 13 is_stmt 1 view .LVU400
 970              		.loc 1 233 22 is_stmt 0 view .LVU401
 971 048e 36EE0C6A 		vadd.f32	s12, s12, s24
 972              	.LVL165:
 973              		.loc 1 233 16 view .LVU402
 974 0492 26EE076A 		vmul.f32	s12, s12, s14
 975              	.LVL166:
 234:Drivers/CMSIS/DSP/Source/TransformFunctions/arm_cfft_radix8_f32.c ****             s1 = (s6 - s8) * C81;
 976              		.loc 1 234 13 is_stmt 1 view .LVU403
 977              		.loc 1 234 22 is_stmt 0 view .LVU404
 978 0496 36EEEBCA 		vsub.f32	s24, s13, s23
 979              	.LVL167:
 980              		.loc 1 234 16 view .LVU405
 981 049a 2CEE07CA 		vmul.f32	s24, s24, s14
 982              	.LVL168:
 235:Drivers/CMSIS/DSP/Source/TransformFunctions/arm_cfft_radix8_f32.c ****             s6 = (s6 + s8) * C81;
 983              		.loc 1 235 13 is_stmt 1 view .LVU406
 984              		.loc 1 235 22 is_stmt 0 view .LVU407
 985 049e 76EEAB6A 		vadd.f32	s13, s13, s23
 986              	.LVL169:
 987              		.loc 1 235 16 view .LVU408
 988 04a2 66EE876A 		vmul.f32	s13, s13, s14
 989              	.LVL170:
 236:Drivers/CMSIS/DSP/Source/TransformFunctions/arm_cfft_radix8_f32.c ****             t1 = r5 - r1;
 990              		.loc 1 236 13 is_stmt 1 view .LVU409
 991              		.loc 1 236 16 is_stmt 0 view .LVU410
 992 04a6 7AEE499A 		vsub.f32	s19, s20, s18
 993              	.LVL171:
 237:Drivers/CMSIS/DSP/Source/TransformFunctions/arm_cfft_radix8_f32.c ****             r5 = r5 + r1;
 994              		.loc 1 237 13 is_stmt 1 view .LVU411
 995              		.loc 1 237 16 is_stmt 0 view .LVU412
 996 04aa 3AEE097A 		vadd.f32	s14, s20, s18
 997              	.LVL172:
 238:Drivers/CMSIS/DSP/Source/TransformFunctions/arm_cfft_radix8_f32.c ****             r8 = r7 - r6;
 998              		.loc 1 238 13 is_stmt 1 view .LVU413
 999              		.loc 1 238 16 is_stmt 0 view .LVU414
 1000 04ae 37EEC69A 		vsub.f32	s18, s15, s12
 1001              	.LVL173:
 239:Drivers/CMSIS/DSP/Source/TransformFunctions/arm_cfft_radix8_f32.c ****             r7 = r7 + r6;
 1002              		.loc 1 239 13 is_stmt 1 view .LVU415
 1003              		.loc 1 239 16 is_stmt 0 view .LVU416
 1004 04b2 77EE867A 		vadd.f32	s15, s15, s12
 1005              	.LVL174:
 240:Drivers/CMSIS/DSP/Source/TransformFunctions/arm_cfft_radix8_f32.c ****             t2 = s5 - s1;
 1006              		.loc 1 240 13 is_stmt 1 view .LVU417
 1007              		.loc 1 240 16 is_stmt 0 view .LVU418
 1008 04b6 7BEE4CBA 		vsub.f32	s23, s22, s24
 1009              	.LVL175:
 241:Drivers/CMSIS/DSP/Source/TransformFunctions/arm_cfft_radix8_f32.c ****             s5 = s5 + s1;
 1010              		.loc 1 241 13 is_stmt 1 view .LVU419
 1011              		.loc 1 241 16 is_stmt 0 view .LVU420
 1012 04ba 3BEE0C6A 		vadd.f32	s12, s22, s24
ARM GAS  /var/folders/n6/c271nzx11xl4r4_m7sqjlt0m0000gn/T//ccTfm71G.s 			page 23


 1013              	.LVL176:
 242:Drivers/CMSIS/DSP/Source/TransformFunctions/arm_cfft_radix8_f32.c ****             s8 = s7 - s6;
 1014              		.loc 1 242 13 is_stmt 1 view .LVU421
 1015              		.loc 1 242 16 is_stmt 0 view .LVU422
 1016 04be 3AEEE6AA 		vsub.f32	s20, s21, s13
 1017              	.LVL177:
 243:Drivers/CMSIS/DSP/Source/TransformFunctions/arm_cfft_radix8_f32.c ****             s7 = s7 + s6;
 1018              		.loc 1 243 13 is_stmt 1 view .LVU423
 1019              		.loc 1 243 16 is_stmt 0 view .LVU424
 1020 04c2 7AEEA66A 		vadd.f32	s13, s21, s13
 1021              	.LVL178:
 244:Drivers/CMSIS/DSP/Source/TransformFunctions/arm_cfft_radix8_f32.c ****             r1 = r5 + s7;
 1022              		.loc 1 244 13 is_stmt 1 view .LVU425
 1023              		.loc 1 244 16 is_stmt 0 view .LVU426
 1024 04c6 37EE26BA 		vadd.f32	s22, s14, s13
 1025              	.LVL179:
 245:Drivers/CMSIS/DSP/Source/TransformFunctions/arm_cfft_radix8_f32.c ****             r5 = r5 - s7;
 1026              		.loc 1 245 13 is_stmt 1 view .LVU427
 1027              		.loc 1 245 16 is_stmt 0 view .LVU428
 1028 04ca 37EE667A 		vsub.f32	s14, s14, s13
 1029              	.LVL180:
 246:Drivers/CMSIS/DSP/Source/TransformFunctions/arm_cfft_radix8_f32.c ****             r6 = t1 + s8;
 1030              		.loc 1 246 13 is_stmt 1 view .LVU429
 1031              		.loc 1 246 16 is_stmt 0 view .LVU430
 1032 04ce 79EE8AAA 		vadd.f32	s21, s19, s20
 1033              	.LVL181:
 247:Drivers/CMSIS/DSP/Source/TransformFunctions/arm_cfft_radix8_f32.c ****             t1 = t1 - s8;
 1034              		.loc 1 247 13 is_stmt 1 view .LVU431
 1035              		.loc 1 247 16 is_stmt 0 view .LVU432
 1036 04d2 79EECA9A 		vsub.f32	s19, s19, s20
 1037              	.LVL182:
 248:Drivers/CMSIS/DSP/Source/TransformFunctions/arm_cfft_radix8_f32.c ****             s1 = s5 - r7;
 1038              		.loc 1 248 13 is_stmt 1 view .LVU433
 1039              		.loc 1 248 16 is_stmt 0 view .LVU434
 1040 04d6 76EE676A 		vsub.f32	s13, s12, s15
 1041              	.LVL183:
 249:Drivers/CMSIS/DSP/Source/TransformFunctions/arm_cfft_radix8_f32.c ****             s5 = s5 + r7;
 1042              		.loc 1 249 13 is_stmt 1 view .LVU435
 1043              		.loc 1 249 16 is_stmt 0 view .LVU436
 1044 04da 77EE867A 		vadd.f32	s15, s15, s12
 1045              	.LVL184:
 250:Drivers/CMSIS/DSP/Source/TransformFunctions/arm_cfft_radix8_f32.c ****             s6 = t2 - r8;
 1046              		.loc 1 250 13 is_stmt 1 view .LVU437
 1047              		.loc 1 250 16 is_stmt 0 view .LVU438
 1048 04de 3BEEC9AA 		vsub.f32	s20, s23, s18
 1049              	.LVL185:
 251:Drivers/CMSIS/DSP/Source/TransformFunctions/arm_cfft_radix8_f32.c ****             t2 = t2 + r8;
 1050              		.loc 1 251 13 is_stmt 1 view .LVU439
 1051              		.loc 1 251 16 is_stmt 0 view .LVU440
 1052 04e2 39EE2B9A 		vadd.f32	s18, s18, s23
 1053              	.LVL186:
 252:Drivers/CMSIS/DSP/Source/TransformFunctions/arm_cfft_radix8_f32.c ****             p1 = co2 * r1;
 1054              		.loc 1 252 13 is_stmt 1 view .LVU441
 1055              		.loc 1 252 16 is_stmt 0 view .LVU442
 1056 04e6 28EE8B6A 		vmul.f32	s12, s17, s22
 1057              	.LVL187:
 253:Drivers/CMSIS/DSP/Source/TransformFunctions/arm_cfft_radix8_f32.c ****             p2 = si2 * s1;
ARM GAS  /var/folders/n6/c271nzx11xl4r4_m7sqjlt0m0000gn/T//ccTfm71G.s 			page 24


 1058              		.loc 1 253 13 is_stmt 1 view .LVU443
 1059              		.loc 1 253 16 is_stmt 0 view .LVU444
 1060 04ea 62EEA6BA 		vmul.f32	s23, s5, s13
 1061              	.LVL188:
 254:Drivers/CMSIS/DSP/Source/TransformFunctions/arm_cfft_radix8_f32.c ****             p3 = co2 * s1;
 1062              		.loc 1 254 13 is_stmt 1 view .LVU445
 1063              		.loc 1 254 16 is_stmt 0 view .LVU446
 1064 04ee 68EEA66A 		vmul.f32	s13, s17, s13
 1065              	.LVL189:
 255:Drivers/CMSIS/DSP/Source/TransformFunctions/arm_cfft_radix8_f32.c ****             p4 = si2 * r1;
 1066              		.loc 1 255 13 is_stmt 1 view .LVU447
 1067              		.loc 1 255 16 is_stmt 0 view .LVU448
 1068 04f2 22EE8BBA 		vmul.f32	s22, s5, s22
 1069              	.LVL190:
 256:Drivers/CMSIS/DSP/Source/TransformFunctions/arm_cfft_radix8_f32.c ****             pSrc[2 * i2]     = p1 + p2;
 1070              		.loc 1 256 13 is_stmt 1 view .LVU449
 1071              		.loc 1 256 35 is_stmt 0 view .LVU450
 1072 04f6 36EE2B6A 		vadd.f32	s12, s12, s23
 1073              	.LVL191:
 1074              		.loc 1 256 30 view .LVU451
 1075 04fa 019B     		ldr	r3, [sp, #4]
 1076 04fc 83ED006A 		vstr.32	s12, [r3]
 257:Drivers/CMSIS/DSP/Source/TransformFunctions/arm_cfft_radix8_f32.c ****             pSrc[2 * i2 + 1] = p3 - p4;
 1077              		.loc 1 257 13 is_stmt 1 view .LVU452
 1078              		.loc 1 257 35 is_stmt 0 view .LVU453
 1079 0500 76EECB6A 		vsub.f32	s13, s13, s22
 1080              	.LVL192:
 1081              		.loc 1 257 30 view .LVU454
 1082 0504 C5ED006A 		vstr.32	s13, [r5]
 258:Drivers/CMSIS/DSP/Source/TransformFunctions/arm_cfft_radix8_f32.c ****             p1 = co8 * r5;
 1083              		.loc 1 258 13 is_stmt 1 view .LVU455
 1084              		.loc 1 258 16 is_stmt 0 view .LVU456
 1085 0508 62EE076A 		vmul.f32	s13, s4, s14
 1086              	.LVL193:
 259:Drivers/CMSIS/DSP/Source/TransformFunctions/arm_cfft_radix8_f32.c ****             p2 = si8 * s5;
 1087              		.loc 1 259 13 is_stmt 1 view .LVU457
 1088              		.loc 1 259 16 is_stmt 0 view .LVU458
 1089 050c 25EEA7BA 		vmul.f32	s22, s11, s15
 1090              	.LVL194:
 260:Drivers/CMSIS/DSP/Source/TransformFunctions/arm_cfft_radix8_f32.c ****             p3 = co8 * s5;
 1091              		.loc 1 260 13 is_stmt 1 view .LVU459
 1092              		.loc 1 260 16 is_stmt 0 view .LVU460
 1093 0510 62EE277A 		vmul.f32	s15, s4, s15
 1094              	.LVL195:
 261:Drivers/CMSIS/DSP/Source/TransformFunctions/arm_cfft_radix8_f32.c ****             p4 = si8 * r5;
 1095              		.loc 1 261 13 is_stmt 1 view .LVU461
 1096              		.loc 1 261 16 is_stmt 0 view .LVU462
 1097 0514 25EE876A 		vmul.f32	s12, s11, s14
 1098              	.LVL196:
 262:Drivers/CMSIS/DSP/Source/TransformFunctions/arm_cfft_radix8_f32.c ****             pSrc[2 * i8]     = p1 + p2;
 1099              		.loc 1 262 13 is_stmt 1 view .LVU463
 1100              		.loc 1 262 35 is_stmt 0 view .LVU464
 1101 0518 36EE8B7A 		vadd.f32	s14, s13, s22
 1102              	.LVL197:
 1103              		.loc 1 262 30 view .LVU465
 1104 051c 8AED007A 		vstr.32	s14, [r10]
 263:Drivers/CMSIS/DSP/Source/TransformFunctions/arm_cfft_radix8_f32.c ****             pSrc[2 * i8 + 1] = p3 - p4;
ARM GAS  /var/folders/n6/c271nzx11xl4r4_m7sqjlt0m0000gn/T//ccTfm71G.s 			page 25


 1105              		.loc 1 263 13 is_stmt 1 view .LVU466
 1106              		.loc 1 263 35 is_stmt 0 view .LVU467
 1107 0520 77EEC67A 		vsub.f32	s15, s15, s12
 1108              	.LVL198:
 1109              		.loc 1 263 30 view .LVU468
 1110 0524 C4ED007A 		vstr.32	s15, [r4]
 264:Drivers/CMSIS/DSP/Source/TransformFunctions/arm_cfft_radix8_f32.c ****             p1 = co6 * r6;
 1111              		.loc 1 264 13 is_stmt 1 view .LVU469
 1112              		.loc 1 264 16 is_stmt 0 view .LVU470
 1113 0528 61EE2A7A 		vmul.f32	s15, s2, s21
 1114              	.LVL199:
 265:Drivers/CMSIS/DSP/Source/TransformFunctions/arm_cfft_radix8_f32.c ****             p2 = si6 * s6;
 1115              		.loc 1 265 13 is_stmt 1 view .LVU471
 1116              		.loc 1 265 16 is_stmt 0 view .LVU472
 1117 052c 24EE8A6A 		vmul.f32	s12, s9, s20
 1118              	.LVL200:
 266:Drivers/CMSIS/DSP/Source/TransformFunctions/arm_cfft_radix8_f32.c ****             p3 = co6 * s6;
 1119              		.loc 1 266 13 is_stmt 1 view .LVU473
 1120              		.loc 1 266 16 is_stmt 0 view .LVU474
 1121 0530 21EE0A7A 		vmul.f32	s14, s2, s20
 1122              	.LVL201:
 267:Drivers/CMSIS/DSP/Source/TransformFunctions/arm_cfft_radix8_f32.c ****             p4 = si6 * r6;
 1123              		.loc 1 267 13 is_stmt 1 view .LVU475
 1124              		.loc 1 267 16 is_stmt 0 view .LVU476
 1125 0534 64EEAA6A 		vmul.f32	s13, s9, s21
 1126              	.LVL202:
 268:Drivers/CMSIS/DSP/Source/TransformFunctions/arm_cfft_radix8_f32.c ****             pSrc[2 * i6]     = p1 + p2;
 1127              		.loc 1 268 13 is_stmt 1 view .LVU477
 1128              		.loc 1 268 35 is_stmt 0 view .LVU478
 1129 0538 77EE867A 		vadd.f32	s15, s15, s12
 1130              	.LVL203:
 1131              		.loc 1 268 30 view .LVU479
 1132 053c 029E     		ldr	r6, [sp, #8]
 1133 053e C6ED007A 		vstr.32	s15, [r6]
 269:Drivers/CMSIS/DSP/Source/TransformFunctions/arm_cfft_radix8_f32.c ****             pSrc[2 * i6 + 1] = p3 - p4;
 1134              		.loc 1 269 13 is_stmt 1 view .LVU480
 1135              		.loc 1 269 35 is_stmt 0 view .LVU481
 1136 0542 37EE667A 		vsub.f32	s14, s14, s13
 1137              	.LVL204:
 1138              		.loc 1 269 30 view .LVU482
 1139 0546 80ED007A 		vstr.32	s14, [r0]
 270:Drivers/CMSIS/DSP/Source/TransformFunctions/arm_cfft_radix8_f32.c ****             p1 = co4 * t1;
 1140              		.loc 1 270 13 is_stmt 1 view .LVU483
 1141              		.loc 1 270 16 is_stmt 0 view .LVU484
 1142 054a 60EE296A 		vmul.f32	s13, s0, s19
 1143              	.LVL205:
 271:Drivers/CMSIS/DSP/Source/TransformFunctions/arm_cfft_radix8_f32.c ****             p2 = si4 * t2;
 1144              		.loc 1 271 13 is_stmt 1 view .LVU485
 1145              		.loc 1 271 16 is_stmt 0 view .LVU486
 1146 054e 23EE896A 		vmul.f32	s12, s7, s18
 1147              	.LVL206:
 272:Drivers/CMSIS/DSP/Source/TransformFunctions/arm_cfft_radix8_f32.c ****             p3 = co4 * t2;
 1148              		.loc 1 272 13 is_stmt 1 view .LVU487
 1149              		.loc 1 272 16 is_stmt 0 view .LVU488
 1150 0552 60EE097A 		vmul.f32	s15, s0, s18
 1151              	.LVL207:
 273:Drivers/CMSIS/DSP/Source/TransformFunctions/arm_cfft_radix8_f32.c ****             p4 = si4 * t1;
ARM GAS  /var/folders/n6/c271nzx11xl4r4_m7sqjlt0m0000gn/T//ccTfm71G.s 			page 26


 1152              		.loc 1 273 13 is_stmt 1 view .LVU489
 1153              		.loc 1 273 16 is_stmt 0 view .LVU490
 1154 0556 23EEA97A 		vmul.f32	s14, s7, s19
 1155 055a 01E0     		b	.L9
 1156              	.L10:
 1157              		.align	2
 1158              	.L8:
 1159 055c F304353F 		.word	1060439283
 1160              	.L9:
 1161              	.LVL208:
 274:Drivers/CMSIS/DSP/Source/TransformFunctions/arm_cfft_radix8_f32.c ****             pSrc[2 * i4]     = p1 + p2;
 1162              		.loc 1 274 13 is_stmt 1 view .LVU491
 1163              		.loc 1 274 35 is_stmt 0 view .LVU492
 1164 0560 76EE866A 		vadd.f32	s13, s13, s12
 1165              	.LVL209:
 1166              		.loc 1 274 30 view .LVU493
 1167 0564 049C     		ldr	r4, [sp, #16]
 1168 0566 C4ED006A 		vstr.32	s13, [r4]
 275:Drivers/CMSIS/DSP/Source/TransformFunctions/arm_cfft_radix8_f32.c ****             pSrc[2 * i4 + 1] = p3 - p4;
 1169              		.loc 1 275 13 is_stmt 1 view .LVU494
 1170              		.loc 1 275 35 is_stmt 0 view .LVU495
 1171 056a 77EEC77A 		vsub.f32	s15, s15, s14
 1172              	.LVL210:
 1173              		.loc 1 275 30 view .LVU496
 1174 056e C1ED007A 		vstr.32	s15, [r1]
 276:Drivers/CMSIS/DSP/Source/TransformFunctions/arm_cfft_radix8_f32.c **** 
 277:Drivers/CMSIS/DSP/Source/TransformFunctions/arm_cfft_radix8_f32.c ****             i1 += n1;
 1175              		.loc 1 277 13 is_stmt 1 view .LVU497
 1176              		.loc 1 277 16 is_stmt 0 view .LVU498
 1177 0572 059B     		ldr	r3, [sp, #20]
 1178 0574 9944     		add	r9, r9, r3
 1179              	.LVL211:
 278:Drivers/CMSIS/DSP/Source/TransformFunctions/arm_cfft_radix8_f32.c ****          } while (i1 < fftLen);
 1180              		.loc 1 278 22 is_stmt 1 discriminator 1 view .LVU499
 1181 0576 069B     		ldr	r3, [sp, #24]
 1182 0578 4B45     		cmp	r3, r9
 1183 057a 3FF6ACAE 		bhi	.L4
 279:Drivers/CMSIS/DSP/Source/TransformFunctions/arm_cfft_radix8_f32.c **** 
 280:Drivers/CMSIS/DSP/Source/TransformFunctions/arm_cfft_radix8_f32.c ****          j++;
 1184              		.loc 1 280 11 is_stmt 0 view .LVU500
 1185 057e 079B     		ldr	r3, [sp, #28]
 1186 0580 DDF82090 		ldr	r9, [sp, #32]
 1187              	.LVL212:
 1188              		.loc 1 280 11 view .LVU501
 1189 0584 099D     		ldr	r5, [sp, #36]
 1190              		.loc 1 280 10 is_stmt 1 view .LVU502
 1191              		.loc 1 280 11 is_stmt 0 view .LVU503
 1192 0586 09F10109 		add	r9, r9, #1
 1193              	.LVL213:
 281:Drivers/CMSIS/DSP/Source/TransformFunctions/arm_cfft_radix8_f32.c ****       } while (j < n2);
 1194              		.loc 1 281 18 is_stmt 1 view .LVU504
 1195 058a C845     		cmp	r8, r9
 1196 058c 3FF653AE 		bhi	.L5
 282:Drivers/CMSIS/DSP/Source/TransformFunctions/arm_cfft_radix8_f32.c **** 
 283:Drivers/CMSIS/DSP/Source/TransformFunctions/arm_cfft_radix8_f32.c ****       twidCoefModifier <<= 3;
 1197              		.loc 1 283 24 is_stmt 0 view .LVU505
 1198 0590 D946     		mov	r9, fp
ARM GAS  /var/folders/n6/c271nzx11xl4r4_m7sqjlt0m0000gn/T//ccTfm71G.s 			page 27


 1199              	.LVL214:
 1200              		.loc 1 283 7 is_stmt 1 view .LVU506
 1201              		.loc 1 283 24 is_stmt 0 view .LVU507
 1202 0592 0A9B     		ldr	r3, [sp, #40]
 1203 0594 DB00     		lsls	r3, r3, #3
 1204 0596 9BB2     		uxth	r3, r3
 1205 0598 0A93     		str	r3, [sp, #40]
 1206              	.LVL215:
 284:Drivers/CMSIS/DSP/Source/TransformFunctions/arm_cfft_radix8_f32.c ****    } while (n2 > 7);
 1207              		.loc 1 284 16 is_stmt 1 view .LVU508
  69:Drivers/CMSIS/DSP/Source/TransformFunctions/arm_cfft_radix8_f32.c ****       i1 = 0;
 1208              		.loc 1 69 10 is_stmt 0 view .LVU509
 1209 059a 0B9B     		ldr	r3, [sp, #44]
 1210 059c 0593     		str	r3, [sp, #20]
 1211              	.LVL216:
  69:Drivers/CMSIS/DSP/Source/TransformFunctions/arm_cfft_radix8_f32.c ****       i1 = 0;
 1212              		.loc 1 69 10 view .LVU510
 1213 059e 39E5     		b	.L6
 1214              	.LVL217:
 1215              	.L1:
 285:Drivers/CMSIS/DSP/Source/TransformFunctions/arm_cfft_radix8_f32.c **** }
 1216              		.loc 1 285 1 view .LVU511
 1217 05a0 0DB0     		add	sp, sp, #52
 1218              		.cfi_def_cfa_offset 92
 1219              		@ sp needed
 1220 05a2 BDEC0E8B 		vldm	sp!, {d8-d14}
 1221              		.cfi_restore 92
 1222              		.cfi_restore 93
 1223              		.cfi_restore 90
 1224              		.cfi_restore 91
 1225              		.cfi_restore 88
 1226              		.cfi_restore 89
 1227              		.cfi_restore 86
 1228              		.cfi_restore 87
 1229              		.cfi_restore 84
 1230              		.cfi_restore 85
 1231              		.cfi_restore 82
 1232              		.cfi_restore 83
 1233              		.cfi_restore 80
 1234              		.cfi_restore 81
 1235              		.cfi_def_cfa_offset 36
 1236 05a6 BDE8F08F 		pop	{r4, r5, r6, r7, r8, r9, r10, fp, pc}
 1237              		.loc 1 285 1 view .LVU512
 1238              		.cfi_endproc
 1239              	.LFE135:
 1241 05aa 00BF     		.text
 1242              	.Letext0:
 1243              		.file 2 "/Users/killian/Library/Application Support/Code/User/globalStorage/bmd.stm32-for-vscode/@
 1244              		.file 3 "/Users/killian/Library/Application Support/Code/User/globalStorage/bmd.stm32-for-vscode/@
 1245              		.file 4 "Drivers/CMSIS/DSP/Include/arm_math.h"
ARM GAS  /var/folders/n6/c271nzx11xl4r4_m7sqjlt0m0000gn/T//ccTfm71G.s 			page 28


DEFINED SYMBOLS
                            *ABS*:00000000 arm_cfft_radix8_f32.c
/var/folders/n6/c271nzx11xl4r4_m7sqjlt0m0000gn/T//ccTfm71G.s:20     .text.arm_radix8_butterfly_f32:00000000 $t
/var/folders/n6/c271nzx11xl4r4_m7sqjlt0m0000gn/T//ccTfm71G.s:26     .text.arm_radix8_butterfly_f32:00000000 arm_radix8_butterfly_f32
/var/folders/n6/c271nzx11xl4r4_m7sqjlt0m0000gn/T//ccTfm71G.s:1159   .text.arm_radix8_butterfly_f32:0000055c $d
/var/folders/n6/c271nzx11xl4r4_m7sqjlt0m0000gn/T//ccTfm71G.s:1164   .text.arm_radix8_butterfly_f32:00000560 $t

NO UNDEFINED SYMBOLS
