ARM GAS  /var/folders/n6/c271nzx11xl4r4_m7sqjlt0m0000gn/T//ccGbK11r.s 			page 1


   1              		.cpu cortex-m7
   2              		.arch armv7e-m
   3              		.fpu fpv5-d16
   4              		.eabi_attribute 28, 1
   5              		.eabi_attribute 20, 1
   6              		.eabi_attribute 21, 1
   7              		.eabi_attribute 23, 3
   8              		.eabi_attribute 24, 1
   9              		.eabi_attribute 25, 1
  10              		.eabi_attribute 26, 1
  11              		.eabi_attribute 30, 1
  12              		.eabi_attribute 34, 1
  13              		.eabi_attribute 18, 4
  14              		.file	"arm_fir_decimate_fast_q31.c"
  15              		.text
  16              	.Ltext0:
  17              		.cfi_sections	.debug_frame
  18              		.file 1 "Drivers/CMSIS/DSP/Source/FilteringFunctions/arm_fir_decimate_fast_q31.c"
  19              		.section	.text.arm_fir_decimate_fast_q31,"ax",%progbits
  20              		.align	1
  21              		.global	arm_fir_decimate_fast_q31
  22              		.syntax unified
  23              		.thumb
  24              		.thumb_func
  26              	arm_fir_decimate_fast_q31:
  27              	.LVL0:
  28              	.LFB135:
   1:Drivers/CMSIS/DSP/Source/FilteringFunctions/arm_fir_decimate_fast_q31.c **** /* ----------------------------------------------------------------------
   2:Drivers/CMSIS/DSP/Source/FilteringFunctions/arm_fir_decimate_fast_q31.c ****  * Project:      CMSIS DSP Library
   3:Drivers/CMSIS/DSP/Source/FilteringFunctions/arm_fir_decimate_fast_q31.c ****  * Title:        arm_fir_decimate_fast_q31.c
   4:Drivers/CMSIS/DSP/Source/FilteringFunctions/arm_fir_decimate_fast_q31.c ****  * Description:  Fast Q31 FIR Decimator
   5:Drivers/CMSIS/DSP/Source/FilteringFunctions/arm_fir_decimate_fast_q31.c ****  *
   6:Drivers/CMSIS/DSP/Source/FilteringFunctions/arm_fir_decimate_fast_q31.c ****  * $Date:        27. January 2017
   7:Drivers/CMSIS/DSP/Source/FilteringFunctions/arm_fir_decimate_fast_q31.c ****  * $Revision:    V.1.5.1
   8:Drivers/CMSIS/DSP/Source/FilteringFunctions/arm_fir_decimate_fast_q31.c ****  *
   9:Drivers/CMSIS/DSP/Source/FilteringFunctions/arm_fir_decimate_fast_q31.c ****  * Target Processor: Cortex-M cores
  10:Drivers/CMSIS/DSP/Source/FilteringFunctions/arm_fir_decimate_fast_q31.c ****  * -------------------------------------------------------------------- */
  11:Drivers/CMSIS/DSP/Source/FilteringFunctions/arm_fir_decimate_fast_q31.c **** /*
  12:Drivers/CMSIS/DSP/Source/FilteringFunctions/arm_fir_decimate_fast_q31.c ****  * Copyright (C) 2010-2017 ARM Limited or its affiliates. All rights reserved.
  13:Drivers/CMSIS/DSP/Source/FilteringFunctions/arm_fir_decimate_fast_q31.c ****  *
  14:Drivers/CMSIS/DSP/Source/FilteringFunctions/arm_fir_decimate_fast_q31.c ****  * SPDX-License-Identifier: Apache-2.0
  15:Drivers/CMSIS/DSP/Source/FilteringFunctions/arm_fir_decimate_fast_q31.c ****  *
  16:Drivers/CMSIS/DSP/Source/FilteringFunctions/arm_fir_decimate_fast_q31.c ****  * Licensed under the Apache License, Version 2.0 (the License); you may
  17:Drivers/CMSIS/DSP/Source/FilteringFunctions/arm_fir_decimate_fast_q31.c ****  * not use this file except in compliance with the License.
  18:Drivers/CMSIS/DSP/Source/FilteringFunctions/arm_fir_decimate_fast_q31.c ****  * You may obtain a copy of the License at
  19:Drivers/CMSIS/DSP/Source/FilteringFunctions/arm_fir_decimate_fast_q31.c ****  *
  20:Drivers/CMSIS/DSP/Source/FilteringFunctions/arm_fir_decimate_fast_q31.c ****  * www.apache.org/licenses/LICENSE-2.0
  21:Drivers/CMSIS/DSP/Source/FilteringFunctions/arm_fir_decimate_fast_q31.c ****  *
  22:Drivers/CMSIS/DSP/Source/FilteringFunctions/arm_fir_decimate_fast_q31.c ****  * Unless required by applicable law or agreed to in writing, software
  23:Drivers/CMSIS/DSP/Source/FilteringFunctions/arm_fir_decimate_fast_q31.c ****  * distributed under the License is distributed on an AS IS BASIS, WITHOUT
  24:Drivers/CMSIS/DSP/Source/FilteringFunctions/arm_fir_decimate_fast_q31.c ****  * WARRANTIES OR CONDITIONS OF ANY KIND, either express or implied.
  25:Drivers/CMSIS/DSP/Source/FilteringFunctions/arm_fir_decimate_fast_q31.c ****  * See the License for the specific language governing permissions and
  26:Drivers/CMSIS/DSP/Source/FilteringFunctions/arm_fir_decimate_fast_q31.c ****  * limitations under the License.
  27:Drivers/CMSIS/DSP/Source/FilteringFunctions/arm_fir_decimate_fast_q31.c ****  */
  28:Drivers/CMSIS/DSP/Source/FilteringFunctions/arm_fir_decimate_fast_q31.c **** 
  29:Drivers/CMSIS/DSP/Source/FilteringFunctions/arm_fir_decimate_fast_q31.c **** #include "arm_math.h"
  30:Drivers/CMSIS/DSP/Source/FilteringFunctions/arm_fir_decimate_fast_q31.c **** 
ARM GAS  /var/folders/n6/c271nzx11xl4r4_m7sqjlt0m0000gn/T//ccGbK11r.s 			page 2


  31:Drivers/CMSIS/DSP/Source/FilteringFunctions/arm_fir_decimate_fast_q31.c **** /**
  32:Drivers/CMSIS/DSP/Source/FilteringFunctions/arm_fir_decimate_fast_q31.c ****  * @ingroup groupFilters
  33:Drivers/CMSIS/DSP/Source/FilteringFunctions/arm_fir_decimate_fast_q31.c ****  */
  34:Drivers/CMSIS/DSP/Source/FilteringFunctions/arm_fir_decimate_fast_q31.c **** 
  35:Drivers/CMSIS/DSP/Source/FilteringFunctions/arm_fir_decimate_fast_q31.c **** /**
  36:Drivers/CMSIS/DSP/Source/FilteringFunctions/arm_fir_decimate_fast_q31.c ****  * @addtogroup FIR_decimate
  37:Drivers/CMSIS/DSP/Source/FilteringFunctions/arm_fir_decimate_fast_q31.c ****  * @{
  38:Drivers/CMSIS/DSP/Source/FilteringFunctions/arm_fir_decimate_fast_q31.c ****  */
  39:Drivers/CMSIS/DSP/Source/FilteringFunctions/arm_fir_decimate_fast_q31.c **** 
  40:Drivers/CMSIS/DSP/Source/FilteringFunctions/arm_fir_decimate_fast_q31.c **** /**
  41:Drivers/CMSIS/DSP/Source/FilteringFunctions/arm_fir_decimate_fast_q31.c ****  * @brief Processing function for the Q31 FIR decimator (fast variant) for Cortex-M3 and Cortex-M4.
  42:Drivers/CMSIS/DSP/Source/FilteringFunctions/arm_fir_decimate_fast_q31.c ****  * @param[in] *S points to an instance of the Q31 FIR decimator structure.
  43:Drivers/CMSIS/DSP/Source/FilteringFunctions/arm_fir_decimate_fast_q31.c ****  * @param[in] *pSrc points to the block of input data.
  44:Drivers/CMSIS/DSP/Source/FilteringFunctions/arm_fir_decimate_fast_q31.c ****  * @param[out] *pDst points to the block of output data
  45:Drivers/CMSIS/DSP/Source/FilteringFunctions/arm_fir_decimate_fast_q31.c ****  * @param[in] blockSize number of input samples to process per call.
  46:Drivers/CMSIS/DSP/Source/FilteringFunctions/arm_fir_decimate_fast_q31.c ****  * @return none
  47:Drivers/CMSIS/DSP/Source/FilteringFunctions/arm_fir_decimate_fast_q31.c ****  *
  48:Drivers/CMSIS/DSP/Source/FilteringFunctions/arm_fir_decimate_fast_q31.c ****  * <b>Scaling and Overflow Behavior:</b>
  49:Drivers/CMSIS/DSP/Source/FilteringFunctions/arm_fir_decimate_fast_q31.c ****  *
  50:Drivers/CMSIS/DSP/Source/FilteringFunctions/arm_fir_decimate_fast_q31.c ****  * \par
  51:Drivers/CMSIS/DSP/Source/FilteringFunctions/arm_fir_decimate_fast_q31.c ****  * This function is optimized for speed at the expense of fixed-point precision and overflow protec
  52:Drivers/CMSIS/DSP/Source/FilteringFunctions/arm_fir_decimate_fast_q31.c ****  * The result of each 1.31 x 1.31 multiplication is truncated to 2.30 format.
  53:Drivers/CMSIS/DSP/Source/FilteringFunctions/arm_fir_decimate_fast_q31.c ****  * These intermediate results are added to a 2.30 accumulator.
  54:Drivers/CMSIS/DSP/Source/FilteringFunctions/arm_fir_decimate_fast_q31.c ****  * Finally, the accumulator is saturated and converted to a 1.31 result.
  55:Drivers/CMSIS/DSP/Source/FilteringFunctions/arm_fir_decimate_fast_q31.c ****  * The fast version has the same overflow behavior as the standard version and provides less precis
  56:Drivers/CMSIS/DSP/Source/FilteringFunctions/arm_fir_decimate_fast_q31.c ****  * In order to avoid overflows completely the input signal must be scaled down by log2(numTaps) bit
  57:Drivers/CMSIS/DSP/Source/FilteringFunctions/arm_fir_decimate_fast_q31.c ****  *
  58:Drivers/CMSIS/DSP/Source/FilteringFunctions/arm_fir_decimate_fast_q31.c ****  * \par
  59:Drivers/CMSIS/DSP/Source/FilteringFunctions/arm_fir_decimate_fast_q31.c ****  * Refer to the function <code>arm_fir_decimate_q31()</code> for a slower implementation of this fu
  60:Drivers/CMSIS/DSP/Source/FilteringFunctions/arm_fir_decimate_fast_q31.c ****  * Both the slow and the fast versions use the same instance structure.
  61:Drivers/CMSIS/DSP/Source/FilteringFunctions/arm_fir_decimate_fast_q31.c ****  * Use the function <code>arm_fir_decimate_init_q31()</code> to initialize the filter structure.
  62:Drivers/CMSIS/DSP/Source/FilteringFunctions/arm_fir_decimate_fast_q31.c ****  */
  63:Drivers/CMSIS/DSP/Source/FilteringFunctions/arm_fir_decimate_fast_q31.c **** 
  64:Drivers/CMSIS/DSP/Source/FilteringFunctions/arm_fir_decimate_fast_q31.c **** void arm_fir_decimate_fast_q31(
  65:Drivers/CMSIS/DSP/Source/FilteringFunctions/arm_fir_decimate_fast_q31.c ****   arm_fir_decimate_instance_q31 * S,
  66:Drivers/CMSIS/DSP/Source/FilteringFunctions/arm_fir_decimate_fast_q31.c ****   q31_t * pSrc,
  67:Drivers/CMSIS/DSP/Source/FilteringFunctions/arm_fir_decimate_fast_q31.c ****   q31_t * pDst,
  68:Drivers/CMSIS/DSP/Source/FilteringFunctions/arm_fir_decimate_fast_q31.c ****   uint32_t blockSize)
  69:Drivers/CMSIS/DSP/Source/FilteringFunctions/arm_fir_decimate_fast_q31.c **** {
  29              		.loc 1 69 1 view -0
  30              		.cfi_startproc
  31              		@ args = 0, pretend = 0, frame = 32
  32              		@ frame_needed = 0, uses_anonymous_args = 0
  33              		.loc 1 69 1 is_stmt 0 view .LVU1
  34 0000 2DE9F04F 		push	{r4, r5, r6, r7, r8, r9, r10, fp, lr}
  35              		.cfi_def_cfa_offset 36
  36              		.cfi_offset 4, -36
  37              		.cfi_offset 5, -32
  38              		.cfi_offset 6, -28
  39              		.cfi_offset 7, -24
  40              		.cfi_offset 8, -20
  41              		.cfi_offset 9, -16
  42              		.cfi_offset 10, -12
  43              		.cfi_offset 11, -8
  44              		.cfi_offset 14, -4
  45 0004 89B0     		sub	sp, sp, #36
  46              		.cfi_def_cfa_offset 72
ARM GAS  /var/folders/n6/c271nzx11xl4r4_m7sqjlt0m0000gn/T//ccGbK11r.s 			page 3


  47 0006 8A46     		mov	r10, r1
  48 0008 0092     		str	r2, [sp]
  70:Drivers/CMSIS/DSP/Source/FilteringFunctions/arm_fir_decimate_fast_q31.c ****   q31_t *pState = S->pState;                     /* State pointer */
  49              		.loc 1 70 3 is_stmt 1 view .LVU2
  50              		.loc 1 70 10 is_stmt 0 view .LVU3
  51 000a D0F808B0 		ldr	fp, [r0, #8]
  52              	.LVL1:
  71:Drivers/CMSIS/DSP/Source/FilteringFunctions/arm_fir_decimate_fast_q31.c ****   q31_t *pCoeffs = S->pCoeffs;                   /* Coefficient pointer */
  53              		.loc 1 71 3 is_stmt 1 view .LVU4
  54              		.loc 1 71 10 is_stmt 0 view .LVU5
  55 000e 4268     		ldr	r2, [r0, #4]
  56              	.LVL2:
  57              		.loc 1 71 10 view .LVU6
  58 0010 0292     		str	r2, [sp, #8]
  59              	.LVL3:
  72:Drivers/CMSIS/DSP/Source/FilteringFunctions/arm_fir_decimate_fast_q31.c ****   q31_t *pStateCurnt;                            /* Points to the current sample of the state */
  60              		.loc 1 72 3 is_stmt 1 view .LVU7
  73:Drivers/CMSIS/DSP/Source/FilteringFunctions/arm_fir_decimate_fast_q31.c ****   q31_t x0, c0;                                  /* Temporary variables to hold state and coefficie
  61              		.loc 1 73 3 view .LVU8
  74:Drivers/CMSIS/DSP/Source/FilteringFunctions/arm_fir_decimate_fast_q31.c ****   q31_t *px;                                     /* Temporary pointers for state buffer */
  62              		.loc 1 74 3 view .LVU9
  75:Drivers/CMSIS/DSP/Source/FilteringFunctions/arm_fir_decimate_fast_q31.c ****   q31_t *pb;                                     /* Temporary pointers for coefficient buffer */
  63              		.loc 1 75 3 view .LVU10
  76:Drivers/CMSIS/DSP/Source/FilteringFunctions/arm_fir_decimate_fast_q31.c ****   q31_t sum0;                                    /* Accumulator */
  64              		.loc 1 76 3 view .LVU11
  77:Drivers/CMSIS/DSP/Source/FilteringFunctions/arm_fir_decimate_fast_q31.c ****   uint32_t numTaps = S->numTaps;                 /* Number of taps */
  65              		.loc 1 77 3 view .LVU12
  66              		.loc 1 77 23 is_stmt 0 view .LVU13
  67 0012 4788     		ldrh	r7, [r0, #2]
  68              	.LVL4:
  78:Drivers/CMSIS/DSP/Source/FilteringFunctions/arm_fir_decimate_fast_q31.c ****   uint32_t i, tapCnt, blkCnt, outBlockSize = blockSize / S->M;  /* Loop counters */
  69              		.loc 1 78 3 is_stmt 1 view .LVU14
  70              		.loc 1 78 59 is_stmt 0 view .LVU15
  71 0014 0278     		ldrb	r2, [r0]	@ zero_extendqisi2
  72              	.LVL5:
  73              		.loc 1 78 31 view .LVU16
  74 0016 B3FBF2F3 		udiv	r3, r3, r2
  75              	.LVL6:
  79:Drivers/CMSIS/DSP/Source/FilteringFunctions/arm_fir_decimate_fast_q31.c ****   uint32_t blkCntN2;
  76              		.loc 1 79 3 is_stmt 1 view .LVU17
  80:Drivers/CMSIS/DSP/Source/FilteringFunctions/arm_fir_decimate_fast_q31.c ****   q31_t x1;
  77              		.loc 1 80 3 view .LVU18
  81:Drivers/CMSIS/DSP/Source/FilteringFunctions/arm_fir_decimate_fast_q31.c ****   q31_t acc0, acc1;
  78              		.loc 1 81 3 view .LVU19
  82:Drivers/CMSIS/DSP/Source/FilteringFunctions/arm_fir_decimate_fast_q31.c ****   q31_t *px0, *px1;
  79              		.loc 1 82 3 view .LVU20
  83:Drivers/CMSIS/DSP/Source/FilteringFunctions/arm_fir_decimate_fast_q31.c **** 
  84:Drivers/CMSIS/DSP/Source/FilteringFunctions/arm_fir_decimate_fast_q31.c ****   /* S->pState buffer contains previous frame (numTaps - 1) samples */
  85:Drivers/CMSIS/DSP/Source/FilteringFunctions/arm_fir_decimate_fast_q31.c ****   /* pStateCurnt points to the location where the new input data should be written */
  86:Drivers/CMSIS/DSP/Source/FilteringFunctions/arm_fir_decimate_fast_q31.c ****   pStateCurnt = S->pState + (numTaps - 1U);
  80              		.loc 1 86 3 view .LVU21
  81              		.loc 1 86 27 is_stmt 0 view .LVU22
  82 001a 6FF0404E 		mvn	lr, #-1073741824
  83 001e BE44     		add	lr, lr, r7
  84              		.loc 1 86 15 view .LVU23
  85 0020 0BEB8E0E 		add	lr, fp, lr, lsl #2
  86              	.LVL7:
ARM GAS  /var/folders/n6/c271nzx11xl4r4_m7sqjlt0m0000gn/T//ccGbK11r.s 			page 4


  87:Drivers/CMSIS/DSP/Source/FilteringFunctions/arm_fir_decimate_fast_q31.c **** 
  88:Drivers/CMSIS/DSP/Source/FilteringFunctions/arm_fir_decimate_fast_q31.c ****   /* Total number of output samples to be computed */
  89:Drivers/CMSIS/DSP/Source/FilteringFunctions/arm_fir_decimate_fast_q31.c **** 
  90:Drivers/CMSIS/DSP/Source/FilteringFunctions/arm_fir_decimate_fast_q31.c ****   blkCnt = outBlockSize / 2;
  87              		.loc 1 90 3 is_stmt 1 view .LVU24
  88              		.loc 1 90 10 is_stmt 0 view .LVU25
  89 0024 4FEA5308 		lsr	r8, r3, #1
  90              	.LVL8:
  91:Drivers/CMSIS/DSP/Source/FilteringFunctions/arm_fir_decimate_fast_q31.c ****   blkCntN2 = outBlockSize - (2 * blkCnt);
  91              		.loc 1 91 3 is_stmt 1 view .LVU26
  92 0028 03F00101 		and	r1, r3, #1
  93              	.LVL9:
  92:Drivers/CMSIS/DSP/Source/FilteringFunctions/arm_fir_decimate_fast_q31.c **** 
  93:Drivers/CMSIS/DSP/Source/FilteringFunctions/arm_fir_decimate_fast_q31.c ****   while (blkCnt > 0U)
  94              		.loc 1 93 3 view .LVU27
  95 002c BC46     		mov	ip, r7
  96 002e CDF804E0 		str	lr, [sp, #4]
  97 0032 C146     		mov	r9, r8
  98 0034 0791     		str	r1, [sp, #28]
  99 0036 0746     		mov	r7, r0
 100              	.LVL10:
 101              		.loc 1 93 9 is_stmt 0 view .LVU28
 102 0038 AAE0     		b	.L2
 103              	.LVL11:
 104              	.L5:
  94:Drivers/CMSIS/DSP/Source/FilteringFunctions/arm_fir_decimate_fast_q31.c ****   {
  95:Drivers/CMSIS/DSP/Source/FilteringFunctions/arm_fir_decimate_fast_q31.c ****     /* Copy decimation factor number of new input samples into the state buffer */
  96:Drivers/CMSIS/DSP/Source/FilteringFunctions/arm_fir_decimate_fast_q31.c ****     i = 2 * S->M;
  97:Drivers/CMSIS/DSP/Source/FilteringFunctions/arm_fir_decimate_fast_q31.c **** 
  98:Drivers/CMSIS/DSP/Source/FilteringFunctions/arm_fir_decimate_fast_q31.c ****     do
  99:Drivers/CMSIS/DSP/Source/FilteringFunctions/arm_fir_decimate_fast_q31.c ****     {
 100:Drivers/CMSIS/DSP/Source/FilteringFunctions/arm_fir_decimate_fast_q31.c ****       *pStateCurnt++ = *pSrc++;
 101:Drivers/CMSIS/DSP/Source/FilteringFunctions/arm_fir_decimate_fast_q31.c **** 
 102:Drivers/CMSIS/DSP/Source/FilteringFunctions/arm_fir_decimate_fast_q31.c ****     } while (--i);
 103:Drivers/CMSIS/DSP/Source/FilteringFunctions/arm_fir_decimate_fast_q31.c **** 
 104:Drivers/CMSIS/DSP/Source/FilteringFunctions/arm_fir_decimate_fast_q31.c ****     /* Set accumulator to zero */
 105:Drivers/CMSIS/DSP/Source/FilteringFunctions/arm_fir_decimate_fast_q31.c ****     acc0 = 0;
 106:Drivers/CMSIS/DSP/Source/FilteringFunctions/arm_fir_decimate_fast_q31.c ****     acc1 = 0;
 107:Drivers/CMSIS/DSP/Source/FilteringFunctions/arm_fir_decimate_fast_q31.c **** 
 108:Drivers/CMSIS/DSP/Source/FilteringFunctions/arm_fir_decimate_fast_q31.c ****     /* Initialize state pointer */
 109:Drivers/CMSIS/DSP/Source/FilteringFunctions/arm_fir_decimate_fast_q31.c ****     px0 = pState;
 110:Drivers/CMSIS/DSP/Source/FilteringFunctions/arm_fir_decimate_fast_q31.c ****     px1 = pState + S->M;
 111:Drivers/CMSIS/DSP/Source/FilteringFunctions/arm_fir_decimate_fast_q31.c **** 
 112:Drivers/CMSIS/DSP/Source/FilteringFunctions/arm_fir_decimate_fast_q31.c ****     /* Initialize coeff pointer */
 113:Drivers/CMSIS/DSP/Source/FilteringFunctions/arm_fir_decimate_fast_q31.c ****     pb = pCoeffs;
 114:Drivers/CMSIS/DSP/Source/FilteringFunctions/arm_fir_decimate_fast_q31.c **** 
 115:Drivers/CMSIS/DSP/Source/FilteringFunctions/arm_fir_decimate_fast_q31.c ****     /* Loop unrolling.  Process 4 taps at a time. */
 116:Drivers/CMSIS/DSP/Source/FilteringFunctions/arm_fir_decimate_fast_q31.c ****     tapCnt = numTaps >> 2;
 117:Drivers/CMSIS/DSP/Source/FilteringFunctions/arm_fir_decimate_fast_q31.c **** 
 118:Drivers/CMSIS/DSP/Source/FilteringFunctions/arm_fir_decimate_fast_q31.c ****     /* Loop over the number of taps.  Unroll by a factor of 4.
 119:Drivers/CMSIS/DSP/Source/FilteringFunctions/arm_fir_decimate_fast_q31.c ****      ** Repeat until we've computed numTaps-4 coefficients. */
 120:Drivers/CMSIS/DSP/Source/FilteringFunctions/arm_fir_decimate_fast_q31.c ****     while (tapCnt > 0U)
 121:Drivers/CMSIS/DSP/Source/FilteringFunctions/arm_fir_decimate_fast_q31.c ****     {
 122:Drivers/CMSIS/DSP/Source/FilteringFunctions/arm_fir_decimate_fast_q31.c ****       /* Read the b[numTaps-1] coefficient */
 123:Drivers/CMSIS/DSP/Source/FilteringFunctions/arm_fir_decimate_fast_q31.c ****       c0 = *(pb);
 105              		.loc 1 123 7 is_stmt 1 view .LVU29
 106              		.loc 1 123 10 is_stmt 0 view .LVU30
ARM GAS  /var/folders/n6/c271nzx11xl4r4_m7sqjlt0m0000gn/T//ccGbK11r.s 			page 5


 107 003a 0D68     		ldr	r5, [r1]
 108              	.LVL12:
 124:Drivers/CMSIS/DSP/Source/FilteringFunctions/arm_fir_decimate_fast_q31.c **** 
 125:Drivers/CMSIS/DSP/Source/FilteringFunctions/arm_fir_decimate_fast_q31.c ****       /* Read x[n-numTaps-1] for sample 0 sample 1 */
 126:Drivers/CMSIS/DSP/Source/FilteringFunctions/arm_fir_decimate_fast_q31.c ****       x0 = *(px0);
 109              		.loc 1 126 7 is_stmt 1 view .LVU31
 110              		.loc 1 126 10 is_stmt 0 view .LVU32
 111 003c D0F80080 		ldr	r8, [r0]
 112              	.LVL13:
 127:Drivers/CMSIS/DSP/Source/FilteringFunctions/arm_fir_decimate_fast_q31.c ****       x1 = *(px1);
 113              		.loc 1 127 7 is_stmt 1 view .LVU33
 114              		.loc 1 127 10 is_stmt 0 view .LVU34
 115 0040 2668     		ldr	r6, [r4]
 116              	.LVL14:
 128:Drivers/CMSIS/DSP/Source/FilteringFunctions/arm_fir_decimate_fast_q31.c **** 
 129:Drivers/CMSIS/DSP/Source/FilteringFunctions/arm_fir_decimate_fast_q31.c ****       /* Perform the multiply-accumulate */
 130:Drivers/CMSIS/DSP/Source/FilteringFunctions/arm_fir_decimate_fast_q31.c ****       acc0 = (q31_t) ((((q63_t) acc0 << 32) + ((q63_t) x0 * c0)) >> 32);
 117              		.loc 1 130 7 is_stmt 1 view .LVU35
 118              		.loc 1 130 48 is_stmt 0 view .LVU36
 119 0042 4FEAE87B 		asr	fp, r8, #31
 120              		.loc 1 130 59 view .LVU37
 121 0046 4FEAE579 		asr	r9, r5, #31
 122 004a 08FB09FE 		mul	lr, r8, r9
 123 004e 05FB0BEE 		mla	lr, r5, fp, lr
 124 0052 A8FB058B 		umull	r8, fp, r8, r5
 125              	.LVL15:
 126              		.loc 1 130 59 view .LVU38
 127 0056 DE44     		add	lr, lr, fp
 128              		.loc 1 130 45 view .LVU39
 129 0058 7244     		add	r2, r2, lr
 130              	.LVL16:
 131:Drivers/CMSIS/DSP/Source/FilteringFunctions/arm_fir_decimate_fast_q31.c ****       acc1 = (q31_t) ((((q63_t) acc1 << 32) + ((q63_t) x1 * c0)) >> 32);
 131              		.loc 1 131 7 is_stmt 1 view .LVU40
 132              		.loc 1 131 48 is_stmt 0 view .LVU41
 133 005a 4FEAE67E 		asr	lr, r6, #31
 134              		.loc 1 131 59 view .LVU42
 135 005e 05FB0EFE 		mul	lr, r5, lr
 136 0062 06FB09EE 		mla	lr, r6, r9, lr
 137 0066 A5FB0656 		umull	r5, r6, r5, r6
 138              	.LVL17:
 139              		.loc 1 131 59 view .LVU43
 140 006a B644     		add	lr, lr, r6
 141              		.loc 1 131 45 view .LVU44
 142 006c 7344     		add	r3, r3, lr
 143              	.LVL18:
 132:Drivers/CMSIS/DSP/Source/FilteringFunctions/arm_fir_decimate_fast_q31.c **** 
 133:Drivers/CMSIS/DSP/Source/FilteringFunctions/arm_fir_decimate_fast_q31.c ****       /* Read the b[numTaps-2] coefficient */
 134:Drivers/CMSIS/DSP/Source/FilteringFunctions/arm_fir_decimate_fast_q31.c ****       c0 = *(pb + 1U);
 144              		.loc 1 134 7 is_stmt 1 view .LVU45
 145              		.loc 1 134 10 is_stmt 0 view .LVU46
 146 006e 4D68     		ldr	r5, [r1, #4]
 147              	.LVL19:
 135:Drivers/CMSIS/DSP/Source/FilteringFunctions/arm_fir_decimate_fast_q31.c **** 
 136:Drivers/CMSIS/DSP/Source/FilteringFunctions/arm_fir_decimate_fast_q31.c ****       /* Read x[n-numTaps-2]  for sample 0 sample 1  */
 137:Drivers/CMSIS/DSP/Source/FilteringFunctions/arm_fir_decimate_fast_q31.c ****       x0 = *(px0 + 1U);
 148              		.loc 1 137 7 is_stmt 1 view .LVU47
 149              		.loc 1 137 10 is_stmt 0 view .LVU48
ARM GAS  /var/folders/n6/c271nzx11xl4r4_m7sqjlt0m0000gn/T//ccGbK11r.s 			page 6


 150 0070 D0F80480 		ldr	r8, [r0, #4]
 151              	.LVL20:
 138:Drivers/CMSIS/DSP/Source/FilteringFunctions/arm_fir_decimate_fast_q31.c ****       x1 = *(px1 + 1U);
 152              		.loc 1 138 7 is_stmt 1 view .LVU49
 153              		.loc 1 138 10 is_stmt 0 view .LVU50
 154 0074 6668     		ldr	r6, [r4, #4]
 155              	.LVL21:
 139:Drivers/CMSIS/DSP/Source/FilteringFunctions/arm_fir_decimate_fast_q31.c **** 
 140:Drivers/CMSIS/DSP/Source/FilteringFunctions/arm_fir_decimate_fast_q31.c ****       /* Perform the multiply-accumulate */
 141:Drivers/CMSIS/DSP/Source/FilteringFunctions/arm_fir_decimate_fast_q31.c ****       acc0 = (q31_t) ((((q63_t) acc0 << 32) + ((q63_t) x0 * c0)) >> 32);
 156              		.loc 1 141 7 is_stmt 1 view .LVU51
 157              		.loc 1 141 48 is_stmt 0 view .LVU52
 158 0076 4FEAE87B 		asr	fp, r8, #31
 159              		.loc 1 141 59 view .LVU53
 160 007a 4FEAE579 		asr	r9, r5, #31
 161 007e 08FB09FE 		mul	lr, r8, r9
 162 0082 05FB0BEE 		mla	lr, r5, fp, lr
 163 0086 A8FB058B 		umull	r8, fp, r8, r5
 164              	.LVL22:
 165              		.loc 1 141 59 view .LVU54
 166 008a DE44     		add	lr, lr, fp
 167              		.loc 1 141 45 view .LVU55
 168 008c 7244     		add	r2, r2, lr
 142:Drivers/CMSIS/DSP/Source/FilteringFunctions/arm_fir_decimate_fast_q31.c ****       acc1 = (q31_t) ((((q63_t) acc1 << 32) + ((q63_t) x1 * c0)) >> 32);
 169              		.loc 1 142 7 is_stmt 1 view .LVU56
 170              		.loc 1 142 48 is_stmt 0 view .LVU57
 171 008e 4FEAE67E 		asr	lr, r6, #31
 172              		.loc 1 142 59 view .LVU58
 173 0092 05FB0EFE 		mul	lr, r5, lr
 174 0096 06FB09EE 		mla	lr, r6, r9, lr
 175 009a A5FB0656 		umull	r5, r6, r5, r6
 176              	.LVL23:
 177              		.loc 1 142 59 view .LVU59
 178 009e B644     		add	lr, lr, r6
 179              		.loc 1 142 45 view .LVU60
 180 00a0 7344     		add	r3, r3, lr
 143:Drivers/CMSIS/DSP/Source/FilteringFunctions/arm_fir_decimate_fast_q31.c **** 
 144:Drivers/CMSIS/DSP/Source/FilteringFunctions/arm_fir_decimate_fast_q31.c ****       /* Read the b[numTaps-3] coefficient */
 145:Drivers/CMSIS/DSP/Source/FilteringFunctions/arm_fir_decimate_fast_q31.c ****       c0 = *(pb + 2U);
 181              		.loc 1 145 7 is_stmt 1 view .LVU61
 182              		.loc 1 145 10 is_stmt 0 view .LVU62
 183 00a2 8E68     		ldr	r6, [r1, #8]
 184              	.LVL24:
 146:Drivers/CMSIS/DSP/Source/FilteringFunctions/arm_fir_decimate_fast_q31.c **** 
 147:Drivers/CMSIS/DSP/Source/FilteringFunctions/arm_fir_decimate_fast_q31.c ****       /* Read x[n-numTaps-3]  for sample 0 sample 1 */
 148:Drivers/CMSIS/DSP/Source/FilteringFunctions/arm_fir_decimate_fast_q31.c ****       x0 = *(px0 + 2U);
 185              		.loc 1 148 7 is_stmt 1 view .LVU63
 186              		.loc 1 148 10 is_stmt 0 view .LVU64
 187 00a4 D0F80880 		ldr	r8, [r0, #8]
 188              	.LVL25:
 149:Drivers/CMSIS/DSP/Source/FilteringFunctions/arm_fir_decimate_fast_q31.c ****       x1 = *(px1 + 2U);
 189              		.loc 1 149 7 is_stmt 1 view .LVU65
 190              		.loc 1 149 10 is_stmt 0 view .LVU66
 191 00a8 A568     		ldr	r5, [r4, #8]
 192              	.LVL26:
 150:Drivers/CMSIS/DSP/Source/FilteringFunctions/arm_fir_decimate_fast_q31.c ****       pb += 4U;
 193              		.loc 1 150 7 is_stmt 1 view .LVU67
ARM GAS  /var/folders/n6/c271nzx11xl4r4_m7sqjlt0m0000gn/T//ccGbK11r.s 			page 7


 194              		.loc 1 150 10 is_stmt 0 view .LVU68
 195 00aa 1031     		adds	r1, r1, #16
 196              	.LVL27:
 151:Drivers/CMSIS/DSP/Source/FilteringFunctions/arm_fir_decimate_fast_q31.c **** 
 152:Drivers/CMSIS/DSP/Source/FilteringFunctions/arm_fir_decimate_fast_q31.c ****       /* Perform the multiply-accumulate */
 153:Drivers/CMSIS/DSP/Source/FilteringFunctions/arm_fir_decimate_fast_q31.c ****       acc0 = (q31_t) ((((q63_t) acc0 << 32) + ((q63_t) x0 * c0)) >> 32);
 197              		.loc 1 153 7 is_stmt 1 view .LVU69
 198              		.loc 1 153 48 is_stmt 0 view .LVU70
 199 00ac 4FEAE87B 		asr	fp, r8, #31
 200              		.loc 1 153 59 view .LVU71
 201 00b0 4FEAE679 		asr	r9, r6, #31
 202 00b4 08FB09FE 		mul	lr, r8, r9
 203 00b8 06FB0BEE 		mla	lr, r6, fp, lr
 204 00bc A8FB068B 		umull	r8, fp, r8, r6
 205              	.LVL28:
 206              		.loc 1 153 59 view .LVU72
 207 00c0 DE44     		add	lr, lr, fp
 208              		.loc 1 153 45 view .LVU73
 209 00c2 9644     		add	lr, lr, r2
 154:Drivers/CMSIS/DSP/Source/FilteringFunctions/arm_fir_decimate_fast_q31.c ****       acc1 = (q31_t) ((((q63_t) acc1 << 32) + ((q63_t) x1 * c0)) >> 32);
 210              		.loc 1 154 7 is_stmt 1 view .LVU74
 211              		.loc 1 154 48 is_stmt 0 view .LVU75
 212 00c4 EA17     		asrs	r2, r5, #31
 213              		.loc 1 154 59 view .LVU76
 214 00c6 06FB02F2 		mul	r2, r6, r2
 215 00ca 05FB0922 		mla	r2, r5, r9, r2
 216 00ce A6FB0565 		umull	r6, r5, r6, r5
 217              	.LVL29:
 218              		.loc 1 154 59 view .LVU77
 219 00d2 2A44     		add	r2, r2, r5
 220              		.loc 1 154 45 view .LVU78
 221 00d4 9D18     		adds	r5, r3, r2
 155:Drivers/CMSIS/DSP/Source/FilteringFunctions/arm_fir_decimate_fast_q31.c **** 
 156:Drivers/CMSIS/DSP/Source/FilteringFunctions/arm_fir_decimate_fast_q31.c ****       /* Read the b[numTaps-4] coefficient */
 157:Drivers/CMSIS/DSP/Source/FilteringFunctions/arm_fir_decimate_fast_q31.c ****       c0 = *(pb - 1U);
 222              		.loc 1 157 7 is_stmt 1 view .LVU79
 223              		.loc 1 157 10 is_stmt 0 view .LVU80
 224 00d6 51F8046C 		ldr	r6, [r1, #-4]
 225              	.LVL30:
 158:Drivers/CMSIS/DSP/Source/FilteringFunctions/arm_fir_decimate_fast_q31.c **** 
 159:Drivers/CMSIS/DSP/Source/FilteringFunctions/arm_fir_decimate_fast_q31.c ****       /* Read x[n-numTaps-4] for sample 0 sample 1 */
 160:Drivers/CMSIS/DSP/Source/FilteringFunctions/arm_fir_decimate_fast_q31.c ****       x0 = *(px0 + 3U);
 226              		.loc 1 160 7 is_stmt 1 view .LVU81
 227              		.loc 1 160 10 is_stmt 0 view .LVU82
 228 00da D0F80C80 		ldr	r8, [r0, #12]
 229              	.LVL31:
 161:Drivers/CMSIS/DSP/Source/FilteringFunctions/arm_fir_decimate_fast_q31.c ****       x1 = *(px1 + 3U);
 230              		.loc 1 161 7 is_stmt 1 view .LVU83
 231              		.loc 1 161 10 is_stmt 0 view .LVU84
 232 00de E368     		ldr	r3, [r4, #12]
 233              	.LVL32:
 162:Drivers/CMSIS/DSP/Source/FilteringFunctions/arm_fir_decimate_fast_q31.c **** 
 163:Drivers/CMSIS/DSP/Source/FilteringFunctions/arm_fir_decimate_fast_q31.c **** 
 164:Drivers/CMSIS/DSP/Source/FilteringFunctions/arm_fir_decimate_fast_q31.c ****       /* Perform the multiply-accumulate */
 165:Drivers/CMSIS/DSP/Source/FilteringFunctions/arm_fir_decimate_fast_q31.c ****       acc0 = (q31_t) ((((q63_t) acc0 << 32) + ((q63_t) x0 * c0)) >> 32);
 234              		.loc 1 165 7 is_stmt 1 view .LVU85
 235              		.loc 1 165 48 is_stmt 0 view .LVU86
ARM GAS  /var/folders/n6/c271nzx11xl4r4_m7sqjlt0m0000gn/T//ccGbK11r.s 			page 8


 236 00e0 4FEAE87B 		asr	fp, r8, #31
 237              		.loc 1 165 59 view .LVU87
 238 00e4 4FEAE679 		asr	r9, r6, #31
 239 00e8 08FB09F2 		mul	r2, r8, r9
 240 00ec 06FB0B22 		mla	r2, r6, fp, r2
 241 00f0 A8FB068B 		umull	r8, fp, r8, r6
 242              	.LVL33:
 243              		.loc 1 165 59 view .LVU88
 244 00f4 5A44     		add	r2, r2, fp
 245              		.loc 1 165 12 view .LVU89
 246 00f6 7244     		add	r2, r2, lr
 247              	.LVL34:
 166:Drivers/CMSIS/DSP/Source/FilteringFunctions/arm_fir_decimate_fast_q31.c ****       acc1 = (q31_t) ((((q63_t) acc1 << 32) + ((q63_t) x1 * c0)) >> 32);
 248              		.loc 1 166 7 is_stmt 1 view .LVU90
 249              		.loc 1 166 48 is_stmt 0 view .LVU91
 250 00f8 4FEAE37E 		asr	lr, r3, #31
 251              		.loc 1 166 59 view .LVU92
 252 00fc 06FB0EFE 		mul	lr, r6, lr
 253 0100 03FB09EE 		mla	lr, r3, r9, lr
 254 0104 A6FB0363 		umull	r6, r3, r6, r3
 255              	.LVL35:
 256              		.loc 1 166 59 view .LVU93
 257 0108 9E44     		add	lr, lr, r3
 258              		.loc 1 166 12 view .LVU94
 259 010a 05EB0E03 		add	r3, r5, lr
 260              	.LVL36:
 167:Drivers/CMSIS/DSP/Source/FilteringFunctions/arm_fir_decimate_fast_q31.c **** 
 168:Drivers/CMSIS/DSP/Source/FilteringFunctions/arm_fir_decimate_fast_q31.c ****       /* update state pointers */
 169:Drivers/CMSIS/DSP/Source/FilteringFunctions/arm_fir_decimate_fast_q31.c ****       px0 += 4U;
 261              		.loc 1 169 7 is_stmt 1 view .LVU95
 262              		.loc 1 169 11 is_stmt 0 view .LVU96
 263 010e 1030     		adds	r0, r0, #16
 264              	.LVL37:
 170:Drivers/CMSIS/DSP/Source/FilteringFunctions/arm_fir_decimate_fast_q31.c ****       px1 += 4U;
 265              		.loc 1 170 7 is_stmt 1 view .LVU97
 266              		.loc 1 170 11 is_stmt 0 view .LVU98
 267 0110 1034     		adds	r4, r4, #16
 268              	.LVL38:
 171:Drivers/CMSIS/DSP/Source/FilteringFunctions/arm_fir_decimate_fast_q31.c **** 
 172:Drivers/CMSIS/DSP/Source/FilteringFunctions/arm_fir_decimate_fast_q31.c ****       /* Decrement the loop counter */
 173:Drivers/CMSIS/DSP/Source/FilteringFunctions/arm_fir_decimate_fast_q31.c ****       tapCnt--;
 269              		.loc 1 173 7 is_stmt 1 view .LVU99
 270              		.loc 1 173 13 is_stmt 0 view .LVU100
 271 0112 013F     		subs	r7, r7, #1
 272              	.LVL39:
 273              	.L4:
 120:Drivers/CMSIS/DSP/Source/FilteringFunctions/arm_fir_decimate_fast_q31.c ****     {
 274              		.loc 1 120 19 is_stmt 1 view .LVU101
 275 0114 002F     		cmp	r7, #0
 276 0116 90D1     		bne	.L5
 174:Drivers/CMSIS/DSP/Source/FilteringFunctions/arm_fir_decimate_fast_q31.c ****     }
 175:Drivers/CMSIS/DSP/Source/FilteringFunctions/arm_fir_decimate_fast_q31.c **** 
 176:Drivers/CMSIS/DSP/Source/FilteringFunctions/arm_fir_decimate_fast_q31.c ****     /* If the filter length is not a multiple of 4, compute the remaining filter taps */
 177:Drivers/CMSIS/DSP/Source/FilteringFunctions/arm_fir_decimate_fast_q31.c ****     tapCnt = numTaps % 0x4U;
 277              		.loc 1 177 12 is_stmt 0 view .LVU102
 278 0118 6746     		mov	r7, ip
 279              	.LVL40:
ARM GAS  /var/folders/n6/c271nzx11xl4r4_m7sqjlt0m0000gn/T//ccGbK11r.s 			page 9


 280              		.loc 1 177 12 view .LVU103
 281 011a DDF80CC0 		ldr	ip, [sp, #12]
 282              	.LVL41:
 283              		.loc 1 177 5 is_stmt 1 view .LVU104
 284              		.loc 1 177 12 is_stmt 0 view .LVU105
 285 011e 0CF00308 		and	r8, ip, #3
 286              	.LVL42:
 178:Drivers/CMSIS/DSP/Source/FilteringFunctions/arm_fir_decimate_fast_q31.c **** 
 179:Drivers/CMSIS/DSP/Source/FilteringFunctions/arm_fir_decimate_fast_q31.c ****     while (tapCnt > 0U)
 287              		.loc 1 179 5 is_stmt 1 view .LVU106
 288 0122 9146     		mov	r9, r2
 289 0124 4246     		mov	r2, r8
 290              	.LVL43:
 291              		.loc 1 179 5 is_stmt 0 view .LVU107
 292 0126 9B46     		mov	fp, r3
 293              		.loc 1 179 11 view .LVU108
 294 0128 1BE0     		b	.L6
 295              	.LVL44:
 296              	.L7:
 180:Drivers/CMSIS/DSP/Source/FilteringFunctions/arm_fir_decimate_fast_q31.c ****     {
 181:Drivers/CMSIS/DSP/Source/FilteringFunctions/arm_fir_decimate_fast_q31.c ****       /* Read coefficients */
 182:Drivers/CMSIS/DSP/Source/FilteringFunctions/arm_fir_decimate_fast_q31.c ****       c0 = *(pb++);
 297              		.loc 1 182 7 is_stmt 1 view .LVU109
 298              		.loc 1 182 10 is_stmt 0 view .LVU110
 299 012a 51F8045B 		ldr	r5, [r1], #4
 300              	.LVL45:
 183:Drivers/CMSIS/DSP/Source/FilteringFunctions/arm_fir_decimate_fast_q31.c **** 
 184:Drivers/CMSIS/DSP/Source/FilteringFunctions/arm_fir_decimate_fast_q31.c ****       /* Fetch 1 state variable */
 185:Drivers/CMSIS/DSP/Source/FilteringFunctions/arm_fir_decimate_fast_q31.c ****       x0 = *(px0++);
 301              		.loc 1 185 7 is_stmt 1 view .LVU111
 302              		.loc 1 185 10 is_stmt 0 view .LVU112
 303 012e 50F8043B 		ldr	r3, [r0], #4
 304              	.LVL46:
 186:Drivers/CMSIS/DSP/Source/FilteringFunctions/arm_fir_decimate_fast_q31.c ****       x1 = *(px1++);
 305              		.loc 1 186 7 is_stmt 1 view .LVU113
 306              		.loc 1 186 10 is_stmt 0 view .LVU114
 307 0132 54F8046B 		ldr	r6, [r4], #4
 308              	.LVL47:
 187:Drivers/CMSIS/DSP/Source/FilteringFunctions/arm_fir_decimate_fast_q31.c **** 
 188:Drivers/CMSIS/DSP/Source/FilteringFunctions/arm_fir_decimate_fast_q31.c ****       /* Perform the multiply-accumulate */
 189:Drivers/CMSIS/DSP/Source/FilteringFunctions/arm_fir_decimate_fast_q31.c ****       acc0 = (q31_t) ((((q63_t) acc0 << 32) + ((q63_t) x0 * c0)) >> 32);
 309              		.loc 1 189 7 is_stmt 1 view .LVU115
 310              		.loc 1 189 48 is_stmt 0 view .LVU116
 311 0136 4FEAE37E 		asr	lr, r3, #31
 312              		.loc 1 189 59 view .LVU117
 313 013a 4FEAE578 		asr	r8, r5, #31
 314 013e 03FB08FC 		mul	ip, r3, r8
 315 0142 05FB0ECC 		mla	ip, r5, lr, ip
 316 0146 A3FB05E3 		umull	lr, r3, r3, r5
 317              	.LVL48:
 318              		.loc 1 189 59 view .LVU118
 319 014a 9C44     		add	ip, ip, r3
 320              		.loc 1 189 12 view .LVU119
 321 014c E144     		add	r9, r9, ip
 322              	.LVL49:
 190:Drivers/CMSIS/DSP/Source/FilteringFunctions/arm_fir_decimate_fast_q31.c ****       acc1 = (q31_t) ((((q63_t) acc1 << 32) + ((q63_t) x1 * c0)) >> 32);
 323              		.loc 1 190 7 is_stmt 1 view .LVU120
ARM GAS  /var/folders/n6/c271nzx11xl4r4_m7sqjlt0m0000gn/T//ccGbK11r.s 			page 10


 324              		.loc 1 190 48 is_stmt 0 view .LVU121
 325 014e F317     		asrs	r3, r6, #31
 326              		.loc 1 190 59 view .LVU122
 327 0150 05FB03F3 		mul	r3, r5, r3
 328 0154 06FB0833 		mla	r3, r6, r8, r3
 329 0158 A5FB0656 		umull	r5, r6, r5, r6
 330              	.LVL50:
 331              		.loc 1 190 59 view .LVU123
 332 015c 3344     		add	r3, r3, r6
 333              		.loc 1 190 12 view .LVU124
 334 015e 9B44     		add	fp, fp, r3
 335              	.LVL51:
 191:Drivers/CMSIS/DSP/Source/FilteringFunctions/arm_fir_decimate_fast_q31.c **** 
 192:Drivers/CMSIS/DSP/Source/FilteringFunctions/arm_fir_decimate_fast_q31.c ****       /* Decrement the loop counter */
 193:Drivers/CMSIS/DSP/Source/FilteringFunctions/arm_fir_decimate_fast_q31.c ****       tapCnt--;
 336              		.loc 1 193 7 is_stmt 1 view .LVU125
 337              		.loc 1 193 13 is_stmt 0 view .LVU126
 338 0160 013A     		subs	r2, r2, #1
 339              	.LVL52:
 340              	.L6:
 179:Drivers/CMSIS/DSP/Source/FilteringFunctions/arm_fir_decimate_fast_q31.c ****     {
 341              		.loc 1 179 19 is_stmt 1 view .LVU127
 342 0162 002A     		cmp	r2, #0
 343 0164 E1D1     		bne	.L7
 194:Drivers/CMSIS/DSP/Source/FilteringFunctions/arm_fir_decimate_fast_q31.c ****     }
 195:Drivers/CMSIS/DSP/Source/FilteringFunctions/arm_fir_decimate_fast_q31.c **** 
 196:Drivers/CMSIS/DSP/Source/FilteringFunctions/arm_fir_decimate_fast_q31.c ****     /* Advance the state pointer by the decimation factor
 197:Drivers/CMSIS/DSP/Source/FilteringFunctions/arm_fir_decimate_fast_q31.c ****      * to process the next group of decimation factor number samples */
 198:Drivers/CMSIS/DSP/Source/FilteringFunctions/arm_fir_decimate_fast_q31.c ****     pState = pState + S->M * 2;
 344              		.loc 1 198 12 is_stmt 0 view .LVU128
 345 0166 DDF80CC0 		ldr	ip, [sp, #12]
 346 016a 049D     		ldr	r5, [sp, #16]
 347 016c 4A46     		mov	r2, r9
 348              	.LVL53:
 349              		.loc 1 198 12 view .LVU129
 350 016e DDF81890 		ldr	r9, [sp, #24]
 351              	.LVL54:
 352              		.loc 1 198 12 view .LVU130
 353 0172 5B46     		mov	r3, fp
 354 0174 DDF814B0 		ldr	fp, [sp, #20]
 355              	.LVL55:
 356              		.loc 1 198 5 is_stmt 1 view .LVU131
 357              		.loc 1 198 12 is_stmt 0 view .LVU132
 358 0178 0BEBC50B 		add	fp, fp, r5, lsl #3
 359              	.LVL56:
 199:Drivers/CMSIS/DSP/Source/FilteringFunctions/arm_fir_decimate_fast_q31.c **** 
 200:Drivers/CMSIS/DSP/Source/FilteringFunctions/arm_fir_decimate_fast_q31.c ****     /* The result is in the accumulator, store in the destination buffer. */
 201:Drivers/CMSIS/DSP/Source/FilteringFunctions/arm_fir_decimate_fast_q31.c ****     *pDst++ = (q31_t) (acc0 << 1);
 360              		.loc 1 201 5 is_stmt 1 view .LVU133
 361              		.loc 1 201 15 is_stmt 0 view .LVU134
 362 017c 5200     		lsls	r2, r2, #1
 363              	.LVL57:
 364              		.loc 1 201 13 view .LVU135
 365 017e 0098     		ldr	r0, [sp]
 366              	.LVL58:
 367              		.loc 1 201 13 view .LVU136
 368 0180 0146     		mov	r1, r0
ARM GAS  /var/folders/n6/c271nzx11xl4r4_m7sqjlt0m0000gn/T//ccGbK11r.s 			page 11


 369              	.LVL59:
 370              		.loc 1 201 13 view .LVU137
 371 0182 41F8082B 		str	r2, [r1], #8
 202:Drivers/CMSIS/DSP/Source/FilteringFunctions/arm_fir_decimate_fast_q31.c ****     *pDst++ = (q31_t) (acc1 << 1);
 372              		.loc 1 202 5 is_stmt 1 view .LVU138
 373              	.LVL60:
 374              		.loc 1 202 15 is_stmt 0 view .LVU139
 375 0186 5B00     		lsls	r3, r3, #1
 376              	.LVL61:
 377              		.loc 1 202 13 view .LVU140
 378 0188 4360     		str	r3, [r0, #4]
 203:Drivers/CMSIS/DSP/Source/FilteringFunctions/arm_fir_decimate_fast_q31.c **** 
 204:Drivers/CMSIS/DSP/Source/FilteringFunctions/arm_fir_decimate_fast_q31.c ****     /* Decrement the loop counter */
 205:Drivers/CMSIS/DSP/Source/FilteringFunctions/arm_fir_decimate_fast_q31.c ****     blkCnt--;
 379              		.loc 1 205 5 is_stmt 1 view .LVU141
 380              		.loc 1 205 11 is_stmt 0 view .LVU142
 381 018a 09F1FF39 		add	r9, r9, #-1
 382              	.LVL62:
 202:Drivers/CMSIS/DSP/Source/FilteringFunctions/arm_fir_decimate_fast_q31.c ****     *pDst++ = (q31_t) (acc1 << 1);
 383              		.loc 1 202 10 view .LVU143
 384 018e 0091     		str	r1, [sp]
 385              	.LVL63:
 386              	.L2:
  93:Drivers/CMSIS/DSP/Source/FilteringFunctions/arm_fir_decimate_fast_q31.c ****   {
 387              		.loc 1 93 17 is_stmt 1 view .LVU144
 388 0190 B9F1000F 		cmp	r9, #0
 389 0194 22D0     		beq	.L21
  96:Drivers/CMSIS/DSP/Source/FilteringFunctions/arm_fir_decimate_fast_q31.c **** 
 390              		.loc 1 96 5 view .LVU145
  96:Drivers/CMSIS/DSP/Source/FilteringFunctions/arm_fir_decimate_fast_q31.c **** 
 391              		.loc 1 96 14 is_stmt 0 view .LVU146
 392 0196 3A78     		ldrb	r2, [r7]	@ zero_extendqisi2
  96:Drivers/CMSIS/DSP/Source/FilteringFunctions/arm_fir_decimate_fast_q31.c **** 
 393              		.loc 1 96 11 view .LVU147
 394 0198 5200     		lsls	r2, r2, #1
 395              	.LVL64:
  96:Drivers/CMSIS/DSP/Source/FilteringFunctions/arm_fir_decimate_fast_q31.c **** 
 396              		.loc 1 96 11 view .LVU148
 397 019a DDF804E0 		ldr	lr, [sp, #4]
 398              	.LVL65:
 399              	.L3:
  98:Drivers/CMSIS/DSP/Source/FilteringFunctions/arm_fir_decimate_fast_q31.c ****     {
 400              		.loc 1 98 5 is_stmt 1 view .LVU149
 100:Drivers/CMSIS/DSP/Source/FilteringFunctions/arm_fir_decimate_fast_q31.c **** 
 401              		.loc 1 100 7 view .LVU150
 100:Drivers/CMSIS/DSP/Source/FilteringFunctions/arm_fir_decimate_fast_q31.c **** 
 402              		.loc 1 100 7 is_stmt 0 view .LVU151
 403 019e 7146     		mov	r1, lr
 100:Drivers/CMSIS/DSP/Source/FilteringFunctions/arm_fir_decimate_fast_q31.c **** 
 404              		.loc 1 100 19 view .LVU152
 405 01a0 0EF1040E 		add	lr, lr, #4
 406              	.LVL66:
 100:Drivers/CMSIS/DSP/Source/FilteringFunctions/arm_fir_decimate_fast_q31.c **** 
 407              		.loc 1 100 24 view .LVU153
 408 01a4 DAF80030 		ldr	r3, [r10]
 409 01a8 0AF1040A 		add	r10, r10, #4
 410              	.LVL67:
ARM GAS  /var/folders/n6/c271nzx11xl4r4_m7sqjlt0m0000gn/T//ccGbK11r.s 			page 12


 100:Drivers/CMSIS/DSP/Source/FilteringFunctions/arm_fir_decimate_fast_q31.c **** 
 411              		.loc 1 100 22 view .LVU154
 412 01ac 0B60     		str	r3, [r1]
 102:Drivers/CMSIS/DSP/Source/FilteringFunctions/arm_fir_decimate_fast_q31.c **** 
 413              		.loc 1 102 14 is_stmt 1 discriminator 1 view .LVU155
 414              	.LVL68:
 102:Drivers/CMSIS/DSP/Source/FilteringFunctions/arm_fir_decimate_fast_q31.c **** 
 415              		.loc 1 102 14 is_stmt 0 discriminator 1 view .LVU156
 416 01ae 013A     		subs	r2, r2, #1
 417              	.LVL69:
 102:Drivers/CMSIS/DSP/Source/FilteringFunctions/arm_fir_decimate_fast_q31.c **** 
 418              		.loc 1 102 14 discriminator 1 view .LVU157
 419 01b0 F5D1     		bne	.L3
 110:Drivers/CMSIS/DSP/Source/FilteringFunctions/arm_fir_decimate_fast_q31.c **** 
 420              		.loc 1 110 21 view .LVU158
 421 01b2 CDF804E0 		str	lr, [sp, #4]
 105:Drivers/CMSIS/DSP/Source/FilteringFunctions/arm_fir_decimate_fast_q31.c ****     acc1 = 0;
 422              		.loc 1 105 5 is_stmt 1 view .LVU159
 423              	.LVL70:
 106:Drivers/CMSIS/DSP/Source/FilteringFunctions/arm_fir_decimate_fast_q31.c **** 
 424              		.loc 1 106 5 view .LVU160
 109:Drivers/CMSIS/DSP/Source/FilteringFunctions/arm_fir_decimate_fast_q31.c ****     px1 = pState + S->M;
 425              		.loc 1 109 5 view .LVU161
 110:Drivers/CMSIS/DSP/Source/FilteringFunctions/arm_fir_decimate_fast_q31.c **** 
 426              		.loc 1 110 5 view .LVU162
 110:Drivers/CMSIS/DSP/Source/FilteringFunctions/arm_fir_decimate_fast_q31.c **** 
 427              		.loc 1 110 21 is_stmt 0 view .LVU163
 428 01b6 3D78     		ldrb	r5, [r7]	@ zero_extendqisi2
 110:Drivers/CMSIS/DSP/Source/FilteringFunctions/arm_fir_decimate_fast_q31.c **** 
 429              		.loc 1 110 9 view .LVU164
 430 01b8 0BEB8504 		add	r4, fp, r5, lsl #2
 431              	.LVL71:
 113:Drivers/CMSIS/DSP/Source/FilteringFunctions/arm_fir_decimate_fast_q31.c **** 
 432              		.loc 1 113 5 is_stmt 1 view .LVU165
 116:Drivers/CMSIS/DSP/Source/FilteringFunctions/arm_fir_decimate_fast_q31.c **** 
 433              		.loc 1 116 5 view .LVU166
 116:Drivers/CMSIS/DSP/Source/FilteringFunctions/arm_fir_decimate_fast_q31.c **** 
 434              		.loc 1 116 12 is_stmt 0 view .LVU167
 435 01bc 4FEA9C06 		lsr	r6, ip, #2
 436              	.LVL72:
 120:Drivers/CMSIS/DSP/Source/FilteringFunctions/arm_fir_decimate_fast_q31.c ****     {
 437              		.loc 1 120 5 is_stmt 1 view .LVU168
 109:Drivers/CMSIS/DSP/Source/FilteringFunctions/arm_fir_decimate_fast_q31.c ****     px1 = pState + S->M;
 438              		.loc 1 109 9 is_stmt 0 view .LVU169
 439 01c0 5846     		mov	r0, fp
 113:Drivers/CMSIS/DSP/Source/FilteringFunctions/arm_fir_decimate_fast_q31.c **** 
 440              		.loc 1 113 8 view .LVU170
 441 01c2 0299     		ldr	r1, [sp, #8]
 106:Drivers/CMSIS/DSP/Source/FilteringFunctions/arm_fir_decimate_fast_q31.c **** 
 442              		.loc 1 106 10 view .LVU171
 443 01c4 0023     		movs	r3, #0
 105:Drivers/CMSIS/DSP/Source/FilteringFunctions/arm_fir_decimate_fast_q31.c ****     acc1 = 0;
 444              		.loc 1 105 10 view .LVU172
 445 01c6 1A46     		mov	r2, r3
 446              	.LVL73:
 105:Drivers/CMSIS/DSP/Source/FilteringFunctions/arm_fir_decimate_fast_q31.c ****     acc1 = 0;
 447              		.loc 1 105 10 view .LVU173
ARM GAS  /var/folders/n6/c271nzx11xl4r4_m7sqjlt0m0000gn/T//ccGbK11r.s 			page 13


 448 01c8 CDF80CC0 		str	ip, [sp, #12]
 449 01cc 0495     		str	r5, [sp, #16]
 450 01ce CDF814B0 		str	fp, [sp, #20]
 451 01d2 CDF81890 		str	r9, [sp, #24]
 452 01d6 BC46     		mov	ip, r7
 453 01d8 3746     		mov	r7, r6
 454              	.LVL74:
 120:Drivers/CMSIS/DSP/Source/FilteringFunctions/arm_fir_decimate_fast_q31.c ****     {
 455              		.loc 1 120 11 view .LVU174
 456 01da 9BE7     		b	.L4
 457              	.LVL75:
 458              	.L21:
 120:Drivers/CMSIS/DSP/Source/FilteringFunctions/arm_fir_decimate_fast_q31.c ****     {
 459              		.loc 1 120 11 view .LVU175
 460 01dc DDF804E0 		ldr	lr, [sp, #4]
 461 01e0 0799     		ldr	r1, [sp, #28]
 462 01e2 3C46     		mov	r4, r7
 463 01e4 6746     		mov	r7, ip
 464              	.LVL76:
 120:Drivers/CMSIS/DSP/Source/FilteringFunctions/arm_fir_decimate_fast_q31.c ****     {
 465              		.loc 1 120 11 view .LVU176
 466 01e6 DDF80090 		ldr	r9, [sp]
 467              	.LVL77:
 120:Drivers/CMSIS/DSP/Source/FilteringFunctions/arm_fir_decimate_fast_q31.c ****     {
 468              		.loc 1 120 11 view .LVU177
 469 01ea 5CE0     		b	.L9
 470              	.LVL78:
 471              	.L12:
 206:Drivers/CMSIS/DSP/Source/FilteringFunctions/arm_fir_decimate_fast_q31.c ****   }
 207:Drivers/CMSIS/DSP/Source/FilteringFunctions/arm_fir_decimate_fast_q31.c **** 
 208:Drivers/CMSIS/DSP/Source/FilteringFunctions/arm_fir_decimate_fast_q31.c ****   while (blkCntN2 > 0U)
 209:Drivers/CMSIS/DSP/Source/FilteringFunctions/arm_fir_decimate_fast_q31.c ****   {
 210:Drivers/CMSIS/DSP/Source/FilteringFunctions/arm_fir_decimate_fast_q31.c ****     /* Copy decimation factor number of new input samples into the state buffer */
 211:Drivers/CMSIS/DSP/Source/FilteringFunctions/arm_fir_decimate_fast_q31.c ****     i = S->M;
 212:Drivers/CMSIS/DSP/Source/FilteringFunctions/arm_fir_decimate_fast_q31.c **** 
 213:Drivers/CMSIS/DSP/Source/FilteringFunctions/arm_fir_decimate_fast_q31.c ****     do
 214:Drivers/CMSIS/DSP/Source/FilteringFunctions/arm_fir_decimate_fast_q31.c ****     {
 215:Drivers/CMSIS/DSP/Source/FilteringFunctions/arm_fir_decimate_fast_q31.c ****       *pStateCurnt++ = *pSrc++;
 216:Drivers/CMSIS/DSP/Source/FilteringFunctions/arm_fir_decimate_fast_q31.c **** 
 217:Drivers/CMSIS/DSP/Source/FilteringFunctions/arm_fir_decimate_fast_q31.c ****     } while (--i);
 218:Drivers/CMSIS/DSP/Source/FilteringFunctions/arm_fir_decimate_fast_q31.c **** 
 219:Drivers/CMSIS/DSP/Source/FilteringFunctions/arm_fir_decimate_fast_q31.c ****     /* Set accumulator to zero */
 220:Drivers/CMSIS/DSP/Source/FilteringFunctions/arm_fir_decimate_fast_q31.c ****     sum0 = 0;
 221:Drivers/CMSIS/DSP/Source/FilteringFunctions/arm_fir_decimate_fast_q31.c **** 
 222:Drivers/CMSIS/DSP/Source/FilteringFunctions/arm_fir_decimate_fast_q31.c ****     /* Initialize state pointer */
 223:Drivers/CMSIS/DSP/Source/FilteringFunctions/arm_fir_decimate_fast_q31.c ****     px = pState;
 224:Drivers/CMSIS/DSP/Source/FilteringFunctions/arm_fir_decimate_fast_q31.c **** 
 225:Drivers/CMSIS/DSP/Source/FilteringFunctions/arm_fir_decimate_fast_q31.c ****     /* Initialize coeff pointer */
 226:Drivers/CMSIS/DSP/Source/FilteringFunctions/arm_fir_decimate_fast_q31.c ****     pb = pCoeffs;
 227:Drivers/CMSIS/DSP/Source/FilteringFunctions/arm_fir_decimate_fast_q31.c **** 
 228:Drivers/CMSIS/DSP/Source/FilteringFunctions/arm_fir_decimate_fast_q31.c ****     /* Loop unrolling.  Process 4 taps at a time. */
 229:Drivers/CMSIS/DSP/Source/FilteringFunctions/arm_fir_decimate_fast_q31.c ****     tapCnt = numTaps >> 2;
 230:Drivers/CMSIS/DSP/Source/FilteringFunctions/arm_fir_decimate_fast_q31.c **** 
 231:Drivers/CMSIS/DSP/Source/FilteringFunctions/arm_fir_decimate_fast_q31.c ****     /* Loop over the number of taps.  Unroll by a factor of 4.
 232:Drivers/CMSIS/DSP/Source/FilteringFunctions/arm_fir_decimate_fast_q31.c ****      ** Repeat until we've computed numTaps-4 coefficients. */
 233:Drivers/CMSIS/DSP/Source/FilteringFunctions/arm_fir_decimate_fast_q31.c ****     while (tapCnt > 0U)
 234:Drivers/CMSIS/DSP/Source/FilteringFunctions/arm_fir_decimate_fast_q31.c ****     {
ARM GAS  /var/folders/n6/c271nzx11xl4r4_m7sqjlt0m0000gn/T//ccGbK11r.s 			page 14


 235:Drivers/CMSIS/DSP/Source/FilteringFunctions/arm_fir_decimate_fast_q31.c ****       /* Read the b[numTaps-1] coefficient */
 236:Drivers/CMSIS/DSP/Source/FilteringFunctions/arm_fir_decimate_fast_q31.c ****       c0 = *(pb++);
 472              		.loc 1 236 7 is_stmt 1 view .LVU178
 473              		.loc 1 236 10 is_stmt 0 view .LVU179
 474 01ec 0768     		ldr	r7, [r0]
 475              	.LVL79:
 237:Drivers/CMSIS/DSP/Source/FilteringFunctions/arm_fir_decimate_fast_q31.c **** 
 238:Drivers/CMSIS/DSP/Source/FilteringFunctions/arm_fir_decimate_fast_q31.c ****       /* Read x[n-numTaps-1] sample */
 239:Drivers/CMSIS/DSP/Source/FilteringFunctions/arm_fir_decimate_fast_q31.c ****       x0 = *(px++);
 476              		.loc 1 239 7 is_stmt 1 view .LVU180
 477              		.loc 1 239 10 is_stmt 0 view .LVU181
 478 01ee 1668     		ldr	r6, [r2]
 479              	.LVL80:
 240:Drivers/CMSIS/DSP/Source/FilteringFunctions/arm_fir_decimate_fast_q31.c **** 
 241:Drivers/CMSIS/DSP/Source/FilteringFunctions/arm_fir_decimate_fast_q31.c ****       /* Perform the multiply-accumulate */
 242:Drivers/CMSIS/DSP/Source/FilteringFunctions/arm_fir_decimate_fast_q31.c ****       sum0 = (q31_t) ((((q63_t) sum0 << 32) + ((q63_t) x0 * c0)) >> 32);
 480              		.loc 1 242 7 is_stmt 1 view .LVU182
 481              		.loc 1 242 48 is_stmt 0 view .LVU183
 482 01f0 F517     		asrs	r5, r6, #31
 483              		.loc 1 242 59 view .LVU184
 484 01f2 4FEAE778 		asr	r8, r7, #31
 485 01f6 07FB05F5 		mul	r5, r7, r5
 486 01fa 06FB0855 		mla	r5, r6, r8, r5
 487 01fe A7FB0676 		umull	r7, r6, r7, r6
 488              	.LVL81:
 489              		.loc 1 242 59 view .LVU185
 490 0202 3544     		add	r5, r5, r6
 491              		.loc 1 242 45 view .LVU186
 492 0204 2B44     		add	r3, r3, r5
 493              	.LVL82:
 243:Drivers/CMSIS/DSP/Source/FilteringFunctions/arm_fir_decimate_fast_q31.c **** 
 244:Drivers/CMSIS/DSP/Source/FilteringFunctions/arm_fir_decimate_fast_q31.c ****       /* Read the b[numTaps-2] coefficient */
 245:Drivers/CMSIS/DSP/Source/FilteringFunctions/arm_fir_decimate_fast_q31.c ****       c0 = *(pb++);
 494              		.loc 1 245 7 is_stmt 1 view .LVU187
 495              		.loc 1 245 10 is_stmt 0 view .LVU188
 496 0206 4768     		ldr	r7, [r0, #4]
 497              	.LVL83:
 246:Drivers/CMSIS/DSP/Source/FilteringFunctions/arm_fir_decimate_fast_q31.c **** 
 247:Drivers/CMSIS/DSP/Source/FilteringFunctions/arm_fir_decimate_fast_q31.c ****       /* Read x[n-numTaps-2] sample */
 248:Drivers/CMSIS/DSP/Source/FilteringFunctions/arm_fir_decimate_fast_q31.c ****       x0 = *(px++);
 498              		.loc 1 248 7 is_stmt 1 view .LVU189
 499              		.loc 1 248 10 is_stmt 0 view .LVU190
 500 0208 5668     		ldr	r6, [r2, #4]
 501              	.LVL84:
 249:Drivers/CMSIS/DSP/Source/FilteringFunctions/arm_fir_decimate_fast_q31.c **** 
 250:Drivers/CMSIS/DSP/Source/FilteringFunctions/arm_fir_decimate_fast_q31.c ****       /* Perform the multiply-accumulate */
 251:Drivers/CMSIS/DSP/Source/FilteringFunctions/arm_fir_decimate_fast_q31.c ****       sum0 = (q31_t) ((((q63_t) sum0 << 32) + ((q63_t) x0 * c0)) >> 32);
 502              		.loc 1 251 7 is_stmt 1 view .LVU191
 503              		.loc 1 251 48 is_stmt 0 view .LVU192
 504 020a F517     		asrs	r5, r6, #31
 505              		.loc 1 251 59 view .LVU193
 506 020c 4FEAE778 		asr	r8, r7, #31
 507 0210 07FB05F5 		mul	r5, r7, r5
 508 0214 06FB0855 		mla	r5, r6, r8, r5
 509 0218 A7FB0676 		umull	r7, r6, r7, r6
 510              	.LVL85:
 511              		.loc 1 251 59 view .LVU194
ARM GAS  /var/folders/n6/c271nzx11xl4r4_m7sqjlt0m0000gn/T//ccGbK11r.s 			page 15


 512 021c 3544     		add	r5, r5, r6
 513              		.loc 1 251 45 view .LVU195
 514 021e 2B44     		add	r3, r3, r5
 252:Drivers/CMSIS/DSP/Source/FilteringFunctions/arm_fir_decimate_fast_q31.c **** 
 253:Drivers/CMSIS/DSP/Source/FilteringFunctions/arm_fir_decimate_fast_q31.c ****       /* Read the b[numTaps-3] coefficient */
 254:Drivers/CMSIS/DSP/Source/FilteringFunctions/arm_fir_decimate_fast_q31.c ****       c0 = *(pb++);
 515              		.loc 1 254 7 is_stmt 1 view .LVU196
 516              	.LVL86:
 517              		.loc 1 254 10 is_stmt 0 view .LVU197
 518 0220 8768     		ldr	r7, [r0, #8]
 519              	.LVL87:
 255:Drivers/CMSIS/DSP/Source/FilteringFunctions/arm_fir_decimate_fast_q31.c **** 
 256:Drivers/CMSIS/DSP/Source/FilteringFunctions/arm_fir_decimate_fast_q31.c ****       /* Read x[n-numTaps-3] sample */
 257:Drivers/CMSIS/DSP/Source/FilteringFunctions/arm_fir_decimate_fast_q31.c ****       x0 = *(px++);
 520              		.loc 1 257 7 is_stmt 1 view .LVU198
 521              		.loc 1 257 10 is_stmt 0 view .LVU199
 522 0222 9668     		ldr	r6, [r2, #8]
 523              	.LVL88:
 258:Drivers/CMSIS/DSP/Source/FilteringFunctions/arm_fir_decimate_fast_q31.c **** 
 259:Drivers/CMSIS/DSP/Source/FilteringFunctions/arm_fir_decimate_fast_q31.c ****       /* Perform the multiply-accumulate */
 260:Drivers/CMSIS/DSP/Source/FilteringFunctions/arm_fir_decimate_fast_q31.c ****       sum0 = (q31_t) ((((q63_t) sum0 << 32) + ((q63_t) x0 * c0)) >> 32);
 524              		.loc 1 260 7 is_stmt 1 view .LVU200
 525              		.loc 1 260 48 is_stmt 0 view .LVU201
 526 0224 F517     		asrs	r5, r6, #31
 527              		.loc 1 260 59 view .LVU202
 528 0226 4FEAE778 		asr	r8, r7, #31
 529 022a 07FB05F5 		mul	r5, r7, r5
 530 022e 06FB0855 		mla	r5, r6, r8, r5
 531 0232 A7FB0676 		umull	r7, r6, r7, r6
 532              	.LVL89:
 533              		.loc 1 260 59 view .LVU203
 534 0236 3544     		add	r5, r5, r6
 535              		.loc 1 260 45 view .LVU204
 536 0238 1D44     		add	r5, r5, r3
 261:Drivers/CMSIS/DSP/Source/FilteringFunctions/arm_fir_decimate_fast_q31.c **** 
 262:Drivers/CMSIS/DSP/Source/FilteringFunctions/arm_fir_decimate_fast_q31.c ****       /* Read the b[numTaps-4] coefficient */
 263:Drivers/CMSIS/DSP/Source/FilteringFunctions/arm_fir_decimate_fast_q31.c ****       c0 = *(pb++);
 537              		.loc 1 263 7 is_stmt 1 view .LVU205
 538              	.LVL90:
 539              		.loc 1 263 10 is_stmt 0 view .LVU206
 540 023a C668     		ldr	r6, [r0, #12]
 541              	.LVL91:
 264:Drivers/CMSIS/DSP/Source/FilteringFunctions/arm_fir_decimate_fast_q31.c **** 
 265:Drivers/CMSIS/DSP/Source/FilteringFunctions/arm_fir_decimate_fast_q31.c ****       /* Read x[n-numTaps-4] sample */
 266:Drivers/CMSIS/DSP/Source/FilteringFunctions/arm_fir_decimate_fast_q31.c ****       x0 = *(px++);
 542              		.loc 1 266 7 is_stmt 1 view .LVU207
 543              		.loc 1 266 10 is_stmt 0 view .LVU208
 544 023c D768     		ldr	r7, [r2, #12]
 545              	.LVL92:
 267:Drivers/CMSIS/DSP/Source/FilteringFunctions/arm_fir_decimate_fast_q31.c **** 
 268:Drivers/CMSIS/DSP/Source/FilteringFunctions/arm_fir_decimate_fast_q31.c ****       /* Perform the multiply-accumulate */
 269:Drivers/CMSIS/DSP/Source/FilteringFunctions/arm_fir_decimate_fast_q31.c ****       sum0 = (q31_t) ((((q63_t) sum0 << 32) + ((q63_t) x0 * c0)) >> 32);
 546              		.loc 1 269 7 is_stmt 1 view .LVU209
 547              		.loc 1 269 48 is_stmt 0 view .LVU210
 548 023e FB17     		asrs	r3, r7, #31
 549              		.loc 1 269 59 view .LVU211
 550 0240 4FEAE678 		asr	r8, r6, #31
ARM GAS  /var/folders/n6/c271nzx11xl4r4_m7sqjlt0m0000gn/T//ccGbK11r.s 			page 16


 551 0244 06FB03F3 		mul	r3, r6, r3
 552 0248 07FB0833 		mla	r3, r7, r8, r3
 553 024c A6FB0767 		umull	r6, r7, r6, r7
 554              	.LVL93:
 555              		.loc 1 269 59 view .LVU212
 556 0250 3B44     		add	r3, r3, r7
 557              		.loc 1 269 12 view .LVU213
 558 0252 2B44     		add	r3, r3, r5
 559              	.LVL94:
 270:Drivers/CMSIS/DSP/Source/FilteringFunctions/arm_fir_decimate_fast_q31.c **** 
 271:Drivers/CMSIS/DSP/Source/FilteringFunctions/arm_fir_decimate_fast_q31.c ****       /* Decrement the loop counter */
 272:Drivers/CMSIS/DSP/Source/FilteringFunctions/arm_fir_decimate_fast_q31.c ****       tapCnt--;
 560              		.loc 1 272 7 is_stmt 1 view .LVU214
 561              		.loc 1 272 13 is_stmt 0 view .LVU215
 562 0254 0139     		subs	r1, r1, #1
 563              	.LVL95:
 263:Drivers/CMSIS/DSP/Source/FilteringFunctions/arm_fir_decimate_fast_q31.c **** 
 564              		.loc 1 263 16 view .LVU216
 565 0256 1030     		adds	r0, r0, #16
 566              	.LVL96:
 266:Drivers/CMSIS/DSP/Source/FilteringFunctions/arm_fir_decimate_fast_q31.c **** 
 567              		.loc 1 266 16 view .LVU217
 568 0258 1032     		adds	r2, r2, #16
 569              	.LVL97:
 570              	.L11:
 233:Drivers/CMSIS/DSP/Source/FilteringFunctions/arm_fir_decimate_fast_q31.c ****     {
 571              		.loc 1 233 19 is_stmt 1 view .LVU218
 572 025a 0029     		cmp	r1, #0
 573 025c C6D1     		bne	.L12
 273:Drivers/CMSIS/DSP/Source/FilteringFunctions/arm_fir_decimate_fast_q31.c ****     }
 274:Drivers/CMSIS/DSP/Source/FilteringFunctions/arm_fir_decimate_fast_q31.c **** 
 275:Drivers/CMSIS/DSP/Source/FilteringFunctions/arm_fir_decimate_fast_q31.c ****     /* If the filter length is not a multiple of 4, compute the remaining filter taps */
 276:Drivers/CMSIS/DSP/Source/FilteringFunctions/arm_fir_decimate_fast_q31.c ****     tapCnt = numTaps % 0x4U;
 574              		.loc 1 276 12 is_stmt 0 view .LVU219
 575 025e 009F     		ldr	r7, [sp]
 576 0260 6146     		mov	r1, ip
 577              	.LVL98:
 578              		.loc 1 276 5 is_stmt 1 view .LVU220
 579              		.loc 1 276 12 is_stmt 0 view .LVU221
 580 0262 07F00308 		and	r8, r7, #3
 581              	.LVL99:
 277:Drivers/CMSIS/DSP/Source/FilteringFunctions/arm_fir_decimate_fast_q31.c **** 
 278:Drivers/CMSIS/DSP/Source/FilteringFunctions/arm_fir_decimate_fast_q31.c ****     while (tapCnt > 0U)
 582              		.loc 1 278 5 is_stmt 1 view .LVU222
 583 0266 9C46     		mov	ip, r3
 584              	.LVL100:
 585              		.loc 1 278 5 is_stmt 0 view .LVU223
 586 0268 4346     		mov	r3, r8
 587              	.LVL101:
 588              		.loc 1 278 11 view .LVU224
 589 026a 0FE0     		b	.L13
 590              	.LVL102:
 591              	.L14:
 279:Drivers/CMSIS/DSP/Source/FilteringFunctions/arm_fir_decimate_fast_q31.c ****     {
 280:Drivers/CMSIS/DSP/Source/FilteringFunctions/arm_fir_decimate_fast_q31.c ****       /* Read coefficients */
 281:Drivers/CMSIS/DSP/Source/FilteringFunctions/arm_fir_decimate_fast_q31.c ****       c0 = *(pb++);
 592              		.loc 1 281 7 is_stmt 1 view .LVU225
ARM GAS  /var/folders/n6/c271nzx11xl4r4_m7sqjlt0m0000gn/T//ccGbK11r.s 			page 17


 593              		.loc 1 281 10 is_stmt 0 view .LVU226
 594 026c 50F8047B 		ldr	r7, [r0], #4
 595              	.LVL103:
 282:Drivers/CMSIS/DSP/Source/FilteringFunctions/arm_fir_decimate_fast_q31.c **** 
 283:Drivers/CMSIS/DSP/Source/FilteringFunctions/arm_fir_decimate_fast_q31.c ****       /* Fetch 1 state variable */
 284:Drivers/CMSIS/DSP/Source/FilteringFunctions/arm_fir_decimate_fast_q31.c ****       x0 = *(px++);
 596              		.loc 1 284 7 is_stmt 1 view .LVU227
 597              		.loc 1 284 10 is_stmt 0 view .LVU228
 598 0270 52F8046B 		ldr	r6, [r2], #4
 599              	.LVL104:
 285:Drivers/CMSIS/DSP/Source/FilteringFunctions/arm_fir_decimate_fast_q31.c **** 
 286:Drivers/CMSIS/DSP/Source/FilteringFunctions/arm_fir_decimate_fast_q31.c ****       /* Perform the multiply-accumulate */
 287:Drivers/CMSIS/DSP/Source/FilteringFunctions/arm_fir_decimate_fast_q31.c ****       sum0 = (q31_t) ((((q63_t) sum0 << 32) + ((q63_t) x0 * c0)) >> 32);
 600              		.loc 1 287 7 is_stmt 1 view .LVU229
 601              		.loc 1 287 48 is_stmt 0 view .LVU230
 602 0274 F517     		asrs	r5, r6, #31
 603              		.loc 1 287 59 view .LVU231
 604 0276 4FEAE778 		asr	r8, r7, #31
 605 027a 07FB05F5 		mul	r5, r7, r5
 606 027e 06FB0855 		mla	r5, r6, r8, r5
 607 0282 A7FB0676 		umull	r7, r6, r7, r6
 608              	.LVL105:
 609              		.loc 1 287 59 view .LVU232
 610 0286 3544     		add	r5, r5, r6
 611              		.loc 1 287 12 view .LVU233
 612 0288 AC44     		add	ip, ip, r5
 613              	.LVL106:
 288:Drivers/CMSIS/DSP/Source/FilteringFunctions/arm_fir_decimate_fast_q31.c **** 
 289:Drivers/CMSIS/DSP/Source/FilteringFunctions/arm_fir_decimate_fast_q31.c ****       /* Decrement the loop counter */
 290:Drivers/CMSIS/DSP/Source/FilteringFunctions/arm_fir_decimate_fast_q31.c ****       tapCnt--;
 614              		.loc 1 290 7 is_stmt 1 view .LVU234
 615              		.loc 1 290 13 is_stmt 0 view .LVU235
 616 028a 013B     		subs	r3, r3, #1
 617              	.LVL107:
 618              	.L13:
 278:Drivers/CMSIS/DSP/Source/FilteringFunctions/arm_fir_decimate_fast_q31.c ****     {
 619              		.loc 1 278 19 is_stmt 1 view .LVU236
 620 028c 002B     		cmp	r3, #0
 621 028e EDD1     		bne	.L14
 291:Drivers/CMSIS/DSP/Source/FilteringFunctions/arm_fir_decimate_fast_q31.c ****     }
 292:Drivers/CMSIS/DSP/Source/FilteringFunctions/arm_fir_decimate_fast_q31.c **** 
 293:Drivers/CMSIS/DSP/Source/FilteringFunctions/arm_fir_decimate_fast_q31.c ****     /* Advance the state pointer by the decimation factor
 294:Drivers/CMSIS/DSP/Source/FilteringFunctions/arm_fir_decimate_fast_q31.c ****      * to process the next group of decimation factor number samples */
 295:Drivers/CMSIS/DSP/Source/FilteringFunctions/arm_fir_decimate_fast_q31.c ****     pState = pState + S->M;
 622              		.loc 1 295 24 is_stmt 0 view .LVU237
 623 0290 009F     		ldr	r7, [sp]
 624 0292 6346     		mov	r3, ip
 625              	.LVL108:
 626              		.loc 1 295 5 is_stmt 1 view .LVU238
 627              		.loc 1 295 24 is_stmt 0 view .LVU239
 628 0294 2278     		ldrb	r2, [r4]	@ zero_extendqisi2
 629              	.LVL109:
 630              		.loc 1 295 12 view .LVU240
 631 0296 0BEB820B 		add	fp, fp, r2, lsl #2
 632              	.LVL110:
 296:Drivers/CMSIS/DSP/Source/FilteringFunctions/arm_fir_decimate_fast_q31.c **** 
 297:Drivers/CMSIS/DSP/Source/FilteringFunctions/arm_fir_decimate_fast_q31.c ****     /* The result is in the accumulator, store in the destination buffer. */
ARM GAS  /var/folders/n6/c271nzx11xl4r4_m7sqjlt0m0000gn/T//ccGbK11r.s 			page 18


 298:Drivers/CMSIS/DSP/Source/FilteringFunctions/arm_fir_decimate_fast_q31.c ****     *pDst++ = (q31_t) (sum0 << 1);
 633              		.loc 1 298 5 is_stmt 1 view .LVU241
 634              		.loc 1 298 10 is_stmt 0 view .LVU242
 635 029a 4A46     		mov	r2, r9
 636              	.LVL111:
 637              		.loc 1 298 15 view .LVU243
 638 029c 5B00     		lsls	r3, r3, #1
 639              		.loc 1 298 13 view .LVU244
 640 029e 42F8043B 		str	r3, [r2], #4
 641              	.LVL112:
 299:Drivers/CMSIS/DSP/Source/FilteringFunctions/arm_fir_decimate_fast_q31.c **** 
 300:Drivers/CMSIS/DSP/Source/FilteringFunctions/arm_fir_decimate_fast_q31.c ****     /* Decrement the loop counter */
 301:Drivers/CMSIS/DSP/Source/FilteringFunctions/arm_fir_decimate_fast_q31.c ****     blkCntN2--;
 642              		.loc 1 301 5 is_stmt 1 view .LVU245
 643              		.loc 1 301 13 is_stmt 0 view .LVU246
 644 02a2 0139     		subs	r1, r1, #1
 645              	.LVL113:
 298:Drivers/CMSIS/DSP/Source/FilteringFunctions/arm_fir_decimate_fast_q31.c **** 
 646              		.loc 1 298 10 view .LVU247
 647 02a4 9146     		mov	r9, r2
 648              	.LVL114:
 649              	.L9:
 208:Drivers/CMSIS/DSP/Source/FilteringFunctions/arm_fir_decimate_fast_q31.c ****   {
 650              		.loc 1 208 19 is_stmt 1 view .LVU248
 651 02a6 91B1     		cbz	r1, .L22
 211:Drivers/CMSIS/DSP/Source/FilteringFunctions/arm_fir_decimate_fast_q31.c **** 
 652              		.loc 1 211 5 view .LVU249
 211:Drivers/CMSIS/DSP/Source/FilteringFunctions/arm_fir_decimate_fast_q31.c **** 
 653              		.loc 1 211 10 is_stmt 0 view .LVU250
 654 02a8 2278     		ldrb	r2, [r4]	@ zero_extendqisi2
 655              	.LVL115:
 656              	.L10:
 213:Drivers/CMSIS/DSP/Source/FilteringFunctions/arm_fir_decimate_fast_q31.c ****     {
 657              		.loc 1 213 5 is_stmt 1 view .LVU251
 215:Drivers/CMSIS/DSP/Source/FilteringFunctions/arm_fir_decimate_fast_q31.c **** 
 658              		.loc 1 215 7 view .LVU252
 215:Drivers/CMSIS/DSP/Source/FilteringFunctions/arm_fir_decimate_fast_q31.c **** 
 659              		.loc 1 215 7 is_stmt 0 view .LVU253
 660 02aa 7046     		mov	r0, lr
 215:Drivers/CMSIS/DSP/Source/FilteringFunctions/arm_fir_decimate_fast_q31.c **** 
 661              		.loc 1 215 19 view .LVU254
 662 02ac 0EF1040E 		add	lr, lr, #4
 663              	.LVL116:
 215:Drivers/CMSIS/DSP/Source/FilteringFunctions/arm_fir_decimate_fast_q31.c **** 
 664              		.loc 1 215 24 view .LVU255
 665 02b0 DAF80030 		ldr	r3, [r10]
 666 02b4 0AF1040A 		add	r10, r10, #4
 667              	.LVL117:
 215:Drivers/CMSIS/DSP/Source/FilteringFunctions/arm_fir_decimate_fast_q31.c **** 
 668              		.loc 1 215 22 view .LVU256
 669 02b8 0360     		str	r3, [r0]
 217:Drivers/CMSIS/DSP/Source/FilteringFunctions/arm_fir_decimate_fast_q31.c **** 
 670              		.loc 1 217 14 is_stmt 1 discriminator 1 view .LVU257
 671              	.LVL118:
 217:Drivers/CMSIS/DSP/Source/FilteringFunctions/arm_fir_decimate_fast_q31.c **** 
 672              		.loc 1 217 14 is_stmt 0 discriminator 1 view .LVU258
 673 02ba 013A     		subs	r2, r2, #1
ARM GAS  /var/folders/n6/c271nzx11xl4r4_m7sqjlt0m0000gn/T//ccGbK11r.s 			page 19


 674              	.LVL119:
 217:Drivers/CMSIS/DSP/Source/FilteringFunctions/arm_fir_decimate_fast_q31.c **** 
 675              		.loc 1 217 14 discriminator 1 view .LVU259
 676 02bc F5D1     		bne	.L10
 220:Drivers/CMSIS/DSP/Source/FilteringFunctions/arm_fir_decimate_fast_q31.c **** 
 677              		.loc 1 220 5 is_stmt 1 view .LVU260
 678              	.LVL120:
 223:Drivers/CMSIS/DSP/Source/FilteringFunctions/arm_fir_decimate_fast_q31.c **** 
 679              		.loc 1 223 5 view .LVU261
 226:Drivers/CMSIS/DSP/Source/FilteringFunctions/arm_fir_decimate_fast_q31.c **** 
 680              		.loc 1 226 5 view .LVU262
 229:Drivers/CMSIS/DSP/Source/FilteringFunctions/arm_fir_decimate_fast_q31.c **** 
 681              		.loc 1 229 5 view .LVU263
 229:Drivers/CMSIS/DSP/Source/FilteringFunctions/arm_fir_decimate_fast_q31.c **** 
 682              		.loc 1 229 12 is_stmt 0 view .LVU264
 683 02be BE08     		lsrs	r6, r7, #2
 684              	.LVL121:
 233:Drivers/CMSIS/DSP/Source/FilteringFunctions/arm_fir_decimate_fast_q31.c ****     {
 685              		.loc 1 233 5 is_stmt 1 view .LVU265
 226:Drivers/CMSIS/DSP/Source/FilteringFunctions/arm_fir_decimate_fast_q31.c **** 
 686              		.loc 1 226 8 is_stmt 0 view .LVU266
 687 02c0 0298     		ldr	r0, [sp, #8]
 223:Drivers/CMSIS/DSP/Source/FilteringFunctions/arm_fir_decimate_fast_q31.c **** 
 688              		.loc 1 223 8 view .LVU267
 689 02c2 5A46     		mov	r2, fp
 690              	.LVL122:
 220:Drivers/CMSIS/DSP/Source/FilteringFunctions/arm_fir_decimate_fast_q31.c **** 
 691              		.loc 1 220 10 view .LVU268
 692 02c4 0023     		movs	r3, #0
 693 02c6 0097     		str	r7, [sp]
 694 02c8 8C46     		mov	ip, r1
 695 02ca 3146     		mov	r1, r6
 696              	.LVL123:
 233:Drivers/CMSIS/DSP/Source/FilteringFunctions/arm_fir_decimate_fast_q31.c ****     {
 697              		.loc 1 233 11 view .LVU269
 698 02cc C5E7     		b	.L11
 699              	.LVL124:
 700              	.L22:
 302:Drivers/CMSIS/DSP/Source/FilteringFunctions/arm_fir_decimate_fast_q31.c ****   }
 303:Drivers/CMSIS/DSP/Source/FilteringFunctions/arm_fir_decimate_fast_q31.c **** 
 304:Drivers/CMSIS/DSP/Source/FilteringFunctions/arm_fir_decimate_fast_q31.c ****   /* Processing is complete.
 305:Drivers/CMSIS/DSP/Source/FilteringFunctions/arm_fir_decimate_fast_q31.c ****    ** Now copy the last numTaps - 1 samples to the satrt of the state buffer.
 306:Drivers/CMSIS/DSP/Source/FilteringFunctions/arm_fir_decimate_fast_q31.c ****    ** This prepares the state buffer for the next function call. */
 307:Drivers/CMSIS/DSP/Source/FilteringFunctions/arm_fir_decimate_fast_q31.c **** 
 308:Drivers/CMSIS/DSP/Source/FilteringFunctions/arm_fir_decimate_fast_q31.c ****   /* Points to the start of the state buffer */
 309:Drivers/CMSIS/DSP/Source/FilteringFunctions/arm_fir_decimate_fast_q31.c ****   pStateCurnt = S->pState;
 701              		.loc 1 309 3 is_stmt 1 view .LVU270
 702              		.loc 1 309 15 is_stmt 0 view .LVU271
 703 02ce A368     		ldr	r3, [r4, #8]
 704              	.LVL125:
 310:Drivers/CMSIS/DSP/Source/FilteringFunctions/arm_fir_decimate_fast_q31.c **** 
 311:Drivers/CMSIS/DSP/Source/FilteringFunctions/arm_fir_decimate_fast_q31.c ****   i = (numTaps - 1U) >> 2U;
 705              		.loc 1 311 3 is_stmt 1 view .LVU272
 706              		.loc 1 311 16 is_stmt 0 view .LVU273
 707 02d0 7A1E     		subs	r2, r7, #1
 708              		.loc 1 311 5 view .LVU274
 709 02d2 9108     		lsrs	r1, r2, #2
ARM GAS  /var/folders/n6/c271nzx11xl4r4_m7sqjlt0m0000gn/T//ccGbK11r.s 			page 20


 710              	.LVL126:
 312:Drivers/CMSIS/DSP/Source/FilteringFunctions/arm_fir_decimate_fast_q31.c **** 
 313:Drivers/CMSIS/DSP/Source/FilteringFunctions/arm_fir_decimate_fast_q31.c ****   /* copy data */
 314:Drivers/CMSIS/DSP/Source/FilteringFunctions/arm_fir_decimate_fast_q31.c ****   while (i > 0U)
 711              		.loc 1 314 3 is_stmt 1 view .LVU275
 712              		.loc 1 314 9 is_stmt 0 view .LVU276
 713 02d4 0FE0     		b	.L16
 714              	.L17:
 315:Drivers/CMSIS/DSP/Source/FilteringFunctions/arm_fir_decimate_fast_q31.c ****   {
 316:Drivers/CMSIS/DSP/Source/FilteringFunctions/arm_fir_decimate_fast_q31.c ****     *pStateCurnt++ = *pState++;
 715              		.loc 1 316 5 is_stmt 1 view .LVU277
 716              	.LVL127:
 717              		.loc 1 316 22 is_stmt 0 view .LVU278
 718 02d6 DBF80000 		ldr	r0, [fp]
 719              		.loc 1 316 20 view .LVU279
 720 02da 1860     		str	r0, [r3]
 317:Drivers/CMSIS/DSP/Source/FilteringFunctions/arm_fir_decimate_fast_q31.c ****     *pStateCurnt++ = *pState++;
 721              		.loc 1 317 5 is_stmt 1 view .LVU280
 722              	.LVL128:
 723              		.loc 1 317 22 is_stmt 0 view .LVU281
 724 02dc DBF80400 		ldr	r0, [fp, #4]
 725              		.loc 1 317 20 view .LVU282
 726 02e0 5860     		str	r0, [r3, #4]
 318:Drivers/CMSIS/DSP/Source/FilteringFunctions/arm_fir_decimate_fast_q31.c ****     *pStateCurnt++ = *pState++;
 727              		.loc 1 318 5 is_stmt 1 view .LVU283
 728              	.LVL129:
 729              		.loc 1 318 22 is_stmt 0 view .LVU284
 730 02e2 DBF80800 		ldr	r0, [fp, #8]
 731              		.loc 1 318 20 view .LVU285
 732 02e6 9860     		str	r0, [r3, #8]
 319:Drivers/CMSIS/DSP/Source/FilteringFunctions/arm_fir_decimate_fast_q31.c ****     *pStateCurnt++ = *pState++;
 733              		.loc 1 319 5 is_stmt 1 view .LVU286
 734              	.LVL130:
 735              		.loc 1 319 22 is_stmt 0 view .LVU287
 736 02e8 DBF80C00 		ldr	r0, [fp, #12]
 737              		.loc 1 319 20 view .LVU288
 738 02ec D860     		str	r0, [r3, #12]
 320:Drivers/CMSIS/DSP/Source/FilteringFunctions/arm_fir_decimate_fast_q31.c **** 
 321:Drivers/CMSIS/DSP/Source/FilteringFunctions/arm_fir_decimate_fast_q31.c ****     /* Decrement the loop counter */
 322:Drivers/CMSIS/DSP/Source/FilteringFunctions/arm_fir_decimate_fast_q31.c ****     i--;
 739              		.loc 1 322 5 is_stmt 1 view .LVU289
 740              		.loc 1 322 6 is_stmt 0 view .LVU290
 741 02ee 0139     		subs	r1, r1, #1
 742              	.LVL131:
 319:Drivers/CMSIS/DSP/Source/FilteringFunctions/arm_fir_decimate_fast_q31.c ****     *pStateCurnt++ = *pState++;
 743              		.loc 1 319 17 view .LVU291
 744 02f0 1033     		adds	r3, r3, #16
 745              	.LVL132:
 319:Drivers/CMSIS/DSP/Source/FilteringFunctions/arm_fir_decimate_fast_q31.c ****     *pStateCurnt++ = *pState++;
 746              		.loc 1 319 29 view .LVU292
 747 02f2 0BF1100B 		add	fp, fp, #16
 748              	.LVL133:
 749              	.L16:
 314:Drivers/CMSIS/DSP/Source/FilteringFunctions/arm_fir_decimate_fast_q31.c ****   {
 750              		.loc 1 314 12 is_stmt 1 view .LVU293
 751 02f6 0029     		cmp	r1, #0
 752 02f8 EDD1     		bne	.L17
ARM GAS  /var/folders/n6/c271nzx11xl4r4_m7sqjlt0m0000gn/T//ccGbK11r.s 			page 21


 323:Drivers/CMSIS/DSP/Source/FilteringFunctions/arm_fir_decimate_fast_q31.c ****   }
 324:Drivers/CMSIS/DSP/Source/FilteringFunctions/arm_fir_decimate_fast_q31.c **** 
 325:Drivers/CMSIS/DSP/Source/FilteringFunctions/arm_fir_decimate_fast_q31.c ****   i = (numTaps - 1U) % 0x04U;
 753              		.loc 1 325 3 view .LVU294
 754              		.loc 1 325 5 is_stmt 0 view .LVU295
 755 02fa 02F00302 		and	r2, r2, #3
 756              	.LVL134:
 326:Drivers/CMSIS/DSP/Source/FilteringFunctions/arm_fir_decimate_fast_q31.c **** 
 327:Drivers/CMSIS/DSP/Source/FilteringFunctions/arm_fir_decimate_fast_q31.c ****   /* copy data */
 328:Drivers/CMSIS/DSP/Source/FilteringFunctions/arm_fir_decimate_fast_q31.c ****   while (i > 0U)
 757              		.loc 1 328 3 is_stmt 1 view .LVU296
 758              		.loc 1 328 9 is_stmt 0 view .LVU297
 759 02fe 04E0     		b	.L18
 760              	.L19:
 329:Drivers/CMSIS/DSP/Source/FilteringFunctions/arm_fir_decimate_fast_q31.c ****   {
 330:Drivers/CMSIS/DSP/Source/FilteringFunctions/arm_fir_decimate_fast_q31.c ****     *pStateCurnt++ = *pState++;
 761              		.loc 1 330 5 is_stmt 1 view .LVU298
 762              	.LVL135:
 763              		.loc 1 330 22 is_stmt 0 view .LVU299
 764 0300 5BF8041B 		ldr	r1, [fp], #4
 765              	.LVL136:
 766              		.loc 1 330 20 view .LVU300
 767 0304 43F8041B 		str	r1, [r3], #4
 768              	.LVL137:
 331:Drivers/CMSIS/DSP/Source/FilteringFunctions/arm_fir_decimate_fast_q31.c **** 
 332:Drivers/CMSIS/DSP/Source/FilteringFunctions/arm_fir_decimate_fast_q31.c ****     /* Decrement the loop counter */
 333:Drivers/CMSIS/DSP/Source/FilteringFunctions/arm_fir_decimate_fast_q31.c ****     i--;
 769              		.loc 1 333 5 is_stmt 1 view .LVU301
 770              		.loc 1 333 6 is_stmt 0 view .LVU302
 771 0308 013A     		subs	r2, r2, #1
 772              	.LVL138:
 773              	.L18:
 328:Drivers/CMSIS/DSP/Source/FilteringFunctions/arm_fir_decimate_fast_q31.c ****   {
 774              		.loc 1 328 12 is_stmt 1 view .LVU303
 775 030a 002A     		cmp	r2, #0
 776 030c F8D1     		bne	.L19
 334:Drivers/CMSIS/DSP/Source/FilteringFunctions/arm_fir_decimate_fast_q31.c ****   }
 335:Drivers/CMSIS/DSP/Source/FilteringFunctions/arm_fir_decimate_fast_q31.c **** }
 777              		.loc 1 335 1 is_stmt 0 view .LVU304
 778 030e 09B0     		add	sp, sp, #36
 779              		.cfi_def_cfa_offset 36
 780              		@ sp needed
 781 0310 BDE8F08F 		pop	{r4, r5, r6, r7, r8, r9, r10, fp, pc}
 782              		.loc 1 335 1 view .LVU305
 783              		.cfi_endproc
 784              	.LFE135:
 786              		.text
 787              	.Letext0:
 788              		.file 2 "/Users/killian/Library/Application Support/Code/User/globalStorage/bmd.stm32-for-vscode/@
 789              		.file 3 "/Users/killian/Library/Application Support/Code/User/globalStorage/bmd.stm32-for-vscode/@
 790              		.file 4 "Drivers/CMSIS/DSP/Include/arm_math.h"
ARM GAS  /var/folders/n6/c271nzx11xl4r4_m7sqjlt0m0000gn/T//ccGbK11r.s 			page 22


DEFINED SYMBOLS
                            *ABS*:00000000 arm_fir_decimate_fast_q31.c
/var/folders/n6/c271nzx11xl4r4_m7sqjlt0m0000gn/T//ccGbK11r.s:20     .text.arm_fir_decimate_fast_q31:00000000 $t
/var/folders/n6/c271nzx11xl4r4_m7sqjlt0m0000gn/T//ccGbK11r.s:26     .text.arm_fir_decimate_fast_q31:00000000 arm_fir_decimate_fast_q31

NO UNDEFINED SYMBOLS
