ARM GAS  /var/folders/n6/c271nzx11xl4r4_m7sqjlt0m0000gn/T//ccNyAeAE.s 			page 1


   1              		.cpu cortex-m7
   2              		.arch armv7e-m
   3              		.fpu fpv5-d16
   4              		.eabi_attribute 28, 1
   5              		.eabi_attribute 20, 1
   6              		.eabi_attribute 21, 1
   7              		.eabi_attribute 23, 3
   8              		.eabi_attribute 24, 1
   9              		.eabi_attribute 25, 1
  10              		.eabi_attribute 26, 1
  11              		.eabi_attribute 30, 1
  12              		.eabi_attribute 34, 1
  13              		.eabi_attribute 18, 4
  14              		.file	"arm_fir_decimate_q31.c"
  15              		.text
  16              	.Ltext0:
  17              		.cfi_sections	.debug_frame
  18              		.file 1 "Drivers/CMSIS/DSP/Source/FilteringFunctions/arm_fir_decimate_q31.c"
  19              		.section	.text.arm_fir_decimate_q31,"ax",%progbits
  20              		.align	1
  21              		.global	arm_fir_decimate_q31
  22              		.syntax unified
  23              		.thumb
  24              		.thumb_func
  26              	arm_fir_decimate_q31:
  27              	.LVL0:
  28              	.LFB135:
   1:Drivers/CMSIS/DSP/Source/FilteringFunctions/arm_fir_decimate_q31.c **** /* ----------------------------------------------------------------------
   2:Drivers/CMSIS/DSP/Source/FilteringFunctions/arm_fir_decimate_q31.c ****  * Project:      CMSIS DSP Library
   3:Drivers/CMSIS/DSP/Source/FilteringFunctions/arm_fir_decimate_q31.c ****  * Title:        arm_fir_decimate_q31.c
   4:Drivers/CMSIS/DSP/Source/FilteringFunctions/arm_fir_decimate_q31.c ****  * Description:  Q31 FIR Decimator
   5:Drivers/CMSIS/DSP/Source/FilteringFunctions/arm_fir_decimate_q31.c ****  *
   6:Drivers/CMSIS/DSP/Source/FilteringFunctions/arm_fir_decimate_q31.c ****  * $Date:        27. January 2017
   7:Drivers/CMSIS/DSP/Source/FilteringFunctions/arm_fir_decimate_q31.c ****  * $Revision:    V.1.5.1
   8:Drivers/CMSIS/DSP/Source/FilteringFunctions/arm_fir_decimate_q31.c ****  *
   9:Drivers/CMSIS/DSP/Source/FilteringFunctions/arm_fir_decimate_q31.c ****  * Target Processor: Cortex-M cores
  10:Drivers/CMSIS/DSP/Source/FilteringFunctions/arm_fir_decimate_q31.c ****  * -------------------------------------------------------------------- */
  11:Drivers/CMSIS/DSP/Source/FilteringFunctions/arm_fir_decimate_q31.c **** /*
  12:Drivers/CMSIS/DSP/Source/FilteringFunctions/arm_fir_decimate_q31.c ****  * Copyright (C) 2010-2017 ARM Limited or its affiliates. All rights reserved.
  13:Drivers/CMSIS/DSP/Source/FilteringFunctions/arm_fir_decimate_q31.c ****  *
  14:Drivers/CMSIS/DSP/Source/FilteringFunctions/arm_fir_decimate_q31.c ****  * SPDX-License-Identifier: Apache-2.0
  15:Drivers/CMSIS/DSP/Source/FilteringFunctions/arm_fir_decimate_q31.c ****  *
  16:Drivers/CMSIS/DSP/Source/FilteringFunctions/arm_fir_decimate_q31.c ****  * Licensed under the Apache License, Version 2.0 (the License); you may
  17:Drivers/CMSIS/DSP/Source/FilteringFunctions/arm_fir_decimate_q31.c ****  * not use this file except in compliance with the License.
  18:Drivers/CMSIS/DSP/Source/FilteringFunctions/arm_fir_decimate_q31.c ****  * You may obtain a copy of the License at
  19:Drivers/CMSIS/DSP/Source/FilteringFunctions/arm_fir_decimate_q31.c ****  *
  20:Drivers/CMSIS/DSP/Source/FilteringFunctions/arm_fir_decimate_q31.c ****  * www.apache.org/licenses/LICENSE-2.0
  21:Drivers/CMSIS/DSP/Source/FilteringFunctions/arm_fir_decimate_q31.c ****  *
  22:Drivers/CMSIS/DSP/Source/FilteringFunctions/arm_fir_decimate_q31.c ****  * Unless required by applicable law or agreed to in writing, software
  23:Drivers/CMSIS/DSP/Source/FilteringFunctions/arm_fir_decimate_q31.c ****  * distributed under the License is distributed on an AS IS BASIS, WITHOUT
  24:Drivers/CMSIS/DSP/Source/FilteringFunctions/arm_fir_decimate_q31.c ****  * WARRANTIES OR CONDITIONS OF ANY KIND, either express or implied.
  25:Drivers/CMSIS/DSP/Source/FilteringFunctions/arm_fir_decimate_q31.c ****  * See the License for the specific language governing permissions and
  26:Drivers/CMSIS/DSP/Source/FilteringFunctions/arm_fir_decimate_q31.c ****  * limitations under the License.
  27:Drivers/CMSIS/DSP/Source/FilteringFunctions/arm_fir_decimate_q31.c ****  */
  28:Drivers/CMSIS/DSP/Source/FilteringFunctions/arm_fir_decimate_q31.c **** 
  29:Drivers/CMSIS/DSP/Source/FilteringFunctions/arm_fir_decimate_q31.c **** #include "arm_math.h"
  30:Drivers/CMSIS/DSP/Source/FilteringFunctions/arm_fir_decimate_q31.c **** 
ARM GAS  /var/folders/n6/c271nzx11xl4r4_m7sqjlt0m0000gn/T//ccNyAeAE.s 			page 2


  31:Drivers/CMSIS/DSP/Source/FilteringFunctions/arm_fir_decimate_q31.c **** /**
  32:Drivers/CMSIS/DSP/Source/FilteringFunctions/arm_fir_decimate_q31.c ****  * @ingroup groupFilters
  33:Drivers/CMSIS/DSP/Source/FilteringFunctions/arm_fir_decimate_q31.c ****  */
  34:Drivers/CMSIS/DSP/Source/FilteringFunctions/arm_fir_decimate_q31.c **** 
  35:Drivers/CMSIS/DSP/Source/FilteringFunctions/arm_fir_decimate_q31.c **** /**
  36:Drivers/CMSIS/DSP/Source/FilteringFunctions/arm_fir_decimate_q31.c ****  * @addtogroup FIR_decimate
  37:Drivers/CMSIS/DSP/Source/FilteringFunctions/arm_fir_decimate_q31.c ****  * @{
  38:Drivers/CMSIS/DSP/Source/FilteringFunctions/arm_fir_decimate_q31.c ****  */
  39:Drivers/CMSIS/DSP/Source/FilteringFunctions/arm_fir_decimate_q31.c **** 
  40:Drivers/CMSIS/DSP/Source/FilteringFunctions/arm_fir_decimate_q31.c **** /**
  41:Drivers/CMSIS/DSP/Source/FilteringFunctions/arm_fir_decimate_q31.c ****  * @brief Processing function for the Q31 FIR decimator.
  42:Drivers/CMSIS/DSP/Source/FilteringFunctions/arm_fir_decimate_q31.c ****  * @param[in] *S points to an instance of the Q31 FIR decimator structure.
  43:Drivers/CMSIS/DSP/Source/FilteringFunctions/arm_fir_decimate_q31.c ****  * @param[in] *pSrc points to the block of input data.
  44:Drivers/CMSIS/DSP/Source/FilteringFunctions/arm_fir_decimate_q31.c ****  * @param[out] *pDst points to the block of output data
  45:Drivers/CMSIS/DSP/Source/FilteringFunctions/arm_fir_decimate_q31.c ****  * @param[in] blockSize number of input samples to process per call.
  46:Drivers/CMSIS/DSP/Source/FilteringFunctions/arm_fir_decimate_q31.c ****  * @return none
  47:Drivers/CMSIS/DSP/Source/FilteringFunctions/arm_fir_decimate_q31.c ****  *
  48:Drivers/CMSIS/DSP/Source/FilteringFunctions/arm_fir_decimate_q31.c ****  * <b>Scaling and Overflow Behavior:</b>
  49:Drivers/CMSIS/DSP/Source/FilteringFunctions/arm_fir_decimate_q31.c ****  * \par
  50:Drivers/CMSIS/DSP/Source/FilteringFunctions/arm_fir_decimate_q31.c ****  * The function is implemented using an internal 64-bit accumulator.
  51:Drivers/CMSIS/DSP/Source/FilteringFunctions/arm_fir_decimate_q31.c ****  * The accumulator has a 2.62 format and maintains full precision of the intermediate multiplicatio
  52:Drivers/CMSIS/DSP/Source/FilteringFunctions/arm_fir_decimate_q31.c ****  * Thus, if the accumulator result overflows it wraps around rather than clip.
  53:Drivers/CMSIS/DSP/Source/FilteringFunctions/arm_fir_decimate_q31.c ****  * In order to avoid overflows completely the input signal must be scaled down by log2(numTaps) bit
  54:Drivers/CMSIS/DSP/Source/FilteringFunctions/arm_fir_decimate_q31.c ****  * After all multiply-accumulates are performed, the 2.62 accumulator is truncated to 1.32 format a
  55:Drivers/CMSIS/DSP/Source/FilteringFunctions/arm_fir_decimate_q31.c ****  *
  56:Drivers/CMSIS/DSP/Source/FilteringFunctions/arm_fir_decimate_q31.c ****  * \par
  57:Drivers/CMSIS/DSP/Source/FilteringFunctions/arm_fir_decimate_q31.c ****  * Refer to the function <code>arm_fir_decimate_fast_q31()</code> for a faster but less precise imp
  58:Drivers/CMSIS/DSP/Source/FilteringFunctions/arm_fir_decimate_q31.c ****  */
  59:Drivers/CMSIS/DSP/Source/FilteringFunctions/arm_fir_decimate_q31.c **** 
  60:Drivers/CMSIS/DSP/Source/FilteringFunctions/arm_fir_decimate_q31.c **** void arm_fir_decimate_q31(
  61:Drivers/CMSIS/DSP/Source/FilteringFunctions/arm_fir_decimate_q31.c ****   const arm_fir_decimate_instance_q31 * S,
  62:Drivers/CMSIS/DSP/Source/FilteringFunctions/arm_fir_decimate_q31.c ****   q31_t * pSrc,
  63:Drivers/CMSIS/DSP/Source/FilteringFunctions/arm_fir_decimate_q31.c ****   q31_t * pDst,
  64:Drivers/CMSIS/DSP/Source/FilteringFunctions/arm_fir_decimate_q31.c ****   uint32_t blockSize)
  65:Drivers/CMSIS/DSP/Source/FilteringFunctions/arm_fir_decimate_q31.c **** {
  29              		.loc 1 65 1 view -0
  30              		.cfi_startproc
  31              		@ args = 0, pretend = 0, frame = 16
  32              		@ frame_needed = 0, uses_anonymous_args = 0
  33              		.loc 1 65 1 is_stmt 0 view .LVU1
  34 0000 2DE9F04F 		push	{r4, r5, r6, r7, r8, r9, r10, fp, lr}
  35              		.cfi_def_cfa_offset 36
  36              		.cfi_offset 4, -36
  37              		.cfi_offset 5, -32
  38              		.cfi_offset 6, -28
  39              		.cfi_offset 7, -24
  40              		.cfi_offset 8, -20
  41              		.cfi_offset 9, -16
  42              		.cfi_offset 10, -12
  43              		.cfi_offset 11, -8
  44              		.cfi_offset 14, -4
  45 0004 85B0     		sub	sp, sp, #20
  46              		.cfi_def_cfa_offset 56
  47 0006 0646     		mov	r6, r0
  48 0008 0D46     		mov	r5, r1
  49 000a 1146     		mov	r1, r2
  50              	.LVL1:
ARM GAS  /var/folders/n6/c271nzx11xl4r4_m7sqjlt0m0000gn/T//ccNyAeAE.s 			page 3


  66:Drivers/CMSIS/DSP/Source/FilteringFunctions/arm_fir_decimate_q31.c ****   q31_t *pState = S->pState;                     /* State pointer */
  51              		.loc 1 66 3 is_stmt 1 view .LVU2
  52              		.loc 1 66 10 is_stmt 0 view .LVU3
  53 000c D0F80880 		ldr	r8, [r0, #8]
  54              	.LVL2:
  67:Drivers/CMSIS/DSP/Source/FilteringFunctions/arm_fir_decimate_q31.c ****   q31_t *pCoeffs = S->pCoeffs;                   /* Coefficient pointer */
  55              		.loc 1 67 3 is_stmt 1 view .LVU4
  56              		.loc 1 67 10 is_stmt 0 view .LVU5
  57 0010 D0F80490 		ldr	r9, [r0, #4]
  58              	.LVL3:
  68:Drivers/CMSIS/DSP/Source/FilteringFunctions/arm_fir_decimate_q31.c ****   q31_t *pStateCurnt;                            /* Points to the current sample of the state */
  59              		.loc 1 68 3 is_stmt 1 view .LVU6
  69:Drivers/CMSIS/DSP/Source/FilteringFunctions/arm_fir_decimate_q31.c ****   q31_t x0, c0;                                  /* Temporary variables to hold state and coefficie
  60              		.loc 1 69 3 view .LVU7
  70:Drivers/CMSIS/DSP/Source/FilteringFunctions/arm_fir_decimate_q31.c ****   q31_t *px;                                     /* Temporary pointers for state buffer */
  61              		.loc 1 70 3 view .LVU8
  71:Drivers/CMSIS/DSP/Source/FilteringFunctions/arm_fir_decimate_q31.c ****   q31_t *pb;                                     /* Temporary pointers for coefficient buffer */
  62              		.loc 1 71 3 view .LVU9
  72:Drivers/CMSIS/DSP/Source/FilteringFunctions/arm_fir_decimate_q31.c ****   q63_t sum0;                                    /* Accumulator */
  63              		.loc 1 72 3 view .LVU10
  73:Drivers/CMSIS/DSP/Source/FilteringFunctions/arm_fir_decimate_q31.c ****   uint32_t numTaps = S->numTaps;                 /* Number of taps */
  64              		.loc 1 73 3 view .LVU11
  65              		.loc 1 73 23 is_stmt 0 view .LVU12
  66 0014 B0F802B0 		ldrh	fp, [r0, #2]
  67              	.LVL4:
  74:Drivers/CMSIS/DSP/Source/FilteringFunctions/arm_fir_decimate_q31.c ****   uint32_t i, tapCnt, blkCnt, outBlockSize = blockSize / S->M;  /* Loop counters */
  68              		.loc 1 74 3 is_stmt 1 view .LVU13
  69              		.loc 1 74 59 is_stmt 0 view .LVU14
  70 0018 0278     		ldrb	r2, [r0]	@ zero_extendqisi2
  71              	.LVL5:
  72              		.loc 1 74 31 view .LVU15
  73 001a B3FBF2F3 		udiv	r3, r3, r2
  74              	.LVL6:
  75:Drivers/CMSIS/DSP/Source/FilteringFunctions/arm_fir_decimate_q31.c **** 
  76:Drivers/CMSIS/DSP/Source/FilteringFunctions/arm_fir_decimate_q31.c **** 
  77:Drivers/CMSIS/DSP/Source/FilteringFunctions/arm_fir_decimate_q31.c **** #if defined (ARM_MATH_DSP)
  78:Drivers/CMSIS/DSP/Source/FilteringFunctions/arm_fir_decimate_q31.c **** 
  79:Drivers/CMSIS/DSP/Source/FilteringFunctions/arm_fir_decimate_q31.c ****   /* Run the below code for Cortex-M4 and Cortex-M3 */
  80:Drivers/CMSIS/DSP/Source/FilteringFunctions/arm_fir_decimate_q31.c **** 
  81:Drivers/CMSIS/DSP/Source/FilteringFunctions/arm_fir_decimate_q31.c ****   /* S->pState buffer contains previous frame (numTaps - 1) samples */
  82:Drivers/CMSIS/DSP/Source/FilteringFunctions/arm_fir_decimate_q31.c ****   /* pStateCurnt points to the location where the new input data should be written */
  83:Drivers/CMSIS/DSP/Source/FilteringFunctions/arm_fir_decimate_q31.c ****   pStateCurnt = S->pState + (numTaps - 1U);
  75              		.loc 1 83 3 is_stmt 1 view .LVU16
  76              		.loc 1 83 27 is_stmt 0 view .LVU17
  77 001e 6FF04044 		mvn	r4, #-1073741824
  78 0022 5C44     		add	r4, r4, fp
  79              		.loc 1 83 15 view .LVU18
  80 0024 08EB8404 		add	r4, r8, r4, lsl #2
  81              	.LVL7:
  84:Drivers/CMSIS/DSP/Source/FilteringFunctions/arm_fir_decimate_q31.c **** 
  85:Drivers/CMSIS/DSP/Source/FilteringFunctions/arm_fir_decimate_q31.c ****   /* Total number of output samples to be computed */
  86:Drivers/CMSIS/DSP/Source/FilteringFunctions/arm_fir_decimate_q31.c ****   blkCnt = outBlockSize;
  82              		.loc 1 86 3 is_stmt 1 view .LVU19
  87:Drivers/CMSIS/DSP/Source/FilteringFunctions/arm_fir_decimate_q31.c **** 
  88:Drivers/CMSIS/DSP/Source/FilteringFunctions/arm_fir_decimate_q31.c ****   while (blkCnt > 0U)
  83              		.loc 1 88 3 view .LVU20
  84 0028 5846     		mov	r0, fp
ARM GAS  /var/folders/n6/c271nzx11xl4r4_m7sqjlt0m0000gn/T//ccNyAeAE.s 			page 4


  85              	.LVL8:
  86              		.loc 1 88 3 is_stmt 0 view .LVU21
  87 002a 0194     		str	r4, [sp, #4]
  88 002c 9E46     		mov	lr, r3
  89 002e 8B46     		mov	fp, r1
  90              	.LVL9:
  91              		.loc 1 88 3 view .LVU22
  92 0030 4946     		mov	r1, r9
  93              	.LVL10:
  94              		.loc 1 88 3 view .LVU23
  95 0032 B146     		mov	r9, r6
  96              	.LVL11:
  97              		.loc 1 88 9 view .LVU24
  98 0034 70E0     		b	.L2
  99              	.LVL12:
 100              	.L5:
  89:Drivers/CMSIS/DSP/Source/FilteringFunctions/arm_fir_decimate_q31.c ****   {
  90:Drivers/CMSIS/DSP/Source/FilteringFunctions/arm_fir_decimate_q31.c ****     /* Copy decimation factor number of new input samples into the state buffer */
  91:Drivers/CMSIS/DSP/Source/FilteringFunctions/arm_fir_decimate_q31.c ****     i = S->M;
  92:Drivers/CMSIS/DSP/Source/FilteringFunctions/arm_fir_decimate_q31.c **** 
  93:Drivers/CMSIS/DSP/Source/FilteringFunctions/arm_fir_decimate_q31.c ****     do
  94:Drivers/CMSIS/DSP/Source/FilteringFunctions/arm_fir_decimate_q31.c ****     {
  95:Drivers/CMSIS/DSP/Source/FilteringFunctions/arm_fir_decimate_q31.c ****       *pStateCurnt++ = *pSrc++;
  96:Drivers/CMSIS/DSP/Source/FilteringFunctions/arm_fir_decimate_q31.c **** 
  97:Drivers/CMSIS/DSP/Source/FilteringFunctions/arm_fir_decimate_q31.c ****     } while (--i);
  98:Drivers/CMSIS/DSP/Source/FilteringFunctions/arm_fir_decimate_q31.c **** 
  99:Drivers/CMSIS/DSP/Source/FilteringFunctions/arm_fir_decimate_q31.c ****     /* Set accumulator to zero */
 100:Drivers/CMSIS/DSP/Source/FilteringFunctions/arm_fir_decimate_q31.c ****     sum0 = 0;
 101:Drivers/CMSIS/DSP/Source/FilteringFunctions/arm_fir_decimate_q31.c **** 
 102:Drivers/CMSIS/DSP/Source/FilteringFunctions/arm_fir_decimate_q31.c ****     /* Initialize state pointer */
 103:Drivers/CMSIS/DSP/Source/FilteringFunctions/arm_fir_decimate_q31.c ****     px = pState;
 104:Drivers/CMSIS/DSP/Source/FilteringFunctions/arm_fir_decimate_q31.c **** 
 105:Drivers/CMSIS/DSP/Source/FilteringFunctions/arm_fir_decimate_q31.c ****     /* Initialize coeff pointer */
 106:Drivers/CMSIS/DSP/Source/FilteringFunctions/arm_fir_decimate_q31.c ****     pb = pCoeffs;
 107:Drivers/CMSIS/DSP/Source/FilteringFunctions/arm_fir_decimate_q31.c **** 
 108:Drivers/CMSIS/DSP/Source/FilteringFunctions/arm_fir_decimate_q31.c ****     /* Loop unrolling.  Process 4 taps at a time. */
 109:Drivers/CMSIS/DSP/Source/FilteringFunctions/arm_fir_decimate_q31.c ****     tapCnt = numTaps >> 2;
 110:Drivers/CMSIS/DSP/Source/FilteringFunctions/arm_fir_decimate_q31.c **** 
 111:Drivers/CMSIS/DSP/Source/FilteringFunctions/arm_fir_decimate_q31.c ****     /* Loop over the number of taps.  Unroll by a factor of 4.
 112:Drivers/CMSIS/DSP/Source/FilteringFunctions/arm_fir_decimate_q31.c ****      ** Repeat until we've computed numTaps-4 coefficients. */
 113:Drivers/CMSIS/DSP/Source/FilteringFunctions/arm_fir_decimate_q31.c ****     while (tapCnt > 0U)
 114:Drivers/CMSIS/DSP/Source/FilteringFunctions/arm_fir_decimate_q31.c ****     {
 115:Drivers/CMSIS/DSP/Source/FilteringFunctions/arm_fir_decimate_q31.c ****       /* Read the b[numTaps-1] coefficient */
 116:Drivers/CMSIS/DSP/Source/FilteringFunctions/arm_fir_decimate_q31.c ****       c0 = *(pb++);
 101              		.loc 1 116 7 is_stmt 1 view .LVU25
 102              		.loc 1 116 10 is_stmt 0 view .LVU26
 103 0036 DCF80000 		ldr	r0, [ip]
 104              	.LVL13:
 117:Drivers/CMSIS/DSP/Source/FilteringFunctions/arm_fir_decimate_q31.c **** 
 118:Drivers/CMSIS/DSP/Source/FilteringFunctions/arm_fir_decimate_q31.c ****       /* Read x[n-numTaps-1] sample */
 119:Drivers/CMSIS/DSP/Source/FilteringFunctions/arm_fir_decimate_q31.c ****       x0 = *(px++);
 105              		.loc 1 119 7 is_stmt 1 view .LVU27
 106              		.loc 1 119 10 is_stmt 0 view .LVU28
 107 003a 3C68     		ldr	r4, [r7]
 108              	.LVL14:
 120:Drivers/CMSIS/DSP/Source/FilteringFunctions/arm_fir_decimate_q31.c **** 
 121:Drivers/CMSIS/DSP/Source/FilteringFunctions/arm_fir_decimate_q31.c ****       /* Perform the multiply-accumulate */
ARM GAS  /var/folders/n6/c271nzx11xl4r4_m7sqjlt0m0000gn/T//ccNyAeAE.s 			page 5


 122:Drivers/CMSIS/DSP/Source/FilteringFunctions/arm_fir_decimate_q31.c ****       sum0 += (q63_t) x0 *c0;
 109              		.loc 1 122 7 is_stmt 1 view .LVU29
 110              		.loc 1 122 15 is_stmt 0 view .LVU30
 111 003c E217     		asrs	r2, r4, #31
 112              		.loc 1 122 26 view .LVU31
 113 003e 4FEAE078 		asr	r8, r0, #31
 114 0042 00FB02F2 		mul	r2, r0, r2
 115 0046 04FB0822 		mla	r2, r4, r8, r2
 116 004a A0FB0440 		umull	r4, r0, r0, r4
 117              	.LVL15:
 118              		.loc 1 122 26 view .LVU32
 119 004e 1044     		add	r0, r0, r2
 120              		.loc 1 122 12 view .LVU33
 121 0050 E318     		adds	r3, r4, r3
 122              	.LVL16:
 123              		.loc 1 122 12 view .LVU34
 124 0052 40EB0A04 		adc	r4, r0, r10
 125              	.LVL17:
 123:Drivers/CMSIS/DSP/Source/FilteringFunctions/arm_fir_decimate_q31.c **** 
 124:Drivers/CMSIS/DSP/Source/FilteringFunctions/arm_fir_decimate_q31.c ****       /* Read the b[numTaps-2] coefficient */
 125:Drivers/CMSIS/DSP/Source/FilteringFunctions/arm_fir_decimate_q31.c ****       c0 = *(pb++);
 126              		.loc 1 125 7 is_stmt 1 view .LVU35
 127              		.loc 1 125 10 is_stmt 0 view .LVU36
 128 0056 DCF80420 		ldr	r2, [ip, #4]
 129              	.LVL18:
 126:Drivers/CMSIS/DSP/Source/FilteringFunctions/arm_fir_decimate_q31.c **** 
 127:Drivers/CMSIS/DSP/Source/FilteringFunctions/arm_fir_decimate_q31.c ****       /* Read x[n-numTaps-2] sample */
 128:Drivers/CMSIS/DSP/Source/FilteringFunctions/arm_fir_decimate_q31.c ****       x0 = *(px++);
 130              		.loc 1 128 7 is_stmt 1 view .LVU37
 131              		.loc 1 128 10 is_stmt 0 view .LVU38
 132 005a 7868     		ldr	r0, [r7, #4]
 133              	.LVL19:
 129:Drivers/CMSIS/DSP/Source/FilteringFunctions/arm_fir_decimate_q31.c **** 
 130:Drivers/CMSIS/DSP/Source/FilteringFunctions/arm_fir_decimate_q31.c ****       /* Perform the multiply-accumulate */
 131:Drivers/CMSIS/DSP/Source/FilteringFunctions/arm_fir_decimate_q31.c ****       sum0 += (q63_t) x0 *c0;
 134              		.loc 1 131 7 is_stmt 1 view .LVU39
 135              		.loc 1 131 15 is_stmt 0 view .LVU40
 136 005c 4FEAE078 		asr	r8, r0, #31
 137              		.loc 1 131 26 view .LVU41
 138 0060 4FEAE27A 		asr	r10, r2, #31
 139 0064 02FB08F8 		mul	r8, r2, r8
 140 0068 00FB0A88 		mla	r8, r0, r10, r8
 141 006c A2FB0002 		umull	r0, r2, r2, r0
 142              	.LVL20:
 143              		.loc 1 131 26 view .LVU42
 144 0070 4244     		add	r2, r2, r8
 145              		.loc 1 131 12 view .LVU43
 146 0072 C018     		adds	r0, r0, r3
 147 0074 42EB0402 		adc	r2, r2, r4
 148              	.LVL21:
 132:Drivers/CMSIS/DSP/Source/FilteringFunctions/arm_fir_decimate_q31.c **** 
 133:Drivers/CMSIS/DSP/Source/FilteringFunctions/arm_fir_decimate_q31.c ****       /* Read the b[numTaps-3] coefficient */
 134:Drivers/CMSIS/DSP/Source/FilteringFunctions/arm_fir_decimate_q31.c ****       c0 = *(pb++);
 149              		.loc 1 134 7 is_stmt 1 view .LVU44
 150              		.loc 1 134 10 is_stmt 0 view .LVU45
 151 0078 DCF80830 		ldr	r3, [ip, #8]
 152              	.LVL22:
ARM GAS  /var/folders/n6/c271nzx11xl4r4_m7sqjlt0m0000gn/T//ccNyAeAE.s 			page 6


 135:Drivers/CMSIS/DSP/Source/FilteringFunctions/arm_fir_decimate_q31.c **** 
 136:Drivers/CMSIS/DSP/Source/FilteringFunctions/arm_fir_decimate_q31.c ****       /* Read x[n-numTaps-3] sample */
 137:Drivers/CMSIS/DSP/Source/FilteringFunctions/arm_fir_decimate_q31.c ****       x0 = *(px++);
 153              		.loc 1 137 7 is_stmt 1 view .LVU46
 154              		.loc 1 137 10 is_stmt 0 view .LVU47
 155 007c BC68     		ldr	r4, [r7, #8]
 156              	.LVL23:
 138:Drivers/CMSIS/DSP/Source/FilteringFunctions/arm_fir_decimate_q31.c **** 
 139:Drivers/CMSIS/DSP/Source/FilteringFunctions/arm_fir_decimate_q31.c ****       /* Perform the multiply-accumulate */
 140:Drivers/CMSIS/DSP/Source/FilteringFunctions/arm_fir_decimate_q31.c ****       sum0 += (q63_t) x0 *c0;
 157              		.loc 1 140 7 is_stmt 1 view .LVU48
 158              		.loc 1 140 15 is_stmt 0 view .LVU49
 159 007e 4FEAE478 		asr	r8, r4, #31
 160              		.loc 1 140 26 view .LVU50
 161 0082 4FEAE37A 		asr	r10, r3, #31
 162 0086 03FB08F8 		mul	r8, r3, r8
 163 008a 04FB0A8A 		mla	r10, r4, r10, r8
 164 008e A3FB0448 		umull	r4, r8, r3, r4
 165              	.LVL24:
 166              		.loc 1 140 26 view .LVU51
 167 0092 D044     		add	r8, r8, r10
 168              		.loc 1 140 12 view .LVU52
 169 0094 2418     		adds	r4, r4, r0
 170 0096 48EB0208 		adc	r8, r8, r2
 171              	.LVL25:
 141:Drivers/CMSIS/DSP/Source/FilteringFunctions/arm_fir_decimate_q31.c **** 
 142:Drivers/CMSIS/DSP/Source/FilteringFunctions/arm_fir_decimate_q31.c ****       /* Read the b[numTaps-4] coefficient */
 143:Drivers/CMSIS/DSP/Source/FilteringFunctions/arm_fir_decimate_q31.c ****       c0 = *(pb++);
 172              		.loc 1 143 7 is_stmt 1 view .LVU53
 173              		.loc 1 143 10 is_stmt 0 view .LVU54
 174 009a DCF80C00 		ldr	r0, [ip, #12]
 175              	.LVL26:
 144:Drivers/CMSIS/DSP/Source/FilteringFunctions/arm_fir_decimate_q31.c **** 
 145:Drivers/CMSIS/DSP/Source/FilteringFunctions/arm_fir_decimate_q31.c ****       /* Read x[n-numTaps-4] sample */
 146:Drivers/CMSIS/DSP/Source/FilteringFunctions/arm_fir_decimate_q31.c ****       x0 = *(px++);
 176              		.loc 1 146 7 is_stmt 1 view .LVU55
 177              		.loc 1 146 10 is_stmt 0 view .LVU56
 178 009e FA68     		ldr	r2, [r7, #12]
 179              	.LVL27:
 147:Drivers/CMSIS/DSP/Source/FilteringFunctions/arm_fir_decimate_q31.c **** 
 148:Drivers/CMSIS/DSP/Source/FilteringFunctions/arm_fir_decimate_q31.c ****       /* Perform the multiply-accumulate */
 149:Drivers/CMSIS/DSP/Source/FilteringFunctions/arm_fir_decimate_q31.c ****       sum0 += (q63_t) x0 *c0;
 180              		.loc 1 149 7 is_stmt 1 view .LVU57
 181              		.loc 1 149 15 is_stmt 0 view .LVU58
 182 00a0 D317     		asrs	r3, r2, #31
 183              		.loc 1 149 26 view .LVU59
 184 00a2 4FEAE07A 		asr	r10, r0, #31
 185 00a6 00FB03F3 		mul	r3, r0, r3
 186 00aa 02FB0A33 		mla	r3, r2, r10, r3
 187 00ae A0FB022A 		umull	r2, r10, r0, r2
 188              	.LVL28:
 189              		.loc 1 149 26 view .LVU60
 190 00b2 9A44     		add	r10, r10, r3
 191              		.loc 1 149 12 view .LVU61
 192 00b4 1319     		adds	r3, r2, r4
 193 00b6 4AEB080A 		adc	r10, r10, r8
 194              	.LVL29:
ARM GAS  /var/folders/n6/c271nzx11xl4r4_m7sqjlt0m0000gn/T//ccNyAeAE.s 			page 7


 150:Drivers/CMSIS/DSP/Source/FilteringFunctions/arm_fir_decimate_q31.c **** 
 151:Drivers/CMSIS/DSP/Source/FilteringFunctions/arm_fir_decimate_q31.c ****       /* Decrement the loop counter */
 152:Drivers/CMSIS/DSP/Source/FilteringFunctions/arm_fir_decimate_q31.c ****       tapCnt--;
 195              		.loc 1 152 7 is_stmt 1 view .LVU62
 196              		.loc 1 152 13 is_stmt 0 view .LVU63
 197 00ba 013E     		subs	r6, r6, #1
 198              	.LVL30:
 143:Drivers/CMSIS/DSP/Source/FilteringFunctions/arm_fir_decimate_q31.c **** 
 199              		.loc 1 143 16 view .LVU64
 200 00bc 0CF1100C 		add	ip, ip, #16
 201              	.LVL31:
 146:Drivers/CMSIS/DSP/Source/FilteringFunctions/arm_fir_decimate_q31.c **** 
 202              		.loc 1 146 16 view .LVU65
 203 00c0 1037     		adds	r7, r7, #16
 204              	.LVL32:
 205              	.L4:
 113:Drivers/CMSIS/DSP/Source/FilteringFunctions/arm_fir_decimate_q31.c ****     {
 206              		.loc 1 113 19 is_stmt 1 view .LVU66
 207 00c2 002E     		cmp	r6, #0
 208 00c4 B7D1     		bne	.L5
 153:Drivers/CMSIS/DSP/Source/FilteringFunctions/arm_fir_decimate_q31.c ****     }
 154:Drivers/CMSIS/DSP/Source/FilteringFunctions/arm_fir_decimate_q31.c **** 
 155:Drivers/CMSIS/DSP/Source/FilteringFunctions/arm_fir_decimate_q31.c ****     /* If the filter length is not a multiple of 4, compute the remaining filter taps */
 156:Drivers/CMSIS/DSP/Source/FilteringFunctions/arm_fir_decimate_q31.c ****     tapCnt = numTaps % 0x4U;
 209              		.loc 1 156 12 is_stmt 0 view .LVU67
 210 00c6 0298     		ldr	r0, [sp, #8]
 211              		.loc 1 156 5 is_stmt 1 view .LVU68
 212              		.loc 1 156 12 is_stmt 0 view .LVU69
 213 00c8 00F00306 		and	r6, r0, #3
 214              	.LVL33:
 157:Drivers/CMSIS/DSP/Source/FilteringFunctions/arm_fir_decimate_q31.c **** 
 158:Drivers/CMSIS/DSP/Source/FilteringFunctions/arm_fir_decimate_q31.c ****     while (tapCnt > 0U)
 215              		.loc 1 158 5 is_stmt 1 view .LVU70
 216              		.loc 1 158 11 is_stmt 0 view .LVU71
 217 00cc 12E0     		b	.L6
 218              	.L7:
 159:Drivers/CMSIS/DSP/Source/FilteringFunctions/arm_fir_decimate_q31.c ****     {
 160:Drivers/CMSIS/DSP/Source/FilteringFunctions/arm_fir_decimate_q31.c ****       /* Read coefficients */
 161:Drivers/CMSIS/DSP/Source/FilteringFunctions/arm_fir_decimate_q31.c ****       c0 = *(pb++);
 219              		.loc 1 161 7 is_stmt 1 view .LVU72
 220              	.LVL34:
 221              		.loc 1 161 10 is_stmt 0 view .LVU73
 222 00ce 5CF8042B 		ldr	r2, [ip], #4
 223              	.LVL35:
 162:Drivers/CMSIS/DSP/Source/FilteringFunctions/arm_fir_decimate_q31.c **** 
 163:Drivers/CMSIS/DSP/Source/FilteringFunctions/arm_fir_decimate_q31.c ****       /* Fetch 1 state variable */
 164:Drivers/CMSIS/DSP/Source/FilteringFunctions/arm_fir_decimate_q31.c ****       x0 = *(px++);
 224              		.loc 1 164 7 is_stmt 1 view .LVU74
 225              		.loc 1 164 10 is_stmt 0 view .LVU75
 226 00d2 57F8044B 		ldr	r4, [r7], #4
 227              	.LVL36:
 165:Drivers/CMSIS/DSP/Source/FilteringFunctions/arm_fir_decimate_q31.c **** 
 166:Drivers/CMSIS/DSP/Source/FilteringFunctions/arm_fir_decimate_q31.c ****       /* Perform the multiply-accumulate */
 167:Drivers/CMSIS/DSP/Source/FilteringFunctions/arm_fir_decimate_q31.c ****       sum0 += (q63_t) x0 *c0;
 228              		.loc 1 167 7 is_stmt 1 view .LVU76
 229              		.loc 1 167 15 is_stmt 0 view .LVU77
 230 00d6 E017     		asrs	r0, r4, #31
ARM GAS  /var/folders/n6/c271nzx11xl4r4_m7sqjlt0m0000gn/T//ccNyAeAE.s 			page 8


 231              		.loc 1 167 26 view .LVU78
 232 00d8 4FEAE278 		asr	r8, r2, #31
 233 00dc 02FB00F0 		mul	r0, r2, r0
 234 00e0 04FB0800 		mla	r0, r4, r8, r0
 235 00e4 A2FB0424 		umull	r2, r4, r2, r4
 236              	.LVL37:
 237              		.loc 1 167 26 view .LVU79
 238 00e8 2044     		add	r0, r0, r4
 239              		.loc 1 167 12 view .LVU80
 240 00ea D218     		adds	r2, r2, r3
 241 00ec 1346     		mov	r3, r2
 242              	.LVL38:
 243              		.loc 1 167 12 view .LVU81
 244 00ee 40EB0A0A 		adc	r10, r0, r10
 245              	.LVL39:
 168:Drivers/CMSIS/DSP/Source/FilteringFunctions/arm_fir_decimate_q31.c **** 
 169:Drivers/CMSIS/DSP/Source/FilteringFunctions/arm_fir_decimate_q31.c ****       /* Decrement the loop counter */
 170:Drivers/CMSIS/DSP/Source/FilteringFunctions/arm_fir_decimate_q31.c ****       tapCnt--;
 246              		.loc 1 170 7 is_stmt 1 view .LVU82
 247              		.loc 1 170 13 is_stmt 0 view .LVU83
 248 00f2 013E     		subs	r6, r6, #1
 249              	.LVL40:
 250              	.L6:
 158:Drivers/CMSIS/DSP/Source/FilteringFunctions/arm_fir_decimate_q31.c ****     {
 251              		.loc 1 158 19 is_stmt 1 view .LVU84
 252 00f4 002E     		cmp	r6, #0
 253 00f6 EAD1     		bne	.L7
 171:Drivers/CMSIS/DSP/Source/FilteringFunctions/arm_fir_decimate_q31.c ****     }
 172:Drivers/CMSIS/DSP/Source/FilteringFunctions/arm_fir_decimate_q31.c **** 
 173:Drivers/CMSIS/DSP/Source/FilteringFunctions/arm_fir_decimate_q31.c ****     /* Advance the state pointer by the decimation factor
 174:Drivers/CMSIS/DSP/Source/FilteringFunctions/arm_fir_decimate_q31.c ****      * to process the next group of decimation factor number samples */
 175:Drivers/CMSIS/DSP/Source/FilteringFunctions/arm_fir_decimate_q31.c ****     pState = pState + S->M;
 254              		.loc 1 175 24 is_stmt 0 view .LVU85
 255 00f8 0298     		ldr	r0, [sp, #8]
 256 00fa DDF80C80 		ldr	r8, [sp, #12]
 257              		.loc 1 175 5 is_stmt 1 view .LVU86
 258              		.loc 1 175 24 is_stmt 0 view .LVU87
 259 00fe 99F80020 		ldrb	r2, [r9]	@ zero_extendqisi2
 260              		.loc 1 175 12 view .LVU88
 261 0102 08EB8208 		add	r8, r8, r2, lsl #2
 262              	.LVL41:
 176:Drivers/CMSIS/DSP/Source/FilteringFunctions/arm_fir_decimate_q31.c **** 
 177:Drivers/CMSIS/DSP/Source/FilteringFunctions/arm_fir_decimate_q31.c ****     /* The result is in the accumulator, store in the destination buffer. */
 178:Drivers/CMSIS/DSP/Source/FilteringFunctions/arm_fir_decimate_q31.c ****     *pDst++ = (q31_t) (sum0 >> 31);
 263              		.loc 1 178 5 is_stmt 1 view .LVU89
 264              		.loc 1 178 29 is_stmt 0 view .LVU90
 265 0106 DB0F     		lsrs	r3, r3, #31
 266              	.LVL42:
 267              		.loc 1 178 29 view .LVU91
 268 0108 43EA4A03 		orr	r3, r3, r10, lsl #1
 269              		.loc 1 178 10 view .LVU92
 270 010c 5A46     		mov	r2, fp
 271              	.LVL43:
 272              		.loc 1 178 13 view .LVU93
 273 010e 42F8043B 		str	r3, [r2], #4
 274              	.LVL44:
 179:Drivers/CMSIS/DSP/Source/FilteringFunctions/arm_fir_decimate_q31.c **** 
ARM GAS  /var/folders/n6/c271nzx11xl4r4_m7sqjlt0m0000gn/T//ccNyAeAE.s 			page 9


 180:Drivers/CMSIS/DSP/Source/FilteringFunctions/arm_fir_decimate_q31.c ****     /* Decrement the loop counter */
 181:Drivers/CMSIS/DSP/Source/FilteringFunctions/arm_fir_decimate_q31.c ****     blkCnt--;
 275              		.loc 1 181 5 is_stmt 1 view .LVU94
 276              		.loc 1 181 11 is_stmt 0 view .LVU95
 277 0112 0EF1FF3E 		add	lr, lr, #-1
 278              	.LVL45:
 178:Drivers/CMSIS/DSP/Source/FilteringFunctions/arm_fir_decimate_q31.c **** 
 279              		.loc 1 178 10 view .LVU96
 280 0116 9346     		mov	fp, r2
 281              	.LVL46:
 282              	.L2:
  88:Drivers/CMSIS/DSP/Source/FilteringFunctions/arm_fir_decimate_q31.c ****   {
 283              		.loc 1 88 17 is_stmt 1 view .LVU97
 284 0118 BEF1000F 		cmp	lr, #0
 285 011c 13D0     		beq	.L14
  91:Drivers/CMSIS/DSP/Source/FilteringFunctions/arm_fir_decimate_q31.c **** 
 286              		.loc 1 91 5 view .LVU98
  91:Drivers/CMSIS/DSP/Source/FilteringFunctions/arm_fir_decimate_q31.c **** 
 287              		.loc 1 91 10 is_stmt 0 view .LVU99
 288 011e 99F80020 		ldrb	r2, [r9]	@ zero_extendqisi2
 289              	.LVL47:
  91:Drivers/CMSIS/DSP/Source/FilteringFunctions/arm_fir_decimate_q31.c **** 
 290              		.loc 1 91 10 view .LVU100
 291 0122 019C     		ldr	r4, [sp, #4]
 292              	.LVL48:
 293              	.L3:
  93:Drivers/CMSIS/DSP/Source/FilteringFunctions/arm_fir_decimate_q31.c ****     {
 294              		.loc 1 93 5 is_stmt 1 view .LVU101
  95:Drivers/CMSIS/DSP/Source/FilteringFunctions/arm_fir_decimate_q31.c **** 
 295              		.loc 1 95 7 view .LVU102
  95:Drivers/CMSIS/DSP/Source/FilteringFunctions/arm_fir_decimate_q31.c **** 
 296              		.loc 1 95 7 is_stmt 0 view .LVU103
 297 0124 2646     		mov	r6, r4
  95:Drivers/CMSIS/DSP/Source/FilteringFunctions/arm_fir_decimate_q31.c **** 
 298              		.loc 1 95 19 view .LVU104
 299 0126 0434     		adds	r4, r4, #4
 300              	.LVL49:
  95:Drivers/CMSIS/DSP/Source/FilteringFunctions/arm_fir_decimate_q31.c **** 
 301              		.loc 1 95 24 view .LVU105
 302 0128 2B68     		ldr	r3, [r5]
 303 012a 0435     		adds	r5, r5, #4
 304              	.LVL50:
  95:Drivers/CMSIS/DSP/Source/FilteringFunctions/arm_fir_decimate_q31.c **** 
 305              		.loc 1 95 22 view .LVU106
 306 012c 3360     		str	r3, [r6]
  97:Drivers/CMSIS/DSP/Source/FilteringFunctions/arm_fir_decimate_q31.c **** 
 307              		.loc 1 97 14 is_stmt 1 discriminator 1 view .LVU107
 308              	.LVL51:
  97:Drivers/CMSIS/DSP/Source/FilteringFunctions/arm_fir_decimate_q31.c **** 
 309              		.loc 1 97 14 is_stmt 0 discriminator 1 view .LVU108
 310 012e 013A     		subs	r2, r2, #1
 311              	.LVL52:
  97:Drivers/CMSIS/DSP/Source/FilteringFunctions/arm_fir_decimate_q31.c **** 
 312              		.loc 1 97 14 discriminator 1 view .LVU109
 313 0130 F8D1     		bne	.L3
 109:Drivers/CMSIS/DSP/Source/FilteringFunctions/arm_fir_decimate_q31.c **** 
 314              		.loc 1 109 12 view .LVU110
ARM GAS  /var/folders/n6/c271nzx11xl4r4_m7sqjlt0m0000gn/T//ccNyAeAE.s 			page 10


 315 0132 0194     		str	r4, [sp, #4]
 100:Drivers/CMSIS/DSP/Source/FilteringFunctions/arm_fir_decimate_q31.c **** 
 316              		.loc 1 100 5 is_stmt 1 view .LVU111
 317              	.LVL53:
 103:Drivers/CMSIS/DSP/Source/FilteringFunctions/arm_fir_decimate_q31.c **** 
 318              		.loc 1 103 5 view .LVU112
 106:Drivers/CMSIS/DSP/Source/FilteringFunctions/arm_fir_decimate_q31.c **** 
 319              		.loc 1 106 5 view .LVU113
 109:Drivers/CMSIS/DSP/Source/FilteringFunctions/arm_fir_decimate_q31.c **** 
 320              		.loc 1 109 5 view .LVU114
 109:Drivers/CMSIS/DSP/Source/FilteringFunctions/arm_fir_decimate_q31.c **** 
 321              		.loc 1 109 12 is_stmt 0 view .LVU115
 322 0134 8608     		lsrs	r6, r0, #2
 323              	.LVL54:
 113:Drivers/CMSIS/DSP/Source/FilteringFunctions/arm_fir_decimate_q31.c ****     {
 324              		.loc 1 113 5 is_stmt 1 view .LVU116
 106:Drivers/CMSIS/DSP/Source/FilteringFunctions/arm_fir_decimate_q31.c **** 
 325              		.loc 1 106 8 is_stmt 0 view .LVU117
 326 0136 8C46     		mov	ip, r1
 103:Drivers/CMSIS/DSP/Source/FilteringFunctions/arm_fir_decimate_q31.c **** 
 327              		.loc 1 103 8 view .LVU118
 328 0138 4746     		mov	r7, r8
 100:Drivers/CMSIS/DSP/Source/FilteringFunctions/arm_fir_decimate_q31.c **** 
 329              		.loc 1 100 10 view .LVU119
 330 013a 0023     		movs	r3, #0
 331 013c 9A46     		mov	r10, r3
 332 013e 0290     		str	r0, [sp, #8]
 333 0140 CDF80C80 		str	r8, [sp, #12]
 113:Drivers/CMSIS/DSP/Source/FilteringFunctions/arm_fir_decimate_q31.c ****     {
 334              		.loc 1 113 11 view .LVU120
 335 0144 BDE7     		b	.L4
 336              	.LVL55:
 337              	.L14:
 182:Drivers/CMSIS/DSP/Source/FilteringFunctions/arm_fir_decimate_q31.c ****   }
 183:Drivers/CMSIS/DSP/Source/FilteringFunctions/arm_fir_decimate_q31.c **** 
 184:Drivers/CMSIS/DSP/Source/FilteringFunctions/arm_fir_decimate_q31.c ****   /* Processing is complete.
 185:Drivers/CMSIS/DSP/Source/FilteringFunctions/arm_fir_decimate_q31.c ****    ** Now copy the last numTaps - 1 samples to the satrt of the state buffer.
 186:Drivers/CMSIS/DSP/Source/FilteringFunctions/arm_fir_decimate_q31.c ****    ** This prepares the state buffer for the next function call. */
 187:Drivers/CMSIS/DSP/Source/FilteringFunctions/arm_fir_decimate_q31.c **** 
 188:Drivers/CMSIS/DSP/Source/FilteringFunctions/arm_fir_decimate_q31.c ****   /* Points to the start of the state buffer */
 189:Drivers/CMSIS/DSP/Source/FilteringFunctions/arm_fir_decimate_q31.c ****   pStateCurnt = S->pState;
 338              		.loc 1 189 3 is_stmt 1 view .LVU121
 339              		.loc 1 189 15 is_stmt 0 view .LVU122
 340 0146 D9F80830 		ldr	r3, [r9, #8]
 341              	.LVL56:
 190:Drivers/CMSIS/DSP/Source/FilteringFunctions/arm_fir_decimate_q31.c **** 
 191:Drivers/CMSIS/DSP/Source/FilteringFunctions/arm_fir_decimate_q31.c ****   i = (numTaps - 1U) >> 2U;
 342              		.loc 1 191 3 is_stmt 1 view .LVU123
 343              		.loc 1 191 16 is_stmt 0 view .LVU124
 344 014a 421E     		subs	r2, r0, #1
 345              		.loc 1 191 5 view .LVU125
 346 014c 9108     		lsrs	r1, r2, #2
 347              	.LVL57:
 192:Drivers/CMSIS/DSP/Source/FilteringFunctions/arm_fir_decimate_q31.c **** 
 193:Drivers/CMSIS/DSP/Source/FilteringFunctions/arm_fir_decimate_q31.c ****   /* copy data */
 194:Drivers/CMSIS/DSP/Source/FilteringFunctions/arm_fir_decimate_q31.c ****   while (i > 0U)
 348              		.loc 1 194 3 is_stmt 1 view .LVU126
ARM GAS  /var/folders/n6/c271nzx11xl4r4_m7sqjlt0m0000gn/T//ccNyAeAE.s 			page 11


 349              		.loc 1 194 9 is_stmt 0 view .LVU127
 350 014e 0FE0     		b	.L9
 351              	.L10:
 195:Drivers/CMSIS/DSP/Source/FilteringFunctions/arm_fir_decimate_q31.c ****   {
 196:Drivers/CMSIS/DSP/Source/FilteringFunctions/arm_fir_decimate_q31.c ****     *pStateCurnt++ = *pState++;
 352              		.loc 1 196 5 is_stmt 1 view .LVU128
 353              	.LVL58:
 354              		.loc 1 196 22 is_stmt 0 view .LVU129
 355 0150 D8F80000 		ldr	r0, [r8]
 356              		.loc 1 196 20 view .LVU130
 357 0154 1860     		str	r0, [r3]
 197:Drivers/CMSIS/DSP/Source/FilteringFunctions/arm_fir_decimate_q31.c ****     *pStateCurnt++ = *pState++;
 358              		.loc 1 197 5 is_stmt 1 view .LVU131
 359              	.LVL59:
 360              		.loc 1 197 22 is_stmt 0 view .LVU132
 361 0156 D8F80400 		ldr	r0, [r8, #4]
 362              		.loc 1 197 20 view .LVU133
 363 015a 5860     		str	r0, [r3, #4]
 198:Drivers/CMSIS/DSP/Source/FilteringFunctions/arm_fir_decimate_q31.c ****     *pStateCurnt++ = *pState++;
 364              		.loc 1 198 5 is_stmt 1 view .LVU134
 365              	.LVL60:
 366              		.loc 1 198 22 is_stmt 0 view .LVU135
 367 015c D8F80800 		ldr	r0, [r8, #8]
 368              		.loc 1 198 20 view .LVU136
 369 0160 9860     		str	r0, [r3, #8]
 199:Drivers/CMSIS/DSP/Source/FilteringFunctions/arm_fir_decimate_q31.c ****     *pStateCurnt++ = *pState++;
 370              		.loc 1 199 5 is_stmt 1 view .LVU137
 371              	.LVL61:
 372              		.loc 1 199 22 is_stmt 0 view .LVU138
 373 0162 D8F80C00 		ldr	r0, [r8, #12]
 374              		.loc 1 199 20 view .LVU139
 375 0166 D860     		str	r0, [r3, #12]
 200:Drivers/CMSIS/DSP/Source/FilteringFunctions/arm_fir_decimate_q31.c **** 
 201:Drivers/CMSIS/DSP/Source/FilteringFunctions/arm_fir_decimate_q31.c ****     /* Decrement the loop counter */
 202:Drivers/CMSIS/DSP/Source/FilteringFunctions/arm_fir_decimate_q31.c ****     i--;
 376              		.loc 1 202 5 is_stmt 1 view .LVU140
 377              		.loc 1 202 6 is_stmt 0 view .LVU141
 378 0168 0139     		subs	r1, r1, #1
 379              	.LVL62:
 199:Drivers/CMSIS/DSP/Source/FilteringFunctions/arm_fir_decimate_q31.c ****     *pStateCurnt++ = *pState++;
 380              		.loc 1 199 17 view .LVU142
 381 016a 1033     		adds	r3, r3, #16
 382              	.LVL63:
 199:Drivers/CMSIS/DSP/Source/FilteringFunctions/arm_fir_decimate_q31.c ****     *pStateCurnt++ = *pState++;
 383              		.loc 1 199 29 view .LVU143
 384 016c 08F11008 		add	r8, r8, #16
 385              	.LVL64:
 386              	.L9:
 194:Drivers/CMSIS/DSP/Source/FilteringFunctions/arm_fir_decimate_q31.c ****   {
 387              		.loc 1 194 12 is_stmt 1 view .LVU144
 388 0170 0029     		cmp	r1, #0
 389 0172 EDD1     		bne	.L10
 203:Drivers/CMSIS/DSP/Source/FilteringFunctions/arm_fir_decimate_q31.c ****   }
 204:Drivers/CMSIS/DSP/Source/FilteringFunctions/arm_fir_decimate_q31.c **** 
 205:Drivers/CMSIS/DSP/Source/FilteringFunctions/arm_fir_decimate_q31.c ****   i = (numTaps - 1U) % 0x04U;
 390              		.loc 1 205 3 view .LVU145
 391              		.loc 1 205 5 is_stmt 0 view .LVU146
ARM GAS  /var/folders/n6/c271nzx11xl4r4_m7sqjlt0m0000gn/T//ccNyAeAE.s 			page 12


 392 0174 02F00302 		and	r2, r2, #3
 393              	.LVL65:
 206:Drivers/CMSIS/DSP/Source/FilteringFunctions/arm_fir_decimate_q31.c **** 
 207:Drivers/CMSIS/DSP/Source/FilteringFunctions/arm_fir_decimate_q31.c ****   /* copy data */
 208:Drivers/CMSIS/DSP/Source/FilteringFunctions/arm_fir_decimate_q31.c ****   while (i > 0U)
 394              		.loc 1 208 3 is_stmt 1 view .LVU147
 395              		.loc 1 208 9 is_stmt 0 view .LVU148
 396 0178 04E0     		b	.L11
 397              	.L12:
 209:Drivers/CMSIS/DSP/Source/FilteringFunctions/arm_fir_decimate_q31.c ****   {
 210:Drivers/CMSIS/DSP/Source/FilteringFunctions/arm_fir_decimate_q31.c ****     *pStateCurnt++ = *pState++;
 398              		.loc 1 210 5 is_stmt 1 view .LVU149
 399              	.LVL66:
 400              		.loc 1 210 22 is_stmt 0 view .LVU150
 401 017a 58F8041B 		ldr	r1, [r8], #4
 402              	.LVL67:
 403              		.loc 1 210 20 view .LVU151
 404 017e 43F8041B 		str	r1, [r3], #4
 405              	.LVL68:
 211:Drivers/CMSIS/DSP/Source/FilteringFunctions/arm_fir_decimate_q31.c **** 
 212:Drivers/CMSIS/DSP/Source/FilteringFunctions/arm_fir_decimate_q31.c ****     /* Decrement the loop counter */
 213:Drivers/CMSIS/DSP/Source/FilteringFunctions/arm_fir_decimate_q31.c ****     i--;
 406              		.loc 1 213 5 is_stmt 1 view .LVU152
 407              		.loc 1 213 6 is_stmt 0 view .LVU153
 408 0182 013A     		subs	r2, r2, #1
 409              	.LVL69:
 410              	.L11:
 208:Drivers/CMSIS/DSP/Source/FilteringFunctions/arm_fir_decimate_q31.c ****   {
 411              		.loc 1 208 12 is_stmt 1 view .LVU154
 412 0184 002A     		cmp	r2, #0
 413 0186 F8D1     		bne	.L12
 214:Drivers/CMSIS/DSP/Source/FilteringFunctions/arm_fir_decimate_q31.c ****   }
 215:Drivers/CMSIS/DSP/Source/FilteringFunctions/arm_fir_decimate_q31.c **** 
 216:Drivers/CMSIS/DSP/Source/FilteringFunctions/arm_fir_decimate_q31.c **** #else
 217:Drivers/CMSIS/DSP/Source/FilteringFunctions/arm_fir_decimate_q31.c **** 
 218:Drivers/CMSIS/DSP/Source/FilteringFunctions/arm_fir_decimate_q31.c **** /* Run the below code for Cortex-M0 */
 219:Drivers/CMSIS/DSP/Source/FilteringFunctions/arm_fir_decimate_q31.c **** 
 220:Drivers/CMSIS/DSP/Source/FilteringFunctions/arm_fir_decimate_q31.c ****   /* S->pState buffer contains previous frame (numTaps - 1) samples */
 221:Drivers/CMSIS/DSP/Source/FilteringFunctions/arm_fir_decimate_q31.c ****   /* pStateCurnt points to the location where the new input data should be written */
 222:Drivers/CMSIS/DSP/Source/FilteringFunctions/arm_fir_decimate_q31.c ****   pStateCurnt = S->pState + (numTaps - 1U);
 223:Drivers/CMSIS/DSP/Source/FilteringFunctions/arm_fir_decimate_q31.c **** 
 224:Drivers/CMSIS/DSP/Source/FilteringFunctions/arm_fir_decimate_q31.c ****   /* Total number of output samples to be computed */
 225:Drivers/CMSIS/DSP/Source/FilteringFunctions/arm_fir_decimate_q31.c ****   blkCnt = outBlockSize;
 226:Drivers/CMSIS/DSP/Source/FilteringFunctions/arm_fir_decimate_q31.c **** 
 227:Drivers/CMSIS/DSP/Source/FilteringFunctions/arm_fir_decimate_q31.c ****   while (blkCnt > 0U)
 228:Drivers/CMSIS/DSP/Source/FilteringFunctions/arm_fir_decimate_q31.c ****   {
 229:Drivers/CMSIS/DSP/Source/FilteringFunctions/arm_fir_decimate_q31.c ****     /* Copy decimation factor number of new input samples into the state buffer */
 230:Drivers/CMSIS/DSP/Source/FilteringFunctions/arm_fir_decimate_q31.c ****     i = S->M;
 231:Drivers/CMSIS/DSP/Source/FilteringFunctions/arm_fir_decimate_q31.c **** 
 232:Drivers/CMSIS/DSP/Source/FilteringFunctions/arm_fir_decimate_q31.c ****     do
 233:Drivers/CMSIS/DSP/Source/FilteringFunctions/arm_fir_decimate_q31.c ****     {
 234:Drivers/CMSIS/DSP/Source/FilteringFunctions/arm_fir_decimate_q31.c ****       *pStateCurnt++ = *pSrc++;
 235:Drivers/CMSIS/DSP/Source/FilteringFunctions/arm_fir_decimate_q31.c **** 
 236:Drivers/CMSIS/DSP/Source/FilteringFunctions/arm_fir_decimate_q31.c ****     } while (--i);
 237:Drivers/CMSIS/DSP/Source/FilteringFunctions/arm_fir_decimate_q31.c **** 
 238:Drivers/CMSIS/DSP/Source/FilteringFunctions/arm_fir_decimate_q31.c ****     /* Set accumulator to zero */
 239:Drivers/CMSIS/DSP/Source/FilteringFunctions/arm_fir_decimate_q31.c ****     sum0 = 0;
ARM GAS  /var/folders/n6/c271nzx11xl4r4_m7sqjlt0m0000gn/T//ccNyAeAE.s 			page 13


 240:Drivers/CMSIS/DSP/Source/FilteringFunctions/arm_fir_decimate_q31.c **** 
 241:Drivers/CMSIS/DSP/Source/FilteringFunctions/arm_fir_decimate_q31.c ****     /* Initialize state pointer */
 242:Drivers/CMSIS/DSP/Source/FilteringFunctions/arm_fir_decimate_q31.c ****     px = pState;
 243:Drivers/CMSIS/DSP/Source/FilteringFunctions/arm_fir_decimate_q31.c **** 
 244:Drivers/CMSIS/DSP/Source/FilteringFunctions/arm_fir_decimate_q31.c ****     /* Initialize coeff pointer */
 245:Drivers/CMSIS/DSP/Source/FilteringFunctions/arm_fir_decimate_q31.c ****     pb = pCoeffs;
 246:Drivers/CMSIS/DSP/Source/FilteringFunctions/arm_fir_decimate_q31.c **** 
 247:Drivers/CMSIS/DSP/Source/FilteringFunctions/arm_fir_decimate_q31.c ****     tapCnt = numTaps;
 248:Drivers/CMSIS/DSP/Source/FilteringFunctions/arm_fir_decimate_q31.c **** 
 249:Drivers/CMSIS/DSP/Source/FilteringFunctions/arm_fir_decimate_q31.c ****     while (tapCnt > 0U)
 250:Drivers/CMSIS/DSP/Source/FilteringFunctions/arm_fir_decimate_q31.c ****     {
 251:Drivers/CMSIS/DSP/Source/FilteringFunctions/arm_fir_decimate_q31.c ****       /* Read coefficients */
 252:Drivers/CMSIS/DSP/Source/FilteringFunctions/arm_fir_decimate_q31.c ****       c0 = *pb++;
 253:Drivers/CMSIS/DSP/Source/FilteringFunctions/arm_fir_decimate_q31.c **** 
 254:Drivers/CMSIS/DSP/Source/FilteringFunctions/arm_fir_decimate_q31.c ****       /* Fetch 1 state variable */
 255:Drivers/CMSIS/DSP/Source/FilteringFunctions/arm_fir_decimate_q31.c ****       x0 = *px++;
 256:Drivers/CMSIS/DSP/Source/FilteringFunctions/arm_fir_decimate_q31.c **** 
 257:Drivers/CMSIS/DSP/Source/FilteringFunctions/arm_fir_decimate_q31.c ****       /* Perform the multiply-accumulate */
 258:Drivers/CMSIS/DSP/Source/FilteringFunctions/arm_fir_decimate_q31.c ****       sum0 += (q63_t) x0 *c0;
 259:Drivers/CMSIS/DSP/Source/FilteringFunctions/arm_fir_decimate_q31.c **** 
 260:Drivers/CMSIS/DSP/Source/FilteringFunctions/arm_fir_decimate_q31.c ****       /* Decrement the loop counter */
 261:Drivers/CMSIS/DSP/Source/FilteringFunctions/arm_fir_decimate_q31.c ****       tapCnt--;
 262:Drivers/CMSIS/DSP/Source/FilteringFunctions/arm_fir_decimate_q31.c ****     }
 263:Drivers/CMSIS/DSP/Source/FilteringFunctions/arm_fir_decimate_q31.c **** 
 264:Drivers/CMSIS/DSP/Source/FilteringFunctions/arm_fir_decimate_q31.c ****     /* Advance the state pointer by the decimation factor
 265:Drivers/CMSIS/DSP/Source/FilteringFunctions/arm_fir_decimate_q31.c ****      * to process the next group of decimation factor number samples */
 266:Drivers/CMSIS/DSP/Source/FilteringFunctions/arm_fir_decimate_q31.c ****     pState = pState + S->M;
 267:Drivers/CMSIS/DSP/Source/FilteringFunctions/arm_fir_decimate_q31.c **** 
 268:Drivers/CMSIS/DSP/Source/FilteringFunctions/arm_fir_decimate_q31.c ****     /* The result is in the accumulator, store in the destination buffer. */
 269:Drivers/CMSIS/DSP/Source/FilteringFunctions/arm_fir_decimate_q31.c ****     *pDst++ = (q31_t) (sum0 >> 31);
 270:Drivers/CMSIS/DSP/Source/FilteringFunctions/arm_fir_decimate_q31.c **** 
 271:Drivers/CMSIS/DSP/Source/FilteringFunctions/arm_fir_decimate_q31.c ****     /* Decrement the loop counter */
 272:Drivers/CMSIS/DSP/Source/FilteringFunctions/arm_fir_decimate_q31.c ****     blkCnt--;
 273:Drivers/CMSIS/DSP/Source/FilteringFunctions/arm_fir_decimate_q31.c ****   }
 274:Drivers/CMSIS/DSP/Source/FilteringFunctions/arm_fir_decimate_q31.c **** 
 275:Drivers/CMSIS/DSP/Source/FilteringFunctions/arm_fir_decimate_q31.c ****   /* Processing is complete.
 276:Drivers/CMSIS/DSP/Source/FilteringFunctions/arm_fir_decimate_q31.c ****    ** Now copy the last numTaps - 1 samples to the start of the state buffer.
 277:Drivers/CMSIS/DSP/Source/FilteringFunctions/arm_fir_decimate_q31.c ****    ** This prepares the state buffer for the next function call. */
 278:Drivers/CMSIS/DSP/Source/FilteringFunctions/arm_fir_decimate_q31.c **** 
 279:Drivers/CMSIS/DSP/Source/FilteringFunctions/arm_fir_decimate_q31.c ****   /* Points to the start of the state buffer */
 280:Drivers/CMSIS/DSP/Source/FilteringFunctions/arm_fir_decimate_q31.c ****   pStateCurnt = S->pState;
 281:Drivers/CMSIS/DSP/Source/FilteringFunctions/arm_fir_decimate_q31.c **** 
 282:Drivers/CMSIS/DSP/Source/FilteringFunctions/arm_fir_decimate_q31.c ****   i = numTaps - 1U;
 283:Drivers/CMSIS/DSP/Source/FilteringFunctions/arm_fir_decimate_q31.c **** 
 284:Drivers/CMSIS/DSP/Source/FilteringFunctions/arm_fir_decimate_q31.c ****   /* copy data */
 285:Drivers/CMSIS/DSP/Source/FilteringFunctions/arm_fir_decimate_q31.c ****   while (i > 0U)
 286:Drivers/CMSIS/DSP/Source/FilteringFunctions/arm_fir_decimate_q31.c ****   {
 287:Drivers/CMSIS/DSP/Source/FilteringFunctions/arm_fir_decimate_q31.c ****     *pStateCurnt++ = *pState++;
 288:Drivers/CMSIS/DSP/Source/FilteringFunctions/arm_fir_decimate_q31.c **** 
 289:Drivers/CMSIS/DSP/Source/FilteringFunctions/arm_fir_decimate_q31.c ****     /* Decrement the loop counter */
 290:Drivers/CMSIS/DSP/Source/FilteringFunctions/arm_fir_decimate_q31.c ****     i--;
 291:Drivers/CMSIS/DSP/Source/FilteringFunctions/arm_fir_decimate_q31.c ****   }
 292:Drivers/CMSIS/DSP/Source/FilteringFunctions/arm_fir_decimate_q31.c **** 
 293:Drivers/CMSIS/DSP/Source/FilteringFunctions/arm_fir_decimate_q31.c **** #endif /*   #if defined (ARM_MATH_DSP) */
 294:Drivers/CMSIS/DSP/Source/FilteringFunctions/arm_fir_decimate_q31.c **** 
 295:Drivers/CMSIS/DSP/Source/FilteringFunctions/arm_fir_decimate_q31.c **** }
 414              		.loc 1 295 1 is_stmt 0 view .LVU155
ARM GAS  /var/folders/n6/c271nzx11xl4r4_m7sqjlt0m0000gn/T//ccNyAeAE.s 			page 14


 415 0188 05B0     		add	sp, sp, #20
 416              		.cfi_def_cfa_offset 36
 417              		@ sp needed
 418 018a BDE8F08F 		pop	{r4, r5, r6, r7, r8, r9, r10, fp, pc}
 419              		.loc 1 295 1 view .LVU156
 420              		.cfi_endproc
 421              	.LFE135:
 423              		.text
 424              	.Letext0:
 425              		.file 2 "/Users/killian/Library/Application Support/Code/User/globalStorage/bmd.stm32-for-vscode/@
 426              		.file 3 "/Users/killian/Library/Application Support/Code/User/globalStorage/bmd.stm32-for-vscode/@
 427              		.file 4 "Drivers/CMSIS/DSP/Include/arm_math.h"
ARM GAS  /var/folders/n6/c271nzx11xl4r4_m7sqjlt0m0000gn/T//ccNyAeAE.s 			page 15


DEFINED SYMBOLS
                            *ABS*:00000000 arm_fir_decimate_q31.c
/var/folders/n6/c271nzx11xl4r4_m7sqjlt0m0000gn/T//ccNyAeAE.s:20     .text.arm_fir_decimate_q31:00000000 $t
/var/folders/n6/c271nzx11xl4r4_m7sqjlt0m0000gn/T//ccNyAeAE.s:26     .text.arm_fir_decimate_q31:00000000 arm_fir_decimate_q31

NO UNDEFINED SYMBOLS
