ARM GAS  /var/folders/n6/c271nzx11xl4r4_m7sqjlt0m0000gn/T//ccLUUvVH.s 			page 1


   1              		.cpu cortex-m7
   2              		.arch armv7e-m
   3              		.fpu fpv5-d16
   4              		.eabi_attribute 28, 1
   5              		.eabi_attribute 20, 1
   6              		.eabi_attribute 21, 1
   7              		.eabi_attribute 23, 3
   8              		.eabi_attribute 24, 1
   9              		.eabi_attribute 25, 1
  10              		.eabi_attribute 26, 1
  11              		.eabi_attribute 30, 1
  12              		.eabi_attribute 34, 1
  13              		.eabi_attribute 18, 4
  14              		.file	"arm_fir_interpolate_q15.c"
  15              		.text
  16              	.Ltext0:
  17              		.cfi_sections	.debug_frame
  18              		.file 1 "Drivers/CMSIS/DSP/Source/FilteringFunctions/arm_fir_interpolate_q15.c"
  19              		.section	.text.arm_fir_interpolate_q15,"ax",%progbits
  20              		.align	1
  21              		.global	arm_fir_interpolate_q15
  22              		.syntax unified
  23              		.thumb
  24              		.thumb_func
  26              	arm_fir_interpolate_q15:
  27              	.LVL0:
  28              	.LFB135:
   1:Drivers/CMSIS/DSP/Source/FilteringFunctions/arm_fir_interpolate_q15.c **** /* ----------------------------------------------------------------------
   2:Drivers/CMSIS/DSP/Source/FilteringFunctions/arm_fir_interpolate_q15.c ****  * Project:      CMSIS DSP Library
   3:Drivers/CMSIS/DSP/Source/FilteringFunctions/arm_fir_interpolate_q15.c ****  * Title:        arm_fir_interpolate_q15.c
   4:Drivers/CMSIS/DSP/Source/FilteringFunctions/arm_fir_interpolate_q15.c ****  * Description:  Q15 FIR interpolation
   5:Drivers/CMSIS/DSP/Source/FilteringFunctions/arm_fir_interpolate_q15.c ****  *
   6:Drivers/CMSIS/DSP/Source/FilteringFunctions/arm_fir_interpolate_q15.c ****  * $Date:        27. January 2017
   7:Drivers/CMSIS/DSP/Source/FilteringFunctions/arm_fir_interpolate_q15.c ****  * $Revision:    V.1.5.1
   8:Drivers/CMSIS/DSP/Source/FilteringFunctions/arm_fir_interpolate_q15.c ****  *
   9:Drivers/CMSIS/DSP/Source/FilteringFunctions/arm_fir_interpolate_q15.c ****  * Target Processor: Cortex-M cores
  10:Drivers/CMSIS/DSP/Source/FilteringFunctions/arm_fir_interpolate_q15.c ****  * -------------------------------------------------------------------- */
  11:Drivers/CMSIS/DSP/Source/FilteringFunctions/arm_fir_interpolate_q15.c **** /*
  12:Drivers/CMSIS/DSP/Source/FilteringFunctions/arm_fir_interpolate_q15.c ****  * Copyright (C) 2010-2017 ARM Limited or its affiliates. All rights reserved.
  13:Drivers/CMSIS/DSP/Source/FilteringFunctions/arm_fir_interpolate_q15.c ****  *
  14:Drivers/CMSIS/DSP/Source/FilteringFunctions/arm_fir_interpolate_q15.c ****  * SPDX-License-Identifier: Apache-2.0
  15:Drivers/CMSIS/DSP/Source/FilteringFunctions/arm_fir_interpolate_q15.c ****  *
  16:Drivers/CMSIS/DSP/Source/FilteringFunctions/arm_fir_interpolate_q15.c ****  * Licensed under the Apache License, Version 2.0 (the License); you may
  17:Drivers/CMSIS/DSP/Source/FilteringFunctions/arm_fir_interpolate_q15.c ****  * not use this file except in compliance with the License.
  18:Drivers/CMSIS/DSP/Source/FilteringFunctions/arm_fir_interpolate_q15.c ****  * You may obtain a copy of the License at
  19:Drivers/CMSIS/DSP/Source/FilteringFunctions/arm_fir_interpolate_q15.c ****  *
  20:Drivers/CMSIS/DSP/Source/FilteringFunctions/arm_fir_interpolate_q15.c ****  * www.apache.org/licenses/LICENSE-2.0
  21:Drivers/CMSIS/DSP/Source/FilteringFunctions/arm_fir_interpolate_q15.c ****  *
  22:Drivers/CMSIS/DSP/Source/FilteringFunctions/arm_fir_interpolate_q15.c ****  * Unless required by applicable law or agreed to in writing, software
  23:Drivers/CMSIS/DSP/Source/FilteringFunctions/arm_fir_interpolate_q15.c ****  * distributed under the License is distributed on an AS IS BASIS, WITHOUT
  24:Drivers/CMSIS/DSP/Source/FilteringFunctions/arm_fir_interpolate_q15.c ****  * WARRANTIES OR CONDITIONS OF ANY KIND, either express or implied.
  25:Drivers/CMSIS/DSP/Source/FilteringFunctions/arm_fir_interpolate_q15.c ****  * See the License for the specific language governing permissions and
  26:Drivers/CMSIS/DSP/Source/FilteringFunctions/arm_fir_interpolate_q15.c ****  * limitations under the License.
  27:Drivers/CMSIS/DSP/Source/FilteringFunctions/arm_fir_interpolate_q15.c ****  */
  28:Drivers/CMSIS/DSP/Source/FilteringFunctions/arm_fir_interpolate_q15.c **** 
  29:Drivers/CMSIS/DSP/Source/FilteringFunctions/arm_fir_interpolate_q15.c **** #include "arm_math.h"
  30:Drivers/CMSIS/DSP/Source/FilteringFunctions/arm_fir_interpolate_q15.c **** 
ARM GAS  /var/folders/n6/c271nzx11xl4r4_m7sqjlt0m0000gn/T//ccLUUvVH.s 			page 2


  31:Drivers/CMSIS/DSP/Source/FilteringFunctions/arm_fir_interpolate_q15.c **** /**
  32:Drivers/CMSIS/DSP/Source/FilteringFunctions/arm_fir_interpolate_q15.c ****  * @ingroup groupFilters
  33:Drivers/CMSIS/DSP/Source/FilteringFunctions/arm_fir_interpolate_q15.c ****  */
  34:Drivers/CMSIS/DSP/Source/FilteringFunctions/arm_fir_interpolate_q15.c **** 
  35:Drivers/CMSIS/DSP/Source/FilteringFunctions/arm_fir_interpolate_q15.c **** /**
  36:Drivers/CMSIS/DSP/Source/FilteringFunctions/arm_fir_interpolate_q15.c ****  * @addtogroup FIR_Interpolate
  37:Drivers/CMSIS/DSP/Source/FilteringFunctions/arm_fir_interpolate_q15.c ****  * @{
  38:Drivers/CMSIS/DSP/Source/FilteringFunctions/arm_fir_interpolate_q15.c ****  */
  39:Drivers/CMSIS/DSP/Source/FilteringFunctions/arm_fir_interpolate_q15.c **** 
  40:Drivers/CMSIS/DSP/Source/FilteringFunctions/arm_fir_interpolate_q15.c **** /**
  41:Drivers/CMSIS/DSP/Source/FilteringFunctions/arm_fir_interpolate_q15.c ****  * @brief Processing function for the Q15 FIR interpolator.
  42:Drivers/CMSIS/DSP/Source/FilteringFunctions/arm_fir_interpolate_q15.c ****  * @param[in] *S        points to an instance of the Q15 FIR interpolator structure.
  43:Drivers/CMSIS/DSP/Source/FilteringFunctions/arm_fir_interpolate_q15.c ****  * @param[in] *pSrc     points to the block of input data.
  44:Drivers/CMSIS/DSP/Source/FilteringFunctions/arm_fir_interpolate_q15.c ****  * @param[out] *pDst    points to the block of output data.
  45:Drivers/CMSIS/DSP/Source/FilteringFunctions/arm_fir_interpolate_q15.c ****  * @param[in] blockSize number of input samples to process per call.
  46:Drivers/CMSIS/DSP/Source/FilteringFunctions/arm_fir_interpolate_q15.c ****  * @return none.
  47:Drivers/CMSIS/DSP/Source/FilteringFunctions/arm_fir_interpolate_q15.c ****  *
  48:Drivers/CMSIS/DSP/Source/FilteringFunctions/arm_fir_interpolate_q15.c ****  * <b>Scaling and Overflow Behavior:</b>
  49:Drivers/CMSIS/DSP/Source/FilteringFunctions/arm_fir_interpolate_q15.c ****  * \par
  50:Drivers/CMSIS/DSP/Source/FilteringFunctions/arm_fir_interpolate_q15.c ****  * The function is implemented using a 64-bit internal accumulator.
  51:Drivers/CMSIS/DSP/Source/FilteringFunctions/arm_fir_interpolate_q15.c ****  * Both coefficients and state variables are represented in 1.15 format and multiplications yield a
  52:Drivers/CMSIS/DSP/Source/FilteringFunctions/arm_fir_interpolate_q15.c ****  * The 2.30 intermediate results are accumulated in a 64-bit accumulator in 34.30 format.
  53:Drivers/CMSIS/DSP/Source/FilteringFunctions/arm_fir_interpolate_q15.c ****  * There is no risk of internal overflow with this approach and the full precision of intermediate 
  54:Drivers/CMSIS/DSP/Source/FilteringFunctions/arm_fir_interpolate_q15.c ****  * After all additions have been performed, the accumulator is truncated to 34.15 format by discard
  55:Drivers/CMSIS/DSP/Source/FilteringFunctions/arm_fir_interpolate_q15.c ****  * Lastly, the accumulator is saturated to yield a result in 1.15 format.
  56:Drivers/CMSIS/DSP/Source/FilteringFunctions/arm_fir_interpolate_q15.c ****  */
  57:Drivers/CMSIS/DSP/Source/FilteringFunctions/arm_fir_interpolate_q15.c **** 
  58:Drivers/CMSIS/DSP/Source/FilteringFunctions/arm_fir_interpolate_q15.c **** #if defined (ARM_MATH_DSP)
  59:Drivers/CMSIS/DSP/Source/FilteringFunctions/arm_fir_interpolate_q15.c **** 
  60:Drivers/CMSIS/DSP/Source/FilteringFunctions/arm_fir_interpolate_q15.c ****   /* Run the below code for Cortex-M4 and Cortex-M3 */
  61:Drivers/CMSIS/DSP/Source/FilteringFunctions/arm_fir_interpolate_q15.c **** 
  62:Drivers/CMSIS/DSP/Source/FilteringFunctions/arm_fir_interpolate_q15.c **** void arm_fir_interpolate_q15(
  63:Drivers/CMSIS/DSP/Source/FilteringFunctions/arm_fir_interpolate_q15.c ****   const arm_fir_interpolate_instance_q15 * S,
  64:Drivers/CMSIS/DSP/Source/FilteringFunctions/arm_fir_interpolate_q15.c ****   q15_t * pSrc,
  65:Drivers/CMSIS/DSP/Source/FilteringFunctions/arm_fir_interpolate_q15.c ****   q15_t * pDst,
  66:Drivers/CMSIS/DSP/Source/FilteringFunctions/arm_fir_interpolate_q15.c ****   uint32_t blockSize)
  67:Drivers/CMSIS/DSP/Source/FilteringFunctions/arm_fir_interpolate_q15.c **** {
  29              		.loc 1 67 1 view -0
  30              		.cfi_startproc
  31              		@ args = 0, pretend = 0, frame = 48
  32              		@ frame_needed = 0, uses_anonymous_args = 0
  33              		.loc 1 67 1 is_stmt 0 view .LVU1
  34 0000 2DE9F04F 		push	{r4, r5, r6, r7, r8, r9, r10, fp, lr}
  35              		.cfi_def_cfa_offset 36
  36              		.cfi_offset 4, -36
  37              		.cfi_offset 5, -32
  38              		.cfi_offset 6, -28
  39              		.cfi_offset 7, -24
  40              		.cfi_offset 8, -20
  41              		.cfi_offset 9, -16
  42              		.cfi_offset 10, -12
  43              		.cfi_offset 11, -8
  44              		.cfi_offset 14, -4
  45 0004 8DB0     		sub	sp, sp, #52
  46              		.cfi_def_cfa_offset 88
  47 0006 0490     		str	r0, [sp, #16]
  48 0008 0D46     		mov	r5, r1
ARM GAS  /var/folders/n6/c271nzx11xl4r4_m7sqjlt0m0000gn/T//ccLUUvVH.s 			page 3


  68:Drivers/CMSIS/DSP/Source/FilteringFunctions/arm_fir_interpolate_q15.c ****   q15_t *pState = S->pState;                     /* State pointer                                  
  49              		.loc 1 68 3 is_stmt 1 view .LVU2
  50              		.loc 1 68 20 is_stmt 0 view .LVU3
  51 000a 0146     		mov	r1, r0
  52              	.LVL1:
  53              		.loc 1 68 20 view .LVU4
  54 000c 8068     		ldr	r0, [r0, #8]
  55              	.LVL2:
  56              		.loc 1 68 20 view .LVU5
  57 000e 0390     		str	r0, [sp, #12]
  58              	.LVL3:
  69:Drivers/CMSIS/DSP/Source/FilteringFunctions/arm_fir_interpolate_q15.c ****   q15_t *pCoeffs = S->pCoeffs;                   /* Coefficient pointer                            
  59              		.loc 1 69 3 is_stmt 1 view .LVU6
  60              		.loc 1 69 10 is_stmt 0 view .LVU7
  61 0010 4C68     		ldr	r4, [r1, #4]
  62 0012 0694     		str	r4, [sp, #24]
  63              	.LVL4:
  70:Drivers/CMSIS/DSP/Source/FilteringFunctions/arm_fir_interpolate_q15.c ****   q15_t *pStateCurnt;                            /* Points to the current sample of the state      
  64              		.loc 1 70 3 is_stmt 1 view .LVU8
  71:Drivers/CMSIS/DSP/Source/FilteringFunctions/arm_fir_interpolate_q15.c ****   q15_t *ptr1, *ptr2;                            /* Temporary pointers for state and coefficient bu
  65              		.loc 1 71 3 view .LVU9
  72:Drivers/CMSIS/DSP/Source/FilteringFunctions/arm_fir_interpolate_q15.c ****   q63_t sum0;                                    /* Accumulators                                   
  66              		.loc 1 72 3 view .LVU10
  73:Drivers/CMSIS/DSP/Source/FilteringFunctions/arm_fir_interpolate_q15.c ****   q15_t x0, c0;                                  /* Temporary variables to hold state and coefficie
  67              		.loc 1 73 3 view .LVU11
  74:Drivers/CMSIS/DSP/Source/FilteringFunctions/arm_fir_interpolate_q15.c ****   uint32_t i, blkCnt, j, tapCnt;                 /* Loop counters                                  
  68              		.loc 1 74 3 view .LVU12
  75:Drivers/CMSIS/DSP/Source/FilteringFunctions/arm_fir_interpolate_q15.c ****   uint16_t phaseLen = S->phaseLength;            /* Length of each polyphase filter component */
  69              		.loc 1 75 3 view .LVU13
  70              		.loc 1 75 12 is_stmt 0 view .LVU14
  71 0014 B1F80290 		ldrh	r9, [r1, #2]
  72              	.LVL5:
  76:Drivers/CMSIS/DSP/Source/FilteringFunctions/arm_fir_interpolate_q15.c ****   uint32_t blkCntN2;
  73              		.loc 1 76 3 is_stmt 1 view .LVU15
  77:Drivers/CMSIS/DSP/Source/FilteringFunctions/arm_fir_interpolate_q15.c ****   q63_t acc0, acc1;
  74              		.loc 1 77 3 view .LVU16
  78:Drivers/CMSIS/DSP/Source/FilteringFunctions/arm_fir_interpolate_q15.c ****   q15_t x1;
  75              		.loc 1 78 3 view .LVU17
  79:Drivers/CMSIS/DSP/Source/FilteringFunctions/arm_fir_interpolate_q15.c **** 
  80:Drivers/CMSIS/DSP/Source/FilteringFunctions/arm_fir_interpolate_q15.c ****   /* S->pState buffer contains previous frame (phaseLen - 1) samples */
  81:Drivers/CMSIS/DSP/Source/FilteringFunctions/arm_fir_interpolate_q15.c ****   /* pStateCurnt points to the location where the new input data should be written */
  82:Drivers/CMSIS/DSP/Source/FilteringFunctions/arm_fir_interpolate_q15.c ****   pStateCurnt = S->pState + ((q31_t) phaseLen - 1);
  76              		.loc 1 82 3 view .LVU18
  77              		.loc 1 82 27 is_stmt 0 view .LVU19
  78 0018 6FF0004C 		mvn	ip, #-2147483648
  79 001c CC44     		add	ip, ip, r9
  80 001e 00EB4C0C 		add	ip, r0, ip, lsl #1
  81              	.LVL6:
  83:Drivers/CMSIS/DSP/Source/FilteringFunctions/arm_fir_interpolate_q15.c **** 
  84:Drivers/CMSIS/DSP/Source/FilteringFunctions/arm_fir_interpolate_q15.c ****   /* Initialise  blkCnt */
  85:Drivers/CMSIS/DSP/Source/FilteringFunctions/arm_fir_interpolate_q15.c ****   blkCnt = blockSize / 2;
  82              		.loc 1 85 3 is_stmt 1 view .LVU20
  83              		.loc 1 85 10 is_stmt 0 view .LVU21
  84 0022 5C08     		lsrs	r4, r3, #1
  85              	.LVL7:
  86:Drivers/CMSIS/DSP/Source/FilteringFunctions/arm_fir_interpolate_q15.c ****   blkCntN2 = blockSize - (2 * blkCnt);
  86              		.loc 1 86 3 is_stmt 1 view .LVU22
ARM GAS  /var/folders/n6/c271nzx11xl4r4_m7sqjlt0m0000gn/T//ccLUUvVH.s 			page 4


  87 0024 03F00101 		and	r1, r3, #1
  88              	.LVL8:
  87:Drivers/CMSIS/DSP/Source/FilteringFunctions/arm_fir_interpolate_q15.c **** 
  88:Drivers/CMSIS/DSP/Source/FilteringFunctions/arm_fir_interpolate_q15.c ****   /* Samples loop unrolled by 2 */
  89:Drivers/CMSIS/DSP/Source/FilteringFunctions/arm_fir_interpolate_q15.c ****   while (blkCnt > 0U)
  89              		.loc 1 89 3 view .LVU23
  90 0028 0B91     		str	r1, [sp, #44]
  91 002a 2146     		mov	r1, r4
  92              	.LVL9:
  93              		.loc 1 89 3 is_stmt 0 view .LVU24
  94 002c CDF81490 		str	r9, [sp, #20]
  95 0030 1646     		mov	r6, r2
  96              		.loc 1 89 9 view .LVU25
  97 0032 E8E0     		b	.L2
  98              	.LVL10:
  99              	.L5:
  90:Drivers/CMSIS/DSP/Source/FilteringFunctions/arm_fir_interpolate_q15.c ****   {
  91:Drivers/CMSIS/DSP/Source/FilteringFunctions/arm_fir_interpolate_q15.c ****     /* Copy new input sample into the state buffer */
  92:Drivers/CMSIS/DSP/Source/FilteringFunctions/arm_fir_interpolate_q15.c ****     *pStateCurnt++ = *pSrc++;
  93:Drivers/CMSIS/DSP/Source/FilteringFunctions/arm_fir_interpolate_q15.c ****     *pStateCurnt++ = *pSrc++;
  94:Drivers/CMSIS/DSP/Source/FilteringFunctions/arm_fir_interpolate_q15.c **** 
  95:Drivers/CMSIS/DSP/Source/FilteringFunctions/arm_fir_interpolate_q15.c ****     /* Address modifier index of coefficient buffer */
  96:Drivers/CMSIS/DSP/Source/FilteringFunctions/arm_fir_interpolate_q15.c ****     j = 1U;
  97:Drivers/CMSIS/DSP/Source/FilteringFunctions/arm_fir_interpolate_q15.c **** 
  98:Drivers/CMSIS/DSP/Source/FilteringFunctions/arm_fir_interpolate_q15.c ****     /* Loop over the Interpolation factor. */
  99:Drivers/CMSIS/DSP/Source/FilteringFunctions/arm_fir_interpolate_q15.c ****     i = (S->L);
 100:Drivers/CMSIS/DSP/Source/FilteringFunctions/arm_fir_interpolate_q15.c **** 
 101:Drivers/CMSIS/DSP/Source/FilteringFunctions/arm_fir_interpolate_q15.c ****     while (i > 0U)
 102:Drivers/CMSIS/DSP/Source/FilteringFunctions/arm_fir_interpolate_q15.c ****     {
 103:Drivers/CMSIS/DSP/Source/FilteringFunctions/arm_fir_interpolate_q15.c ****       /* Set accumulator to zero */
 104:Drivers/CMSIS/DSP/Source/FilteringFunctions/arm_fir_interpolate_q15.c ****       acc0 = 0;
 105:Drivers/CMSIS/DSP/Source/FilteringFunctions/arm_fir_interpolate_q15.c ****       acc1 = 0;
 106:Drivers/CMSIS/DSP/Source/FilteringFunctions/arm_fir_interpolate_q15.c **** 
 107:Drivers/CMSIS/DSP/Source/FilteringFunctions/arm_fir_interpolate_q15.c ****       /* Initialize state pointer */
 108:Drivers/CMSIS/DSP/Source/FilteringFunctions/arm_fir_interpolate_q15.c ****       ptr1 = pState;
 109:Drivers/CMSIS/DSP/Source/FilteringFunctions/arm_fir_interpolate_q15.c **** 
 110:Drivers/CMSIS/DSP/Source/FilteringFunctions/arm_fir_interpolate_q15.c ****       /* Initialize coefficient pointer */
 111:Drivers/CMSIS/DSP/Source/FilteringFunctions/arm_fir_interpolate_q15.c ****       ptr2 = pCoeffs + (S->L - j);
 112:Drivers/CMSIS/DSP/Source/FilteringFunctions/arm_fir_interpolate_q15.c **** 
 113:Drivers/CMSIS/DSP/Source/FilteringFunctions/arm_fir_interpolate_q15.c ****       /* Loop over the polyPhase length. Unroll by a factor of 4.
 114:Drivers/CMSIS/DSP/Source/FilteringFunctions/arm_fir_interpolate_q15.c ****        ** Repeat until we've computed numTaps-(4*S->L) coefficients. */
 115:Drivers/CMSIS/DSP/Source/FilteringFunctions/arm_fir_interpolate_q15.c ****       tapCnt = phaseLen >> 2U;
 116:Drivers/CMSIS/DSP/Source/FilteringFunctions/arm_fir_interpolate_q15.c **** 
 117:Drivers/CMSIS/DSP/Source/FilteringFunctions/arm_fir_interpolate_q15.c ****       x0 = *(ptr1++);
 118:Drivers/CMSIS/DSP/Source/FilteringFunctions/arm_fir_interpolate_q15.c **** 
 119:Drivers/CMSIS/DSP/Source/FilteringFunctions/arm_fir_interpolate_q15.c ****       while (tapCnt > 0U)
 120:Drivers/CMSIS/DSP/Source/FilteringFunctions/arm_fir_interpolate_q15.c ****       {
 121:Drivers/CMSIS/DSP/Source/FilteringFunctions/arm_fir_interpolate_q15.c **** 
 122:Drivers/CMSIS/DSP/Source/FilteringFunctions/arm_fir_interpolate_q15.c ****         /* Read the input sample */
 123:Drivers/CMSIS/DSP/Source/FilteringFunctions/arm_fir_interpolate_q15.c ****         x1 = *(ptr1++);
 100              		.loc 1 123 9 is_stmt 1 view .LVU26
 101              		.loc 1 123 12 is_stmt 0 view .LVU27
 102 0034 B6F90040 		ldrsh	r4, [r6]
 103              	.LVL11:
 124:Drivers/CMSIS/DSP/Source/FilteringFunctions/arm_fir_interpolate_q15.c **** 
 125:Drivers/CMSIS/DSP/Source/FilteringFunctions/arm_fir_interpolate_q15.c ****         /* Read the coefficient */
 126:Drivers/CMSIS/DSP/Source/FilteringFunctions/arm_fir_interpolate_q15.c ****         c0 = *(ptr2);
ARM GAS  /var/folders/n6/c271nzx11xl4r4_m7sqjlt0m0000gn/T//ccLUUvVH.s 			page 5


 104              		.loc 1 126 9 is_stmt 1 view .LVU28
 105              		.loc 1 126 12 is_stmt 0 view .LVU29
 106 0038 B7F90050 		ldrsh	r5, [r7]
 107              	.LVL12:
 127:Drivers/CMSIS/DSP/Source/FilteringFunctions/arm_fir_interpolate_q15.c **** 
 128:Drivers/CMSIS/DSP/Source/FilteringFunctions/arm_fir_interpolate_q15.c ****         /* Perform the multiply-accumulate */
 129:Drivers/CMSIS/DSP/Source/FilteringFunctions/arm_fir_interpolate_q15.c ****         acc0 += (q63_t) x0 *c0;
 108              		.loc 1 129 9 is_stmt 1 view .LVU30
 109              		.loc 1 129 17 is_stmt 0 view .LVU31
 110 003c 4FEAEE7A 		asr	r10, lr, #31
 111              		.loc 1 129 28 view .LVU32
 112 0040 4FEAE578 		asr	r8, r5, #31
 113 0044 0EFB08F9 		mul	r9, lr, r8
 114 0048 05FB0A99 		mla	r9, r5, r10, r9
 115 004c AEFB05EA 		umull	lr, r10, lr, r5
 116              	.LVL13:
 117              		.loc 1 129 28 view .LVU33
 118 0050 CA44     		add	r10, r10, r9
 119              		.loc 1 129 14 view .LVU34
 120 0052 1EEB0209 		adds	r9, lr, r2
 121 0056 4AEB000A 		adc	r10, r10, r0
 122              	.LVL14:
 130:Drivers/CMSIS/DSP/Source/FilteringFunctions/arm_fir_interpolate_q15.c ****         acc1 += (q63_t) x1 *c0;
 123              		.loc 1 130 9 is_stmt 1 view .LVU35
 124              		.loc 1 130 17 is_stmt 0 view .LVU36
 125 005a E217     		asrs	r2, r4, #31
 126              		.loc 1 130 28 view .LVU37
 127 005c 05FB02FE 		mul	lr, r5, r2
 128 0060 04FB08EE 		mla	lr, r4, r8, lr
 129 0064 A5FB0408 		umull	r0, r8, r5, r4
 130 0068 F044     		add	r8, r8, lr
 131              		.loc 1 130 14 view .LVU38
 132 006a C318     		adds	r3, r0, r3
 133              	.LVL15:
 134              		.loc 1 130 14 view .LVU39
 135 006c 48EB0108 		adc	r8, r8, r1
 136              	.LVL16:
 131:Drivers/CMSIS/DSP/Source/FilteringFunctions/arm_fir_interpolate_q15.c **** 
 132:Drivers/CMSIS/DSP/Source/FilteringFunctions/arm_fir_interpolate_q15.c **** 
 133:Drivers/CMSIS/DSP/Source/FilteringFunctions/arm_fir_interpolate_q15.c ****         /* Read the coefficient */
 134:Drivers/CMSIS/DSP/Source/FilteringFunctions/arm_fir_interpolate_q15.c ****         c0 = *(ptr2 + S->L);
 137              		.loc 1 134 9 is_stmt 1 view .LVU40
 138              		.loc 1 134 12 is_stmt 0 view .LVU41
 139 0070 37F91C10 		ldrsh	r1, [r7, ip, lsl #1]
 140              	.LVL17:
 135:Drivers/CMSIS/DSP/Source/FilteringFunctions/arm_fir_interpolate_q15.c **** 
 136:Drivers/CMSIS/DSP/Source/FilteringFunctions/arm_fir_interpolate_q15.c ****         /* Read the input sample */
 137:Drivers/CMSIS/DSP/Source/FilteringFunctions/arm_fir_interpolate_q15.c ****         x0 = *(ptr1++);
 141              		.loc 1 137 9 is_stmt 1 view .LVU42
 142              		.loc 1 137 12 is_stmt 0 view .LVU43
 143 0074 B6F90200 		ldrsh	r0, [r6, #2]
 144              	.LVL18:
 138:Drivers/CMSIS/DSP/Source/FilteringFunctions/arm_fir_interpolate_q15.c **** 
 139:Drivers/CMSIS/DSP/Source/FilteringFunctions/arm_fir_interpolate_q15.c ****         /* Perform the multiply-accumulate */
 140:Drivers/CMSIS/DSP/Source/FilteringFunctions/arm_fir_interpolate_q15.c ****         acc0 += (q63_t) x1 *c0;
 145              		.loc 1 140 9 is_stmt 1 view .LVU44
 146              		.loc 1 140 28 is_stmt 0 view .LVU45
ARM GAS  /var/folders/n6/c271nzx11xl4r4_m7sqjlt0m0000gn/T//ccLUUvVH.s 			page 6


 147 0078 CD17     		asrs	r5, r1, #31
 148 007a 04FB05FE 		mul	lr, r4, r5
 149 007e 01FB02EE 		mla	lr, r1, r2, lr
 150 0082 A4FB0124 		umull	r2, r4, r4, r1
 151              	.LVL19:
 152              		.loc 1 140 28 view .LVU46
 153 0086 A644     		add	lr, lr, r4
 154              		.loc 1 140 14 view .LVU47
 155 0088 12EB0902 		adds	r2, r2, r9
 156 008c 4EEB0A0E 		adc	lr, lr, r10
 157              	.LVL20:
 141:Drivers/CMSIS/DSP/Source/FilteringFunctions/arm_fir_interpolate_q15.c ****         acc1 += (q63_t) x0 *c0;
 158              		.loc 1 141 9 is_stmt 1 view .LVU48
 159              		.loc 1 141 17 is_stmt 0 view .LVU49
 160 0090 4FEAE079 		asr	r9, r0, #31
 161              		.loc 1 141 28 view .LVU50
 162 0094 01FB09F4 		mul	r4, r1, r9
 163 0098 00FB0544 		mla	r4, r0, r5, r4
 164 009c A1FB00A5 		umull	r10, r5, r1, r0
 165 00a0 2544     		add	r5, r5, r4
 166              		.loc 1 141 14 view .LVU51
 167 00a2 1AEB030A 		adds	r10, r10, r3
 168 00a6 45EB0805 		adc	r5, r5, r8
 169              	.LVL21:
 142:Drivers/CMSIS/DSP/Source/FilteringFunctions/arm_fir_interpolate_q15.c **** 
 143:Drivers/CMSIS/DSP/Source/FilteringFunctions/arm_fir_interpolate_q15.c **** 
 144:Drivers/CMSIS/DSP/Source/FilteringFunctions/arm_fir_interpolate_q15.c ****         /* Read the coefficient */
 145:Drivers/CMSIS/DSP/Source/FilteringFunctions/arm_fir_interpolate_q15.c ****         c0 = *(ptr2 + S->L * 2);
 170              		.loc 1 145 9 is_stmt 1 view .LVU52
 171              		.loc 1 145 12 is_stmt 0 view .LVU53
 172 00aa 37F92C10 		ldrsh	r1, [r7, ip, lsl #2]
 173              	.LVL22:
 146:Drivers/CMSIS/DSP/Source/FilteringFunctions/arm_fir_interpolate_q15.c **** 
 147:Drivers/CMSIS/DSP/Source/FilteringFunctions/arm_fir_interpolate_q15.c ****         /* Read the input sample */
 148:Drivers/CMSIS/DSP/Source/FilteringFunctions/arm_fir_interpolate_q15.c ****         x1 = *(ptr1++);
 174              		.loc 1 148 9 is_stmt 1 view .LVU54
 175              		.loc 1 148 12 is_stmt 0 view .LVU55
 176 00ae B6F90440 		ldrsh	r4, [r6, #4]
 177              	.LVL23:
 149:Drivers/CMSIS/DSP/Source/FilteringFunctions/arm_fir_interpolate_q15.c **** 
 150:Drivers/CMSIS/DSP/Source/FilteringFunctions/arm_fir_interpolate_q15.c ****         /* Perform the multiply-accumulate */
 151:Drivers/CMSIS/DSP/Source/FilteringFunctions/arm_fir_interpolate_q15.c ****         acc0 += (q63_t) x0 *c0;
 178              		.loc 1 151 9 is_stmt 1 view .LVU56
 179              		.loc 1 151 28 is_stmt 0 view .LVU57
 180 00b2 4FEAE178 		asr	r8, r1, #31
 181 00b6 00FB08F3 		mul	r3, r0, r8
 182 00ba 01FB0939 		mla	r9, r1, r9, r3
 183 00be A0FB0130 		umull	r3, r0, r0, r1
 184              	.LVL24:
 185              		.loc 1 151 28 view .LVU58
 186 00c2 8144     		add	r9, r9, r0
 187              		.loc 1 151 14 view .LVU59
 188 00c4 9B18     		adds	r3, r3, r2
 189 00c6 49EB0E09 		adc	r9, r9, lr
 190              	.LVL25:
 152:Drivers/CMSIS/DSP/Source/FilteringFunctions/arm_fir_interpolate_q15.c ****         acc1 += (q63_t) x1 *c0;
 191              		.loc 1 152 9 is_stmt 1 view .LVU60
ARM GAS  /var/folders/n6/c271nzx11xl4r4_m7sqjlt0m0000gn/T//ccLUUvVH.s 			page 7


 192              		.loc 1 152 17 is_stmt 0 view .LVU61
 193 00ca E217     		asrs	r2, r4, #31
 194              		.loc 1 152 28 view .LVU62
 195 00cc 01FB02FE 		mul	lr, r1, r2
 196 00d0 04FB08EE 		mla	lr, r4, r8, lr
 197 00d4 A1FB0408 		umull	r0, r8, r1, r4
 198 00d8 F044     		add	r8, r8, lr
 199              		.loc 1 152 14 view .LVU63
 200 00da 10EB0A0A 		adds	r10, r0, r10
 201              	.LVL26:
 202              		.loc 1 152 14 view .LVU64
 203 00de 48EB0508 		adc	r8, r8, r5
 204              	.LVL27:
 153:Drivers/CMSIS/DSP/Source/FilteringFunctions/arm_fir_interpolate_q15.c **** 
 154:Drivers/CMSIS/DSP/Source/FilteringFunctions/arm_fir_interpolate_q15.c ****         /* Read the coefficient */
 155:Drivers/CMSIS/DSP/Source/FilteringFunctions/arm_fir_interpolate_q15.c ****         c0 = *(ptr2 + S->L * 3);
 205              		.loc 1 155 9 is_stmt 1 view .LVU65
 206              		.loc 1 155 21 is_stmt 0 view .LVU66
 207 00e2 0CEB4C01 		add	r1, ip, ip, lsl #1
 208              	.LVL28:
 209              		.loc 1 155 12 view .LVU67
 210 00e6 37F91150 		ldrsh	r5, [r7, r1, lsl #1]
 211              	.LVL29:
 156:Drivers/CMSIS/DSP/Source/FilteringFunctions/arm_fir_interpolate_q15.c **** 
 157:Drivers/CMSIS/DSP/Source/FilteringFunctions/arm_fir_interpolate_q15.c ****         /* Read the input sample */
 158:Drivers/CMSIS/DSP/Source/FilteringFunctions/arm_fir_interpolate_q15.c ****         x0 = *(ptr1++);
 212              		.loc 1 158 9 is_stmt 1 view .LVU68
 213              		.loc 1 158 12 is_stmt 0 view .LVU69
 214 00ea B6F906E0 		ldrsh	lr, [r6, #6]
 215              	.LVL30:
 159:Drivers/CMSIS/DSP/Source/FilteringFunctions/arm_fir_interpolate_q15.c **** 
 160:Drivers/CMSIS/DSP/Source/FilteringFunctions/arm_fir_interpolate_q15.c ****         /* Perform the multiply-accumulate */
 161:Drivers/CMSIS/DSP/Source/FilteringFunctions/arm_fir_interpolate_q15.c ****         acc0 += (q63_t) x1 *c0;
 216              		.loc 1 161 9 is_stmt 1 view .LVU70
 217              		.loc 1 161 28 is_stmt 0 view .LVU71
 218 00ee E917     		asrs	r1, r5, #31
 219 00f0 04FB01F0 		mul	r0, r4, r1
 220 00f4 05FB0200 		mla	r0, r5, r2, r0
 221 00f8 A4FB0524 		umull	r2, r4, r4, r5
 222              	.LVL31:
 223              		.loc 1 161 28 view .LVU72
 224 00fc 2044     		add	r0, r0, r4
 225              		.loc 1 161 14 view .LVU73
 226 00fe D218     		adds	r2, r2, r3
 227 0100 40EB0900 		adc	r0, r0, r9
 228              	.LVL32:
 162:Drivers/CMSIS/DSP/Source/FilteringFunctions/arm_fir_interpolate_q15.c ****         acc1 += (q63_t) x0 *c0;
 229              		.loc 1 162 9 is_stmt 1 view .LVU74
 230              		.loc 1 162 17 is_stmt 0 view .LVU75
 231 0104 4FEAEE74 		asr	r4, lr, #31
 232              		.loc 1 162 28 view .LVU76
 233 0108 05FB04F4 		mul	r4, r5, r4
 234 010c 0EFB0144 		mla	r4, lr, r1, r4
 235 0110 A5FB0E31 		umull	r3, r1, r5, lr
 236 0114 2144     		add	r1, r1, r4
 237              		.loc 1 162 14 view .LVU77
 238 0116 13EB0A03 		adds	r3, r3, r10
ARM GAS  /var/folders/n6/c271nzx11xl4r4_m7sqjlt0m0000gn/T//ccLUUvVH.s 			page 8


 239 011a 41EB0801 		adc	r1, r1, r8
 240              	.LVL33:
 163:Drivers/CMSIS/DSP/Source/FilteringFunctions/arm_fir_interpolate_q15.c **** 
 164:Drivers/CMSIS/DSP/Source/FilteringFunctions/arm_fir_interpolate_q15.c **** 
 165:Drivers/CMSIS/DSP/Source/FilteringFunctions/arm_fir_interpolate_q15.c ****         /* Upsampling is done by stuffing L-1 zeros between each sample.
 166:Drivers/CMSIS/DSP/Source/FilteringFunctions/arm_fir_interpolate_q15.c ****          * So instead of multiplying zeros with coefficients,
 167:Drivers/CMSIS/DSP/Source/FilteringFunctions/arm_fir_interpolate_q15.c ****          * Increment the coefficient pointer by interpolation factor times. */
 168:Drivers/CMSIS/DSP/Source/FilteringFunctions/arm_fir_interpolate_q15.c ****         ptr2 += 4 * S->L;
 241              		.loc 1 168 9 is_stmt 1 view .LVU78
 242              		.loc 1 168 14 is_stmt 0 view .LVU79
 243 011e 07EBCC07 		add	r7, r7, ip, lsl #3
 244              	.LVL34:
 169:Drivers/CMSIS/DSP/Source/FilteringFunctions/arm_fir_interpolate_q15.c **** 
 170:Drivers/CMSIS/DSP/Source/FilteringFunctions/arm_fir_interpolate_q15.c ****         /* Decrement the loop counter */
 171:Drivers/CMSIS/DSP/Source/FilteringFunctions/arm_fir_interpolate_q15.c ****         tapCnt--;
 245              		.loc 1 171 9 is_stmt 1 view .LVU80
 246              		.loc 1 171 15 is_stmt 0 view .LVU81
 247 0122 0BF1FF3B 		add	fp, fp, #-1
 248              	.LVL35:
 158:Drivers/CMSIS/DSP/Source/FilteringFunctions/arm_fir_interpolate_q15.c **** 
 249              		.loc 1 158 20 view .LVU82
 250 0126 0836     		adds	r6, r6, #8
 251              	.LVL36:
 252              	.L4:
 119:Drivers/CMSIS/DSP/Source/FilteringFunctions/arm_fir_interpolate_q15.c ****       {
 253              		.loc 1 119 21 is_stmt 1 view .LVU83
 254 0128 BBF1000F 		cmp	fp, #0
 255 012c 82D1     		bne	.L5
 172:Drivers/CMSIS/DSP/Source/FilteringFunctions/arm_fir_interpolate_q15.c ****       }
 173:Drivers/CMSIS/DSP/Source/FilteringFunctions/arm_fir_interpolate_q15.c **** 
 174:Drivers/CMSIS/DSP/Source/FilteringFunctions/arm_fir_interpolate_q15.c ****       /* If the polyPhase length is not a multiple of 4, compute the remaining filter taps */
 175:Drivers/CMSIS/DSP/Source/FilteringFunctions/arm_fir_interpolate_q15.c ****       tapCnt = phaseLen % 0x4U;
 256              		.loc 1 175 7 view .LVU84
 257              		.loc 1 175 14 is_stmt 0 view .LVU85
 258 012e 059C     		ldr	r4, [sp, #20]
 259 0130 04F0030A 		and	r10, r4, #3
 260              	.LVL37:
 176:Drivers/CMSIS/DSP/Source/FilteringFunctions/arm_fir_interpolate_q15.c **** 
 177:Drivers/CMSIS/DSP/Source/FilteringFunctions/arm_fir_interpolate_q15.c ****       while (tapCnt > 0U)
 261              		.loc 1 177 7 is_stmt 1 view .LVU86
 262 0134 B946     		mov	r9, r7
 263 0136 5746     		mov	r7, r10
 264              	.LVL38:
 265              		.loc 1 177 13 is_stmt 0 view .LVU87
 266 0138 24E0     		b	.L6
 267              	.LVL39:
 268              	.L7:
 178:Drivers/CMSIS/DSP/Source/FilteringFunctions/arm_fir_interpolate_q15.c ****       {
 179:Drivers/CMSIS/DSP/Source/FilteringFunctions/arm_fir_interpolate_q15.c **** 
 180:Drivers/CMSIS/DSP/Source/FilteringFunctions/arm_fir_interpolate_q15.c ****         /* Read the input sample */
 181:Drivers/CMSIS/DSP/Source/FilteringFunctions/arm_fir_interpolate_q15.c ****         x1 = *(ptr1++);
 269              		.loc 1 181 9 is_stmt 1 view .LVU88
 270              		.loc 1 181 12 is_stmt 0 view .LVU89
 271 013a 36F9025B 		ldrsh	r5, [r6], #2
 272              	.LVL40:
 182:Drivers/CMSIS/DSP/Source/FilteringFunctions/arm_fir_interpolate_q15.c **** 
 183:Drivers/CMSIS/DSP/Source/FilteringFunctions/arm_fir_interpolate_q15.c ****         /* Read the coefficient */
ARM GAS  /var/folders/n6/c271nzx11xl4r4_m7sqjlt0m0000gn/T//ccLUUvVH.s 			page 9


 184:Drivers/CMSIS/DSP/Source/FilteringFunctions/arm_fir_interpolate_q15.c ****         c0 = *(ptr2);
 273              		.loc 1 184 9 is_stmt 1 view .LVU90
 274              		.loc 1 184 12 is_stmt 0 view .LVU91
 275 013e B9F90040 		ldrsh	r4, [r9]
 276              	.LVL41:
 185:Drivers/CMSIS/DSP/Source/FilteringFunctions/arm_fir_interpolate_q15.c **** 
 186:Drivers/CMSIS/DSP/Source/FilteringFunctions/arm_fir_interpolate_q15.c ****         /* Perform the multiply-accumulate */
 187:Drivers/CMSIS/DSP/Source/FilteringFunctions/arm_fir_interpolate_q15.c ****         acc0 += (q63_t) x0 *c0;
 277              		.loc 1 187 9 is_stmt 1 view .LVU92
 278              		.loc 1 187 17 is_stmt 0 view .LVU93
 279 0142 4FEAEE7B 		asr	fp, lr, #31
 280              		.loc 1 187 28 view .LVU94
 281 0146 4FEAE47A 		asr	r10, r4, #31
 282 014a 0EFB0AF8 		mul	r8, lr, r10
 283 014e 04FB0B88 		mla	r8, r4, fp, r8
 284 0152 AEFB04EB 		umull	lr, fp, lr, r4
 285              	.LVL42:
 286              		.loc 1 187 28 view .LVU95
 287 0156 D844     		add	r8, r8, fp
 288              		.loc 1 187 14 view .LVU96
 289 0158 1EEB020E 		adds	lr, lr, r2
 290 015c 7246     		mov	r2, lr
 291              	.LVL43:
 292              		.loc 1 187 14 view .LVU97
 293 015e 48EB0000 		adc	r0, r8, r0
 294              	.LVL44:
 188:Drivers/CMSIS/DSP/Source/FilteringFunctions/arm_fir_interpolate_q15.c ****         acc1 += (q63_t) x1 *c0;
 295              		.loc 1 188 9 is_stmt 1 view .LVU98
 296              		.loc 1 188 17 is_stmt 0 view .LVU99
 297 0162 4FEAE57E 		asr	lr, r5, #31
 298              		.loc 1 188 28 view .LVU100
 299 0166 04FB0EFE 		mul	lr, r4, lr
 300 016a 05FB0AEE 		mla	lr, r5, r10, lr
 301 016e A4FB0548 		umull	r4, r8, r4, r5
 302              	.LVL45:
 303              		.loc 1 188 28 view .LVU101
 304 0172 C644     		add	lr, lr, r8
 305              		.loc 1 188 14 view .LVU102
 306 0174 E418     		adds	r4, r4, r3
 307 0176 2346     		mov	r3, r4
 308              	.LVL46:
 309              		.loc 1 188 14 view .LVU103
 310 0178 4EEB0101 		adc	r1, lr, r1
 311              	.LVL47:
 189:Drivers/CMSIS/DSP/Source/FilteringFunctions/arm_fir_interpolate_q15.c **** 
 190:Drivers/CMSIS/DSP/Source/FilteringFunctions/arm_fir_interpolate_q15.c ****         /* Increment the coefficient pointer by interpolation factor times. */
 191:Drivers/CMSIS/DSP/Source/FilteringFunctions/arm_fir_interpolate_q15.c ****         ptr2 += S->L;
 312              		.loc 1 191 9 is_stmt 1 view .LVU104
 313              		.loc 1 191 14 is_stmt 0 view .LVU105
 314 017c 09EB4C09 		add	r9, r9, ip, lsl #1
 315              	.LVL48:
 192:Drivers/CMSIS/DSP/Source/FilteringFunctions/arm_fir_interpolate_q15.c **** 
 193:Drivers/CMSIS/DSP/Source/FilteringFunctions/arm_fir_interpolate_q15.c ****         /* update states for next sample processing */
 194:Drivers/CMSIS/DSP/Source/FilteringFunctions/arm_fir_interpolate_q15.c ****         x0 = x1;
 316              		.loc 1 194 9 is_stmt 1 view .LVU106
 195:Drivers/CMSIS/DSP/Source/FilteringFunctions/arm_fir_interpolate_q15.c **** 
 196:Drivers/CMSIS/DSP/Source/FilteringFunctions/arm_fir_interpolate_q15.c ****         /* Decrement the loop counter */
ARM GAS  /var/folders/n6/c271nzx11xl4r4_m7sqjlt0m0000gn/T//ccLUUvVH.s 			page 10


 197:Drivers/CMSIS/DSP/Source/FilteringFunctions/arm_fir_interpolate_q15.c ****         tapCnt--;
 317              		.loc 1 197 9 view .LVU107
 318              		.loc 1 197 15 is_stmt 0 view .LVU108
 319 0180 013F     		subs	r7, r7, #1
 320              	.LVL49:
 194:Drivers/CMSIS/DSP/Source/FilteringFunctions/arm_fir_interpolate_q15.c **** 
 321              		.loc 1 194 12 view .LVU109
 322 0182 AE46     		mov	lr, r5
 323              	.LVL50:
 324              	.L6:
 177:Drivers/CMSIS/DSP/Source/FilteringFunctions/arm_fir_interpolate_q15.c ****       {
 325              		.loc 1 177 21 is_stmt 1 view .LVU110
 326 0184 002F     		cmp	r7, #0
 327 0186 D8D1     		bne	.L7
 328              	.LBB2:
 198:Drivers/CMSIS/DSP/Source/FilteringFunctions/arm_fir_interpolate_q15.c ****       }
 199:Drivers/CMSIS/DSP/Source/FilteringFunctions/arm_fir_interpolate_q15.c **** 
 200:Drivers/CMSIS/DSP/Source/FilteringFunctions/arm_fir_interpolate_q15.c ****       /* The result is in the accumulator, store in the destination buffer. */
 201:Drivers/CMSIS/DSP/Source/FilteringFunctions/arm_fir_interpolate_q15.c ****       *pDst = (q15_t) (__SSAT((acc0 >> 15), 16));
 329              		.loc 1 201 24 is_stmt 0 view .LVU111
 330 0188 DDF81C80 		ldr	r8, [sp, #28]
 331              	.LBE2:
 332              		.loc 1 201 7 is_stmt 1 view .LVU112
 333              	.LBB3:
 334              		.loc 1 201 24 view .LVU113
 335 018c D20B     		lsrs	r2, r2, #15
 336              	.LVL51:
 337              		.loc 1 201 24 is_stmt 0 view .LVU114
 338 018e 42EA4042 		orr	r2, r2, r0, lsl #17
 339              	.LVL52:
 340              		.loc 1 201 24 is_stmt 1 view .LVU115
 341              		.syntax unified
 342              	@ 201 "Drivers/CMSIS/DSP/Source/FilteringFunctions/arm_fir_interpolate_q15.c" 1
 343 0192 02F30F02 		ssat r2, #16, r2
 344              	@ 0 "" 2
 345              	.LVL53:
 346              		.loc 1 201 24 view .LVU116
 347              		.thumb
 348              		.syntax unified
 349              	.LBE3:
 350              		.loc 1 201 13 is_stmt 0 view .LVU117
 351 0196 A8F80020 		strh	r2, [r8]	@ movhi
 202:Drivers/CMSIS/DSP/Source/FilteringFunctions/arm_fir_interpolate_q15.c ****       *(pDst + S->L) = (q15_t) (__SSAT((acc1 >> 15), 16));
 352              		.loc 1 202 7 is_stmt 1 view .LVU118
 353              	.LBB4:
 354              		.loc 1 202 33 view .LVU119
 355 019a DB0B     		lsrs	r3, r3, #15
 356              	.LVL54:
 357              		.loc 1 202 33 is_stmt 0 view .LVU120
 358 019c 43EA4143 		orr	r3, r3, r1, lsl #17
 359              	.LVL55:
 360              		.loc 1 202 33 is_stmt 1 view .LVU121
 361              		.syntax unified
 362              	@ 202 "Drivers/CMSIS/DSP/Source/FilteringFunctions/arm_fir_interpolate_q15.c" 1
 363 01a0 03F30F03 		ssat r3, #16, r3
 364              	@ 0 "" 2
 365              	.LVL56:
ARM GAS  /var/folders/n6/c271nzx11xl4r4_m7sqjlt0m0000gn/T//ccLUUvVH.s 			page 11


 366              		.loc 1 202 33 view .LVU122
 367              		.thumb
 368              		.syntax unified
 369              	.LBE4:
 370              		.loc 1 202 17 is_stmt 0 view .LVU123
 371 01a4 049A     		ldr	r2, [sp, #16]
 372              	.LVL57:
 373              		.loc 1 202 17 view .LVU124
 374 01a6 1278     		ldrb	r2, [r2]	@ zero_extendqisi2
 375              		.loc 1 202 22 view .LVU125
 376 01a8 28F81230 		strh	r3, [r8, r2, lsl #1]	@ movhi
 203:Drivers/CMSIS/DSP/Source/FilteringFunctions/arm_fir_interpolate_q15.c **** 
 204:Drivers/CMSIS/DSP/Source/FilteringFunctions/arm_fir_interpolate_q15.c ****       pDst++;
 377              		.loc 1 204 7 is_stmt 1 view .LVU126
 378              		.loc 1 204 11 is_stmt 0 view .LVU127
 379 01ac 08F10208 		add	r8, r8, #2
 380              	.LVL58:
 205:Drivers/CMSIS/DSP/Source/FilteringFunctions/arm_fir_interpolate_q15.c **** 
 206:Drivers/CMSIS/DSP/Source/FilteringFunctions/arm_fir_interpolate_q15.c ****       /* Increment the address modifier index of coefficient buffer */
 207:Drivers/CMSIS/DSP/Source/FilteringFunctions/arm_fir_interpolate_q15.c ****       j++;
 381              		.loc 1 207 7 is_stmt 1 view .LVU128
 382              		.loc 1 207 8 is_stmt 0 view .LVU129
 383 01b0 029B     		ldr	r3, [sp, #8]
 384              	.LVL59:
 385              		.loc 1 207 8 view .LVU130
 386 01b2 0133     		adds	r3, r3, #1
 387 01b4 0293     		str	r3, [sp, #8]
 388              	.LVL60:
 208:Drivers/CMSIS/DSP/Source/FilteringFunctions/arm_fir_interpolate_q15.c **** 
 209:Drivers/CMSIS/DSP/Source/FilteringFunctions/arm_fir_interpolate_q15.c ****       /* Decrement the loop counter */
 210:Drivers/CMSIS/DSP/Source/FilteringFunctions/arm_fir_interpolate_q15.c ****       i--;
 389              		.loc 1 210 7 is_stmt 1 view .LVU131
 390              		.loc 1 210 8 is_stmt 0 view .LVU132
 391 01b6 019B     		ldr	r3, [sp, #4]
 392              	.LVL61:
 393              		.loc 1 210 8 view .LVU133
 394 01b8 013B     		subs	r3, r3, #1
 395 01ba 0193     		str	r3, [sp, #4]
 396              	.LVL62:
 397              	.L3:
 101:Drivers/CMSIS/DSP/Source/FilteringFunctions/arm_fir_interpolate_q15.c ****     {
 398              		.loc 1 101 14 is_stmt 1 view .LVU134
 399 01bc 019B     		ldr	r3, [sp, #4]
 400 01be ABB1     		cbz	r3, .L23
 104:Drivers/CMSIS/DSP/Source/FilteringFunctions/arm_fir_interpolate_q15.c ****       acc1 = 0;
 401              		.loc 1 104 7 view .LVU135
 402              	.LVL63:
 105:Drivers/CMSIS/DSP/Source/FilteringFunctions/arm_fir_interpolate_q15.c **** 
 403              		.loc 1 105 7 view .LVU136
 108:Drivers/CMSIS/DSP/Source/FilteringFunctions/arm_fir_interpolate_q15.c **** 
 404              		.loc 1 108 7 view .LVU137
 111:Drivers/CMSIS/DSP/Source/FilteringFunctions/arm_fir_interpolate_q15.c **** 
 405              		.loc 1 111 7 view .LVU138
 111:Drivers/CMSIS/DSP/Source/FilteringFunctions/arm_fir_interpolate_q15.c **** 
 406              		.loc 1 111 26 is_stmt 0 view .LVU139
 407 01c0 049B     		ldr	r3, [sp, #16]
 408 01c2 93F800C0 		ldrb	ip, [r3]	@ zero_extendqisi2
ARM GAS  /var/folders/n6/c271nzx11xl4r4_m7sqjlt0m0000gn/T//ccLUUvVH.s 			page 12


 111:Drivers/CMSIS/DSP/Source/FilteringFunctions/arm_fir_interpolate_q15.c **** 
 409              		.loc 1 111 30 view .LVU140
 410 01c6 029B     		ldr	r3, [sp, #8]
 411 01c8 ACEB0307 		sub	r7, ip, r3
 111:Drivers/CMSIS/DSP/Source/FilteringFunctions/arm_fir_interpolate_q15.c **** 
 412              		.loc 1 111 12 view .LVU141
 413 01cc 069B     		ldr	r3, [sp, #24]
 414 01ce 03EB4707 		add	r7, r3, r7, lsl #1
 415              	.LVL64:
 115:Drivers/CMSIS/DSP/Source/FilteringFunctions/arm_fir_interpolate_q15.c **** 
 416              		.loc 1 115 7 is_stmt 1 view .LVU142
 115:Drivers/CMSIS/DSP/Source/FilteringFunctions/arm_fir_interpolate_q15.c **** 
 417              		.loc 1 115 25 is_stmt 0 view .LVU143
 418 01d2 059B     		ldr	r3, [sp, #20]
 419 01d4 4FEA930B 		lsr	fp, r3, #2
 420              	.LVL65:
 117:Drivers/CMSIS/DSP/Source/FilteringFunctions/arm_fir_interpolate_q15.c **** 
 421              		.loc 1 117 7 is_stmt 1 view .LVU144
 117:Drivers/CMSIS/DSP/Source/FilteringFunctions/arm_fir_interpolate_q15.c **** 
 422              		.loc 1 117 18 is_stmt 0 view .LVU145
 423 01d8 039E     		ldr	r6, [sp, #12]
 424              	.LVL66:
 117:Drivers/CMSIS/DSP/Source/FilteringFunctions/arm_fir_interpolate_q15.c **** 
 425              		.loc 1 117 10 view .LVU146
 426 01da 36F902EB 		ldrsh	lr, [r6], #2
 427              	.LVL67:
 119:Drivers/CMSIS/DSP/Source/FilteringFunctions/arm_fir_interpolate_q15.c ****       {
 428              		.loc 1 119 7 is_stmt 1 view .LVU147
 105:Drivers/CMSIS/DSP/Source/FilteringFunctions/arm_fir_interpolate_q15.c **** 
 429              		.loc 1 105 12 is_stmt 0 view .LVU148
 430 01de 0023     		movs	r3, #0
 431 01e0 1946     		mov	r1, r3
 104:Drivers/CMSIS/DSP/Source/FilteringFunctions/arm_fir_interpolate_q15.c ****       acc1 = 0;
 432              		.loc 1 104 12 view .LVU149
 433 01e2 1A46     		mov	r2, r3
 434 01e4 1846     		mov	r0, r3
 435 01e6 CDF81C80 		str	r8, [sp, #28]
 119:Drivers/CMSIS/DSP/Source/FilteringFunctions/arm_fir_interpolate_q15.c ****       {
 436              		.loc 1 119 13 view .LVU150
 437 01ea 9DE7     		b	.L4
 438              	.LVL68:
 439              	.L23:
 211:Drivers/CMSIS/DSP/Source/FilteringFunctions/arm_fir_interpolate_q15.c ****     }
 212:Drivers/CMSIS/DSP/Source/FilteringFunctions/arm_fir_interpolate_q15.c **** 
 213:Drivers/CMSIS/DSP/Source/FilteringFunctions/arm_fir_interpolate_q15.c ****     /* Advance the state pointer by 1
 214:Drivers/CMSIS/DSP/Source/FilteringFunctions/arm_fir_interpolate_q15.c ****      * to process the next group of interpolation factor number samples */
 215:Drivers/CMSIS/DSP/Source/FilteringFunctions/arm_fir_interpolate_q15.c ****     pState = pState + 2;
 440              		.loc 1 215 21 view .LVU151
 441 01ec 0898     		ldr	r0, [sp, #32]
 442 01ee 0999     		ldr	r1, [sp, #36]
 443 01f0 0A9F     		ldr	r7, [sp, #40]
 444              		.loc 1 215 5 is_stmt 1 view .LVU152
 445              		.loc 1 215 21 is_stmt 0 view .LVU153
 446 01f2 039B     		ldr	r3, [sp, #12]
 447              	.LVL69:
 448              		.loc 1 215 21 view .LVU154
 449 01f4 0433     		adds	r3, r3, #4
ARM GAS  /var/folders/n6/c271nzx11xl4r4_m7sqjlt0m0000gn/T//ccLUUvVH.s 			page 13


 450 01f6 0393     		str	r3, [sp, #12]
 451              	.LVL70:
 216:Drivers/CMSIS/DSP/Source/FilteringFunctions/arm_fir_interpolate_q15.c **** 
 217:Drivers/CMSIS/DSP/Source/FilteringFunctions/arm_fir_interpolate_q15.c ****     pDst += S->L;
 452              		.loc 1 217 5 is_stmt 1 view .LVU155
 453              		.loc 1 217 14 is_stmt 0 view .LVU156
 454 01f8 049B     		ldr	r3, [sp, #16]
 455              	.LVL71:
 456              		.loc 1 217 14 view .LVU157
 457 01fa 1B78     		ldrb	r3, [r3]	@ zero_extendqisi2
 458              		.loc 1 217 10 view .LVU158
 459 01fc 08EB4306 		add	r6, r8, r3, lsl #1
 460              	.LVL72:
 218:Drivers/CMSIS/DSP/Source/FilteringFunctions/arm_fir_interpolate_q15.c **** 
 219:Drivers/CMSIS/DSP/Source/FilteringFunctions/arm_fir_interpolate_q15.c ****     /* Decrement the loop counter */
 220:Drivers/CMSIS/DSP/Source/FilteringFunctions/arm_fir_interpolate_q15.c ****     blkCnt--;
 461              		.loc 1 220 5 is_stmt 1 view .LVU159
 462              		.loc 1 220 11 is_stmt 0 view .LVU160
 463 0200 0139     		subs	r1, r1, #1
 464              	.LVL73:
  93:Drivers/CMSIS/DSP/Source/FilteringFunctions/arm_fir_interpolate_q15.c **** 
 465              		.loc 1 93 17 view .LVU161
 466 0202 8446     		mov	ip, r0
  93:Drivers/CMSIS/DSP/Source/FilteringFunctions/arm_fir_interpolate_q15.c **** 
 467              		.loc 1 93 27 view .LVU162
 468 0204 3D46     		mov	r5, r7
 469              	.LVL74:
 470              	.L2:
  89:Drivers/CMSIS/DSP/Source/FilteringFunctions/arm_fir_interpolate_q15.c ****   {
 471              		.loc 1 89 17 is_stmt 1 view .LVU163
 472 0206 B9B1     		cbz	r1, .L24
  92:Drivers/CMSIS/DSP/Source/FilteringFunctions/arm_fir_interpolate_q15.c ****     *pStateCurnt++ = *pSrc++;
 473              		.loc 1 92 5 view .LVU164
 474              	.LVL75:
  92:Drivers/CMSIS/DSP/Source/FilteringFunctions/arm_fir_interpolate_q15.c ****     *pStateCurnt++ = *pSrc++;
 475              		.loc 1 92 22 is_stmt 0 view .LVU165
 476 0208 2F46     		mov	r7, r5
 477 020a 37F9043B 		ldrsh	r3, [r7], #4
  92:Drivers/CMSIS/DSP/Source/FilteringFunctions/arm_fir_interpolate_q15.c ****     *pStateCurnt++ = *pSrc++;
 478              		.loc 1 92 20 view .LVU166
 479 020e 6046     		mov	r0, ip
 480 0210 20F8043B 		strh	r3, [r0], #4	@ movhi
  93:Drivers/CMSIS/DSP/Source/FilteringFunctions/arm_fir_interpolate_q15.c **** 
 481              		.loc 1 93 5 is_stmt 1 view .LVU167
 482              	.LVL76:
  93:Drivers/CMSIS/DSP/Source/FilteringFunctions/arm_fir_interpolate_q15.c **** 
 483              		.loc 1 93 22 is_stmt 0 view .LVU168
 484 0214 B5F90230 		ldrsh	r3, [r5, #2]
  93:Drivers/CMSIS/DSP/Source/FilteringFunctions/arm_fir_interpolate_q15.c **** 
 485              		.loc 1 93 20 view .LVU169
 486 0218 ACF80230 		strh	r3, [ip, #2]	@ movhi
  96:Drivers/CMSIS/DSP/Source/FilteringFunctions/arm_fir_interpolate_q15.c **** 
 487              		.loc 1 96 5 is_stmt 1 view .LVU170
 488              	.LVL77:
  99:Drivers/CMSIS/DSP/Source/FilteringFunctions/arm_fir_interpolate_q15.c **** 
 489              		.loc 1 99 5 view .LVU171
  99:Drivers/CMSIS/DSP/Source/FilteringFunctions/arm_fir_interpolate_q15.c **** 
ARM GAS  /var/folders/n6/c271nzx11xl4r4_m7sqjlt0m0000gn/T//ccLUUvVH.s 			page 14


 490              		.loc 1 99 11 is_stmt 0 view .LVU172
 491 021c 049B     		ldr	r3, [sp, #16]
 492 021e 93F800B0 		ldrb	fp, [r3]	@ zero_extendqisi2
 493              	.LVL78:
 101:Drivers/CMSIS/DSP/Source/FilteringFunctions/arm_fir_interpolate_q15.c ****     {
 494              		.loc 1 101 5 is_stmt 1 view .LVU173
  96:Drivers/CMSIS/DSP/Source/FilteringFunctions/arm_fir_interpolate_q15.c **** 
 495              		.loc 1 96 7 is_stmt 0 view .LVU174
 496 0222 4FF00109 		mov	r9, #1
 497 0226 0890     		str	r0, [sp, #32]
 498 0228 CDF804B0 		str	fp, [sp, #4]
 499 022c 0991     		str	r1, [sp, #36]
 500 022e CDF80890 		str	r9, [sp, #8]
 501 0232 0A97     		str	r7, [sp, #40]
 502 0234 B046     		mov	r8, r6
 101:Drivers/CMSIS/DSP/Source/FilteringFunctions/arm_fir_interpolate_q15.c ****     {
 503              		.loc 1 101 11 view .LVU175
 504 0236 C1E7     		b	.L3
 505              	.LVL79:
 506              	.L24:
 101:Drivers/CMSIS/DSP/Source/FilteringFunctions/arm_fir_interpolate_q15.c ****     {
 507              		.loc 1 101 11 view .LVU176
 508 0238 0B99     		ldr	r1, [sp, #44]
 509              	.LVL80:
 101:Drivers/CMSIS/DSP/Source/FilteringFunctions/arm_fir_interpolate_q15.c ****     {
 510              		.loc 1 101 11 view .LVU177
 511 023a DDF81490 		ldr	r9, [sp, #20]
 512 023e DDF810B0 		ldr	fp, [sp, #16]
 513 0242 2C46     		mov	r4, r5
 514 0244 3346     		mov	r3, r6
 515 0246 6246     		mov	r2, ip
 516 0248 95E0     		b	.L10
 517              	.LVL81:
 518              	.L13:
 221:Drivers/CMSIS/DSP/Source/FilteringFunctions/arm_fir_interpolate_q15.c ****   }
 222:Drivers/CMSIS/DSP/Source/FilteringFunctions/arm_fir_interpolate_q15.c **** 
 223:Drivers/CMSIS/DSP/Source/FilteringFunctions/arm_fir_interpolate_q15.c ****   /* If the blockSize is not a multiple of 2, compute any remaining output samples here.
 224:Drivers/CMSIS/DSP/Source/FilteringFunctions/arm_fir_interpolate_q15.c ****    ** No loop unrolling is used. */
 225:Drivers/CMSIS/DSP/Source/FilteringFunctions/arm_fir_interpolate_q15.c ****   blkCnt = blkCntN2;
 226:Drivers/CMSIS/DSP/Source/FilteringFunctions/arm_fir_interpolate_q15.c **** 
 227:Drivers/CMSIS/DSP/Source/FilteringFunctions/arm_fir_interpolate_q15.c ****   /* Loop over the blockSize. */
 228:Drivers/CMSIS/DSP/Source/FilteringFunctions/arm_fir_interpolate_q15.c ****   while (blkCnt > 0U)
 229:Drivers/CMSIS/DSP/Source/FilteringFunctions/arm_fir_interpolate_q15.c ****   {
 230:Drivers/CMSIS/DSP/Source/FilteringFunctions/arm_fir_interpolate_q15.c ****     /* Copy new input sample into the state buffer */
 231:Drivers/CMSIS/DSP/Source/FilteringFunctions/arm_fir_interpolate_q15.c ****     *pStateCurnt++ = *pSrc++;
 232:Drivers/CMSIS/DSP/Source/FilteringFunctions/arm_fir_interpolate_q15.c **** 
 233:Drivers/CMSIS/DSP/Source/FilteringFunctions/arm_fir_interpolate_q15.c ****     /* Address modifier index of coefficient buffer */
 234:Drivers/CMSIS/DSP/Source/FilteringFunctions/arm_fir_interpolate_q15.c ****     j = 1U;
 235:Drivers/CMSIS/DSP/Source/FilteringFunctions/arm_fir_interpolate_q15.c **** 
 236:Drivers/CMSIS/DSP/Source/FilteringFunctions/arm_fir_interpolate_q15.c ****     /* Loop over the Interpolation factor. */
 237:Drivers/CMSIS/DSP/Source/FilteringFunctions/arm_fir_interpolate_q15.c ****     i = S->L;
 238:Drivers/CMSIS/DSP/Source/FilteringFunctions/arm_fir_interpolate_q15.c ****     while (i > 0U)
 239:Drivers/CMSIS/DSP/Source/FilteringFunctions/arm_fir_interpolate_q15.c ****     {
 240:Drivers/CMSIS/DSP/Source/FilteringFunctions/arm_fir_interpolate_q15.c ****       /* Set accumulator to zero */
 241:Drivers/CMSIS/DSP/Source/FilteringFunctions/arm_fir_interpolate_q15.c ****       sum0 = 0;
 242:Drivers/CMSIS/DSP/Source/FilteringFunctions/arm_fir_interpolate_q15.c **** 
 243:Drivers/CMSIS/DSP/Source/FilteringFunctions/arm_fir_interpolate_q15.c ****       /* Initialize state pointer */
ARM GAS  /var/folders/n6/c271nzx11xl4r4_m7sqjlt0m0000gn/T//ccLUUvVH.s 			page 15


 244:Drivers/CMSIS/DSP/Source/FilteringFunctions/arm_fir_interpolate_q15.c ****       ptr1 = pState;
 245:Drivers/CMSIS/DSP/Source/FilteringFunctions/arm_fir_interpolate_q15.c **** 
 246:Drivers/CMSIS/DSP/Source/FilteringFunctions/arm_fir_interpolate_q15.c ****       /* Initialize coefficient pointer */
 247:Drivers/CMSIS/DSP/Source/FilteringFunctions/arm_fir_interpolate_q15.c ****       ptr2 = pCoeffs + (S->L - j);
 248:Drivers/CMSIS/DSP/Source/FilteringFunctions/arm_fir_interpolate_q15.c **** 
 249:Drivers/CMSIS/DSP/Source/FilteringFunctions/arm_fir_interpolate_q15.c ****       /* Loop over the polyPhase length. Unroll by a factor of 4.
 250:Drivers/CMSIS/DSP/Source/FilteringFunctions/arm_fir_interpolate_q15.c ****        ** Repeat until we've computed numTaps-(4*S->L) coefficients. */
 251:Drivers/CMSIS/DSP/Source/FilteringFunctions/arm_fir_interpolate_q15.c ****       tapCnt = phaseLen >> 2;
 252:Drivers/CMSIS/DSP/Source/FilteringFunctions/arm_fir_interpolate_q15.c ****       while (tapCnt > 0U)
 253:Drivers/CMSIS/DSP/Source/FilteringFunctions/arm_fir_interpolate_q15.c ****       {
 254:Drivers/CMSIS/DSP/Source/FilteringFunctions/arm_fir_interpolate_q15.c **** 
 255:Drivers/CMSIS/DSP/Source/FilteringFunctions/arm_fir_interpolate_q15.c ****         /* Read the coefficient */
 256:Drivers/CMSIS/DSP/Source/FilteringFunctions/arm_fir_interpolate_q15.c ****         c0 = *(ptr2);
 519              		.loc 1 256 9 is_stmt 1 view .LVU178
 520              		.loc 1 256 12 is_stmt 0 view .LVU179
 521 024a B5F900E0 		ldrsh	lr, [r5]
 522              	.LVL82:
 257:Drivers/CMSIS/DSP/Source/FilteringFunctions/arm_fir_interpolate_q15.c **** 
 258:Drivers/CMSIS/DSP/Source/FilteringFunctions/arm_fir_interpolate_q15.c ****         /* Upsampling is done by stuffing L-1 zeros between each sample.
 259:Drivers/CMSIS/DSP/Source/FilteringFunctions/arm_fir_interpolate_q15.c ****          * So instead of multiplying zeros with coefficients,
 260:Drivers/CMSIS/DSP/Source/FilteringFunctions/arm_fir_interpolate_q15.c ****          * Increment the coefficient pointer by interpolation factor times. */
 261:Drivers/CMSIS/DSP/Source/FilteringFunctions/arm_fir_interpolate_q15.c ****         ptr2 += S->L;
 523              		.loc 1 261 9 is_stmt 1 view .LVU180
 262:Drivers/CMSIS/DSP/Source/FilteringFunctions/arm_fir_interpolate_q15.c **** 
 263:Drivers/CMSIS/DSP/Source/FilteringFunctions/arm_fir_interpolate_q15.c ****         /* Read the input sample */
 264:Drivers/CMSIS/DSP/Source/FilteringFunctions/arm_fir_interpolate_q15.c ****         x0 = *(ptr1++);
 524              		.loc 1 264 9 view .LVU181
 525              		.loc 1 264 12 is_stmt 0 view .LVU182
 526 024e B1F90080 		ldrsh	r8, [r1]
 527              	.LVL83:
 265:Drivers/CMSIS/DSP/Source/FilteringFunctions/arm_fir_interpolate_q15.c **** 
 266:Drivers/CMSIS/DSP/Source/FilteringFunctions/arm_fir_interpolate_q15.c ****         /* Perform the multiply-accumulate */
 267:Drivers/CMSIS/DSP/Source/FilteringFunctions/arm_fir_interpolate_q15.c ****         sum0 += (q63_t) x0 *c0;
 528              		.loc 1 267 9 is_stmt 1 view .LVU183
 529              		.loc 1 267 17 is_stmt 0 view .LVU184
 530 0252 4FEAE872 		asr	r2, r8, #31
 531              		.loc 1 267 28 view .LVU185
 532 0256 4FEAEE79 		asr	r9, lr, #31
 533 025a 0EFB02F2 		mul	r2, lr, r2
 534 025e 08FB0922 		mla	r2, r8, r9, r2
 535 0262 AEFB088E 		umull	r8, lr, lr, r8
 536              	.LVL84:
 537              		.loc 1 267 28 view .LVU186
 538 0266 9644     		add	lr, lr, r2
 539              		.loc 1 267 14 view .LVU187
 540 0268 18EB0000 		adds	r0, r8, r0
 541              	.LVL85:
 542              		.loc 1 267 14 view .LVU188
 543 026c 4EEB0404 		adc	r4, lr, r4
 544              	.LVL86:
 268:Drivers/CMSIS/DSP/Source/FilteringFunctions/arm_fir_interpolate_q15.c **** 
 269:Drivers/CMSIS/DSP/Source/FilteringFunctions/arm_fir_interpolate_q15.c ****         /* Read the coefficient */
 270:Drivers/CMSIS/DSP/Source/FilteringFunctions/arm_fir_interpolate_q15.c ****         c0 = *(ptr2);
 545              		.loc 1 270 9 is_stmt 1 view .LVU189
 546              		.loc 1 270 12 is_stmt 0 view .LVU190
 547 0270 35F916E0 		ldrsh	lr, [r5, r6, lsl #1]
 548              	.LVL87:
ARM GAS  /var/folders/n6/c271nzx11xl4r4_m7sqjlt0m0000gn/T//ccLUUvVH.s 			page 16


 271:Drivers/CMSIS/DSP/Source/FilteringFunctions/arm_fir_interpolate_q15.c **** 
 272:Drivers/CMSIS/DSP/Source/FilteringFunctions/arm_fir_interpolate_q15.c ****         /* Increment the coefficient pointer by interpolation factor times. */
 273:Drivers/CMSIS/DSP/Source/FilteringFunctions/arm_fir_interpolate_q15.c ****         ptr2 += S->L;
 549              		.loc 1 273 9 is_stmt 1 view .LVU191
 550              		.loc 1 273 14 is_stmt 0 view .LVU192
 551 0274 05EB8609 		add	r9, r5, r6, lsl #2
 552              	.LVL88:
 274:Drivers/CMSIS/DSP/Source/FilteringFunctions/arm_fir_interpolate_q15.c **** 
 275:Drivers/CMSIS/DSP/Source/FilteringFunctions/arm_fir_interpolate_q15.c ****         /* Read the input sample */
 276:Drivers/CMSIS/DSP/Source/FilteringFunctions/arm_fir_interpolate_q15.c ****         x0 = *(ptr1++);
 553              		.loc 1 276 9 is_stmt 1 view .LVU193
 554              		.loc 1 276 12 is_stmt 0 view .LVU194
 555 0278 B1F90220 		ldrsh	r2, [r1, #2]
 556              	.LVL89:
 277:Drivers/CMSIS/DSP/Source/FilteringFunctions/arm_fir_interpolate_q15.c **** 
 278:Drivers/CMSIS/DSP/Source/FilteringFunctions/arm_fir_interpolate_q15.c ****         /* Perform the multiply-accumulate */
 279:Drivers/CMSIS/DSP/Source/FilteringFunctions/arm_fir_interpolate_q15.c ****         sum0 += (q63_t) x0 *c0;
 557              		.loc 1 279 9 is_stmt 1 view .LVU195
 558              		.loc 1 279 17 is_stmt 0 view .LVU196
 559 027c 4FEAE278 		asr	r8, r2, #31
 560              		.loc 1 279 28 view .LVU197
 561 0280 4FEAEE7A 		asr	r10, lr, #31
 562 0284 0EFB08F8 		mul	r8, lr, r8
 563 0288 02FB0A88 		mla	r8, r2, r10, r8
 564 028c AEFB022E 		umull	r2, lr, lr, r2
 565              	.LVL90:
 566              		.loc 1 279 28 view .LVU198
 567 0290 C644     		add	lr, lr, r8
 568              		.loc 1 279 14 view .LVU199
 569 0292 1218     		adds	r2, r2, r0
 570 0294 4EEB040E 		adc	lr, lr, r4
 571              	.LVL91:
 280:Drivers/CMSIS/DSP/Source/FilteringFunctions/arm_fir_interpolate_q15.c **** 
 281:Drivers/CMSIS/DSP/Source/FilteringFunctions/arm_fir_interpolate_q15.c ****         /* Read the coefficient */
 282:Drivers/CMSIS/DSP/Source/FilteringFunctions/arm_fir_interpolate_q15.c ****         c0 = *(ptr2);
 572              		.loc 1 282 9 is_stmt 1 view .LVU200
 573              		.loc 1 282 12 is_stmt 0 view .LVU201
 574 0298 35F92640 		ldrsh	r4, [r5, r6, lsl #2]
 575              	.LVL92:
 283:Drivers/CMSIS/DSP/Source/FilteringFunctions/arm_fir_interpolate_q15.c **** 
 284:Drivers/CMSIS/DSP/Source/FilteringFunctions/arm_fir_interpolate_q15.c ****         /* Increment the coefficient pointer by interpolation factor times. */
 285:Drivers/CMSIS/DSP/Source/FilteringFunctions/arm_fir_interpolate_q15.c ****         ptr2 += S->L;
 576              		.loc 1 285 9 is_stmt 1 view .LVU202
 286:Drivers/CMSIS/DSP/Source/FilteringFunctions/arm_fir_interpolate_q15.c **** 
 287:Drivers/CMSIS/DSP/Source/FilteringFunctions/arm_fir_interpolate_q15.c ****         /* Read the input sample */
 288:Drivers/CMSIS/DSP/Source/FilteringFunctions/arm_fir_interpolate_q15.c ****         x0 = *(ptr1++);
 577              		.loc 1 288 9 view .LVU203
 578              		.loc 1 288 12 is_stmt 0 view .LVU204
 579 029c B1F90450 		ldrsh	r5, [r1, #4]
 580              	.LVL93:
 289:Drivers/CMSIS/DSP/Source/FilteringFunctions/arm_fir_interpolate_q15.c **** 
 290:Drivers/CMSIS/DSP/Source/FilteringFunctions/arm_fir_interpolate_q15.c ****         /* Perform the multiply-accumulate */
 291:Drivers/CMSIS/DSP/Source/FilteringFunctions/arm_fir_interpolate_q15.c ****         sum0 += (q63_t) x0 *c0;
 581              		.loc 1 291 9 is_stmt 1 view .LVU205
 582              		.loc 1 291 17 is_stmt 0 view .LVU206
 583 02a0 E817     		asrs	r0, r5, #31
 584              		.loc 1 291 28 view .LVU207
ARM GAS  /var/folders/n6/c271nzx11xl4r4_m7sqjlt0m0000gn/T//ccLUUvVH.s 			page 17


 585 02a2 4FEAE478 		asr	r8, r4, #31
 586 02a6 04FB00F0 		mul	r0, r4, r0
 587 02aa 05FB0800 		mla	r0, r5, r8, r0
 588 02ae A4FB0554 		umull	r5, r4, r4, r5
 589              	.LVL94:
 590              		.loc 1 291 28 view .LVU208
 591 02b2 0444     		add	r4, r4, r0
 592              		.loc 1 291 14 view .LVU209
 593 02b4 15EB0208 		adds	r8, r5, r2
 594 02b8 44EB0E0E 		adc	lr, r4, lr
 595              	.LVL95:
 292:Drivers/CMSIS/DSP/Source/FilteringFunctions/arm_fir_interpolate_q15.c **** 
 293:Drivers/CMSIS/DSP/Source/FilteringFunctions/arm_fir_interpolate_q15.c ****         /* Read the coefficient */
 294:Drivers/CMSIS/DSP/Source/FilteringFunctions/arm_fir_interpolate_q15.c ****         c0 = *(ptr2);
 596              		.loc 1 294 9 is_stmt 1 view .LVU210
 597              		.loc 1 294 12 is_stmt 0 view .LVU211
 598 02bc 39F91600 		ldrsh	r0, [r9, r6, lsl #1]
 599              	.LVL96:
 295:Drivers/CMSIS/DSP/Source/FilteringFunctions/arm_fir_interpolate_q15.c **** 
 296:Drivers/CMSIS/DSP/Source/FilteringFunctions/arm_fir_interpolate_q15.c ****         /* Increment the coefficient pointer by interpolation factor times. */
 297:Drivers/CMSIS/DSP/Source/FilteringFunctions/arm_fir_interpolate_q15.c ****         ptr2 += S->L;
 600              		.loc 1 297 9 is_stmt 1 view .LVU212
 601              		.loc 1 297 14 is_stmt 0 view .LVU213
 602 02c0 09EB8605 		add	r5, r9, r6, lsl #2
 603              	.LVL97:
 298:Drivers/CMSIS/DSP/Source/FilteringFunctions/arm_fir_interpolate_q15.c **** 
 299:Drivers/CMSIS/DSP/Source/FilteringFunctions/arm_fir_interpolate_q15.c ****         /* Read the input sample */
 300:Drivers/CMSIS/DSP/Source/FilteringFunctions/arm_fir_interpolate_q15.c ****         x0 = *(ptr1++);
 604              		.loc 1 300 9 is_stmt 1 view .LVU214
 605              		.loc 1 300 12 is_stmt 0 view .LVU215
 606 02c4 B1F90620 		ldrsh	r2, [r1, #6]
 607              	.LVL98:
 301:Drivers/CMSIS/DSP/Source/FilteringFunctions/arm_fir_interpolate_q15.c **** 
 302:Drivers/CMSIS/DSP/Source/FilteringFunctions/arm_fir_interpolate_q15.c ****         /* Perform the multiply-accumulate */
 303:Drivers/CMSIS/DSP/Source/FilteringFunctions/arm_fir_interpolate_q15.c ****         sum0 += (q63_t) x0 *c0;
 608              		.loc 1 303 9 is_stmt 1 view .LVU216
 609              		.loc 1 303 17 is_stmt 0 view .LVU217
 610 02c8 D417     		asrs	r4, r2, #31
 611              		.loc 1 303 28 view .LVU218
 612 02ca 4FEAE079 		asr	r9, r0, #31
 613 02ce 00FB04F4 		mul	r4, r0, r4
 614 02d2 02FB0949 		mla	r9, r2, r9, r4
 615 02d6 A0FB0224 		umull	r2, r4, r0, r2
 616              	.LVL99:
 617              		.loc 1 303 28 view .LVU219
 618 02da 4C44     		add	r4, r4, r9
 619              		.loc 1 303 14 view .LVU220
 620 02dc 12EB0800 		adds	r0, r2, r8
 621              	.LVL100:
 622              		.loc 1 303 14 view .LVU221
 623 02e0 44EB0E04 		adc	r4, r4, lr
 624              	.LVL101:
 304:Drivers/CMSIS/DSP/Source/FilteringFunctions/arm_fir_interpolate_q15.c **** 
 305:Drivers/CMSIS/DSP/Source/FilteringFunctions/arm_fir_interpolate_q15.c ****         /* Decrement the loop counter */
 306:Drivers/CMSIS/DSP/Source/FilteringFunctions/arm_fir_interpolate_q15.c ****         tapCnt--;
 625              		.loc 1 306 9 is_stmt 1 view .LVU222
 626              		.loc 1 306 15 is_stmt 0 view .LVU223
ARM GAS  /var/folders/n6/c271nzx11xl4r4_m7sqjlt0m0000gn/T//ccLUUvVH.s 			page 18


 627 02e4 013B     		subs	r3, r3, #1
 628              	.LVL102:
 300:Drivers/CMSIS/DSP/Source/FilteringFunctions/arm_fir_interpolate_q15.c **** 
 629              		.loc 1 300 20 view .LVU224
 630 02e6 0831     		adds	r1, r1, #8
 631              	.LVL103:
 632              	.L12:
 252:Drivers/CMSIS/DSP/Source/FilteringFunctions/arm_fir_interpolate_q15.c ****       {
 633              		.loc 1 252 21 is_stmt 1 view .LVU225
 634 02e8 002B     		cmp	r3, #0
 635 02ea AED1     		bne	.L13
 307:Drivers/CMSIS/DSP/Source/FilteringFunctions/arm_fir_interpolate_q15.c ****       }
 308:Drivers/CMSIS/DSP/Source/FilteringFunctions/arm_fir_interpolate_q15.c **** 
 309:Drivers/CMSIS/DSP/Source/FilteringFunctions/arm_fir_interpolate_q15.c ****       /* If the polyPhase length is not a multiple of 4, compute the remaining filter taps */
 310:Drivers/CMSIS/DSP/Source/FilteringFunctions/arm_fir_interpolate_q15.c ****       tapCnt = phaseLen & 0x3U;
 636              		.loc 1 310 14 is_stmt 0 view .LVU226
 637 02ec DDF81490 		ldr	r9, [sp, #20]
 638              		.loc 1 310 7 is_stmt 1 view .LVU227
 639              		.loc 1 310 14 is_stmt 0 view .LVU228
 640 02f0 09F00303 		and	r3, r9, #3
 641              	.LVL104:
 311:Drivers/CMSIS/DSP/Source/FilteringFunctions/arm_fir_interpolate_q15.c **** 
 312:Drivers/CMSIS/DSP/Source/FilteringFunctions/arm_fir_interpolate_q15.c ****       while (tapCnt > 0U)
 642              		.loc 1 312 7 is_stmt 1 view .LVU229
 643              		.loc 1 312 13 is_stmt 0 view .LVU230
 644 02f4 15E0     		b	.L14
 645              	.L15:
 313:Drivers/CMSIS/DSP/Source/FilteringFunctions/arm_fir_interpolate_q15.c ****       {
 314:Drivers/CMSIS/DSP/Source/FilteringFunctions/arm_fir_interpolate_q15.c ****         /* Read the coefficient */
 315:Drivers/CMSIS/DSP/Source/FilteringFunctions/arm_fir_interpolate_q15.c ****         c0 = *(ptr2);
 646              		.loc 1 315 9 is_stmt 1 view .LVU231
 647              		.loc 1 315 12 is_stmt 0 view .LVU232
 648 02f6 B5F90020 		ldrsh	r2, [r5]
 649              	.LVL105:
 316:Drivers/CMSIS/DSP/Source/FilteringFunctions/arm_fir_interpolate_q15.c **** 
 317:Drivers/CMSIS/DSP/Source/FilteringFunctions/arm_fir_interpolate_q15.c ****         /* Increment the coefficient pointer by interpolation factor times. */
 318:Drivers/CMSIS/DSP/Source/FilteringFunctions/arm_fir_interpolate_q15.c ****         ptr2 += S->L;
 650              		.loc 1 318 9 is_stmt 1 view .LVU233
 651              		.loc 1 318 14 is_stmt 0 view .LVU234
 652 02fa 05EB4605 		add	r5, r5, r6, lsl #1
 653              	.LVL106:
 319:Drivers/CMSIS/DSP/Source/FilteringFunctions/arm_fir_interpolate_q15.c **** 
 320:Drivers/CMSIS/DSP/Source/FilteringFunctions/arm_fir_interpolate_q15.c ****         /* Read the input sample */
 321:Drivers/CMSIS/DSP/Source/FilteringFunctions/arm_fir_interpolate_q15.c ****         x0 = *(ptr1++);
 654              		.loc 1 321 9 is_stmt 1 view .LVU235
 655              		.loc 1 321 12 is_stmt 0 view .LVU236
 656 02fe 31F9028B 		ldrsh	r8, [r1], #2
 657              	.LVL107:
 322:Drivers/CMSIS/DSP/Source/FilteringFunctions/arm_fir_interpolate_q15.c **** 
 323:Drivers/CMSIS/DSP/Source/FilteringFunctions/arm_fir_interpolate_q15.c ****         /* Perform the multiply-accumulate */
 324:Drivers/CMSIS/DSP/Source/FilteringFunctions/arm_fir_interpolate_q15.c ****         sum0 += (q63_t) x0 *c0;
 658              		.loc 1 324 9 is_stmt 1 view .LVU237
 659              		.loc 1 324 17 is_stmt 0 view .LVU238
 660 0302 4FEAE87E 		asr	lr, r8, #31
 661              		.loc 1 324 28 view .LVU239
 662 0306 4FEAE27A 		asr	r10, r2, #31
 663 030a 02FB0EFE 		mul	lr, r2, lr
ARM GAS  /var/folders/n6/c271nzx11xl4r4_m7sqjlt0m0000gn/T//ccLUUvVH.s 			page 19


 664 030e 08FB0AEE 		mla	lr, r8, r10, lr
 665 0312 A2FB0828 		umull	r2, r8, r2, r8
 666              	.LVL108:
 667              		.loc 1 324 28 view .LVU240
 668 0316 C644     		add	lr, lr, r8
 669              		.loc 1 324 14 view .LVU241
 670 0318 1218     		adds	r2, r2, r0
 671 031a 1046     		mov	r0, r2
 672              	.LVL109:
 673              		.loc 1 324 14 view .LVU242
 674 031c 4EEB0404 		adc	r4, lr, r4
 675              	.LVL110:
 325:Drivers/CMSIS/DSP/Source/FilteringFunctions/arm_fir_interpolate_q15.c **** 
 326:Drivers/CMSIS/DSP/Source/FilteringFunctions/arm_fir_interpolate_q15.c ****         /* Decrement the loop counter */
 327:Drivers/CMSIS/DSP/Source/FilteringFunctions/arm_fir_interpolate_q15.c ****         tapCnt--;
 676              		.loc 1 327 9 is_stmt 1 view .LVU243
 677              		.loc 1 327 15 is_stmt 0 view .LVU244
 678 0320 013B     		subs	r3, r3, #1
 679              	.LVL111:
 680              	.L14:
 312:Drivers/CMSIS/DSP/Source/FilteringFunctions/arm_fir_interpolate_q15.c ****       {
 681              		.loc 1 312 21 is_stmt 1 view .LVU245
 682 0322 002B     		cmp	r3, #0
 683 0324 E7D1     		bne	.L15
 328:Drivers/CMSIS/DSP/Source/FilteringFunctions/arm_fir_interpolate_q15.c ****       }
 329:Drivers/CMSIS/DSP/Source/FilteringFunctions/arm_fir_interpolate_q15.c **** 
 330:Drivers/CMSIS/DSP/Source/FilteringFunctions/arm_fir_interpolate_q15.c ****       /* The result is in the accumulator, store in the destination buffer. */
 331:Drivers/CMSIS/DSP/Source/FilteringFunctions/arm_fir_interpolate_q15.c ****       *pDst++ = (q15_t) (__SSAT((sum0 >> 15), 16));
 684              		.loc 1 331 7 view .LVU246
 685              	.LBB5:
 686              		.loc 1 331 26 view .LVU247
 687 0326 C00B     		lsrs	r0, r0, #15
 688              	.LVL112:
 689              		.loc 1 331 26 is_stmt 0 view .LVU248
 690 0328 40EA4440 		orr	r0, r0, r4, lsl #17
 691              	.LVL113:
 692              		.loc 1 331 26 is_stmt 1 view .LVU249
 693              		.syntax unified
 694              	@ 331 "Drivers/CMSIS/DSP/Source/FilteringFunctions/arm_fir_interpolate_q15.c" 1
 695 032c 00F30F00 		ssat r0, #16, r0
 696              	@ 0 "" 2
 697              	.LVL114:
 698              		.loc 1 331 26 view .LVU250
 699              		.thumb
 700              		.syntax unified
 701              	.LBE5:
 702              		.loc 1 331 12 is_stmt 0 view .LVU251
 703 0330 3A46     		mov	r2, r7
 704              	.LVL115:
 705              		.loc 1 331 15 view .LVU252
 706 0332 22F8020B 		strh	r0, [r2], #2	@ movhi
 707              	.LVL116:
 332:Drivers/CMSIS/DSP/Source/FilteringFunctions/arm_fir_interpolate_q15.c **** 
 333:Drivers/CMSIS/DSP/Source/FilteringFunctions/arm_fir_interpolate_q15.c ****       j++;
 708              		.loc 1 333 7 is_stmt 1 view .LVU253
 709              		.loc 1 333 8 is_stmt 0 view .LVU254
 710 0336 029B     		ldr	r3, [sp, #8]
ARM GAS  /var/folders/n6/c271nzx11xl4r4_m7sqjlt0m0000gn/T//ccLUUvVH.s 			page 20


 711              	.LVL117:
 712              		.loc 1 333 8 view .LVU255
 713 0338 0133     		adds	r3, r3, #1
 714 033a 0293     		str	r3, [sp, #8]
 715              	.LVL118:
 334:Drivers/CMSIS/DSP/Source/FilteringFunctions/arm_fir_interpolate_q15.c **** 
 335:Drivers/CMSIS/DSP/Source/FilteringFunctions/arm_fir_interpolate_q15.c ****       /* Decrement the loop counter */
 336:Drivers/CMSIS/DSP/Source/FilteringFunctions/arm_fir_interpolate_q15.c ****       i--;
 716              		.loc 1 336 7 is_stmt 1 view .LVU256
 717              		.loc 1 336 8 is_stmt 0 view .LVU257
 718 033c 019B     		ldr	r3, [sp, #4]
 719              	.LVL119:
 720              		.loc 1 336 8 view .LVU258
 721 033e 013B     		subs	r3, r3, #1
 722 0340 0193     		str	r3, [sp, #4]
 723              	.LVL120:
 331:Drivers/CMSIS/DSP/Source/FilteringFunctions/arm_fir_interpolate_q15.c **** 
 724              		.loc 1 331 12 view .LVU259
 725 0342 1746     		mov	r7, r2
 726              	.LVL121:
 727              	.L11:
 238:Drivers/CMSIS/DSP/Source/FilteringFunctions/arm_fir_interpolate_q15.c ****     {
 728              		.loc 1 238 14 is_stmt 1 view .LVU260
 729 0344 019B     		ldr	r3, [sp, #4]
 730 0346 73B1     		cbz	r3, .L25
 241:Drivers/CMSIS/DSP/Source/FilteringFunctions/arm_fir_interpolate_q15.c **** 
 731              		.loc 1 241 7 view .LVU261
 732              	.LVL122:
 244:Drivers/CMSIS/DSP/Source/FilteringFunctions/arm_fir_interpolate_q15.c **** 
 733              		.loc 1 244 7 view .LVU262
 247:Drivers/CMSIS/DSP/Source/FilteringFunctions/arm_fir_interpolate_q15.c **** 
 734              		.loc 1 247 7 view .LVU263
 247:Drivers/CMSIS/DSP/Source/FilteringFunctions/arm_fir_interpolate_q15.c **** 
 735              		.loc 1 247 26 is_stmt 0 view .LVU264
 736 0348 9BF80060 		ldrb	r6, [fp]	@ zero_extendqisi2
 247:Drivers/CMSIS/DSP/Source/FilteringFunctions/arm_fir_interpolate_q15.c **** 
 737              		.loc 1 247 30 view .LVU265
 738 034c 029B     		ldr	r3, [sp, #8]
 739 034e F51A     		subs	r5, r6, r3
 247:Drivers/CMSIS/DSP/Source/FilteringFunctions/arm_fir_interpolate_q15.c **** 
 740              		.loc 1 247 12 view .LVU266
 741 0350 069B     		ldr	r3, [sp, #24]
 742 0352 03EB4505 		add	r5, r3, r5, lsl #1
 743              	.LVL123:
 251:Drivers/CMSIS/DSP/Source/FilteringFunctions/arm_fir_interpolate_q15.c ****       while (tapCnt > 0U)
 744              		.loc 1 251 7 is_stmt 1 view .LVU267
 251:Drivers/CMSIS/DSP/Source/FilteringFunctions/arm_fir_interpolate_q15.c ****       while (tapCnt > 0U)
 745              		.loc 1 251 25 is_stmt 0 view .LVU268
 746 0356 4FEA9903 		lsr	r3, r9, #2
 747              	.LVL124:
 252:Drivers/CMSIS/DSP/Source/FilteringFunctions/arm_fir_interpolate_q15.c ****       {
 748              		.loc 1 252 7 is_stmt 1 view .LVU269
 244:Drivers/CMSIS/DSP/Source/FilteringFunctions/arm_fir_interpolate_q15.c **** 
 749              		.loc 1 244 12 is_stmt 0 view .LVU270
 750 035a 0399     		ldr	r1, [sp, #12]
 241:Drivers/CMSIS/DSP/Source/FilteringFunctions/arm_fir_interpolate_q15.c **** 
 751              		.loc 1 241 12 view .LVU271
ARM GAS  /var/folders/n6/c271nzx11xl4r4_m7sqjlt0m0000gn/T//ccLUUvVH.s 			page 21


 752 035c 0020     		movs	r0, #0
 753 035e 0446     		mov	r4, r0
 754 0360 CDF81490 		str	r9, [sp, #20]
 252:Drivers/CMSIS/DSP/Source/FilteringFunctions/arm_fir_interpolate_q15.c ****       {
 755              		.loc 1 252 13 view .LVU272
 756 0364 C0E7     		b	.L12
 757              	.LVL125:
 758              	.L25:
 337:Drivers/CMSIS/DSP/Source/FilteringFunctions/arm_fir_interpolate_q15.c ****     }
 338:Drivers/CMSIS/DSP/Source/FilteringFunctions/arm_fir_interpolate_q15.c **** 
 339:Drivers/CMSIS/DSP/Source/FilteringFunctions/arm_fir_interpolate_q15.c ****     /* Advance the state pointer by 1
 340:Drivers/CMSIS/DSP/Source/FilteringFunctions/arm_fir_interpolate_q15.c ****      * to process the next group of interpolation factor number samples */
 341:Drivers/CMSIS/DSP/Source/FilteringFunctions/arm_fir_interpolate_q15.c ****     pState = pState + 1;
 759              		.loc 1 341 21 view .LVU273
 760 0366 079A     		ldr	r2, [sp, #28]
 761 0368 0899     		ldr	r1, [sp, #32]
 762 036a 6446     		mov	r4, ip
 763 036c 3B46     		mov	r3, r7
 764              	.LVL126:
 765              		.loc 1 341 5 is_stmt 1 view .LVU274
 766              		.loc 1 341 21 is_stmt 0 view .LVU275
 767 036e 0398     		ldr	r0, [sp, #12]
 768 0370 0230     		adds	r0, r0, #2
 769 0372 0390     		str	r0, [sp, #12]
 770              	.LVL127:
 342:Drivers/CMSIS/DSP/Source/FilteringFunctions/arm_fir_interpolate_q15.c **** 
 343:Drivers/CMSIS/DSP/Source/FilteringFunctions/arm_fir_interpolate_q15.c ****     /* Decrement the loop counter */
 344:Drivers/CMSIS/DSP/Source/FilteringFunctions/arm_fir_interpolate_q15.c ****     blkCnt--;
 771              		.loc 1 344 5 is_stmt 1 view .LVU276
 772              		.loc 1 344 11 is_stmt 0 view .LVU277
 773 0374 0139     		subs	r1, r1, #1
 774              	.LVL128:
 775              	.L10:
 228:Drivers/CMSIS/DSP/Source/FilteringFunctions/arm_fir_interpolate_q15.c ****   {
 776              		.loc 1 228 17 is_stmt 1 view .LVU278
 777 0376 81B1     		cbz	r1, .L26
 231:Drivers/CMSIS/DSP/Source/FilteringFunctions/arm_fir_interpolate_q15.c **** 
 778              		.loc 1 231 5 view .LVU279
 779              	.LVL129:
 231:Drivers/CMSIS/DSP/Source/FilteringFunctions/arm_fir_interpolate_q15.c **** 
 780              		.loc 1 231 22 is_stmt 0 view .LVU280
 781 0378 34F9020B 		ldrsh	r0, [r4], #2
 782              	.LVL130:
 231:Drivers/CMSIS/DSP/Source/FilteringFunctions/arm_fir_interpolate_q15.c **** 
 783              		.loc 1 231 20 view .LVU281
 784 037c 22F8020B 		strh	r0, [r2], #2	@ movhi
 785              	.LVL131:
 234:Drivers/CMSIS/DSP/Source/FilteringFunctions/arm_fir_interpolate_q15.c **** 
 786              		.loc 1 234 5 is_stmt 1 view .LVU282
 237:Drivers/CMSIS/DSP/Source/FilteringFunctions/arm_fir_interpolate_q15.c ****     while (i > 0U)
 787              		.loc 1 237 5 view .LVU283
 237:Drivers/CMSIS/DSP/Source/FilteringFunctions/arm_fir_interpolate_q15.c ****     while (i > 0U)
 788              		.loc 1 237 10 is_stmt 0 view .LVU284
 789 0380 9BF80080 		ldrb	r8, [fp]	@ zero_extendqisi2
 790              	.LVL132:
 238:Drivers/CMSIS/DSP/Source/FilteringFunctions/arm_fir_interpolate_q15.c ****     {
 791              		.loc 1 238 5 is_stmt 1 view .LVU285
ARM GAS  /var/folders/n6/c271nzx11xl4r4_m7sqjlt0m0000gn/T//ccLUUvVH.s 			page 22


 234:Drivers/CMSIS/DSP/Source/FilteringFunctions/arm_fir_interpolate_q15.c **** 
 792              		.loc 1 234 7 is_stmt 0 view .LVU286
 793 0384 4FF0010A 		mov	r10, #1
 794 0388 0792     		str	r2, [sp, #28]
 795 038a CDF80480 		str	r8, [sp, #4]
 796 038e 0891     		str	r1, [sp, #32]
 797 0390 CDF808A0 		str	r10, [sp, #8]
 798 0394 A446     		mov	ip, r4
 799 0396 1F46     		mov	r7, r3
 238:Drivers/CMSIS/DSP/Source/FilteringFunctions/arm_fir_interpolate_q15.c ****     {
 800              		.loc 1 238 11 view .LVU287
 801 0398 D4E7     		b	.L11
 802              	.LVL133:
 803              	.L26:
 345:Drivers/CMSIS/DSP/Source/FilteringFunctions/arm_fir_interpolate_q15.c ****   }
 346:Drivers/CMSIS/DSP/Source/FilteringFunctions/arm_fir_interpolate_q15.c **** 
 347:Drivers/CMSIS/DSP/Source/FilteringFunctions/arm_fir_interpolate_q15.c **** 
 348:Drivers/CMSIS/DSP/Source/FilteringFunctions/arm_fir_interpolate_q15.c ****   /* Processing is complete.
 349:Drivers/CMSIS/DSP/Source/FilteringFunctions/arm_fir_interpolate_q15.c ****    ** Now copy the last phaseLen - 1 samples to the satrt of the state buffer.
 350:Drivers/CMSIS/DSP/Source/FilteringFunctions/arm_fir_interpolate_q15.c ****    ** This prepares the state buffer for the next function call. */
 351:Drivers/CMSIS/DSP/Source/FilteringFunctions/arm_fir_interpolate_q15.c **** 
 352:Drivers/CMSIS/DSP/Source/FilteringFunctions/arm_fir_interpolate_q15.c ****   /* Points to the start of the state buffer */
 353:Drivers/CMSIS/DSP/Source/FilteringFunctions/arm_fir_interpolate_q15.c ****   pStateCurnt = S->pState;
 804              		.loc 1 353 3 is_stmt 1 view .LVU288
 805              		.loc 1 353 18 is_stmt 0 view .LVU289
 806 039a 049B     		ldr	r3, [sp, #16]
 807              	.LVL134:
 808              		.loc 1 353 18 view .LVU290
 809 039c 9A68     		ldr	r2, [r3, #8]
 810              	.LVL135:
 354:Drivers/CMSIS/DSP/Source/FilteringFunctions/arm_fir_interpolate_q15.c **** 
 355:Drivers/CMSIS/DSP/Source/FilteringFunctions/arm_fir_interpolate_q15.c ****   i = ((uint32_t) phaseLen - 1U) >> 2U;
 811              		.loc 1 355 3 is_stmt 1 view .LVU291
 812              		.loc 1 355 28 is_stmt 0 view .LVU292
 813 039e 09F1FF33 		add	r3, r9, #-1
 814              		.loc 1 355 5 view .LVU293
 815 03a2 9C08     		lsrs	r4, r3, #2
 816              	.LVL136:
 356:Drivers/CMSIS/DSP/Source/FilteringFunctions/arm_fir_interpolate_q15.c **** 
 357:Drivers/CMSIS/DSP/Source/FilteringFunctions/arm_fir_interpolate_q15.c ****   /* copy data */
 358:Drivers/CMSIS/DSP/Source/FilteringFunctions/arm_fir_interpolate_q15.c ****   while (i > 0U)
 817              		.loc 1 358 3 is_stmt 1 view .LVU294
 818 03a4 039D     		ldr	r5, [sp, #12]
 819              		.loc 1 358 9 is_stmt 0 view .LVU295
 820 03a6 0AE0     		b	.L18
 821              	.LVL137:
 822              	.L19:
 359:Drivers/CMSIS/DSP/Source/FilteringFunctions/arm_fir_interpolate_q15.c ****   {
 360:Drivers/CMSIS/DSP/Source/FilteringFunctions/arm_fir_interpolate_q15.c **** #ifndef UNALIGNED_SUPPORT_DISABLE
 361:Drivers/CMSIS/DSP/Source/FilteringFunctions/arm_fir_interpolate_q15.c **** 
 362:Drivers/CMSIS/DSP/Source/FilteringFunctions/arm_fir_interpolate_q15.c ****     *__SIMD32(pStateCurnt)++ = *__SIMD32(pState)++;
 823              		.loc 1 362 5 is_stmt 1 view .LVU296
 824              		.loc 1 362 32 is_stmt 0 view .LVU297
 825 03a8 2946     		mov	r1, r5
 826 03aa 51F8086B 		ldr	r6, [r1], #8
 827              		.loc 1 362 30 view .LVU298
 828 03ae 1046     		mov	r0, r2
ARM GAS  /var/folders/n6/c271nzx11xl4r4_m7sqjlt0m0000gn/T//ccLUUvVH.s 			page 23


 829 03b0 40F8086B 		str	r6, [r0], #8
 363:Drivers/CMSIS/DSP/Source/FilteringFunctions/arm_fir_interpolate_q15.c ****     *__SIMD32(pStateCurnt)++ = *__SIMD32(pState)++;
 830              		.loc 1 363 5 is_stmt 1 view .LVU299
 831              	.LVL138:
 832              		.loc 1 363 32 is_stmt 0 view .LVU300
 833 03b4 6D68     		ldr	r5, [r5, #4]
 834              		.loc 1 363 30 view .LVU301
 835 03b6 5560     		str	r5, [r2, #4]
 364:Drivers/CMSIS/DSP/Source/FilteringFunctions/arm_fir_interpolate_q15.c **** 
 365:Drivers/CMSIS/DSP/Source/FilteringFunctions/arm_fir_interpolate_q15.c **** #else
 366:Drivers/CMSIS/DSP/Source/FilteringFunctions/arm_fir_interpolate_q15.c **** 
 367:Drivers/CMSIS/DSP/Source/FilteringFunctions/arm_fir_interpolate_q15.c ****     *pStateCurnt++ = *pState++;
 368:Drivers/CMSIS/DSP/Source/FilteringFunctions/arm_fir_interpolate_q15.c **** 	*pStateCurnt++ = *pState++;
 369:Drivers/CMSIS/DSP/Source/FilteringFunctions/arm_fir_interpolate_q15.c **** 	*pStateCurnt++ = *pState++;
 370:Drivers/CMSIS/DSP/Source/FilteringFunctions/arm_fir_interpolate_q15.c **** 	*pStateCurnt++ = *pState++;
 371:Drivers/CMSIS/DSP/Source/FilteringFunctions/arm_fir_interpolate_q15.c **** 
 372:Drivers/CMSIS/DSP/Source/FilteringFunctions/arm_fir_interpolate_q15.c **** #endif	/*	#ifndef UNALIGNED_SUPPORT_DISABLE	*/
 373:Drivers/CMSIS/DSP/Source/FilteringFunctions/arm_fir_interpolate_q15.c **** 
 374:Drivers/CMSIS/DSP/Source/FilteringFunctions/arm_fir_interpolate_q15.c **** 	/* Decrement the loop counter */
 375:Drivers/CMSIS/DSP/Source/FilteringFunctions/arm_fir_interpolate_q15.c ****     i--;
 836              		.loc 1 375 5 is_stmt 1 view .LVU302
 837              		.loc 1 375 6 is_stmt 0 view .LVU303
 838 03b8 013C     		subs	r4, r4, #1
 839              	.LVL139:
 363:Drivers/CMSIS/DSP/Source/FilteringFunctions/arm_fir_interpolate_q15.c ****     *__SIMD32(pStateCurnt)++ = *__SIMD32(pState)++;
 840              		.loc 1 363 27 view .LVU304
 841 03ba 0246     		mov	r2, r0
 363:Drivers/CMSIS/DSP/Source/FilteringFunctions/arm_fir_interpolate_q15.c ****     *__SIMD32(pStateCurnt)++ = *__SIMD32(pState)++;
 842              		.loc 1 363 49 view .LVU305
 843 03bc 0D46     		mov	r5, r1
 844              	.LVL140:
 845              	.L18:
 358:Drivers/CMSIS/DSP/Source/FilteringFunctions/arm_fir_interpolate_q15.c ****   {
 846              		.loc 1 358 12 is_stmt 1 view .LVU306
 847 03be 002C     		cmp	r4, #0
 848 03c0 F2D1     		bne	.L19
 376:Drivers/CMSIS/DSP/Source/FilteringFunctions/arm_fir_interpolate_q15.c ****   }
 377:Drivers/CMSIS/DSP/Source/FilteringFunctions/arm_fir_interpolate_q15.c **** 
 378:Drivers/CMSIS/DSP/Source/FilteringFunctions/arm_fir_interpolate_q15.c ****   i = ((uint32_t) phaseLen - 1U) % 0x04U;
 849              		.loc 1 378 5 is_stmt 0 view .LVU307
 850 03c2 2946     		mov	r1, r5
 851              		.loc 1 378 3 is_stmt 1 view .LVU308
 852              		.loc 1 378 5 is_stmt 0 view .LVU309
 853 03c4 03F00303 		and	r3, r3, #3
 854              	.LVL141:
 379:Drivers/CMSIS/DSP/Source/FilteringFunctions/arm_fir_interpolate_q15.c **** 
 380:Drivers/CMSIS/DSP/Source/FilteringFunctions/arm_fir_interpolate_q15.c ****   while (i > 0U)
 855              		.loc 1 380 3 is_stmt 1 view .LVU310
 856              		.loc 1 380 9 is_stmt 0 view .LVU311
 857 03c8 04E0     		b	.L20
 858              	.LVL142:
 859              	.L21:
 381:Drivers/CMSIS/DSP/Source/FilteringFunctions/arm_fir_interpolate_q15.c ****   {
 382:Drivers/CMSIS/DSP/Source/FilteringFunctions/arm_fir_interpolate_q15.c ****     *pStateCurnt++ = *pState++;
 860              		.loc 1 382 5 is_stmt 1 view .LVU312
 861              		.loc 1 382 22 is_stmt 0 view .LVU313
 862 03ca 31F9020B 		ldrsh	r0, [r1], #2
ARM GAS  /var/folders/n6/c271nzx11xl4r4_m7sqjlt0m0000gn/T//ccLUUvVH.s 			page 24


 863              	.LVL143:
 864              		.loc 1 382 20 view .LVU314
 865 03ce 22F8020B 		strh	r0, [r2], #2	@ movhi
 866              	.LVL144:
 383:Drivers/CMSIS/DSP/Source/FilteringFunctions/arm_fir_interpolate_q15.c **** 
 384:Drivers/CMSIS/DSP/Source/FilteringFunctions/arm_fir_interpolate_q15.c ****     /* Decrement the loop counter */
 385:Drivers/CMSIS/DSP/Source/FilteringFunctions/arm_fir_interpolate_q15.c ****     i--;
 867              		.loc 1 385 5 is_stmt 1 view .LVU315
 868              		.loc 1 385 6 is_stmt 0 view .LVU316
 869 03d2 013B     		subs	r3, r3, #1
 870              	.LVL145:
 871              	.L20:
 380:Drivers/CMSIS/DSP/Source/FilteringFunctions/arm_fir_interpolate_q15.c ****   {
 872              		.loc 1 380 12 is_stmt 1 view .LVU317
 873 03d4 002B     		cmp	r3, #0
 874 03d6 F8D1     		bne	.L21
 386:Drivers/CMSIS/DSP/Source/FilteringFunctions/arm_fir_interpolate_q15.c ****   }
 387:Drivers/CMSIS/DSP/Source/FilteringFunctions/arm_fir_interpolate_q15.c **** }
 875              		.loc 1 387 1 is_stmt 0 view .LVU318
 876 03d8 0DB0     		add	sp, sp, #52
 877              		.cfi_def_cfa_offset 36
 878              		@ sp needed
 879 03da BDE8F08F 		pop	{r4, r5, r6, r7, r8, r9, r10, fp, pc}
 880              		.loc 1 387 1 view .LVU319
 881              		.cfi_endproc
 882              	.LFE135:
 884              		.text
 885              	.Letext0:
 886              		.file 2 "/Users/killian/Library/Application Support/Code/User/globalStorage/bmd.stm32-for-vscode/@
 887              		.file 3 "/Users/killian/Library/Application Support/Code/User/globalStorage/bmd.stm32-for-vscode/@
 888              		.file 4 "Drivers/CMSIS/DSP/Include/arm_math.h"
ARM GAS  /var/folders/n6/c271nzx11xl4r4_m7sqjlt0m0000gn/T//ccLUUvVH.s 			page 25


DEFINED SYMBOLS
                            *ABS*:00000000 arm_fir_interpolate_q15.c
/var/folders/n6/c271nzx11xl4r4_m7sqjlt0m0000gn/T//ccLUUvVH.s:20     .text.arm_fir_interpolate_q15:00000000 $t
/var/folders/n6/c271nzx11xl4r4_m7sqjlt0m0000gn/T//ccLUUvVH.s:26     .text.arm_fir_interpolate_q15:00000000 arm_fir_interpolate_q15

NO UNDEFINED SYMBOLS
