ARM GAS  /var/folders/n6/c271nzx11xl4r4_m7sqjlt0m0000gn/T//ccJaYinU.s 			page 1


   1              		.cpu cortex-m7
   2              		.arch armv7e-m
   3              		.fpu fpv5-d16
   4              		.eabi_attribute 28, 1
   5              		.eabi_attribute 20, 1
   6              		.eabi_attribute 21, 1
   7              		.eabi_attribute 23, 3
   8              		.eabi_attribute 24, 1
   9              		.eabi_attribute 25, 1
  10              		.eabi_attribute 26, 1
  11              		.eabi_attribute 30, 1
  12              		.eabi_attribute 34, 1
  13              		.eabi_attribute 18, 4
  14              		.file	"arm_copy_f32.c"
  15              		.text
  16              	.Ltext0:
  17              		.cfi_sections	.debug_frame
  18              		.file 1 "Drivers/CMSIS/DSP/Source/SupportFunctions/arm_copy_f32.c"
  19              		.section	.text.arm_copy_f32,"ax",%progbits
  20              		.align	1
  21              		.global	arm_copy_f32
  22              		.syntax unified
  23              		.thumb
  24              		.thumb_func
  26              	arm_copy_f32:
  27              	.LVL0:
  28              	.LFB135:
   1:Drivers/CMSIS/DSP/Source/SupportFunctions/arm_copy_f32.c **** /* ----------------------------------------------------------------------
   2:Drivers/CMSIS/DSP/Source/SupportFunctions/arm_copy_f32.c ****  * Project:      CMSIS DSP Library
   3:Drivers/CMSIS/DSP/Source/SupportFunctions/arm_copy_f32.c ****  * Title:        arm_copy_f32.c
   4:Drivers/CMSIS/DSP/Source/SupportFunctions/arm_copy_f32.c ****  * Description:  Copies the elements of a floating-point vector
   5:Drivers/CMSIS/DSP/Source/SupportFunctions/arm_copy_f32.c ****  *
   6:Drivers/CMSIS/DSP/Source/SupportFunctions/arm_copy_f32.c ****  * $Date:        27. January 2017
   7:Drivers/CMSIS/DSP/Source/SupportFunctions/arm_copy_f32.c ****  * $Revision:    V.1.5.1
   8:Drivers/CMSIS/DSP/Source/SupportFunctions/arm_copy_f32.c ****  *
   9:Drivers/CMSIS/DSP/Source/SupportFunctions/arm_copy_f32.c ****  * Target Processor: Cortex-M cores
  10:Drivers/CMSIS/DSP/Source/SupportFunctions/arm_copy_f32.c ****  * -------------------------------------------------------------------- */
  11:Drivers/CMSIS/DSP/Source/SupportFunctions/arm_copy_f32.c **** /*
  12:Drivers/CMSIS/DSP/Source/SupportFunctions/arm_copy_f32.c ****  * Copyright (C) 2010-2017 ARM Limited or its affiliates. All rights reserved.
  13:Drivers/CMSIS/DSP/Source/SupportFunctions/arm_copy_f32.c ****  *
  14:Drivers/CMSIS/DSP/Source/SupportFunctions/arm_copy_f32.c ****  * SPDX-License-Identifier: Apache-2.0
  15:Drivers/CMSIS/DSP/Source/SupportFunctions/arm_copy_f32.c ****  *
  16:Drivers/CMSIS/DSP/Source/SupportFunctions/arm_copy_f32.c ****  * Licensed under the Apache License, Version 2.0 (the License); you may
  17:Drivers/CMSIS/DSP/Source/SupportFunctions/arm_copy_f32.c ****  * not use this file except in compliance with the License.
  18:Drivers/CMSIS/DSP/Source/SupportFunctions/arm_copy_f32.c ****  * You may obtain a copy of the License at
  19:Drivers/CMSIS/DSP/Source/SupportFunctions/arm_copy_f32.c ****  *
  20:Drivers/CMSIS/DSP/Source/SupportFunctions/arm_copy_f32.c ****  * www.apache.org/licenses/LICENSE-2.0
  21:Drivers/CMSIS/DSP/Source/SupportFunctions/arm_copy_f32.c ****  *
  22:Drivers/CMSIS/DSP/Source/SupportFunctions/arm_copy_f32.c ****  * Unless required by applicable law or agreed to in writing, software
  23:Drivers/CMSIS/DSP/Source/SupportFunctions/arm_copy_f32.c ****  * distributed under the License is distributed on an AS IS BASIS, WITHOUT
  24:Drivers/CMSIS/DSP/Source/SupportFunctions/arm_copy_f32.c ****  * WARRANTIES OR CONDITIONS OF ANY KIND, either express or implied.
  25:Drivers/CMSIS/DSP/Source/SupportFunctions/arm_copy_f32.c ****  * See the License for the specific language governing permissions and
  26:Drivers/CMSIS/DSP/Source/SupportFunctions/arm_copy_f32.c ****  * limitations under the License.
  27:Drivers/CMSIS/DSP/Source/SupportFunctions/arm_copy_f32.c ****  */
  28:Drivers/CMSIS/DSP/Source/SupportFunctions/arm_copy_f32.c **** 
  29:Drivers/CMSIS/DSP/Source/SupportFunctions/arm_copy_f32.c **** #include "arm_math.h"
  30:Drivers/CMSIS/DSP/Source/SupportFunctions/arm_copy_f32.c **** 
ARM GAS  /var/folders/n6/c271nzx11xl4r4_m7sqjlt0m0000gn/T//ccJaYinU.s 			page 2


  31:Drivers/CMSIS/DSP/Source/SupportFunctions/arm_copy_f32.c **** /**
  32:Drivers/CMSIS/DSP/Source/SupportFunctions/arm_copy_f32.c ****  * @ingroup groupSupport
  33:Drivers/CMSIS/DSP/Source/SupportFunctions/arm_copy_f32.c ****  */
  34:Drivers/CMSIS/DSP/Source/SupportFunctions/arm_copy_f32.c **** 
  35:Drivers/CMSIS/DSP/Source/SupportFunctions/arm_copy_f32.c **** /**
  36:Drivers/CMSIS/DSP/Source/SupportFunctions/arm_copy_f32.c ****  * @defgroup copy Vector Copy
  37:Drivers/CMSIS/DSP/Source/SupportFunctions/arm_copy_f32.c ****  *
  38:Drivers/CMSIS/DSP/Source/SupportFunctions/arm_copy_f32.c ****  * Copies sample by sample from source vector to destination vector.
  39:Drivers/CMSIS/DSP/Source/SupportFunctions/arm_copy_f32.c ****  *
  40:Drivers/CMSIS/DSP/Source/SupportFunctions/arm_copy_f32.c ****  * <pre>
  41:Drivers/CMSIS/DSP/Source/SupportFunctions/arm_copy_f32.c ****  * 	pDst[n] = pSrc[n];   0 <= n < blockSize.
  42:Drivers/CMSIS/DSP/Source/SupportFunctions/arm_copy_f32.c ****  * </pre>
  43:Drivers/CMSIS/DSP/Source/SupportFunctions/arm_copy_f32.c ****  *
  44:Drivers/CMSIS/DSP/Source/SupportFunctions/arm_copy_f32.c ****  * There are separate functions for floating point, Q31, Q15, and Q7 data types.
  45:Drivers/CMSIS/DSP/Source/SupportFunctions/arm_copy_f32.c ****  */
  46:Drivers/CMSIS/DSP/Source/SupportFunctions/arm_copy_f32.c **** 
  47:Drivers/CMSIS/DSP/Source/SupportFunctions/arm_copy_f32.c **** /**
  48:Drivers/CMSIS/DSP/Source/SupportFunctions/arm_copy_f32.c ****  * @addtogroup copy
  49:Drivers/CMSIS/DSP/Source/SupportFunctions/arm_copy_f32.c ****  * @{
  50:Drivers/CMSIS/DSP/Source/SupportFunctions/arm_copy_f32.c ****  */
  51:Drivers/CMSIS/DSP/Source/SupportFunctions/arm_copy_f32.c **** 
  52:Drivers/CMSIS/DSP/Source/SupportFunctions/arm_copy_f32.c **** /**
  53:Drivers/CMSIS/DSP/Source/SupportFunctions/arm_copy_f32.c ****  * @brief Copies the elements of a floating-point vector.
  54:Drivers/CMSIS/DSP/Source/SupportFunctions/arm_copy_f32.c ****  * @param[in]       *pSrc points to input vector
  55:Drivers/CMSIS/DSP/Source/SupportFunctions/arm_copy_f32.c ****  * @param[out]      *pDst points to output vector
  56:Drivers/CMSIS/DSP/Source/SupportFunctions/arm_copy_f32.c ****  * @param[in]       blockSize length of the input vector
  57:Drivers/CMSIS/DSP/Source/SupportFunctions/arm_copy_f32.c ****  * @return none.
  58:Drivers/CMSIS/DSP/Source/SupportFunctions/arm_copy_f32.c ****  *
  59:Drivers/CMSIS/DSP/Source/SupportFunctions/arm_copy_f32.c ****  */
  60:Drivers/CMSIS/DSP/Source/SupportFunctions/arm_copy_f32.c **** 
  61:Drivers/CMSIS/DSP/Source/SupportFunctions/arm_copy_f32.c **** 
  62:Drivers/CMSIS/DSP/Source/SupportFunctions/arm_copy_f32.c **** void arm_copy_f32(
  63:Drivers/CMSIS/DSP/Source/SupportFunctions/arm_copy_f32.c ****   float32_t * pSrc,
  64:Drivers/CMSIS/DSP/Source/SupportFunctions/arm_copy_f32.c ****   float32_t * pDst,
  65:Drivers/CMSIS/DSP/Source/SupportFunctions/arm_copy_f32.c ****   uint32_t blockSize)
  66:Drivers/CMSIS/DSP/Source/SupportFunctions/arm_copy_f32.c **** {
  29              		.loc 1 66 1 view -0
  30              		.cfi_startproc
  31              		@ args = 0, pretend = 0, frame = 0
  32              		@ frame_needed = 0, uses_anonymous_args = 0
  67:Drivers/CMSIS/DSP/Source/SupportFunctions/arm_copy_f32.c ****   uint32_t blkCnt;                               /* loop counter */
  33              		.loc 1 67 3 view .LVU1
  68:Drivers/CMSIS/DSP/Source/SupportFunctions/arm_copy_f32.c **** 
  69:Drivers/CMSIS/DSP/Source/SupportFunctions/arm_copy_f32.c **** #if defined (ARM_MATH_DSP)
  70:Drivers/CMSIS/DSP/Source/SupportFunctions/arm_copy_f32.c **** 
  71:Drivers/CMSIS/DSP/Source/SupportFunctions/arm_copy_f32.c ****   /* Run the below code for Cortex-M4 and Cortex-M3 */
  72:Drivers/CMSIS/DSP/Source/SupportFunctions/arm_copy_f32.c ****   float32_t in1, in2, in3, in4;
  34              		.loc 1 72 3 view .LVU2
  73:Drivers/CMSIS/DSP/Source/SupportFunctions/arm_copy_f32.c **** 
  74:Drivers/CMSIS/DSP/Source/SupportFunctions/arm_copy_f32.c ****   /*loop Unrolling */
  75:Drivers/CMSIS/DSP/Source/SupportFunctions/arm_copy_f32.c ****   blkCnt = blockSize >> 2U;
  35              		.loc 1 75 3 view .LVU3
  36              		.loc 1 75 10 is_stmt 0 view .LVU4
  37 0000 9308     		lsrs	r3, r2, #2
  38              	.LVL1:
  76:Drivers/CMSIS/DSP/Source/SupportFunctions/arm_copy_f32.c **** 
  77:Drivers/CMSIS/DSP/Source/SupportFunctions/arm_copy_f32.c ****   /* First part of the processing with loop unrolling.  Compute 4 outputs at a time.
ARM GAS  /var/folders/n6/c271nzx11xl4r4_m7sqjlt0m0000gn/T//ccJaYinU.s 			page 3


  78:Drivers/CMSIS/DSP/Source/SupportFunctions/arm_copy_f32.c ****    ** a second loop below computes the remaining 1 to 3 samples. */
  79:Drivers/CMSIS/DSP/Source/SupportFunctions/arm_copy_f32.c ****   while (blkCnt > 0U)
  39              		.loc 1 79 3 is_stmt 1 view .LVU5
  40              		.loc 1 79 17 view .LVU6
  41 0002 0BB3     		cbz	r3, .L12
  66:Drivers/CMSIS/DSP/Source/SupportFunctions/arm_copy_f32.c ****   uint32_t blkCnt;                               /* loop counter */
  42              		.loc 1 66 1 is_stmt 0 view .LVU7
  43 0004 00B5     		push	{lr}
  44              		.cfi_def_cfa_offset 4
  45              		.cfi_offset 14, -4
  46              	.L3:
  80:Drivers/CMSIS/DSP/Source/SupportFunctions/arm_copy_f32.c ****   {
  81:Drivers/CMSIS/DSP/Source/SupportFunctions/arm_copy_f32.c ****     /* C = A */
  82:Drivers/CMSIS/DSP/Source/SupportFunctions/arm_copy_f32.c ****     /* Copy and then store the results in the destination buffer */
  83:Drivers/CMSIS/DSP/Source/SupportFunctions/arm_copy_f32.c ****     in1 = *pSrc++;
  47              		.loc 1 83 5 is_stmt 1 view .LVU8
  48              	.LVL2:
  49              		.loc 1 83 9 is_stmt 0 view .LVU9
  50 0006 90ED007A 		vldr.32	s14, [r0]
  51              	.LVL3:
  84:Drivers/CMSIS/DSP/Source/SupportFunctions/arm_copy_f32.c ****     in2 = *pSrc++;
  52              		.loc 1 84 5 is_stmt 1 view .LVU10
  53              		.loc 1 84 9 is_stmt 0 view .LVU11
  54 000a D0ED017A 		vldr.32	s15, [r0, #4]
  55              	.LVL4:
  85:Drivers/CMSIS/DSP/Source/SupportFunctions/arm_copy_f32.c ****     in3 = *pSrc++;
  56              		.loc 1 85 5 is_stmt 1 view .LVU12
  57              		.loc 1 85 9 is_stmt 0 view .LVU13
  58 000e D0F808E0 		ldr	lr, [r0, #8]	@ float
  59              	.LVL5:
  86:Drivers/CMSIS/DSP/Source/SupportFunctions/arm_copy_f32.c ****     in4 = *pSrc++;
  60              		.loc 1 86 5 is_stmt 1 view .LVU14
  61              		.loc 1 86 9 is_stmt 0 view .LVU15
  62 0012 D0F80CC0 		ldr	ip, [r0, #12]	@ float
  63              	.LVL6:
  87:Drivers/CMSIS/DSP/Source/SupportFunctions/arm_copy_f32.c **** 
  88:Drivers/CMSIS/DSP/Source/SupportFunctions/arm_copy_f32.c ****     *pDst++ = in1;
  64              		.loc 1 88 5 is_stmt 1 view .LVU16
  65              		.loc 1 88 13 is_stmt 0 view .LVU17
  66 0016 81ED007A 		vstr.32	s14, [r1]
  89:Drivers/CMSIS/DSP/Source/SupportFunctions/arm_copy_f32.c ****     *pDst++ = in2;
  67              		.loc 1 89 5 is_stmt 1 view .LVU18
  68              	.LVL7:
  69              		.loc 1 89 13 is_stmt 0 view .LVU19
  70 001a C1ED017A 		vstr.32	s15, [r1, #4]
  90:Drivers/CMSIS/DSP/Source/SupportFunctions/arm_copy_f32.c ****     *pDst++ = in3;
  71              		.loc 1 90 5 is_stmt 1 view .LVU20
  72              	.LVL8:
  73              		.loc 1 90 13 is_stmt 0 view .LVU21
  74 001e C1F808E0 		str	lr, [r1, #8]	@ float
  91:Drivers/CMSIS/DSP/Source/SupportFunctions/arm_copy_f32.c ****     *pDst++ = in4;
  75              		.loc 1 91 5 is_stmt 1 view .LVU22
  76              	.LVL9:
  77              		.loc 1 91 13 is_stmt 0 view .LVU23
  78 0022 C1F80CC0 		str	ip, [r1, #12]	@ float
  92:Drivers/CMSIS/DSP/Source/SupportFunctions/arm_copy_f32.c **** 
  93:Drivers/CMSIS/DSP/Source/SupportFunctions/arm_copy_f32.c ****     /* Decrement the loop counter */
ARM GAS  /var/folders/n6/c271nzx11xl4r4_m7sqjlt0m0000gn/T//ccJaYinU.s 			page 4


  94:Drivers/CMSIS/DSP/Source/SupportFunctions/arm_copy_f32.c ****     blkCnt--;
  79              		.loc 1 94 5 is_stmt 1 view .LVU24
  80              		.loc 1 94 11 is_stmt 0 view .LVU25
  81 0026 013B     		subs	r3, r3, #1
  82              	.LVL10:
  91:Drivers/CMSIS/DSP/Source/SupportFunctions/arm_copy_f32.c ****     *pDst++ = in4;
  83              		.loc 1 91 10 view .LVU26
  84 0028 1031     		adds	r1, r1, #16
  85              	.LVL11:
  86:Drivers/CMSIS/DSP/Source/SupportFunctions/arm_copy_f32.c **** 
  86              		.loc 1 86 16 view .LVU27
  87 002a 1030     		adds	r0, r0, #16
  88              	.LVL12:
  79:Drivers/CMSIS/DSP/Source/SupportFunctions/arm_copy_f32.c ****   {
  89              		.loc 1 79 17 is_stmt 1 view .LVU28
  90 002c 002B     		cmp	r3, #0
  91 002e EAD1     		bne	.L3
  95:Drivers/CMSIS/DSP/Source/SupportFunctions/arm_copy_f32.c ****   }
  96:Drivers/CMSIS/DSP/Source/SupportFunctions/arm_copy_f32.c **** 
  97:Drivers/CMSIS/DSP/Source/SupportFunctions/arm_copy_f32.c ****   /* If the blockSize is not a multiple of 4, compute any remaining output samples here.
  98:Drivers/CMSIS/DSP/Source/SupportFunctions/arm_copy_f32.c ****    ** No loop unrolling is used. */
  99:Drivers/CMSIS/DSP/Source/SupportFunctions/arm_copy_f32.c ****   blkCnt = blockSize % 0x4U;
  92              		.loc 1 99 3 view .LVU29
  93              		.loc 1 99 10 is_stmt 0 view .LVU30
  94 0030 02F00302 		and	r2, r2, #3
  95              	.LVL13:
 100:Drivers/CMSIS/DSP/Source/SupportFunctions/arm_copy_f32.c **** 
 101:Drivers/CMSIS/DSP/Source/SupportFunctions/arm_copy_f32.c **** #else
 102:Drivers/CMSIS/DSP/Source/SupportFunctions/arm_copy_f32.c **** 
 103:Drivers/CMSIS/DSP/Source/SupportFunctions/arm_copy_f32.c ****   /* Run the below code for Cortex-M0 */
 104:Drivers/CMSIS/DSP/Source/SupportFunctions/arm_copy_f32.c **** 
 105:Drivers/CMSIS/DSP/Source/SupportFunctions/arm_copy_f32.c ****   /* Loop over blockSize number of values */
 106:Drivers/CMSIS/DSP/Source/SupportFunctions/arm_copy_f32.c ****   blkCnt = blockSize;
 107:Drivers/CMSIS/DSP/Source/SupportFunctions/arm_copy_f32.c **** 
 108:Drivers/CMSIS/DSP/Source/SupportFunctions/arm_copy_f32.c **** #endif /* #if defined (ARM_MATH_DSP) */
 109:Drivers/CMSIS/DSP/Source/SupportFunctions/arm_copy_f32.c **** 
 110:Drivers/CMSIS/DSP/Source/SupportFunctions/arm_copy_f32.c ****   while (blkCnt > 0U)
  96              		.loc 1 110 3 is_stmt 1 view .LVU31
  97              		.loc 1 110 9 is_stmt 0 view .LVU32
  98 0034 04E0     		b	.L4
  99              	.L5:
 111:Drivers/CMSIS/DSP/Source/SupportFunctions/arm_copy_f32.c ****   {
 112:Drivers/CMSIS/DSP/Source/SupportFunctions/arm_copy_f32.c ****     /* C = A */
 113:Drivers/CMSIS/DSP/Source/SupportFunctions/arm_copy_f32.c ****     /* Copy and then store the results in the destination buffer */
 114:Drivers/CMSIS/DSP/Source/SupportFunctions/arm_copy_f32.c ****     *pDst++ = *pSrc++;
 100              		.loc 1 114 5 is_stmt 1 view .LVU33
 101              	.LVL14:
 102              		.loc 1 114 15 is_stmt 0 view .LVU34
 103 0036 50F8043B 		ldr	r3, [r0], #4	@ float
 104              	.LVL15:
 105              		.loc 1 114 13 view .LVU35
 106 003a 41F8043B 		str	r3, [r1], #4	@ float
 107              	.LVL16:
 115:Drivers/CMSIS/DSP/Source/SupportFunctions/arm_copy_f32.c **** 
 116:Drivers/CMSIS/DSP/Source/SupportFunctions/arm_copy_f32.c ****     /* Decrement the loop counter */
 117:Drivers/CMSIS/DSP/Source/SupportFunctions/arm_copy_f32.c ****     blkCnt--;
 108              		.loc 1 117 5 is_stmt 1 view .LVU36
ARM GAS  /var/folders/n6/c271nzx11xl4r4_m7sqjlt0m0000gn/T//ccJaYinU.s 			page 5


 109              		.loc 1 117 11 is_stmt 0 view .LVU37
 110 003e 013A     		subs	r2, r2, #1
 111              	.LVL17:
 112              	.L4:
 110:Drivers/CMSIS/DSP/Source/SupportFunctions/arm_copy_f32.c ****   {
 113              		.loc 1 110 17 is_stmt 1 view .LVU38
 114 0040 002A     		cmp	r2, #0
 115 0042 F8D1     		bne	.L5
 118:Drivers/CMSIS/DSP/Source/SupportFunctions/arm_copy_f32.c ****   }
 119:Drivers/CMSIS/DSP/Source/SupportFunctions/arm_copy_f32.c **** }
 116              		.loc 1 119 1 is_stmt 0 view .LVU39
 117 0044 5DF804FB 		ldr	pc, [sp], #4
 118              	.LVL18:
 119              	.L12:
 120              		.cfi_def_cfa_offset 0
 121              		.cfi_restore 14
  99:Drivers/CMSIS/DSP/Source/SupportFunctions/arm_copy_f32.c **** 
 122              		.loc 1 99 3 is_stmt 1 view .LVU40
  99:Drivers/CMSIS/DSP/Source/SupportFunctions/arm_copy_f32.c **** 
 123              		.loc 1 99 10 is_stmt 0 view .LVU41
 124 0048 02F00302 		and	r2, r2, #3
 125              	.LVL19:
 110:Drivers/CMSIS/DSP/Source/SupportFunctions/arm_copy_f32.c ****   {
 126              		.loc 1 110 3 is_stmt 1 view .LVU42
 127 004c 04E0     		b	.L9
 128              	.L10:
 114:Drivers/CMSIS/DSP/Source/SupportFunctions/arm_copy_f32.c **** 
 129              		.loc 1 114 5 view .LVU43
 130              	.LVL20:
 114:Drivers/CMSIS/DSP/Source/SupportFunctions/arm_copy_f32.c **** 
 131              		.loc 1 114 15 is_stmt 0 view .LVU44
 132 004e 50F8043B 		ldr	r3, [r0], #4	@ float
 133              	.LVL21:
 114:Drivers/CMSIS/DSP/Source/SupportFunctions/arm_copy_f32.c **** 
 134              		.loc 1 114 13 view .LVU45
 135 0052 41F8043B 		str	r3, [r1], #4	@ float
 136              	.LVL22:
 117:Drivers/CMSIS/DSP/Source/SupportFunctions/arm_copy_f32.c ****   }
 137              		.loc 1 117 5 is_stmt 1 view .LVU46
 117:Drivers/CMSIS/DSP/Source/SupportFunctions/arm_copy_f32.c ****   }
 138              		.loc 1 117 11 is_stmt 0 view .LVU47
 139 0056 013A     		subs	r2, r2, #1
 140              	.LVL23:
 141              	.L9:
 110:Drivers/CMSIS/DSP/Source/SupportFunctions/arm_copy_f32.c ****   {
 142              		.loc 1 110 17 is_stmt 1 view .LVU48
 143 0058 002A     		cmp	r2, #0
 144 005a F8D1     		bne	.L10
 110:Drivers/CMSIS/DSP/Source/SupportFunctions/arm_copy_f32.c ****   {
 145              		.loc 1 110 17 is_stmt 0 view .LVU49
 146 005c 7047     		bx	lr
 147              		.cfi_endproc
 148              	.LFE135:
 150              		.text
 151              	.Letext0:
 152              		.file 2 "/Users/killian/Library/Application Support/Code/User/globalStorage/bmd.stm32-for-vscode/@
 153              		.file 3 "/Users/killian/Library/Application Support/Code/User/globalStorage/bmd.stm32-for-vscode/@
ARM GAS  /var/folders/n6/c271nzx11xl4r4_m7sqjlt0m0000gn/T//ccJaYinU.s 			page 6


 154              		.file 4 "Drivers/CMSIS/DSP/Include/arm_math.h"
ARM GAS  /var/folders/n6/c271nzx11xl4r4_m7sqjlt0m0000gn/T//ccJaYinU.s 			page 7


DEFINED SYMBOLS
                            *ABS*:00000000 arm_copy_f32.c
/var/folders/n6/c271nzx11xl4r4_m7sqjlt0m0000gn/T//ccJaYinU.s:20     .text.arm_copy_f32:00000000 $t
/var/folders/n6/c271nzx11xl4r4_m7sqjlt0m0000gn/T//ccJaYinU.s:26     .text.arm_copy_f32:00000000 arm_copy_f32

NO UNDEFINED SYMBOLS
