ARM GAS  /var/folders/n6/c271nzx11xl4r4_m7sqjlt0m0000gn/T//ccKlxhvG.s 			page 1


   1              		.cpu cortex-m7
   2              		.arch armv7e-m
   3              		.fpu fpv5-d16
   4              		.eabi_attribute 28, 1
   5              		.eabi_attribute 20, 1
   6              		.eabi_attribute 21, 1
   7              		.eabi_attribute 23, 3
   8              		.eabi_attribute 24, 1
   9              		.eabi_attribute 25, 1
  10              		.eabi_attribute 26, 1
  11              		.eabi_attribute 30, 1
  12              		.eabi_attribute 34, 1
  13              		.eabi_attribute 18, 4
  14              		.file	"arm_cos_q15.c"
  15              		.text
  16              	.Ltext0:
  17              		.cfi_sections	.debug_frame
  18              		.file 1 "Drivers/CMSIS/DSP/Source/FastMathFunctions/arm_cos_q15.c"
  19              		.section	.text.arm_cos_q15,"ax",%progbits
  20              		.align	1
  21              		.global	arm_cos_q15
  22              		.syntax unified
  23              		.thumb
  24              		.thumb_func
  26              	arm_cos_q15:
  27              	.LVL0:
  28              	.LFB135:
   1:Drivers/CMSIS/DSP/Source/FastMathFunctions/arm_cos_q15.c **** /* ----------------------------------------------------------------------
   2:Drivers/CMSIS/DSP/Source/FastMathFunctions/arm_cos_q15.c ****  * Project:      CMSIS DSP Library
   3:Drivers/CMSIS/DSP/Source/FastMathFunctions/arm_cos_q15.c ****  * Title:        arm_cos_q15.c
   4:Drivers/CMSIS/DSP/Source/FastMathFunctions/arm_cos_q15.c ****  * Description:  Fast cosine calculation for Q15 values
   5:Drivers/CMSIS/DSP/Source/FastMathFunctions/arm_cos_q15.c ****  *
   6:Drivers/CMSIS/DSP/Source/FastMathFunctions/arm_cos_q15.c ****  * $Date:        27. January 2017
   7:Drivers/CMSIS/DSP/Source/FastMathFunctions/arm_cos_q15.c ****  * $Revision:    V.1.5.1
   8:Drivers/CMSIS/DSP/Source/FastMathFunctions/arm_cos_q15.c ****  *
   9:Drivers/CMSIS/DSP/Source/FastMathFunctions/arm_cos_q15.c ****  * Target Processor: Cortex-M cores
  10:Drivers/CMSIS/DSP/Source/FastMathFunctions/arm_cos_q15.c ****  * -------------------------------------------------------------------- */
  11:Drivers/CMSIS/DSP/Source/FastMathFunctions/arm_cos_q15.c **** /*
  12:Drivers/CMSIS/DSP/Source/FastMathFunctions/arm_cos_q15.c ****  * Copyright (C) 2010-2017 ARM Limited or its affiliates. All rights reserved.
  13:Drivers/CMSIS/DSP/Source/FastMathFunctions/arm_cos_q15.c ****  *
  14:Drivers/CMSIS/DSP/Source/FastMathFunctions/arm_cos_q15.c ****  * SPDX-License-Identifier: Apache-2.0
  15:Drivers/CMSIS/DSP/Source/FastMathFunctions/arm_cos_q15.c ****  *
  16:Drivers/CMSIS/DSP/Source/FastMathFunctions/arm_cos_q15.c ****  * Licensed under the Apache License, Version 2.0 (the License); you may
  17:Drivers/CMSIS/DSP/Source/FastMathFunctions/arm_cos_q15.c ****  * not use this file except in compliance with the License.
  18:Drivers/CMSIS/DSP/Source/FastMathFunctions/arm_cos_q15.c ****  * You may obtain a copy of the License at
  19:Drivers/CMSIS/DSP/Source/FastMathFunctions/arm_cos_q15.c ****  *
  20:Drivers/CMSIS/DSP/Source/FastMathFunctions/arm_cos_q15.c ****  * www.apache.org/licenses/LICENSE-2.0
  21:Drivers/CMSIS/DSP/Source/FastMathFunctions/arm_cos_q15.c ****  *
  22:Drivers/CMSIS/DSP/Source/FastMathFunctions/arm_cos_q15.c ****  * Unless required by applicable law or agreed to in writing, software
  23:Drivers/CMSIS/DSP/Source/FastMathFunctions/arm_cos_q15.c ****  * distributed under the License is distributed on an AS IS BASIS, WITHOUT
  24:Drivers/CMSIS/DSP/Source/FastMathFunctions/arm_cos_q15.c ****  * WARRANTIES OR CONDITIONS OF ANY KIND, either express or implied.
  25:Drivers/CMSIS/DSP/Source/FastMathFunctions/arm_cos_q15.c ****  * See the License for the specific language governing permissions and
  26:Drivers/CMSIS/DSP/Source/FastMathFunctions/arm_cos_q15.c ****  * limitations under the License.
  27:Drivers/CMSIS/DSP/Source/FastMathFunctions/arm_cos_q15.c ****  */
  28:Drivers/CMSIS/DSP/Source/FastMathFunctions/arm_cos_q15.c **** 
  29:Drivers/CMSIS/DSP/Source/FastMathFunctions/arm_cos_q15.c **** #include "arm_math.h"
  30:Drivers/CMSIS/DSP/Source/FastMathFunctions/arm_cos_q15.c **** #include "arm_common_tables.h"
ARM GAS  /var/folders/n6/c271nzx11xl4r4_m7sqjlt0m0000gn/T//ccKlxhvG.s 			page 2


  31:Drivers/CMSIS/DSP/Source/FastMathFunctions/arm_cos_q15.c **** 
  32:Drivers/CMSIS/DSP/Source/FastMathFunctions/arm_cos_q15.c **** /**
  33:Drivers/CMSIS/DSP/Source/FastMathFunctions/arm_cos_q15.c ****  * @ingroup groupFastMath
  34:Drivers/CMSIS/DSP/Source/FastMathFunctions/arm_cos_q15.c ****  */
  35:Drivers/CMSIS/DSP/Source/FastMathFunctions/arm_cos_q15.c **** 
  36:Drivers/CMSIS/DSP/Source/FastMathFunctions/arm_cos_q15.c ****  /**
  37:Drivers/CMSIS/DSP/Source/FastMathFunctions/arm_cos_q15.c ****  * @addtogroup cos
  38:Drivers/CMSIS/DSP/Source/FastMathFunctions/arm_cos_q15.c ****  * @{
  39:Drivers/CMSIS/DSP/Source/FastMathFunctions/arm_cos_q15.c ****  */
  40:Drivers/CMSIS/DSP/Source/FastMathFunctions/arm_cos_q15.c **** 
  41:Drivers/CMSIS/DSP/Source/FastMathFunctions/arm_cos_q15.c **** /**
  42:Drivers/CMSIS/DSP/Source/FastMathFunctions/arm_cos_q15.c ****  * @brief Fast approximation to the trigonometric cosine function for Q15 data.
  43:Drivers/CMSIS/DSP/Source/FastMathFunctions/arm_cos_q15.c ****  * @param[in] x Scaled input value in radians.
  44:Drivers/CMSIS/DSP/Source/FastMathFunctions/arm_cos_q15.c ****  * @return  cos(x).
  45:Drivers/CMSIS/DSP/Source/FastMathFunctions/arm_cos_q15.c ****  *
  46:Drivers/CMSIS/DSP/Source/FastMathFunctions/arm_cos_q15.c ****  * The Q15 input value is in the range [0 +0.9999] and is mapped to a radian
  47:Drivers/CMSIS/DSP/Source/FastMathFunctions/arm_cos_q15.c ****  * value in the range [0 2*pi).
  48:Drivers/CMSIS/DSP/Source/FastMathFunctions/arm_cos_q15.c ****  */
  49:Drivers/CMSIS/DSP/Source/FastMathFunctions/arm_cos_q15.c **** 
  50:Drivers/CMSIS/DSP/Source/FastMathFunctions/arm_cos_q15.c **** q15_t arm_cos_q15(
  51:Drivers/CMSIS/DSP/Source/FastMathFunctions/arm_cos_q15.c ****   q15_t x)
  52:Drivers/CMSIS/DSP/Source/FastMathFunctions/arm_cos_q15.c **** {
  29              		.loc 1 52 1 view -0
  30              		.cfi_startproc
  31              		@ args = 0, pretend = 0, frame = 0
  32              		@ frame_needed = 0, uses_anonymous_args = 0
  33              		@ link register save eliminated.
  53:Drivers/CMSIS/DSP/Source/FastMathFunctions/arm_cos_q15.c ****   q15_t cosVal;                                  /* Temporary variables for input, output */
  34              		.loc 1 53 3 view .LVU1
  54:Drivers/CMSIS/DSP/Source/FastMathFunctions/arm_cos_q15.c ****   int32_t index;                                 /* Index variables */
  35              		.loc 1 54 3 view .LVU2
  55:Drivers/CMSIS/DSP/Source/FastMathFunctions/arm_cos_q15.c ****   q15_t a, b;                                    /* Four nearest output values */
  36              		.loc 1 55 3 view .LVU3
  56:Drivers/CMSIS/DSP/Source/FastMathFunctions/arm_cos_q15.c ****   q15_t fract;                                   /* Temporary values for fractional values */
  37              		.loc 1 56 3 view .LVU4
  57:Drivers/CMSIS/DSP/Source/FastMathFunctions/arm_cos_q15.c **** 
  58:Drivers/CMSIS/DSP/Source/FastMathFunctions/arm_cos_q15.c ****   /* add 0.25 (pi/2) to read sine table */
  59:Drivers/CMSIS/DSP/Source/FastMathFunctions/arm_cos_q15.c ****   x = (uint16_t)x + 0x2000;
  38              		.loc 1 59 3 view .LVU5
  39              		.loc 1 59 7 is_stmt 0 view .LVU6
  40 0000 80B2     		uxth	r0, r0
  41              		.loc 1 59 19 view .LVU7
  42 0002 00F50053 		add	r3, r0, #8192
  43              		.loc 1 59 5 view .LVU8
  44 0006 1BB2     		sxth	r3, r3
  45              	.LVL1:
  60:Drivers/CMSIS/DSP/Source/FastMathFunctions/arm_cos_q15.c ****   if (x < 0)
  46              		.loc 1 60 3 is_stmt 1 view .LVU9
  47              		.loc 1 60 6 is_stmt 0 view .LVU10
  48 0008 002B     		cmp	r3, #0
  49 000a 15DB     		blt	.L3
  50              	.L2:
  61:Drivers/CMSIS/DSP/Source/FastMathFunctions/arm_cos_q15.c ****   {   /* convert negative numbers to corresponding positive ones */
  62:Drivers/CMSIS/DSP/Source/FastMathFunctions/arm_cos_q15.c ****       x = (uint16_t)x + 0x8000;
  63:Drivers/CMSIS/DSP/Source/FastMathFunctions/arm_cos_q15.c ****   }
  64:Drivers/CMSIS/DSP/Source/FastMathFunctions/arm_cos_q15.c **** 
  65:Drivers/CMSIS/DSP/Source/FastMathFunctions/arm_cos_q15.c ****   /* Calculate the nearest index */
ARM GAS  /var/folders/n6/c271nzx11xl4r4_m7sqjlt0m0000gn/T//ccKlxhvG.s 			page 3


  66:Drivers/CMSIS/DSP/Source/FastMathFunctions/arm_cos_q15.c ****   index = (uint32_t)x >> FAST_MATH_Q15_SHIFT;
  51              		.loc 1 66 3 is_stmt 1 view .LVU11
  52              		.loc 1 66 23 is_stmt 0 view .LVU12
  53 000c 9A09     		lsrs	r2, r3, #6
  54              	.LVL2:
  67:Drivers/CMSIS/DSP/Source/FastMathFunctions/arm_cos_q15.c **** 
  68:Drivers/CMSIS/DSP/Source/FastMathFunctions/arm_cos_q15.c ****   /* Calculation of fractional value */
  69:Drivers/CMSIS/DSP/Source/FastMathFunctions/arm_cos_q15.c ****   fract = (x - (index << FAST_MATH_Q15_SHIFT)) << 9;
  55              		.loc 1 69 3 is_stmt 1 view .LVU13
  56              		.loc 1 69 9 is_stmt 0 view .LVU14
  57 000e 03F03F03 		and	r3, r3, #63
  58              	.LVL3:
  59              		.loc 1 69 9 view .LVU15
  60 0012 5B02     		lsls	r3, r3, #9
  61              	.LVL4:
  70:Drivers/CMSIS/DSP/Source/FastMathFunctions/arm_cos_q15.c **** 
  71:Drivers/CMSIS/DSP/Source/FastMathFunctions/arm_cos_q15.c ****   /* Read two nearest values of input value from the sin table */
  72:Drivers/CMSIS/DSP/Source/FastMathFunctions/arm_cos_q15.c ****   a = sinTable_q15[index];
  62              		.loc 1 72 3 is_stmt 1 view .LVU16
  63              		.loc 1 72 5 is_stmt 0 view .LVU17
  64 0014 0A49     		ldr	r1, .L4
  65 0016 31F91200 		ldrsh	r0, [r1, r2, lsl #1]
  66              	.LVL5:
  73:Drivers/CMSIS/DSP/Source/FastMathFunctions/arm_cos_q15.c ****   b = sinTable_q15[index+1];
  67              		.loc 1 73 3 is_stmt 1 view .LVU18
  68              		.loc 1 73 25 is_stmt 0 view .LVU19
  69 001a 0132     		adds	r2, r2, #1
  70              	.LVL6:
  71              		.loc 1 73 5 view .LVU20
  72 001c 31F91220 		ldrsh	r2, [r1, r2, lsl #1]
  73              	.LVL7:
  74:Drivers/CMSIS/DSP/Source/FastMathFunctions/arm_cos_q15.c **** 
  75:Drivers/CMSIS/DSP/Source/FastMathFunctions/arm_cos_q15.c ****   /* Linear interpolation process */
  76:Drivers/CMSIS/DSP/Source/FastMathFunctions/arm_cos_q15.c ****   cosVal = (q31_t)(0x8000-fract)*a >> 16;
  74              		.loc 1 76 3 is_stmt 1 view .LVU21
  75              		.loc 1 76 26 is_stmt 0 view .LVU22
  76 0020 C3F50041 		rsb	r1, r3, #32768
  77              		.loc 1 76 33 view .LVU23
  78 0024 01FB00F0 		mul	r0, r1, r0
  79              	.LVL8:
  77:Drivers/CMSIS/DSP/Source/FastMathFunctions/arm_cos_q15.c ****   cosVal = (q15_t)((((q31_t)cosVal << 16) + ((q31_t)fract*b)) >> 16);
  80              		.loc 1 77 3 is_stmt 1 view .LVU24
  81              		.loc 1 77 36 is_stmt 0 view .LVU25
  82 0028 6FF30F00 		bfc	r0, #0, #16
  83              	.LVL9:
  84              		.loc 1 77 43 view .LVU26
  85 002c 03FB0200 		mla	r0, r3, r2, r0
  86              		.loc 1 77 10 view .LVU27
  87 0030 0014     		asrs	r0, r0, #16
  88              	.LVL10:
  78:Drivers/CMSIS/DSP/Source/FastMathFunctions/arm_cos_q15.c **** 
  79:Drivers/CMSIS/DSP/Source/FastMathFunctions/arm_cos_q15.c ****   return cosVal << 1;
  89              		.loc 1 79 3 is_stmt 1 view .LVU28
  90              		.loc 1 79 17 is_stmt 0 view .LVU29
  91 0032 4000     		lsls	r0, r0, #1
  92              	.LVL11:
  80:Drivers/CMSIS/DSP/Source/FastMathFunctions/arm_cos_q15.c **** }
ARM GAS  /var/folders/n6/c271nzx11xl4r4_m7sqjlt0m0000gn/T//ccKlxhvG.s 			page 4


  93              		.loc 1 80 1 view .LVU30
  94 0034 00B2     		sxth	r0, r0
  95 0036 7047     		bx	lr
  96              	.LVL12:
  97              	.L3:
  62:Drivers/CMSIS/DSP/Source/FastMathFunctions/arm_cos_q15.c ****   }
  98              		.loc 1 62 7 is_stmt 1 view .LVU31
  62:Drivers/CMSIS/DSP/Source/FastMathFunctions/arm_cos_q15.c ****   }
  99              		.loc 1 62 23 is_stmt 0 view .LVU32
 100 0038 A0F5C040 		sub	r0, r0, #24576
  62:Drivers/CMSIS/DSP/Source/FastMathFunctions/arm_cos_q15.c ****   }
 101              		.loc 1 62 9 view .LVU33
 102 003c 03B2     		sxth	r3, r0
 103              	.LVL13:
  62:Drivers/CMSIS/DSP/Source/FastMathFunctions/arm_cos_q15.c ****   }
 104              		.loc 1 62 9 view .LVU34
 105 003e E5E7     		b	.L2
 106              	.L5:
 107              		.align	2
 108              	.L4:
 109 0040 00000000 		.word	sinTable_q15
 110              		.cfi_endproc
 111              	.LFE135:
 113              		.text
 114              	.Letext0:
 115              		.file 2 "/Users/killian/Library/Application Support/Code/User/globalStorage/bmd.stm32-for-vscode/@
 116              		.file 3 "/Users/killian/Library/Application Support/Code/User/globalStorage/bmd.stm32-for-vscode/@
 117              		.file 4 "Drivers/CMSIS/DSP/Include/arm_math.h"
 118              		.file 5 "Drivers/CMSIS/DSP/Include/arm_common_tables.h"
ARM GAS  /var/folders/n6/c271nzx11xl4r4_m7sqjlt0m0000gn/T//ccKlxhvG.s 			page 5


DEFINED SYMBOLS
                            *ABS*:00000000 arm_cos_q15.c
/var/folders/n6/c271nzx11xl4r4_m7sqjlt0m0000gn/T//ccKlxhvG.s:20     .text.arm_cos_q15:00000000 $t
/var/folders/n6/c271nzx11xl4r4_m7sqjlt0m0000gn/T//ccKlxhvG.s:26     .text.arm_cos_q15:00000000 arm_cos_q15
/var/folders/n6/c271nzx11xl4r4_m7sqjlt0m0000gn/T//ccKlxhvG.s:109    .text.arm_cos_q15:00000040 $d

UNDEFINED SYMBOLS
sinTable_q15
