ARM GAS  /var/folders/n6/c271nzx11xl4r4_m7sqjlt0m0000gn/T//ccv8Pd2v.s 			page 1


   1              		.cpu cortex-m7
   2              		.arch armv7e-m
   3              		.fpu fpv5-d16
   4              		.eabi_attribute 28, 1
   5              		.eabi_attribute 20, 1
   6              		.eabi_attribute 21, 1
   7              		.eabi_attribute 23, 3
   8              		.eabi_attribute 24, 1
   9              		.eabi_attribute 25, 1
  10              		.eabi_attribute 26, 1
  11              		.eabi_attribute 30, 1
  12              		.eabi_attribute 34, 1
  13              		.eabi_attribute 18, 4
  14              		.file	"arm_mat_scale_f32.c"
  15              		.text
  16              	.Ltext0:
  17              		.cfi_sections	.debug_frame
  18              		.file 1 "Drivers/CMSIS/DSP/Source/MatrixFunctions/arm_mat_scale_f32.c"
  19              		.section	.text.arm_mat_scale_f32,"ax",%progbits
  20              		.align	1
  21              		.global	arm_mat_scale_f32
  22              		.syntax unified
  23              		.thumb
  24              		.thumb_func
  26              	arm_mat_scale_f32:
  27              	.LVL0:
  28              	.LFB135:
   1:Drivers/CMSIS/DSP/Source/MatrixFunctions/arm_mat_scale_f32.c **** /* ----------------------------------------------------------------------
   2:Drivers/CMSIS/DSP/Source/MatrixFunctions/arm_mat_scale_f32.c ****  * Project:      CMSIS DSP Library
   3:Drivers/CMSIS/DSP/Source/MatrixFunctions/arm_mat_scale_f32.c ****  * Title:        arm_mat_scale_f32.c
   4:Drivers/CMSIS/DSP/Source/MatrixFunctions/arm_mat_scale_f32.c ****  * Description:  Multiplies a floating-point matrix by a scalar
   5:Drivers/CMSIS/DSP/Source/MatrixFunctions/arm_mat_scale_f32.c ****  *
   6:Drivers/CMSIS/DSP/Source/MatrixFunctions/arm_mat_scale_f32.c ****  * $Date:        27. January 2017
   7:Drivers/CMSIS/DSP/Source/MatrixFunctions/arm_mat_scale_f32.c ****  * $Revision:    V.1.5.1
   8:Drivers/CMSIS/DSP/Source/MatrixFunctions/arm_mat_scale_f32.c ****  *
   9:Drivers/CMSIS/DSP/Source/MatrixFunctions/arm_mat_scale_f32.c ****  * Target Processor: Cortex-M cores
  10:Drivers/CMSIS/DSP/Source/MatrixFunctions/arm_mat_scale_f32.c ****  * -------------------------------------------------------------------- */
  11:Drivers/CMSIS/DSP/Source/MatrixFunctions/arm_mat_scale_f32.c **** /*
  12:Drivers/CMSIS/DSP/Source/MatrixFunctions/arm_mat_scale_f32.c ****  * Copyright (C) 2010-2017 ARM Limited or its affiliates. All rights reserved.
  13:Drivers/CMSIS/DSP/Source/MatrixFunctions/arm_mat_scale_f32.c ****  *
  14:Drivers/CMSIS/DSP/Source/MatrixFunctions/arm_mat_scale_f32.c ****  * SPDX-License-Identifier: Apache-2.0
  15:Drivers/CMSIS/DSP/Source/MatrixFunctions/arm_mat_scale_f32.c ****  *
  16:Drivers/CMSIS/DSP/Source/MatrixFunctions/arm_mat_scale_f32.c ****  * Licensed under the Apache License, Version 2.0 (the License); you may
  17:Drivers/CMSIS/DSP/Source/MatrixFunctions/arm_mat_scale_f32.c ****  * not use this file except in compliance with the License.
  18:Drivers/CMSIS/DSP/Source/MatrixFunctions/arm_mat_scale_f32.c ****  * You may obtain a copy of the License at
  19:Drivers/CMSIS/DSP/Source/MatrixFunctions/arm_mat_scale_f32.c ****  *
  20:Drivers/CMSIS/DSP/Source/MatrixFunctions/arm_mat_scale_f32.c ****  * www.apache.org/licenses/LICENSE-2.0
  21:Drivers/CMSIS/DSP/Source/MatrixFunctions/arm_mat_scale_f32.c ****  *
  22:Drivers/CMSIS/DSP/Source/MatrixFunctions/arm_mat_scale_f32.c ****  * Unless required by applicable law or agreed to in writing, software
  23:Drivers/CMSIS/DSP/Source/MatrixFunctions/arm_mat_scale_f32.c ****  * distributed under the License is distributed on an AS IS BASIS, WITHOUT
  24:Drivers/CMSIS/DSP/Source/MatrixFunctions/arm_mat_scale_f32.c ****  * WARRANTIES OR CONDITIONS OF ANY KIND, either express or implied.
  25:Drivers/CMSIS/DSP/Source/MatrixFunctions/arm_mat_scale_f32.c ****  * See the License for the specific language governing permissions and
  26:Drivers/CMSIS/DSP/Source/MatrixFunctions/arm_mat_scale_f32.c ****  * limitations under the License.
  27:Drivers/CMSIS/DSP/Source/MatrixFunctions/arm_mat_scale_f32.c ****  */
  28:Drivers/CMSIS/DSP/Source/MatrixFunctions/arm_mat_scale_f32.c **** 
  29:Drivers/CMSIS/DSP/Source/MatrixFunctions/arm_mat_scale_f32.c **** #include "arm_math.h"
  30:Drivers/CMSIS/DSP/Source/MatrixFunctions/arm_mat_scale_f32.c **** 
ARM GAS  /var/folders/n6/c271nzx11xl4r4_m7sqjlt0m0000gn/T//ccv8Pd2v.s 			page 2


  31:Drivers/CMSIS/DSP/Source/MatrixFunctions/arm_mat_scale_f32.c **** /**
  32:Drivers/CMSIS/DSP/Source/MatrixFunctions/arm_mat_scale_f32.c ****  * @ingroup groupMatrix
  33:Drivers/CMSIS/DSP/Source/MatrixFunctions/arm_mat_scale_f32.c ****  */
  34:Drivers/CMSIS/DSP/Source/MatrixFunctions/arm_mat_scale_f32.c **** 
  35:Drivers/CMSIS/DSP/Source/MatrixFunctions/arm_mat_scale_f32.c **** /**
  36:Drivers/CMSIS/DSP/Source/MatrixFunctions/arm_mat_scale_f32.c ****  * @defgroup MatrixScale Matrix Scale
  37:Drivers/CMSIS/DSP/Source/MatrixFunctions/arm_mat_scale_f32.c ****  *
  38:Drivers/CMSIS/DSP/Source/MatrixFunctions/arm_mat_scale_f32.c ****  * Multiplies a matrix by a scalar.  This is accomplished by multiplying each element in the
  39:Drivers/CMSIS/DSP/Source/MatrixFunctions/arm_mat_scale_f32.c ****  * matrix by the scalar.  For example:
  40:Drivers/CMSIS/DSP/Source/MatrixFunctions/arm_mat_scale_f32.c ****  * \image html MatrixScale.gif "Matrix Scaling of a 3 x 3 matrix"
  41:Drivers/CMSIS/DSP/Source/MatrixFunctions/arm_mat_scale_f32.c ****  *
  42:Drivers/CMSIS/DSP/Source/MatrixFunctions/arm_mat_scale_f32.c ****  * The function checks to make sure that the input and output matrices are of the same size.
  43:Drivers/CMSIS/DSP/Source/MatrixFunctions/arm_mat_scale_f32.c ****  *
  44:Drivers/CMSIS/DSP/Source/MatrixFunctions/arm_mat_scale_f32.c ****  * In the fixed-point Q15 and Q31 functions, <code>scale</code> is represented by
  45:Drivers/CMSIS/DSP/Source/MatrixFunctions/arm_mat_scale_f32.c ****  * a fractional multiplication <code>scaleFract</code> and an arithmetic shift <code>shift</code>.
  46:Drivers/CMSIS/DSP/Source/MatrixFunctions/arm_mat_scale_f32.c ****  * The shift allows the gain of the scaling operation to exceed 1.0.
  47:Drivers/CMSIS/DSP/Source/MatrixFunctions/arm_mat_scale_f32.c ****  * The overall scale factor applied to the fixed-point data is
  48:Drivers/CMSIS/DSP/Source/MatrixFunctions/arm_mat_scale_f32.c ****  * <pre>
  49:Drivers/CMSIS/DSP/Source/MatrixFunctions/arm_mat_scale_f32.c ****  *     scale = scaleFract * 2^shift.
  50:Drivers/CMSIS/DSP/Source/MatrixFunctions/arm_mat_scale_f32.c ****  * </pre>
  51:Drivers/CMSIS/DSP/Source/MatrixFunctions/arm_mat_scale_f32.c ****  */
  52:Drivers/CMSIS/DSP/Source/MatrixFunctions/arm_mat_scale_f32.c **** 
  53:Drivers/CMSIS/DSP/Source/MatrixFunctions/arm_mat_scale_f32.c **** /**
  54:Drivers/CMSIS/DSP/Source/MatrixFunctions/arm_mat_scale_f32.c ****  * @addtogroup MatrixScale
  55:Drivers/CMSIS/DSP/Source/MatrixFunctions/arm_mat_scale_f32.c ****  * @{
  56:Drivers/CMSIS/DSP/Source/MatrixFunctions/arm_mat_scale_f32.c ****  */
  57:Drivers/CMSIS/DSP/Source/MatrixFunctions/arm_mat_scale_f32.c **** 
  58:Drivers/CMSIS/DSP/Source/MatrixFunctions/arm_mat_scale_f32.c **** /**
  59:Drivers/CMSIS/DSP/Source/MatrixFunctions/arm_mat_scale_f32.c ****  * @brief Floating-point matrix scaling.
  60:Drivers/CMSIS/DSP/Source/MatrixFunctions/arm_mat_scale_f32.c ****  * @param[in]       *pSrc points to input matrix structure
  61:Drivers/CMSIS/DSP/Source/MatrixFunctions/arm_mat_scale_f32.c ****  * @param[in]       scale scale factor to be applied
  62:Drivers/CMSIS/DSP/Source/MatrixFunctions/arm_mat_scale_f32.c ****  * @param[out]      *pDst points to output matrix structure
  63:Drivers/CMSIS/DSP/Source/MatrixFunctions/arm_mat_scale_f32.c ****  * @return     		The function returns either <code>ARM_MATH_SIZE_MISMATCH</code>
  64:Drivers/CMSIS/DSP/Source/MatrixFunctions/arm_mat_scale_f32.c ****  * or <code>ARM_MATH_SUCCESS</code> based on the outcome of size checking.
  65:Drivers/CMSIS/DSP/Source/MatrixFunctions/arm_mat_scale_f32.c ****  *
  66:Drivers/CMSIS/DSP/Source/MatrixFunctions/arm_mat_scale_f32.c ****  */
  67:Drivers/CMSIS/DSP/Source/MatrixFunctions/arm_mat_scale_f32.c **** 
  68:Drivers/CMSIS/DSP/Source/MatrixFunctions/arm_mat_scale_f32.c **** arm_status arm_mat_scale_f32(
  69:Drivers/CMSIS/DSP/Source/MatrixFunctions/arm_mat_scale_f32.c ****   const arm_matrix_instance_f32 * pSrc,
  70:Drivers/CMSIS/DSP/Source/MatrixFunctions/arm_mat_scale_f32.c ****   float32_t scale,
  71:Drivers/CMSIS/DSP/Source/MatrixFunctions/arm_mat_scale_f32.c ****   arm_matrix_instance_f32 * pDst)
  72:Drivers/CMSIS/DSP/Source/MatrixFunctions/arm_mat_scale_f32.c **** {
  29              		.loc 1 72 1 view -0
  30              		.cfi_startproc
  31              		@ args = 0, pretend = 0, frame = 0
  32              		@ frame_needed = 0, uses_anonymous_args = 0
  33              		@ link register save eliminated.
  73:Drivers/CMSIS/DSP/Source/MatrixFunctions/arm_mat_scale_f32.c ****   float32_t *pIn = pSrc->pData;                  /* input data matrix pointer */
  34              		.loc 1 73 3 view .LVU1
  35              		.loc 1 73 14 is_stmt 0 view .LVU2
  36 0000 4368     		ldr	r3, [r0, #4]
  37              	.LVL1:
  74:Drivers/CMSIS/DSP/Source/MatrixFunctions/arm_mat_scale_f32.c ****   float32_t *pOut = pDst->pData;                 /* output data matrix pointer */
  38              		.loc 1 74 3 is_stmt 1 view .LVU3
  39              		.loc 1 74 14 is_stmt 0 view .LVU4
  40 0002 4A68     		ldr	r2, [r1, #4]
  41              	.LVL2:
ARM GAS  /var/folders/n6/c271nzx11xl4r4_m7sqjlt0m0000gn/T//ccv8Pd2v.s 			page 3


  75:Drivers/CMSIS/DSP/Source/MatrixFunctions/arm_mat_scale_f32.c ****   uint32_t numSamples;                           /* total number of elements in the matrix */
  42              		.loc 1 75 3 is_stmt 1 view .LVU5
  76:Drivers/CMSIS/DSP/Source/MatrixFunctions/arm_mat_scale_f32.c ****   uint32_t blkCnt;                               /* loop counters */
  43              		.loc 1 76 3 view .LVU6
  77:Drivers/CMSIS/DSP/Source/MatrixFunctions/arm_mat_scale_f32.c ****   arm_status status;                             /* status of matrix scaling     */
  44              		.loc 1 77 3 view .LVU7
  78:Drivers/CMSIS/DSP/Source/MatrixFunctions/arm_mat_scale_f32.c **** 
  79:Drivers/CMSIS/DSP/Source/MatrixFunctions/arm_mat_scale_f32.c **** #if defined (ARM_MATH_DSP)
  80:Drivers/CMSIS/DSP/Source/MatrixFunctions/arm_mat_scale_f32.c **** 
  81:Drivers/CMSIS/DSP/Source/MatrixFunctions/arm_mat_scale_f32.c ****   float32_t in1, in2, in3, in4;                  /* temporary variables */
  45              		.loc 1 81 3 view .LVU8
  82:Drivers/CMSIS/DSP/Source/MatrixFunctions/arm_mat_scale_f32.c ****   float32_t out1, out2, out3, out4;              /* temporary variables */
  46              		.loc 1 82 3 view .LVU9
  83:Drivers/CMSIS/DSP/Source/MatrixFunctions/arm_mat_scale_f32.c **** 
  84:Drivers/CMSIS/DSP/Source/MatrixFunctions/arm_mat_scale_f32.c **** #endif //      #if defined (ARM_MATH_DSP)
  85:Drivers/CMSIS/DSP/Source/MatrixFunctions/arm_mat_scale_f32.c **** 
  86:Drivers/CMSIS/DSP/Source/MatrixFunctions/arm_mat_scale_f32.c **** #ifdef ARM_MATH_MATRIX_CHECK
  87:Drivers/CMSIS/DSP/Source/MatrixFunctions/arm_mat_scale_f32.c ****   /* Check for matrix mismatch condition */
  88:Drivers/CMSIS/DSP/Source/MatrixFunctions/arm_mat_scale_f32.c ****   if ((pSrc->numRows != pDst->numRows) || (pSrc->numCols != pDst->numCols))
  89:Drivers/CMSIS/DSP/Source/MatrixFunctions/arm_mat_scale_f32.c ****   {
  90:Drivers/CMSIS/DSP/Source/MatrixFunctions/arm_mat_scale_f32.c ****     /* Set status as ARM_MATH_SIZE_MISMATCH */
  91:Drivers/CMSIS/DSP/Source/MatrixFunctions/arm_mat_scale_f32.c ****     status = ARM_MATH_SIZE_MISMATCH;
  92:Drivers/CMSIS/DSP/Source/MatrixFunctions/arm_mat_scale_f32.c ****   }
  93:Drivers/CMSIS/DSP/Source/MatrixFunctions/arm_mat_scale_f32.c ****   else
  94:Drivers/CMSIS/DSP/Source/MatrixFunctions/arm_mat_scale_f32.c **** #endif /*    #ifdef ARM_MATH_MATRIX_CHECK    */
  95:Drivers/CMSIS/DSP/Source/MatrixFunctions/arm_mat_scale_f32.c ****   {
  96:Drivers/CMSIS/DSP/Source/MatrixFunctions/arm_mat_scale_f32.c ****     /* Total number of samples in the input matrix */
  97:Drivers/CMSIS/DSP/Source/MatrixFunctions/arm_mat_scale_f32.c ****     numSamples = (uint32_t) pSrc->numRows * pSrc->numCols;
  47              		.loc 1 97 5 view .LVU10
  48              		.loc 1 97 33 is_stmt 0 view .LVU11
  49 0004 0188     		ldrh	r1, [r0]
  50              	.LVL3:
  51              		.loc 1 97 49 view .LVU12
  52 0006 4088     		ldrh	r0, [r0, #2]
  53              	.LVL4:
  54              		.loc 1 97 16 view .LVU13
  55 0008 00FB01F1 		mul	r1, r0, r1
  56              	.LVL5:
  98:Drivers/CMSIS/DSP/Source/MatrixFunctions/arm_mat_scale_f32.c **** 
  99:Drivers/CMSIS/DSP/Source/MatrixFunctions/arm_mat_scale_f32.c **** #if defined (ARM_MATH_DSP)
 100:Drivers/CMSIS/DSP/Source/MatrixFunctions/arm_mat_scale_f32.c **** 
 101:Drivers/CMSIS/DSP/Source/MatrixFunctions/arm_mat_scale_f32.c ****     /* Run the below code for Cortex-M4 and Cortex-M3 */
 102:Drivers/CMSIS/DSP/Source/MatrixFunctions/arm_mat_scale_f32.c **** 
 103:Drivers/CMSIS/DSP/Source/MatrixFunctions/arm_mat_scale_f32.c ****     /* Loop Unrolling */
 104:Drivers/CMSIS/DSP/Source/MatrixFunctions/arm_mat_scale_f32.c ****     blkCnt = numSamples >> 2;
  57              		.loc 1 104 5 is_stmt 1 view .LVU14
  58              		.loc 1 104 12 is_stmt 0 view .LVU15
  59 000c 8808     		lsrs	r0, r1, #2
  60              	.LVL6:
 105:Drivers/CMSIS/DSP/Source/MatrixFunctions/arm_mat_scale_f32.c **** 
 106:Drivers/CMSIS/DSP/Source/MatrixFunctions/arm_mat_scale_f32.c ****     /* First part of the processing with loop unrolling.  Compute 4 outputs at a time.
 107:Drivers/CMSIS/DSP/Source/MatrixFunctions/arm_mat_scale_f32.c ****      ** a second loop below computes the remaining 1 to 3 samples. */
 108:Drivers/CMSIS/DSP/Source/MatrixFunctions/arm_mat_scale_f32.c ****     while (blkCnt > 0U)
  61              		.loc 1 108 5 is_stmt 1 view .LVU16
  62              		.loc 1 108 11 is_stmt 0 view .LVU17
  63 000e 1AE0     		b	.L2
  64              	.L3:
ARM GAS  /var/folders/n6/c271nzx11xl4r4_m7sqjlt0m0000gn/T//ccv8Pd2v.s 			page 4


 109:Drivers/CMSIS/DSP/Source/MatrixFunctions/arm_mat_scale_f32.c ****     {
 110:Drivers/CMSIS/DSP/Source/MatrixFunctions/arm_mat_scale_f32.c ****       /* C(m,n) = A(m,n) * scale */
 111:Drivers/CMSIS/DSP/Source/MatrixFunctions/arm_mat_scale_f32.c ****       /* Scaling and results are stored in the destination buffer. */
 112:Drivers/CMSIS/DSP/Source/MatrixFunctions/arm_mat_scale_f32.c ****       in1 = pIn[0];
  65              		.loc 1 112 7 is_stmt 1 view .LVU18
  66              		.loc 1 112 11 is_stmt 0 view .LVU19
  67 0010 93ED006A 		vldr.32	s12, [r3]
  68              	.LVL7:
 113:Drivers/CMSIS/DSP/Source/MatrixFunctions/arm_mat_scale_f32.c ****       in2 = pIn[1];
  69              		.loc 1 113 7 is_stmt 1 view .LVU20
  70              		.loc 1 113 11 is_stmt 0 view .LVU21
  71 0014 D3ED016A 		vldr.32	s13, [r3, #4]
  72              	.LVL8:
 114:Drivers/CMSIS/DSP/Source/MatrixFunctions/arm_mat_scale_f32.c ****       in3 = pIn[2];
  73              		.loc 1 114 7 is_stmt 1 view .LVU22
  74              		.loc 1 114 11 is_stmt 0 view .LVU23
  75 0018 93ED027A 		vldr.32	s14, [r3, #8]
  76              	.LVL9:
 115:Drivers/CMSIS/DSP/Source/MatrixFunctions/arm_mat_scale_f32.c ****       in4 = pIn[3];
  77              		.loc 1 115 7 is_stmt 1 view .LVU24
  78              		.loc 1 115 11 is_stmt 0 view .LVU25
  79 001c D3ED037A 		vldr.32	s15, [r3, #12]
  80              	.LVL10:
 116:Drivers/CMSIS/DSP/Source/MatrixFunctions/arm_mat_scale_f32.c **** 
 117:Drivers/CMSIS/DSP/Source/MatrixFunctions/arm_mat_scale_f32.c ****       out1 = in1 * scale;
  81              		.loc 1 117 7 is_stmt 1 view .LVU26
  82              		.loc 1 117 12 is_stmt 0 view .LVU27
  83 0020 20EE066A 		vmul.f32	s12, s0, s12
  84              	.LVL11:
 118:Drivers/CMSIS/DSP/Source/MatrixFunctions/arm_mat_scale_f32.c ****       out2 = in2 * scale;
  85              		.loc 1 118 7 is_stmt 1 view .LVU28
  86              		.loc 1 118 12 is_stmt 0 view .LVU29
  87 0024 60EE266A 		vmul.f32	s13, s0, s13
  88              	.LVL12:
 119:Drivers/CMSIS/DSP/Source/MatrixFunctions/arm_mat_scale_f32.c ****       out3 = in3 * scale;
  89              		.loc 1 119 7 is_stmt 1 view .LVU30
  90              		.loc 1 119 12 is_stmt 0 view .LVU31
  91 0028 20EE077A 		vmul.f32	s14, s0, s14
  92              	.LVL13:
 120:Drivers/CMSIS/DSP/Source/MatrixFunctions/arm_mat_scale_f32.c ****       out4 = in4 * scale;
  93              		.loc 1 120 7 is_stmt 1 view .LVU32
  94              		.loc 1 120 12 is_stmt 0 view .LVU33
  95 002c 60EE277A 		vmul.f32	s15, s0, s15
  96              	.LVL14:
 121:Drivers/CMSIS/DSP/Source/MatrixFunctions/arm_mat_scale_f32.c **** 
 122:Drivers/CMSIS/DSP/Source/MatrixFunctions/arm_mat_scale_f32.c **** 
 123:Drivers/CMSIS/DSP/Source/MatrixFunctions/arm_mat_scale_f32.c ****       pOut[0] = out1;
  97              		.loc 1 123 7 is_stmt 1 view .LVU34
  98              		.loc 1 123 15 is_stmt 0 view .LVU35
  99 0030 82ED006A 		vstr.32	s12, [r2]
 100              	.LVL15:
 124:Drivers/CMSIS/DSP/Source/MatrixFunctions/arm_mat_scale_f32.c ****       pOut[1] = out2;
 101              		.loc 1 124 7 is_stmt 1 view .LVU36
 102              		.loc 1 124 15 is_stmt 0 view .LVU37
 103 0034 C2ED016A 		vstr.32	s13, [r2, #4]
 125:Drivers/CMSIS/DSP/Source/MatrixFunctions/arm_mat_scale_f32.c ****       pOut[2] = out3;
 104              		.loc 1 125 7 is_stmt 1 view .LVU38
ARM GAS  /var/folders/n6/c271nzx11xl4r4_m7sqjlt0m0000gn/T//ccv8Pd2v.s 			page 5


 105              		.loc 1 125 15 is_stmt 0 view .LVU39
 106 0038 82ED027A 		vstr.32	s14, [r2, #8]
 126:Drivers/CMSIS/DSP/Source/MatrixFunctions/arm_mat_scale_f32.c ****       pOut[3] = out4;
 107              		.loc 1 126 7 is_stmt 1 view .LVU40
 108              		.loc 1 126 15 is_stmt 0 view .LVU41
 109 003c C2ED037A 		vstr.32	s15, [r2, #12]
 127:Drivers/CMSIS/DSP/Source/MatrixFunctions/arm_mat_scale_f32.c **** 
 128:Drivers/CMSIS/DSP/Source/MatrixFunctions/arm_mat_scale_f32.c ****       /* update pointers to process next sampels */
 129:Drivers/CMSIS/DSP/Source/MatrixFunctions/arm_mat_scale_f32.c ****       pIn += 4U;
 110              		.loc 1 129 7 is_stmt 1 view .LVU42
 111              		.loc 1 129 11 is_stmt 0 view .LVU43
 112 0040 1033     		adds	r3, r3, #16
 113              	.LVL16:
 130:Drivers/CMSIS/DSP/Source/MatrixFunctions/arm_mat_scale_f32.c ****       pOut += 4U;
 114              		.loc 1 130 7 is_stmt 1 view .LVU44
 115              		.loc 1 130 12 is_stmt 0 view .LVU45
 116 0042 1032     		adds	r2, r2, #16
 117              	.LVL17:
 131:Drivers/CMSIS/DSP/Source/MatrixFunctions/arm_mat_scale_f32.c **** 
 132:Drivers/CMSIS/DSP/Source/MatrixFunctions/arm_mat_scale_f32.c ****       /* Decrement the numSamples loop counter */
 133:Drivers/CMSIS/DSP/Source/MatrixFunctions/arm_mat_scale_f32.c ****       blkCnt--;
 118              		.loc 1 133 7 is_stmt 1 view .LVU46
 119              		.loc 1 133 13 is_stmt 0 view .LVU47
 120 0044 0138     		subs	r0, r0, #1
 121              	.LVL18:
 122              	.L2:
 108:Drivers/CMSIS/DSP/Source/MatrixFunctions/arm_mat_scale_f32.c ****     {
 123              		.loc 1 108 19 is_stmt 1 view .LVU48
 124 0046 0028     		cmp	r0, #0
 125 0048 E2D1     		bne	.L3
 134:Drivers/CMSIS/DSP/Source/MatrixFunctions/arm_mat_scale_f32.c ****     }
 135:Drivers/CMSIS/DSP/Source/MatrixFunctions/arm_mat_scale_f32.c **** 
 136:Drivers/CMSIS/DSP/Source/MatrixFunctions/arm_mat_scale_f32.c ****     /* If the numSamples is not a multiple of 4, compute any remaining output samples here.
 137:Drivers/CMSIS/DSP/Source/MatrixFunctions/arm_mat_scale_f32.c ****      ** No loop unrolling is used. */
 138:Drivers/CMSIS/DSP/Source/MatrixFunctions/arm_mat_scale_f32.c ****     blkCnt = numSamples % 0x4U;
 126              		.loc 1 138 5 view .LVU49
 127              		.loc 1 138 12 is_stmt 0 view .LVU50
 128 004a 01F00301 		and	r1, r1, #3
 129              	.LVL19:
 139:Drivers/CMSIS/DSP/Source/MatrixFunctions/arm_mat_scale_f32.c **** 
 140:Drivers/CMSIS/DSP/Source/MatrixFunctions/arm_mat_scale_f32.c **** #else
 141:Drivers/CMSIS/DSP/Source/MatrixFunctions/arm_mat_scale_f32.c **** 
 142:Drivers/CMSIS/DSP/Source/MatrixFunctions/arm_mat_scale_f32.c ****     /* Run the below code for Cortex-M0 */
 143:Drivers/CMSIS/DSP/Source/MatrixFunctions/arm_mat_scale_f32.c **** 
 144:Drivers/CMSIS/DSP/Source/MatrixFunctions/arm_mat_scale_f32.c ****     /* Initialize blkCnt with number of samples */
 145:Drivers/CMSIS/DSP/Source/MatrixFunctions/arm_mat_scale_f32.c ****     blkCnt = numSamples;
 146:Drivers/CMSIS/DSP/Source/MatrixFunctions/arm_mat_scale_f32.c **** 
 147:Drivers/CMSIS/DSP/Source/MatrixFunctions/arm_mat_scale_f32.c **** #endif /* #if defined (ARM_MATH_DSP) */
 148:Drivers/CMSIS/DSP/Source/MatrixFunctions/arm_mat_scale_f32.c **** 
 149:Drivers/CMSIS/DSP/Source/MatrixFunctions/arm_mat_scale_f32.c ****     while (blkCnt > 0U)
 130              		.loc 1 149 5 is_stmt 1 view .LVU51
 131              		.loc 1 149 11 is_stmt 0 view .LVU52
 132 004e 06E0     		b	.L4
 133              	.L5:
 150:Drivers/CMSIS/DSP/Source/MatrixFunctions/arm_mat_scale_f32.c ****     {
 151:Drivers/CMSIS/DSP/Source/MatrixFunctions/arm_mat_scale_f32.c ****       /* C(m,n) = A(m,n) * scale */
 152:Drivers/CMSIS/DSP/Source/MatrixFunctions/arm_mat_scale_f32.c ****       /* The results are stored in the destination buffer. */
ARM GAS  /var/folders/n6/c271nzx11xl4r4_m7sqjlt0m0000gn/T//ccv8Pd2v.s 			page 6


 153:Drivers/CMSIS/DSP/Source/MatrixFunctions/arm_mat_scale_f32.c ****       *pOut++ = (*pIn++) * scale;
 134              		.loc 1 153 7 is_stmt 1 view .LVU53
 135              	.LVL20:
 136              		.loc 1 153 18 is_stmt 0 view .LVU54
 137 0050 F3EC017A 		vldmia.32	r3!, {s15}
 138              	.LVL21:
 139              		.loc 1 153 26 view .LVU55
 140 0054 67EE807A 		vmul.f32	s15, s15, s0
 141              		.loc 1 153 15 view .LVU56
 142 0058 E2EC017A 		vstmia.32	r2!, {s15}
 143              	.LVL22:
 154:Drivers/CMSIS/DSP/Source/MatrixFunctions/arm_mat_scale_f32.c **** 
 155:Drivers/CMSIS/DSP/Source/MatrixFunctions/arm_mat_scale_f32.c ****       /* Decrement the loop counter */
 156:Drivers/CMSIS/DSP/Source/MatrixFunctions/arm_mat_scale_f32.c ****       blkCnt--;
 144              		.loc 1 156 7 is_stmt 1 view .LVU57
 145              		.loc 1 156 13 is_stmt 0 view .LVU58
 146 005c 0139     		subs	r1, r1, #1
 147              	.LVL23:
 148              	.L4:
 149:Drivers/CMSIS/DSP/Source/MatrixFunctions/arm_mat_scale_f32.c ****     {
 149              		.loc 1 149 19 is_stmt 1 view .LVU59
 150 005e 0029     		cmp	r1, #0
 151 0060 F6D1     		bne	.L5
 157:Drivers/CMSIS/DSP/Source/MatrixFunctions/arm_mat_scale_f32.c ****     }
 158:Drivers/CMSIS/DSP/Source/MatrixFunctions/arm_mat_scale_f32.c **** 
 159:Drivers/CMSIS/DSP/Source/MatrixFunctions/arm_mat_scale_f32.c ****     /* Set status as ARM_MATH_SUCCESS */
 160:Drivers/CMSIS/DSP/Source/MatrixFunctions/arm_mat_scale_f32.c ****     status = ARM_MATH_SUCCESS;
 152              		.loc 1 160 5 view .LVU60
 153              	.LVL24:
 161:Drivers/CMSIS/DSP/Source/MatrixFunctions/arm_mat_scale_f32.c ****   }
 162:Drivers/CMSIS/DSP/Source/MatrixFunctions/arm_mat_scale_f32.c **** 
 163:Drivers/CMSIS/DSP/Source/MatrixFunctions/arm_mat_scale_f32.c ****   /* Return to application */
 164:Drivers/CMSIS/DSP/Source/MatrixFunctions/arm_mat_scale_f32.c ****   return (status);
 154              		.loc 1 164 3 view .LVU61
 165:Drivers/CMSIS/DSP/Source/MatrixFunctions/arm_mat_scale_f32.c **** }
 155              		.loc 1 165 1 is_stmt 0 view .LVU62
 156 0062 0020     		movs	r0, #0
 157 0064 7047     		bx	lr
 158              		.cfi_endproc
 159              	.LFE135:
 161              		.text
 162              	.Letext0:
 163              		.file 2 "/Users/killian/Library/Application Support/Code/User/globalStorage/bmd.stm32-for-vscode/@
 164              		.file 3 "/Users/killian/Library/Application Support/Code/User/globalStorage/bmd.stm32-for-vscode/@
 165              		.file 4 "Drivers/CMSIS/DSP/Include/arm_math.h"
ARM GAS  /var/folders/n6/c271nzx11xl4r4_m7sqjlt0m0000gn/T//ccv8Pd2v.s 			page 7


DEFINED SYMBOLS
                            *ABS*:00000000 arm_mat_scale_f32.c
/var/folders/n6/c271nzx11xl4r4_m7sqjlt0m0000gn/T//ccv8Pd2v.s:20     .text.arm_mat_scale_f32:00000000 $t
/var/folders/n6/c271nzx11xl4r4_m7sqjlt0m0000gn/T//ccv8Pd2v.s:26     .text.arm_mat_scale_f32:00000000 arm_mat_scale_f32

NO UNDEFINED SYMBOLS
