ARM GAS  /var/folders/n6/c271nzx11xl4r4_m7sqjlt0m0000gn/T//ccQA4lab.s 			page 1


   1              		.cpu cortex-m7
   2              		.arch armv7e-m
   3              		.fpu fpv5-d16
   4              		.eabi_attribute 28, 1
   5              		.eabi_attribute 20, 1
   6              		.eabi_attribute 21, 1
   7              		.eabi_attribute 23, 3
   8              		.eabi_attribute 24, 1
   9              		.eabi_attribute 25, 1
  10              		.eabi_attribute 26, 1
  11              		.eabi_attribute 30, 1
  12              		.eabi_attribute 34, 1
  13              		.eabi_attribute 18, 4
  14              		.file	"arm_cmplx_mag_squared_f32.c"
  15              		.text
  16              	.Ltext0:
  17              		.cfi_sections	.debug_frame
  18              		.file 1 "Drivers/CMSIS/DSP/Source/ComplexMathFunctions/arm_cmplx_mag_squared_f32.c"
  19              		.section	.text.arm_cmplx_mag_squared_f32,"ax",%progbits
  20              		.align	1
  21              		.global	arm_cmplx_mag_squared_f32
  22              		.syntax unified
  23              		.thumb
  24              		.thumb_func
  26              	arm_cmplx_mag_squared_f32:
  27              	.LVL0:
  28              	.LFB135:
   1:Drivers/CMSIS/DSP/Source/ComplexMathFunctions/arm_cmplx_mag_squared_f32.c **** /* ----------------------------------------------------------------------
   2:Drivers/CMSIS/DSP/Source/ComplexMathFunctions/arm_cmplx_mag_squared_f32.c ****  * Project:      CMSIS DSP Library
   3:Drivers/CMSIS/DSP/Source/ComplexMathFunctions/arm_cmplx_mag_squared_f32.c ****  * Title:        arm_cmplx_mag_squared_f32.c
   4:Drivers/CMSIS/DSP/Source/ComplexMathFunctions/arm_cmplx_mag_squared_f32.c ****  * Description:  Floating-point complex magnitude squared
   5:Drivers/CMSIS/DSP/Source/ComplexMathFunctions/arm_cmplx_mag_squared_f32.c ****  *
   6:Drivers/CMSIS/DSP/Source/ComplexMathFunctions/arm_cmplx_mag_squared_f32.c ****  * $Date:        27. January 2017
   7:Drivers/CMSIS/DSP/Source/ComplexMathFunctions/arm_cmplx_mag_squared_f32.c ****  * $Revision:    V.1.5.1
   8:Drivers/CMSIS/DSP/Source/ComplexMathFunctions/arm_cmplx_mag_squared_f32.c ****  *
   9:Drivers/CMSIS/DSP/Source/ComplexMathFunctions/arm_cmplx_mag_squared_f32.c ****  * Target Processor: Cortex-M cores
  10:Drivers/CMSIS/DSP/Source/ComplexMathFunctions/arm_cmplx_mag_squared_f32.c ****  * -------------------------------------------------------------------- */
  11:Drivers/CMSIS/DSP/Source/ComplexMathFunctions/arm_cmplx_mag_squared_f32.c **** /*
  12:Drivers/CMSIS/DSP/Source/ComplexMathFunctions/arm_cmplx_mag_squared_f32.c ****  * Copyright (C) 2010-2017 ARM Limited or its affiliates. All rights reserved.
  13:Drivers/CMSIS/DSP/Source/ComplexMathFunctions/arm_cmplx_mag_squared_f32.c ****  *
  14:Drivers/CMSIS/DSP/Source/ComplexMathFunctions/arm_cmplx_mag_squared_f32.c ****  * SPDX-License-Identifier: Apache-2.0
  15:Drivers/CMSIS/DSP/Source/ComplexMathFunctions/arm_cmplx_mag_squared_f32.c ****  *
  16:Drivers/CMSIS/DSP/Source/ComplexMathFunctions/arm_cmplx_mag_squared_f32.c ****  * Licensed under the Apache License, Version 2.0 (the License); you may
  17:Drivers/CMSIS/DSP/Source/ComplexMathFunctions/arm_cmplx_mag_squared_f32.c ****  * not use this file except in compliance with the License.
  18:Drivers/CMSIS/DSP/Source/ComplexMathFunctions/arm_cmplx_mag_squared_f32.c ****  * You may obtain a copy of the License at
  19:Drivers/CMSIS/DSP/Source/ComplexMathFunctions/arm_cmplx_mag_squared_f32.c ****  *
  20:Drivers/CMSIS/DSP/Source/ComplexMathFunctions/arm_cmplx_mag_squared_f32.c ****  * www.apache.org/licenses/LICENSE-2.0
  21:Drivers/CMSIS/DSP/Source/ComplexMathFunctions/arm_cmplx_mag_squared_f32.c ****  *
  22:Drivers/CMSIS/DSP/Source/ComplexMathFunctions/arm_cmplx_mag_squared_f32.c ****  * Unless required by applicable law or agreed to in writing, software
  23:Drivers/CMSIS/DSP/Source/ComplexMathFunctions/arm_cmplx_mag_squared_f32.c ****  * distributed under the License is distributed on an AS IS BASIS, WITHOUT
  24:Drivers/CMSIS/DSP/Source/ComplexMathFunctions/arm_cmplx_mag_squared_f32.c ****  * WARRANTIES OR CONDITIONS OF ANY KIND, either express or implied.
  25:Drivers/CMSIS/DSP/Source/ComplexMathFunctions/arm_cmplx_mag_squared_f32.c ****  * See the License for the specific language governing permissions and
  26:Drivers/CMSIS/DSP/Source/ComplexMathFunctions/arm_cmplx_mag_squared_f32.c ****  * limitations under the License.
  27:Drivers/CMSIS/DSP/Source/ComplexMathFunctions/arm_cmplx_mag_squared_f32.c ****  */
  28:Drivers/CMSIS/DSP/Source/ComplexMathFunctions/arm_cmplx_mag_squared_f32.c **** 
  29:Drivers/CMSIS/DSP/Source/ComplexMathFunctions/arm_cmplx_mag_squared_f32.c **** #include "arm_math.h"
  30:Drivers/CMSIS/DSP/Source/ComplexMathFunctions/arm_cmplx_mag_squared_f32.c **** 
ARM GAS  /var/folders/n6/c271nzx11xl4r4_m7sqjlt0m0000gn/T//ccQA4lab.s 			page 2


  31:Drivers/CMSIS/DSP/Source/ComplexMathFunctions/arm_cmplx_mag_squared_f32.c **** /**
  32:Drivers/CMSIS/DSP/Source/ComplexMathFunctions/arm_cmplx_mag_squared_f32.c ****  * @ingroup groupCmplxMath
  33:Drivers/CMSIS/DSP/Source/ComplexMathFunctions/arm_cmplx_mag_squared_f32.c ****  */
  34:Drivers/CMSIS/DSP/Source/ComplexMathFunctions/arm_cmplx_mag_squared_f32.c **** 
  35:Drivers/CMSIS/DSP/Source/ComplexMathFunctions/arm_cmplx_mag_squared_f32.c **** /**
  36:Drivers/CMSIS/DSP/Source/ComplexMathFunctions/arm_cmplx_mag_squared_f32.c ****  * @defgroup cmplx_mag_squared Complex Magnitude Squared
  37:Drivers/CMSIS/DSP/Source/ComplexMathFunctions/arm_cmplx_mag_squared_f32.c ****  *
  38:Drivers/CMSIS/DSP/Source/ComplexMathFunctions/arm_cmplx_mag_squared_f32.c ****  * Computes the magnitude squared of the elements of a complex data vector.
  39:Drivers/CMSIS/DSP/Source/ComplexMathFunctions/arm_cmplx_mag_squared_f32.c ****  *
  40:Drivers/CMSIS/DSP/Source/ComplexMathFunctions/arm_cmplx_mag_squared_f32.c ****  * The <code>pSrc</code> points to the source data and
  41:Drivers/CMSIS/DSP/Source/ComplexMathFunctions/arm_cmplx_mag_squared_f32.c ****  * <code>pDst</code> points to the where the result should be written.
  42:Drivers/CMSIS/DSP/Source/ComplexMathFunctions/arm_cmplx_mag_squared_f32.c ****  * <code>numSamples</code> specifies the number of complex samples
  43:Drivers/CMSIS/DSP/Source/ComplexMathFunctions/arm_cmplx_mag_squared_f32.c ****  * in the input array and the data is stored in an interleaved fashion
  44:Drivers/CMSIS/DSP/Source/ComplexMathFunctions/arm_cmplx_mag_squared_f32.c ****  * (real, imag, real, imag, ...).
  45:Drivers/CMSIS/DSP/Source/ComplexMathFunctions/arm_cmplx_mag_squared_f32.c ****  * The input array has a total of <code>2*numSamples</code> values;
  46:Drivers/CMSIS/DSP/Source/ComplexMathFunctions/arm_cmplx_mag_squared_f32.c ****  * the output array has a total of <code>numSamples</code> values.
  47:Drivers/CMSIS/DSP/Source/ComplexMathFunctions/arm_cmplx_mag_squared_f32.c ****  *
  48:Drivers/CMSIS/DSP/Source/ComplexMathFunctions/arm_cmplx_mag_squared_f32.c ****  * The underlying algorithm is used:
  49:Drivers/CMSIS/DSP/Source/ComplexMathFunctions/arm_cmplx_mag_squared_f32.c ****  *
  50:Drivers/CMSIS/DSP/Source/ComplexMathFunctions/arm_cmplx_mag_squared_f32.c ****  * <pre>
  51:Drivers/CMSIS/DSP/Source/ComplexMathFunctions/arm_cmplx_mag_squared_f32.c ****  * for(n=0; n<numSamples; n++) {
  52:Drivers/CMSIS/DSP/Source/ComplexMathFunctions/arm_cmplx_mag_squared_f32.c ****  *     pDst[n] = pSrc[(2*n)+0]^2 + pSrc[(2*n)+1]^2;
  53:Drivers/CMSIS/DSP/Source/ComplexMathFunctions/arm_cmplx_mag_squared_f32.c ****  * }
  54:Drivers/CMSIS/DSP/Source/ComplexMathFunctions/arm_cmplx_mag_squared_f32.c ****  * </pre>
  55:Drivers/CMSIS/DSP/Source/ComplexMathFunctions/arm_cmplx_mag_squared_f32.c ****  *
  56:Drivers/CMSIS/DSP/Source/ComplexMathFunctions/arm_cmplx_mag_squared_f32.c ****  * There are separate functions for floating-point, Q15, and Q31 data types.
  57:Drivers/CMSIS/DSP/Source/ComplexMathFunctions/arm_cmplx_mag_squared_f32.c ****  */
  58:Drivers/CMSIS/DSP/Source/ComplexMathFunctions/arm_cmplx_mag_squared_f32.c **** 
  59:Drivers/CMSIS/DSP/Source/ComplexMathFunctions/arm_cmplx_mag_squared_f32.c **** /**
  60:Drivers/CMSIS/DSP/Source/ComplexMathFunctions/arm_cmplx_mag_squared_f32.c ****  * @addtogroup cmplx_mag_squared
  61:Drivers/CMSIS/DSP/Source/ComplexMathFunctions/arm_cmplx_mag_squared_f32.c ****  * @{
  62:Drivers/CMSIS/DSP/Source/ComplexMathFunctions/arm_cmplx_mag_squared_f32.c ****  */
  63:Drivers/CMSIS/DSP/Source/ComplexMathFunctions/arm_cmplx_mag_squared_f32.c **** 
  64:Drivers/CMSIS/DSP/Source/ComplexMathFunctions/arm_cmplx_mag_squared_f32.c **** 
  65:Drivers/CMSIS/DSP/Source/ComplexMathFunctions/arm_cmplx_mag_squared_f32.c **** /**
  66:Drivers/CMSIS/DSP/Source/ComplexMathFunctions/arm_cmplx_mag_squared_f32.c ****  * @brief  Floating-point complex magnitude squared
  67:Drivers/CMSIS/DSP/Source/ComplexMathFunctions/arm_cmplx_mag_squared_f32.c ****  * @param[in]  *pSrc points to the complex input vector
  68:Drivers/CMSIS/DSP/Source/ComplexMathFunctions/arm_cmplx_mag_squared_f32.c ****  * @param[out]  *pDst points to the real output vector
  69:Drivers/CMSIS/DSP/Source/ComplexMathFunctions/arm_cmplx_mag_squared_f32.c ****  * @param[in]  numSamples number of complex samples in the input vector
  70:Drivers/CMSIS/DSP/Source/ComplexMathFunctions/arm_cmplx_mag_squared_f32.c ****  * @return none.
  71:Drivers/CMSIS/DSP/Source/ComplexMathFunctions/arm_cmplx_mag_squared_f32.c ****  */
  72:Drivers/CMSIS/DSP/Source/ComplexMathFunctions/arm_cmplx_mag_squared_f32.c **** 
  73:Drivers/CMSIS/DSP/Source/ComplexMathFunctions/arm_cmplx_mag_squared_f32.c **** void arm_cmplx_mag_squared_f32(
  74:Drivers/CMSIS/DSP/Source/ComplexMathFunctions/arm_cmplx_mag_squared_f32.c ****   float32_t * pSrc,
  75:Drivers/CMSIS/DSP/Source/ComplexMathFunctions/arm_cmplx_mag_squared_f32.c ****   float32_t * pDst,
  76:Drivers/CMSIS/DSP/Source/ComplexMathFunctions/arm_cmplx_mag_squared_f32.c ****   uint32_t numSamples)
  77:Drivers/CMSIS/DSP/Source/ComplexMathFunctions/arm_cmplx_mag_squared_f32.c **** {
  29              		.loc 1 77 1 view -0
  30              		.cfi_startproc
  31              		@ args = 0, pretend = 0, frame = 0
  32              		@ frame_needed = 0, uses_anonymous_args = 0
  33              		@ link register save eliminated.
  78:Drivers/CMSIS/DSP/Source/ComplexMathFunctions/arm_cmplx_mag_squared_f32.c ****   float32_t real, imag;                          /* Temporary variables to store real and imaginary
  34              		.loc 1 78 3 view .LVU1
  79:Drivers/CMSIS/DSP/Source/ComplexMathFunctions/arm_cmplx_mag_squared_f32.c ****   uint32_t blkCnt;                               /* loop counter */
  35              		.loc 1 79 3 view .LVU2
  80:Drivers/CMSIS/DSP/Source/ComplexMathFunctions/arm_cmplx_mag_squared_f32.c **** 
ARM GAS  /var/folders/n6/c271nzx11xl4r4_m7sqjlt0m0000gn/T//ccQA4lab.s 			page 3


  81:Drivers/CMSIS/DSP/Source/ComplexMathFunctions/arm_cmplx_mag_squared_f32.c **** #if defined (ARM_MATH_DSP)
  82:Drivers/CMSIS/DSP/Source/ComplexMathFunctions/arm_cmplx_mag_squared_f32.c ****   float32_t real1, real2, real3, real4;          /* Temporary variables to hold real values */
  36              		.loc 1 82 3 view .LVU3
  83:Drivers/CMSIS/DSP/Source/ComplexMathFunctions/arm_cmplx_mag_squared_f32.c ****   float32_t imag1, imag2, imag3, imag4;          /* Temporary variables to hold imaginary values */
  37              		.loc 1 83 3 view .LVU4
  84:Drivers/CMSIS/DSP/Source/ComplexMathFunctions/arm_cmplx_mag_squared_f32.c ****   float32_t mul1, mul2, mul3, mul4;              /* Temporary variables */
  38              		.loc 1 84 3 view .LVU5
  85:Drivers/CMSIS/DSP/Source/ComplexMathFunctions/arm_cmplx_mag_squared_f32.c ****   float32_t mul5, mul6, mul7, mul8;              /* Temporary variables */
  39              		.loc 1 85 3 view .LVU6
  86:Drivers/CMSIS/DSP/Source/ComplexMathFunctions/arm_cmplx_mag_squared_f32.c ****   float32_t out1, out2, out3, out4;              /* Temporary variables to hold output values */
  40              		.loc 1 86 3 view .LVU7
  87:Drivers/CMSIS/DSP/Source/ComplexMathFunctions/arm_cmplx_mag_squared_f32.c **** 
  88:Drivers/CMSIS/DSP/Source/ComplexMathFunctions/arm_cmplx_mag_squared_f32.c ****   /*loop Unrolling */
  89:Drivers/CMSIS/DSP/Source/ComplexMathFunctions/arm_cmplx_mag_squared_f32.c ****   blkCnt = numSamples >> 2U;
  41              		.loc 1 89 3 view .LVU8
  42              		.loc 1 89 10 is_stmt 0 view .LVU9
  43 0000 9308     		lsrs	r3, r2, #2
  44              	.LVL1:
  90:Drivers/CMSIS/DSP/Source/ComplexMathFunctions/arm_cmplx_mag_squared_f32.c **** 
  91:Drivers/CMSIS/DSP/Source/ComplexMathFunctions/arm_cmplx_mag_squared_f32.c ****   /* First part of the processing with loop unrolling.  Compute 4 outputs at a time.
  92:Drivers/CMSIS/DSP/Source/ComplexMathFunctions/arm_cmplx_mag_squared_f32.c ****    ** a second loop below computes the remaining 1 to 3 samples. */
  93:Drivers/CMSIS/DSP/Source/ComplexMathFunctions/arm_cmplx_mag_squared_f32.c ****   while (blkCnt > 0U)
  45              		.loc 1 93 3 is_stmt 1 view .LVU10
  46              		.loc 1 93 9 is_stmt 0 view .LVU11
  47 0002 32E0     		b	.L2
  48              	.L3:
  94:Drivers/CMSIS/DSP/Source/ComplexMathFunctions/arm_cmplx_mag_squared_f32.c ****   {
  95:Drivers/CMSIS/DSP/Source/ComplexMathFunctions/arm_cmplx_mag_squared_f32.c ****     /* C[0] = (A[0] * A[0] + A[1] * A[1]) */
  96:Drivers/CMSIS/DSP/Source/ComplexMathFunctions/arm_cmplx_mag_squared_f32.c ****     /* read real input sample from source buffer */
  97:Drivers/CMSIS/DSP/Source/ComplexMathFunctions/arm_cmplx_mag_squared_f32.c ****     real1 = pSrc[0];
  49              		.loc 1 97 5 is_stmt 1 view .LVU12
  50              		.loc 1 97 11 is_stmt 0 view .LVU13
  51 0004 D0ED007A 		vldr.32	s15, [r0]
  52              	.LVL2:
  98:Drivers/CMSIS/DSP/Source/ComplexMathFunctions/arm_cmplx_mag_squared_f32.c ****     /* read imaginary input sample from source buffer */
  99:Drivers/CMSIS/DSP/Source/ComplexMathFunctions/arm_cmplx_mag_squared_f32.c ****     imag1 = pSrc[1];
  53              		.loc 1 99 5 is_stmt 1 view .LVU14
  54              		.loc 1 99 11 is_stmt 0 view .LVU15
  55 0008 90ED017A 		vldr.32	s14, [r0, #4]
  56              	.LVL3:
 100:Drivers/CMSIS/DSP/Source/ComplexMathFunctions/arm_cmplx_mag_squared_f32.c **** 
 101:Drivers/CMSIS/DSP/Source/ComplexMathFunctions/arm_cmplx_mag_squared_f32.c ****     /* calculate power of real value */
 102:Drivers/CMSIS/DSP/Source/ComplexMathFunctions/arm_cmplx_mag_squared_f32.c ****     mul1 = real1 * real1;
  57              		.loc 1 102 5 is_stmt 1 view .LVU16
  58              		.loc 1 102 10 is_stmt 0 view .LVU17
  59 000c 27EEA76A 		vmul.f32	s12, s15, s15
  60              	.LVL4:
 103:Drivers/CMSIS/DSP/Source/ComplexMathFunctions/arm_cmplx_mag_squared_f32.c **** 
 104:Drivers/CMSIS/DSP/Source/ComplexMathFunctions/arm_cmplx_mag_squared_f32.c ****     /* read real input sample from source buffer */
 105:Drivers/CMSIS/DSP/Source/ComplexMathFunctions/arm_cmplx_mag_squared_f32.c ****     real2 = pSrc[2];
  61              		.loc 1 105 5 is_stmt 1 view .LVU18
  62              		.loc 1 105 11 is_stmt 0 view .LVU19
  63 0010 D0ED027A 		vldr.32	s15, [r0, #8]
  64              	.LVL5:
 106:Drivers/CMSIS/DSP/Source/ComplexMathFunctions/arm_cmplx_mag_squared_f32.c **** 
 107:Drivers/CMSIS/DSP/Source/ComplexMathFunctions/arm_cmplx_mag_squared_f32.c ****     /* calculate power of imaginary value */
 108:Drivers/CMSIS/DSP/Source/ComplexMathFunctions/arm_cmplx_mag_squared_f32.c ****     mul2 = imag1 * imag1;
ARM GAS  /var/folders/n6/c271nzx11xl4r4_m7sqjlt0m0000gn/T//ccQA4lab.s 			page 4


  65              		.loc 1 108 5 is_stmt 1 view .LVU20
  66              		.loc 1 108 10 is_stmt 0 view .LVU21
  67 0014 27EE074A 		vmul.f32	s8, s14, s14
  68              	.LVL6:
 109:Drivers/CMSIS/DSP/Source/ComplexMathFunctions/arm_cmplx_mag_squared_f32.c **** 
 110:Drivers/CMSIS/DSP/Source/ComplexMathFunctions/arm_cmplx_mag_squared_f32.c ****     /* read imaginary input sample from source buffer */
 111:Drivers/CMSIS/DSP/Source/ComplexMathFunctions/arm_cmplx_mag_squared_f32.c ****     imag2 = pSrc[3];
  69              		.loc 1 111 5 is_stmt 1 view .LVU22
  70              		.loc 1 111 11 is_stmt 0 view .LVU23
  71 0018 90ED037A 		vldr.32	s14, [r0, #12]
  72              	.LVL7:
 112:Drivers/CMSIS/DSP/Source/ComplexMathFunctions/arm_cmplx_mag_squared_f32.c **** 
 113:Drivers/CMSIS/DSP/Source/ComplexMathFunctions/arm_cmplx_mag_squared_f32.c ****     /* calculate power of real value */
 114:Drivers/CMSIS/DSP/Source/ComplexMathFunctions/arm_cmplx_mag_squared_f32.c ****     mul3 = real2 * real2;
  73              		.loc 1 114 5 is_stmt 1 view .LVU24
  74              		.loc 1 114 10 is_stmt 0 view .LVU25
  75 001c 67EEA76A 		vmul.f32	s13, s15, s15
  76              	.LVL8:
 115:Drivers/CMSIS/DSP/Source/ComplexMathFunctions/arm_cmplx_mag_squared_f32.c **** 
 116:Drivers/CMSIS/DSP/Source/ComplexMathFunctions/arm_cmplx_mag_squared_f32.c ****     /* read real input sample from source buffer */
 117:Drivers/CMSIS/DSP/Source/ComplexMathFunctions/arm_cmplx_mag_squared_f32.c ****     real3 = pSrc[4];
  77              		.loc 1 117 5 is_stmt 1 view .LVU26
  78              		.loc 1 117 11 is_stmt 0 view .LVU27
  79 0020 D0ED047A 		vldr.32	s15, [r0, #16]
  80              	.LVL9:
 118:Drivers/CMSIS/DSP/Source/ComplexMathFunctions/arm_cmplx_mag_squared_f32.c **** 
 119:Drivers/CMSIS/DSP/Source/ComplexMathFunctions/arm_cmplx_mag_squared_f32.c ****     /* calculate power of imaginary value */
 120:Drivers/CMSIS/DSP/Source/ComplexMathFunctions/arm_cmplx_mag_squared_f32.c ****     mul4 = imag2 * imag2;
  81              		.loc 1 120 5 is_stmt 1 view .LVU28
  82              		.loc 1 120 10 is_stmt 0 view .LVU29
  83 0024 67EE074A 		vmul.f32	s9, s14, s14
  84              	.LVL10:
 121:Drivers/CMSIS/DSP/Source/ComplexMathFunctions/arm_cmplx_mag_squared_f32.c **** 
 122:Drivers/CMSIS/DSP/Source/ComplexMathFunctions/arm_cmplx_mag_squared_f32.c ****     /* read imaginary input sample from source buffer */
 123:Drivers/CMSIS/DSP/Source/ComplexMathFunctions/arm_cmplx_mag_squared_f32.c ****     imag3 = pSrc[5];
  85              		.loc 1 123 5 is_stmt 1 view .LVU30
  86              		.loc 1 123 11 is_stmt 0 view .LVU31
  87 0028 D0ED055A 		vldr.32	s11, [r0, #20]
  88              	.LVL11:
 124:Drivers/CMSIS/DSP/Source/ComplexMathFunctions/arm_cmplx_mag_squared_f32.c **** 
 125:Drivers/CMSIS/DSP/Source/ComplexMathFunctions/arm_cmplx_mag_squared_f32.c ****     /* calculate power of real value */
 126:Drivers/CMSIS/DSP/Source/ComplexMathFunctions/arm_cmplx_mag_squared_f32.c ****     mul5 = real3 * real3;
  89              		.loc 1 126 5 is_stmt 1 view .LVU32
  90              		.loc 1 126 10 is_stmt 0 view .LVU33
  91 002c 27EEA77A 		vmul.f32	s14, s15, s15
  92              	.LVL12:
 127:Drivers/CMSIS/DSP/Source/ComplexMathFunctions/arm_cmplx_mag_squared_f32.c ****     /* calculate power of imaginary value */
 128:Drivers/CMSIS/DSP/Source/ComplexMathFunctions/arm_cmplx_mag_squared_f32.c ****     mul6 = imag3 * imag3;
  93              		.loc 1 128 5 is_stmt 1 view .LVU34
  94              		.loc 1 128 10 is_stmt 0 view .LVU35
  95 0030 25EEA55A 		vmul.f32	s10, s11, s11
  96              	.LVL13:
 129:Drivers/CMSIS/DSP/Source/ComplexMathFunctions/arm_cmplx_mag_squared_f32.c **** 
 130:Drivers/CMSIS/DSP/Source/ComplexMathFunctions/arm_cmplx_mag_squared_f32.c ****     /* read real input sample from source buffer */
 131:Drivers/CMSIS/DSP/Source/ComplexMathFunctions/arm_cmplx_mag_squared_f32.c ****     real4 = pSrc[6];
  97              		.loc 1 131 5 is_stmt 1 view .LVU36
  98              		.loc 1 131 11 is_stmt 0 view .LVU37
ARM GAS  /var/folders/n6/c271nzx11xl4r4_m7sqjlt0m0000gn/T//ccQA4lab.s 			page 5


  99 0034 D0ED067A 		vldr.32	s15, [r0, #24]
 100              	.LVL14:
 132:Drivers/CMSIS/DSP/Source/ComplexMathFunctions/arm_cmplx_mag_squared_f32.c **** 
 133:Drivers/CMSIS/DSP/Source/ComplexMathFunctions/arm_cmplx_mag_squared_f32.c ****     /* accumulate real and imaginary powers */
 134:Drivers/CMSIS/DSP/Source/ComplexMathFunctions/arm_cmplx_mag_squared_f32.c ****     out1 = mul1 + mul2;
 101              		.loc 1 134 5 is_stmt 1 view .LVU38
 102              		.loc 1 134 10 is_stmt 0 view .LVU39
 103 0038 36EE046A 		vadd.f32	s12, s12, s8
 104              	.LVL15:
 135:Drivers/CMSIS/DSP/Source/ComplexMathFunctions/arm_cmplx_mag_squared_f32.c **** 
 136:Drivers/CMSIS/DSP/Source/ComplexMathFunctions/arm_cmplx_mag_squared_f32.c ****     /* read imaginary input sample from source buffer */
 137:Drivers/CMSIS/DSP/Source/ComplexMathFunctions/arm_cmplx_mag_squared_f32.c ****     imag4 = pSrc[7];
 105              		.loc 1 137 5 is_stmt 1 view .LVU40
 106              		.loc 1 137 11 is_stmt 0 view .LVU41
 107 003c D0ED075A 		vldr.32	s11, [r0, #28]
 108              	.LVL16:
 138:Drivers/CMSIS/DSP/Source/ComplexMathFunctions/arm_cmplx_mag_squared_f32.c **** 
 139:Drivers/CMSIS/DSP/Source/ComplexMathFunctions/arm_cmplx_mag_squared_f32.c ****     /* accumulate real and imaginary powers */
 140:Drivers/CMSIS/DSP/Source/ComplexMathFunctions/arm_cmplx_mag_squared_f32.c ****     out2 = mul3 + mul4;
 109              		.loc 1 140 5 is_stmt 1 view .LVU42
 110              		.loc 1 140 10 is_stmt 0 view .LVU43
 111 0040 76EEA46A 		vadd.f32	s13, s13, s9
 112              	.LVL17:
 141:Drivers/CMSIS/DSP/Source/ComplexMathFunctions/arm_cmplx_mag_squared_f32.c **** 
 142:Drivers/CMSIS/DSP/Source/ComplexMathFunctions/arm_cmplx_mag_squared_f32.c ****     /* calculate power of real value */
 143:Drivers/CMSIS/DSP/Source/ComplexMathFunctions/arm_cmplx_mag_squared_f32.c ****     mul7 = real4 * real4;
 113              		.loc 1 143 5 is_stmt 1 view .LVU44
 114              		.loc 1 143 10 is_stmt 0 view .LVU45
 115 0044 67EEA77A 		vmul.f32	s15, s15, s15
 116              	.LVL18:
 144:Drivers/CMSIS/DSP/Source/ComplexMathFunctions/arm_cmplx_mag_squared_f32.c ****     /* calculate power of imaginary value */
 145:Drivers/CMSIS/DSP/Source/ComplexMathFunctions/arm_cmplx_mag_squared_f32.c ****     mul8 = imag4 * imag4;
 117              		.loc 1 145 5 is_stmt 1 view .LVU46
 118              		.loc 1 145 10 is_stmt 0 view .LVU47
 119 0048 65EEA55A 		vmul.f32	s11, s11, s11
 120              	.LVL19:
 146:Drivers/CMSIS/DSP/Source/ComplexMathFunctions/arm_cmplx_mag_squared_f32.c **** 
 147:Drivers/CMSIS/DSP/Source/ComplexMathFunctions/arm_cmplx_mag_squared_f32.c ****     /* store output to destination */
 148:Drivers/CMSIS/DSP/Source/ComplexMathFunctions/arm_cmplx_mag_squared_f32.c ****     pDst[0] = out1;
 121              		.loc 1 148 5 is_stmt 1 view .LVU48
 122              		.loc 1 148 13 is_stmt 0 view .LVU49
 123 004c 81ED006A 		vstr.32	s12, [r1]
 124              	.LVL20:
 149:Drivers/CMSIS/DSP/Source/ComplexMathFunctions/arm_cmplx_mag_squared_f32.c **** 
 150:Drivers/CMSIS/DSP/Source/ComplexMathFunctions/arm_cmplx_mag_squared_f32.c ****     /* accumulate real and imaginary powers */
 151:Drivers/CMSIS/DSP/Source/ComplexMathFunctions/arm_cmplx_mag_squared_f32.c ****     out3 = mul5 + mul6;
 125              		.loc 1 151 5 is_stmt 1 view .LVU50
 126              		.loc 1 151 10 is_stmt 0 view .LVU51
 127 0050 37EE057A 		vadd.f32	s14, s14, s10
 128              	.LVL21:
 152:Drivers/CMSIS/DSP/Source/ComplexMathFunctions/arm_cmplx_mag_squared_f32.c **** 
 153:Drivers/CMSIS/DSP/Source/ComplexMathFunctions/arm_cmplx_mag_squared_f32.c ****     /* store output to destination */
 154:Drivers/CMSIS/DSP/Source/ComplexMathFunctions/arm_cmplx_mag_squared_f32.c ****     pDst[1] = out2;
 129              		.loc 1 154 5 is_stmt 1 view .LVU52
 130              		.loc 1 154 13 is_stmt 0 view .LVU53
 131 0054 C1ED016A 		vstr.32	s13, [r1, #4]
 155:Drivers/CMSIS/DSP/Source/ComplexMathFunctions/arm_cmplx_mag_squared_f32.c **** 
ARM GAS  /var/folders/n6/c271nzx11xl4r4_m7sqjlt0m0000gn/T//ccQA4lab.s 			page 6


 156:Drivers/CMSIS/DSP/Source/ComplexMathFunctions/arm_cmplx_mag_squared_f32.c ****     /* accumulate real and imaginary powers */
 157:Drivers/CMSIS/DSP/Source/ComplexMathFunctions/arm_cmplx_mag_squared_f32.c ****     out4 = mul7 + mul8;
 132              		.loc 1 157 5 is_stmt 1 view .LVU54
 133              		.loc 1 157 10 is_stmt 0 view .LVU55
 134 0058 77EEA57A 		vadd.f32	s15, s15, s11
 135              	.LVL22:
 158:Drivers/CMSIS/DSP/Source/ComplexMathFunctions/arm_cmplx_mag_squared_f32.c **** 
 159:Drivers/CMSIS/DSP/Source/ComplexMathFunctions/arm_cmplx_mag_squared_f32.c ****     /* store output to destination */
 160:Drivers/CMSIS/DSP/Source/ComplexMathFunctions/arm_cmplx_mag_squared_f32.c ****     pDst[2] = out3;
 136              		.loc 1 160 5 is_stmt 1 view .LVU56
 137              		.loc 1 160 13 is_stmt 0 view .LVU57
 138 005c 81ED027A 		vstr.32	s14, [r1, #8]
 161:Drivers/CMSIS/DSP/Source/ComplexMathFunctions/arm_cmplx_mag_squared_f32.c **** 
 162:Drivers/CMSIS/DSP/Source/ComplexMathFunctions/arm_cmplx_mag_squared_f32.c ****     /* increment destination pointer by 8 to process next samples */
 163:Drivers/CMSIS/DSP/Source/ComplexMathFunctions/arm_cmplx_mag_squared_f32.c ****     pSrc += 8U;
 139              		.loc 1 163 5 is_stmt 1 view .LVU58
 140              		.loc 1 163 10 is_stmt 0 view .LVU59
 141 0060 2030     		adds	r0, r0, #32
 142              	.LVL23:
 164:Drivers/CMSIS/DSP/Source/ComplexMathFunctions/arm_cmplx_mag_squared_f32.c **** 
 165:Drivers/CMSIS/DSP/Source/ComplexMathFunctions/arm_cmplx_mag_squared_f32.c ****     /* store output to destination */
 166:Drivers/CMSIS/DSP/Source/ComplexMathFunctions/arm_cmplx_mag_squared_f32.c ****     pDst[3] = out4;
 143              		.loc 1 166 5 is_stmt 1 view .LVU60
 144              		.loc 1 166 13 is_stmt 0 view .LVU61
 145 0062 C1ED037A 		vstr.32	s15, [r1, #12]
 167:Drivers/CMSIS/DSP/Source/ComplexMathFunctions/arm_cmplx_mag_squared_f32.c **** 
 168:Drivers/CMSIS/DSP/Source/ComplexMathFunctions/arm_cmplx_mag_squared_f32.c ****     /* increment destination pointer by 4 to process next samples */
 169:Drivers/CMSIS/DSP/Source/ComplexMathFunctions/arm_cmplx_mag_squared_f32.c ****     pDst += 4U;
 146              		.loc 1 169 5 is_stmt 1 view .LVU62
 147              		.loc 1 169 10 is_stmt 0 view .LVU63
 148 0066 1031     		adds	r1, r1, #16
 149              	.LVL24:
 170:Drivers/CMSIS/DSP/Source/ComplexMathFunctions/arm_cmplx_mag_squared_f32.c **** 
 171:Drivers/CMSIS/DSP/Source/ComplexMathFunctions/arm_cmplx_mag_squared_f32.c ****     /* Decrement the loop counter */
 172:Drivers/CMSIS/DSP/Source/ComplexMathFunctions/arm_cmplx_mag_squared_f32.c ****     blkCnt--;
 150              		.loc 1 172 5 is_stmt 1 view .LVU64
 151              		.loc 1 172 11 is_stmt 0 view .LVU65
 152 0068 013B     		subs	r3, r3, #1
 153              	.LVL25:
 154              	.L2:
  93:Drivers/CMSIS/DSP/Source/ComplexMathFunctions/arm_cmplx_mag_squared_f32.c ****   {
 155              		.loc 1 93 17 is_stmt 1 view .LVU66
 156 006a 002B     		cmp	r3, #0
 157 006c CAD1     		bne	.L3
 173:Drivers/CMSIS/DSP/Source/ComplexMathFunctions/arm_cmplx_mag_squared_f32.c ****   }
 174:Drivers/CMSIS/DSP/Source/ComplexMathFunctions/arm_cmplx_mag_squared_f32.c **** 
 175:Drivers/CMSIS/DSP/Source/ComplexMathFunctions/arm_cmplx_mag_squared_f32.c ****   /* If the numSamples is not a multiple of 4, compute any remaining output samples here.
 176:Drivers/CMSIS/DSP/Source/ComplexMathFunctions/arm_cmplx_mag_squared_f32.c ****    ** No loop unrolling is used. */
 177:Drivers/CMSIS/DSP/Source/ComplexMathFunctions/arm_cmplx_mag_squared_f32.c ****   blkCnt = numSamples % 0x4U;
 158              		.loc 1 177 3 view .LVU67
 159              		.loc 1 177 10 is_stmt 0 view .LVU68
 160 006e 02F00302 		and	r2, r2, #3
 161              	.LVL26:
 178:Drivers/CMSIS/DSP/Source/ComplexMathFunctions/arm_cmplx_mag_squared_f32.c **** 
 179:Drivers/CMSIS/DSP/Source/ComplexMathFunctions/arm_cmplx_mag_squared_f32.c **** #else
 180:Drivers/CMSIS/DSP/Source/ComplexMathFunctions/arm_cmplx_mag_squared_f32.c **** 
 181:Drivers/CMSIS/DSP/Source/ComplexMathFunctions/arm_cmplx_mag_squared_f32.c ****   /* Run the below code for Cortex-M0 */
ARM GAS  /var/folders/n6/c271nzx11xl4r4_m7sqjlt0m0000gn/T//ccQA4lab.s 			page 7


 182:Drivers/CMSIS/DSP/Source/ComplexMathFunctions/arm_cmplx_mag_squared_f32.c **** 
 183:Drivers/CMSIS/DSP/Source/ComplexMathFunctions/arm_cmplx_mag_squared_f32.c ****   blkCnt = numSamples;
 184:Drivers/CMSIS/DSP/Source/ComplexMathFunctions/arm_cmplx_mag_squared_f32.c **** 
 185:Drivers/CMSIS/DSP/Source/ComplexMathFunctions/arm_cmplx_mag_squared_f32.c **** #endif /* #if defined (ARM_MATH_DSP) */
 186:Drivers/CMSIS/DSP/Source/ComplexMathFunctions/arm_cmplx_mag_squared_f32.c **** 
 187:Drivers/CMSIS/DSP/Source/ComplexMathFunctions/arm_cmplx_mag_squared_f32.c ****   while (blkCnt > 0U)
 162              		.loc 1 187 3 is_stmt 1 view .LVU69
 163              		.loc 1 187 9 is_stmt 0 view .LVU70
 164 0072 0FE0     		b	.L4
 165              	.L5:
 188:Drivers/CMSIS/DSP/Source/ComplexMathFunctions/arm_cmplx_mag_squared_f32.c ****   {
 189:Drivers/CMSIS/DSP/Source/ComplexMathFunctions/arm_cmplx_mag_squared_f32.c ****     /* C[0] = (A[0] * A[0] + A[1] * A[1]) */
 190:Drivers/CMSIS/DSP/Source/ComplexMathFunctions/arm_cmplx_mag_squared_f32.c ****     real = *pSrc++;
 166              		.loc 1 190 5 is_stmt 1 view .LVU71
 167              	.LVL27:
 168              		.loc 1 190 10 is_stmt 0 view .LVU72
 169 0074 0346     		mov	r3, r0
 170 0076 0833     		adds	r3, r3, #8
 171 0078 D0ED007A 		vldr.32	s15, [r0]
 172              	.LVL28:
 191:Drivers/CMSIS/DSP/Source/ComplexMathFunctions/arm_cmplx_mag_squared_f32.c ****     imag = *pSrc++;
 173              		.loc 1 191 5 is_stmt 1 view .LVU73
 174              		.loc 1 191 10 is_stmt 0 view .LVU74
 175 007c 90ED017A 		vldr.32	s14, [r0, #4]
 176              	.LVL29:
 192:Drivers/CMSIS/DSP/Source/ComplexMathFunctions/arm_cmplx_mag_squared_f32.c **** 
 193:Drivers/CMSIS/DSP/Source/ComplexMathFunctions/arm_cmplx_mag_squared_f32.c ****     /* out = (real * real) + (imag * imag) */
 194:Drivers/CMSIS/DSP/Source/ComplexMathFunctions/arm_cmplx_mag_squared_f32.c ****     /* store the result in the destination buffer. */
 195:Drivers/CMSIS/DSP/Source/ComplexMathFunctions/arm_cmplx_mag_squared_f32.c ****     *pDst++ = (real * real) + (imag * imag);
 177              		.loc 1 195 5 is_stmt 1 view .LVU75
 178              		.loc 1 195 21 is_stmt 0 view .LVU76
 179 0080 67EEA77A 		vmul.f32	s15, s15, s15
 180              	.LVL30:
 181              		.loc 1 195 37 view .LVU77
 182 0084 27EE077A 		vmul.f32	s14, s14, s14
 183              	.LVL31:
 184              		.loc 1 195 29 view .LVU78
 185 0088 77EE877A 		vadd.f32	s15, s15, s14
 186              		.loc 1 195 13 view .LVU79
 187 008c E1EC017A 		vstmia.32	r1!, {s15}
 188              	.LVL32:
 196:Drivers/CMSIS/DSP/Source/ComplexMathFunctions/arm_cmplx_mag_squared_f32.c **** 
 197:Drivers/CMSIS/DSP/Source/ComplexMathFunctions/arm_cmplx_mag_squared_f32.c ****     /* Decrement the loop counter */
 198:Drivers/CMSIS/DSP/Source/ComplexMathFunctions/arm_cmplx_mag_squared_f32.c ****     blkCnt--;
 189              		.loc 1 198 5 is_stmt 1 view .LVU80
 190              		.loc 1 198 11 is_stmt 0 view .LVU81
 191 0090 013A     		subs	r2, r2, #1
 192              	.LVL33:
 191:Drivers/CMSIS/DSP/Source/ComplexMathFunctions/arm_cmplx_mag_squared_f32.c **** 
 193              		.loc 1 191 17 view .LVU82
 194 0092 1846     		mov	r0, r3
 195              	.LVL34:
 196              	.L4:
 187:Drivers/CMSIS/DSP/Source/ComplexMathFunctions/arm_cmplx_mag_squared_f32.c ****   {
 197              		.loc 1 187 17 is_stmt 1 view .LVU83
 198 0094 002A     		cmp	r2, #0
 199 0096 EDD1     		bne	.L5
ARM GAS  /var/folders/n6/c271nzx11xl4r4_m7sqjlt0m0000gn/T//ccQA4lab.s 			page 8


 199:Drivers/CMSIS/DSP/Source/ComplexMathFunctions/arm_cmplx_mag_squared_f32.c ****   }
 200:Drivers/CMSIS/DSP/Source/ComplexMathFunctions/arm_cmplx_mag_squared_f32.c **** }
 200              		.loc 1 200 1 is_stmt 0 view .LVU84
 201 0098 7047     		bx	lr
 202              		.cfi_endproc
 203              	.LFE135:
 205              		.text
 206              	.Letext0:
 207              		.file 2 "/Users/killian/Library/Application Support/Code/User/globalStorage/bmd.stm32-for-vscode/@
 208              		.file 3 "/Users/killian/Library/Application Support/Code/User/globalStorage/bmd.stm32-for-vscode/@
 209              		.file 4 "Drivers/CMSIS/DSP/Include/arm_math.h"
ARM GAS  /var/folders/n6/c271nzx11xl4r4_m7sqjlt0m0000gn/T//ccQA4lab.s 			page 9


DEFINED SYMBOLS
                            *ABS*:00000000 arm_cmplx_mag_squared_f32.c
/var/folders/n6/c271nzx11xl4r4_m7sqjlt0m0000gn/T//ccQA4lab.s:20     .text.arm_cmplx_mag_squared_f32:00000000 $t
/var/folders/n6/c271nzx11xl4r4_m7sqjlt0m0000gn/T//ccQA4lab.s:26     .text.arm_cmplx_mag_squared_f32:00000000 arm_cmplx_mag_squared_f32

NO UNDEFINED SYMBOLS
