ARM GAS  /var/folders/n6/c271nzx11xl4r4_m7sqjlt0m0000gn/T//ccmJEjri.s 			page 1


   1              		.cpu cortex-m7
   2              		.arch armv7e-m
   3              		.fpu fpv5-d16
   4              		.eabi_attribute 28, 1
   5              		.eabi_attribute 20, 1
   6              		.eabi_attribute 21, 1
   7              		.eabi_attribute 23, 3
   8              		.eabi_attribute 24, 1
   9              		.eabi_attribute 25, 1
  10              		.eabi_attribute 26, 1
  11              		.eabi_attribute 30, 1
  12              		.eabi_attribute 34, 1
  13              		.eabi_attribute 18, 4
  14              		.file	"arm_fill_q31.c"
  15              		.text
  16              	.Ltext0:
  17              		.cfi_sections	.debug_frame
  18              		.file 1 "Drivers/CMSIS/DSP/Source/SupportFunctions/arm_fill_q31.c"
  19              		.section	.text.arm_fill_q31,"ax",%progbits
  20              		.align	1
  21              		.global	arm_fill_q31
  22              		.syntax unified
  23              		.thumb
  24              		.thumb_func
  26              	arm_fill_q31:
  27              	.LVL0:
  28              	.LFB135:
   1:Drivers/CMSIS/DSP/Source/SupportFunctions/arm_fill_q31.c **** /* ----------------------------------------------------------------------
   2:Drivers/CMSIS/DSP/Source/SupportFunctions/arm_fill_q31.c ****  * Project:      CMSIS DSP Library
   3:Drivers/CMSIS/DSP/Source/SupportFunctions/arm_fill_q31.c ****  * Title:        arm_fill_q31.c
   4:Drivers/CMSIS/DSP/Source/SupportFunctions/arm_fill_q31.c ****  * Description:  Fills a constant value into a Q31 vector
   5:Drivers/CMSIS/DSP/Source/SupportFunctions/arm_fill_q31.c ****  *
   6:Drivers/CMSIS/DSP/Source/SupportFunctions/arm_fill_q31.c ****  * $Date:        27. January 2017
   7:Drivers/CMSIS/DSP/Source/SupportFunctions/arm_fill_q31.c ****  * $Revision:    V.1.5.1
   8:Drivers/CMSIS/DSP/Source/SupportFunctions/arm_fill_q31.c ****  *
   9:Drivers/CMSIS/DSP/Source/SupportFunctions/arm_fill_q31.c ****  * Target Processor: Cortex-M cores
  10:Drivers/CMSIS/DSP/Source/SupportFunctions/arm_fill_q31.c ****  * -------------------------------------------------------------------- */
  11:Drivers/CMSIS/DSP/Source/SupportFunctions/arm_fill_q31.c **** /*
  12:Drivers/CMSIS/DSP/Source/SupportFunctions/arm_fill_q31.c ****  * Copyright (C) 2010-2017 ARM Limited or its affiliates. All rights reserved.
  13:Drivers/CMSIS/DSP/Source/SupportFunctions/arm_fill_q31.c ****  *
  14:Drivers/CMSIS/DSP/Source/SupportFunctions/arm_fill_q31.c ****  * SPDX-License-Identifier: Apache-2.0
  15:Drivers/CMSIS/DSP/Source/SupportFunctions/arm_fill_q31.c ****  *
  16:Drivers/CMSIS/DSP/Source/SupportFunctions/arm_fill_q31.c ****  * Licensed under the Apache License, Version 2.0 (the License); you may
  17:Drivers/CMSIS/DSP/Source/SupportFunctions/arm_fill_q31.c ****  * not use this file except in compliance with the License.
  18:Drivers/CMSIS/DSP/Source/SupportFunctions/arm_fill_q31.c ****  * You may obtain a copy of the License at
  19:Drivers/CMSIS/DSP/Source/SupportFunctions/arm_fill_q31.c ****  *
  20:Drivers/CMSIS/DSP/Source/SupportFunctions/arm_fill_q31.c ****  * www.apache.org/licenses/LICENSE-2.0
  21:Drivers/CMSIS/DSP/Source/SupportFunctions/arm_fill_q31.c ****  *
  22:Drivers/CMSIS/DSP/Source/SupportFunctions/arm_fill_q31.c ****  * Unless required by applicable law or agreed to in writing, software
  23:Drivers/CMSIS/DSP/Source/SupportFunctions/arm_fill_q31.c ****  * distributed under the License is distributed on an AS IS BASIS, WITHOUT
  24:Drivers/CMSIS/DSP/Source/SupportFunctions/arm_fill_q31.c ****  * WARRANTIES OR CONDITIONS OF ANY KIND, either express or implied.
  25:Drivers/CMSIS/DSP/Source/SupportFunctions/arm_fill_q31.c ****  * See the License for the specific language governing permissions and
  26:Drivers/CMSIS/DSP/Source/SupportFunctions/arm_fill_q31.c ****  * limitations under the License.
  27:Drivers/CMSIS/DSP/Source/SupportFunctions/arm_fill_q31.c ****  */
  28:Drivers/CMSIS/DSP/Source/SupportFunctions/arm_fill_q31.c **** 
  29:Drivers/CMSIS/DSP/Source/SupportFunctions/arm_fill_q31.c **** #include "arm_math.h"
  30:Drivers/CMSIS/DSP/Source/SupportFunctions/arm_fill_q31.c **** 
ARM GAS  /var/folders/n6/c271nzx11xl4r4_m7sqjlt0m0000gn/T//ccmJEjri.s 			page 2


  31:Drivers/CMSIS/DSP/Source/SupportFunctions/arm_fill_q31.c **** /**
  32:Drivers/CMSIS/DSP/Source/SupportFunctions/arm_fill_q31.c ****  * @ingroup groupSupport
  33:Drivers/CMSIS/DSP/Source/SupportFunctions/arm_fill_q31.c ****  */
  34:Drivers/CMSIS/DSP/Source/SupportFunctions/arm_fill_q31.c **** 
  35:Drivers/CMSIS/DSP/Source/SupportFunctions/arm_fill_q31.c **** /**
  36:Drivers/CMSIS/DSP/Source/SupportFunctions/arm_fill_q31.c ****  * @addtogroup Fill
  37:Drivers/CMSIS/DSP/Source/SupportFunctions/arm_fill_q31.c ****  * @{
  38:Drivers/CMSIS/DSP/Source/SupportFunctions/arm_fill_q31.c ****  */
  39:Drivers/CMSIS/DSP/Source/SupportFunctions/arm_fill_q31.c **** 
  40:Drivers/CMSIS/DSP/Source/SupportFunctions/arm_fill_q31.c **** /**
  41:Drivers/CMSIS/DSP/Source/SupportFunctions/arm_fill_q31.c ****  * @brief Fills a constant value into a Q31 vector.
  42:Drivers/CMSIS/DSP/Source/SupportFunctions/arm_fill_q31.c ****  * @param[in]       value input value to be filled
  43:Drivers/CMSIS/DSP/Source/SupportFunctions/arm_fill_q31.c ****  * @param[out]      *pDst points to output vector
  44:Drivers/CMSIS/DSP/Source/SupportFunctions/arm_fill_q31.c ****  * @param[in]       blockSize length of the output vector
  45:Drivers/CMSIS/DSP/Source/SupportFunctions/arm_fill_q31.c ****  * @return none.
  46:Drivers/CMSIS/DSP/Source/SupportFunctions/arm_fill_q31.c ****  *
  47:Drivers/CMSIS/DSP/Source/SupportFunctions/arm_fill_q31.c ****  */
  48:Drivers/CMSIS/DSP/Source/SupportFunctions/arm_fill_q31.c **** 
  49:Drivers/CMSIS/DSP/Source/SupportFunctions/arm_fill_q31.c **** void arm_fill_q31(
  50:Drivers/CMSIS/DSP/Source/SupportFunctions/arm_fill_q31.c ****   q31_t value,
  51:Drivers/CMSIS/DSP/Source/SupportFunctions/arm_fill_q31.c ****   q31_t * pDst,
  52:Drivers/CMSIS/DSP/Source/SupportFunctions/arm_fill_q31.c ****   uint32_t blockSize)
  53:Drivers/CMSIS/DSP/Source/SupportFunctions/arm_fill_q31.c **** {
  29              		.loc 1 53 1 view -0
  30              		.cfi_startproc
  31              		@ args = 0, pretend = 0, frame = 0
  32              		@ frame_needed = 0, uses_anonymous_args = 0
  33              		@ link register save eliminated.
  54:Drivers/CMSIS/DSP/Source/SupportFunctions/arm_fill_q31.c ****   uint32_t blkCnt;                               /* loop counter */
  34              		.loc 1 54 3 view .LVU1
  55:Drivers/CMSIS/DSP/Source/SupportFunctions/arm_fill_q31.c **** 
  56:Drivers/CMSIS/DSP/Source/SupportFunctions/arm_fill_q31.c **** 
  57:Drivers/CMSIS/DSP/Source/SupportFunctions/arm_fill_q31.c **** #if defined (ARM_MATH_DSP)
  58:Drivers/CMSIS/DSP/Source/SupportFunctions/arm_fill_q31.c **** 
  59:Drivers/CMSIS/DSP/Source/SupportFunctions/arm_fill_q31.c ****   /* Run the below code for Cortex-M4 and Cortex-M3 */
  60:Drivers/CMSIS/DSP/Source/SupportFunctions/arm_fill_q31.c ****   q31_t in1 = value;
  35              		.loc 1 60 3 view .LVU2
  61:Drivers/CMSIS/DSP/Source/SupportFunctions/arm_fill_q31.c ****   q31_t in2 = value;
  36              		.loc 1 61 3 view .LVU3
  62:Drivers/CMSIS/DSP/Source/SupportFunctions/arm_fill_q31.c ****   q31_t in3 = value;
  37              		.loc 1 62 3 view .LVU4
  63:Drivers/CMSIS/DSP/Source/SupportFunctions/arm_fill_q31.c ****   q31_t in4 = value;
  38              		.loc 1 63 3 view .LVU5
  64:Drivers/CMSIS/DSP/Source/SupportFunctions/arm_fill_q31.c **** 
  65:Drivers/CMSIS/DSP/Source/SupportFunctions/arm_fill_q31.c ****   /*loop Unrolling */
  66:Drivers/CMSIS/DSP/Source/SupportFunctions/arm_fill_q31.c ****   blkCnt = blockSize >> 2U;
  39              		.loc 1 66 3 view .LVU6
  40              		.loc 1 66 10 is_stmt 0 view .LVU7
  41 0000 9308     		lsrs	r3, r2, #2
  42              	.LVL1:
  67:Drivers/CMSIS/DSP/Source/SupportFunctions/arm_fill_q31.c **** 
  68:Drivers/CMSIS/DSP/Source/SupportFunctions/arm_fill_q31.c ****   /* First part of the processing with loop unrolling.  Compute 4 outputs at a time.
  69:Drivers/CMSIS/DSP/Source/SupportFunctions/arm_fill_q31.c ****    ** a second loop below computes the remaining 1 to 3 samples. */
  70:Drivers/CMSIS/DSP/Source/SupportFunctions/arm_fill_q31.c ****   while (blkCnt > 0U)
  43              		.loc 1 70 3 is_stmt 1 view .LVU8
  44              		.loc 1 70 9 is_stmt 0 view .LVU9
  45 0002 05E0     		b	.L2
ARM GAS  /var/folders/n6/c271nzx11xl4r4_m7sqjlt0m0000gn/T//ccmJEjri.s 			page 3


  46              	.L3:
  71:Drivers/CMSIS/DSP/Source/SupportFunctions/arm_fill_q31.c ****   {
  72:Drivers/CMSIS/DSP/Source/SupportFunctions/arm_fill_q31.c ****     /* C = value */
  73:Drivers/CMSIS/DSP/Source/SupportFunctions/arm_fill_q31.c ****     /* Fill the value in the destination buffer */
  74:Drivers/CMSIS/DSP/Source/SupportFunctions/arm_fill_q31.c ****     *pDst++ = in1;
  47              		.loc 1 74 5 is_stmt 1 view .LVU10
  48              	.LVL2:
  49              		.loc 1 74 13 is_stmt 0 view .LVU11
  50 0004 0860     		str	r0, [r1]
  75:Drivers/CMSIS/DSP/Source/SupportFunctions/arm_fill_q31.c ****     *pDst++ = in2;
  51              		.loc 1 75 5 is_stmt 1 view .LVU12
  52              	.LVL3:
  53              		.loc 1 75 13 is_stmt 0 view .LVU13
  54 0006 4860     		str	r0, [r1, #4]
  76:Drivers/CMSIS/DSP/Source/SupportFunctions/arm_fill_q31.c ****     *pDst++ = in3;
  55              		.loc 1 76 5 is_stmt 1 view .LVU14
  56              	.LVL4:
  57              		.loc 1 76 13 is_stmt 0 view .LVU15
  58 0008 8860     		str	r0, [r1, #8]
  77:Drivers/CMSIS/DSP/Source/SupportFunctions/arm_fill_q31.c ****     *pDst++ = in4;
  59              		.loc 1 77 5 is_stmt 1 view .LVU16
  60              	.LVL5:
  61              		.loc 1 77 13 is_stmt 0 view .LVU17
  62 000a C860     		str	r0, [r1, #12]
  78:Drivers/CMSIS/DSP/Source/SupportFunctions/arm_fill_q31.c **** 
  79:Drivers/CMSIS/DSP/Source/SupportFunctions/arm_fill_q31.c ****     /* Decrement the loop counter */
  80:Drivers/CMSIS/DSP/Source/SupportFunctions/arm_fill_q31.c ****     blkCnt--;
  63              		.loc 1 80 5 is_stmt 1 view .LVU18
  64              		.loc 1 80 11 is_stmt 0 view .LVU19
  65 000c 013B     		subs	r3, r3, #1
  66              	.LVL6:
  77:Drivers/CMSIS/DSP/Source/SupportFunctions/arm_fill_q31.c ****     *pDst++ = in4;
  67              		.loc 1 77 10 view .LVU20
  68 000e 1031     		adds	r1, r1, #16
  69              	.LVL7:
  70              	.L2:
  70:Drivers/CMSIS/DSP/Source/SupportFunctions/arm_fill_q31.c ****   {
  71              		.loc 1 70 17 is_stmt 1 view .LVU21
  72 0010 002B     		cmp	r3, #0
  73 0012 F7D1     		bne	.L3
  81:Drivers/CMSIS/DSP/Source/SupportFunctions/arm_fill_q31.c ****   }
  82:Drivers/CMSIS/DSP/Source/SupportFunctions/arm_fill_q31.c **** 
  83:Drivers/CMSIS/DSP/Source/SupportFunctions/arm_fill_q31.c ****   /* If the blockSize is not a multiple of 4, compute any remaining output samples here.
  84:Drivers/CMSIS/DSP/Source/SupportFunctions/arm_fill_q31.c ****    ** No loop unrolling is used. */
  85:Drivers/CMSIS/DSP/Source/SupportFunctions/arm_fill_q31.c ****   blkCnt = blockSize % 0x4U;
  74              		.loc 1 85 3 view .LVU22
  75              		.loc 1 85 10 is_stmt 0 view .LVU23
  76 0014 02F00302 		and	r2, r2, #3
  77              	.LVL8:
  86:Drivers/CMSIS/DSP/Source/SupportFunctions/arm_fill_q31.c **** 
  87:Drivers/CMSIS/DSP/Source/SupportFunctions/arm_fill_q31.c **** #else
  88:Drivers/CMSIS/DSP/Source/SupportFunctions/arm_fill_q31.c **** 
  89:Drivers/CMSIS/DSP/Source/SupportFunctions/arm_fill_q31.c ****   /* Run the below code for Cortex-M0 */
  90:Drivers/CMSIS/DSP/Source/SupportFunctions/arm_fill_q31.c **** 
  91:Drivers/CMSIS/DSP/Source/SupportFunctions/arm_fill_q31.c ****   /* Loop over blockSize number of values */
  92:Drivers/CMSIS/DSP/Source/SupportFunctions/arm_fill_q31.c ****   blkCnt = blockSize;
  93:Drivers/CMSIS/DSP/Source/SupportFunctions/arm_fill_q31.c **** 
ARM GAS  /var/folders/n6/c271nzx11xl4r4_m7sqjlt0m0000gn/T//ccmJEjri.s 			page 4


  94:Drivers/CMSIS/DSP/Source/SupportFunctions/arm_fill_q31.c **** #endif /* #if defined (ARM_MATH_DSP) */
  95:Drivers/CMSIS/DSP/Source/SupportFunctions/arm_fill_q31.c **** 
  96:Drivers/CMSIS/DSP/Source/SupportFunctions/arm_fill_q31.c ****   while (blkCnt > 0U)
  78              		.loc 1 96 3 is_stmt 1 view .LVU24
  79              		.loc 1 96 9 is_stmt 0 view .LVU25
  80 0018 02E0     		b	.L4
  81              	.L5:
  97:Drivers/CMSIS/DSP/Source/SupportFunctions/arm_fill_q31.c ****   {
  98:Drivers/CMSIS/DSP/Source/SupportFunctions/arm_fill_q31.c ****     /* C = value */
  99:Drivers/CMSIS/DSP/Source/SupportFunctions/arm_fill_q31.c ****     /* Fill the value in the destination buffer */
 100:Drivers/CMSIS/DSP/Source/SupportFunctions/arm_fill_q31.c ****     *pDst++ = value;
  82              		.loc 1 100 5 is_stmt 1 view .LVU26
  83              	.LVL9:
  84              		.loc 1 100 13 is_stmt 0 view .LVU27
  85 001a 41F8040B 		str	r0, [r1], #4
  86              	.LVL10:
 101:Drivers/CMSIS/DSP/Source/SupportFunctions/arm_fill_q31.c **** 
 102:Drivers/CMSIS/DSP/Source/SupportFunctions/arm_fill_q31.c ****     /* Decrement the loop counter */
 103:Drivers/CMSIS/DSP/Source/SupportFunctions/arm_fill_q31.c ****     blkCnt--;
  87              		.loc 1 103 5 is_stmt 1 view .LVU28
  88              		.loc 1 103 11 is_stmt 0 view .LVU29
  89 001e 013A     		subs	r2, r2, #1
  90              	.LVL11:
  91              	.L4:
  96:Drivers/CMSIS/DSP/Source/SupportFunctions/arm_fill_q31.c ****   {
  92              		.loc 1 96 17 is_stmt 1 view .LVU30
  93 0020 002A     		cmp	r2, #0
  94 0022 FAD1     		bne	.L5
 104:Drivers/CMSIS/DSP/Source/SupportFunctions/arm_fill_q31.c ****   }
 105:Drivers/CMSIS/DSP/Source/SupportFunctions/arm_fill_q31.c **** }
  95              		.loc 1 105 1 is_stmt 0 view .LVU31
  96 0024 7047     		bx	lr
  97              		.cfi_endproc
  98              	.LFE135:
 100              		.text
 101              	.Letext0:
 102              		.file 2 "/Users/killian/Library/Application Support/Code/User/globalStorage/bmd.stm32-for-vscode/@
 103              		.file 3 "/Users/killian/Library/Application Support/Code/User/globalStorage/bmd.stm32-for-vscode/@
 104              		.file 4 "Drivers/CMSIS/DSP/Include/arm_math.h"
ARM GAS  /var/folders/n6/c271nzx11xl4r4_m7sqjlt0m0000gn/T//ccmJEjri.s 			page 5


DEFINED SYMBOLS
                            *ABS*:00000000 arm_fill_q31.c
/var/folders/n6/c271nzx11xl4r4_m7sqjlt0m0000gn/T//ccmJEjri.s:20     .text.arm_fill_q31:00000000 $t
/var/folders/n6/c271nzx11xl4r4_m7sqjlt0m0000gn/T//ccmJEjri.s:26     .text.arm_fill_q31:00000000 arm_fill_q31

NO UNDEFINED SYMBOLS
