ARM GAS  /var/folders/n6/c271nzx11xl4r4_m7sqjlt0m0000gn/T//ccmidreS.s 			page 1


   1              		.cpu cortex-m7
   2              		.arch armv7e-m
   3              		.fpu fpv5-d16
   4              		.eabi_attribute 28, 1
   5              		.eabi_attribute 20, 1
   6              		.eabi_attribute 21, 1
   7              		.eabi_attribute 23, 3
   8              		.eabi_attribute 24, 1
   9              		.eabi_attribute 25, 1
  10              		.eabi_attribute 26, 1
  11              		.eabi_attribute 30, 1
  12              		.eabi_attribute 34, 1
  13              		.eabi_attribute 18, 4
  14              		.file	"arm_cfft_q31.c"
  15              		.text
  16              	.Ltext0:
  17              		.cfi_sections	.debug_frame
  18              		.file 1 "Drivers/CMSIS/DSP/Source/TransformFunctions/arm_cfft_q31.c"
  19              		.section	.text.arm_cfft_radix4by2_q31,"ax",%progbits
  20              		.align	1
  21              		.global	arm_cfft_radix4by2_q31
  22              		.syntax unified
  23              		.thumb
  24              		.thumb_func
  26              	arm_cfft_radix4by2_q31:
  27              	.LVL0:
  28              	.LFB136:
   1:Drivers/CMSIS/DSP/Source/TransformFunctions/arm_cfft_q31.c **** /* ----------------------------------------------------------------------
   2:Drivers/CMSIS/DSP/Source/TransformFunctions/arm_cfft_q31.c ****  * Project:      CMSIS DSP Library
   3:Drivers/CMSIS/DSP/Source/TransformFunctions/arm_cfft_q31.c ****  * Title:        arm_cfft_q31.c
   4:Drivers/CMSIS/DSP/Source/TransformFunctions/arm_cfft_q31.c ****  * Description:  Combined Radix Decimation in Frequency CFFT fixed point processing function
   5:Drivers/CMSIS/DSP/Source/TransformFunctions/arm_cfft_q31.c ****  *
   6:Drivers/CMSIS/DSP/Source/TransformFunctions/arm_cfft_q31.c ****  * $Date:        27. January 2017
   7:Drivers/CMSIS/DSP/Source/TransformFunctions/arm_cfft_q31.c ****  * $Revision:    V.1.5.1
   8:Drivers/CMSIS/DSP/Source/TransformFunctions/arm_cfft_q31.c ****  *
   9:Drivers/CMSIS/DSP/Source/TransformFunctions/arm_cfft_q31.c ****  * Target Processor: Cortex-M cores
  10:Drivers/CMSIS/DSP/Source/TransformFunctions/arm_cfft_q31.c ****  * -------------------------------------------------------------------- */
  11:Drivers/CMSIS/DSP/Source/TransformFunctions/arm_cfft_q31.c **** /*
  12:Drivers/CMSIS/DSP/Source/TransformFunctions/arm_cfft_q31.c ****  * Copyright (C) 2010-2017 ARM Limited or its affiliates. All rights reserved.
  13:Drivers/CMSIS/DSP/Source/TransformFunctions/arm_cfft_q31.c ****  *
  14:Drivers/CMSIS/DSP/Source/TransformFunctions/arm_cfft_q31.c ****  * SPDX-License-Identifier: Apache-2.0
  15:Drivers/CMSIS/DSP/Source/TransformFunctions/arm_cfft_q31.c ****  *
  16:Drivers/CMSIS/DSP/Source/TransformFunctions/arm_cfft_q31.c ****  * Licensed under the Apache License, Version 2.0 (the License); you may
  17:Drivers/CMSIS/DSP/Source/TransformFunctions/arm_cfft_q31.c ****  * not use this file except in compliance with the License.
  18:Drivers/CMSIS/DSP/Source/TransformFunctions/arm_cfft_q31.c ****  * You may obtain a copy of the License at
  19:Drivers/CMSIS/DSP/Source/TransformFunctions/arm_cfft_q31.c ****  *
  20:Drivers/CMSIS/DSP/Source/TransformFunctions/arm_cfft_q31.c ****  * www.apache.org/licenses/LICENSE-2.0
  21:Drivers/CMSIS/DSP/Source/TransformFunctions/arm_cfft_q31.c ****  *
  22:Drivers/CMSIS/DSP/Source/TransformFunctions/arm_cfft_q31.c ****  * Unless required by applicable law or agreed to in writing, software
  23:Drivers/CMSIS/DSP/Source/TransformFunctions/arm_cfft_q31.c ****  * distributed under the License is distributed on an AS IS BASIS, WITHOUT
  24:Drivers/CMSIS/DSP/Source/TransformFunctions/arm_cfft_q31.c ****  * WARRANTIES OR CONDITIONS OF ANY KIND, either express or implied.
  25:Drivers/CMSIS/DSP/Source/TransformFunctions/arm_cfft_q31.c ****  * See the License for the specific language governing permissions and
  26:Drivers/CMSIS/DSP/Source/TransformFunctions/arm_cfft_q31.c ****  * limitations under the License.
  27:Drivers/CMSIS/DSP/Source/TransformFunctions/arm_cfft_q31.c ****  */
  28:Drivers/CMSIS/DSP/Source/TransformFunctions/arm_cfft_q31.c **** 
  29:Drivers/CMSIS/DSP/Source/TransformFunctions/arm_cfft_q31.c **** #include "arm_math.h"
  30:Drivers/CMSIS/DSP/Source/TransformFunctions/arm_cfft_q31.c **** 
ARM GAS  /var/folders/n6/c271nzx11xl4r4_m7sqjlt0m0000gn/T//ccmidreS.s 			page 2


  31:Drivers/CMSIS/DSP/Source/TransformFunctions/arm_cfft_q31.c **** extern void arm_radix4_butterfly_q31(
  32:Drivers/CMSIS/DSP/Source/TransformFunctions/arm_cfft_q31.c ****     q31_t * pSrc,
  33:Drivers/CMSIS/DSP/Source/TransformFunctions/arm_cfft_q31.c ****     uint32_t fftLen,
  34:Drivers/CMSIS/DSP/Source/TransformFunctions/arm_cfft_q31.c ****     q31_t * pCoef,
  35:Drivers/CMSIS/DSP/Source/TransformFunctions/arm_cfft_q31.c ****     uint32_t twidCoefModifier);
  36:Drivers/CMSIS/DSP/Source/TransformFunctions/arm_cfft_q31.c **** 
  37:Drivers/CMSIS/DSP/Source/TransformFunctions/arm_cfft_q31.c **** extern void arm_radix4_butterfly_inverse_q31(
  38:Drivers/CMSIS/DSP/Source/TransformFunctions/arm_cfft_q31.c ****     q31_t * pSrc,
  39:Drivers/CMSIS/DSP/Source/TransformFunctions/arm_cfft_q31.c ****     uint32_t fftLen,
  40:Drivers/CMSIS/DSP/Source/TransformFunctions/arm_cfft_q31.c ****     q31_t * pCoef,
  41:Drivers/CMSIS/DSP/Source/TransformFunctions/arm_cfft_q31.c ****     uint32_t twidCoefModifier);
  42:Drivers/CMSIS/DSP/Source/TransformFunctions/arm_cfft_q31.c **** 
  43:Drivers/CMSIS/DSP/Source/TransformFunctions/arm_cfft_q31.c **** extern void arm_bitreversal_32(
  44:Drivers/CMSIS/DSP/Source/TransformFunctions/arm_cfft_q31.c ****     uint32_t * pSrc,
  45:Drivers/CMSIS/DSP/Source/TransformFunctions/arm_cfft_q31.c ****     const uint16_t bitRevLen,
  46:Drivers/CMSIS/DSP/Source/TransformFunctions/arm_cfft_q31.c ****     const uint16_t * pBitRevTable);
  47:Drivers/CMSIS/DSP/Source/TransformFunctions/arm_cfft_q31.c **** 
  48:Drivers/CMSIS/DSP/Source/TransformFunctions/arm_cfft_q31.c **** void arm_cfft_radix4by2_q31(
  49:Drivers/CMSIS/DSP/Source/TransformFunctions/arm_cfft_q31.c ****     q31_t * pSrc,
  50:Drivers/CMSIS/DSP/Source/TransformFunctions/arm_cfft_q31.c ****     uint32_t fftLen,
  51:Drivers/CMSIS/DSP/Source/TransformFunctions/arm_cfft_q31.c ****     const q31_t * pCoef);
  52:Drivers/CMSIS/DSP/Source/TransformFunctions/arm_cfft_q31.c **** 
  53:Drivers/CMSIS/DSP/Source/TransformFunctions/arm_cfft_q31.c **** void arm_cfft_radix4by2_inverse_q31(
  54:Drivers/CMSIS/DSP/Source/TransformFunctions/arm_cfft_q31.c ****     q31_t * pSrc,
  55:Drivers/CMSIS/DSP/Source/TransformFunctions/arm_cfft_q31.c ****     uint32_t fftLen,
  56:Drivers/CMSIS/DSP/Source/TransformFunctions/arm_cfft_q31.c ****     const q31_t * pCoef);
  57:Drivers/CMSIS/DSP/Source/TransformFunctions/arm_cfft_q31.c **** 
  58:Drivers/CMSIS/DSP/Source/TransformFunctions/arm_cfft_q31.c **** /**
  59:Drivers/CMSIS/DSP/Source/TransformFunctions/arm_cfft_q31.c **** * @ingroup groupTransforms
  60:Drivers/CMSIS/DSP/Source/TransformFunctions/arm_cfft_q31.c **** */
  61:Drivers/CMSIS/DSP/Source/TransformFunctions/arm_cfft_q31.c **** 
  62:Drivers/CMSIS/DSP/Source/TransformFunctions/arm_cfft_q31.c **** /**
  63:Drivers/CMSIS/DSP/Source/TransformFunctions/arm_cfft_q31.c **** * @addtogroup ComplexFFT
  64:Drivers/CMSIS/DSP/Source/TransformFunctions/arm_cfft_q31.c **** * @{
  65:Drivers/CMSIS/DSP/Source/TransformFunctions/arm_cfft_q31.c **** */
  66:Drivers/CMSIS/DSP/Source/TransformFunctions/arm_cfft_q31.c **** 
  67:Drivers/CMSIS/DSP/Source/TransformFunctions/arm_cfft_q31.c **** /**
  68:Drivers/CMSIS/DSP/Source/TransformFunctions/arm_cfft_q31.c **** * @details
  69:Drivers/CMSIS/DSP/Source/TransformFunctions/arm_cfft_q31.c **** * @brief       Processing function for the fixed-point complex FFT in Q31 format.
  70:Drivers/CMSIS/DSP/Source/TransformFunctions/arm_cfft_q31.c **** * @param[in]      *S    points to an instance of the fixed-point CFFT structure.
  71:Drivers/CMSIS/DSP/Source/TransformFunctions/arm_cfft_q31.c **** * @param[in, out] *p1   points to the complex data buffer of size <code>2*fftLen</code>. Processing
  72:Drivers/CMSIS/DSP/Source/TransformFunctions/arm_cfft_q31.c **** * @param[in]     ifftFlag       flag that selects forward (ifftFlag=0) or inverse (ifftFlag=1) tran
  73:Drivers/CMSIS/DSP/Source/TransformFunctions/arm_cfft_q31.c **** * @param[in]     bitReverseFlag flag that enables (bitReverseFlag=1) or disables (bitReverseFlag=0)
  74:Drivers/CMSIS/DSP/Source/TransformFunctions/arm_cfft_q31.c **** * @return none.
  75:Drivers/CMSIS/DSP/Source/TransformFunctions/arm_cfft_q31.c **** */
  76:Drivers/CMSIS/DSP/Source/TransformFunctions/arm_cfft_q31.c **** 
  77:Drivers/CMSIS/DSP/Source/TransformFunctions/arm_cfft_q31.c **** void arm_cfft_q31(
  78:Drivers/CMSIS/DSP/Source/TransformFunctions/arm_cfft_q31.c ****     const arm_cfft_instance_q31 * S,
  79:Drivers/CMSIS/DSP/Source/TransformFunctions/arm_cfft_q31.c ****     q31_t * p1,
  80:Drivers/CMSIS/DSP/Source/TransformFunctions/arm_cfft_q31.c ****     uint8_t ifftFlag,
  81:Drivers/CMSIS/DSP/Source/TransformFunctions/arm_cfft_q31.c ****     uint8_t bitReverseFlag)
  82:Drivers/CMSIS/DSP/Source/TransformFunctions/arm_cfft_q31.c **** {
  83:Drivers/CMSIS/DSP/Source/TransformFunctions/arm_cfft_q31.c ****     uint32_t L = S->fftLen;
  84:Drivers/CMSIS/DSP/Source/TransformFunctions/arm_cfft_q31.c **** 
  85:Drivers/CMSIS/DSP/Source/TransformFunctions/arm_cfft_q31.c ****     if (ifftFlag == 1U)
  86:Drivers/CMSIS/DSP/Source/TransformFunctions/arm_cfft_q31.c ****     {
  87:Drivers/CMSIS/DSP/Source/TransformFunctions/arm_cfft_q31.c ****         switch (L)
ARM GAS  /var/folders/n6/c271nzx11xl4r4_m7sqjlt0m0000gn/T//ccmidreS.s 			page 3


  88:Drivers/CMSIS/DSP/Source/TransformFunctions/arm_cfft_q31.c ****         {
  89:Drivers/CMSIS/DSP/Source/TransformFunctions/arm_cfft_q31.c ****         case 16:
  90:Drivers/CMSIS/DSP/Source/TransformFunctions/arm_cfft_q31.c ****         case 64:
  91:Drivers/CMSIS/DSP/Source/TransformFunctions/arm_cfft_q31.c ****         case 256:
  92:Drivers/CMSIS/DSP/Source/TransformFunctions/arm_cfft_q31.c ****         case 1024:
  93:Drivers/CMSIS/DSP/Source/TransformFunctions/arm_cfft_q31.c ****         case 4096:
  94:Drivers/CMSIS/DSP/Source/TransformFunctions/arm_cfft_q31.c ****             arm_radix4_butterfly_inverse_q31  ( p1, L, (q31_t*)S->pTwiddle, 1 );
  95:Drivers/CMSIS/DSP/Source/TransformFunctions/arm_cfft_q31.c ****             break;
  96:Drivers/CMSIS/DSP/Source/TransformFunctions/arm_cfft_q31.c **** 
  97:Drivers/CMSIS/DSP/Source/TransformFunctions/arm_cfft_q31.c ****         case 32:
  98:Drivers/CMSIS/DSP/Source/TransformFunctions/arm_cfft_q31.c ****         case 128:
  99:Drivers/CMSIS/DSP/Source/TransformFunctions/arm_cfft_q31.c ****         case 512:
 100:Drivers/CMSIS/DSP/Source/TransformFunctions/arm_cfft_q31.c ****         case 2048:
 101:Drivers/CMSIS/DSP/Source/TransformFunctions/arm_cfft_q31.c ****             arm_cfft_radix4by2_inverse_q31  ( p1, L, S->pTwiddle );
 102:Drivers/CMSIS/DSP/Source/TransformFunctions/arm_cfft_q31.c ****             break;
 103:Drivers/CMSIS/DSP/Source/TransformFunctions/arm_cfft_q31.c ****         }
 104:Drivers/CMSIS/DSP/Source/TransformFunctions/arm_cfft_q31.c ****     }
 105:Drivers/CMSIS/DSP/Source/TransformFunctions/arm_cfft_q31.c ****     else
 106:Drivers/CMSIS/DSP/Source/TransformFunctions/arm_cfft_q31.c ****     {
 107:Drivers/CMSIS/DSP/Source/TransformFunctions/arm_cfft_q31.c ****         switch (L)
 108:Drivers/CMSIS/DSP/Source/TransformFunctions/arm_cfft_q31.c ****         {
 109:Drivers/CMSIS/DSP/Source/TransformFunctions/arm_cfft_q31.c ****         case 16:
 110:Drivers/CMSIS/DSP/Source/TransformFunctions/arm_cfft_q31.c ****         case 64:
 111:Drivers/CMSIS/DSP/Source/TransformFunctions/arm_cfft_q31.c ****         case 256:
 112:Drivers/CMSIS/DSP/Source/TransformFunctions/arm_cfft_q31.c ****         case 1024:
 113:Drivers/CMSIS/DSP/Source/TransformFunctions/arm_cfft_q31.c ****         case 4096:
 114:Drivers/CMSIS/DSP/Source/TransformFunctions/arm_cfft_q31.c ****             arm_radix4_butterfly_q31  ( p1, L, (q31_t*)S->pTwiddle, 1 );
 115:Drivers/CMSIS/DSP/Source/TransformFunctions/arm_cfft_q31.c ****             break;
 116:Drivers/CMSIS/DSP/Source/TransformFunctions/arm_cfft_q31.c **** 
 117:Drivers/CMSIS/DSP/Source/TransformFunctions/arm_cfft_q31.c ****         case 32:
 118:Drivers/CMSIS/DSP/Source/TransformFunctions/arm_cfft_q31.c ****         case 128:
 119:Drivers/CMSIS/DSP/Source/TransformFunctions/arm_cfft_q31.c ****         case 512:
 120:Drivers/CMSIS/DSP/Source/TransformFunctions/arm_cfft_q31.c ****         case 2048:
 121:Drivers/CMSIS/DSP/Source/TransformFunctions/arm_cfft_q31.c ****             arm_cfft_radix4by2_q31  ( p1, L, S->pTwiddle );
 122:Drivers/CMSIS/DSP/Source/TransformFunctions/arm_cfft_q31.c ****             break;
 123:Drivers/CMSIS/DSP/Source/TransformFunctions/arm_cfft_q31.c ****         }
 124:Drivers/CMSIS/DSP/Source/TransformFunctions/arm_cfft_q31.c ****     }
 125:Drivers/CMSIS/DSP/Source/TransformFunctions/arm_cfft_q31.c **** 
 126:Drivers/CMSIS/DSP/Source/TransformFunctions/arm_cfft_q31.c ****     if ( bitReverseFlag )
 127:Drivers/CMSIS/DSP/Source/TransformFunctions/arm_cfft_q31.c ****         arm_bitreversal_32((uint32_t*)p1,S->bitRevLength,S->pBitRevTable);
 128:Drivers/CMSIS/DSP/Source/TransformFunctions/arm_cfft_q31.c **** }
 129:Drivers/CMSIS/DSP/Source/TransformFunctions/arm_cfft_q31.c **** 
 130:Drivers/CMSIS/DSP/Source/TransformFunctions/arm_cfft_q31.c **** /**
 131:Drivers/CMSIS/DSP/Source/TransformFunctions/arm_cfft_q31.c **** * @} end of ComplexFFT group
 132:Drivers/CMSIS/DSP/Source/TransformFunctions/arm_cfft_q31.c **** */
 133:Drivers/CMSIS/DSP/Source/TransformFunctions/arm_cfft_q31.c **** 
 134:Drivers/CMSIS/DSP/Source/TransformFunctions/arm_cfft_q31.c **** void arm_cfft_radix4by2_q31(
 135:Drivers/CMSIS/DSP/Source/TransformFunctions/arm_cfft_q31.c ****     q31_t * pSrc,
 136:Drivers/CMSIS/DSP/Source/TransformFunctions/arm_cfft_q31.c ****     uint32_t fftLen,
 137:Drivers/CMSIS/DSP/Source/TransformFunctions/arm_cfft_q31.c ****     const q31_t * pCoef)
 138:Drivers/CMSIS/DSP/Source/TransformFunctions/arm_cfft_q31.c **** {
  29              		.loc 1 138 1 view -0
  30              		.cfi_startproc
  31              		@ args = 0, pretend = 0, frame = 16
  32              		@ frame_needed = 0, uses_anonymous_args = 0
  33              		.loc 1 138 1 is_stmt 0 view .LVU1
  34 0000 2DE9F04F 		push	{r4, r5, r6, r7, r8, r9, r10, fp, lr}
ARM GAS  /var/folders/n6/c271nzx11xl4r4_m7sqjlt0m0000gn/T//ccmidreS.s 			page 4


  35              		.cfi_def_cfa_offset 36
  36              		.cfi_offset 4, -36
  37              		.cfi_offset 5, -32
  38              		.cfi_offset 6, -28
  39              		.cfi_offset 7, -24
  40              		.cfi_offset 8, -20
  41              		.cfi_offset 9, -16
  42              		.cfi_offset 10, -12
  43              		.cfi_offset 11, -8
  44              		.cfi_offset 14, -4
  45 0004 85B0     		sub	sp, sp, #20
  46              		.cfi_def_cfa_offset 56
  47 0006 0446     		mov	r4, r0
  48 0008 0292     		str	r2, [sp, #8]
 139:Drivers/CMSIS/DSP/Source/TransformFunctions/arm_cfft_q31.c ****     uint32_t i, l;
  49              		.loc 1 139 5 is_stmt 1 view .LVU2
 140:Drivers/CMSIS/DSP/Source/TransformFunctions/arm_cfft_q31.c ****     uint32_t n2, ia;
  50              		.loc 1 140 5 view .LVU3
 141:Drivers/CMSIS/DSP/Source/TransformFunctions/arm_cfft_q31.c ****     q31_t xt, yt, cosVal, sinVal;
  51              		.loc 1 141 5 view .LVU4
 142:Drivers/CMSIS/DSP/Source/TransformFunctions/arm_cfft_q31.c ****     q31_t p0, p1;
  52              		.loc 1 142 5 view .LVU5
 143:Drivers/CMSIS/DSP/Source/TransformFunctions/arm_cfft_q31.c **** 
 144:Drivers/CMSIS/DSP/Source/TransformFunctions/arm_cfft_q31.c ****     n2 = fftLen >> 1;
  53              		.loc 1 144 5 view .LVU6
  54              		.loc 1 144 8 is_stmt 0 view .LVU7
  55 000a 4B08     		lsrs	r3, r1, #1
  56 000c 0093     		str	r3, [sp]
  57              	.LVL1:
 145:Drivers/CMSIS/DSP/Source/TransformFunctions/arm_cfft_q31.c ****     ia = 0;
  58              		.loc 1 145 5 is_stmt 1 view .LVU8
 146:Drivers/CMSIS/DSP/Source/TransformFunctions/arm_cfft_q31.c ****     for (i = 0; i < n2; i++)
  59              		.loc 1 146 5 view .LVU9
 145:Drivers/CMSIS/DSP/Source/TransformFunctions/arm_cfft_q31.c ****     ia = 0;
  60              		.loc 1 145 8 is_stmt 0 view .LVU10
  61 000e 4FF0000A 		mov	r10, #0
  62              		.loc 1 146 12 view .LVU11
  63 0012 5546     		mov	r5, r10
  64 0014 0391     		str	r1, [sp, #12]
  65              		.loc 1 146 5 view .LVU12
  66 0016 65E0     		b	.L2
  67              	.LVL2:
  68              	.L3:
 147:Drivers/CMSIS/DSP/Source/TransformFunctions/arm_cfft_q31.c ****     {
 148:Drivers/CMSIS/DSP/Source/TransformFunctions/arm_cfft_q31.c ****         cosVal = pCoef[2*ia];
  69              		.loc 1 148 9 is_stmt 1 view .LVU13
  70              		.loc 1 148 23 is_stmt 0 view .LVU14
  71 0018 4FEACA03 		lsl	r3, r10, #3
  72              		.loc 1 148 16 view .LVU15
  73 001c 029A     		ldr	r2, [sp, #8]
  74 001e 52F83A10 		ldr	r1, [r2, r10, lsl #3]
  75              	.LVL3:
 149:Drivers/CMSIS/DSP/Source/TransformFunctions/arm_cfft_q31.c ****         sinVal = pCoef[2*ia + 1];
  76              		.loc 1 149 9 is_stmt 1 view .LVU16
  77              		.loc 1 149 23 is_stmt 0 view .LVU17
  78 0022 0433     		adds	r3, r3, #4
  79              		.loc 1 149 16 view .LVU18
ARM GAS  /var/folders/n6/c271nzx11xl4r4_m7sqjlt0m0000gn/T//ccmidreS.s 			page 5


  80 0024 D058     		ldr	r0, [r2, r3]
  81              	.LVL4:
 150:Drivers/CMSIS/DSP/Source/TransformFunctions/arm_cfft_q31.c ****         ia++;
  82              		.loc 1 150 9 is_stmt 1 view .LVU19
  83              		.loc 1 150 11 is_stmt 0 view .LVU20
  84 0026 0AF1010A 		add	r10, r10, #1
  85              	.LVL5:
 151:Drivers/CMSIS/DSP/Source/TransformFunctions/arm_cfft_q31.c **** 
 152:Drivers/CMSIS/DSP/Source/TransformFunctions/arm_cfft_q31.c ****         l = i + n2;
  86              		.loc 1 152 9 is_stmt 1 view .LVU21
  87              		.loc 1 152 11 is_stmt 0 view .LVU22
  88 002a 009B     		ldr	r3, [sp]
  89 002c 05EB030E 		add	lr, r5, r3
  90              	.LVL6:
 153:Drivers/CMSIS/DSP/Source/TransformFunctions/arm_cfft_q31.c ****         xt = (pSrc[2 * i] >> 2) - (pSrc[2 * l] >> 2);
  91              		.loc 1 153 9 is_stmt 1 view .LVU23
  92              		.loc 1 153 19 is_stmt 0 view .LVU24
  93 0030 EA00     		lsls	r2, r5, #3
  94 0032 54F83570 		ldr	r7, [r4, r5, lsl #3]
  95              		.loc 1 153 40 view .LVU25
  96 0036 4FEACE0C 		lsl	ip, lr, #3
  97 003a 54F83E30 		ldr	r3, [r4, lr, lsl #3]
  98              		.loc 1 153 48 view .LVU26
  99 003e 9B10     		asrs	r3, r3, #2
 100              		.loc 1 153 12 view .LVU27
 101 0040 C3EBA706 		rsb	r6, r3, r7, asr #2
 102              	.LVL7:
 154:Drivers/CMSIS/DSP/Source/TransformFunctions/arm_cfft_q31.c ****         pSrc[2 * i] = (pSrc[2 * i] >> 2) + (pSrc[2 * l] >> 2);
 103              		.loc 1 154 9 is_stmt 1 view .LVU28
 104              		.loc 1 154 42 is_stmt 0 view .LVU29
 105 0044 03EBA703 		add	r3, r3, r7, asr #2
 106              		.loc 1 154 21 view .LVU30
 107 0048 44F83530 		str	r3, [r4, r5, lsl #3]
 155:Drivers/CMSIS/DSP/Source/TransformFunctions/arm_cfft_q31.c **** 
 156:Drivers/CMSIS/DSP/Source/TransformFunctions/arm_cfft_q31.c ****         yt = (pSrc[2 * i + 1] >> 2) - (pSrc[2 * l + 1] >> 2);
 108              		.loc 1 156 9 is_stmt 1 view .LVU31
 109              		.loc 1 156 19 is_stmt 0 view .LVU32
 110 004c 0432     		adds	r2, r2, #4
 111 004e A758     		ldr	r7, [r4, r2]
 112              		.loc 1 156 44 view .LVU33
 113 0050 0CF1040C 		add	ip, ip, #4
 114 0054 54F80C30 		ldr	r3, [r4, ip]
 115              		.loc 1 156 56 view .LVU34
 116 0058 4FEAA308 		asr	r8, r3, #2
 117              		.loc 1 156 12 view .LVU35
 118 005c C8EBA703 		rsb	r3, r8, r7, asr #2
 119              	.LVL8:
 157:Drivers/CMSIS/DSP/Source/TransformFunctions/arm_cfft_q31.c ****         pSrc[2 * i + 1] = (pSrc[2 * l + 1] >> 2) + (pSrc[2 * i + 1] >> 2);
 120              		.loc 1 157 9 is_stmt 1 view .LVU36
 121              		.loc 1 157 50 is_stmt 0 view .LVU37
 122 0060 08EBA707 		add	r7, r8, r7, asr #2
 123              		.loc 1 157 25 view .LVU38
 124 0064 A750     		str	r7, [r4, r2]
 158:Drivers/CMSIS/DSP/Source/TransformFunctions/arm_cfft_q31.c **** 
 159:Drivers/CMSIS/DSP/Source/TransformFunctions/arm_cfft_q31.c ****         mult_32x32_keep32_R(p0, xt, cosVal);
 125              		.loc 1 159 9 is_stmt 1 view .LVU39
 126 0066 4FEAE679 		asr	r9, r6, #31
ARM GAS  /var/folders/n6/c271nzx11xl4r4_m7sqjlt0m0000gn/T//ccmidreS.s 			page 6


 127 006a CF17     		asrs	r7, r1, #31
 128 006c 06FB07F8 		mul	r8, r6, r7
 129 0070 01FB0988 		mla	r8, r1, r9, r8
 130 0074 A6FB012B 		umull	r2, fp, r6, r1
 131 0078 12F10042 		adds	r2, r2, #-2147483648
 132 007c 48EB0B02 		adc	r2, r8, fp
 133 0080 0192     		str	r2, [sp, #4]
 134              	.LVL9:
 160:Drivers/CMSIS/DSP/Source/TransformFunctions/arm_cfft_q31.c ****         mult_32x32_keep32_R(p1, yt, cosVal);
 135              		.loc 1 160 9 view .LVU40
 136 0082 4FEAE37B 		asr	fp, r3, #31
 137 0086 01FB0BF2 		mul	r2, r1, fp
 138 008a 03FB0722 		mla	r2, r3, r7, r2
 139 008e A1FB0317 		umull	r1, r7, r1, r3
 140              	.LVL10:
 141              		.loc 1 160 9 is_stmt 0 view .LVU41
 142 0092 11F10041 		adds	r1, r1, #-2147483648
 143 0096 42EB0702 		adc	r2, r2, r7
 144              	.LVL11:
 161:Drivers/CMSIS/DSP/Source/TransformFunctions/arm_cfft_q31.c ****         multAcc_32x32_keep32_R(p0, yt, sinVal);
 145              		.loc 1 161 9 is_stmt 1 view .LVU42
 146 009a 0021     		movs	r1, #0
 147 009c C717     		asrs	r7, r0, #31
 148 009e 03FB07F8 		mul	r8, r3, r7
 149 00a2 00FB0B88 		mla	r8, r0, fp, r8
 150 00a6 A3FB003B 		umull	r3, fp, r3, r0
 151              	.LVL12:
 152              		.loc 1 161 9 is_stmt 0 view .LVU43
 153 00aa C344     		add	fp, fp, r8
 154 00ac CB18     		adds	r3, r1, r3
 155 00ae 13F10043 		adds	r3, r3, #-2147483648
 156 00b2 019B     		ldr	r3, [sp, #4]
 157 00b4 4BEB030B 		adc	fp, fp, r3
 158              	.LVL13:
 162:Drivers/CMSIS/DSP/Source/TransformFunctions/arm_cfft_q31.c ****         multSub_32x32_keep32_R(p1, xt, sinVal);
 159              		.loc 1 162 9 is_stmt 1 view .LVU44
 160 00b8 06FB07F7 		mul	r7, r6, r7
 161 00bc 00FB0977 		mla	r7, r0, r9, r7
 162 00c0 A6FB0006 		umull	r0, r6, r6, r0
 163              	.LVL14:
 164              		.loc 1 162 9 is_stmt 0 view .LVU45
 165 00c4 3744     		add	r7, r7, r6
 166 00c6 091A     		subs	r1, r1, r0
 167 00c8 62EB0702 		sbc	r2, r2, r7
 168 00cc 11F10041 		adds	r1, r1, #-2147483648
 169 00d0 42F10002 		adc	r2, r2, #0
 170              	.LVL15:
 163:Drivers/CMSIS/DSP/Source/TransformFunctions/arm_cfft_q31.c **** 
 164:Drivers/CMSIS/DSP/Source/TransformFunctions/arm_cfft_q31.c ****         pSrc[2U * l] = p0 << 1;
 171              		.loc 1 164 9 is_stmt 1 view .LVU46
 172              		.loc 1 164 27 is_stmt 0 view .LVU47
 173 00d4 4FEA4B03 		lsl	r3, fp, #1
 174              		.loc 1 164 22 view .LVU48
 175 00d8 44F83E30 		str	r3, [r4, lr, lsl #3]
 165:Drivers/CMSIS/DSP/Source/TransformFunctions/arm_cfft_q31.c ****         pSrc[2U * l + 1U] = p1 << 1;
 176              		.loc 1 165 9 is_stmt 1 view .LVU49
 177              		.loc 1 165 32 is_stmt 0 view .LVU50
ARM GAS  /var/folders/n6/c271nzx11xl4r4_m7sqjlt0m0000gn/T//ccmidreS.s 			page 7


 178 00dc 5200     		lsls	r2, r2, #1
 179              	.LVL16:
 180              		.loc 1 165 27 view .LVU51
 181 00de 44F80C20 		str	r2, [r4, ip]
 146:Drivers/CMSIS/DSP/Source/TransformFunctions/arm_cfft_q31.c ****     {
 182              		.loc 1 146 26 is_stmt 1 discriminator 3 view .LVU52
 183 00e2 0135     		adds	r5, r5, #1
 184              	.LVL17:
 185              	.L2:
 146:Drivers/CMSIS/DSP/Source/TransformFunctions/arm_cfft_q31.c ****     {
 186              		.loc 1 146 19 discriminator 1 view .LVU53
 187 00e4 009B     		ldr	r3, [sp]
 188 00e6 9D42     		cmp	r5, r3
 189 00e8 96D3     		bcc	.L3
 166:Drivers/CMSIS/DSP/Source/TransformFunctions/arm_cfft_q31.c **** 
 167:Drivers/CMSIS/DSP/Source/TransformFunctions/arm_cfft_q31.c ****     }
 168:Drivers/CMSIS/DSP/Source/TransformFunctions/arm_cfft_q31.c **** 
 169:Drivers/CMSIS/DSP/Source/TransformFunctions/arm_cfft_q31.c ****     // first col
 170:Drivers/CMSIS/DSP/Source/TransformFunctions/arm_cfft_q31.c ****     arm_radix4_butterfly_q31( pSrc, n2, (q31_t*)pCoef, 2U);
 190              		.loc 1 170 5 is_stmt 0 view .LVU54
 191 00ea 039E     		ldr	r6, [sp, #12]
 192              		.loc 1 170 5 is_stmt 1 view .LVU55
 193 00ec 0223     		movs	r3, #2
 194 00ee 029D     		ldr	r5, [sp, #8]
 195              	.LVL18:
 196              		.loc 1 170 5 is_stmt 0 view .LVU56
 197 00f0 2A46     		mov	r2, r5
 198 00f2 DDF80080 		ldr	r8, [sp]
 199 00f6 4146     		mov	r1, r8
 200 00f8 2046     		mov	r0, r4
 201 00fa FFF7FEFF 		bl	arm_radix4_butterfly_q31
 202              	.LVL19:
 171:Drivers/CMSIS/DSP/Source/TransformFunctions/arm_cfft_q31.c ****     // second col
 172:Drivers/CMSIS/DSP/Source/TransformFunctions/arm_cfft_q31.c ****     arm_radix4_butterfly_q31( pSrc + fftLen, n2, (q31_t*)pCoef, 2U);
 203              		.loc 1 172 5 is_stmt 1 view .LVU57
 204 00fe 0223     		movs	r3, #2
 205 0100 2A46     		mov	r2, r5
 206 0102 4146     		mov	r1, r8
 207 0104 04EB8600 		add	r0, r4, r6, lsl #2
 208 0108 FFF7FEFF 		bl	arm_radix4_butterfly_q31
 209              	.LVL20:
 173:Drivers/CMSIS/DSP/Source/TransformFunctions/arm_cfft_q31.c **** 
 174:Drivers/CMSIS/DSP/Source/TransformFunctions/arm_cfft_q31.c ****     for (i = 0; i < fftLen >> 1; i++)
 210              		.loc 1 174 5 view .LVU58
 211              		.loc 1 174 12 is_stmt 0 view .LVU59
 212 010c 0022     		movs	r2, #0
 213              		.loc 1 174 5 view .LVU60
 214 010e 17E0     		b	.L4
 215              	.LVL21:
 216              	.L5:
 175:Drivers/CMSIS/DSP/Source/TransformFunctions/arm_cfft_q31.c ****     {
 176:Drivers/CMSIS/DSP/Source/TransformFunctions/arm_cfft_q31.c ****         p0 = pSrc[4*i+0];
 217              		.loc 1 176 9 is_stmt 1 view .LVU61
 218              		.loc 1 176 18 is_stmt 0 view .LVU62
 219 0110 1301     		lsls	r3, r2, #4
 220              		.loc 1 176 12 view .LVU63
 221 0112 E658     		ldr	r6, [r4, r3]
ARM GAS  /var/folders/n6/c271nzx11xl4r4_m7sqjlt0m0000gn/T//ccmidreS.s 			page 8


 222              	.LVL22:
 177:Drivers/CMSIS/DSP/Source/TransformFunctions/arm_cfft_q31.c ****         p1 = pSrc[4*i+1];
 223              		.loc 1 177 9 is_stmt 1 view .LVU64
 224              		.loc 1 177 18 is_stmt 0 view .LVU65
 225 0114 03F1040E 		add	lr, r3, #4
 226              		.loc 1 177 12 view .LVU66
 227 0118 54F80E50 		ldr	r5, [r4, lr]
 228              	.LVL23:
 178:Drivers/CMSIS/DSP/Source/TransformFunctions/arm_cfft_q31.c ****         xt = pSrc[4*i+2];
 229              		.loc 1 178 9 is_stmt 1 view .LVU67
 230              		.loc 1 178 18 is_stmt 0 view .LVU68
 231 011c 03F1080C 		add	ip, r3, #8
 232              		.loc 1 178 12 view .LVU69
 233 0120 54F80C00 		ldr	r0, [r4, ip]
 234              	.LVL24:
 179:Drivers/CMSIS/DSP/Source/TransformFunctions/arm_cfft_q31.c ****         yt = pSrc[4*i+3];
 235              		.loc 1 179 9 is_stmt 1 view .LVU70
 236              		.loc 1 179 18 is_stmt 0 view .LVU71
 237 0124 03F10C07 		add	r7, r3, #12
 238              		.loc 1 179 12 view .LVU72
 239 0128 E159     		ldr	r1, [r4, r7]
 240              	.LVL25:
 180:Drivers/CMSIS/DSP/Source/TransformFunctions/arm_cfft_q31.c **** 
 181:Drivers/CMSIS/DSP/Source/TransformFunctions/arm_cfft_q31.c ****         p0 <<= 1;
 241              		.loc 1 181 9 is_stmt 1 view .LVU73
 242              		.loc 1 181 12 is_stmt 0 view .LVU74
 243 012a 7600     		lsls	r6, r6, #1
 244              	.LVL26:
 182:Drivers/CMSIS/DSP/Source/TransformFunctions/arm_cfft_q31.c ****         p1 <<= 1;
 245              		.loc 1 182 9 is_stmt 1 view .LVU75
 246              		.loc 1 182 12 is_stmt 0 view .LVU76
 247 012c 6D00     		lsls	r5, r5, #1
 248              	.LVL27:
 183:Drivers/CMSIS/DSP/Source/TransformFunctions/arm_cfft_q31.c ****         xt <<= 1;
 249              		.loc 1 183 9 is_stmt 1 view .LVU77
 250              		.loc 1 183 12 is_stmt 0 view .LVU78
 251 012e 4000     		lsls	r0, r0, #1
 252              	.LVL28:
 184:Drivers/CMSIS/DSP/Source/TransformFunctions/arm_cfft_q31.c ****         yt <<= 1;
 253              		.loc 1 184 9 is_stmt 1 view .LVU79
 254              		.loc 1 184 12 is_stmt 0 view .LVU80
 255 0130 4900     		lsls	r1, r1, #1
 256              	.LVL29:
 185:Drivers/CMSIS/DSP/Source/TransformFunctions/arm_cfft_q31.c **** 
 186:Drivers/CMSIS/DSP/Source/TransformFunctions/arm_cfft_q31.c ****         pSrc[4*i+0] = p0;
 257              		.loc 1 186 9 is_stmt 1 view .LVU81
 258              		.loc 1 186 21 is_stmt 0 view .LVU82
 259 0132 E650     		str	r6, [r4, r3]
 187:Drivers/CMSIS/DSP/Source/TransformFunctions/arm_cfft_q31.c ****         pSrc[4*i+1] = p1;
 260              		.loc 1 187 9 is_stmt 1 view .LVU83
 261              		.loc 1 187 21 is_stmt 0 view .LVU84
 262 0134 44F80E50 		str	r5, [r4, lr]
 188:Drivers/CMSIS/DSP/Source/TransformFunctions/arm_cfft_q31.c ****         pSrc[4*i+2] = xt;
 263              		.loc 1 188 9 is_stmt 1 view .LVU85
 264              		.loc 1 188 21 is_stmt 0 view .LVU86
 265 0138 44F80C00 		str	r0, [r4, ip]
 189:Drivers/CMSIS/DSP/Source/TransformFunctions/arm_cfft_q31.c ****         pSrc[4*i+3] = yt;
ARM GAS  /var/folders/n6/c271nzx11xl4r4_m7sqjlt0m0000gn/T//ccmidreS.s 			page 9


 266              		.loc 1 189 9 is_stmt 1 view .LVU87
 267              		.loc 1 189 21 is_stmt 0 view .LVU88
 268 013c E151     		str	r1, [r4, r7]
 174:Drivers/CMSIS/DSP/Source/TransformFunctions/arm_cfft_q31.c ****     {
 269              		.loc 1 174 35 is_stmt 1 discriminator 3 view .LVU89
 270 013e 0132     		adds	r2, r2, #1
 271              	.LVL30:
 272              	.L4:
 174:Drivers/CMSIS/DSP/Source/TransformFunctions/arm_cfft_q31.c ****     {
 273              		.loc 1 174 19 discriminator 1 view .LVU90
 274 0140 4245     		cmp	r2, r8
 275 0142 E5D3     		bcc	.L5
 190:Drivers/CMSIS/DSP/Source/TransformFunctions/arm_cfft_q31.c ****     }
 191:Drivers/CMSIS/DSP/Source/TransformFunctions/arm_cfft_q31.c **** 
 192:Drivers/CMSIS/DSP/Source/TransformFunctions/arm_cfft_q31.c **** }
 276              		.loc 1 192 1 is_stmt 0 view .LVU91
 277 0144 05B0     		add	sp, sp, #20
 278              		.cfi_def_cfa_offset 36
 279              	.LVL31:
 280              		.loc 1 192 1 view .LVU92
 281              		@ sp needed
 282 0146 BDE8F08F 		pop	{r4, r5, r6, r7, r8, r9, r10, fp, pc}
 283              		.loc 1 192 1 view .LVU93
 284              		.cfi_endproc
 285              	.LFE136:
 287              		.section	.text.arm_cfft_radix4by2_inverse_q31,"ax",%progbits
 288              		.align	1
 289              		.global	arm_cfft_radix4by2_inverse_q31
 290              		.syntax unified
 291              		.thumb
 292              		.thumb_func
 294              	arm_cfft_radix4by2_inverse_q31:
 295              	.LVL32:
 296              	.LFB137:
 193:Drivers/CMSIS/DSP/Source/TransformFunctions/arm_cfft_q31.c **** 
 194:Drivers/CMSIS/DSP/Source/TransformFunctions/arm_cfft_q31.c **** void arm_cfft_radix4by2_inverse_q31(
 195:Drivers/CMSIS/DSP/Source/TransformFunctions/arm_cfft_q31.c ****     q31_t * pSrc,
 196:Drivers/CMSIS/DSP/Source/TransformFunctions/arm_cfft_q31.c ****     uint32_t fftLen,
 197:Drivers/CMSIS/DSP/Source/TransformFunctions/arm_cfft_q31.c ****     const q31_t * pCoef)
 198:Drivers/CMSIS/DSP/Source/TransformFunctions/arm_cfft_q31.c **** {
 297              		.loc 1 198 1 is_stmt 1 view -0
 298              		.cfi_startproc
 299              		@ args = 0, pretend = 0, frame = 16
 300              		@ frame_needed = 0, uses_anonymous_args = 0
 301              		.loc 1 198 1 is_stmt 0 view .LVU95
 302 0000 2DE9F04F 		push	{r4, r5, r6, r7, r8, r9, r10, fp, lr}
 303              		.cfi_def_cfa_offset 36
 304              		.cfi_offset 4, -36
 305              		.cfi_offset 5, -32
 306              		.cfi_offset 6, -28
 307              		.cfi_offset 7, -24
 308              		.cfi_offset 8, -20
 309              		.cfi_offset 9, -16
 310              		.cfi_offset 10, -12
 311              		.cfi_offset 11, -8
 312              		.cfi_offset 14, -4
 313 0004 85B0     		sub	sp, sp, #20
ARM GAS  /var/folders/n6/c271nzx11xl4r4_m7sqjlt0m0000gn/T//ccmidreS.s 			page 10


 314              		.cfi_def_cfa_offset 56
 315 0006 0446     		mov	r4, r0
 316 0008 0292     		str	r2, [sp, #8]
 199:Drivers/CMSIS/DSP/Source/TransformFunctions/arm_cfft_q31.c ****     uint32_t i, l;
 317              		.loc 1 199 5 is_stmt 1 view .LVU96
 200:Drivers/CMSIS/DSP/Source/TransformFunctions/arm_cfft_q31.c ****     uint32_t n2, ia;
 318              		.loc 1 200 5 view .LVU97
 201:Drivers/CMSIS/DSP/Source/TransformFunctions/arm_cfft_q31.c ****     q31_t xt, yt, cosVal, sinVal;
 319              		.loc 1 201 5 view .LVU98
 202:Drivers/CMSIS/DSP/Source/TransformFunctions/arm_cfft_q31.c ****     q31_t p0, p1;
 320              		.loc 1 202 5 view .LVU99
 203:Drivers/CMSIS/DSP/Source/TransformFunctions/arm_cfft_q31.c **** 
 204:Drivers/CMSIS/DSP/Source/TransformFunctions/arm_cfft_q31.c ****     n2 = fftLen >> 1;
 321              		.loc 1 204 5 view .LVU100
 322              		.loc 1 204 8 is_stmt 0 view .LVU101
 323 000a 4B08     		lsrs	r3, r1, #1
 324 000c 0093     		str	r3, [sp]
 325              	.LVL33:
 205:Drivers/CMSIS/DSP/Source/TransformFunctions/arm_cfft_q31.c ****     ia = 0;
 326              		.loc 1 205 5 is_stmt 1 view .LVU102
 206:Drivers/CMSIS/DSP/Source/TransformFunctions/arm_cfft_q31.c ****     for (i = 0; i < n2; i++)
 327              		.loc 1 206 5 view .LVU103
 205:Drivers/CMSIS/DSP/Source/TransformFunctions/arm_cfft_q31.c ****     ia = 0;
 328              		.loc 1 205 8 is_stmt 0 view .LVU104
 329 000e 4FF0000A 		mov	r10, #0
 330              		.loc 1 206 12 view .LVU105
 331 0012 D446     		mov	ip, r10
 332 0014 0391     		str	r1, [sp, #12]
 333              		.loc 1 206 5 view .LVU106
 334 0016 66E0     		b	.L8
 335              	.LVL34:
 336              	.L9:
 207:Drivers/CMSIS/DSP/Source/TransformFunctions/arm_cfft_q31.c ****     {
 208:Drivers/CMSIS/DSP/Source/TransformFunctions/arm_cfft_q31.c ****         cosVal = pCoef[2*ia];
 337              		.loc 1 208 9 is_stmt 1 view .LVU107
 338              		.loc 1 208 23 is_stmt 0 view .LVU108
 339 0018 4FEACA03 		lsl	r3, r10, #3
 340              		.loc 1 208 16 view .LVU109
 341 001c 029A     		ldr	r2, [sp, #8]
 342 001e 52F83A10 		ldr	r1, [r2, r10, lsl #3]
 343              	.LVL35:
 209:Drivers/CMSIS/DSP/Source/TransformFunctions/arm_cfft_q31.c ****         sinVal = pCoef[2*ia + 1];
 344              		.loc 1 209 9 is_stmt 1 view .LVU110
 345              		.loc 1 209 23 is_stmt 0 view .LVU111
 346 0022 0433     		adds	r3, r3, #4
 347              		.loc 1 209 16 view .LVU112
 348 0024 D058     		ldr	r0, [r2, r3]
 349              	.LVL36:
 210:Drivers/CMSIS/DSP/Source/TransformFunctions/arm_cfft_q31.c ****         ia++;
 350              		.loc 1 210 9 is_stmt 1 view .LVU113
 351              		.loc 1 210 11 is_stmt 0 view .LVU114
 352 0026 0AF1010A 		add	r10, r10, #1
 353              	.LVL37:
 211:Drivers/CMSIS/DSP/Source/TransformFunctions/arm_cfft_q31.c **** 
 212:Drivers/CMSIS/DSP/Source/TransformFunctions/arm_cfft_q31.c ****         l = i + n2;
 354              		.loc 1 212 9 is_stmt 1 view .LVU115
 355              		.loc 1 212 11 is_stmt 0 view .LVU116
ARM GAS  /var/folders/n6/c271nzx11xl4r4_m7sqjlt0m0000gn/T//ccmidreS.s 			page 11


 356 002a 009B     		ldr	r3, [sp]
 357 002c 0CEB0308 		add	r8, ip, r3
 358              	.LVL38:
 213:Drivers/CMSIS/DSP/Source/TransformFunctions/arm_cfft_q31.c ****         xt = (pSrc[2 * i] >> 2) - (pSrc[2 * l] >> 2);
 359              		.loc 1 213 9 is_stmt 1 view .LVU117
 360              		.loc 1 213 19 is_stmt 0 view .LVU118
 361 0030 4FEACC05 		lsl	r5, ip, #3
 362 0034 54F83C20 		ldr	r2, [r4, ip, lsl #3]
 363              		.loc 1 213 40 view .LVU119
 364 0038 4FEAC80E 		lsl	lr, r8, #3
 365 003c 54F83830 		ldr	r3, [r4, r8, lsl #3]
 366              		.loc 1 213 48 view .LVU120
 367 0040 9E10     		asrs	r6, r3, #2
 368              		.loc 1 213 12 view .LVU121
 369 0042 C6EBA203 		rsb	r3, r6, r2, asr #2
 370              	.LVL39:
 214:Drivers/CMSIS/DSP/Source/TransformFunctions/arm_cfft_q31.c ****         pSrc[2 * i] = (pSrc[2 * i] >> 2) + (pSrc[2 * l] >> 2);
 371              		.loc 1 214 9 is_stmt 1 view .LVU122
 372              		.loc 1 214 42 is_stmt 0 view .LVU123
 373 0046 06EBA206 		add	r6, r6, r2, asr #2
 374              		.loc 1 214 21 view .LVU124
 375 004a 44F83C60 		str	r6, [r4, ip, lsl #3]
 215:Drivers/CMSIS/DSP/Source/TransformFunctions/arm_cfft_q31.c **** 
 216:Drivers/CMSIS/DSP/Source/TransformFunctions/arm_cfft_q31.c ****         yt = (pSrc[2 * i + 1] >> 2) - (pSrc[2 * l + 1] >> 2);
 376              		.loc 1 216 9 is_stmt 1 view .LVU125
 377              		.loc 1 216 19 is_stmt 0 view .LVU126
 378 004e 0435     		adds	r5, r5, #4
 379 0050 6659     		ldr	r6, [r4, r5]
 380              		.loc 1 216 44 view .LVU127
 381 0052 0EF1040E 		add	lr, lr, #4
 382 0056 54F80E20 		ldr	r2, [r4, lr]
 383              		.loc 1 216 56 view .LVU128
 384 005a 9710     		asrs	r7, r2, #2
 385              		.loc 1 216 12 view .LVU129
 386 005c C7EBA602 		rsb	r2, r7, r6, asr #2
 387              	.LVL40:
 217:Drivers/CMSIS/DSP/Source/TransformFunctions/arm_cfft_q31.c ****         pSrc[2 * i + 1] = (pSrc[2 * l + 1] >> 2) + (pSrc[2 * i + 1] >> 2);
 388              		.loc 1 217 9 is_stmt 1 view .LVU130
 389              		.loc 1 217 50 is_stmt 0 view .LVU131
 390 0060 07EBA607 		add	r7, r7, r6, asr #2
 391              		.loc 1 217 25 view .LVU132
 392 0064 6751     		str	r7, [r4, r5]
 218:Drivers/CMSIS/DSP/Source/TransformFunctions/arm_cfft_q31.c **** 
 219:Drivers/CMSIS/DSP/Source/TransformFunctions/arm_cfft_q31.c ****         mult_32x32_keep32_R(p0, xt, cosVal);
 393              		.loc 1 219 9 is_stmt 1 view .LVU133
 394 0066 DD17     		asrs	r5, r3, #31
 395 0068 4FEAE179 		asr	r9, r1, #31
 396 006c 03FB09F7 		mul	r7, r3, r9
 397 0070 0195     		str	r5, [sp, #4]
 398 0072 01FB0577 		mla	r7, r1, r5, r7
 399 0076 A3FB0156 		umull	r5, r6, r3, r1
 400 007a 15F10045 		adds	r5, r5, #-2147483648
 401 007e 47EB0607 		adc	r7, r7, r6
 402              	.LVL41:
 220:Drivers/CMSIS/DSP/Source/TransformFunctions/arm_cfft_q31.c ****         mult_32x32_keep32_R(p1, yt, cosVal);
 403              		.loc 1 220 9 view .LVU134
 404 0082 4FEAE27B 		asr	fp, r2, #31
ARM GAS  /var/folders/n6/c271nzx11xl4r4_m7sqjlt0m0000gn/T//ccmidreS.s 			page 12


 405 0086 01FB0BF6 		mul	r6, r1, fp
 406 008a 02FB0966 		mla	r6, r2, r9, r6
 407 008e A1FB0215 		umull	r1, r5, r1, r2
 408              	.LVL42:
 409              		.loc 1 220 9 is_stmt 0 view .LVU135
 410 0092 11F10041 		adds	r1, r1, #-2147483648
 411 0096 46EB0506 		adc	r6, r6, r5
 412              	.LVL43:
 221:Drivers/CMSIS/DSP/Source/TransformFunctions/arm_cfft_q31.c ****         multSub_32x32_keep32_R(p0, yt, sinVal);
 413              		.loc 1 221 9 is_stmt 1 view .LVU136
 414 009a 0021     		movs	r1, #0
 415 009c C517     		asrs	r5, r0, #31
 416 009e 02FB05F9 		mul	r9, r2, r5
 417 00a2 00FB0B99 		mla	r9, r0, fp, r9
 418 00a6 A2FB002B 		umull	r2, fp, r2, r0
 419              	.LVL44:
 420              		.loc 1 221 9 is_stmt 0 view .LVU137
 421 00aa CB44     		add	fp, fp, r9
 422 00ac 8A1A     		subs	r2, r1, r2
 423 00ae 67EB0B0B 		sbc	fp, r7, fp
 424 00b2 12F10042 		adds	r2, r2, #-2147483648
 425 00b6 4BF1000B 		adc	fp, fp, #0
 426              	.LVL45:
 222:Drivers/CMSIS/DSP/Source/TransformFunctions/arm_cfft_q31.c ****         multAcc_32x32_keep32_R(p1, xt, sinVal);
 427              		.loc 1 222 9 is_stmt 1 view .LVU138
 428 00ba 03FB05F5 		mul	r5, r3, r5
 429 00be 019A     		ldr	r2, [sp, #4]
 430 00c0 00FB0255 		mla	r5, r0, r2, r5
 431 00c4 A3FB0003 		umull	r0, r3, r3, r0
 432              	.LVL46:
 433              		.loc 1 222 9 is_stmt 0 view .LVU139
 434 00c8 2B44     		add	r3, r3, r5
 435 00ca 0918     		adds	r1, r1, r0
 436 00cc 11F10041 		adds	r1, r1, #-2147483648
 437 00d0 43EB0603 		adc	r3, r3, r6
 438              	.LVL47:
 223:Drivers/CMSIS/DSP/Source/TransformFunctions/arm_cfft_q31.c **** 
 224:Drivers/CMSIS/DSP/Source/TransformFunctions/arm_cfft_q31.c ****         pSrc[2U * l] = p0 << 1;
 439              		.loc 1 224 9 is_stmt 1 view .LVU140
 440              		.loc 1 224 27 is_stmt 0 view .LVU141
 441 00d4 4FEA4B02 		lsl	r2, fp, #1
 442              		.loc 1 224 22 view .LVU142
 443 00d8 44F83820 		str	r2, [r4, r8, lsl #3]
 225:Drivers/CMSIS/DSP/Source/TransformFunctions/arm_cfft_q31.c ****         pSrc[2U * l + 1U] = p1 << 1;
 444              		.loc 1 225 9 is_stmt 1 view .LVU143
 445              		.loc 1 225 32 is_stmt 0 view .LVU144
 446 00dc 5B00     		lsls	r3, r3, #1
 447              	.LVL48:
 448              		.loc 1 225 27 view .LVU145
 449 00de 44F80E30 		str	r3, [r4, lr]
 206:Drivers/CMSIS/DSP/Source/TransformFunctions/arm_cfft_q31.c ****     {
 450              		.loc 1 206 26 is_stmt 1 discriminator 3 view .LVU146
 451 00e2 0CF1010C 		add	ip, ip, #1
 452              	.LVL49:
 453              	.L8:
 206:Drivers/CMSIS/DSP/Source/TransformFunctions/arm_cfft_q31.c ****     {
 454              		.loc 1 206 19 discriminator 1 view .LVU147
ARM GAS  /var/folders/n6/c271nzx11xl4r4_m7sqjlt0m0000gn/T//ccmidreS.s 			page 13


 455 00e6 009B     		ldr	r3, [sp]
 456 00e8 9C45     		cmp	ip, r3
 457 00ea 95D3     		bcc	.L9
 226:Drivers/CMSIS/DSP/Source/TransformFunctions/arm_cfft_q31.c **** 
 227:Drivers/CMSIS/DSP/Source/TransformFunctions/arm_cfft_q31.c ****     }
 228:Drivers/CMSIS/DSP/Source/TransformFunctions/arm_cfft_q31.c **** 
 229:Drivers/CMSIS/DSP/Source/TransformFunctions/arm_cfft_q31.c ****     // first col
 230:Drivers/CMSIS/DSP/Source/TransformFunctions/arm_cfft_q31.c ****     arm_radix4_butterfly_inverse_q31( pSrc, n2, (q31_t*)pCoef, 2U);
 458              		.loc 1 230 5 is_stmt 0 view .LVU148
 459 00ec 039E     		ldr	r6, [sp, #12]
 460              		.loc 1 230 5 is_stmt 1 view .LVU149
 461 00ee 0223     		movs	r3, #2
 462 00f0 029D     		ldr	r5, [sp, #8]
 463 00f2 2A46     		mov	r2, r5
 464 00f4 DDF80080 		ldr	r8, [sp]
 465 00f8 4146     		mov	r1, r8
 466 00fa 2046     		mov	r0, r4
 467 00fc FFF7FEFF 		bl	arm_radix4_butterfly_inverse_q31
 468              	.LVL50:
 231:Drivers/CMSIS/DSP/Source/TransformFunctions/arm_cfft_q31.c ****     // second col
 232:Drivers/CMSIS/DSP/Source/TransformFunctions/arm_cfft_q31.c ****     arm_radix4_butterfly_inverse_q31( pSrc + fftLen, n2, (q31_t*)pCoef, 2U);
 469              		.loc 1 232 5 view .LVU150
 470 0100 0223     		movs	r3, #2
 471 0102 2A46     		mov	r2, r5
 472 0104 4146     		mov	r1, r8
 473 0106 04EB8600 		add	r0, r4, r6, lsl #2
 474 010a FFF7FEFF 		bl	arm_radix4_butterfly_inverse_q31
 475              	.LVL51:
 233:Drivers/CMSIS/DSP/Source/TransformFunctions/arm_cfft_q31.c **** 
 234:Drivers/CMSIS/DSP/Source/TransformFunctions/arm_cfft_q31.c ****     for (i = 0; i < fftLen >> 1; i++)
 476              		.loc 1 234 5 view .LVU151
 477              		.loc 1 234 12 is_stmt 0 view .LVU152
 478 010e 0022     		movs	r2, #0
 479              		.loc 1 234 5 view .LVU153
 480 0110 17E0     		b	.L10
 481              	.LVL52:
 482              	.L11:
 235:Drivers/CMSIS/DSP/Source/TransformFunctions/arm_cfft_q31.c ****     {
 236:Drivers/CMSIS/DSP/Source/TransformFunctions/arm_cfft_q31.c ****         p0 = pSrc[4*i+0];
 483              		.loc 1 236 9 is_stmt 1 view .LVU154
 484              		.loc 1 236 18 is_stmt 0 view .LVU155
 485 0112 1301     		lsls	r3, r2, #4
 486              		.loc 1 236 12 view .LVU156
 487 0114 E658     		ldr	r6, [r4, r3]
 488              	.LVL53:
 237:Drivers/CMSIS/DSP/Source/TransformFunctions/arm_cfft_q31.c ****         p1 = pSrc[4*i+1];
 489              		.loc 1 237 9 is_stmt 1 view .LVU157
 490              		.loc 1 237 18 is_stmt 0 view .LVU158
 491 0116 03F1040E 		add	lr, r3, #4
 492              		.loc 1 237 12 view .LVU159
 493 011a 54F80E50 		ldr	r5, [r4, lr]
 494              	.LVL54:
 238:Drivers/CMSIS/DSP/Source/TransformFunctions/arm_cfft_q31.c ****         xt = pSrc[4*i+2];
 495              		.loc 1 238 9 is_stmt 1 view .LVU160
 496              		.loc 1 238 18 is_stmt 0 view .LVU161
 497 011e 03F1080C 		add	ip, r3, #8
 498              		.loc 1 238 12 view .LVU162
ARM GAS  /var/folders/n6/c271nzx11xl4r4_m7sqjlt0m0000gn/T//ccmidreS.s 			page 14


 499 0122 54F80C00 		ldr	r0, [r4, ip]
 500              	.LVL55:
 239:Drivers/CMSIS/DSP/Source/TransformFunctions/arm_cfft_q31.c ****         yt = pSrc[4*i+3];
 501              		.loc 1 239 9 is_stmt 1 view .LVU163
 502              		.loc 1 239 18 is_stmt 0 view .LVU164
 503 0126 03F10C07 		add	r7, r3, #12
 504              		.loc 1 239 12 view .LVU165
 505 012a E159     		ldr	r1, [r4, r7]
 506              	.LVL56:
 240:Drivers/CMSIS/DSP/Source/TransformFunctions/arm_cfft_q31.c **** 
 241:Drivers/CMSIS/DSP/Source/TransformFunctions/arm_cfft_q31.c ****         p0 <<= 1;
 507              		.loc 1 241 9 is_stmt 1 view .LVU166
 508              		.loc 1 241 12 is_stmt 0 view .LVU167
 509 012c 7600     		lsls	r6, r6, #1
 510              	.LVL57:
 242:Drivers/CMSIS/DSP/Source/TransformFunctions/arm_cfft_q31.c ****         p1 <<= 1;
 511              		.loc 1 242 9 is_stmt 1 view .LVU168
 512              		.loc 1 242 12 is_stmt 0 view .LVU169
 513 012e 6D00     		lsls	r5, r5, #1
 514              	.LVL58:
 243:Drivers/CMSIS/DSP/Source/TransformFunctions/arm_cfft_q31.c ****         xt <<= 1;
 515              		.loc 1 243 9 is_stmt 1 view .LVU170
 516              		.loc 1 243 12 is_stmt 0 view .LVU171
 517 0130 4000     		lsls	r0, r0, #1
 518              	.LVL59:
 244:Drivers/CMSIS/DSP/Source/TransformFunctions/arm_cfft_q31.c ****         yt <<= 1;
 519              		.loc 1 244 9 is_stmt 1 view .LVU172
 520              		.loc 1 244 12 is_stmt 0 view .LVU173
 521 0132 4900     		lsls	r1, r1, #1
 522              	.LVL60:
 245:Drivers/CMSIS/DSP/Source/TransformFunctions/arm_cfft_q31.c **** 
 246:Drivers/CMSIS/DSP/Source/TransformFunctions/arm_cfft_q31.c ****         pSrc[4*i+0] = p0;
 523              		.loc 1 246 9 is_stmt 1 view .LVU174
 524              		.loc 1 246 21 is_stmt 0 view .LVU175
 525 0134 E650     		str	r6, [r4, r3]
 247:Drivers/CMSIS/DSP/Source/TransformFunctions/arm_cfft_q31.c ****         pSrc[4*i+1] = p1;
 526              		.loc 1 247 9 is_stmt 1 view .LVU176
 527              		.loc 1 247 21 is_stmt 0 view .LVU177
 528 0136 44F80E50 		str	r5, [r4, lr]
 248:Drivers/CMSIS/DSP/Source/TransformFunctions/arm_cfft_q31.c ****         pSrc[4*i+2] = xt;
 529              		.loc 1 248 9 is_stmt 1 view .LVU178
 530              		.loc 1 248 21 is_stmt 0 view .LVU179
 531 013a 44F80C00 		str	r0, [r4, ip]
 249:Drivers/CMSIS/DSP/Source/TransformFunctions/arm_cfft_q31.c ****         pSrc[4*i+3] = yt;
 532              		.loc 1 249 9 is_stmt 1 view .LVU180
 533              		.loc 1 249 21 is_stmt 0 view .LVU181
 534 013e E151     		str	r1, [r4, r7]
 234:Drivers/CMSIS/DSP/Source/TransformFunctions/arm_cfft_q31.c ****     {
 535              		.loc 1 234 35 is_stmt 1 discriminator 3 view .LVU182
 536 0140 0132     		adds	r2, r2, #1
 537              	.LVL61:
 538              	.L10:
 234:Drivers/CMSIS/DSP/Source/TransformFunctions/arm_cfft_q31.c ****     {
 539              		.loc 1 234 19 discriminator 1 view .LVU183
 540 0142 4245     		cmp	r2, r8
 541 0144 E5D3     		bcc	.L11
 250:Drivers/CMSIS/DSP/Source/TransformFunctions/arm_cfft_q31.c ****     }
ARM GAS  /var/folders/n6/c271nzx11xl4r4_m7sqjlt0m0000gn/T//ccmidreS.s 			page 15


 251:Drivers/CMSIS/DSP/Source/TransformFunctions/arm_cfft_q31.c **** }
 542              		.loc 1 251 1 is_stmt 0 view .LVU184
 543 0146 05B0     		add	sp, sp, #20
 544              		.cfi_def_cfa_offset 36
 545              	.LVL62:
 546              		.loc 1 251 1 view .LVU185
 547              		@ sp needed
 548 0148 BDE8F08F 		pop	{r4, r5, r6, r7, r8, r9, r10, fp, pc}
 549              		.loc 1 251 1 view .LVU186
 550              		.cfi_endproc
 551              	.LFE137:
 553              		.section	.text.arm_cfft_q31,"ax",%progbits
 554              		.align	1
 555              		.global	arm_cfft_q31
 556              		.syntax unified
 557              		.thumb
 558              		.thumb_func
 560              	arm_cfft_q31:
 561              	.LVL63:
 562              	.LFB135:
  82:Drivers/CMSIS/DSP/Source/TransformFunctions/arm_cfft_q31.c ****     uint32_t L = S->fftLen;
 563              		.loc 1 82 1 is_stmt 1 view -0
 564              		.cfi_startproc
 565              		@ args = 0, pretend = 0, frame = 0
 566              		@ frame_needed = 0, uses_anonymous_args = 0
  82:Drivers/CMSIS/DSP/Source/TransformFunctions/arm_cfft_q31.c ****     uint32_t L = S->fftLen;
 567              		.loc 1 82 1 is_stmt 0 view .LVU188
 568 0000 70B5     		push	{r4, r5, r6, lr}
 569              		.cfi_def_cfa_offset 16
 570              		.cfi_offset 4, -16
 571              		.cfi_offset 5, -12
 572              		.cfi_offset 6, -8
 573              		.cfi_offset 14, -4
 574 0002 0446     		mov	r4, r0
 575 0004 0E46     		mov	r6, r1
 576 0006 1D46     		mov	r5, r3
  83:Drivers/CMSIS/DSP/Source/TransformFunctions/arm_cfft_q31.c **** 
 577              		.loc 1 83 5 is_stmt 1 view .LVU189
  83:Drivers/CMSIS/DSP/Source/TransformFunctions/arm_cfft_q31.c **** 
 578              		.loc 1 83 19 is_stmt 0 view .LVU190
 579 0008 0188     		ldrh	r1, [r0]
 580              	.LVL64:
  85:Drivers/CMSIS/DSP/Source/TransformFunctions/arm_cfft_q31.c ****     {
 581              		.loc 1 85 5 is_stmt 1 view .LVU191
  85:Drivers/CMSIS/DSP/Source/TransformFunctions/arm_cfft_q31.c ****     {
 582              		.loc 1 85 8 is_stmt 0 view .LVU192
 583 000a 012A     		cmp	r2, #1
 584 000c 0ED0     		beq	.L28
 107:Drivers/CMSIS/DSP/Source/TransformFunctions/arm_cfft_q31.c ****         {
 585              		.loc 1 107 9 is_stmt 1 view .LVU193
 586 000e B1F5807F 		cmp	r1, #256
 587 0012 44D0     		beq	.L21
 588 0014 31D9     		bls	.L29
 589 0016 B1F5006F 		cmp	r1, #2048
 590 001a 35D0     		beq	.L24
 591 001c 3CD8     		bhi	.L25
 592 001e B1F5007F 		cmp	r1, #512
ARM GAS  /var/folders/n6/c271nzx11xl4r4_m7sqjlt0m0000gn/T//ccmidreS.s 			page 16


 593 0022 31D0     		beq	.L24
 594 0024 B1F5806F 		cmp	r1, #1024
 595 0028 3ED1     		bne	.L19
 596 002a 38E0     		b	.L21
 597              	.L28:
  87:Drivers/CMSIS/DSP/Source/TransformFunctions/arm_cfft_q31.c ****         {
 598              		.loc 1 87 9 view .LVU194
 599 002c B1F5807F 		cmp	r1, #256
 600 0030 0AD0     		beq	.L15
 601 0032 0FD9     		bls	.L30
 602 0034 B1F5006F 		cmp	r1, #2048
 603 0038 13D0     		beq	.L18
 604 003a 1AD8     		bhi	.L20
 605 003c B1F5007F 		cmp	r1, #512
 606 0040 0FD0     		beq	.L18
 607 0042 B1F5806F 		cmp	r1, #1024
 608 0046 2FD1     		bne	.L19
 609              	.L15:
  94:Drivers/CMSIS/DSP/Source/TransformFunctions/arm_cfft_q31.c ****             break;
 610              		.loc 1 94 13 view .LVU195
 611 0048 0123     		movs	r3, #1
 612              	.LVL65:
  94:Drivers/CMSIS/DSP/Source/TransformFunctions/arm_cfft_q31.c ****             break;
 613              		.loc 1 94 13 is_stmt 0 view .LVU196
 614 004a 6268     		ldr	r2, [r4, #4]
 615              	.LVL66:
  94:Drivers/CMSIS/DSP/Source/TransformFunctions/arm_cfft_q31.c ****             break;
 616              		.loc 1 94 13 view .LVU197
 617 004c 3046     		mov	r0, r6
 618              	.LVL67:
  94:Drivers/CMSIS/DSP/Source/TransformFunctions/arm_cfft_q31.c ****             break;
 619              		.loc 1 94 13 view .LVU198
 620 004e FFF7FEFF 		bl	arm_radix4_butterfly_inverse_q31
 621              	.LVL68:
  95:Drivers/CMSIS/DSP/Source/TransformFunctions/arm_cfft_q31.c **** 
 622              		.loc 1 95 13 is_stmt 1 view .LVU199
 623 0052 29E0     		b	.L19
 624              	.LVL69:
 625              	.L30:
  87:Drivers/CMSIS/DSP/Source/TransformFunctions/arm_cfft_q31.c ****         {
 626              		.loc 1 87 9 is_stmt 0 view .LVU200
 627 0054 4029     		cmp	r1, #64
 628 0056 F7D0     		beq	.L15
 629 0058 08D8     		bhi	.L17
 630 005a 1029     		cmp	r1, #16
 631 005c F4D0     		beq	.L15
 632 005e 2029     		cmp	r1, #32
 633 0060 22D1     		bne	.L19
 634              	.L18:
 101:Drivers/CMSIS/DSP/Source/TransformFunctions/arm_cfft_q31.c ****             break;
 635              		.loc 1 101 13 is_stmt 1 view .LVU201
 636 0062 6268     		ldr	r2, [r4, #4]
 637              	.LVL70:
 101:Drivers/CMSIS/DSP/Source/TransformFunctions/arm_cfft_q31.c ****             break;
 638              		.loc 1 101 13 is_stmt 0 view .LVU202
 639 0064 3046     		mov	r0, r6
 640              	.LVL71:
ARM GAS  /var/folders/n6/c271nzx11xl4r4_m7sqjlt0m0000gn/T//ccmidreS.s 			page 17


 101:Drivers/CMSIS/DSP/Source/TransformFunctions/arm_cfft_q31.c ****             break;
 641              		.loc 1 101 13 view .LVU203
 642 0066 FFF7FEFF 		bl	arm_cfft_radix4by2_inverse_q31
 643              	.LVL72:
 102:Drivers/CMSIS/DSP/Source/TransformFunctions/arm_cfft_q31.c ****         }
 644              		.loc 1 102 13 is_stmt 1 view .LVU204
 645 006a 1DE0     		b	.L19
 646              	.LVL73:
 647              	.L17:
  87:Drivers/CMSIS/DSP/Source/TransformFunctions/arm_cfft_q31.c ****         {
 648              		.loc 1 87 9 is_stmt 0 view .LVU205
 649 006c 8029     		cmp	r1, #128
 650 006e F8D0     		beq	.L18
 651 0070 1AE0     		b	.L19
 652              	.L20:
  87:Drivers/CMSIS/DSP/Source/TransformFunctions/arm_cfft_q31.c ****         {
 653              		.loc 1 87 9 view .LVU206
 654 0072 B1F5805F 		cmp	r1, #4096
 655 0076 17D1     		bne	.L19
 656 0078 E6E7     		b	.L15
 657              	.L29:
 107:Drivers/CMSIS/DSP/Source/TransformFunctions/arm_cfft_q31.c ****         {
 658              		.loc 1 107 9 view .LVU207
 659 007a 4029     		cmp	r1, #64
 660 007c 0FD0     		beq	.L21
 661 007e 08D8     		bhi	.L23
 662 0080 1029     		cmp	r1, #16
 663 0082 0CD0     		beq	.L21
 664 0084 2029     		cmp	r1, #32
 665 0086 0FD1     		bne	.L19
 666              	.L24:
 121:Drivers/CMSIS/DSP/Source/TransformFunctions/arm_cfft_q31.c ****             break;
 667              		.loc 1 121 13 is_stmt 1 view .LVU208
 668 0088 6268     		ldr	r2, [r4, #4]
 669              	.LVL74:
 121:Drivers/CMSIS/DSP/Source/TransformFunctions/arm_cfft_q31.c ****             break;
 670              		.loc 1 121 13 is_stmt 0 view .LVU209
 671 008a 3046     		mov	r0, r6
 672              	.LVL75:
 121:Drivers/CMSIS/DSP/Source/TransformFunctions/arm_cfft_q31.c ****             break;
 673              		.loc 1 121 13 view .LVU210
 674 008c FFF7FEFF 		bl	arm_cfft_radix4by2_q31
 675              	.LVL76:
 122:Drivers/CMSIS/DSP/Source/TransformFunctions/arm_cfft_q31.c ****         }
 676              		.loc 1 122 13 is_stmt 1 view .LVU211
 677 0090 0AE0     		b	.L19
 678              	.LVL77:
 679              	.L23:
 107:Drivers/CMSIS/DSP/Source/TransformFunctions/arm_cfft_q31.c ****         {
 680              		.loc 1 107 9 is_stmt 0 view .LVU212
 681 0092 8029     		cmp	r1, #128
 682 0094 F8D0     		beq	.L24
 683 0096 07E0     		b	.L19
 684              	.L25:
 107:Drivers/CMSIS/DSP/Source/TransformFunctions/arm_cfft_q31.c ****         {
 685              		.loc 1 107 9 view .LVU213
 686 0098 B1F5805F 		cmp	r1, #4096
ARM GAS  /var/folders/n6/c271nzx11xl4r4_m7sqjlt0m0000gn/T//ccmidreS.s 			page 18


 687 009c 04D1     		bne	.L19
 688              	.L21:
 114:Drivers/CMSIS/DSP/Source/TransformFunctions/arm_cfft_q31.c ****             break;
 689              		.loc 1 114 13 is_stmt 1 view .LVU214
 690 009e 0123     		movs	r3, #1
 691              	.LVL78:
 114:Drivers/CMSIS/DSP/Source/TransformFunctions/arm_cfft_q31.c ****             break;
 692              		.loc 1 114 13 is_stmt 0 view .LVU215
 693 00a0 6268     		ldr	r2, [r4, #4]
 694              	.LVL79:
 114:Drivers/CMSIS/DSP/Source/TransformFunctions/arm_cfft_q31.c ****             break;
 695              		.loc 1 114 13 view .LVU216
 696 00a2 3046     		mov	r0, r6
 697              	.LVL80:
 114:Drivers/CMSIS/DSP/Source/TransformFunctions/arm_cfft_q31.c ****             break;
 698              		.loc 1 114 13 view .LVU217
 699 00a4 FFF7FEFF 		bl	arm_radix4_butterfly_q31
 700              	.LVL81:
 115:Drivers/CMSIS/DSP/Source/TransformFunctions/arm_cfft_q31.c **** 
 701              		.loc 1 115 13 is_stmt 1 view .LVU218
 702              	.L19:
 126:Drivers/CMSIS/DSP/Source/TransformFunctions/arm_cfft_q31.c ****         arm_bitreversal_32((uint32_t*)p1,S->bitRevLength,S->pBitRevTable);
 703              		.loc 1 126 5 view .LVU219
 126:Drivers/CMSIS/DSP/Source/TransformFunctions/arm_cfft_q31.c ****         arm_bitreversal_32((uint32_t*)p1,S->bitRevLength,S->pBitRevTable);
 704              		.loc 1 126 8 is_stmt 0 view .LVU220
 705 00a8 05B9     		cbnz	r5, .L31
 706              	.L13:
 128:Drivers/CMSIS/DSP/Source/TransformFunctions/arm_cfft_q31.c **** 
 707              		.loc 1 128 1 view .LVU221
 708 00aa 70BD     		pop	{r4, r5, r6, pc}
 709              	.LVL82:
 710              	.L31:
 127:Drivers/CMSIS/DSP/Source/TransformFunctions/arm_cfft_q31.c **** }
 711              		.loc 1 127 9 is_stmt 1 view .LVU222
 712 00ac A268     		ldr	r2, [r4, #8]
 713 00ae A189     		ldrh	r1, [r4, #12]
 714 00b0 3046     		mov	r0, r6
 715 00b2 FFF7FEFF 		bl	arm_bitreversal_32
 716              	.LVL83:
 128:Drivers/CMSIS/DSP/Source/TransformFunctions/arm_cfft_q31.c **** 
 717              		.loc 1 128 1 is_stmt 0 view .LVU223
 718 00b6 F8E7     		b	.L13
 719              		.cfi_endproc
 720              	.LFE135:
 722              		.text
 723              	.Letext0:
 724              		.file 2 "/Users/killian/Library/Application Support/Code/User/globalStorage/bmd.stm32-for-vscode/@
 725              		.file 3 "/Users/killian/Library/Application Support/Code/User/globalStorage/bmd.stm32-for-vscode/@
 726              		.file 4 "Drivers/CMSIS/DSP/Include/arm_math.h"
ARM GAS  /var/folders/n6/c271nzx11xl4r4_m7sqjlt0m0000gn/T//ccmidreS.s 			page 19


DEFINED SYMBOLS
                            *ABS*:00000000 arm_cfft_q31.c
/var/folders/n6/c271nzx11xl4r4_m7sqjlt0m0000gn/T//ccmidreS.s:20     .text.arm_cfft_radix4by2_q31:00000000 $t
/var/folders/n6/c271nzx11xl4r4_m7sqjlt0m0000gn/T//ccmidreS.s:26     .text.arm_cfft_radix4by2_q31:00000000 arm_cfft_radix4by2_q31
/var/folders/n6/c271nzx11xl4r4_m7sqjlt0m0000gn/T//ccmidreS.s:288    .text.arm_cfft_radix4by2_inverse_q31:00000000 $t
/var/folders/n6/c271nzx11xl4r4_m7sqjlt0m0000gn/T//ccmidreS.s:294    .text.arm_cfft_radix4by2_inverse_q31:00000000 arm_cfft_radix4by2_inverse_q31
/var/folders/n6/c271nzx11xl4r4_m7sqjlt0m0000gn/T//ccmidreS.s:554    .text.arm_cfft_q31:00000000 $t
/var/folders/n6/c271nzx11xl4r4_m7sqjlt0m0000gn/T//ccmidreS.s:560    .text.arm_cfft_q31:00000000 arm_cfft_q31

UNDEFINED SYMBOLS
arm_radix4_butterfly_q31
arm_radix4_butterfly_inverse_q31
arm_bitreversal_32
