ARM GAS  /var/folders/n6/c271nzx11xl4r4_m7sqjlt0m0000gn/T//cc0la4zA.s 			page 1


   1              		.cpu cortex-m7
   2              		.arch armv7e-m
   3              		.fpu fpv5-d16
   4              		.eabi_attribute 28, 1
   5              		.eabi_attribute 20, 1
   6              		.eabi_attribute 21, 1
   7              		.eabi_attribute 23, 3
   8              		.eabi_attribute 24, 1
   9              		.eabi_attribute 25, 1
  10              		.eabi_attribute 26, 1
  11              		.eabi_attribute 30, 1
  12              		.eabi_attribute 34, 1
  13              		.eabi_attribute 18, 4
  14              		.file	"arm_mat_sub_f32.c"
  15              		.text
  16              	.Ltext0:
  17              		.cfi_sections	.debug_frame
  18              		.file 1 "Drivers/CMSIS/DSP/Source/MatrixFunctions/arm_mat_sub_f32.c"
  19              		.section	.text.arm_mat_sub_f32,"ax",%progbits
  20              		.align	1
  21              		.global	arm_mat_sub_f32
  22              		.syntax unified
  23              		.thumb
  24              		.thumb_func
  26              	arm_mat_sub_f32:
  27              	.LVL0:
  28              	.LFB135:
   1:Drivers/CMSIS/DSP/Source/MatrixFunctions/arm_mat_sub_f32.c **** /* ----------------------------------------------------------------------
   2:Drivers/CMSIS/DSP/Source/MatrixFunctions/arm_mat_sub_f32.c ****  * Project:      CMSIS DSP Library
   3:Drivers/CMSIS/DSP/Source/MatrixFunctions/arm_mat_sub_f32.c ****  * Title:        arm_mat_sub_f32.c
   4:Drivers/CMSIS/DSP/Source/MatrixFunctions/arm_mat_sub_f32.c ****  * Description:  Floating-point matrix subtraction
   5:Drivers/CMSIS/DSP/Source/MatrixFunctions/arm_mat_sub_f32.c ****  *
   6:Drivers/CMSIS/DSP/Source/MatrixFunctions/arm_mat_sub_f32.c ****  * $Date:        27. January 2017
   7:Drivers/CMSIS/DSP/Source/MatrixFunctions/arm_mat_sub_f32.c ****  * $Revision:    V.1.5.1
   8:Drivers/CMSIS/DSP/Source/MatrixFunctions/arm_mat_sub_f32.c ****  *
   9:Drivers/CMSIS/DSP/Source/MatrixFunctions/arm_mat_sub_f32.c ****  * Target Processor: Cortex-M cores
  10:Drivers/CMSIS/DSP/Source/MatrixFunctions/arm_mat_sub_f32.c ****  * -------------------------------------------------------------------- */
  11:Drivers/CMSIS/DSP/Source/MatrixFunctions/arm_mat_sub_f32.c **** /*
  12:Drivers/CMSIS/DSP/Source/MatrixFunctions/arm_mat_sub_f32.c ****  * Copyright (C) 2010-2017 ARM Limited or its affiliates. All rights reserved.
  13:Drivers/CMSIS/DSP/Source/MatrixFunctions/arm_mat_sub_f32.c ****  *
  14:Drivers/CMSIS/DSP/Source/MatrixFunctions/arm_mat_sub_f32.c ****  * SPDX-License-Identifier: Apache-2.0
  15:Drivers/CMSIS/DSP/Source/MatrixFunctions/arm_mat_sub_f32.c ****  *
  16:Drivers/CMSIS/DSP/Source/MatrixFunctions/arm_mat_sub_f32.c ****  * Licensed under the Apache License, Version 2.0 (the License); you may
  17:Drivers/CMSIS/DSP/Source/MatrixFunctions/arm_mat_sub_f32.c ****  * not use this file except in compliance with the License.
  18:Drivers/CMSIS/DSP/Source/MatrixFunctions/arm_mat_sub_f32.c ****  * You may obtain a copy of the License at
  19:Drivers/CMSIS/DSP/Source/MatrixFunctions/arm_mat_sub_f32.c ****  *
  20:Drivers/CMSIS/DSP/Source/MatrixFunctions/arm_mat_sub_f32.c ****  * www.apache.org/licenses/LICENSE-2.0
  21:Drivers/CMSIS/DSP/Source/MatrixFunctions/arm_mat_sub_f32.c ****  *
  22:Drivers/CMSIS/DSP/Source/MatrixFunctions/arm_mat_sub_f32.c ****  * Unless required by applicable law or agreed to in writing, software
  23:Drivers/CMSIS/DSP/Source/MatrixFunctions/arm_mat_sub_f32.c ****  * distributed under the License is distributed on an AS IS BASIS, WITHOUT
  24:Drivers/CMSIS/DSP/Source/MatrixFunctions/arm_mat_sub_f32.c ****  * WARRANTIES OR CONDITIONS OF ANY KIND, either express or implied.
  25:Drivers/CMSIS/DSP/Source/MatrixFunctions/arm_mat_sub_f32.c ****  * See the License for the specific language governing permissions and
  26:Drivers/CMSIS/DSP/Source/MatrixFunctions/arm_mat_sub_f32.c ****  * limitations under the License.
  27:Drivers/CMSIS/DSP/Source/MatrixFunctions/arm_mat_sub_f32.c ****  */
  28:Drivers/CMSIS/DSP/Source/MatrixFunctions/arm_mat_sub_f32.c **** 
  29:Drivers/CMSIS/DSP/Source/MatrixFunctions/arm_mat_sub_f32.c **** #include "arm_math.h"
  30:Drivers/CMSIS/DSP/Source/MatrixFunctions/arm_mat_sub_f32.c **** 
ARM GAS  /var/folders/n6/c271nzx11xl4r4_m7sqjlt0m0000gn/T//cc0la4zA.s 			page 2


  31:Drivers/CMSIS/DSP/Source/MatrixFunctions/arm_mat_sub_f32.c **** /**
  32:Drivers/CMSIS/DSP/Source/MatrixFunctions/arm_mat_sub_f32.c ****  * @ingroup groupMatrix
  33:Drivers/CMSIS/DSP/Source/MatrixFunctions/arm_mat_sub_f32.c ****  */
  34:Drivers/CMSIS/DSP/Source/MatrixFunctions/arm_mat_sub_f32.c **** 
  35:Drivers/CMSIS/DSP/Source/MatrixFunctions/arm_mat_sub_f32.c **** /**
  36:Drivers/CMSIS/DSP/Source/MatrixFunctions/arm_mat_sub_f32.c ****  * @defgroup MatrixSub Matrix Subtraction
  37:Drivers/CMSIS/DSP/Source/MatrixFunctions/arm_mat_sub_f32.c ****  *
  38:Drivers/CMSIS/DSP/Source/MatrixFunctions/arm_mat_sub_f32.c ****  * Subtract two matrices.
  39:Drivers/CMSIS/DSP/Source/MatrixFunctions/arm_mat_sub_f32.c ****  * \image html MatrixSubtraction.gif "Subraction of two 3 x 3 matrices"
  40:Drivers/CMSIS/DSP/Source/MatrixFunctions/arm_mat_sub_f32.c ****  *
  41:Drivers/CMSIS/DSP/Source/MatrixFunctions/arm_mat_sub_f32.c ****  * The functions check to make sure that
  42:Drivers/CMSIS/DSP/Source/MatrixFunctions/arm_mat_sub_f32.c ****  * <code>pSrcA</code>, <code>pSrcB</code>, and <code>pDst</code> have the same
  43:Drivers/CMSIS/DSP/Source/MatrixFunctions/arm_mat_sub_f32.c ****  * number of rows and columns.
  44:Drivers/CMSIS/DSP/Source/MatrixFunctions/arm_mat_sub_f32.c ****  */
  45:Drivers/CMSIS/DSP/Source/MatrixFunctions/arm_mat_sub_f32.c **** 
  46:Drivers/CMSIS/DSP/Source/MatrixFunctions/arm_mat_sub_f32.c **** /**
  47:Drivers/CMSIS/DSP/Source/MatrixFunctions/arm_mat_sub_f32.c ****  * @addtogroup MatrixSub
  48:Drivers/CMSIS/DSP/Source/MatrixFunctions/arm_mat_sub_f32.c ****  * @{
  49:Drivers/CMSIS/DSP/Source/MatrixFunctions/arm_mat_sub_f32.c ****  */
  50:Drivers/CMSIS/DSP/Source/MatrixFunctions/arm_mat_sub_f32.c **** 
  51:Drivers/CMSIS/DSP/Source/MatrixFunctions/arm_mat_sub_f32.c **** /**
  52:Drivers/CMSIS/DSP/Source/MatrixFunctions/arm_mat_sub_f32.c ****  * @brief Floating-point matrix subtraction
  53:Drivers/CMSIS/DSP/Source/MatrixFunctions/arm_mat_sub_f32.c ****  * @param[in]       *pSrcA points to the first input matrix structure
  54:Drivers/CMSIS/DSP/Source/MatrixFunctions/arm_mat_sub_f32.c ****  * @param[in]       *pSrcB points to the second input matrix structure
  55:Drivers/CMSIS/DSP/Source/MatrixFunctions/arm_mat_sub_f32.c ****  * @param[out]      *pDst points to output matrix structure
  56:Drivers/CMSIS/DSP/Source/MatrixFunctions/arm_mat_sub_f32.c ****  * @return     		The function returns either
  57:Drivers/CMSIS/DSP/Source/MatrixFunctions/arm_mat_sub_f32.c ****  * <code>ARM_MATH_SIZE_MISMATCH</code> or <code>ARM_MATH_SUCCESS</code> based on the outcome of siz
  58:Drivers/CMSIS/DSP/Source/MatrixFunctions/arm_mat_sub_f32.c ****  */
  59:Drivers/CMSIS/DSP/Source/MatrixFunctions/arm_mat_sub_f32.c **** 
  60:Drivers/CMSIS/DSP/Source/MatrixFunctions/arm_mat_sub_f32.c **** arm_status arm_mat_sub_f32(
  61:Drivers/CMSIS/DSP/Source/MatrixFunctions/arm_mat_sub_f32.c ****   const arm_matrix_instance_f32 * pSrcA,
  62:Drivers/CMSIS/DSP/Source/MatrixFunctions/arm_mat_sub_f32.c ****   const arm_matrix_instance_f32 * pSrcB,
  63:Drivers/CMSIS/DSP/Source/MatrixFunctions/arm_mat_sub_f32.c ****   arm_matrix_instance_f32 * pDst)
  64:Drivers/CMSIS/DSP/Source/MatrixFunctions/arm_mat_sub_f32.c **** {
  29              		.loc 1 64 1 view -0
  30              		.cfi_startproc
  31              		@ args = 0, pretend = 0, frame = 0
  32              		@ frame_needed = 0, uses_anonymous_args = 0
  33              		@ link register save eliminated.
  34              		.loc 1 64 1 is_stmt 0 view .LVU1
  35 0000 10B4     		push	{r4}
  36              		.cfi_def_cfa_offset 4
  37              		.cfi_offset 4, -4
  65:Drivers/CMSIS/DSP/Source/MatrixFunctions/arm_mat_sub_f32.c ****   float32_t *pIn1 = pSrcA->pData;                /* input data matrix pointer A */
  38              		.loc 1 65 3 is_stmt 1 view .LVU2
  39              		.loc 1 65 14 is_stmt 0 view .LVU3
  40 0002 4368     		ldr	r3, [r0, #4]
  41              	.LVL1:
  66:Drivers/CMSIS/DSP/Source/MatrixFunctions/arm_mat_sub_f32.c ****   float32_t *pIn2 = pSrcB->pData;                /* input data matrix pointer B */
  42              		.loc 1 66 3 is_stmt 1 view .LVU4
  43              		.loc 1 66 14 is_stmt 0 view .LVU5
  44 0004 4968     		ldr	r1, [r1, #4]
  45              	.LVL2:
  67:Drivers/CMSIS/DSP/Source/MatrixFunctions/arm_mat_sub_f32.c ****   float32_t *pOut = pDst->pData;                 /* output data matrix pointer  */
  46              		.loc 1 67 3 is_stmt 1 view .LVU6
  47              		.loc 1 67 14 is_stmt 0 view .LVU7
  48 0006 5268     		ldr	r2, [r2, #4]
ARM GAS  /var/folders/n6/c271nzx11xl4r4_m7sqjlt0m0000gn/T//cc0la4zA.s 			page 3


  49              	.LVL3:
  68:Drivers/CMSIS/DSP/Source/MatrixFunctions/arm_mat_sub_f32.c **** 
  69:Drivers/CMSIS/DSP/Source/MatrixFunctions/arm_mat_sub_f32.c **** #if defined (ARM_MATH_DSP)
  70:Drivers/CMSIS/DSP/Source/MatrixFunctions/arm_mat_sub_f32.c **** 
  71:Drivers/CMSIS/DSP/Source/MatrixFunctions/arm_mat_sub_f32.c ****   float32_t inA1, inA2, inB1, inB2, out1, out2;  /* temporary variables */
  50              		.loc 1 71 3 is_stmt 1 view .LVU8
  72:Drivers/CMSIS/DSP/Source/MatrixFunctions/arm_mat_sub_f32.c **** 
  73:Drivers/CMSIS/DSP/Source/MatrixFunctions/arm_mat_sub_f32.c **** #endif //      #if defined (ARM_MATH_DSP)
  74:Drivers/CMSIS/DSP/Source/MatrixFunctions/arm_mat_sub_f32.c **** 
  75:Drivers/CMSIS/DSP/Source/MatrixFunctions/arm_mat_sub_f32.c ****   uint32_t numSamples;                           /* total number of elements in the matrix  */
  51              		.loc 1 75 3 view .LVU9
  76:Drivers/CMSIS/DSP/Source/MatrixFunctions/arm_mat_sub_f32.c ****   uint32_t blkCnt;                               /* loop counters */
  52              		.loc 1 76 3 view .LVU10
  77:Drivers/CMSIS/DSP/Source/MatrixFunctions/arm_mat_sub_f32.c ****   arm_status status;                             /* status of matrix subtraction */
  53              		.loc 1 77 3 view .LVU11
  78:Drivers/CMSIS/DSP/Source/MatrixFunctions/arm_mat_sub_f32.c **** 
  79:Drivers/CMSIS/DSP/Source/MatrixFunctions/arm_mat_sub_f32.c **** #ifdef ARM_MATH_MATRIX_CHECK
  80:Drivers/CMSIS/DSP/Source/MatrixFunctions/arm_mat_sub_f32.c ****   /* Check for matrix mismatch condition */
  81:Drivers/CMSIS/DSP/Source/MatrixFunctions/arm_mat_sub_f32.c ****   if ((pSrcA->numRows != pSrcB->numRows) ||
  82:Drivers/CMSIS/DSP/Source/MatrixFunctions/arm_mat_sub_f32.c ****      (pSrcA->numCols != pSrcB->numCols) ||
  83:Drivers/CMSIS/DSP/Source/MatrixFunctions/arm_mat_sub_f32.c ****      (pSrcA->numRows != pDst->numRows) || (pSrcA->numCols != pDst->numCols))
  84:Drivers/CMSIS/DSP/Source/MatrixFunctions/arm_mat_sub_f32.c ****   {
  85:Drivers/CMSIS/DSP/Source/MatrixFunctions/arm_mat_sub_f32.c ****     /* Set status as ARM_MATH_SIZE_MISMATCH */
  86:Drivers/CMSIS/DSP/Source/MatrixFunctions/arm_mat_sub_f32.c ****     status = ARM_MATH_SIZE_MISMATCH;
  87:Drivers/CMSIS/DSP/Source/MatrixFunctions/arm_mat_sub_f32.c ****   }
  88:Drivers/CMSIS/DSP/Source/MatrixFunctions/arm_mat_sub_f32.c ****   else
  89:Drivers/CMSIS/DSP/Source/MatrixFunctions/arm_mat_sub_f32.c **** #endif /*    #ifdef ARM_MATH_MATRIX_CHECK    */
  90:Drivers/CMSIS/DSP/Source/MatrixFunctions/arm_mat_sub_f32.c ****   {
  91:Drivers/CMSIS/DSP/Source/MatrixFunctions/arm_mat_sub_f32.c ****     /* Total number of samples in the input matrix */
  92:Drivers/CMSIS/DSP/Source/MatrixFunctions/arm_mat_sub_f32.c ****     numSamples = (uint32_t) pSrcA->numRows * pSrcA->numCols;
  54              		.loc 1 92 5 view .LVU12
  55              		.loc 1 92 34 is_stmt 0 view .LVU13
  56 0008 B0F800C0 		ldrh	ip, [r0]
  57              		.loc 1 92 51 view .LVU14
  58 000c 4088     		ldrh	r0, [r0, #2]
  59              	.LVL4:
  60              		.loc 1 92 16 view .LVU15
  61 000e 00FB0CF0 		mul	r0, r0, ip
  62              	.LVL5:
  93:Drivers/CMSIS/DSP/Source/MatrixFunctions/arm_mat_sub_f32.c **** 
  94:Drivers/CMSIS/DSP/Source/MatrixFunctions/arm_mat_sub_f32.c **** #if defined (ARM_MATH_DSP)
  95:Drivers/CMSIS/DSP/Source/MatrixFunctions/arm_mat_sub_f32.c **** 
  96:Drivers/CMSIS/DSP/Source/MatrixFunctions/arm_mat_sub_f32.c ****     /* Run the below code for Cortex-M4 and Cortex-M3 */
  97:Drivers/CMSIS/DSP/Source/MatrixFunctions/arm_mat_sub_f32.c **** 
  98:Drivers/CMSIS/DSP/Source/MatrixFunctions/arm_mat_sub_f32.c ****     /* Loop Unrolling */
  99:Drivers/CMSIS/DSP/Source/MatrixFunctions/arm_mat_sub_f32.c ****     blkCnt = numSamples >> 2U;
  63              		.loc 1 99 5 is_stmt 1 view .LVU16
  64              		.loc 1 99 12 is_stmt 0 view .LVU17
  65 0012 8408     		lsrs	r4, r0, #2
  66              	.LVL6:
 100:Drivers/CMSIS/DSP/Source/MatrixFunctions/arm_mat_sub_f32.c **** 
 101:Drivers/CMSIS/DSP/Source/MatrixFunctions/arm_mat_sub_f32.c ****     /* First part of the processing with loop unrolling.  Compute 4 outputs at a time.
 102:Drivers/CMSIS/DSP/Source/MatrixFunctions/arm_mat_sub_f32.c ****      ** a second loop below computes the remaining 1 to 3 samples. */
 103:Drivers/CMSIS/DSP/Source/MatrixFunctions/arm_mat_sub_f32.c ****     while (blkCnt > 0U)
  67              		.loc 1 103 5 is_stmt 1 view .LVU18
  68              		.loc 1 103 11 is_stmt 0 view .LVU19
  69 0014 23E0     		b	.L2
ARM GAS  /var/folders/n6/c271nzx11xl4r4_m7sqjlt0m0000gn/T//cc0la4zA.s 			page 4


  70              	.L3:
 104:Drivers/CMSIS/DSP/Source/MatrixFunctions/arm_mat_sub_f32.c ****     {
 105:Drivers/CMSIS/DSP/Source/MatrixFunctions/arm_mat_sub_f32.c ****       /* C(m,n) = A(m,n) - B(m,n) */
 106:Drivers/CMSIS/DSP/Source/MatrixFunctions/arm_mat_sub_f32.c ****       /* Subtract and then store the results in the destination buffer. */
 107:Drivers/CMSIS/DSP/Source/MatrixFunctions/arm_mat_sub_f32.c ****       /* Read values from source A */
 108:Drivers/CMSIS/DSP/Source/MatrixFunctions/arm_mat_sub_f32.c ****       inA1 = pIn1[0];
  71              		.loc 1 108 7 is_stmt 1 view .LVU20
  72              		.loc 1 108 12 is_stmt 0 view .LVU21
  73 0016 D3ED006A 		vldr.32	s13, [r3]
  74              	.LVL7:
 109:Drivers/CMSIS/DSP/Source/MatrixFunctions/arm_mat_sub_f32.c **** 
 110:Drivers/CMSIS/DSP/Source/MatrixFunctions/arm_mat_sub_f32.c ****       /* Read values from source B */
 111:Drivers/CMSIS/DSP/Source/MatrixFunctions/arm_mat_sub_f32.c ****       inB1 = pIn2[0];
  75              		.loc 1 111 7 is_stmt 1 view .LVU22
  76              		.loc 1 111 12 is_stmt 0 view .LVU23
  77 001a 91ED007A 		vldr.32	s14, [r1]
  78              	.LVL8:
 112:Drivers/CMSIS/DSP/Source/MatrixFunctions/arm_mat_sub_f32.c **** 
 113:Drivers/CMSIS/DSP/Source/MatrixFunctions/arm_mat_sub_f32.c ****       /* Read values from source A */
 114:Drivers/CMSIS/DSP/Source/MatrixFunctions/arm_mat_sub_f32.c ****       inA2 = pIn1[1];
  79              		.loc 1 114 7 is_stmt 1 view .LVU24
  80              		.loc 1 114 12 is_stmt 0 view .LVU25
  81 001e D3ED017A 		vldr.32	s15, [r3, #4]
  82              	.LVL9:
 115:Drivers/CMSIS/DSP/Source/MatrixFunctions/arm_mat_sub_f32.c **** 
 116:Drivers/CMSIS/DSP/Source/MatrixFunctions/arm_mat_sub_f32.c ****       /* out = sourceA - sourceB */
 117:Drivers/CMSIS/DSP/Source/MatrixFunctions/arm_mat_sub_f32.c ****       out1 = inA1 - inB1;
  83              		.loc 1 117 7 is_stmt 1 view .LVU26
  84              		.loc 1 117 12 is_stmt 0 view .LVU27
  85 0022 76EEC76A 		vsub.f32	s13, s13, s14
  86              	.LVL10:
 118:Drivers/CMSIS/DSP/Source/MatrixFunctions/arm_mat_sub_f32.c **** 
 119:Drivers/CMSIS/DSP/Source/MatrixFunctions/arm_mat_sub_f32.c ****       /* Read values from source B */
 120:Drivers/CMSIS/DSP/Source/MatrixFunctions/arm_mat_sub_f32.c ****       inB2 = pIn2[1];
  87              		.loc 1 120 7 is_stmt 1 view .LVU28
  88              		.loc 1 120 12 is_stmt 0 view .LVU29
  89 0026 91ED016A 		vldr.32	s12, [r1, #4]
  90              	.LVL11:
 121:Drivers/CMSIS/DSP/Source/MatrixFunctions/arm_mat_sub_f32.c **** 
 122:Drivers/CMSIS/DSP/Source/MatrixFunctions/arm_mat_sub_f32.c ****       /* Read values from source A */
 123:Drivers/CMSIS/DSP/Source/MatrixFunctions/arm_mat_sub_f32.c ****       inA1 = pIn1[2];
  91              		.loc 1 123 7 is_stmt 1 view .LVU30
  92              		.loc 1 123 12 is_stmt 0 view .LVU31
  93 002a 93ED027A 		vldr.32	s14, [r3, #8]
  94              	.LVL12:
 124:Drivers/CMSIS/DSP/Source/MatrixFunctions/arm_mat_sub_f32.c **** 
 125:Drivers/CMSIS/DSP/Source/MatrixFunctions/arm_mat_sub_f32.c ****       /* out = sourceA - sourceB */
 126:Drivers/CMSIS/DSP/Source/MatrixFunctions/arm_mat_sub_f32.c ****       out2 = inA2 - inB2;
  95              		.loc 1 126 7 is_stmt 1 view .LVU32
  96              		.loc 1 126 12 is_stmt 0 view .LVU33
  97 002e 77EEC67A 		vsub.f32	s15, s15, s12
  98              	.LVL13:
 127:Drivers/CMSIS/DSP/Source/MatrixFunctions/arm_mat_sub_f32.c **** 
 128:Drivers/CMSIS/DSP/Source/MatrixFunctions/arm_mat_sub_f32.c ****       /* Read values from source B */
 129:Drivers/CMSIS/DSP/Source/MatrixFunctions/arm_mat_sub_f32.c ****       inB1 = pIn2[2];
  99              		.loc 1 129 7 is_stmt 1 view .LVU34
 100              		.loc 1 129 12 is_stmt 0 view .LVU35
ARM GAS  /var/folders/n6/c271nzx11xl4r4_m7sqjlt0m0000gn/T//cc0la4zA.s 			page 5


 101 0032 91ED026A 		vldr.32	s12, [r1, #8]
 102              	.LVL14:
 130:Drivers/CMSIS/DSP/Source/MatrixFunctions/arm_mat_sub_f32.c **** 
 131:Drivers/CMSIS/DSP/Source/MatrixFunctions/arm_mat_sub_f32.c ****       /* Store result in destination */
 132:Drivers/CMSIS/DSP/Source/MatrixFunctions/arm_mat_sub_f32.c ****       pOut[0] = out1;
 103              		.loc 1 132 7 is_stmt 1 view .LVU36
 104              		.loc 1 132 15 is_stmt 0 view .LVU37
 105 0036 C2ED006A 		vstr.32	s13, [r2]
 106              	.LVL15:
 133:Drivers/CMSIS/DSP/Source/MatrixFunctions/arm_mat_sub_f32.c ****       pOut[1] = out2;
 107              		.loc 1 133 7 is_stmt 1 view .LVU38
 108              		.loc 1 133 15 is_stmt 0 view .LVU39
 109 003a C2ED017A 		vstr.32	s15, [r2, #4]
 134:Drivers/CMSIS/DSP/Source/MatrixFunctions/arm_mat_sub_f32.c **** 
 135:Drivers/CMSIS/DSP/Source/MatrixFunctions/arm_mat_sub_f32.c ****       /* Read values from source A */
 136:Drivers/CMSIS/DSP/Source/MatrixFunctions/arm_mat_sub_f32.c ****       inA2 = pIn1[3];
 110              		.loc 1 136 7 is_stmt 1 view .LVU40
 111              		.loc 1 136 12 is_stmt 0 view .LVU41
 112 003e D3ED037A 		vldr.32	s15, [r3, #12]
 113              	.LVL16:
 137:Drivers/CMSIS/DSP/Source/MatrixFunctions/arm_mat_sub_f32.c **** 
 138:Drivers/CMSIS/DSP/Source/MatrixFunctions/arm_mat_sub_f32.c ****       /* Read values from source B */
 139:Drivers/CMSIS/DSP/Source/MatrixFunctions/arm_mat_sub_f32.c ****       inB2 = pIn2[3];
 114              		.loc 1 139 7 is_stmt 1 view .LVU42
 115              		.loc 1 139 12 is_stmt 0 view .LVU43
 116 0042 D1ED036A 		vldr.32	s13, [r1, #12]
 117              	.LVL17:
 140:Drivers/CMSIS/DSP/Source/MatrixFunctions/arm_mat_sub_f32.c **** 
 141:Drivers/CMSIS/DSP/Source/MatrixFunctions/arm_mat_sub_f32.c ****       /* out = sourceA - sourceB */
 142:Drivers/CMSIS/DSP/Source/MatrixFunctions/arm_mat_sub_f32.c ****       out1 = inA1 - inB1;
 118              		.loc 1 142 7 is_stmt 1 view .LVU44
 119              		.loc 1 142 12 is_stmt 0 view .LVU45
 120 0046 37EE467A 		vsub.f32	s14, s14, s12
 121              	.LVL18:
 143:Drivers/CMSIS/DSP/Source/MatrixFunctions/arm_mat_sub_f32.c **** 
 144:Drivers/CMSIS/DSP/Source/MatrixFunctions/arm_mat_sub_f32.c **** 
 145:Drivers/CMSIS/DSP/Source/MatrixFunctions/arm_mat_sub_f32.c ****       /* out = sourceA - sourceB */
 146:Drivers/CMSIS/DSP/Source/MatrixFunctions/arm_mat_sub_f32.c ****       out2 = inA2 - inB2;
 122              		.loc 1 146 7 is_stmt 1 view .LVU46
 123              		.loc 1 146 12 is_stmt 0 view .LVU47
 124 004a 77EEE67A 		vsub.f32	s15, s15, s13
 125              	.LVL19:
 147:Drivers/CMSIS/DSP/Source/MatrixFunctions/arm_mat_sub_f32.c **** 
 148:Drivers/CMSIS/DSP/Source/MatrixFunctions/arm_mat_sub_f32.c ****       /* Store result in destination */
 149:Drivers/CMSIS/DSP/Source/MatrixFunctions/arm_mat_sub_f32.c ****       pOut[2] = out1;
 126              		.loc 1 149 7 is_stmt 1 view .LVU48
 127              		.loc 1 149 15 is_stmt 0 view .LVU49
 128 004e 82ED027A 		vstr.32	s14, [r2, #8]
 129              	.LVL20:
 150:Drivers/CMSIS/DSP/Source/MatrixFunctions/arm_mat_sub_f32.c **** 
 151:Drivers/CMSIS/DSP/Source/MatrixFunctions/arm_mat_sub_f32.c ****       /* Store result in destination */
 152:Drivers/CMSIS/DSP/Source/MatrixFunctions/arm_mat_sub_f32.c ****       pOut[3] = out2;
 130              		.loc 1 152 7 is_stmt 1 view .LVU50
 131              		.loc 1 152 15 is_stmt 0 view .LVU51
 132 0052 C2ED037A 		vstr.32	s15, [r2, #12]
 153:Drivers/CMSIS/DSP/Source/MatrixFunctions/arm_mat_sub_f32.c **** 
 154:Drivers/CMSIS/DSP/Source/MatrixFunctions/arm_mat_sub_f32.c **** 
ARM GAS  /var/folders/n6/c271nzx11xl4r4_m7sqjlt0m0000gn/T//cc0la4zA.s 			page 6


 155:Drivers/CMSIS/DSP/Source/MatrixFunctions/arm_mat_sub_f32.c ****       /* update pointers to process next sampels */
 156:Drivers/CMSIS/DSP/Source/MatrixFunctions/arm_mat_sub_f32.c ****       pIn1 += 4U;
 133              		.loc 1 156 7 is_stmt 1 view .LVU52
 134              		.loc 1 156 12 is_stmt 0 view .LVU53
 135 0056 1033     		adds	r3, r3, #16
 136              	.LVL21:
 157:Drivers/CMSIS/DSP/Source/MatrixFunctions/arm_mat_sub_f32.c ****       pIn2 += 4U;
 137              		.loc 1 157 7 is_stmt 1 view .LVU54
 138              		.loc 1 157 12 is_stmt 0 view .LVU55
 139 0058 1031     		adds	r1, r1, #16
 140              	.LVL22:
 158:Drivers/CMSIS/DSP/Source/MatrixFunctions/arm_mat_sub_f32.c ****       pOut += 4U;
 141              		.loc 1 158 7 is_stmt 1 view .LVU56
 142              		.loc 1 158 12 is_stmt 0 view .LVU57
 143 005a 1032     		adds	r2, r2, #16
 144              	.LVL23:
 159:Drivers/CMSIS/DSP/Source/MatrixFunctions/arm_mat_sub_f32.c **** 
 160:Drivers/CMSIS/DSP/Source/MatrixFunctions/arm_mat_sub_f32.c ****       /* Decrement the loop counter */
 161:Drivers/CMSIS/DSP/Source/MatrixFunctions/arm_mat_sub_f32.c ****       blkCnt--;
 145              		.loc 1 161 7 is_stmt 1 view .LVU58
 146              		.loc 1 161 13 is_stmt 0 view .LVU59
 147 005c 013C     		subs	r4, r4, #1
 148              	.LVL24:
 149              	.L2:
 103:Drivers/CMSIS/DSP/Source/MatrixFunctions/arm_mat_sub_f32.c ****     {
 150              		.loc 1 103 19 is_stmt 1 view .LVU60
 151 005e 002C     		cmp	r4, #0
 152 0060 D9D1     		bne	.L3
 162:Drivers/CMSIS/DSP/Source/MatrixFunctions/arm_mat_sub_f32.c ****     }
 163:Drivers/CMSIS/DSP/Source/MatrixFunctions/arm_mat_sub_f32.c **** 
 164:Drivers/CMSIS/DSP/Source/MatrixFunctions/arm_mat_sub_f32.c ****     /* If the numSamples is not a multiple of 4, compute any remaining output samples here.
 165:Drivers/CMSIS/DSP/Source/MatrixFunctions/arm_mat_sub_f32.c ****      ** No loop unrolling is used. */
 166:Drivers/CMSIS/DSP/Source/MatrixFunctions/arm_mat_sub_f32.c ****     blkCnt = numSamples % 0x4U;
 153              		.loc 1 166 5 view .LVU61
 154              		.loc 1 166 12 is_stmt 0 view .LVU62
 155 0062 00F00300 		and	r0, r0, #3
 156              	.LVL25:
 167:Drivers/CMSIS/DSP/Source/MatrixFunctions/arm_mat_sub_f32.c **** 
 168:Drivers/CMSIS/DSP/Source/MatrixFunctions/arm_mat_sub_f32.c **** #else
 169:Drivers/CMSIS/DSP/Source/MatrixFunctions/arm_mat_sub_f32.c **** 
 170:Drivers/CMSIS/DSP/Source/MatrixFunctions/arm_mat_sub_f32.c ****     /* Run the below code for Cortex-M0 */
 171:Drivers/CMSIS/DSP/Source/MatrixFunctions/arm_mat_sub_f32.c **** 
 172:Drivers/CMSIS/DSP/Source/MatrixFunctions/arm_mat_sub_f32.c ****     /* Initialize blkCnt with number of samples */
 173:Drivers/CMSIS/DSP/Source/MatrixFunctions/arm_mat_sub_f32.c ****     blkCnt = numSamples;
 174:Drivers/CMSIS/DSP/Source/MatrixFunctions/arm_mat_sub_f32.c **** 
 175:Drivers/CMSIS/DSP/Source/MatrixFunctions/arm_mat_sub_f32.c **** #endif /* #if defined (ARM_MATH_DSP) */
 176:Drivers/CMSIS/DSP/Source/MatrixFunctions/arm_mat_sub_f32.c **** 
 177:Drivers/CMSIS/DSP/Source/MatrixFunctions/arm_mat_sub_f32.c ****     while (blkCnt > 0U)
 157              		.loc 1 177 5 is_stmt 1 view .LVU63
 158              		.loc 1 177 11 is_stmt 0 view .LVU64
 159 0066 08E0     		b	.L4
 160              	.L5:
 178:Drivers/CMSIS/DSP/Source/MatrixFunctions/arm_mat_sub_f32.c ****     {
 179:Drivers/CMSIS/DSP/Source/MatrixFunctions/arm_mat_sub_f32.c ****       /* C(m,n) = A(m,n) - B(m,n) */
 180:Drivers/CMSIS/DSP/Source/MatrixFunctions/arm_mat_sub_f32.c ****       /* Subtract and then store the results in the destination buffer. */
 181:Drivers/CMSIS/DSP/Source/MatrixFunctions/arm_mat_sub_f32.c ****       *pOut++ = (*pIn1++) - (*pIn2++);
 161              		.loc 1 181 7 is_stmt 1 view .LVU65
ARM GAS  /var/folders/n6/c271nzx11xl4r4_m7sqjlt0m0000gn/T//cc0la4zA.s 			page 7


 162              	.LVL26:
 163              		.loc 1 181 18 is_stmt 0 view .LVU66
 164 0068 F3EC017A 		vldmia.32	r3!, {s15}
 165              	.LVL27:
 166              		.loc 1 181 30 view .LVU67
 167 006c B1EC017A 		vldmia.32	r1!, {s14}
 168              	.LVL28:
 169              		.loc 1 181 27 view .LVU68
 170 0070 77EEC77A 		vsub.f32	s15, s15, s14
 171              		.loc 1 181 15 view .LVU69
 172 0074 E2EC017A 		vstmia.32	r2!, {s15}
 173              	.LVL29:
 182:Drivers/CMSIS/DSP/Source/MatrixFunctions/arm_mat_sub_f32.c **** 
 183:Drivers/CMSIS/DSP/Source/MatrixFunctions/arm_mat_sub_f32.c ****       /* Decrement the loop counter */
 184:Drivers/CMSIS/DSP/Source/MatrixFunctions/arm_mat_sub_f32.c ****       blkCnt--;
 174              		.loc 1 184 7 is_stmt 1 view .LVU70
 175              		.loc 1 184 13 is_stmt 0 view .LVU71
 176 0078 0138     		subs	r0, r0, #1
 177              	.LVL30:
 178              	.L4:
 177:Drivers/CMSIS/DSP/Source/MatrixFunctions/arm_mat_sub_f32.c ****     {
 179              		.loc 1 177 19 is_stmt 1 view .LVU72
 180 007a 0028     		cmp	r0, #0
 181 007c F4D1     		bne	.L5
 185:Drivers/CMSIS/DSP/Source/MatrixFunctions/arm_mat_sub_f32.c ****     }
 186:Drivers/CMSIS/DSP/Source/MatrixFunctions/arm_mat_sub_f32.c **** 
 187:Drivers/CMSIS/DSP/Source/MatrixFunctions/arm_mat_sub_f32.c ****     /* Set status as ARM_MATH_SUCCESS */
 188:Drivers/CMSIS/DSP/Source/MatrixFunctions/arm_mat_sub_f32.c ****     status = ARM_MATH_SUCCESS;
 182              		.loc 1 188 5 view .LVU73
 183              	.LVL31:
 189:Drivers/CMSIS/DSP/Source/MatrixFunctions/arm_mat_sub_f32.c ****   }
 190:Drivers/CMSIS/DSP/Source/MatrixFunctions/arm_mat_sub_f32.c **** 
 191:Drivers/CMSIS/DSP/Source/MatrixFunctions/arm_mat_sub_f32.c ****   /* Return to application */
 192:Drivers/CMSIS/DSP/Source/MatrixFunctions/arm_mat_sub_f32.c ****   return (status);
 184              		.loc 1 192 3 view .LVU74
 193:Drivers/CMSIS/DSP/Source/MatrixFunctions/arm_mat_sub_f32.c **** }
 185              		.loc 1 193 1 is_stmt 0 view .LVU75
 186 007e 5DF8044B 		ldr	r4, [sp], #4
 187              		.cfi_restore 4
 188              		.cfi_def_cfa_offset 0
 189 0082 7047     		bx	lr
 190              		.cfi_endproc
 191              	.LFE135:
 193              		.text
 194              	.Letext0:
 195              		.file 2 "/Users/killian/Library/Application Support/Code/User/globalStorage/bmd.stm32-for-vscode/@
 196              		.file 3 "/Users/killian/Library/Application Support/Code/User/globalStorage/bmd.stm32-for-vscode/@
 197              		.file 4 "Drivers/CMSIS/DSP/Include/arm_math.h"
ARM GAS  /var/folders/n6/c271nzx11xl4r4_m7sqjlt0m0000gn/T//cc0la4zA.s 			page 8


DEFINED SYMBOLS
                            *ABS*:00000000 arm_mat_sub_f32.c
/var/folders/n6/c271nzx11xl4r4_m7sqjlt0m0000gn/T//cc0la4zA.s:20     .text.arm_mat_sub_f32:00000000 $t
/var/folders/n6/c271nzx11xl4r4_m7sqjlt0m0000gn/T//cc0la4zA.s:26     .text.arm_mat_sub_f32:00000000 arm_mat_sub_f32

NO UNDEFINED SYMBOLS
