ARM GAS  /var/folders/n6/c271nzx11xl4r4_m7sqjlt0m0000gn/T//ccN9Oo3o.s 			page 1


   1              		.cpu cortex-m7
   2              		.arch armv7e-m
   3              		.fpu fpv5-d16
   4              		.eabi_attribute 28, 1
   5              		.eabi_attribute 20, 1
   6              		.eabi_attribute 21, 1
   7              		.eabi_attribute 23, 3
   8              		.eabi_attribute 24, 1
   9              		.eabi_attribute 25, 1
  10              		.eabi_attribute 26, 1
  11              		.eabi_attribute 30, 1
  12              		.eabi_attribute 34, 1
  13              		.eabi_attribute 18, 4
  14              		.file	"arm_dct4_q31.c"
  15              		.text
  16              	.Ltext0:
  17              		.cfi_sections	.debug_frame
  18              		.file 1 "Drivers/CMSIS/DSP/Source/TransformFunctions/arm_dct4_q31.c"
  19              		.section	.text.arm_dct4_q31,"ax",%progbits
  20              		.align	1
  21              		.global	arm_dct4_q31
  22              		.syntax unified
  23              		.thumb
  24              		.thumb_func
  26              	arm_dct4_q31:
  27              	.LVL0:
  28              	.LFB135:
   1:Drivers/CMSIS/DSP/Source/TransformFunctions/arm_dct4_q31.c **** /* ----------------------------------------------------------------------
   2:Drivers/CMSIS/DSP/Source/TransformFunctions/arm_dct4_q31.c ****  * Project:      CMSIS DSP Library
   3:Drivers/CMSIS/DSP/Source/TransformFunctions/arm_dct4_q31.c ****  * Title:        arm_dct4_q31.c
   4:Drivers/CMSIS/DSP/Source/TransformFunctions/arm_dct4_q31.c ****  * Description:  Processing function of DCT4 & IDCT4 Q31
   5:Drivers/CMSIS/DSP/Source/TransformFunctions/arm_dct4_q31.c ****  *
   6:Drivers/CMSIS/DSP/Source/TransformFunctions/arm_dct4_q31.c ****  * $Date:        27. January 2017
   7:Drivers/CMSIS/DSP/Source/TransformFunctions/arm_dct4_q31.c ****  * $Revision:    V.1.5.1
   8:Drivers/CMSIS/DSP/Source/TransformFunctions/arm_dct4_q31.c ****  *
   9:Drivers/CMSIS/DSP/Source/TransformFunctions/arm_dct4_q31.c ****  * Target Processor: Cortex-M cores
  10:Drivers/CMSIS/DSP/Source/TransformFunctions/arm_dct4_q31.c ****  * -------------------------------------------------------------------- */
  11:Drivers/CMSIS/DSP/Source/TransformFunctions/arm_dct4_q31.c **** /*
  12:Drivers/CMSIS/DSP/Source/TransformFunctions/arm_dct4_q31.c ****  * Copyright (C) 2010-2017 ARM Limited or its affiliates. All rights reserved.
  13:Drivers/CMSIS/DSP/Source/TransformFunctions/arm_dct4_q31.c ****  *
  14:Drivers/CMSIS/DSP/Source/TransformFunctions/arm_dct4_q31.c ****  * SPDX-License-Identifier: Apache-2.0
  15:Drivers/CMSIS/DSP/Source/TransformFunctions/arm_dct4_q31.c ****  *
  16:Drivers/CMSIS/DSP/Source/TransformFunctions/arm_dct4_q31.c ****  * Licensed under the Apache License, Version 2.0 (the License); you may
  17:Drivers/CMSIS/DSP/Source/TransformFunctions/arm_dct4_q31.c ****  * not use this file except in compliance with the License.
  18:Drivers/CMSIS/DSP/Source/TransformFunctions/arm_dct4_q31.c ****  * You may obtain a copy of the License at
  19:Drivers/CMSIS/DSP/Source/TransformFunctions/arm_dct4_q31.c ****  *
  20:Drivers/CMSIS/DSP/Source/TransformFunctions/arm_dct4_q31.c ****  * www.apache.org/licenses/LICENSE-2.0
  21:Drivers/CMSIS/DSP/Source/TransformFunctions/arm_dct4_q31.c ****  *
  22:Drivers/CMSIS/DSP/Source/TransformFunctions/arm_dct4_q31.c ****  * Unless required by applicable law or agreed to in writing, software
  23:Drivers/CMSIS/DSP/Source/TransformFunctions/arm_dct4_q31.c ****  * distributed under the License is distributed on an AS IS BASIS, WITHOUT
  24:Drivers/CMSIS/DSP/Source/TransformFunctions/arm_dct4_q31.c ****  * WARRANTIES OR CONDITIONS OF ANY KIND, either express or implied.
  25:Drivers/CMSIS/DSP/Source/TransformFunctions/arm_dct4_q31.c ****  * See the License for the specific language governing permissions and
  26:Drivers/CMSIS/DSP/Source/TransformFunctions/arm_dct4_q31.c ****  * limitations under the License.
  27:Drivers/CMSIS/DSP/Source/TransformFunctions/arm_dct4_q31.c ****  */
  28:Drivers/CMSIS/DSP/Source/TransformFunctions/arm_dct4_q31.c **** 
  29:Drivers/CMSIS/DSP/Source/TransformFunctions/arm_dct4_q31.c **** #include "arm_math.h"
  30:Drivers/CMSIS/DSP/Source/TransformFunctions/arm_dct4_q31.c **** 
ARM GAS  /var/folders/n6/c271nzx11xl4r4_m7sqjlt0m0000gn/T//ccN9Oo3o.s 			page 2


  31:Drivers/CMSIS/DSP/Source/TransformFunctions/arm_dct4_q31.c **** /**
  32:Drivers/CMSIS/DSP/Source/TransformFunctions/arm_dct4_q31.c ****  * @addtogroup DCT4_IDCT4
  33:Drivers/CMSIS/DSP/Source/TransformFunctions/arm_dct4_q31.c ****  * @{
  34:Drivers/CMSIS/DSP/Source/TransformFunctions/arm_dct4_q31.c ****  */
  35:Drivers/CMSIS/DSP/Source/TransformFunctions/arm_dct4_q31.c **** 
  36:Drivers/CMSIS/DSP/Source/TransformFunctions/arm_dct4_q31.c **** /**
  37:Drivers/CMSIS/DSP/Source/TransformFunctions/arm_dct4_q31.c ****  * @brief Processing function for the Q31 DCT4/IDCT4.
  38:Drivers/CMSIS/DSP/Source/TransformFunctions/arm_dct4_q31.c ****  * @param[in]       *S             points to an instance of the Q31 DCT4 structure.
  39:Drivers/CMSIS/DSP/Source/TransformFunctions/arm_dct4_q31.c ****  * @param[in]       *pState        points to state buffer.
  40:Drivers/CMSIS/DSP/Source/TransformFunctions/arm_dct4_q31.c ****  * @param[in,out]   *pInlineBuffer points to the in-place input and output buffer.
  41:Drivers/CMSIS/DSP/Source/TransformFunctions/arm_dct4_q31.c ****  * @return none.
  42:Drivers/CMSIS/DSP/Source/TransformFunctions/arm_dct4_q31.c ****  * \par Input an output formats:
  43:Drivers/CMSIS/DSP/Source/TransformFunctions/arm_dct4_q31.c ****  * Input samples need to be downscaled by 1 bit to avoid saturations in the Q31 DCT process,
  44:Drivers/CMSIS/DSP/Source/TransformFunctions/arm_dct4_q31.c ****  * as the conversion from DCT2 to DCT4 involves one subtraction.
  45:Drivers/CMSIS/DSP/Source/TransformFunctions/arm_dct4_q31.c ****  * Internally inputs are downscaled in the RFFT process function to avoid overflows.
  46:Drivers/CMSIS/DSP/Source/TransformFunctions/arm_dct4_q31.c ****  * Number of bits downscaled, depends on the size of the transform.
  47:Drivers/CMSIS/DSP/Source/TransformFunctions/arm_dct4_q31.c ****  * The input and output formats for different DCT sizes and number of bits to upscale are mentioned
  48:Drivers/CMSIS/DSP/Source/TransformFunctions/arm_dct4_q31.c ****  *
  49:Drivers/CMSIS/DSP/Source/TransformFunctions/arm_dct4_q31.c ****  * \image html dct4FormatsQ31Table.gif
  50:Drivers/CMSIS/DSP/Source/TransformFunctions/arm_dct4_q31.c ****  */
  51:Drivers/CMSIS/DSP/Source/TransformFunctions/arm_dct4_q31.c **** 
  52:Drivers/CMSIS/DSP/Source/TransformFunctions/arm_dct4_q31.c **** void arm_dct4_q31(
  53:Drivers/CMSIS/DSP/Source/TransformFunctions/arm_dct4_q31.c ****   const arm_dct4_instance_q31 * S,
  54:Drivers/CMSIS/DSP/Source/TransformFunctions/arm_dct4_q31.c ****   q31_t * pState,
  55:Drivers/CMSIS/DSP/Source/TransformFunctions/arm_dct4_q31.c ****   q31_t * pInlineBuffer)
  56:Drivers/CMSIS/DSP/Source/TransformFunctions/arm_dct4_q31.c **** {
  29              		.loc 1 56 1 view -0
  30              		.cfi_startproc
  31              		@ args = 0, pretend = 0, frame = 0
  32              		@ frame_needed = 0, uses_anonymous_args = 0
  33              		.loc 1 56 1 is_stmt 0 view .LVU1
  34 0000 F8B5     		push	{r3, r4, r5, r6, r7, lr}
  35              		.cfi_def_cfa_offset 24
  36              		.cfi_offset 3, -24
  37              		.cfi_offset 4, -20
  38              		.cfi_offset 5, -16
  39              		.cfi_offset 6, -12
  40              		.cfi_offset 7, -8
  41              		.cfi_offset 14, -4
  42 0002 0646     		mov	r6, r0
  43 0004 0D46     		mov	r5, r1
  44 0006 1446     		mov	r4, r2
  57:Drivers/CMSIS/DSP/Source/TransformFunctions/arm_dct4_q31.c ****   uint16_t i;                                    /* Loop counter */
  45              		.loc 1 57 3 is_stmt 1 view .LVU2
  58:Drivers/CMSIS/DSP/Source/TransformFunctions/arm_dct4_q31.c ****   q31_t *weights = S->pTwiddle;                  /* Pointer to the Weights table */
  46              		.loc 1 58 3 view .LVU3
  47              		.loc 1 58 10 is_stmt 0 view .LVU4
  48 0008 8768     		ldr	r7, [r0, #8]
  49              	.LVL1:
  59:Drivers/CMSIS/DSP/Source/TransformFunctions/arm_dct4_q31.c ****   q31_t *cosFact = S->pCosFactor;                /* Pointer to the cos factors table */
  50              		.loc 1 59 3 is_stmt 1 view .LVU5
  60:Drivers/CMSIS/DSP/Source/TransformFunctions/arm_dct4_q31.c ****   q31_t *pS1, *pS2, *pbuff;                      /* Temporary pointers for input buffer and pState 
  51              		.loc 1 60 3 view .LVU6
  61:Drivers/CMSIS/DSP/Source/TransformFunctions/arm_dct4_q31.c ****   q31_t in;                                      /* Temporary variable */
  52              		.loc 1 61 3 view .LVU7
  62:Drivers/CMSIS/DSP/Source/TransformFunctions/arm_dct4_q31.c **** 
  63:Drivers/CMSIS/DSP/Source/TransformFunctions/arm_dct4_q31.c **** 
ARM GAS  /var/folders/n6/c271nzx11xl4r4_m7sqjlt0m0000gn/T//ccN9Oo3o.s 			page 3


  64:Drivers/CMSIS/DSP/Source/TransformFunctions/arm_dct4_q31.c ****   /* DCT4 computation involves DCT2 (which is calculated using RFFT)
  65:Drivers/CMSIS/DSP/Source/TransformFunctions/arm_dct4_q31.c ****    * along with some pre-processing and post-processing.
  66:Drivers/CMSIS/DSP/Source/TransformFunctions/arm_dct4_q31.c ****    * Computational procedure is explained as follows:
  67:Drivers/CMSIS/DSP/Source/TransformFunctions/arm_dct4_q31.c ****    * (a) Pre-processing involves multiplying input with cos factor,
  68:Drivers/CMSIS/DSP/Source/TransformFunctions/arm_dct4_q31.c ****    *     r(n) = 2 * u(n) * cos(pi*(2*n+1)/(4*n))
  69:Drivers/CMSIS/DSP/Source/TransformFunctions/arm_dct4_q31.c ****    *              where,
  70:Drivers/CMSIS/DSP/Source/TransformFunctions/arm_dct4_q31.c ****    *                 r(n) -- output of preprocessing
  71:Drivers/CMSIS/DSP/Source/TransformFunctions/arm_dct4_q31.c ****    *                 u(n) -- input to preprocessing(actual Source buffer)
  72:Drivers/CMSIS/DSP/Source/TransformFunctions/arm_dct4_q31.c ****    * (b) Calculation of DCT2 using FFT is divided into three steps:
  73:Drivers/CMSIS/DSP/Source/TransformFunctions/arm_dct4_q31.c ****    *                  Step1: Re-ordering of even and odd elements of input.
  74:Drivers/CMSIS/DSP/Source/TransformFunctions/arm_dct4_q31.c ****    *                  Step2: Calculating FFT of the re-ordered input.
  75:Drivers/CMSIS/DSP/Source/TransformFunctions/arm_dct4_q31.c ****    *                  Step3: Taking the real part of the product of FFT output and weights.
  76:Drivers/CMSIS/DSP/Source/TransformFunctions/arm_dct4_q31.c ****    * (c) Post-processing - DCT4 can be obtained from DCT2 output using the following equation:
  77:Drivers/CMSIS/DSP/Source/TransformFunctions/arm_dct4_q31.c ****    *                   Y4(k) = Y2(k) - Y4(k-1) and Y4(-1) = Y4(0)
  78:Drivers/CMSIS/DSP/Source/TransformFunctions/arm_dct4_q31.c ****    *                        where,
  79:Drivers/CMSIS/DSP/Source/TransformFunctions/arm_dct4_q31.c ****    *                           Y4 -- DCT4 output,   Y2 -- DCT2 output
  80:Drivers/CMSIS/DSP/Source/TransformFunctions/arm_dct4_q31.c ****    * (d) Multiplying the output with the normalizing factor sqrt(2/N).
  81:Drivers/CMSIS/DSP/Source/TransformFunctions/arm_dct4_q31.c ****    */
  82:Drivers/CMSIS/DSP/Source/TransformFunctions/arm_dct4_q31.c **** 
  83:Drivers/CMSIS/DSP/Source/TransformFunctions/arm_dct4_q31.c ****         /*-------- Pre-processing ------------*/
  84:Drivers/CMSIS/DSP/Source/TransformFunctions/arm_dct4_q31.c ****   /* Multiplying input with cos factor i.e. r(n) = 2 * x(n) * cos(pi*(2*n+1)/(4*n)) */
  85:Drivers/CMSIS/DSP/Source/TransformFunctions/arm_dct4_q31.c ****   arm_mult_q31(pInlineBuffer, cosFact, pInlineBuffer, S->N);
  53              		.loc 1 85 3 view .LVU8
  54 000a 0388     		ldrh	r3, [r0]
  55 000c C168     		ldr	r1, [r0, #12]
  56              	.LVL2:
  57              		.loc 1 85 3 is_stmt 0 view .LVU9
  58 000e 1046     		mov	r0, r2
  59              	.LVL3:
  60              		.loc 1 85 3 view .LVU10
  61 0010 FFF7FEFF 		bl	arm_mult_q31
  62              	.LVL4:
  86:Drivers/CMSIS/DSP/Source/TransformFunctions/arm_dct4_q31.c ****   arm_shift_q31(pInlineBuffer, 1, pInlineBuffer, S->N);
  63              		.loc 1 86 3 is_stmt 1 view .LVU11
  64 0014 3388     		ldrh	r3, [r6]
  65 0016 2246     		mov	r2, r4
  66 0018 0121     		movs	r1, #1
  67 001a 2046     		mov	r0, r4
  68 001c FFF7FEFF 		bl	arm_shift_q31
  69              	.LVL5:
  87:Drivers/CMSIS/DSP/Source/TransformFunctions/arm_dct4_q31.c **** 
  88:Drivers/CMSIS/DSP/Source/TransformFunctions/arm_dct4_q31.c ****   /* ----------------------------------------------------------------
  89:Drivers/CMSIS/DSP/Source/TransformFunctions/arm_dct4_q31.c ****    * Step1: Re-ordering of even and odd elements as
  90:Drivers/CMSIS/DSP/Source/TransformFunctions/arm_dct4_q31.c ****    *             pState[i] =  pInlineBuffer[2*i] and
  91:Drivers/CMSIS/DSP/Source/TransformFunctions/arm_dct4_q31.c ****    *             pState[N-i-1] = pInlineBuffer[2*i+1] where i = 0 to N/2
  92:Drivers/CMSIS/DSP/Source/TransformFunctions/arm_dct4_q31.c ****    ---------------------------------------------------------------------*/
  93:Drivers/CMSIS/DSP/Source/TransformFunctions/arm_dct4_q31.c **** 
  94:Drivers/CMSIS/DSP/Source/TransformFunctions/arm_dct4_q31.c ****   /* pS1 initialized to pState */
  95:Drivers/CMSIS/DSP/Source/TransformFunctions/arm_dct4_q31.c ****   pS1 = pState;
  70              		.loc 1 95 3 view .LVU12
  96:Drivers/CMSIS/DSP/Source/TransformFunctions/arm_dct4_q31.c **** 
  97:Drivers/CMSIS/DSP/Source/TransformFunctions/arm_dct4_q31.c ****   /* pS2 initialized to pState+N-1, so that it points to the end of the state buffer */
  98:Drivers/CMSIS/DSP/Source/TransformFunctions/arm_dct4_q31.c ****   pS2 = pState + (S->N - 1U);
  71              		.loc 1 98 3 view .LVU13
  72              		.loc 1 98 20 is_stmt 0 view .LVU14
  73 0020 3388     		ldrh	r3, [r6]
  74              		.loc 1 98 16 view .LVU15
ARM GAS  /var/folders/n6/c271nzx11xl4r4_m7sqjlt0m0000gn/T//ccN9Oo3o.s 			page 4


  75 0022 6FF04042 		mvn	r2, #-1073741824
  76 0026 1A44     		add	r2, r2, r3
  77              		.loc 1 98 7 view .LVU16
  78 0028 05EB8202 		add	r2, r5, r2, lsl #2
  79              	.LVL6:
  99:Drivers/CMSIS/DSP/Source/TransformFunctions/arm_dct4_q31.c **** 
 100:Drivers/CMSIS/DSP/Source/TransformFunctions/arm_dct4_q31.c ****   /* pbuff initialized to input buffer */
 101:Drivers/CMSIS/DSP/Source/TransformFunctions/arm_dct4_q31.c ****   pbuff = pInlineBuffer;
  80              		.loc 1 101 3 is_stmt 1 view .LVU17
 102:Drivers/CMSIS/DSP/Source/TransformFunctions/arm_dct4_q31.c **** 
 103:Drivers/CMSIS/DSP/Source/TransformFunctions/arm_dct4_q31.c **** #if defined (ARM_MATH_DSP)
 104:Drivers/CMSIS/DSP/Source/TransformFunctions/arm_dct4_q31.c **** 
 105:Drivers/CMSIS/DSP/Source/TransformFunctions/arm_dct4_q31.c ****   /* Run the below code for Cortex-M4 and Cortex-M3 */
 106:Drivers/CMSIS/DSP/Source/TransformFunctions/arm_dct4_q31.c **** 
 107:Drivers/CMSIS/DSP/Source/TransformFunctions/arm_dct4_q31.c ****   /* Initializing the loop counter to N/2 >> 2 for loop unrolling by 4 */
 108:Drivers/CMSIS/DSP/Source/TransformFunctions/arm_dct4_q31.c ****   i = S->Nby2 >> 2U;
  81              		.loc 1 108 3 view .LVU18
  82              		.loc 1 108 8 is_stmt 0 view .LVU19
  83 002c B6F802C0 		ldrh	ip, [r6, #2]
  84              		.loc 1 108 5 view .LVU20
  85 0030 4FEA9C0C 		lsr	ip, ip, #2
  86              	.LVL7:
 101:Drivers/CMSIS/DSP/Source/TransformFunctions/arm_dct4_q31.c **** 
  87              		.loc 1 101 9 view .LVU21
  88 0034 2346     		mov	r3, r4
  95:Drivers/CMSIS/DSP/Source/TransformFunctions/arm_dct4_q31.c **** 
  89              		.loc 1 95 7 view .LVU22
  90 0036 2946     		mov	r1, r5
  91              	.LVL8:
  92              	.L2:
 109:Drivers/CMSIS/DSP/Source/TransformFunctions/arm_dct4_q31.c **** 
 110:Drivers/CMSIS/DSP/Source/TransformFunctions/arm_dct4_q31.c ****   /* First part of the processing with loop unrolling.  Compute 4 outputs at a time.
 111:Drivers/CMSIS/DSP/Source/TransformFunctions/arm_dct4_q31.c ****    ** a second loop below computes the remaining 1 to 3 samples. */
 112:Drivers/CMSIS/DSP/Source/TransformFunctions/arm_dct4_q31.c ****   do
  93              		.loc 1 112 3 is_stmt 1 view .LVU23
 113:Drivers/CMSIS/DSP/Source/TransformFunctions/arm_dct4_q31.c ****   {
 114:Drivers/CMSIS/DSP/Source/TransformFunctions/arm_dct4_q31.c ****     /* Re-ordering of even and odd elements */
 115:Drivers/CMSIS/DSP/Source/TransformFunctions/arm_dct4_q31.c ****     /* pState[i] =  pInlineBuffer[2*i] */
 116:Drivers/CMSIS/DSP/Source/TransformFunctions/arm_dct4_q31.c ****     *pS1++ = *pbuff++;
  94              		.loc 1 116 5 view .LVU24
  95              		.loc 1 116 14 is_stmt 0 view .LVU25
  96 0038 1868     		ldr	r0, [r3]
  97              		.loc 1 116 12 view .LVU26
  98 003a 0860     		str	r0, [r1]
 117:Drivers/CMSIS/DSP/Source/TransformFunctions/arm_dct4_q31.c ****     /* pState[N-i-1] = pInlineBuffer[2*i+1] */
 118:Drivers/CMSIS/DSP/Source/TransformFunctions/arm_dct4_q31.c ****     *pS2-- = *pbuff++;
  99              		.loc 1 118 5 is_stmt 1 view .LVU27
 100              	.LVL9:
 101              		.loc 1 118 14 is_stmt 0 view .LVU28
 102 003c 5868     		ldr	r0, [r3, #4]
 103              		.loc 1 118 12 view .LVU29
 104 003e 1060     		str	r0, [r2]
 119:Drivers/CMSIS/DSP/Source/TransformFunctions/arm_dct4_q31.c **** 
 120:Drivers/CMSIS/DSP/Source/TransformFunctions/arm_dct4_q31.c ****     *pS1++ = *pbuff++;
 105              		.loc 1 120 5 is_stmt 1 view .LVU30
 106              	.LVL10:
 107              		.loc 1 120 14 is_stmt 0 view .LVU31
ARM GAS  /var/folders/n6/c271nzx11xl4r4_m7sqjlt0m0000gn/T//ccN9Oo3o.s 			page 5


 108 0040 9868     		ldr	r0, [r3, #8]
 109              		.loc 1 120 12 view .LVU32
 110 0042 4860     		str	r0, [r1, #4]
 121:Drivers/CMSIS/DSP/Source/TransformFunctions/arm_dct4_q31.c ****     *pS2-- = *pbuff++;
 111              		.loc 1 121 5 is_stmt 1 view .LVU33
 112              	.LVL11:
 113              		.loc 1 121 14 is_stmt 0 view .LVU34
 114 0044 D868     		ldr	r0, [r3, #12]
 115              		.loc 1 121 12 view .LVU35
 116 0046 42F8040C 		str	r0, [r2, #-4]
 122:Drivers/CMSIS/DSP/Source/TransformFunctions/arm_dct4_q31.c **** 
 123:Drivers/CMSIS/DSP/Source/TransformFunctions/arm_dct4_q31.c ****     *pS1++ = *pbuff++;
 117              		.loc 1 123 5 is_stmt 1 view .LVU36
 118              	.LVL12:
 119              		.loc 1 123 14 is_stmt 0 view .LVU37
 120 004a 1869     		ldr	r0, [r3, #16]
 121              		.loc 1 123 12 view .LVU38
 122 004c 8860     		str	r0, [r1, #8]
 124:Drivers/CMSIS/DSP/Source/TransformFunctions/arm_dct4_q31.c ****     *pS2-- = *pbuff++;
 123              		.loc 1 124 5 is_stmt 1 view .LVU39
 124              	.LVL13:
 125              		.loc 1 124 14 is_stmt 0 view .LVU40
 126 004e 5869     		ldr	r0, [r3, #20]
 127              		.loc 1 124 12 view .LVU41
 128 0050 42F8080C 		str	r0, [r2, #-8]
 125:Drivers/CMSIS/DSP/Source/TransformFunctions/arm_dct4_q31.c **** 
 126:Drivers/CMSIS/DSP/Source/TransformFunctions/arm_dct4_q31.c ****     *pS1++ = *pbuff++;
 129              		.loc 1 126 5 is_stmt 1 view .LVU42
 130              	.LVL14:
 131              		.loc 1 126 14 is_stmt 0 view .LVU43
 132 0054 9869     		ldr	r0, [r3, #24]
 133              		.loc 1 126 12 view .LVU44
 134 0056 C860     		str	r0, [r1, #12]
 135 0058 1031     		adds	r1, r1, #16
 136              	.LVL15:
 127:Drivers/CMSIS/DSP/Source/TransformFunctions/arm_dct4_q31.c ****     *pS2-- = *pbuff++;
 137              		.loc 1 127 5 is_stmt 1 view .LVU45
 138              		.loc 1 127 5 is_stmt 0 view .LVU46
 139 005a 9646     		mov	lr, r2
 140              		.loc 1 127 9 view .LVU47
 141 005c 103A     		subs	r2, r2, #16
 142              	.LVL16:
 143              		.loc 1 127 14 view .LVU48
 144 005e D869     		ldr	r0, [r3, #28]
 145 0060 2033     		adds	r3, r3, #32
 146              	.LVL17:
 147              		.loc 1 127 12 view .LVU49
 148 0062 4EF80C0C 		str	r0, [lr, #-12]
 128:Drivers/CMSIS/DSP/Source/TransformFunctions/arm_dct4_q31.c **** 
 129:Drivers/CMSIS/DSP/Source/TransformFunctions/arm_dct4_q31.c ****     /* Decrement the loop counter */
 130:Drivers/CMSIS/DSP/Source/TransformFunctions/arm_dct4_q31.c ****     i--;
 149              		.loc 1 130 5 is_stmt 1 view .LVU50
 150              		.loc 1 130 6 is_stmt 0 view .LVU51
 151 0066 0CF1FF3C 		add	ip, ip, #-1
 152              	.LVL18:
 153              		.loc 1 130 6 view .LVU52
 154 006a 1FFA8CFC 		uxth	ip, ip
ARM GAS  /var/folders/n6/c271nzx11xl4r4_m7sqjlt0m0000gn/T//ccN9Oo3o.s 			page 6


 155              	.LVL19:
 131:Drivers/CMSIS/DSP/Source/TransformFunctions/arm_dct4_q31.c ****   } while (i > 0U);
 156              		.loc 1 131 14 is_stmt 1 discriminator 1 view .LVU53
 157 006e BCF1000F 		cmp	ip, #0
 158 0072 E1D1     		bne	.L2
 132:Drivers/CMSIS/DSP/Source/TransformFunctions/arm_dct4_q31.c **** 
 133:Drivers/CMSIS/DSP/Source/TransformFunctions/arm_dct4_q31.c ****   /* pbuff initialized to input buffer */
 134:Drivers/CMSIS/DSP/Source/TransformFunctions/arm_dct4_q31.c ****   pbuff = pInlineBuffer;
 159              		.loc 1 134 3 view .LVU54
 160              	.LVL20:
 135:Drivers/CMSIS/DSP/Source/TransformFunctions/arm_dct4_q31.c **** 
 136:Drivers/CMSIS/DSP/Source/TransformFunctions/arm_dct4_q31.c ****   /* pS1 initialized to pState */
 137:Drivers/CMSIS/DSP/Source/TransformFunctions/arm_dct4_q31.c ****   pS1 = pState;
 161              		.loc 1 137 3 view .LVU55
 138:Drivers/CMSIS/DSP/Source/TransformFunctions/arm_dct4_q31.c **** 
 139:Drivers/CMSIS/DSP/Source/TransformFunctions/arm_dct4_q31.c ****   /* Initializing the loop counter to N/4 instead of N for loop unrolling */
 140:Drivers/CMSIS/DSP/Source/TransformFunctions/arm_dct4_q31.c ****   i = S->N >> 2U;
 162              		.loc 1 140 3 view .LVU56
 163              		.loc 1 140 8 is_stmt 0 view .LVU57
 164 0074 3188     		ldrh	r1, [r6]
 165              		.loc 1 140 5 view .LVU58
 166 0076 8908     		lsrs	r1, r1, #2
 167              	.LVL21:
 134:Drivers/CMSIS/DSP/Source/TransformFunctions/arm_dct4_q31.c **** 
 168              		.loc 1 134 9 view .LVU59
 169 0078 2246     		mov	r2, r4
 170              	.LVL22:
 137:Drivers/CMSIS/DSP/Source/TransformFunctions/arm_dct4_q31.c **** 
 171              		.loc 1 137 7 view .LVU60
 172 007a 2B46     		mov	r3, r5
 173              	.LVL23:
 174              	.L3:
 141:Drivers/CMSIS/DSP/Source/TransformFunctions/arm_dct4_q31.c **** 
 142:Drivers/CMSIS/DSP/Source/TransformFunctions/arm_dct4_q31.c ****   /* Processing with loop unrolling 4 times as N is always multiple of 4.
 143:Drivers/CMSIS/DSP/Source/TransformFunctions/arm_dct4_q31.c ****    * Compute 4 outputs at a time */
 144:Drivers/CMSIS/DSP/Source/TransformFunctions/arm_dct4_q31.c ****   do
 175              		.loc 1 144 3 is_stmt 1 view .LVU61
 145:Drivers/CMSIS/DSP/Source/TransformFunctions/arm_dct4_q31.c ****   {
 146:Drivers/CMSIS/DSP/Source/TransformFunctions/arm_dct4_q31.c ****     /* Writing the re-ordered output back to inplace input buffer */
 147:Drivers/CMSIS/DSP/Source/TransformFunctions/arm_dct4_q31.c ****     *pbuff++ = *pS1++;
 176              		.loc 1 147 5 view .LVU62
 177              		.loc 1 147 16 is_stmt 0 view .LVU63
 178 007c 1868     		ldr	r0, [r3]
 179              		.loc 1 147 14 view .LVU64
 180 007e 1060     		str	r0, [r2]
 148:Drivers/CMSIS/DSP/Source/TransformFunctions/arm_dct4_q31.c ****     *pbuff++ = *pS1++;
 181              		.loc 1 148 5 is_stmt 1 view .LVU65
 182              	.LVL24:
 183              		.loc 1 148 16 is_stmt 0 view .LVU66
 184 0080 5868     		ldr	r0, [r3, #4]
 185              		.loc 1 148 14 view .LVU67
 186 0082 5060     		str	r0, [r2, #4]
 149:Drivers/CMSIS/DSP/Source/TransformFunctions/arm_dct4_q31.c ****     *pbuff++ = *pS1++;
 187              		.loc 1 149 5 is_stmt 1 view .LVU68
 188              	.LVL25:
 189              		.loc 1 149 16 is_stmt 0 view .LVU69
 190 0084 9868     		ldr	r0, [r3, #8]
ARM GAS  /var/folders/n6/c271nzx11xl4r4_m7sqjlt0m0000gn/T//ccN9Oo3o.s 			page 7


 191              		.loc 1 149 14 view .LVU70
 192 0086 9060     		str	r0, [r2, #8]
 150:Drivers/CMSIS/DSP/Source/TransformFunctions/arm_dct4_q31.c ****     *pbuff++ = *pS1++;
 193              		.loc 1 150 5 is_stmt 1 view .LVU71
 194              	.LVL26:
 195              		.loc 1 150 5 is_stmt 0 view .LVU72
 196 0088 9446     		mov	ip, r2
 197              		.loc 1 150 11 view .LVU73
 198 008a 1032     		adds	r2, r2, #16
 199              	.LVL27:
 200              		.loc 1 150 16 view .LVU74
 201 008c D868     		ldr	r0, [r3, #12]
 202 008e 1033     		adds	r3, r3, #16
 203              	.LVL28:
 204              		.loc 1 150 14 view .LVU75
 205 0090 CCF80C00 		str	r0, [ip, #12]
 151:Drivers/CMSIS/DSP/Source/TransformFunctions/arm_dct4_q31.c **** 
 152:Drivers/CMSIS/DSP/Source/TransformFunctions/arm_dct4_q31.c ****     /* Decrement the loop counter */
 153:Drivers/CMSIS/DSP/Source/TransformFunctions/arm_dct4_q31.c ****     i--;
 206              		.loc 1 153 5 is_stmt 1 view .LVU76
 207              		.loc 1 153 6 is_stmt 0 view .LVU77
 208 0094 0139     		subs	r1, r1, #1
 209              	.LVL29:
 210              		.loc 1 153 6 view .LVU78
 211 0096 89B2     		uxth	r1, r1
 212              	.LVL30:
 154:Drivers/CMSIS/DSP/Source/TransformFunctions/arm_dct4_q31.c ****   } while (i > 0U);
 213              		.loc 1 154 14 is_stmt 1 discriminator 1 view .LVU79
 214 0098 0029     		cmp	r1, #0
 215 009a EFD1     		bne	.L3
 155:Drivers/CMSIS/DSP/Source/TransformFunctions/arm_dct4_q31.c **** 
 156:Drivers/CMSIS/DSP/Source/TransformFunctions/arm_dct4_q31.c **** 
 157:Drivers/CMSIS/DSP/Source/TransformFunctions/arm_dct4_q31.c ****   /* ---------------------------------------------------------
 158:Drivers/CMSIS/DSP/Source/TransformFunctions/arm_dct4_q31.c ****    *     Step2: Calculate RFFT for N-point input
 159:Drivers/CMSIS/DSP/Source/TransformFunctions/arm_dct4_q31.c ****    * ---------------------------------------------------------- */
 160:Drivers/CMSIS/DSP/Source/TransformFunctions/arm_dct4_q31.c ****   /* pInlineBuffer is real input of length N , pState is the complex output of length 2N */
 161:Drivers/CMSIS/DSP/Source/TransformFunctions/arm_dct4_q31.c ****   arm_rfft_q31(S->pRfft, pInlineBuffer, pState);
 216              		.loc 1 161 3 view .LVU80
 217 009c 2A46     		mov	r2, r5
 218              	.LVL31:
 219              		.loc 1 161 3 is_stmt 0 view .LVU81
 220 009e 2146     		mov	r1, r4
 221              	.LVL32:
 222              		.loc 1 161 3 view .LVU82
 223 00a0 3069     		ldr	r0, [r6, #16]
 224 00a2 FFF7FEFF 		bl	arm_rfft_q31
 225              	.LVL33:
 162:Drivers/CMSIS/DSP/Source/TransformFunctions/arm_dct4_q31.c **** 
 163:Drivers/CMSIS/DSP/Source/TransformFunctions/arm_dct4_q31.c ****   /*----------------------------------------------------------------------
 164:Drivers/CMSIS/DSP/Source/TransformFunctions/arm_dct4_q31.c ****    *  Step3: Multiply the FFT output with the weights.
 165:Drivers/CMSIS/DSP/Source/TransformFunctions/arm_dct4_q31.c ****    *----------------------------------------------------------------------*/
 166:Drivers/CMSIS/DSP/Source/TransformFunctions/arm_dct4_q31.c ****   arm_cmplx_mult_cmplx_q31(pState, weights, pState, S->N);
 226              		.loc 1 166 3 is_stmt 1 view .LVU83
 227 00a6 3388     		ldrh	r3, [r6]
 228 00a8 2A46     		mov	r2, r5
 229 00aa 3946     		mov	r1, r7
 230 00ac 2846     		mov	r0, r5
ARM GAS  /var/folders/n6/c271nzx11xl4r4_m7sqjlt0m0000gn/T//ccN9Oo3o.s 			page 8


 231 00ae FFF7FEFF 		bl	arm_cmplx_mult_cmplx_q31
 232              	.LVL34:
 167:Drivers/CMSIS/DSP/Source/TransformFunctions/arm_dct4_q31.c **** 
 168:Drivers/CMSIS/DSP/Source/TransformFunctions/arm_dct4_q31.c ****   /* The output of complex multiplication is in 3.29 format.
 169:Drivers/CMSIS/DSP/Source/TransformFunctions/arm_dct4_q31.c ****    * Hence changing the format of N (i.e. 2*N elements) complex numbers to 1.31 format by shifting 
 170:Drivers/CMSIS/DSP/Source/TransformFunctions/arm_dct4_q31.c ****   arm_shift_q31(pState, 2, pState, S->N * 2);
 233              		.loc 1 170 3 view .LVU84
 234              		.loc 1 170 37 is_stmt 0 view .LVU85
 235 00b2 3388     		ldrh	r3, [r6]
 236              		.loc 1 170 3 view .LVU86
 237 00b4 5B00     		lsls	r3, r3, #1
 238 00b6 2A46     		mov	r2, r5
 239 00b8 0221     		movs	r1, #2
 240 00ba 2846     		mov	r0, r5
 241 00bc FFF7FEFF 		bl	arm_shift_q31
 242              	.LVL35:
 171:Drivers/CMSIS/DSP/Source/TransformFunctions/arm_dct4_q31.c **** 
 172:Drivers/CMSIS/DSP/Source/TransformFunctions/arm_dct4_q31.c ****   /* ----------- Post-processing ---------- */
 173:Drivers/CMSIS/DSP/Source/TransformFunctions/arm_dct4_q31.c ****   /* DCT-IV can be obtained from DCT-II by the equation,
 174:Drivers/CMSIS/DSP/Source/TransformFunctions/arm_dct4_q31.c ****    *       Y4(k) = Y2(k) - Y4(k-1) and Y4(-1) = Y4(0)
 175:Drivers/CMSIS/DSP/Source/TransformFunctions/arm_dct4_q31.c ****    *       Hence, Y4(0) = Y2(0)/2  */
 176:Drivers/CMSIS/DSP/Source/TransformFunctions/arm_dct4_q31.c ****   /* Getting only real part from the output and Converting to DCT-IV */
 177:Drivers/CMSIS/DSP/Source/TransformFunctions/arm_dct4_q31.c **** 
 178:Drivers/CMSIS/DSP/Source/TransformFunctions/arm_dct4_q31.c ****   /* Initializing the loop counter to N >> 2 for loop unrolling by 4 */
 179:Drivers/CMSIS/DSP/Source/TransformFunctions/arm_dct4_q31.c ****   i = (S->N - 1U) >> 2U;
 243              		.loc 1 179 3 is_stmt 1 view .LVU87
 244              		.loc 1 179 9 is_stmt 0 view .LVU88
 245 00c0 3188     		ldrh	r1, [r6]
 246              		.loc 1 179 13 view .LVU89
 247 00c2 0139     		subs	r1, r1, #1
 248              		.loc 1 179 5 view .LVU90
 249 00c4 C1F38F01 		ubfx	r1, r1, #2, #16
 250              	.LVL36:
 180:Drivers/CMSIS/DSP/Source/TransformFunctions/arm_dct4_q31.c **** 
 181:Drivers/CMSIS/DSP/Source/TransformFunctions/arm_dct4_q31.c ****   /* pbuff initialized to input buffer. */
 182:Drivers/CMSIS/DSP/Source/TransformFunctions/arm_dct4_q31.c ****   pbuff = pInlineBuffer;
 251              		.loc 1 182 3 is_stmt 1 view .LVU91
 183:Drivers/CMSIS/DSP/Source/TransformFunctions/arm_dct4_q31.c **** 
 184:Drivers/CMSIS/DSP/Source/TransformFunctions/arm_dct4_q31.c ****   /* pS1 initialized to pState */
 185:Drivers/CMSIS/DSP/Source/TransformFunctions/arm_dct4_q31.c ****   pS1 = pState;
 252              		.loc 1 185 3 view .LVU92
 186:Drivers/CMSIS/DSP/Source/TransformFunctions/arm_dct4_q31.c **** 
 187:Drivers/CMSIS/DSP/Source/TransformFunctions/arm_dct4_q31.c ****   /* Calculating Y4(0) from Y2(0) using Y4(0) = Y2(0)/2 */
 188:Drivers/CMSIS/DSP/Source/TransformFunctions/arm_dct4_q31.c ****   in = *pS1++ >> 1U;
 253              		.loc 1 188 3 view .LVU93
 254              		.loc 1 188 8 is_stmt 0 view .LVU94
 255 00c8 55F8082B 		ldr	r2, [r5], #8
 256              	.LVL37:
 257              		.loc 1 188 6 view .LVU95
 258 00cc 5210     		asrs	r2, r2, #1
 259              	.LVL38:
 189:Drivers/CMSIS/DSP/Source/TransformFunctions/arm_dct4_q31.c ****   /* input buffer acts as inplace, so output values are stored in the input itself. */
 190:Drivers/CMSIS/DSP/Source/TransformFunctions/arm_dct4_q31.c ****   *pbuff++ = in;
 260              		.loc 1 190 3 is_stmt 1 view .LVU96
 261              		.loc 1 190 9 is_stmt 0 view .LVU97
 262 00ce 2346     		mov	r3, r4
 263              	.LVL39:
ARM GAS  /var/folders/n6/c271nzx11xl4r4_m7sqjlt0m0000gn/T//ccN9Oo3o.s 			page 9


 264              		.loc 1 190 12 view .LVU98
 265 00d0 43F8042B 		str	r2, [r3], #4
 266              	.LVL40:
 191:Drivers/CMSIS/DSP/Source/TransformFunctions/arm_dct4_q31.c **** 
 192:Drivers/CMSIS/DSP/Source/TransformFunctions/arm_dct4_q31.c ****   /* pState pointer is incremented twice as the real values are located alternatively in the array 
 193:Drivers/CMSIS/DSP/Source/TransformFunctions/arm_dct4_q31.c ****   pS1++;
 267              		.loc 1 193 3 is_stmt 1 view .LVU99
 268              	.L4:
 194:Drivers/CMSIS/DSP/Source/TransformFunctions/arm_dct4_q31.c **** 
 195:Drivers/CMSIS/DSP/Source/TransformFunctions/arm_dct4_q31.c ****   /* First part of the processing with loop unrolling.  Compute 4 outputs at a time.
 196:Drivers/CMSIS/DSP/Source/TransformFunctions/arm_dct4_q31.c ****    ** a second loop below computes the remaining 1 to 3 samples. */
 197:Drivers/CMSIS/DSP/Source/TransformFunctions/arm_dct4_q31.c ****   do
 269              		.loc 1 197 3 view .LVU100
 198:Drivers/CMSIS/DSP/Source/TransformFunctions/arm_dct4_q31.c ****   {
 199:Drivers/CMSIS/DSP/Source/TransformFunctions/arm_dct4_q31.c ****     /* Calculating Y4(1) to Y4(N-1) from Y2 using equation Y4(k) = Y2(k) - Y4(k-1) */
 200:Drivers/CMSIS/DSP/Source/TransformFunctions/arm_dct4_q31.c ****     /* pState pointer (pS1) is incremented twice as the real values are located alternatively in th
 201:Drivers/CMSIS/DSP/Source/TransformFunctions/arm_dct4_q31.c ****     in = *pS1++ - in;
 270              		.loc 1 201 5 view .LVU101
 271              		.loc 1 201 10 is_stmt 0 view .LVU102
 272 00d4 2868     		ldr	r0, [r5]
 273              		.loc 1 201 8 view .LVU103
 274 00d6 801A     		subs	r0, r0, r2
 275              	.LVL41:
 202:Drivers/CMSIS/DSP/Source/TransformFunctions/arm_dct4_q31.c ****     *pbuff++ = in;
 276              		.loc 1 202 5 is_stmt 1 view .LVU104
 277              		.loc 1 202 14 is_stmt 0 view .LVU105
 278 00d8 1860     		str	r0, [r3]
 203:Drivers/CMSIS/DSP/Source/TransformFunctions/arm_dct4_q31.c ****     /* points to the next real value */
 204:Drivers/CMSIS/DSP/Source/TransformFunctions/arm_dct4_q31.c ****     pS1++;
 279              		.loc 1 204 5 is_stmt 1 view .LVU106
 280              	.LVL42:
 205:Drivers/CMSIS/DSP/Source/TransformFunctions/arm_dct4_q31.c **** 
 206:Drivers/CMSIS/DSP/Source/TransformFunctions/arm_dct4_q31.c ****     in = *pS1++ - in;
 281              		.loc 1 206 5 view .LVU107
 282              		.loc 1 206 10 is_stmt 0 view .LVU108
 283 00da AA68     		ldr	r2, [r5, #8]
 284              		.loc 1 206 8 view .LVU109
 285 00dc 121A     		subs	r2, r2, r0
 286              	.LVL43:
 207:Drivers/CMSIS/DSP/Source/TransformFunctions/arm_dct4_q31.c ****     *pbuff++ = in;
 287              		.loc 1 207 5 is_stmt 1 view .LVU110
 288              		.loc 1 207 14 is_stmt 0 view .LVU111
 289 00de 5A60     		str	r2, [r3, #4]
 208:Drivers/CMSIS/DSP/Source/TransformFunctions/arm_dct4_q31.c ****     pS1++;
 290              		.loc 1 208 5 is_stmt 1 view .LVU112
 291              	.LVL44:
 209:Drivers/CMSIS/DSP/Source/TransformFunctions/arm_dct4_q31.c **** 
 210:Drivers/CMSIS/DSP/Source/TransformFunctions/arm_dct4_q31.c ****     in = *pS1++ - in;
 292              		.loc 1 210 5 view .LVU113
 293              		.loc 1 210 10 is_stmt 0 view .LVU114
 294 00e0 2869     		ldr	r0, [r5, #16]
 295              		.loc 1 210 8 view .LVU115
 296 00e2 801A     		subs	r0, r0, r2
 297              	.LVL45:
 211:Drivers/CMSIS/DSP/Source/TransformFunctions/arm_dct4_q31.c ****     *pbuff++ = in;
 298              		.loc 1 211 5 is_stmt 1 view .LVU116
 299              		.loc 1 211 14 is_stmt 0 view .LVU117
ARM GAS  /var/folders/n6/c271nzx11xl4r4_m7sqjlt0m0000gn/T//ccN9Oo3o.s 			page 10


 300 00e4 9860     		str	r0, [r3, #8]
 212:Drivers/CMSIS/DSP/Source/TransformFunctions/arm_dct4_q31.c ****     pS1++;
 301              		.loc 1 212 5 is_stmt 1 view .LVU118
 302              	.LVL46:
 213:Drivers/CMSIS/DSP/Source/TransformFunctions/arm_dct4_q31.c **** 
 214:Drivers/CMSIS/DSP/Source/TransformFunctions/arm_dct4_q31.c ****     in = *pS1++ - in;
 303              		.loc 1 214 5 view .LVU119
 304              		.loc 1 214 10 is_stmt 0 view .LVU120
 305 00e6 AA69     		ldr	r2, [r5, #24]
 306              		.loc 1 214 8 view .LVU121
 307 00e8 121A     		subs	r2, r2, r0
 308              	.LVL47:
 215:Drivers/CMSIS/DSP/Source/TransformFunctions/arm_dct4_q31.c ****     *pbuff++ = in;
 309              		.loc 1 215 5 is_stmt 1 view .LVU122
 310              		.loc 1 215 14 is_stmt 0 view .LVU123
 311 00ea DA60     		str	r2, [r3, #12]
 312 00ec 1033     		adds	r3, r3, #16
 313              	.LVL48:
 216:Drivers/CMSIS/DSP/Source/TransformFunctions/arm_dct4_q31.c ****     pS1++;
 314              		.loc 1 216 5 is_stmt 1 view .LVU124
 315              		.loc 1 216 8 is_stmt 0 view .LVU125
 316 00ee 2035     		adds	r5, r5, #32
 317              	.LVL49:
 217:Drivers/CMSIS/DSP/Source/TransformFunctions/arm_dct4_q31.c **** 
 218:Drivers/CMSIS/DSP/Source/TransformFunctions/arm_dct4_q31.c ****     /* Decrement the loop counter */
 219:Drivers/CMSIS/DSP/Source/TransformFunctions/arm_dct4_q31.c ****     i--;
 318              		.loc 1 219 5 is_stmt 1 view .LVU126
 319              		.loc 1 219 6 is_stmt 0 view .LVU127
 320 00f0 0139     		subs	r1, r1, #1
 321              	.LVL50:
 322              		.loc 1 219 6 view .LVU128
 323 00f2 89B2     		uxth	r1, r1
 324              	.LVL51:
 220:Drivers/CMSIS/DSP/Source/TransformFunctions/arm_dct4_q31.c ****   } while (i > 0U);
 325              		.loc 1 220 14 is_stmt 1 discriminator 1 view .LVU129
 326 00f4 0029     		cmp	r1, #0
 327 00f6 EDD1     		bne	.L4
 221:Drivers/CMSIS/DSP/Source/TransformFunctions/arm_dct4_q31.c **** 
 222:Drivers/CMSIS/DSP/Source/TransformFunctions/arm_dct4_q31.c ****   /* If the blockSize is not a multiple of 4, compute any remaining output samples here.
 223:Drivers/CMSIS/DSP/Source/TransformFunctions/arm_dct4_q31.c ****    ** No loop unrolling is used. */
 224:Drivers/CMSIS/DSP/Source/TransformFunctions/arm_dct4_q31.c ****   i = (S->N - 1U) % 0x4U;
 328              		.loc 1 224 3 view .LVU130
 329              		.loc 1 224 9 is_stmt 0 view .LVU131
 330 00f8 3188     		ldrh	r1, [r6]
 331              	.LVL52:
 332              		.loc 1 224 13 view .LVU132
 333 00fa 0139     		subs	r1, r1, #1
 334              		.loc 1 224 5 view .LVU133
 335 00fc 01F00301 		and	r1, r1, #3
 336              	.LVL53:
 225:Drivers/CMSIS/DSP/Source/TransformFunctions/arm_dct4_q31.c **** 
 226:Drivers/CMSIS/DSP/Source/TransformFunctions/arm_dct4_q31.c ****   while (i > 0U)
 337              		.loc 1 226 3 is_stmt 1 view .LVU134
 338              		.loc 1 226 9 is_stmt 0 view .LVU135
 339 0100 06E0     		b	.L5
 340              	.LVL54:
 341              	.L6:
ARM GAS  /var/folders/n6/c271nzx11xl4r4_m7sqjlt0m0000gn/T//ccN9Oo3o.s 			page 11


 227:Drivers/CMSIS/DSP/Source/TransformFunctions/arm_dct4_q31.c ****   {
 228:Drivers/CMSIS/DSP/Source/TransformFunctions/arm_dct4_q31.c ****     /* Calculating Y4(1) to Y4(N-1) from Y2 using equation Y4(k) = Y2(k) - Y4(k-1) */
 229:Drivers/CMSIS/DSP/Source/TransformFunctions/arm_dct4_q31.c ****     /* pState pointer (pS1) is incremented twice as the real values are located alternatively in th
 230:Drivers/CMSIS/DSP/Source/TransformFunctions/arm_dct4_q31.c ****     in = *pS1++ - in;
 342              		.loc 1 230 5 is_stmt 1 view .LVU136
 343              		.loc 1 230 10 is_stmt 0 view .LVU137
 344 0102 55F8080B 		ldr	r0, [r5], #8
 345              	.LVL55:
 346              		.loc 1 230 8 view .LVU138
 347 0106 821A     		subs	r2, r0, r2
 348              	.LVL56:
 231:Drivers/CMSIS/DSP/Source/TransformFunctions/arm_dct4_q31.c ****     *pbuff++ = in;
 349              		.loc 1 231 5 is_stmt 1 view .LVU139
 350              		.loc 1 231 14 is_stmt 0 view .LVU140
 351 0108 43F8042B 		str	r2, [r3], #4
 352              	.LVL57:
 232:Drivers/CMSIS/DSP/Source/TransformFunctions/arm_dct4_q31.c ****     /* points to the next real value */
 233:Drivers/CMSIS/DSP/Source/TransformFunctions/arm_dct4_q31.c ****     pS1++;
 353              		.loc 1 233 5 is_stmt 1 view .LVU141
 234:Drivers/CMSIS/DSP/Source/TransformFunctions/arm_dct4_q31.c **** 
 235:Drivers/CMSIS/DSP/Source/TransformFunctions/arm_dct4_q31.c ****     /* Decrement the loop counter */
 236:Drivers/CMSIS/DSP/Source/TransformFunctions/arm_dct4_q31.c ****     i--;
 354              		.loc 1 236 5 view .LVU142
 355              		.loc 1 236 6 is_stmt 0 view .LVU143
 356 010c 0139     		subs	r1, r1, #1
 357              	.LVL58:
 358              		.loc 1 236 6 view .LVU144
 359 010e 89B2     		uxth	r1, r1
 360              	.LVL59:
 361              	.L5:
 226:Drivers/CMSIS/DSP/Source/TransformFunctions/arm_dct4_q31.c ****   {
 362              		.loc 1 226 12 is_stmt 1 view .LVU145
 363 0110 0029     		cmp	r1, #0
 364 0112 F6D1     		bne	.L6
 237:Drivers/CMSIS/DSP/Source/TransformFunctions/arm_dct4_q31.c ****   }
 238:Drivers/CMSIS/DSP/Source/TransformFunctions/arm_dct4_q31.c **** 
 239:Drivers/CMSIS/DSP/Source/TransformFunctions/arm_dct4_q31.c **** 
 240:Drivers/CMSIS/DSP/Source/TransformFunctions/arm_dct4_q31.c ****         /*------------ Normalizing the output by multiplying with the normalizing factor ----------
 241:Drivers/CMSIS/DSP/Source/TransformFunctions/arm_dct4_q31.c **** 
 242:Drivers/CMSIS/DSP/Source/TransformFunctions/arm_dct4_q31.c ****   /* Initializing the loop counter to N/4 instead of N for loop unrolling */
 243:Drivers/CMSIS/DSP/Source/TransformFunctions/arm_dct4_q31.c ****   i = S->N >> 2U;
 365              		.loc 1 243 3 view .LVU146
 366              		.loc 1 243 8 is_stmt 0 view .LVU147
 367 0114 3288     		ldrh	r2, [r6]
 368              	.LVL60:
 369              		.loc 1 243 5 view .LVU148
 370 0116 9208     		lsrs	r2, r2, #2
 371              	.LVL61:
 244:Drivers/CMSIS/DSP/Source/TransformFunctions/arm_dct4_q31.c **** 
 245:Drivers/CMSIS/DSP/Source/TransformFunctions/arm_dct4_q31.c ****   /* pbuff initialized to the pInlineBuffer(now contains the output values) */
 246:Drivers/CMSIS/DSP/Source/TransformFunctions/arm_dct4_q31.c ****   pbuff = pInlineBuffer;
 372              		.loc 1 246 3 is_stmt 1 view .LVU149
 373              	.L7:
 247:Drivers/CMSIS/DSP/Source/TransformFunctions/arm_dct4_q31.c **** 
 248:Drivers/CMSIS/DSP/Source/TransformFunctions/arm_dct4_q31.c ****   /* Processing with loop unrolling 4 times as N is always multiple of 4.  Compute 4 outputs at a t
 249:Drivers/CMSIS/DSP/Source/TransformFunctions/arm_dct4_q31.c ****   do
 374              		.loc 1 249 3 view .LVU150
ARM GAS  /var/folders/n6/c271nzx11xl4r4_m7sqjlt0m0000gn/T//ccN9Oo3o.s 			page 12


 250:Drivers/CMSIS/DSP/Source/TransformFunctions/arm_dct4_q31.c ****   {
 251:Drivers/CMSIS/DSP/Source/TransformFunctions/arm_dct4_q31.c ****     /* Multiplying pInlineBuffer with the normalizing factor sqrt(2/N) */
 252:Drivers/CMSIS/DSP/Source/TransformFunctions/arm_dct4_q31.c ****     in = *pbuff;
 375              		.loc 1 252 5 view .LVU151
 376              		.loc 1 252 8 is_stmt 0 view .LVU152
 377 0118 2368     		ldr	r3, [r4]
 378              	.LVL62:
 253:Drivers/CMSIS/DSP/Source/TransformFunctions/arm_dct4_q31.c ****     *pbuff++ = ((q31_t) (((q63_t) in * S->normalize) >> 31));
 379              		.loc 1 253 5 is_stmt 1 view .LVU153
 380              		.loc 1 253 27 is_stmt 0 view .LVU154
 381 011a DD17     		asrs	r5, r3, #31
 382              		.loc 1 253 41 view .LVU155
 383 011c 7068     		ldr	r0, [r6, #4]
 384 011e C117     		asrs	r1, r0, #31
 385              		.loc 1 253 38 view .LVU156
 386 0120 03FB01F1 		mul	r1, r3, r1
 387 0124 00FB0511 		mla	r1, r0, r5, r1
 388 0128 A3FB0030 		umull	r3, r0, r3, r0
 389              	.LVL63:
 390              		.loc 1 253 38 view .LVU157
 391 012c 0144     		add	r1, r1, r0
 392              		.loc 1 253 54 view .LVU158
 393 012e DB0F     		lsrs	r3, r3, #31
 394 0130 43EA4103 		orr	r3, r3, r1, lsl #1
 395              	.LVL64:
 396              		.loc 1 253 14 view .LVU159
 397 0134 2360     		str	r3, [r4]
 398              	.LVL65:
 254:Drivers/CMSIS/DSP/Source/TransformFunctions/arm_dct4_q31.c **** 
 255:Drivers/CMSIS/DSP/Source/TransformFunctions/arm_dct4_q31.c ****     in = *pbuff;
 399              		.loc 1 255 5 is_stmt 1 view .LVU160
 400              		.loc 1 255 8 is_stmt 0 view .LVU161
 401 0136 6368     		ldr	r3, [r4, #4]
 402              	.LVL66:
 256:Drivers/CMSIS/DSP/Source/TransformFunctions/arm_dct4_q31.c ****     *pbuff++ = ((q31_t) (((q63_t) in * S->normalize) >> 31));
 403              		.loc 1 256 5 is_stmt 1 view .LVU162
 404              		.loc 1 256 27 is_stmt 0 view .LVU163
 405 0138 DD17     		asrs	r5, r3, #31
 406              		.loc 1 256 41 view .LVU164
 407 013a 7068     		ldr	r0, [r6, #4]
 408 013c C117     		asrs	r1, r0, #31
 409              		.loc 1 256 38 view .LVU165
 410 013e 03FB01F1 		mul	r1, r3, r1
 411 0142 00FB0511 		mla	r1, r0, r5, r1
 412 0146 A3FB0030 		umull	r3, r0, r3, r0
 413              	.LVL67:
 414              		.loc 1 256 38 view .LVU166
 415 014a 0144     		add	r1, r1, r0
 416              		.loc 1 256 54 view .LVU167
 417 014c DB0F     		lsrs	r3, r3, #31
 418 014e 43EA4103 		orr	r3, r3, r1, lsl #1
 419              	.LVL68:
 420              		.loc 1 256 14 view .LVU168
 421 0152 6360     		str	r3, [r4, #4]
 422              	.LVL69:
 257:Drivers/CMSIS/DSP/Source/TransformFunctions/arm_dct4_q31.c **** 
 258:Drivers/CMSIS/DSP/Source/TransformFunctions/arm_dct4_q31.c ****     in = *pbuff;
ARM GAS  /var/folders/n6/c271nzx11xl4r4_m7sqjlt0m0000gn/T//ccN9Oo3o.s 			page 13


 423              		.loc 1 258 5 is_stmt 1 view .LVU169
 424              		.loc 1 258 8 is_stmt 0 view .LVU170
 425 0154 A368     		ldr	r3, [r4, #8]
 426              	.LVL70:
 259:Drivers/CMSIS/DSP/Source/TransformFunctions/arm_dct4_q31.c ****     *pbuff++ = ((q31_t) (((q63_t) in * S->normalize) >> 31));
 427              		.loc 1 259 5 is_stmt 1 view .LVU171
 428              		.loc 1 259 27 is_stmt 0 view .LVU172
 429 0156 DD17     		asrs	r5, r3, #31
 430              		.loc 1 259 41 view .LVU173
 431 0158 7068     		ldr	r0, [r6, #4]
 432 015a C117     		asrs	r1, r0, #31
 433              		.loc 1 259 38 view .LVU174
 434 015c 03FB01F1 		mul	r1, r3, r1
 435 0160 00FB0511 		mla	r1, r0, r5, r1
 436 0164 A3FB0030 		umull	r3, r0, r3, r0
 437              	.LVL71:
 438              		.loc 1 259 38 view .LVU175
 439 0168 0144     		add	r1, r1, r0
 440              		.loc 1 259 54 view .LVU176
 441 016a DB0F     		lsrs	r3, r3, #31
 442 016c 43EA4103 		orr	r3, r3, r1, lsl #1
 443              	.LVL72:
 444              		.loc 1 259 14 view .LVU177
 445 0170 A360     		str	r3, [r4, #8]
 446              	.LVL73:
 260:Drivers/CMSIS/DSP/Source/TransformFunctions/arm_dct4_q31.c **** 
 261:Drivers/CMSIS/DSP/Source/TransformFunctions/arm_dct4_q31.c ****     in = *pbuff;
 447              		.loc 1 261 5 is_stmt 1 view .LVU178
 448              		.loc 1 261 8 is_stmt 0 view .LVU179
 449 0172 E368     		ldr	r3, [r4, #12]
 450              	.LVL74:
 262:Drivers/CMSIS/DSP/Source/TransformFunctions/arm_dct4_q31.c ****     *pbuff++ = ((q31_t) (((q63_t) in * S->normalize) >> 31));
 451              		.loc 1 262 5 is_stmt 1 view .LVU180
 452              		.loc 1 262 27 is_stmt 0 view .LVU181
 453 0174 DD17     		asrs	r5, r3, #31
 454              		.loc 1 262 41 view .LVU182
 455 0176 7068     		ldr	r0, [r6, #4]
 456 0178 C117     		asrs	r1, r0, #31
 457              		.loc 1 262 38 view .LVU183
 458 017a 03FB01F1 		mul	r1, r3, r1
 459 017e 00FB0511 		mla	r1, r0, r5, r1
 460 0182 A3FB0030 		umull	r3, r0, r3, r0
 461              	.LVL75:
 462              		.loc 1 262 38 view .LVU184
 463 0186 0144     		add	r1, r1, r0
 464              		.loc 1 262 54 view .LVU185
 465 0188 DB0F     		lsrs	r3, r3, #31
 466 018a 43EA4103 		orr	r3, r3, r1, lsl #1
 467              	.LVL76:
 468              		.loc 1 262 14 view .LVU186
 469 018e E360     		str	r3, [r4, #12]
 470              	.LVL77:
 471              		.loc 1 262 14 view .LVU187
 472 0190 1034     		adds	r4, r4, #16
 473              	.LVL78:
 263:Drivers/CMSIS/DSP/Source/TransformFunctions/arm_dct4_q31.c **** 
 264:Drivers/CMSIS/DSP/Source/TransformFunctions/arm_dct4_q31.c ****     /* Decrement the loop counter */
ARM GAS  /var/folders/n6/c271nzx11xl4r4_m7sqjlt0m0000gn/T//ccN9Oo3o.s 			page 14


 265:Drivers/CMSIS/DSP/Source/TransformFunctions/arm_dct4_q31.c ****     i--;
 474              		.loc 1 265 5 is_stmt 1 view .LVU188
 475              		.loc 1 265 6 is_stmt 0 view .LVU189
 476 0192 013A     		subs	r2, r2, #1
 477              	.LVL79:
 478              		.loc 1 265 6 view .LVU190
 479 0194 92B2     		uxth	r2, r2
 480              	.LVL80:
 266:Drivers/CMSIS/DSP/Source/TransformFunctions/arm_dct4_q31.c ****   } while (i > 0U);
 481              		.loc 1 266 14 is_stmt 1 discriminator 1 view .LVU191
 482 0196 002A     		cmp	r2, #0
 483 0198 BED1     		bne	.L7
 267:Drivers/CMSIS/DSP/Source/TransformFunctions/arm_dct4_q31.c **** 
 268:Drivers/CMSIS/DSP/Source/TransformFunctions/arm_dct4_q31.c **** 
 269:Drivers/CMSIS/DSP/Source/TransformFunctions/arm_dct4_q31.c **** #else
 270:Drivers/CMSIS/DSP/Source/TransformFunctions/arm_dct4_q31.c **** 
 271:Drivers/CMSIS/DSP/Source/TransformFunctions/arm_dct4_q31.c ****   /* Run the below code for Cortex-M0 */
 272:Drivers/CMSIS/DSP/Source/TransformFunctions/arm_dct4_q31.c **** 
 273:Drivers/CMSIS/DSP/Source/TransformFunctions/arm_dct4_q31.c ****   /* Initializing the loop counter to N/2 */
 274:Drivers/CMSIS/DSP/Source/TransformFunctions/arm_dct4_q31.c ****   i = S->Nby2;
 275:Drivers/CMSIS/DSP/Source/TransformFunctions/arm_dct4_q31.c **** 
 276:Drivers/CMSIS/DSP/Source/TransformFunctions/arm_dct4_q31.c ****   do
 277:Drivers/CMSIS/DSP/Source/TransformFunctions/arm_dct4_q31.c ****   {
 278:Drivers/CMSIS/DSP/Source/TransformFunctions/arm_dct4_q31.c ****     /* Re-ordering of even and odd elements */
 279:Drivers/CMSIS/DSP/Source/TransformFunctions/arm_dct4_q31.c ****     /* pState[i] =  pInlineBuffer[2*i] */
 280:Drivers/CMSIS/DSP/Source/TransformFunctions/arm_dct4_q31.c ****     *pS1++ = *pbuff++;
 281:Drivers/CMSIS/DSP/Source/TransformFunctions/arm_dct4_q31.c ****     /* pState[N-i-1] = pInlineBuffer[2*i+1] */
 282:Drivers/CMSIS/DSP/Source/TransformFunctions/arm_dct4_q31.c ****     *pS2-- = *pbuff++;
 283:Drivers/CMSIS/DSP/Source/TransformFunctions/arm_dct4_q31.c **** 
 284:Drivers/CMSIS/DSP/Source/TransformFunctions/arm_dct4_q31.c ****     /* Decrement the loop counter */
 285:Drivers/CMSIS/DSP/Source/TransformFunctions/arm_dct4_q31.c ****     i--;
 286:Drivers/CMSIS/DSP/Source/TransformFunctions/arm_dct4_q31.c ****   } while (i > 0U);
 287:Drivers/CMSIS/DSP/Source/TransformFunctions/arm_dct4_q31.c **** 
 288:Drivers/CMSIS/DSP/Source/TransformFunctions/arm_dct4_q31.c ****   /* pbuff initialized to input buffer */
 289:Drivers/CMSIS/DSP/Source/TransformFunctions/arm_dct4_q31.c ****   pbuff = pInlineBuffer;
 290:Drivers/CMSIS/DSP/Source/TransformFunctions/arm_dct4_q31.c **** 
 291:Drivers/CMSIS/DSP/Source/TransformFunctions/arm_dct4_q31.c ****   /* pS1 initialized to pState */
 292:Drivers/CMSIS/DSP/Source/TransformFunctions/arm_dct4_q31.c ****   pS1 = pState;
 293:Drivers/CMSIS/DSP/Source/TransformFunctions/arm_dct4_q31.c **** 
 294:Drivers/CMSIS/DSP/Source/TransformFunctions/arm_dct4_q31.c ****   /* Initializing the loop counter */
 295:Drivers/CMSIS/DSP/Source/TransformFunctions/arm_dct4_q31.c ****   i = S->N;
 296:Drivers/CMSIS/DSP/Source/TransformFunctions/arm_dct4_q31.c **** 
 297:Drivers/CMSIS/DSP/Source/TransformFunctions/arm_dct4_q31.c ****   do
 298:Drivers/CMSIS/DSP/Source/TransformFunctions/arm_dct4_q31.c ****   {
 299:Drivers/CMSIS/DSP/Source/TransformFunctions/arm_dct4_q31.c ****     /* Writing the re-ordered output back to inplace input buffer */
 300:Drivers/CMSIS/DSP/Source/TransformFunctions/arm_dct4_q31.c ****     *pbuff++ = *pS1++;
 301:Drivers/CMSIS/DSP/Source/TransformFunctions/arm_dct4_q31.c **** 
 302:Drivers/CMSIS/DSP/Source/TransformFunctions/arm_dct4_q31.c ****     /* Decrement the loop counter */
 303:Drivers/CMSIS/DSP/Source/TransformFunctions/arm_dct4_q31.c ****     i--;
 304:Drivers/CMSIS/DSP/Source/TransformFunctions/arm_dct4_q31.c ****   } while (i > 0U);
 305:Drivers/CMSIS/DSP/Source/TransformFunctions/arm_dct4_q31.c **** 
 306:Drivers/CMSIS/DSP/Source/TransformFunctions/arm_dct4_q31.c **** 
 307:Drivers/CMSIS/DSP/Source/TransformFunctions/arm_dct4_q31.c ****   /* ---------------------------------------------------------
 308:Drivers/CMSIS/DSP/Source/TransformFunctions/arm_dct4_q31.c ****    *     Step2: Calculate RFFT for N-point input
 309:Drivers/CMSIS/DSP/Source/TransformFunctions/arm_dct4_q31.c ****    * ---------------------------------------------------------- */
 310:Drivers/CMSIS/DSP/Source/TransformFunctions/arm_dct4_q31.c ****   /* pInlineBuffer is real input of length N , pState is the complex output of length 2N */
 311:Drivers/CMSIS/DSP/Source/TransformFunctions/arm_dct4_q31.c ****   arm_rfft_q31(S->pRfft, pInlineBuffer, pState);
ARM GAS  /var/folders/n6/c271nzx11xl4r4_m7sqjlt0m0000gn/T//ccN9Oo3o.s 			page 15


 312:Drivers/CMSIS/DSP/Source/TransformFunctions/arm_dct4_q31.c **** 
 313:Drivers/CMSIS/DSP/Source/TransformFunctions/arm_dct4_q31.c ****   /*----------------------------------------------------------------------
 314:Drivers/CMSIS/DSP/Source/TransformFunctions/arm_dct4_q31.c ****    *  Step3: Multiply the FFT output with the weights.
 315:Drivers/CMSIS/DSP/Source/TransformFunctions/arm_dct4_q31.c ****    *----------------------------------------------------------------------*/
 316:Drivers/CMSIS/DSP/Source/TransformFunctions/arm_dct4_q31.c ****   arm_cmplx_mult_cmplx_q31(pState, weights, pState, S->N);
 317:Drivers/CMSIS/DSP/Source/TransformFunctions/arm_dct4_q31.c **** 
 318:Drivers/CMSIS/DSP/Source/TransformFunctions/arm_dct4_q31.c ****   /* The output of complex multiplication is in 3.29 format.
 319:Drivers/CMSIS/DSP/Source/TransformFunctions/arm_dct4_q31.c ****    * Hence changing the format of N (i.e. 2*N elements) complex numbers to 1.31 format by shifting 
 320:Drivers/CMSIS/DSP/Source/TransformFunctions/arm_dct4_q31.c ****   arm_shift_q31(pState, 2, pState, S->N * 2);
 321:Drivers/CMSIS/DSP/Source/TransformFunctions/arm_dct4_q31.c **** 
 322:Drivers/CMSIS/DSP/Source/TransformFunctions/arm_dct4_q31.c ****   /* ----------- Post-processing ---------- */
 323:Drivers/CMSIS/DSP/Source/TransformFunctions/arm_dct4_q31.c ****   /* DCT-IV can be obtained from DCT-II by the equation,
 324:Drivers/CMSIS/DSP/Source/TransformFunctions/arm_dct4_q31.c ****    *       Y4(k) = Y2(k) - Y4(k-1) and Y4(-1) = Y4(0)
 325:Drivers/CMSIS/DSP/Source/TransformFunctions/arm_dct4_q31.c ****    *       Hence, Y4(0) = Y2(0)/2  */
 326:Drivers/CMSIS/DSP/Source/TransformFunctions/arm_dct4_q31.c ****   /* Getting only real part from the output and Converting to DCT-IV */
 327:Drivers/CMSIS/DSP/Source/TransformFunctions/arm_dct4_q31.c **** 
 328:Drivers/CMSIS/DSP/Source/TransformFunctions/arm_dct4_q31.c ****   /* pbuff initialized to input buffer. */
 329:Drivers/CMSIS/DSP/Source/TransformFunctions/arm_dct4_q31.c ****   pbuff = pInlineBuffer;
 330:Drivers/CMSIS/DSP/Source/TransformFunctions/arm_dct4_q31.c **** 
 331:Drivers/CMSIS/DSP/Source/TransformFunctions/arm_dct4_q31.c ****   /* pS1 initialized to pState */
 332:Drivers/CMSIS/DSP/Source/TransformFunctions/arm_dct4_q31.c ****   pS1 = pState;
 333:Drivers/CMSIS/DSP/Source/TransformFunctions/arm_dct4_q31.c **** 
 334:Drivers/CMSIS/DSP/Source/TransformFunctions/arm_dct4_q31.c ****   /* Calculating Y4(0) from Y2(0) using Y4(0) = Y2(0)/2 */
 335:Drivers/CMSIS/DSP/Source/TransformFunctions/arm_dct4_q31.c ****   in = *pS1++ >> 1U;
 336:Drivers/CMSIS/DSP/Source/TransformFunctions/arm_dct4_q31.c ****   /* input buffer acts as inplace, so output values are stored in the input itself. */
 337:Drivers/CMSIS/DSP/Source/TransformFunctions/arm_dct4_q31.c ****   *pbuff++ = in;
 338:Drivers/CMSIS/DSP/Source/TransformFunctions/arm_dct4_q31.c **** 
 339:Drivers/CMSIS/DSP/Source/TransformFunctions/arm_dct4_q31.c ****   /* pState pointer is incremented twice as the real values are located alternatively in the array 
 340:Drivers/CMSIS/DSP/Source/TransformFunctions/arm_dct4_q31.c ****   pS1++;
 341:Drivers/CMSIS/DSP/Source/TransformFunctions/arm_dct4_q31.c **** 
 342:Drivers/CMSIS/DSP/Source/TransformFunctions/arm_dct4_q31.c ****   /* Initializing the loop counter */
 343:Drivers/CMSIS/DSP/Source/TransformFunctions/arm_dct4_q31.c ****   i = (S->N - 1U);
 344:Drivers/CMSIS/DSP/Source/TransformFunctions/arm_dct4_q31.c **** 
 345:Drivers/CMSIS/DSP/Source/TransformFunctions/arm_dct4_q31.c ****   while (i > 0U)
 346:Drivers/CMSIS/DSP/Source/TransformFunctions/arm_dct4_q31.c ****   {
 347:Drivers/CMSIS/DSP/Source/TransformFunctions/arm_dct4_q31.c ****     /* Calculating Y4(1) to Y4(N-1) from Y2 using equation Y4(k) = Y2(k) - Y4(k-1) */
 348:Drivers/CMSIS/DSP/Source/TransformFunctions/arm_dct4_q31.c ****     /* pState pointer (pS1) is incremented twice as the real values are located alternatively in th
 349:Drivers/CMSIS/DSP/Source/TransformFunctions/arm_dct4_q31.c ****     in = *pS1++ - in;
 350:Drivers/CMSIS/DSP/Source/TransformFunctions/arm_dct4_q31.c ****     *pbuff++ = in;
 351:Drivers/CMSIS/DSP/Source/TransformFunctions/arm_dct4_q31.c ****     /* points to the next real value */
 352:Drivers/CMSIS/DSP/Source/TransformFunctions/arm_dct4_q31.c ****     pS1++;
 353:Drivers/CMSIS/DSP/Source/TransformFunctions/arm_dct4_q31.c **** 
 354:Drivers/CMSIS/DSP/Source/TransformFunctions/arm_dct4_q31.c ****     /* Decrement the loop counter */
 355:Drivers/CMSIS/DSP/Source/TransformFunctions/arm_dct4_q31.c ****     i--;
 356:Drivers/CMSIS/DSP/Source/TransformFunctions/arm_dct4_q31.c ****   }
 357:Drivers/CMSIS/DSP/Source/TransformFunctions/arm_dct4_q31.c **** 
 358:Drivers/CMSIS/DSP/Source/TransformFunctions/arm_dct4_q31.c **** 
 359:Drivers/CMSIS/DSP/Source/TransformFunctions/arm_dct4_q31.c ****         /*------------ Normalizing the output by multiplying with the normalizing factor ----------
 360:Drivers/CMSIS/DSP/Source/TransformFunctions/arm_dct4_q31.c **** 
 361:Drivers/CMSIS/DSP/Source/TransformFunctions/arm_dct4_q31.c ****   /* Initializing the loop counter */
 362:Drivers/CMSIS/DSP/Source/TransformFunctions/arm_dct4_q31.c ****   i = S->N;
 363:Drivers/CMSIS/DSP/Source/TransformFunctions/arm_dct4_q31.c **** 
 364:Drivers/CMSIS/DSP/Source/TransformFunctions/arm_dct4_q31.c ****   /* pbuff initialized to the pInlineBuffer(now contains the output values) */
 365:Drivers/CMSIS/DSP/Source/TransformFunctions/arm_dct4_q31.c ****   pbuff = pInlineBuffer;
 366:Drivers/CMSIS/DSP/Source/TransformFunctions/arm_dct4_q31.c **** 
 367:Drivers/CMSIS/DSP/Source/TransformFunctions/arm_dct4_q31.c ****   do
 368:Drivers/CMSIS/DSP/Source/TransformFunctions/arm_dct4_q31.c ****   {
ARM GAS  /var/folders/n6/c271nzx11xl4r4_m7sqjlt0m0000gn/T//ccN9Oo3o.s 			page 16


 369:Drivers/CMSIS/DSP/Source/TransformFunctions/arm_dct4_q31.c ****     /* Multiplying pInlineBuffer with the normalizing factor sqrt(2/N) */
 370:Drivers/CMSIS/DSP/Source/TransformFunctions/arm_dct4_q31.c ****     in = *pbuff;
 371:Drivers/CMSIS/DSP/Source/TransformFunctions/arm_dct4_q31.c ****     *pbuff++ = ((q31_t) (((q63_t) in * S->normalize) >> 31));
 372:Drivers/CMSIS/DSP/Source/TransformFunctions/arm_dct4_q31.c **** 
 373:Drivers/CMSIS/DSP/Source/TransformFunctions/arm_dct4_q31.c ****     /* Decrement the loop counter */
 374:Drivers/CMSIS/DSP/Source/TransformFunctions/arm_dct4_q31.c ****     i--;
 375:Drivers/CMSIS/DSP/Source/TransformFunctions/arm_dct4_q31.c ****   } while (i > 0U);
 376:Drivers/CMSIS/DSP/Source/TransformFunctions/arm_dct4_q31.c **** 
 377:Drivers/CMSIS/DSP/Source/TransformFunctions/arm_dct4_q31.c **** #endif /* #if defined (ARM_MATH_DSP) */
 378:Drivers/CMSIS/DSP/Source/TransformFunctions/arm_dct4_q31.c **** 
 379:Drivers/CMSIS/DSP/Source/TransformFunctions/arm_dct4_q31.c **** }
 484              		.loc 1 379 1 is_stmt 0 view .LVU192
 485 019a F8BD     		pop	{r3, r4, r5, r6, r7, pc}
 486              		.loc 1 379 1 view .LVU193
 487              		.cfi_endproc
 488              	.LFE135:
 490              		.text
 491              	.Letext0:
 492              		.file 2 "/Users/killian/Library/Application Support/Code/User/globalStorage/bmd.stm32-for-vscode/@
 493              		.file 3 "/Users/killian/Library/Application Support/Code/User/globalStorage/bmd.stm32-for-vscode/@
 494              		.file 4 "Drivers/CMSIS/DSP/Include/arm_math.h"
ARM GAS  /var/folders/n6/c271nzx11xl4r4_m7sqjlt0m0000gn/T//ccN9Oo3o.s 			page 17


DEFINED SYMBOLS
                            *ABS*:00000000 arm_dct4_q31.c
/var/folders/n6/c271nzx11xl4r4_m7sqjlt0m0000gn/T//ccN9Oo3o.s:20     .text.arm_dct4_q31:00000000 $t
/var/folders/n6/c271nzx11xl4r4_m7sqjlt0m0000gn/T//ccN9Oo3o.s:26     .text.arm_dct4_q31:00000000 arm_dct4_q31

UNDEFINED SYMBOLS
arm_mult_q31
arm_shift_q31
arm_rfft_q31
arm_cmplx_mult_cmplx_q31
