ARM GAS  /var/folders/n6/c271nzx11xl4r4_m7sqjlt0m0000gn/T//ccxz6Cb0.s 			page 1


   1              		.cpu cortex-m7
   2              		.arch armv7e-m
   3              		.fpu fpv5-d16
   4              		.eabi_attribute 28, 1
   5              		.eabi_attribute 20, 1
   6              		.eabi_attribute 21, 1
   7              		.eabi_attribute 23, 3
   8              		.eabi_attribute 24, 1
   9              		.eabi_attribute 25, 1
  10              		.eabi_attribute 26, 1
  11              		.eabi_attribute 30, 1
  12              		.eabi_attribute 34, 1
  13              		.eabi_attribute 18, 4
  14              		.file	"arm_cfft_radix2_init_f32.c"
  15              		.text
  16              	.Ltext0:
  17              		.cfi_sections	.debug_frame
  18              		.file 1 "Drivers/CMSIS/DSP/Source/TransformFunctions/arm_cfft_radix2_init_f32.c"
  19              		.section	.text.arm_cfft_radix2_init_f32,"ax",%progbits
  20              		.align	1
  21              		.global	arm_cfft_radix2_init_f32
  22              		.syntax unified
  23              		.thumb
  24              		.thumb_func
  26              	arm_cfft_radix2_init_f32:
  27              	.LVL0:
  28              	.LFB135:
   1:Drivers/CMSIS/DSP/Source/TransformFunctions/arm_cfft_radix2_init_f32.c **** /* ----------------------------------------------------------------------
   2:Drivers/CMSIS/DSP/Source/TransformFunctions/arm_cfft_radix2_init_f32.c ****  * Project:      CMSIS DSP Library
   3:Drivers/CMSIS/DSP/Source/TransformFunctions/arm_cfft_radix2_init_f32.c ****  * Title:        arm_cfft_radix2_init_f32.c
   4:Drivers/CMSIS/DSP/Source/TransformFunctions/arm_cfft_radix2_init_f32.c ****  * Description:  Radix-2 Decimation in Frequency Floating-point CFFT & CIFFT Initialization functio
   5:Drivers/CMSIS/DSP/Source/TransformFunctions/arm_cfft_radix2_init_f32.c ****  *
   6:Drivers/CMSIS/DSP/Source/TransformFunctions/arm_cfft_radix2_init_f32.c ****  * $Date:        27. January 2017
   7:Drivers/CMSIS/DSP/Source/TransformFunctions/arm_cfft_radix2_init_f32.c ****  * $Revision:    V.1.5.1
   8:Drivers/CMSIS/DSP/Source/TransformFunctions/arm_cfft_radix2_init_f32.c ****  *
   9:Drivers/CMSIS/DSP/Source/TransformFunctions/arm_cfft_radix2_init_f32.c ****  * Target Processor: Cortex-M cores
  10:Drivers/CMSIS/DSP/Source/TransformFunctions/arm_cfft_radix2_init_f32.c ****  * -------------------------------------------------------------------- */
  11:Drivers/CMSIS/DSP/Source/TransformFunctions/arm_cfft_radix2_init_f32.c **** /*
  12:Drivers/CMSIS/DSP/Source/TransformFunctions/arm_cfft_radix2_init_f32.c ****  * Copyright (C) 2010-2017 ARM Limited or its affiliates. All rights reserved.
  13:Drivers/CMSIS/DSP/Source/TransformFunctions/arm_cfft_radix2_init_f32.c ****  *
  14:Drivers/CMSIS/DSP/Source/TransformFunctions/arm_cfft_radix2_init_f32.c ****  * SPDX-License-Identifier: Apache-2.0
  15:Drivers/CMSIS/DSP/Source/TransformFunctions/arm_cfft_radix2_init_f32.c ****  *
  16:Drivers/CMSIS/DSP/Source/TransformFunctions/arm_cfft_radix2_init_f32.c ****  * Licensed under the Apache License, Version 2.0 (the License); you may
  17:Drivers/CMSIS/DSP/Source/TransformFunctions/arm_cfft_radix2_init_f32.c ****  * not use this file except in compliance with the License.
  18:Drivers/CMSIS/DSP/Source/TransformFunctions/arm_cfft_radix2_init_f32.c ****  * You may obtain a copy of the License at
  19:Drivers/CMSIS/DSP/Source/TransformFunctions/arm_cfft_radix2_init_f32.c ****  *
  20:Drivers/CMSIS/DSP/Source/TransformFunctions/arm_cfft_radix2_init_f32.c ****  * www.apache.org/licenses/LICENSE-2.0
  21:Drivers/CMSIS/DSP/Source/TransformFunctions/arm_cfft_radix2_init_f32.c ****  *
  22:Drivers/CMSIS/DSP/Source/TransformFunctions/arm_cfft_radix2_init_f32.c ****  * Unless required by applicable law or agreed to in writing, software
  23:Drivers/CMSIS/DSP/Source/TransformFunctions/arm_cfft_radix2_init_f32.c ****  * distributed under the License is distributed on an AS IS BASIS, WITHOUT
  24:Drivers/CMSIS/DSP/Source/TransformFunctions/arm_cfft_radix2_init_f32.c ****  * WARRANTIES OR CONDITIONS OF ANY KIND, either express or implied.
  25:Drivers/CMSIS/DSP/Source/TransformFunctions/arm_cfft_radix2_init_f32.c ****  * See the License for the specific language governing permissions and
  26:Drivers/CMSIS/DSP/Source/TransformFunctions/arm_cfft_radix2_init_f32.c ****  * limitations under the License.
  27:Drivers/CMSIS/DSP/Source/TransformFunctions/arm_cfft_radix2_init_f32.c ****  */
  28:Drivers/CMSIS/DSP/Source/TransformFunctions/arm_cfft_radix2_init_f32.c **** 
  29:Drivers/CMSIS/DSP/Source/TransformFunctions/arm_cfft_radix2_init_f32.c **** #include "arm_math.h"
  30:Drivers/CMSIS/DSP/Source/TransformFunctions/arm_cfft_radix2_init_f32.c **** #include "arm_common_tables.h"
ARM GAS  /var/folders/n6/c271nzx11xl4r4_m7sqjlt0m0000gn/T//ccxz6Cb0.s 			page 2


  31:Drivers/CMSIS/DSP/Source/TransformFunctions/arm_cfft_radix2_init_f32.c **** 
  32:Drivers/CMSIS/DSP/Source/TransformFunctions/arm_cfft_radix2_init_f32.c **** /**
  33:Drivers/CMSIS/DSP/Source/TransformFunctions/arm_cfft_radix2_init_f32.c ****  * @ingroup groupTransforms
  34:Drivers/CMSIS/DSP/Source/TransformFunctions/arm_cfft_radix2_init_f32.c ****  */
  35:Drivers/CMSIS/DSP/Source/TransformFunctions/arm_cfft_radix2_init_f32.c **** 
  36:Drivers/CMSIS/DSP/Source/TransformFunctions/arm_cfft_radix2_init_f32.c **** /**
  37:Drivers/CMSIS/DSP/Source/TransformFunctions/arm_cfft_radix2_init_f32.c ****  * @addtogroup ComplexFFT
  38:Drivers/CMSIS/DSP/Source/TransformFunctions/arm_cfft_radix2_init_f32.c ****  * @{
  39:Drivers/CMSIS/DSP/Source/TransformFunctions/arm_cfft_radix2_init_f32.c ****  */
  40:Drivers/CMSIS/DSP/Source/TransformFunctions/arm_cfft_radix2_init_f32.c **** 
  41:Drivers/CMSIS/DSP/Source/TransformFunctions/arm_cfft_radix2_init_f32.c **** /**
  42:Drivers/CMSIS/DSP/Source/TransformFunctions/arm_cfft_radix2_init_f32.c **** * @brief  Initialization function for the floating-point CFFT/CIFFT.
  43:Drivers/CMSIS/DSP/Source/TransformFunctions/arm_cfft_radix2_init_f32.c **** * @deprecated Do not use this function.  It has been superseded by \ref arm_cfft_f32 and will be re
  44:Drivers/CMSIS/DSP/Source/TransformFunctions/arm_cfft_radix2_init_f32.c **** * in the future.
  45:Drivers/CMSIS/DSP/Source/TransformFunctions/arm_cfft_radix2_init_f32.c **** * @param[in,out] *S             points to an instance of the floating-point CFFT/CIFFT structure.
  46:Drivers/CMSIS/DSP/Source/TransformFunctions/arm_cfft_radix2_init_f32.c **** * @param[in]     fftLen         length of the FFT.
  47:Drivers/CMSIS/DSP/Source/TransformFunctions/arm_cfft_radix2_init_f32.c **** * @param[in]     ifftFlag       flag that selects forward (ifftFlag=0) or inverse (ifftFlag=1) tran
  48:Drivers/CMSIS/DSP/Source/TransformFunctions/arm_cfft_radix2_init_f32.c **** * @param[in]     bitReverseFlag flag that enables (bitReverseFlag=1) or disables (bitReverseFlag=0)
  49:Drivers/CMSIS/DSP/Source/TransformFunctions/arm_cfft_radix2_init_f32.c **** * @return        The function returns ARM_MATH_SUCCESS if initialization is successful or ARM_MATH_
  50:Drivers/CMSIS/DSP/Source/TransformFunctions/arm_cfft_radix2_init_f32.c **** *
  51:Drivers/CMSIS/DSP/Source/TransformFunctions/arm_cfft_radix2_init_f32.c **** * \par Description:
  52:Drivers/CMSIS/DSP/Source/TransformFunctions/arm_cfft_radix2_init_f32.c **** * \par
  53:Drivers/CMSIS/DSP/Source/TransformFunctions/arm_cfft_radix2_init_f32.c **** * The parameter <code>ifftFlag</code> controls whether a forward or inverse transform is computed.
  54:Drivers/CMSIS/DSP/Source/TransformFunctions/arm_cfft_radix2_init_f32.c **** * Set(=1) ifftFlag for calculation of CIFFT otherwise  CFFT is calculated
  55:Drivers/CMSIS/DSP/Source/TransformFunctions/arm_cfft_radix2_init_f32.c **** * \par
  56:Drivers/CMSIS/DSP/Source/TransformFunctions/arm_cfft_radix2_init_f32.c **** * The parameter <code>bitReverseFlag</code> controls whether output is in normal order or bit rever
  57:Drivers/CMSIS/DSP/Source/TransformFunctions/arm_cfft_radix2_init_f32.c **** * Set(=1) bitReverseFlag for output to be in normal order otherwise output is in bit reversed order
  58:Drivers/CMSIS/DSP/Source/TransformFunctions/arm_cfft_radix2_init_f32.c **** * \par
  59:Drivers/CMSIS/DSP/Source/TransformFunctions/arm_cfft_radix2_init_f32.c **** * The parameter <code>fftLen</code>	Specifies length of CFFT/CIFFT process. Supported FFT Lengths a
  60:Drivers/CMSIS/DSP/Source/TransformFunctions/arm_cfft_radix2_init_f32.c **** * \par
  61:Drivers/CMSIS/DSP/Source/TransformFunctions/arm_cfft_radix2_init_f32.c **** * This Function also initializes Twiddle factor table pointer and Bit reversal table pointer.
  62:Drivers/CMSIS/DSP/Source/TransformFunctions/arm_cfft_radix2_init_f32.c **** */
  63:Drivers/CMSIS/DSP/Source/TransformFunctions/arm_cfft_radix2_init_f32.c **** arm_status arm_cfft_radix2_init_f32(
  64:Drivers/CMSIS/DSP/Source/TransformFunctions/arm_cfft_radix2_init_f32.c ****   arm_cfft_radix2_instance_f32 * S,
  65:Drivers/CMSIS/DSP/Source/TransformFunctions/arm_cfft_radix2_init_f32.c ****   uint16_t fftLen,
  66:Drivers/CMSIS/DSP/Source/TransformFunctions/arm_cfft_radix2_init_f32.c ****   uint8_t ifftFlag,
  67:Drivers/CMSIS/DSP/Source/TransformFunctions/arm_cfft_radix2_init_f32.c ****   uint8_t bitReverseFlag)
  68:Drivers/CMSIS/DSP/Source/TransformFunctions/arm_cfft_radix2_init_f32.c **** {
  29              		.loc 1 68 1 view -0
  30              		.cfi_startproc
  31              		@ args = 0, pretend = 0, frame = 0
  32              		@ frame_needed = 0, uses_anonymous_args = 0
  33              		@ link register save eliminated.
  34              		.loc 1 68 1 is_stmt 0 view .LVU1
  35 0000 10B4     		push	{r4}
  36              		.cfi_def_cfa_offset 4
  37              		.cfi_offset 4, -4
  69:Drivers/CMSIS/DSP/Source/TransformFunctions/arm_cfft_radix2_init_f32.c ****   /*  Initialise the default arm status */
  70:Drivers/CMSIS/DSP/Source/TransformFunctions/arm_cfft_radix2_init_f32.c ****   arm_status status = ARM_MATH_SUCCESS;
  38              		.loc 1 70 3 is_stmt 1 view .LVU2
  39              	.LVL1:
  71:Drivers/CMSIS/DSP/Source/TransformFunctions/arm_cfft_radix2_init_f32.c **** 
  72:Drivers/CMSIS/DSP/Source/TransformFunctions/arm_cfft_radix2_init_f32.c ****   /*  Initialise the FFT length */
  73:Drivers/CMSIS/DSP/Source/TransformFunctions/arm_cfft_radix2_init_f32.c ****   S->fftLen = fftLen;
  40              		.loc 1 73 3 view .LVU3
  41              		.loc 1 73 13 is_stmt 0 view .LVU4
  42 0002 0180     		strh	r1, [r0]	@ movhi
ARM GAS  /var/folders/n6/c271nzx11xl4r4_m7sqjlt0m0000gn/T//ccxz6Cb0.s 			page 3


  74:Drivers/CMSIS/DSP/Source/TransformFunctions/arm_cfft_radix2_init_f32.c **** 
  75:Drivers/CMSIS/DSP/Source/TransformFunctions/arm_cfft_radix2_init_f32.c ****   /*  Initialise the Twiddle coefficient pointer */
  76:Drivers/CMSIS/DSP/Source/TransformFunctions/arm_cfft_radix2_init_f32.c ****   S->pTwiddle = (float32_t *) twiddleCoef;
  43              		.loc 1 76 3 is_stmt 1 view .LVU5
  44              		.loc 1 76 15 is_stmt 0 view .LVU6
  45 0004 434C     		ldr	r4, .L20
  46 0006 4460     		str	r4, [r0, #4]
  77:Drivers/CMSIS/DSP/Source/TransformFunctions/arm_cfft_radix2_init_f32.c **** 
  78:Drivers/CMSIS/DSP/Source/TransformFunctions/arm_cfft_radix2_init_f32.c ****   /*  Initialise the Flag for selection of CFFT or CIFFT */
  79:Drivers/CMSIS/DSP/Source/TransformFunctions/arm_cfft_radix2_init_f32.c ****   S->ifftFlag = ifftFlag;
  47              		.loc 1 79 3 is_stmt 1 view .LVU7
  48              		.loc 1 79 15 is_stmt 0 view .LVU8
  49 0008 8270     		strb	r2, [r0, #2]
  80:Drivers/CMSIS/DSP/Source/TransformFunctions/arm_cfft_radix2_init_f32.c **** 
  81:Drivers/CMSIS/DSP/Source/TransformFunctions/arm_cfft_radix2_init_f32.c ****   /*  Initialise the Flag for calculation Bit reversal or not */
  82:Drivers/CMSIS/DSP/Source/TransformFunctions/arm_cfft_radix2_init_f32.c ****   S->bitReverseFlag = bitReverseFlag;
  50              		.loc 1 82 3 is_stmt 1 view .LVU9
  51              		.loc 1 82 21 is_stmt 0 view .LVU10
  52 000a C370     		strb	r3, [r0, #3]
  83:Drivers/CMSIS/DSP/Source/TransformFunctions/arm_cfft_radix2_init_f32.c **** 
  84:Drivers/CMSIS/DSP/Source/TransformFunctions/arm_cfft_radix2_init_f32.c ****   /*  Initializations of structure parameters depending on the FFT length */
  85:Drivers/CMSIS/DSP/Source/TransformFunctions/arm_cfft_radix2_init_f32.c ****   switch (S->fftLen)
  53              		.loc 1 85 3 is_stmt 1 view .LVU11
  54 000c B1F5807F 		cmp	r1, #256
  55 0010 5DD0     		beq	.L2
  56 0012 13D9     		bls	.L16
  57 0014 B1F5006F 		cmp	r1, #2048
  58 0018 45D0     		beq	.L10
  59 001a 35D8     		bhi	.L11
  60 001c B1F5007F 		cmp	r1, #512
  61 0020 4BD0     		beq	.L12
  62 0022 B1F5806F 		cmp	r1, #1024
  63 0026 2CD1     		bne	.L17
  86:Drivers/CMSIS/DSP/Source/TransformFunctions/arm_cfft_radix2_init_f32.c ****   {
  87:Drivers/CMSIS/DSP/Source/TransformFunctions/arm_cfft_radix2_init_f32.c **** 
  88:Drivers/CMSIS/DSP/Source/TransformFunctions/arm_cfft_radix2_init_f32.c ****   case 4096U:
  89:Drivers/CMSIS/DSP/Source/TransformFunctions/arm_cfft_radix2_init_f32.c ****     /*  Initializations of structure parameters for 4096 point FFT */
  90:Drivers/CMSIS/DSP/Source/TransformFunctions/arm_cfft_radix2_init_f32.c **** 
  91:Drivers/CMSIS/DSP/Source/TransformFunctions/arm_cfft_radix2_init_f32.c ****     /*  Initialise the twiddle coef modifier value */
  92:Drivers/CMSIS/DSP/Source/TransformFunctions/arm_cfft_radix2_init_f32.c ****     S->twidCoefModifier = 1U;
  93:Drivers/CMSIS/DSP/Source/TransformFunctions/arm_cfft_radix2_init_f32.c ****     /*  Initialise the bit reversal table modifier */
  94:Drivers/CMSIS/DSP/Source/TransformFunctions/arm_cfft_radix2_init_f32.c ****     S->bitRevFactor = 1U;
  95:Drivers/CMSIS/DSP/Source/TransformFunctions/arm_cfft_radix2_init_f32.c ****     /*  Initialise the bit reversal table pointer */
  96:Drivers/CMSIS/DSP/Source/TransformFunctions/arm_cfft_radix2_init_f32.c ****     S->pBitRevTable = (uint16_t *) armBitRevTable;
  97:Drivers/CMSIS/DSP/Source/TransformFunctions/arm_cfft_radix2_init_f32.c ****     /*  Initialise the 1/fftLen Value */
  98:Drivers/CMSIS/DSP/Source/TransformFunctions/arm_cfft_radix2_init_f32.c ****     S->onebyfftLen = 0.000244140625;
  99:Drivers/CMSIS/DSP/Source/TransformFunctions/arm_cfft_radix2_init_f32.c ****     break;
 100:Drivers/CMSIS/DSP/Source/TransformFunctions/arm_cfft_radix2_init_f32.c **** 
 101:Drivers/CMSIS/DSP/Source/TransformFunctions/arm_cfft_radix2_init_f32.c ****   case 2048U:
 102:Drivers/CMSIS/DSP/Source/TransformFunctions/arm_cfft_radix2_init_f32.c ****     /*  Initializations of structure parameters for 2048 point FFT */
 103:Drivers/CMSIS/DSP/Source/TransformFunctions/arm_cfft_radix2_init_f32.c **** 
 104:Drivers/CMSIS/DSP/Source/TransformFunctions/arm_cfft_radix2_init_f32.c ****     /*  Initialise the twiddle coef modifier value */
 105:Drivers/CMSIS/DSP/Source/TransformFunctions/arm_cfft_radix2_init_f32.c ****     S->twidCoefModifier = 2U;
 106:Drivers/CMSIS/DSP/Source/TransformFunctions/arm_cfft_radix2_init_f32.c ****     /*  Initialise the bit reversal table modifier */
 107:Drivers/CMSIS/DSP/Source/TransformFunctions/arm_cfft_radix2_init_f32.c ****     S->bitRevFactor = 2U;
 108:Drivers/CMSIS/DSP/Source/TransformFunctions/arm_cfft_radix2_init_f32.c ****     /*  Initialise the bit reversal table pointer */
 109:Drivers/CMSIS/DSP/Source/TransformFunctions/arm_cfft_radix2_init_f32.c ****     S->pBitRevTable = (uint16_t *) & armBitRevTable[1];
ARM GAS  /var/folders/n6/c271nzx11xl4r4_m7sqjlt0m0000gn/T//ccxz6Cb0.s 			page 4


 110:Drivers/CMSIS/DSP/Source/TransformFunctions/arm_cfft_radix2_init_f32.c ****     /*  Initialise the 1/fftLen Value */
 111:Drivers/CMSIS/DSP/Source/TransformFunctions/arm_cfft_radix2_init_f32.c ****     S->onebyfftLen = 0.00048828125;
 112:Drivers/CMSIS/DSP/Source/TransformFunctions/arm_cfft_radix2_init_f32.c ****     break;
 113:Drivers/CMSIS/DSP/Source/TransformFunctions/arm_cfft_radix2_init_f32.c **** 
 114:Drivers/CMSIS/DSP/Source/TransformFunctions/arm_cfft_radix2_init_f32.c ****   case 1024U:
 115:Drivers/CMSIS/DSP/Source/TransformFunctions/arm_cfft_radix2_init_f32.c ****     /*  Initializations of structure parameters for 1024 point FFT */
 116:Drivers/CMSIS/DSP/Source/TransformFunctions/arm_cfft_radix2_init_f32.c **** 
 117:Drivers/CMSIS/DSP/Source/TransformFunctions/arm_cfft_radix2_init_f32.c ****     /*  Initialise the twiddle coef modifier value */
 118:Drivers/CMSIS/DSP/Source/TransformFunctions/arm_cfft_radix2_init_f32.c ****     S->twidCoefModifier = 4U;
  64              		.loc 1 118 5 view .LVU12
  65              		.loc 1 118 25 is_stmt 0 view .LVU13
  66 0028 0423     		movs	r3, #4
  67              	.LVL2:
  68              		.loc 1 118 25 view .LVU14
  69 002a 8381     		strh	r3, [r0, #12]	@ movhi
 119:Drivers/CMSIS/DSP/Source/TransformFunctions/arm_cfft_radix2_init_f32.c ****     /*  Initialise the bit reversal table modifier */
 120:Drivers/CMSIS/DSP/Source/TransformFunctions/arm_cfft_radix2_init_f32.c ****     S->bitRevFactor = 4U;
  70              		.loc 1 120 5 is_stmt 1 view .LVU15
  71              		.loc 1 120 21 is_stmt 0 view .LVU16
  72 002c C381     		strh	r3, [r0, #14]	@ movhi
 121:Drivers/CMSIS/DSP/Source/TransformFunctions/arm_cfft_radix2_init_f32.c ****     /*  Initialise the bit reversal table pointer */
 122:Drivers/CMSIS/DSP/Source/TransformFunctions/arm_cfft_radix2_init_f32.c ****     S->pBitRevTable = (uint16_t *) & armBitRevTable[3];
  73              		.loc 1 122 5 is_stmt 1 view .LVU17
  74              		.loc 1 122 21 is_stmt 0 view .LVU18
  75 002e 3A4B     		ldr	r3, .L20+4
  76 0030 8360     		str	r3, [r0, #8]
 123:Drivers/CMSIS/DSP/Source/TransformFunctions/arm_cfft_radix2_init_f32.c ****     /*  Initialise the 1/fftLen Value */
 124:Drivers/CMSIS/DSP/Source/TransformFunctions/arm_cfft_radix2_init_f32.c ****     S->onebyfftLen = 0.0009765625f;
  77              		.loc 1 124 5 is_stmt 1 view .LVU19
  78              		.loc 1 124 20 is_stmt 0 view .LVU20
  79 0032 4FF06A53 		mov	r3, #981467136
  80 0036 0361     		str	r3, [r0, #16]	@ float
 125:Drivers/CMSIS/DSP/Source/TransformFunctions/arm_cfft_radix2_init_f32.c ****     break;
  81              		.loc 1 125 5 is_stmt 1 view .LVU21
  70:Drivers/CMSIS/DSP/Source/TransformFunctions/arm_cfft_radix2_init_f32.c **** 
  82              		.loc 1 70 14 is_stmt 0 view .LVU22
  83 0038 0020     		movs	r0, #0
  84              	.LVL3:
  85              		.loc 1 125 5 view .LVU23
  86 003a 31E0     		b	.L8
  87              	.LVL4:
  88              	.L16:
  85:Drivers/CMSIS/DSP/Source/TransformFunctions/arm_cfft_radix2_init_f32.c ****   {
  89              		.loc 1 85 3 view .LVU24
  90 003c 4029     		cmp	r1, #64
  91 003e 50D0     		beq	.L4
  92 0040 10D8     		bhi	.L5
  93 0042 1029     		cmp	r1, #16
  94 0044 57D0     		beq	.L6
  95 0046 2029     		cmp	r1, #32
  96 0048 09D1     		bne	.L18
 126:Drivers/CMSIS/DSP/Source/TransformFunctions/arm_cfft_radix2_init_f32.c **** 
 127:Drivers/CMSIS/DSP/Source/TransformFunctions/arm_cfft_radix2_init_f32.c ****   case 512U:
 128:Drivers/CMSIS/DSP/Source/TransformFunctions/arm_cfft_radix2_init_f32.c ****     /*  Initializations of structure parameters for 512 point FFT */
 129:Drivers/CMSIS/DSP/Source/TransformFunctions/arm_cfft_radix2_init_f32.c **** 
 130:Drivers/CMSIS/DSP/Source/TransformFunctions/arm_cfft_radix2_init_f32.c ****     /*  Initialise the twiddle coef modifier value */
 131:Drivers/CMSIS/DSP/Source/TransformFunctions/arm_cfft_radix2_init_f32.c ****     S->twidCoefModifier = 8U;
ARM GAS  /var/folders/n6/c271nzx11xl4r4_m7sqjlt0m0000gn/T//ccxz6Cb0.s 			page 5


 132:Drivers/CMSIS/DSP/Source/TransformFunctions/arm_cfft_radix2_init_f32.c ****     /*  Initialise the bit reversal table modifier */
 133:Drivers/CMSIS/DSP/Source/TransformFunctions/arm_cfft_radix2_init_f32.c ****     S->bitRevFactor = 8U;
 134:Drivers/CMSIS/DSP/Source/TransformFunctions/arm_cfft_radix2_init_f32.c ****     /*  Initialise the bit reversal table pointer */
 135:Drivers/CMSIS/DSP/Source/TransformFunctions/arm_cfft_radix2_init_f32.c ****     S->pBitRevTable = (uint16_t *) & armBitRevTable[7];
 136:Drivers/CMSIS/DSP/Source/TransformFunctions/arm_cfft_radix2_init_f32.c ****     /*  Initialise the 1/fftLen Value */
 137:Drivers/CMSIS/DSP/Source/TransformFunctions/arm_cfft_radix2_init_f32.c ****     S->onebyfftLen = 0.001953125;
 138:Drivers/CMSIS/DSP/Source/TransformFunctions/arm_cfft_radix2_init_f32.c ****     break;
 139:Drivers/CMSIS/DSP/Source/TransformFunctions/arm_cfft_radix2_init_f32.c **** 
 140:Drivers/CMSIS/DSP/Source/TransformFunctions/arm_cfft_radix2_init_f32.c ****   case 256U:
 141:Drivers/CMSIS/DSP/Source/TransformFunctions/arm_cfft_radix2_init_f32.c ****     /*  Initializations of structure parameters for 256 point FFT */
 142:Drivers/CMSIS/DSP/Source/TransformFunctions/arm_cfft_radix2_init_f32.c ****     S->twidCoefModifier = 16U;
 143:Drivers/CMSIS/DSP/Source/TransformFunctions/arm_cfft_radix2_init_f32.c ****     S->bitRevFactor = 16U;
 144:Drivers/CMSIS/DSP/Source/TransformFunctions/arm_cfft_radix2_init_f32.c ****     S->pBitRevTable = (uint16_t *) & armBitRevTable[15];
 145:Drivers/CMSIS/DSP/Source/TransformFunctions/arm_cfft_radix2_init_f32.c ****     S->onebyfftLen = 0.00390625f;
 146:Drivers/CMSIS/DSP/Source/TransformFunctions/arm_cfft_radix2_init_f32.c ****     break;
 147:Drivers/CMSIS/DSP/Source/TransformFunctions/arm_cfft_radix2_init_f32.c **** 
 148:Drivers/CMSIS/DSP/Source/TransformFunctions/arm_cfft_radix2_init_f32.c ****   case 128U:
 149:Drivers/CMSIS/DSP/Source/TransformFunctions/arm_cfft_radix2_init_f32.c ****     /*  Initializations of structure parameters for 128 point FFT */
 150:Drivers/CMSIS/DSP/Source/TransformFunctions/arm_cfft_radix2_init_f32.c ****     S->twidCoefModifier = 32U;
 151:Drivers/CMSIS/DSP/Source/TransformFunctions/arm_cfft_radix2_init_f32.c ****     S->bitRevFactor = 32U;
 152:Drivers/CMSIS/DSP/Source/TransformFunctions/arm_cfft_radix2_init_f32.c ****     S->pBitRevTable = (uint16_t *) & armBitRevTable[31];
 153:Drivers/CMSIS/DSP/Source/TransformFunctions/arm_cfft_radix2_init_f32.c ****     S->onebyfftLen = 0.0078125;
 154:Drivers/CMSIS/DSP/Source/TransformFunctions/arm_cfft_radix2_init_f32.c ****     break;
 155:Drivers/CMSIS/DSP/Source/TransformFunctions/arm_cfft_radix2_init_f32.c **** 
 156:Drivers/CMSIS/DSP/Source/TransformFunctions/arm_cfft_radix2_init_f32.c ****   case 64U:
 157:Drivers/CMSIS/DSP/Source/TransformFunctions/arm_cfft_radix2_init_f32.c ****     /*  Initializations of structure parameters for 64 point FFT */
 158:Drivers/CMSIS/DSP/Source/TransformFunctions/arm_cfft_radix2_init_f32.c ****     S->twidCoefModifier = 64U;
 159:Drivers/CMSIS/DSP/Source/TransformFunctions/arm_cfft_radix2_init_f32.c ****     S->bitRevFactor = 64U;
 160:Drivers/CMSIS/DSP/Source/TransformFunctions/arm_cfft_radix2_init_f32.c ****     S->pBitRevTable = (uint16_t *) & armBitRevTable[63];
 161:Drivers/CMSIS/DSP/Source/TransformFunctions/arm_cfft_radix2_init_f32.c ****     S->onebyfftLen = 0.015625f;
 162:Drivers/CMSIS/DSP/Source/TransformFunctions/arm_cfft_radix2_init_f32.c ****     break;
 163:Drivers/CMSIS/DSP/Source/TransformFunctions/arm_cfft_radix2_init_f32.c **** 
 164:Drivers/CMSIS/DSP/Source/TransformFunctions/arm_cfft_radix2_init_f32.c ****   case 32U:
 165:Drivers/CMSIS/DSP/Source/TransformFunctions/arm_cfft_radix2_init_f32.c ****     /*  Initializations of structure parameters for 64 point FFT */
 166:Drivers/CMSIS/DSP/Source/TransformFunctions/arm_cfft_radix2_init_f32.c ****     S->twidCoefModifier = 128U;
  97              		.loc 1 166 5 is_stmt 1 view .LVU25
  98              		.loc 1 166 25 is_stmt 0 view .LVU26
  99 004a 8023     		movs	r3, #128
 100              	.LVL5:
 101              		.loc 1 166 25 view .LVU27
 102 004c 8381     		strh	r3, [r0, #12]	@ movhi
 167:Drivers/CMSIS/DSP/Source/TransformFunctions/arm_cfft_radix2_init_f32.c ****     S->bitRevFactor = 128U;
 103              		.loc 1 167 5 is_stmt 1 view .LVU28
 104              		.loc 1 167 21 is_stmt 0 view .LVU29
 105 004e C381     		strh	r3, [r0, #14]	@ movhi
 168:Drivers/CMSIS/DSP/Source/TransformFunctions/arm_cfft_radix2_init_f32.c ****     S->pBitRevTable = (uint16_t *) & armBitRevTable[127];
 106              		.loc 1 168 5 is_stmt 1 view .LVU30
 107              		.loc 1 168 21 is_stmt 0 view .LVU31
 108 0050 324B     		ldr	r3, .L20+8
 109 0052 8360     		str	r3, [r0, #8]
 169:Drivers/CMSIS/DSP/Source/TransformFunctions/arm_cfft_radix2_init_f32.c ****     S->onebyfftLen = 0.03125;
 110              		.loc 1 169 5 is_stmt 1 view .LVU32
 111              		.loc 1 169 20 is_stmt 0 view .LVU33
 112 0054 4FF07453 		mov	r3, #1023410176
 113 0058 0361     		str	r3, [r0, #16]	@ float
 170:Drivers/CMSIS/DSP/Source/TransformFunctions/arm_cfft_radix2_init_f32.c ****     break;
 114              		.loc 1 170 5 is_stmt 1 view .LVU34
ARM GAS  /var/folders/n6/c271nzx11xl4r4_m7sqjlt0m0000gn/T//ccxz6Cb0.s 			page 6


  70:Drivers/CMSIS/DSP/Source/TransformFunctions/arm_cfft_radix2_init_f32.c **** 
 115              		.loc 1 70 14 is_stmt 0 view .LVU35
 116 005a 0020     		movs	r0, #0
 117              	.LVL6:
 118              		.loc 1 170 5 view .LVU36
 119 005c 20E0     		b	.L8
 120              	.LVL7:
 121              	.L18:
  85:Drivers/CMSIS/DSP/Source/TransformFunctions/arm_cfft_radix2_init_f32.c ****   {
 122              		.loc 1 85 3 view .LVU37
 123 005e 4FF0FF30 		mov	r0, #-1
 124              	.LVL8:
  85:Drivers/CMSIS/DSP/Source/TransformFunctions/arm_cfft_radix2_init_f32.c ****   {
 125              		.loc 1 85 3 view .LVU38
 126 0062 1DE0     		b	.L8
 127              	.LVL9:
 128              	.L5:
  85:Drivers/CMSIS/DSP/Source/TransformFunctions/arm_cfft_radix2_init_f32.c ****   {
 129              		.loc 1 85 3 view .LVU39
 130 0064 8029     		cmp	r1, #128
 131 0066 09D1     		bne	.L19
 150:Drivers/CMSIS/DSP/Source/TransformFunctions/arm_cfft_radix2_init_f32.c ****     S->bitRevFactor = 32U;
 132              		.loc 1 150 5 is_stmt 1 view .LVU40
 150:Drivers/CMSIS/DSP/Source/TransformFunctions/arm_cfft_radix2_init_f32.c ****     S->bitRevFactor = 32U;
 133              		.loc 1 150 25 is_stmt 0 view .LVU41
 134 0068 2023     		movs	r3, #32
 135              	.LVL10:
 150:Drivers/CMSIS/DSP/Source/TransformFunctions/arm_cfft_radix2_init_f32.c ****     S->bitRevFactor = 32U;
 136              		.loc 1 150 25 view .LVU42
 137 006a 8381     		strh	r3, [r0, #12]	@ movhi
 151:Drivers/CMSIS/DSP/Source/TransformFunctions/arm_cfft_radix2_init_f32.c ****     S->pBitRevTable = (uint16_t *) & armBitRevTable[31];
 138              		.loc 1 151 5 is_stmt 1 view .LVU43
 151:Drivers/CMSIS/DSP/Source/TransformFunctions/arm_cfft_radix2_init_f32.c ****     S->pBitRevTable = (uint16_t *) & armBitRevTable[31];
 139              		.loc 1 151 21 is_stmt 0 view .LVU44
 140 006c C381     		strh	r3, [r0, #14]	@ movhi
 152:Drivers/CMSIS/DSP/Source/TransformFunctions/arm_cfft_radix2_init_f32.c ****     S->onebyfftLen = 0.0078125;
 141              		.loc 1 152 5 is_stmt 1 view .LVU45
 152:Drivers/CMSIS/DSP/Source/TransformFunctions/arm_cfft_radix2_init_f32.c ****     S->onebyfftLen = 0.0078125;
 142              		.loc 1 152 21 is_stmt 0 view .LVU46
 143 006e 2C4B     		ldr	r3, .L20+12
 144 0070 8360     		str	r3, [r0, #8]
 153:Drivers/CMSIS/DSP/Source/TransformFunctions/arm_cfft_radix2_init_f32.c ****     break;
 145              		.loc 1 153 5 is_stmt 1 view .LVU47
 153:Drivers/CMSIS/DSP/Source/TransformFunctions/arm_cfft_radix2_init_f32.c ****     break;
 146              		.loc 1 153 20 is_stmt 0 view .LVU48
 147 0072 4FF07053 		mov	r3, #1006632960
 148 0076 0361     		str	r3, [r0, #16]	@ float
 154:Drivers/CMSIS/DSP/Source/TransformFunctions/arm_cfft_radix2_init_f32.c **** 
 149              		.loc 1 154 5 is_stmt 1 view .LVU49
  70:Drivers/CMSIS/DSP/Source/TransformFunctions/arm_cfft_radix2_init_f32.c **** 
 150              		.loc 1 70 14 is_stmt 0 view .LVU50
 151 0078 0020     		movs	r0, #0
 152              	.LVL11:
 154:Drivers/CMSIS/DSP/Source/TransformFunctions/arm_cfft_radix2_init_f32.c **** 
 153              		.loc 1 154 5 view .LVU51
 154 007a 11E0     		b	.L8
 155              	.LVL12:
ARM GAS  /var/folders/n6/c271nzx11xl4r4_m7sqjlt0m0000gn/T//ccxz6Cb0.s 			page 7


 156              	.L19:
  85:Drivers/CMSIS/DSP/Source/TransformFunctions/arm_cfft_radix2_init_f32.c ****   {
 157              		.loc 1 85 3 view .LVU52
 158 007c 4FF0FF30 		mov	r0, #-1
 159              	.LVL13:
  85:Drivers/CMSIS/DSP/Source/TransformFunctions/arm_cfft_radix2_init_f32.c ****   {
 160              		.loc 1 85 3 view .LVU53
 161 0080 0EE0     		b	.L8
 162              	.LVL14:
 163              	.L17:
  85:Drivers/CMSIS/DSP/Source/TransformFunctions/arm_cfft_radix2_init_f32.c ****   {
 164              		.loc 1 85 3 view .LVU54
 165 0082 4FF0FF30 		mov	r0, #-1
 166              	.LVL15:
  85:Drivers/CMSIS/DSP/Source/TransformFunctions/arm_cfft_radix2_init_f32.c ****   {
 167              		.loc 1 85 3 view .LVU55
 168 0086 0BE0     		b	.L8
 169              	.LVL16:
 170              	.L11:
  85:Drivers/CMSIS/DSP/Source/TransformFunctions/arm_cfft_radix2_init_f32.c ****   {
 171              		.loc 1 85 3 view .LVU56
 172 0088 B1F5805F 		cmp	r1, #4096
 173 008c 3ED1     		bne	.L14
  92:Drivers/CMSIS/DSP/Source/TransformFunctions/arm_cfft_radix2_init_f32.c ****     /*  Initialise the bit reversal table modifier */
 174              		.loc 1 92 5 is_stmt 1 view .LVU57
  92:Drivers/CMSIS/DSP/Source/TransformFunctions/arm_cfft_radix2_init_f32.c ****     /*  Initialise the bit reversal table modifier */
 175              		.loc 1 92 25 is_stmt 0 view .LVU58
 176 008e 0123     		movs	r3, #1
 177              	.LVL17:
  92:Drivers/CMSIS/DSP/Source/TransformFunctions/arm_cfft_radix2_init_f32.c ****     /*  Initialise the bit reversal table modifier */
 178              		.loc 1 92 25 view .LVU59
 179 0090 8381     		strh	r3, [r0, #12]	@ movhi
  94:Drivers/CMSIS/DSP/Source/TransformFunctions/arm_cfft_radix2_init_f32.c ****     /*  Initialise the bit reversal table pointer */
 180              		.loc 1 94 5 is_stmt 1 view .LVU60
  94:Drivers/CMSIS/DSP/Source/TransformFunctions/arm_cfft_radix2_init_f32.c ****     /*  Initialise the bit reversal table pointer */
 181              		.loc 1 94 21 is_stmt 0 view .LVU61
 182 0092 C381     		strh	r3, [r0, #14]	@ movhi
  96:Drivers/CMSIS/DSP/Source/TransformFunctions/arm_cfft_radix2_init_f32.c ****     /*  Initialise the 1/fftLen Value */
 183              		.loc 1 96 5 is_stmt 1 view .LVU62
  96:Drivers/CMSIS/DSP/Source/TransformFunctions/arm_cfft_radix2_init_f32.c ****     /*  Initialise the 1/fftLen Value */
 184              		.loc 1 96 21 is_stmt 0 view .LVU63
 185 0094 234B     		ldr	r3, .L20+16
 186 0096 8360     		str	r3, [r0, #8]
  98:Drivers/CMSIS/DSP/Source/TransformFunctions/arm_cfft_radix2_init_f32.c ****     break;
 187              		.loc 1 98 5 is_stmt 1 view .LVU64
  98:Drivers/CMSIS/DSP/Source/TransformFunctions/arm_cfft_radix2_init_f32.c ****     break;
 188              		.loc 1 98 20 is_stmt 0 view .LVU65
 189 0098 4FF06653 		mov	r3, #964689920
 190 009c 0361     		str	r3, [r0, #16]	@ float
  99:Drivers/CMSIS/DSP/Source/TransformFunctions/arm_cfft_radix2_init_f32.c **** 
 191              		.loc 1 99 5 is_stmt 1 view .LVU66
  70:Drivers/CMSIS/DSP/Source/TransformFunctions/arm_cfft_radix2_init_f32.c **** 
 192              		.loc 1 70 14 is_stmt 0 view .LVU67
 193 009e 0020     		movs	r0, #0
 194              	.LVL18:
 195              	.L8:
 171:Drivers/CMSIS/DSP/Source/TransformFunctions/arm_cfft_radix2_init_f32.c **** 
ARM GAS  /var/folders/n6/c271nzx11xl4r4_m7sqjlt0m0000gn/T//ccxz6Cb0.s 			page 8


 172:Drivers/CMSIS/DSP/Source/TransformFunctions/arm_cfft_radix2_init_f32.c ****   case 16U:
 173:Drivers/CMSIS/DSP/Source/TransformFunctions/arm_cfft_radix2_init_f32.c ****     /*  Initializations of structure parameters for 16 point FFT */
 174:Drivers/CMSIS/DSP/Source/TransformFunctions/arm_cfft_radix2_init_f32.c ****     S->twidCoefModifier = 256U;
 175:Drivers/CMSIS/DSP/Source/TransformFunctions/arm_cfft_radix2_init_f32.c ****     S->bitRevFactor = 256U;
 176:Drivers/CMSIS/DSP/Source/TransformFunctions/arm_cfft_radix2_init_f32.c ****     S->pBitRevTable = (uint16_t *) & armBitRevTable[255];
 177:Drivers/CMSIS/DSP/Source/TransformFunctions/arm_cfft_radix2_init_f32.c ****     S->onebyfftLen = 0.0625f;
 178:Drivers/CMSIS/DSP/Source/TransformFunctions/arm_cfft_radix2_init_f32.c ****     break;
 179:Drivers/CMSIS/DSP/Source/TransformFunctions/arm_cfft_radix2_init_f32.c **** 
 180:Drivers/CMSIS/DSP/Source/TransformFunctions/arm_cfft_radix2_init_f32.c **** 
 181:Drivers/CMSIS/DSP/Source/TransformFunctions/arm_cfft_radix2_init_f32.c ****   default:
 182:Drivers/CMSIS/DSP/Source/TransformFunctions/arm_cfft_radix2_init_f32.c ****     /*  Reporting argument error if fftSize is not valid value */
 183:Drivers/CMSIS/DSP/Source/TransformFunctions/arm_cfft_radix2_init_f32.c ****     status = ARM_MATH_ARGUMENT_ERROR;
 184:Drivers/CMSIS/DSP/Source/TransformFunctions/arm_cfft_radix2_init_f32.c ****     break;
 185:Drivers/CMSIS/DSP/Source/TransformFunctions/arm_cfft_radix2_init_f32.c ****   }
 186:Drivers/CMSIS/DSP/Source/TransformFunctions/arm_cfft_radix2_init_f32.c **** 
 187:Drivers/CMSIS/DSP/Source/TransformFunctions/arm_cfft_radix2_init_f32.c ****   return (status);
 196              		.loc 1 187 3 is_stmt 1 view .LVU68
 188:Drivers/CMSIS/DSP/Source/TransformFunctions/arm_cfft_radix2_init_f32.c **** }
 197              		.loc 1 188 1 is_stmt 0 view .LVU69
 198 00a0 5DF8044B 		ldr	r4, [sp], #4
 199              		.cfi_remember_state
 200              		.cfi_restore 4
 201              		.cfi_def_cfa_offset 0
 202 00a4 7047     		bx	lr
 203              	.LVL19:
 204              	.L10:
 205              		.cfi_restore_state
 105:Drivers/CMSIS/DSP/Source/TransformFunctions/arm_cfft_radix2_init_f32.c ****     /*  Initialise the bit reversal table modifier */
 206              		.loc 1 105 5 is_stmt 1 view .LVU70
 105:Drivers/CMSIS/DSP/Source/TransformFunctions/arm_cfft_radix2_init_f32.c ****     /*  Initialise the bit reversal table modifier */
 207              		.loc 1 105 25 is_stmt 0 view .LVU71
 208 00a6 0223     		movs	r3, #2
 209              	.LVL20:
 105:Drivers/CMSIS/DSP/Source/TransformFunctions/arm_cfft_radix2_init_f32.c ****     /*  Initialise the bit reversal table modifier */
 210              		.loc 1 105 25 view .LVU72
 211 00a8 8381     		strh	r3, [r0, #12]	@ movhi
 107:Drivers/CMSIS/DSP/Source/TransformFunctions/arm_cfft_radix2_init_f32.c ****     /*  Initialise the bit reversal table pointer */
 212              		.loc 1 107 5 is_stmt 1 view .LVU73
 107:Drivers/CMSIS/DSP/Source/TransformFunctions/arm_cfft_radix2_init_f32.c ****     /*  Initialise the bit reversal table pointer */
 213              		.loc 1 107 21 is_stmt 0 view .LVU74
 214 00aa C381     		strh	r3, [r0, #14]	@ movhi
 109:Drivers/CMSIS/DSP/Source/TransformFunctions/arm_cfft_radix2_init_f32.c ****     /*  Initialise the 1/fftLen Value */
 215              		.loc 1 109 5 is_stmt 1 view .LVU75
 109:Drivers/CMSIS/DSP/Source/TransformFunctions/arm_cfft_radix2_init_f32.c ****     /*  Initialise the 1/fftLen Value */
 216              		.loc 1 109 21 is_stmt 0 view .LVU76
 217 00ac 1E4B     		ldr	r3, .L20+20
 218 00ae 8360     		str	r3, [r0, #8]
 111:Drivers/CMSIS/DSP/Source/TransformFunctions/arm_cfft_radix2_init_f32.c ****     break;
 219              		.loc 1 111 5 is_stmt 1 view .LVU77
 111:Drivers/CMSIS/DSP/Source/TransformFunctions/arm_cfft_radix2_init_f32.c ****     break;
 220              		.loc 1 111 20 is_stmt 0 view .LVU78
 221 00b0 4FF06853 		mov	r3, #973078528
 222 00b4 0361     		str	r3, [r0, #16]	@ float
 112:Drivers/CMSIS/DSP/Source/TransformFunctions/arm_cfft_radix2_init_f32.c **** 
 223              		.loc 1 112 5 is_stmt 1 view .LVU79
  70:Drivers/CMSIS/DSP/Source/TransformFunctions/arm_cfft_radix2_init_f32.c **** 
 224              		.loc 1 70 14 is_stmt 0 view .LVU80
ARM GAS  /var/folders/n6/c271nzx11xl4r4_m7sqjlt0m0000gn/T//ccxz6Cb0.s 			page 9


 225 00b6 0020     		movs	r0, #0
 226              	.LVL21:
 112:Drivers/CMSIS/DSP/Source/TransformFunctions/arm_cfft_radix2_init_f32.c **** 
 227              		.loc 1 112 5 view .LVU81
 228 00b8 F2E7     		b	.L8
 229              	.LVL22:
 230              	.L12:
 131:Drivers/CMSIS/DSP/Source/TransformFunctions/arm_cfft_radix2_init_f32.c ****     /*  Initialise the bit reversal table modifier */
 231              		.loc 1 131 5 is_stmt 1 view .LVU82
 131:Drivers/CMSIS/DSP/Source/TransformFunctions/arm_cfft_radix2_init_f32.c ****     /*  Initialise the bit reversal table modifier */
 232              		.loc 1 131 25 is_stmt 0 view .LVU83
 233 00ba 0823     		movs	r3, #8
 234              	.LVL23:
 131:Drivers/CMSIS/DSP/Source/TransformFunctions/arm_cfft_radix2_init_f32.c ****     /*  Initialise the bit reversal table modifier */
 235              		.loc 1 131 25 view .LVU84
 236 00bc 8381     		strh	r3, [r0, #12]	@ movhi
 133:Drivers/CMSIS/DSP/Source/TransformFunctions/arm_cfft_radix2_init_f32.c ****     /*  Initialise the bit reversal table pointer */
 237              		.loc 1 133 5 is_stmt 1 view .LVU85
 133:Drivers/CMSIS/DSP/Source/TransformFunctions/arm_cfft_radix2_init_f32.c ****     /*  Initialise the bit reversal table pointer */
 238              		.loc 1 133 21 is_stmt 0 view .LVU86
 239 00be C381     		strh	r3, [r0, #14]	@ movhi
 135:Drivers/CMSIS/DSP/Source/TransformFunctions/arm_cfft_radix2_init_f32.c ****     /*  Initialise the 1/fftLen Value */
 240              		.loc 1 135 5 is_stmt 1 view .LVU87
 135:Drivers/CMSIS/DSP/Source/TransformFunctions/arm_cfft_radix2_init_f32.c ****     /*  Initialise the 1/fftLen Value */
 241              		.loc 1 135 21 is_stmt 0 view .LVU88
 242 00c0 1A4B     		ldr	r3, .L20+24
 243 00c2 8360     		str	r3, [r0, #8]
 137:Drivers/CMSIS/DSP/Source/TransformFunctions/arm_cfft_radix2_init_f32.c ****     break;
 244              		.loc 1 137 5 is_stmt 1 view .LVU89
 137:Drivers/CMSIS/DSP/Source/TransformFunctions/arm_cfft_radix2_init_f32.c ****     break;
 245              		.loc 1 137 20 is_stmt 0 view .LVU90
 246 00c4 4FF06C53 		mov	r3, #989855744
 247 00c8 0361     		str	r3, [r0, #16]	@ float
 138:Drivers/CMSIS/DSP/Source/TransformFunctions/arm_cfft_radix2_init_f32.c **** 
 248              		.loc 1 138 5 is_stmt 1 view .LVU91
  70:Drivers/CMSIS/DSP/Source/TransformFunctions/arm_cfft_radix2_init_f32.c **** 
 249              		.loc 1 70 14 is_stmt 0 view .LVU92
 250 00ca 0020     		movs	r0, #0
 251              	.LVL24:
 138:Drivers/CMSIS/DSP/Source/TransformFunctions/arm_cfft_radix2_init_f32.c **** 
 252              		.loc 1 138 5 view .LVU93
 253 00cc E8E7     		b	.L8
 254              	.LVL25:
 255              	.L2:
 142:Drivers/CMSIS/DSP/Source/TransformFunctions/arm_cfft_radix2_init_f32.c ****     S->bitRevFactor = 16U;
 256              		.loc 1 142 5 is_stmt 1 view .LVU94
 142:Drivers/CMSIS/DSP/Source/TransformFunctions/arm_cfft_radix2_init_f32.c ****     S->bitRevFactor = 16U;
 257              		.loc 1 142 25 is_stmt 0 view .LVU95
 258 00ce 1023     		movs	r3, #16
 259              	.LVL26:
 142:Drivers/CMSIS/DSP/Source/TransformFunctions/arm_cfft_radix2_init_f32.c ****     S->bitRevFactor = 16U;
 260              		.loc 1 142 25 view .LVU96
 261 00d0 8381     		strh	r3, [r0, #12]	@ movhi
 143:Drivers/CMSIS/DSP/Source/TransformFunctions/arm_cfft_radix2_init_f32.c ****     S->pBitRevTable = (uint16_t *) & armBitRevTable[15];
 262              		.loc 1 143 5 is_stmt 1 view .LVU97
 143:Drivers/CMSIS/DSP/Source/TransformFunctions/arm_cfft_radix2_init_f32.c ****     S->pBitRevTable = (uint16_t *) & armBitRevTable[15];
 263              		.loc 1 143 21 is_stmt 0 view .LVU98
ARM GAS  /var/folders/n6/c271nzx11xl4r4_m7sqjlt0m0000gn/T//ccxz6Cb0.s 			page 10


 264 00d2 C381     		strh	r3, [r0, #14]	@ movhi
 144:Drivers/CMSIS/DSP/Source/TransformFunctions/arm_cfft_radix2_init_f32.c ****     S->onebyfftLen = 0.00390625f;
 265              		.loc 1 144 5 is_stmt 1 view .LVU99
 144:Drivers/CMSIS/DSP/Source/TransformFunctions/arm_cfft_radix2_init_f32.c ****     S->onebyfftLen = 0.00390625f;
 266              		.loc 1 144 21 is_stmt 0 view .LVU100
 267 00d4 164B     		ldr	r3, .L20+28
 268 00d6 8360     		str	r3, [r0, #8]
 145:Drivers/CMSIS/DSP/Source/TransformFunctions/arm_cfft_radix2_init_f32.c ****     break;
 269              		.loc 1 145 5 is_stmt 1 view .LVU101
 145:Drivers/CMSIS/DSP/Source/TransformFunctions/arm_cfft_radix2_init_f32.c ****     break;
 270              		.loc 1 145 20 is_stmt 0 view .LVU102
 271 00d8 4FF06E53 		mov	r3, #998244352
 272 00dc 0361     		str	r3, [r0, #16]	@ float
 146:Drivers/CMSIS/DSP/Source/TransformFunctions/arm_cfft_radix2_init_f32.c **** 
 273              		.loc 1 146 5 is_stmt 1 view .LVU103
  70:Drivers/CMSIS/DSP/Source/TransformFunctions/arm_cfft_radix2_init_f32.c **** 
 274              		.loc 1 70 14 is_stmt 0 view .LVU104
 275 00de 0020     		movs	r0, #0
 276              	.LVL27:
 146:Drivers/CMSIS/DSP/Source/TransformFunctions/arm_cfft_radix2_init_f32.c **** 
 277              		.loc 1 146 5 view .LVU105
 278 00e0 DEE7     		b	.L8
 279              	.LVL28:
 280              	.L4:
 158:Drivers/CMSIS/DSP/Source/TransformFunctions/arm_cfft_radix2_init_f32.c ****     S->bitRevFactor = 64U;
 281              		.loc 1 158 5 is_stmt 1 view .LVU106
 158:Drivers/CMSIS/DSP/Source/TransformFunctions/arm_cfft_radix2_init_f32.c ****     S->bitRevFactor = 64U;
 282              		.loc 1 158 25 is_stmt 0 view .LVU107
 283 00e2 4023     		movs	r3, #64
 284              	.LVL29:
 158:Drivers/CMSIS/DSP/Source/TransformFunctions/arm_cfft_radix2_init_f32.c ****     S->bitRevFactor = 64U;
 285              		.loc 1 158 25 view .LVU108
 286 00e4 8381     		strh	r3, [r0, #12]	@ movhi
 159:Drivers/CMSIS/DSP/Source/TransformFunctions/arm_cfft_radix2_init_f32.c ****     S->pBitRevTable = (uint16_t *) & armBitRevTable[63];
 287              		.loc 1 159 5 is_stmt 1 view .LVU109
 159:Drivers/CMSIS/DSP/Source/TransformFunctions/arm_cfft_radix2_init_f32.c ****     S->pBitRevTable = (uint16_t *) & armBitRevTable[63];
 288              		.loc 1 159 21 is_stmt 0 view .LVU110
 289 00e6 C381     		strh	r3, [r0, #14]	@ movhi
 160:Drivers/CMSIS/DSP/Source/TransformFunctions/arm_cfft_radix2_init_f32.c ****     S->onebyfftLen = 0.015625f;
 290              		.loc 1 160 5 is_stmt 1 view .LVU111
 160:Drivers/CMSIS/DSP/Source/TransformFunctions/arm_cfft_radix2_init_f32.c ****     S->onebyfftLen = 0.015625f;
 291              		.loc 1 160 21 is_stmt 0 view .LVU112
 292 00e8 124B     		ldr	r3, .L20+32
 293 00ea 8360     		str	r3, [r0, #8]
 161:Drivers/CMSIS/DSP/Source/TransformFunctions/arm_cfft_radix2_init_f32.c ****     break;
 294              		.loc 1 161 5 is_stmt 1 view .LVU113
 161:Drivers/CMSIS/DSP/Source/TransformFunctions/arm_cfft_radix2_init_f32.c ****     break;
 295              		.loc 1 161 20 is_stmt 0 view .LVU114
 296 00ec 4FF07253 		mov	r3, #1015021568
 297 00f0 0361     		str	r3, [r0, #16]	@ float
 162:Drivers/CMSIS/DSP/Source/TransformFunctions/arm_cfft_radix2_init_f32.c **** 
 298              		.loc 1 162 5 is_stmt 1 view .LVU115
  70:Drivers/CMSIS/DSP/Source/TransformFunctions/arm_cfft_radix2_init_f32.c **** 
 299              		.loc 1 70 14 is_stmt 0 view .LVU116
 300 00f2 0020     		movs	r0, #0
 301              	.LVL30:
 162:Drivers/CMSIS/DSP/Source/TransformFunctions/arm_cfft_radix2_init_f32.c **** 
ARM GAS  /var/folders/n6/c271nzx11xl4r4_m7sqjlt0m0000gn/T//ccxz6Cb0.s 			page 11


 302              		.loc 1 162 5 view .LVU117
 303 00f4 D4E7     		b	.L8
 304              	.LVL31:
 305              	.L6:
 174:Drivers/CMSIS/DSP/Source/TransformFunctions/arm_cfft_radix2_init_f32.c ****     S->bitRevFactor = 256U;
 306              		.loc 1 174 5 is_stmt 1 view .LVU118
 174:Drivers/CMSIS/DSP/Source/TransformFunctions/arm_cfft_radix2_init_f32.c ****     S->bitRevFactor = 256U;
 307              		.loc 1 174 25 is_stmt 0 view .LVU119
 308 00f6 4FF48073 		mov	r3, #256
 309              	.LVL32:
 174:Drivers/CMSIS/DSP/Source/TransformFunctions/arm_cfft_radix2_init_f32.c ****     S->bitRevFactor = 256U;
 310              		.loc 1 174 25 view .LVU120
 311 00fa 8381     		strh	r3, [r0, #12]	@ movhi
 175:Drivers/CMSIS/DSP/Source/TransformFunctions/arm_cfft_radix2_init_f32.c ****     S->pBitRevTable = (uint16_t *) & armBitRevTable[255];
 312              		.loc 1 175 5 is_stmt 1 view .LVU121
 175:Drivers/CMSIS/DSP/Source/TransformFunctions/arm_cfft_radix2_init_f32.c ****     S->pBitRevTable = (uint16_t *) & armBitRevTable[255];
 313              		.loc 1 175 21 is_stmt 0 view .LVU122
 314 00fc C381     		strh	r3, [r0, #14]	@ movhi
 176:Drivers/CMSIS/DSP/Source/TransformFunctions/arm_cfft_radix2_init_f32.c ****     S->onebyfftLen = 0.0625f;
 315              		.loc 1 176 5 is_stmt 1 view .LVU123
 176:Drivers/CMSIS/DSP/Source/TransformFunctions/arm_cfft_radix2_init_f32.c ****     S->onebyfftLen = 0.0625f;
 316              		.loc 1 176 21 is_stmt 0 view .LVU124
 317 00fe 0E4B     		ldr	r3, .L20+36
 318 0100 8360     		str	r3, [r0, #8]
 177:Drivers/CMSIS/DSP/Source/TransformFunctions/arm_cfft_radix2_init_f32.c ****     break;
 319              		.loc 1 177 5 is_stmt 1 view .LVU125
 177:Drivers/CMSIS/DSP/Source/TransformFunctions/arm_cfft_radix2_init_f32.c ****     break;
 320              		.loc 1 177 20 is_stmt 0 view .LVU126
 321 0102 4FF07653 		mov	r3, #1031798784
 322 0106 0361     		str	r3, [r0, #16]	@ float
 178:Drivers/CMSIS/DSP/Source/TransformFunctions/arm_cfft_radix2_init_f32.c **** 
 323              		.loc 1 178 5 is_stmt 1 view .LVU127
  70:Drivers/CMSIS/DSP/Source/TransformFunctions/arm_cfft_radix2_init_f32.c **** 
 324              		.loc 1 70 14 is_stmt 0 view .LVU128
 325 0108 0020     		movs	r0, #0
 326              	.LVL33:
 178:Drivers/CMSIS/DSP/Source/TransformFunctions/arm_cfft_radix2_init_f32.c **** 
 327              		.loc 1 178 5 view .LVU129
 328 010a C9E7     		b	.L8
 329              	.LVL34:
 330              	.L14:
  85:Drivers/CMSIS/DSP/Source/TransformFunctions/arm_cfft_radix2_init_f32.c ****   {
 331              		.loc 1 85 3 view .LVU130
 332 010c 4FF0FF30 		mov	r0, #-1
 333              	.LVL35:
  85:Drivers/CMSIS/DSP/Source/TransformFunctions/arm_cfft_radix2_init_f32.c ****   {
 334              		.loc 1 85 3 view .LVU131
 335 0110 C6E7     		b	.L8
 336              	.L21:
 337 0112 00BF     		.align	2
 338              	.L20:
 339 0114 00000000 		.word	twiddleCoef_4096
 340 0118 06000000 		.word	armBitRevTable+6
 341 011c FE000000 		.word	armBitRevTable+254
 342 0120 3E000000 		.word	armBitRevTable+62
 343 0124 00000000 		.word	armBitRevTable
 344 0128 02000000 		.word	armBitRevTable+2
ARM GAS  /var/folders/n6/c271nzx11xl4r4_m7sqjlt0m0000gn/T//ccxz6Cb0.s 			page 12


 345 012c 0E000000 		.word	armBitRevTable+14
 346 0130 1E000000 		.word	armBitRevTable+30
 347 0134 7E000000 		.word	armBitRevTable+126
 348 0138 FE010000 		.word	armBitRevTable+510
 349              		.cfi_endproc
 350              	.LFE135:
 352              		.text
 353              	.Letext0:
 354              		.file 2 "/Users/killian/Library/Application Support/Code/User/globalStorage/bmd.stm32-for-vscode/@
 355              		.file 3 "/Users/killian/Library/Application Support/Code/User/globalStorage/bmd.stm32-for-vscode/@
 356              		.file 4 "Drivers/CMSIS/DSP/Include/arm_math.h"
 357              		.file 5 "Drivers/CMSIS/DSP/Include/arm_common_tables.h"
ARM GAS  /var/folders/n6/c271nzx11xl4r4_m7sqjlt0m0000gn/T//ccxz6Cb0.s 			page 13


DEFINED SYMBOLS
                            *ABS*:00000000 arm_cfft_radix2_init_f32.c
/var/folders/n6/c271nzx11xl4r4_m7sqjlt0m0000gn/T//ccxz6Cb0.s:20     .text.arm_cfft_radix2_init_f32:00000000 $t
/var/folders/n6/c271nzx11xl4r4_m7sqjlt0m0000gn/T//ccxz6Cb0.s:26     .text.arm_cfft_radix2_init_f32:00000000 arm_cfft_radix2_init_f32
/var/folders/n6/c271nzx11xl4r4_m7sqjlt0m0000gn/T//ccxz6Cb0.s:339    .text.arm_cfft_radix2_init_f32:00000114 $d

UNDEFINED SYMBOLS
twiddleCoef_4096
armBitRevTable
