ARM GAS  /var/folders/n6/c271nzx11xl4r4_m7sqjlt0m0000gn/T//ccEnY5mi.s 			page 1


   1              		.cpu cortex-m7
   2              		.arch armv7e-m
   3              		.fpu fpv5-d16
   4              		.eabi_attribute 28, 1
   5              		.eabi_attribute 20, 1
   6              		.eabi_attribute 21, 1
   7              		.eabi_attribute 23, 3
   8              		.eabi_attribute 24, 1
   9              		.eabi_attribute 25, 1
  10              		.eabi_attribute 26, 1
  11              		.eabi_attribute 30, 1
  12              		.eabi_attribute 34, 1
  13              		.eabi_attribute 18, 4
  14              		.file	"arm_float_to_q15.c"
  15              		.text
  16              	.Ltext0:
  17              		.cfi_sections	.debug_frame
  18              		.file 1 "Drivers/CMSIS/DSP/Source/SupportFunctions/arm_float_to_q15.c"
  19              		.section	.text.arm_float_to_q15,"ax",%progbits
  20              		.align	1
  21              		.global	arm_float_to_q15
  22              		.syntax unified
  23              		.thumb
  24              		.thumb_func
  26              	arm_float_to_q15:
  27              	.LVL0:
  28              	.LFB135:
   1:Drivers/CMSIS/DSP/Source/SupportFunctions/arm_float_to_q15.c **** /* ----------------------------------------------------------------------
   2:Drivers/CMSIS/DSP/Source/SupportFunctions/arm_float_to_q15.c ****  * Project:      CMSIS DSP Library
   3:Drivers/CMSIS/DSP/Source/SupportFunctions/arm_float_to_q15.c ****  * Title:        arm_float_to_q15.c
   4:Drivers/CMSIS/DSP/Source/SupportFunctions/arm_float_to_q15.c ****  * Description:  Converts the elements of the floating-point vector to Q15 vector
   5:Drivers/CMSIS/DSP/Source/SupportFunctions/arm_float_to_q15.c ****  *
   6:Drivers/CMSIS/DSP/Source/SupportFunctions/arm_float_to_q15.c ****  * $Date:        27. January 2017
   7:Drivers/CMSIS/DSP/Source/SupportFunctions/arm_float_to_q15.c ****  * $Revision:    V.1.5.1
   8:Drivers/CMSIS/DSP/Source/SupportFunctions/arm_float_to_q15.c ****  *
   9:Drivers/CMSIS/DSP/Source/SupportFunctions/arm_float_to_q15.c ****  * Target Processor: Cortex-M cores
  10:Drivers/CMSIS/DSP/Source/SupportFunctions/arm_float_to_q15.c ****  * -------------------------------------------------------------------- */
  11:Drivers/CMSIS/DSP/Source/SupportFunctions/arm_float_to_q15.c **** /*
  12:Drivers/CMSIS/DSP/Source/SupportFunctions/arm_float_to_q15.c ****  * Copyright (C) 2010-2017 ARM Limited or its affiliates. All rights reserved.
  13:Drivers/CMSIS/DSP/Source/SupportFunctions/arm_float_to_q15.c ****  *
  14:Drivers/CMSIS/DSP/Source/SupportFunctions/arm_float_to_q15.c ****  * SPDX-License-Identifier: Apache-2.0
  15:Drivers/CMSIS/DSP/Source/SupportFunctions/arm_float_to_q15.c ****  *
  16:Drivers/CMSIS/DSP/Source/SupportFunctions/arm_float_to_q15.c ****  * Licensed under the Apache License, Version 2.0 (the License); you may
  17:Drivers/CMSIS/DSP/Source/SupportFunctions/arm_float_to_q15.c ****  * not use this file except in compliance with the License.
  18:Drivers/CMSIS/DSP/Source/SupportFunctions/arm_float_to_q15.c ****  * You may obtain a copy of the License at
  19:Drivers/CMSIS/DSP/Source/SupportFunctions/arm_float_to_q15.c ****  *
  20:Drivers/CMSIS/DSP/Source/SupportFunctions/arm_float_to_q15.c ****  * www.apache.org/licenses/LICENSE-2.0
  21:Drivers/CMSIS/DSP/Source/SupportFunctions/arm_float_to_q15.c ****  *
  22:Drivers/CMSIS/DSP/Source/SupportFunctions/arm_float_to_q15.c ****  * Unless required by applicable law or agreed to in writing, software
  23:Drivers/CMSIS/DSP/Source/SupportFunctions/arm_float_to_q15.c ****  * distributed under the License is distributed on an AS IS BASIS, WITHOUT
  24:Drivers/CMSIS/DSP/Source/SupportFunctions/arm_float_to_q15.c ****  * WARRANTIES OR CONDITIONS OF ANY KIND, either express or implied.
  25:Drivers/CMSIS/DSP/Source/SupportFunctions/arm_float_to_q15.c ****  * See the License for the specific language governing permissions and
  26:Drivers/CMSIS/DSP/Source/SupportFunctions/arm_float_to_q15.c ****  * limitations under the License.
  27:Drivers/CMSIS/DSP/Source/SupportFunctions/arm_float_to_q15.c ****  */
  28:Drivers/CMSIS/DSP/Source/SupportFunctions/arm_float_to_q15.c **** 
  29:Drivers/CMSIS/DSP/Source/SupportFunctions/arm_float_to_q15.c **** #include "arm_math.h"
  30:Drivers/CMSIS/DSP/Source/SupportFunctions/arm_float_to_q15.c **** 
ARM GAS  /var/folders/n6/c271nzx11xl4r4_m7sqjlt0m0000gn/T//ccEnY5mi.s 			page 2


  31:Drivers/CMSIS/DSP/Source/SupportFunctions/arm_float_to_q15.c **** /**
  32:Drivers/CMSIS/DSP/Source/SupportFunctions/arm_float_to_q15.c ****  * @ingroup groupSupport
  33:Drivers/CMSIS/DSP/Source/SupportFunctions/arm_float_to_q15.c ****  */
  34:Drivers/CMSIS/DSP/Source/SupportFunctions/arm_float_to_q15.c **** 
  35:Drivers/CMSIS/DSP/Source/SupportFunctions/arm_float_to_q15.c **** /**
  36:Drivers/CMSIS/DSP/Source/SupportFunctions/arm_float_to_q15.c ****  * @addtogroup float_to_x
  37:Drivers/CMSIS/DSP/Source/SupportFunctions/arm_float_to_q15.c ****  * @{
  38:Drivers/CMSIS/DSP/Source/SupportFunctions/arm_float_to_q15.c ****  */
  39:Drivers/CMSIS/DSP/Source/SupportFunctions/arm_float_to_q15.c **** 
  40:Drivers/CMSIS/DSP/Source/SupportFunctions/arm_float_to_q15.c **** /**
  41:Drivers/CMSIS/DSP/Source/SupportFunctions/arm_float_to_q15.c ****  * @brief Converts the elements of the floating-point vector to Q15 vector.
  42:Drivers/CMSIS/DSP/Source/SupportFunctions/arm_float_to_q15.c ****  * @param[in]       *pSrc points to the floating-point input vector
  43:Drivers/CMSIS/DSP/Source/SupportFunctions/arm_float_to_q15.c ****  * @param[out]      *pDst points to the Q15 output vector
  44:Drivers/CMSIS/DSP/Source/SupportFunctions/arm_float_to_q15.c ****  * @param[in]       blockSize length of the input vector
  45:Drivers/CMSIS/DSP/Source/SupportFunctions/arm_float_to_q15.c ****  * @return none.
  46:Drivers/CMSIS/DSP/Source/SupportFunctions/arm_float_to_q15.c ****  *
  47:Drivers/CMSIS/DSP/Source/SupportFunctions/arm_float_to_q15.c ****  * \par Description:
  48:Drivers/CMSIS/DSP/Source/SupportFunctions/arm_float_to_q15.c ****  * \par
  49:Drivers/CMSIS/DSP/Source/SupportFunctions/arm_float_to_q15.c ****  * The equation used for the conversion process is:
  50:Drivers/CMSIS/DSP/Source/SupportFunctions/arm_float_to_q15.c ****  * <pre>
  51:Drivers/CMSIS/DSP/Source/SupportFunctions/arm_float_to_q15.c ****  * 	pDst[n] = (q15_t)(pSrc[n] * 32768);   0 <= n < blockSize.
  52:Drivers/CMSIS/DSP/Source/SupportFunctions/arm_float_to_q15.c ****  * </pre>
  53:Drivers/CMSIS/DSP/Source/SupportFunctions/arm_float_to_q15.c ****  * \par Scaling and Overflow Behavior:
  54:Drivers/CMSIS/DSP/Source/SupportFunctions/arm_float_to_q15.c ****  * \par
  55:Drivers/CMSIS/DSP/Source/SupportFunctions/arm_float_to_q15.c ****  * The function uses saturating arithmetic.
  56:Drivers/CMSIS/DSP/Source/SupportFunctions/arm_float_to_q15.c ****  * Results outside of the allowable Q15 range [0x8000 0x7FFF] will be saturated.
  57:Drivers/CMSIS/DSP/Source/SupportFunctions/arm_float_to_q15.c ****  * \note
  58:Drivers/CMSIS/DSP/Source/SupportFunctions/arm_float_to_q15.c ****  * In order to apply rounding, the library should be rebuilt with the ROUNDING macro
  59:Drivers/CMSIS/DSP/Source/SupportFunctions/arm_float_to_q15.c ****  * defined in the preprocessor section of project options.
  60:Drivers/CMSIS/DSP/Source/SupportFunctions/arm_float_to_q15.c ****  *
  61:Drivers/CMSIS/DSP/Source/SupportFunctions/arm_float_to_q15.c ****  */
  62:Drivers/CMSIS/DSP/Source/SupportFunctions/arm_float_to_q15.c **** 
  63:Drivers/CMSIS/DSP/Source/SupportFunctions/arm_float_to_q15.c **** 
  64:Drivers/CMSIS/DSP/Source/SupportFunctions/arm_float_to_q15.c **** void arm_float_to_q15(
  65:Drivers/CMSIS/DSP/Source/SupportFunctions/arm_float_to_q15.c ****   float32_t * pSrc,
  66:Drivers/CMSIS/DSP/Source/SupportFunctions/arm_float_to_q15.c ****   q15_t * pDst,
  67:Drivers/CMSIS/DSP/Source/SupportFunctions/arm_float_to_q15.c ****   uint32_t blockSize)
  68:Drivers/CMSIS/DSP/Source/SupportFunctions/arm_float_to_q15.c **** {
  29              		.loc 1 68 1 view -0
  30              		.cfi_startproc
  31              		@ args = 0, pretend = 0, frame = 0
  32              		@ frame_needed = 0, uses_anonymous_args = 0
  33              		@ link register save eliminated.
  34              		.loc 1 68 1 is_stmt 0 view .LVU1
  35 0000 10B4     		push	{r4}
  36              		.cfi_def_cfa_offset 4
  37              		.cfi_offset 4, -4
  69:Drivers/CMSIS/DSP/Source/SupportFunctions/arm_float_to_q15.c ****   float32_t *pIn = pSrc;                         /* Src pointer */
  38              		.loc 1 69 3 is_stmt 1 view .LVU2
  39              	.LVL1:
  70:Drivers/CMSIS/DSP/Source/SupportFunctions/arm_float_to_q15.c ****   uint32_t blkCnt;                               /* loop counter */
  40              		.loc 1 70 3 view .LVU3
  71:Drivers/CMSIS/DSP/Source/SupportFunctions/arm_float_to_q15.c **** 
  72:Drivers/CMSIS/DSP/Source/SupportFunctions/arm_float_to_q15.c **** #ifdef ARM_MATH_ROUNDING
  73:Drivers/CMSIS/DSP/Source/SupportFunctions/arm_float_to_q15.c **** 
  74:Drivers/CMSIS/DSP/Source/SupportFunctions/arm_float_to_q15.c ****   float32_t in;
  75:Drivers/CMSIS/DSP/Source/SupportFunctions/arm_float_to_q15.c **** 
ARM GAS  /var/folders/n6/c271nzx11xl4r4_m7sqjlt0m0000gn/T//ccEnY5mi.s 			page 3


  76:Drivers/CMSIS/DSP/Source/SupportFunctions/arm_float_to_q15.c **** #endif /*      #ifdef ARM_MATH_ROUNDING        */
  77:Drivers/CMSIS/DSP/Source/SupportFunctions/arm_float_to_q15.c **** 
  78:Drivers/CMSIS/DSP/Source/SupportFunctions/arm_float_to_q15.c **** #if defined (ARM_MATH_DSP)
  79:Drivers/CMSIS/DSP/Source/SupportFunctions/arm_float_to_q15.c **** 
  80:Drivers/CMSIS/DSP/Source/SupportFunctions/arm_float_to_q15.c ****   /* Run the below code for Cortex-M4 and Cortex-M3 */
  81:Drivers/CMSIS/DSP/Source/SupportFunctions/arm_float_to_q15.c **** 
  82:Drivers/CMSIS/DSP/Source/SupportFunctions/arm_float_to_q15.c ****   /*loop Unrolling */
  83:Drivers/CMSIS/DSP/Source/SupportFunctions/arm_float_to_q15.c ****   blkCnt = blockSize >> 2U;
  41              		.loc 1 83 3 view .LVU4
  42              		.loc 1 83 10 is_stmt 0 view .LVU5
  43 0002 9408     		lsrs	r4, r2, #2
  44              	.LVL2:
  84:Drivers/CMSIS/DSP/Source/SupportFunctions/arm_float_to_q15.c **** 
  85:Drivers/CMSIS/DSP/Source/SupportFunctions/arm_float_to_q15.c ****   /* First part of the processing with loop unrolling.  Compute 4 outputs at a time.
  86:Drivers/CMSIS/DSP/Source/SupportFunctions/arm_float_to_q15.c ****    ** a second loop below computes the remaining 1 to 3 samples. */
  87:Drivers/CMSIS/DSP/Source/SupportFunctions/arm_float_to_q15.c ****   while (blkCnt > 0U)
  45              		.loc 1 87 3 is_stmt 1 view .LVU6
  46              		.loc 1 87 9 is_stmt 0 view .LVU7
  47 0004 26E0     		b	.L2
  48              	.LVL3:
  49              	.L3:
  88:Drivers/CMSIS/DSP/Source/SupportFunctions/arm_float_to_q15.c ****   {
  89:Drivers/CMSIS/DSP/Source/SupportFunctions/arm_float_to_q15.c **** 
  90:Drivers/CMSIS/DSP/Source/SupportFunctions/arm_float_to_q15.c **** #ifdef ARM_MATH_ROUNDING
  91:Drivers/CMSIS/DSP/Source/SupportFunctions/arm_float_to_q15.c ****     /* C = A * 32768 */
  92:Drivers/CMSIS/DSP/Source/SupportFunctions/arm_float_to_q15.c ****     /* convert from float to q15 and then store the results in the destination buffer */
  93:Drivers/CMSIS/DSP/Source/SupportFunctions/arm_float_to_q15.c ****     in = *pIn++;
  94:Drivers/CMSIS/DSP/Source/SupportFunctions/arm_float_to_q15.c ****     in = (in * 32768.0f);
  95:Drivers/CMSIS/DSP/Source/SupportFunctions/arm_float_to_q15.c ****     in += in > 0.0f ? 0.5f : -0.5f;
  96:Drivers/CMSIS/DSP/Source/SupportFunctions/arm_float_to_q15.c ****     *pDst++ = (q15_t) (__SSAT((q31_t) (in), 16));
  97:Drivers/CMSIS/DSP/Source/SupportFunctions/arm_float_to_q15.c **** 
  98:Drivers/CMSIS/DSP/Source/SupportFunctions/arm_float_to_q15.c ****     in = *pIn++;
  99:Drivers/CMSIS/DSP/Source/SupportFunctions/arm_float_to_q15.c ****     in = (in * 32768.0f);
 100:Drivers/CMSIS/DSP/Source/SupportFunctions/arm_float_to_q15.c ****     in += in > 0.0f ? 0.5f : -0.5f;
 101:Drivers/CMSIS/DSP/Source/SupportFunctions/arm_float_to_q15.c ****     *pDst++ = (q15_t) (__SSAT((q31_t) (in), 16));
 102:Drivers/CMSIS/DSP/Source/SupportFunctions/arm_float_to_q15.c **** 
 103:Drivers/CMSIS/DSP/Source/SupportFunctions/arm_float_to_q15.c ****     in = *pIn++;
 104:Drivers/CMSIS/DSP/Source/SupportFunctions/arm_float_to_q15.c ****     in = (in * 32768.0f);
 105:Drivers/CMSIS/DSP/Source/SupportFunctions/arm_float_to_q15.c ****     in += in > 0.0f ? 0.5f : -0.5f;
 106:Drivers/CMSIS/DSP/Source/SupportFunctions/arm_float_to_q15.c ****     *pDst++ = (q15_t) (__SSAT((q31_t) (in), 16));
 107:Drivers/CMSIS/DSP/Source/SupportFunctions/arm_float_to_q15.c **** 
 108:Drivers/CMSIS/DSP/Source/SupportFunctions/arm_float_to_q15.c ****     in = *pIn++;
 109:Drivers/CMSIS/DSP/Source/SupportFunctions/arm_float_to_q15.c ****     in = (in * 32768.0f);
 110:Drivers/CMSIS/DSP/Source/SupportFunctions/arm_float_to_q15.c ****     in += in > 0.0f ? 0.5f : -0.5f;
 111:Drivers/CMSIS/DSP/Source/SupportFunctions/arm_float_to_q15.c ****     *pDst++ = (q15_t) (__SSAT((q31_t) (in), 16));
 112:Drivers/CMSIS/DSP/Source/SupportFunctions/arm_float_to_q15.c **** 
 113:Drivers/CMSIS/DSP/Source/SupportFunctions/arm_float_to_q15.c **** #else
 114:Drivers/CMSIS/DSP/Source/SupportFunctions/arm_float_to_q15.c **** 
 115:Drivers/CMSIS/DSP/Source/SupportFunctions/arm_float_to_q15.c ****     /* C = A * 32768 */
 116:Drivers/CMSIS/DSP/Source/SupportFunctions/arm_float_to_q15.c ****     /* convert from float to q15 and then store the results in the destination buffer */
 117:Drivers/CMSIS/DSP/Source/SupportFunctions/arm_float_to_q15.c ****     *pDst++ = (q15_t) __SSAT((q31_t) (*pIn++ * 32768.0f), 16);
  50              		.loc 1 117 5 is_stmt 1 view .LVU8
  51              	.LBB2:
  52              		.loc 1 117 23 view .LVU9
  53              		.loc 1 117 23 is_stmt 0 view .LVU10
  54 0006 D0ED007A 		vldr.32	s15, [r0]
  55 000a FEEEE87A 		vcvt.s32.f32	s15, s15, #15
ARM GAS  /var/folders/n6/c271nzx11xl4r4_m7sqjlt0m0000gn/T//ccEnY5mi.s 			page 4


  56              	.LVL4:
  57              		.loc 1 117 23 is_stmt 1 view .LVU11
  58 000e 17EE903A 		vmov	r3, s15	@ int
  59              		.syntax unified
  60              	@ 117 "Drivers/CMSIS/DSP/Source/SupportFunctions/arm_float_to_q15.c" 1
  61 0012 03F30F03 		ssat r3, #16, r3
  62              	@ 0 "" 2
  63              	.LVL5:
  64              		.loc 1 117 23 view .LVU12
  65              		.loc 1 117 23 is_stmt 0 view .LVU13
  66              		.thumb
  67              		.syntax unified
  68              	.LBE2:
  69              		.loc 1 117 13 view .LVU14
  70 0016 0B80     		strh	r3, [r1]	@ movhi
 118:Drivers/CMSIS/DSP/Source/SupportFunctions/arm_float_to_q15.c ****     *pDst++ = (q15_t) __SSAT((q31_t) (*pIn++ * 32768.0f), 16);
  71              		.loc 1 118 5 is_stmt 1 view .LVU15
  72              	.LBB3:
  73              		.loc 1 118 23 view .LVU16
  74              	.LVL6:
  75              		.loc 1 118 23 is_stmt 0 view .LVU17
  76 0018 D0ED017A 		vldr.32	s15, [r0, #4]
  77              	.LVL7:
  78              		.loc 1 118 23 view .LVU18
  79 001c FEEEE87A 		vcvt.s32.f32	s15, s15, #15
  80              	.LVL8:
  81              		.loc 1 118 23 is_stmt 1 view .LVU19
  82 0020 17EE903A 		vmov	r3, s15	@ int
  83              	.LVL9:
  84              		.loc 1 118 23 is_stmt 0 view .LVU20
  85              		.syntax unified
  86              	@ 118 "Drivers/CMSIS/DSP/Source/SupportFunctions/arm_float_to_q15.c" 1
  87 0024 03F30F03 		ssat r3, #16, r3
  88              	@ 0 "" 2
  89              	.LVL10:
  90              		.loc 1 118 23 is_stmt 1 view .LVU21
  91              		.loc 1 118 23 is_stmt 0 view .LVU22
  92              		.thumb
  93              		.syntax unified
  94              	.LBE3:
  95              		.loc 1 118 13 view .LVU23
  96 0028 4B80     		strh	r3, [r1, #2]	@ movhi
 119:Drivers/CMSIS/DSP/Source/SupportFunctions/arm_float_to_q15.c ****     *pDst++ = (q15_t) __SSAT((q31_t) (*pIn++ * 32768.0f), 16);
  97              		.loc 1 119 5 is_stmt 1 view .LVU24
  98              	.LBB4:
  99              		.loc 1 119 23 view .LVU25
 100              	.LVL11:
 101              		.loc 1 119 23 is_stmt 0 view .LVU26
 102 002a D0ED027A 		vldr.32	s15, [r0, #8]
 103              	.LVL12:
 104              		.loc 1 119 23 view .LVU27
 105 002e FEEEE87A 		vcvt.s32.f32	s15, s15, #15
 106              	.LVL13:
 107              		.loc 1 119 23 is_stmt 1 view .LVU28
 108 0032 17EE903A 		vmov	r3, s15	@ int
 109              	.LVL14:
 110              		.loc 1 119 23 is_stmt 0 view .LVU29
ARM GAS  /var/folders/n6/c271nzx11xl4r4_m7sqjlt0m0000gn/T//ccEnY5mi.s 			page 5


 111              		.syntax unified
 112              	@ 119 "Drivers/CMSIS/DSP/Source/SupportFunctions/arm_float_to_q15.c" 1
 113 0036 03F30F03 		ssat r3, #16, r3
 114              	@ 0 "" 2
 115              	.LVL15:
 116              		.loc 1 119 23 is_stmt 1 view .LVU30
 117              		.loc 1 119 23 is_stmt 0 view .LVU31
 118              		.thumb
 119              		.syntax unified
 120              	.LBE4:
 121              		.loc 1 119 13 view .LVU32
 122 003a 8B80     		strh	r3, [r1, #4]	@ movhi
 120:Drivers/CMSIS/DSP/Source/SupportFunctions/arm_float_to_q15.c ****     *pDst++ = (q15_t) __SSAT((q31_t) (*pIn++ * 32768.0f), 16);
 123              		.loc 1 120 5 is_stmt 1 view .LVU33
 124              	.LBB5:
 125              		.loc 1 120 23 view .LVU34
 126              	.LVL16:
 127              		.loc 1 120 23 is_stmt 0 view .LVU35
 128 003c D0ED037A 		vldr.32	s15, [r0, #12]
 129              	.LVL17:
 130              		.loc 1 120 23 view .LVU36
 131 0040 FEEEE87A 		vcvt.s32.f32	s15, s15, #15
 132              	.LVL18:
 133              		.loc 1 120 23 is_stmt 1 view .LVU37
 134 0044 17EE903A 		vmov	r3, s15	@ int
 135              	.LVL19:
 136              		.loc 1 120 23 is_stmt 0 view .LVU38
 137              		.syntax unified
 138              	@ 120 "Drivers/CMSIS/DSP/Source/SupportFunctions/arm_float_to_q15.c" 1
 139 0048 03F30F03 		ssat r3, #16, r3
 140              	@ 0 "" 2
 141              	.LVL20:
 142              		.loc 1 120 23 is_stmt 1 view .LVU39
 143              		.loc 1 120 23 is_stmt 0 view .LVU40
 144              		.thumb
 145              		.syntax unified
 146              	.LBE5:
 147              		.loc 1 120 13 view .LVU41
 148 004c CB80     		strh	r3, [r1, #6]	@ movhi
 121:Drivers/CMSIS/DSP/Source/SupportFunctions/arm_float_to_q15.c **** 
 122:Drivers/CMSIS/DSP/Source/SupportFunctions/arm_float_to_q15.c **** #endif /*      #ifdef ARM_MATH_ROUNDING        */
 123:Drivers/CMSIS/DSP/Source/SupportFunctions/arm_float_to_q15.c **** 
 124:Drivers/CMSIS/DSP/Source/SupportFunctions/arm_float_to_q15.c ****     /* Decrement the loop counter */
 125:Drivers/CMSIS/DSP/Source/SupportFunctions/arm_float_to_q15.c ****     blkCnt--;
 149              		.loc 1 125 5 is_stmt 1 view .LVU42
 150              		.loc 1 125 11 is_stmt 0 view .LVU43
 151 004e 013C     		subs	r4, r4, #1
 152              	.LVL21:
 153              	.LBB6:
 120:Drivers/CMSIS/DSP/Source/SupportFunctions/arm_float_to_q15.c ****     *pDst++ = (q15_t) __SSAT((q31_t) (*pIn++ * 32768.0f), 16);
 154              		.loc 1 120 23 view .LVU44
 155 0050 1030     		adds	r0, r0, #16
 156              	.LVL22:
 120:Drivers/CMSIS/DSP/Source/SupportFunctions/arm_float_to_q15.c ****     *pDst++ = (q15_t) __SSAT((q31_t) (*pIn++ * 32768.0f), 16);
 157              		.loc 1 120 23 view .LVU45
 158              	.LBE6:
 120:Drivers/CMSIS/DSP/Source/SupportFunctions/arm_float_to_q15.c ****     *pDst++ = (q15_t) __SSAT((q31_t) (*pIn++ * 32768.0f), 16);
ARM GAS  /var/folders/n6/c271nzx11xl4r4_m7sqjlt0m0000gn/T//ccEnY5mi.s 			page 6


 159              		.loc 1 120 10 view .LVU46
 160 0052 0831     		adds	r1, r1, #8
 161              	.LVL23:
 162              	.L2:
  87:Drivers/CMSIS/DSP/Source/SupportFunctions/arm_float_to_q15.c ****   {
 163              		.loc 1 87 17 is_stmt 1 view .LVU47
 164 0054 002C     		cmp	r4, #0
 165 0056 D6D1     		bne	.L3
 126:Drivers/CMSIS/DSP/Source/SupportFunctions/arm_float_to_q15.c ****   }
 127:Drivers/CMSIS/DSP/Source/SupportFunctions/arm_float_to_q15.c **** 
 128:Drivers/CMSIS/DSP/Source/SupportFunctions/arm_float_to_q15.c ****   /* If the blockSize is not a multiple of 4, compute any remaining output samples here.
 129:Drivers/CMSIS/DSP/Source/SupportFunctions/arm_float_to_q15.c ****    ** No loop unrolling is used. */
 130:Drivers/CMSIS/DSP/Source/SupportFunctions/arm_float_to_q15.c ****   blkCnt = blockSize % 0x4U;
 166              		.loc 1 130 3 view .LVU48
 167              		.loc 1 130 10 is_stmt 0 view .LVU49
 168 0058 02F00302 		and	r2, r2, #3
 169              	.LVL24:
 131:Drivers/CMSIS/DSP/Source/SupportFunctions/arm_float_to_q15.c **** 
 132:Drivers/CMSIS/DSP/Source/SupportFunctions/arm_float_to_q15.c ****   while (blkCnt > 0U)
 170              		.loc 1 132 3 is_stmt 1 view .LVU50
 171              		.loc 1 132 9 is_stmt 0 view .LVU51
 172 005c 0AE0     		b	.L4
 173              	.L5:
 133:Drivers/CMSIS/DSP/Source/SupportFunctions/arm_float_to_q15.c ****   {
 134:Drivers/CMSIS/DSP/Source/SupportFunctions/arm_float_to_q15.c **** 
 135:Drivers/CMSIS/DSP/Source/SupportFunctions/arm_float_to_q15.c **** #ifdef ARM_MATH_ROUNDING
 136:Drivers/CMSIS/DSP/Source/SupportFunctions/arm_float_to_q15.c ****     /* C = A * 32768 */
 137:Drivers/CMSIS/DSP/Source/SupportFunctions/arm_float_to_q15.c ****     /* convert from float to q15 and then store the results in the destination buffer */
 138:Drivers/CMSIS/DSP/Source/SupportFunctions/arm_float_to_q15.c ****     in = *pIn++;
 139:Drivers/CMSIS/DSP/Source/SupportFunctions/arm_float_to_q15.c ****     in = (in * 32768.0f);
 140:Drivers/CMSIS/DSP/Source/SupportFunctions/arm_float_to_q15.c ****     in += in > 0.0f ? 0.5f : -0.5f;
 141:Drivers/CMSIS/DSP/Source/SupportFunctions/arm_float_to_q15.c ****     *pDst++ = (q15_t) (__SSAT((q31_t) (in), 16));
 142:Drivers/CMSIS/DSP/Source/SupportFunctions/arm_float_to_q15.c **** 
 143:Drivers/CMSIS/DSP/Source/SupportFunctions/arm_float_to_q15.c **** #else
 144:Drivers/CMSIS/DSP/Source/SupportFunctions/arm_float_to_q15.c **** 
 145:Drivers/CMSIS/DSP/Source/SupportFunctions/arm_float_to_q15.c ****     /* C = A * 32768 */
 146:Drivers/CMSIS/DSP/Source/SupportFunctions/arm_float_to_q15.c ****     /* convert from float to q15 and then store the results in the destination buffer */
 147:Drivers/CMSIS/DSP/Source/SupportFunctions/arm_float_to_q15.c ****     *pDst++ = (q15_t) __SSAT((q31_t) (*pIn++ * 32768.0f), 16);
 174              		.loc 1 147 5 is_stmt 1 view .LVU52
 175              	.LBB7:
 176              		.loc 1 147 23 view .LVU53
 177              	.LVL25:
 178              		.loc 1 147 23 is_stmt 0 view .LVU54
 179 005e F0EC017A 		vldmia.32	r0!, {s15}
 180              	.LVL26:
 181              		.loc 1 147 23 view .LVU55
 182 0062 FEEEE87A 		vcvt.s32.f32	s15, s15, #15
 183              	.LVL27:
 184              		.loc 1 147 23 is_stmt 1 view .LVU56
 185 0066 17EE903A 		vmov	r3, s15	@ int
 186              		.syntax unified
 187              	@ 147 "Drivers/CMSIS/DSP/Source/SupportFunctions/arm_float_to_q15.c" 1
 188 006a 03F30F03 		ssat r3, #16, r3
 189              	@ 0 "" 2
 190              	.LVL28:
 191              		.loc 1 147 23 view .LVU57
 192              		.loc 1 147 23 is_stmt 0 view .LVU58
ARM GAS  /var/folders/n6/c271nzx11xl4r4_m7sqjlt0m0000gn/T//ccEnY5mi.s 			page 7


 193              		.thumb
 194              		.syntax unified
 195              	.LBE7:
 196              		.loc 1 147 13 view .LVU59
 197 006e 21F8023B 		strh	r3, [r1], #2	@ movhi
 198              	.LVL29:
 148:Drivers/CMSIS/DSP/Source/SupportFunctions/arm_float_to_q15.c **** 
 149:Drivers/CMSIS/DSP/Source/SupportFunctions/arm_float_to_q15.c **** #endif /*      #ifdef ARM_MATH_ROUNDING        */
 150:Drivers/CMSIS/DSP/Source/SupportFunctions/arm_float_to_q15.c **** 
 151:Drivers/CMSIS/DSP/Source/SupportFunctions/arm_float_to_q15.c ****     /* Decrement the loop counter */
 152:Drivers/CMSIS/DSP/Source/SupportFunctions/arm_float_to_q15.c ****     blkCnt--;
 199              		.loc 1 152 5 is_stmt 1 view .LVU60
 200              		.loc 1 152 11 is_stmt 0 view .LVU61
 201 0072 013A     		subs	r2, r2, #1
 202              	.LVL30:
 203              	.L4:
 132:Drivers/CMSIS/DSP/Source/SupportFunctions/arm_float_to_q15.c ****   {
 204              		.loc 1 132 17 is_stmt 1 view .LVU62
 205 0074 002A     		cmp	r2, #0
 206 0076 F2D1     		bne	.L5
 153:Drivers/CMSIS/DSP/Source/SupportFunctions/arm_float_to_q15.c ****   }
 154:Drivers/CMSIS/DSP/Source/SupportFunctions/arm_float_to_q15.c **** 
 155:Drivers/CMSIS/DSP/Source/SupportFunctions/arm_float_to_q15.c **** 
 156:Drivers/CMSIS/DSP/Source/SupportFunctions/arm_float_to_q15.c **** #else
 157:Drivers/CMSIS/DSP/Source/SupportFunctions/arm_float_to_q15.c **** 
 158:Drivers/CMSIS/DSP/Source/SupportFunctions/arm_float_to_q15.c ****   /* Run the below code for Cortex-M0 */
 159:Drivers/CMSIS/DSP/Source/SupportFunctions/arm_float_to_q15.c **** 
 160:Drivers/CMSIS/DSP/Source/SupportFunctions/arm_float_to_q15.c ****   /* Loop over blockSize number of values */
 161:Drivers/CMSIS/DSP/Source/SupportFunctions/arm_float_to_q15.c ****   blkCnt = blockSize;
 162:Drivers/CMSIS/DSP/Source/SupportFunctions/arm_float_to_q15.c **** 
 163:Drivers/CMSIS/DSP/Source/SupportFunctions/arm_float_to_q15.c ****   while (blkCnt > 0U)
 164:Drivers/CMSIS/DSP/Source/SupportFunctions/arm_float_to_q15.c ****   {
 165:Drivers/CMSIS/DSP/Source/SupportFunctions/arm_float_to_q15.c **** 
 166:Drivers/CMSIS/DSP/Source/SupportFunctions/arm_float_to_q15.c **** #ifdef ARM_MATH_ROUNDING
 167:Drivers/CMSIS/DSP/Source/SupportFunctions/arm_float_to_q15.c ****     /* C = A * 32768 */
 168:Drivers/CMSIS/DSP/Source/SupportFunctions/arm_float_to_q15.c ****     /* convert from float to q15 and then store the results in the destination buffer */
 169:Drivers/CMSIS/DSP/Source/SupportFunctions/arm_float_to_q15.c ****     in = *pIn++;
 170:Drivers/CMSIS/DSP/Source/SupportFunctions/arm_float_to_q15.c ****     in = (in * 32768.0f);
 171:Drivers/CMSIS/DSP/Source/SupportFunctions/arm_float_to_q15.c ****     in += in > 0 ? 0.5f : -0.5f;
 172:Drivers/CMSIS/DSP/Source/SupportFunctions/arm_float_to_q15.c ****     *pDst++ = (q15_t) (__SSAT((q31_t) (in), 16));
 173:Drivers/CMSIS/DSP/Source/SupportFunctions/arm_float_to_q15.c **** 
 174:Drivers/CMSIS/DSP/Source/SupportFunctions/arm_float_to_q15.c **** #else
 175:Drivers/CMSIS/DSP/Source/SupportFunctions/arm_float_to_q15.c **** 
 176:Drivers/CMSIS/DSP/Source/SupportFunctions/arm_float_to_q15.c ****     /* C = A * 32768 */
 177:Drivers/CMSIS/DSP/Source/SupportFunctions/arm_float_to_q15.c ****     /* convert from float to q15 and then store the results in the destination buffer */
 178:Drivers/CMSIS/DSP/Source/SupportFunctions/arm_float_to_q15.c ****     *pDst++ = (q15_t) __SSAT((q31_t) (*pIn++ * 32768.0f), 16);
 179:Drivers/CMSIS/DSP/Source/SupportFunctions/arm_float_to_q15.c **** 
 180:Drivers/CMSIS/DSP/Source/SupportFunctions/arm_float_to_q15.c **** #endif /*      #ifdef ARM_MATH_ROUNDING        */
 181:Drivers/CMSIS/DSP/Source/SupportFunctions/arm_float_to_q15.c **** 
 182:Drivers/CMSIS/DSP/Source/SupportFunctions/arm_float_to_q15.c ****     /* Decrement the loop counter */
 183:Drivers/CMSIS/DSP/Source/SupportFunctions/arm_float_to_q15.c ****     blkCnt--;
 184:Drivers/CMSIS/DSP/Source/SupportFunctions/arm_float_to_q15.c ****   }
 185:Drivers/CMSIS/DSP/Source/SupportFunctions/arm_float_to_q15.c **** 
 186:Drivers/CMSIS/DSP/Source/SupportFunctions/arm_float_to_q15.c **** #endif /* #if defined (ARM_MATH_DSP) */
 187:Drivers/CMSIS/DSP/Source/SupportFunctions/arm_float_to_q15.c **** 
 188:Drivers/CMSIS/DSP/Source/SupportFunctions/arm_float_to_q15.c **** }
 207              		.loc 1 188 1 is_stmt 0 view .LVU63
ARM GAS  /var/folders/n6/c271nzx11xl4r4_m7sqjlt0m0000gn/T//ccEnY5mi.s 			page 8


 208 0078 5DF8044B 		ldr	r4, [sp], #4
 209              		.cfi_restore 4
 210              		.cfi_def_cfa_offset 0
 211 007c 7047     		bx	lr
 212              		.cfi_endproc
 213              	.LFE135:
 215              		.text
 216              	.Letext0:
 217              		.file 2 "/Users/killian/Library/Application Support/Code/User/globalStorage/bmd.stm32-for-vscode/@
 218              		.file 3 "/Users/killian/Library/Application Support/Code/User/globalStorage/bmd.stm32-for-vscode/@
 219              		.file 4 "Drivers/CMSIS/DSP/Include/arm_math.h"
ARM GAS  /var/folders/n6/c271nzx11xl4r4_m7sqjlt0m0000gn/T//ccEnY5mi.s 			page 9


DEFINED SYMBOLS
                            *ABS*:00000000 arm_float_to_q15.c
/var/folders/n6/c271nzx11xl4r4_m7sqjlt0m0000gn/T//ccEnY5mi.s:20     .text.arm_float_to_q15:00000000 $t
/var/folders/n6/c271nzx11xl4r4_m7sqjlt0m0000gn/T//ccEnY5mi.s:26     .text.arm_float_to_q15:00000000 arm_float_to_q15

NO UNDEFINED SYMBOLS
