ARM GAS  /var/folders/n6/c271nzx11xl4r4_m7sqjlt0m0000gn/T//ccYoq2SJ.s 			page 1


   1              		.cpu cortex-m7
   2              		.arch armv7e-m
   3              		.fpu fpv5-d16
   4              		.eabi_attribute 28, 1
   5              		.eabi_attribute 20, 1
   6              		.eabi_attribute 21, 1
   7              		.eabi_attribute 23, 3
   8              		.eabi_attribute 24, 1
   9              		.eabi_attribute 25, 1
  10              		.eabi_attribute 26, 1
  11              		.eabi_attribute 30, 1
  12              		.eabi_attribute 34, 1
  13              		.eabi_attribute 18, 4
  14              		.file	"arm_cos_f32.c"
  15              		.text
  16              	.Ltext0:
  17              		.cfi_sections	.debug_frame
  18              		.file 1 "Drivers/CMSIS/DSP/Source/FastMathFunctions/arm_cos_f32.c"
  19              		.section	.text.arm_cos_f32,"ax",%progbits
  20              		.align	1
  21              		.global	arm_cos_f32
  22              		.syntax unified
  23              		.thumb
  24              		.thumb_func
  26              	arm_cos_f32:
  27              	.LVL0:
  28              	.LFB135:
   1:Drivers/CMSIS/DSP/Source/FastMathFunctions/arm_cos_f32.c **** /* ----------------------------------------------------------------------
   2:Drivers/CMSIS/DSP/Source/FastMathFunctions/arm_cos_f32.c ****  * Project:      CMSIS DSP Library
   3:Drivers/CMSIS/DSP/Source/FastMathFunctions/arm_cos_f32.c ****  * Title:        arm_cos_f32.c
   4:Drivers/CMSIS/DSP/Source/FastMathFunctions/arm_cos_f32.c ****  * Description:  Fast cosine calculation for floating-point values
   5:Drivers/CMSIS/DSP/Source/FastMathFunctions/arm_cos_f32.c ****  *
   6:Drivers/CMSIS/DSP/Source/FastMathFunctions/arm_cos_f32.c ****  * $Date:        27. January 2017
   7:Drivers/CMSIS/DSP/Source/FastMathFunctions/arm_cos_f32.c ****  * $Revision:    V.1.5.1
   8:Drivers/CMSIS/DSP/Source/FastMathFunctions/arm_cos_f32.c ****  *
   9:Drivers/CMSIS/DSP/Source/FastMathFunctions/arm_cos_f32.c ****  * Target Processor: Cortex-M cores
  10:Drivers/CMSIS/DSP/Source/FastMathFunctions/arm_cos_f32.c ****  * -------------------------------------------------------------------- */
  11:Drivers/CMSIS/DSP/Source/FastMathFunctions/arm_cos_f32.c **** /*
  12:Drivers/CMSIS/DSP/Source/FastMathFunctions/arm_cos_f32.c ****  * Copyright (C) 2010-2017 ARM Limited or its affiliates. All rights reserved.
  13:Drivers/CMSIS/DSP/Source/FastMathFunctions/arm_cos_f32.c ****  *
  14:Drivers/CMSIS/DSP/Source/FastMathFunctions/arm_cos_f32.c ****  * SPDX-License-Identifier: Apache-2.0
  15:Drivers/CMSIS/DSP/Source/FastMathFunctions/arm_cos_f32.c ****  *
  16:Drivers/CMSIS/DSP/Source/FastMathFunctions/arm_cos_f32.c ****  * Licensed under the Apache License, Version 2.0 (the License); you may
  17:Drivers/CMSIS/DSP/Source/FastMathFunctions/arm_cos_f32.c ****  * not use this file except in compliance with the License.
  18:Drivers/CMSIS/DSP/Source/FastMathFunctions/arm_cos_f32.c ****  * You may obtain a copy of the License at
  19:Drivers/CMSIS/DSP/Source/FastMathFunctions/arm_cos_f32.c ****  *
  20:Drivers/CMSIS/DSP/Source/FastMathFunctions/arm_cos_f32.c ****  * www.apache.org/licenses/LICENSE-2.0
  21:Drivers/CMSIS/DSP/Source/FastMathFunctions/arm_cos_f32.c ****  *
  22:Drivers/CMSIS/DSP/Source/FastMathFunctions/arm_cos_f32.c ****  * Unless required by applicable law or agreed to in writing, software
  23:Drivers/CMSIS/DSP/Source/FastMathFunctions/arm_cos_f32.c ****  * distributed under the License is distributed on an AS IS BASIS, WITHOUT
  24:Drivers/CMSIS/DSP/Source/FastMathFunctions/arm_cos_f32.c ****  * WARRANTIES OR CONDITIONS OF ANY KIND, either express or implied.
  25:Drivers/CMSIS/DSP/Source/FastMathFunctions/arm_cos_f32.c ****  * See the License for the specific language governing permissions and
  26:Drivers/CMSIS/DSP/Source/FastMathFunctions/arm_cos_f32.c ****  * limitations under the License.
  27:Drivers/CMSIS/DSP/Source/FastMathFunctions/arm_cos_f32.c ****  */
  28:Drivers/CMSIS/DSP/Source/FastMathFunctions/arm_cos_f32.c **** 
  29:Drivers/CMSIS/DSP/Source/FastMathFunctions/arm_cos_f32.c **** #include "arm_math.h"
  30:Drivers/CMSIS/DSP/Source/FastMathFunctions/arm_cos_f32.c **** #include "arm_common_tables.h"
ARM GAS  /var/folders/n6/c271nzx11xl4r4_m7sqjlt0m0000gn/T//ccYoq2SJ.s 			page 2


  31:Drivers/CMSIS/DSP/Source/FastMathFunctions/arm_cos_f32.c **** /**
  32:Drivers/CMSIS/DSP/Source/FastMathFunctions/arm_cos_f32.c ****  * @ingroup groupFastMath
  33:Drivers/CMSIS/DSP/Source/FastMathFunctions/arm_cos_f32.c ****  */
  34:Drivers/CMSIS/DSP/Source/FastMathFunctions/arm_cos_f32.c **** 
  35:Drivers/CMSIS/DSP/Source/FastMathFunctions/arm_cos_f32.c **** /**
  36:Drivers/CMSIS/DSP/Source/FastMathFunctions/arm_cos_f32.c ****  * @defgroup cos Cosine
  37:Drivers/CMSIS/DSP/Source/FastMathFunctions/arm_cos_f32.c ****  *
  38:Drivers/CMSIS/DSP/Source/FastMathFunctions/arm_cos_f32.c ****  * Computes the trigonometric cosine function using a combination of table lookup
  39:Drivers/CMSIS/DSP/Source/FastMathFunctions/arm_cos_f32.c ****  * and linear interpolation.  There are separate functions for
  40:Drivers/CMSIS/DSP/Source/FastMathFunctions/arm_cos_f32.c ****  * Q15, Q31, and floating-point data types.
  41:Drivers/CMSIS/DSP/Source/FastMathFunctions/arm_cos_f32.c ****  * The input to the floating-point version is in radians and in the range [0 2*pi) while the
  42:Drivers/CMSIS/DSP/Source/FastMathFunctions/arm_cos_f32.c ****  * fixed-point Q15 and Q31 have a scaled input with the range
  43:Drivers/CMSIS/DSP/Source/FastMathFunctions/arm_cos_f32.c ****  * [0 +0.9999] mapping to [0 2*pi).  The fixed-point range is chosen so that a
  44:Drivers/CMSIS/DSP/Source/FastMathFunctions/arm_cos_f32.c ****  * value of 2*pi wraps around to 0.
  45:Drivers/CMSIS/DSP/Source/FastMathFunctions/arm_cos_f32.c ****  *
  46:Drivers/CMSIS/DSP/Source/FastMathFunctions/arm_cos_f32.c ****  * The implementation is based on table lookup using 256 values together with linear interpolation.
  47:Drivers/CMSIS/DSP/Source/FastMathFunctions/arm_cos_f32.c ****  * The steps used are:
  48:Drivers/CMSIS/DSP/Source/FastMathFunctions/arm_cos_f32.c ****  *  -# Calculation of the nearest integer table index
  49:Drivers/CMSIS/DSP/Source/FastMathFunctions/arm_cos_f32.c ****  *  -# Compute the fractional portion (fract) of the table index.
  50:Drivers/CMSIS/DSP/Source/FastMathFunctions/arm_cos_f32.c ****  *  -# The final result equals <code>(1.0f-fract)*a + fract*b;</code>
  51:Drivers/CMSIS/DSP/Source/FastMathFunctions/arm_cos_f32.c ****  *
  52:Drivers/CMSIS/DSP/Source/FastMathFunctions/arm_cos_f32.c ****  * where
  53:Drivers/CMSIS/DSP/Source/FastMathFunctions/arm_cos_f32.c ****  * <pre>
  54:Drivers/CMSIS/DSP/Source/FastMathFunctions/arm_cos_f32.c ****  *    b=Table[index+0];
  55:Drivers/CMSIS/DSP/Source/FastMathFunctions/arm_cos_f32.c ****  *    c=Table[index+1];
  56:Drivers/CMSIS/DSP/Source/FastMathFunctions/arm_cos_f32.c ****  * </pre>
  57:Drivers/CMSIS/DSP/Source/FastMathFunctions/arm_cos_f32.c ****  */
  58:Drivers/CMSIS/DSP/Source/FastMathFunctions/arm_cos_f32.c **** 
  59:Drivers/CMSIS/DSP/Source/FastMathFunctions/arm_cos_f32.c ****  /**
  60:Drivers/CMSIS/DSP/Source/FastMathFunctions/arm_cos_f32.c ****  * @addtogroup cos
  61:Drivers/CMSIS/DSP/Source/FastMathFunctions/arm_cos_f32.c ****  * @{
  62:Drivers/CMSIS/DSP/Source/FastMathFunctions/arm_cos_f32.c ****  */
  63:Drivers/CMSIS/DSP/Source/FastMathFunctions/arm_cos_f32.c **** 
  64:Drivers/CMSIS/DSP/Source/FastMathFunctions/arm_cos_f32.c **** /**
  65:Drivers/CMSIS/DSP/Source/FastMathFunctions/arm_cos_f32.c ****  * @brief  Fast approximation to the trigonometric cosine function for floating-point data.
  66:Drivers/CMSIS/DSP/Source/FastMathFunctions/arm_cos_f32.c ****  * @param[in] x input value in radians.
  67:Drivers/CMSIS/DSP/Source/FastMathFunctions/arm_cos_f32.c ****  * @return cos(x).
  68:Drivers/CMSIS/DSP/Source/FastMathFunctions/arm_cos_f32.c ****  */
  69:Drivers/CMSIS/DSP/Source/FastMathFunctions/arm_cos_f32.c **** 
  70:Drivers/CMSIS/DSP/Source/FastMathFunctions/arm_cos_f32.c **** float32_t arm_cos_f32(
  71:Drivers/CMSIS/DSP/Source/FastMathFunctions/arm_cos_f32.c ****   float32_t x)
  72:Drivers/CMSIS/DSP/Source/FastMathFunctions/arm_cos_f32.c **** {
  29              		.loc 1 72 1 view -0
  30              		.cfi_startproc
  31              		@ args = 0, pretend = 0, frame = 0
  32              		@ frame_needed = 0, uses_anonymous_args = 0
  33              		@ link register save eliminated.
  73:Drivers/CMSIS/DSP/Source/FastMathFunctions/arm_cos_f32.c ****   float32_t cosVal, fract, in;                   /* Temporary variables for input, output */
  34              		.loc 1 73 3 view .LVU1
  74:Drivers/CMSIS/DSP/Source/FastMathFunctions/arm_cos_f32.c ****   uint16_t index;                                /* Index variable */
  35              		.loc 1 74 3 view .LVU2
  75:Drivers/CMSIS/DSP/Source/FastMathFunctions/arm_cos_f32.c ****   float32_t a, b;                                /* Two nearest output values */
  36              		.loc 1 75 3 view .LVU3
  76:Drivers/CMSIS/DSP/Source/FastMathFunctions/arm_cos_f32.c ****   int32_t n;
  37              		.loc 1 76 3 view .LVU4
  77:Drivers/CMSIS/DSP/Source/FastMathFunctions/arm_cos_f32.c ****   float32_t findex;
  38              		.loc 1 77 3 view .LVU5
ARM GAS  /var/folders/n6/c271nzx11xl4r4_m7sqjlt0m0000gn/T//ccYoq2SJ.s 			page 3


  78:Drivers/CMSIS/DSP/Source/FastMathFunctions/arm_cos_f32.c **** 
  79:Drivers/CMSIS/DSP/Source/FastMathFunctions/arm_cos_f32.c ****   /* input x is in radians */
  80:Drivers/CMSIS/DSP/Source/FastMathFunctions/arm_cos_f32.c ****   /* Scale the input to [0 1] range from [0 2*PI] , divide input by 2*pi, add 0.25 (pi/2) to read s
  81:Drivers/CMSIS/DSP/Source/FastMathFunctions/arm_cos_f32.c ****   in = x * 0.159154943092f + 0.25f;
  39              		.loc 1 81 3 view .LVU6
  40              		.loc 1 81 10 is_stmt 0 view .LVU7
  41 0000 DFED1E7A 		vldr.32	s15, .L6
  42 0004 20EE270A 		vmul.f32	s0, s0, s15
  43              	.LVL1:
  44              		.loc 1 81 6 view .LVU8
  45 0008 F5EE007A 		vmov.f32	s15, #2.5e-1
  46 000c 30EE270A 		vadd.f32	s0, s0, s15
  47              	.LVL2:
  82:Drivers/CMSIS/DSP/Source/FastMathFunctions/arm_cos_f32.c **** 
  83:Drivers/CMSIS/DSP/Source/FastMathFunctions/arm_cos_f32.c ****   /* Calculation of floor value of input */
  84:Drivers/CMSIS/DSP/Source/FastMathFunctions/arm_cos_f32.c ****   n = (int32_t) in;
  48              		.loc 1 84 3 is_stmt 1 view .LVU9
  49              		.loc 1 84 5 is_stmt 0 view .LVU10
  50 0010 FDEEC07A 		vcvt.s32.f32	s15, s0
  51              	.LVL3:
  85:Drivers/CMSIS/DSP/Source/FastMathFunctions/arm_cos_f32.c **** 
  86:Drivers/CMSIS/DSP/Source/FastMathFunctions/arm_cos_f32.c ****   /* Make negative values towards -infinity */
  87:Drivers/CMSIS/DSP/Source/FastMathFunctions/arm_cos_f32.c ****   if (in < 0.0f)
  52              		.loc 1 87 3 is_stmt 1 view .LVU11
  53              		.loc 1 87 6 is_stmt 0 view .LVU12
  54 0014 B5EEC00A 		vcmpe.f32	s0, #0
  55 0018 F1EE10FA 		vmrs	APSR_nzcv, FPSCR
  56 001c 28D4     		bmi	.L5
  57              	.L2:
  88:Drivers/CMSIS/DSP/Source/FastMathFunctions/arm_cos_f32.c ****   {
  89:Drivers/CMSIS/DSP/Source/FastMathFunctions/arm_cos_f32.c ****     n--;
  90:Drivers/CMSIS/DSP/Source/FastMathFunctions/arm_cos_f32.c ****   }
  91:Drivers/CMSIS/DSP/Source/FastMathFunctions/arm_cos_f32.c **** 
  92:Drivers/CMSIS/DSP/Source/FastMathFunctions/arm_cos_f32.c ****   /* Map input value to [0 1] */
  93:Drivers/CMSIS/DSP/Source/FastMathFunctions/arm_cos_f32.c ****   in = in - (float32_t) n;
  58              		.loc 1 93 3 is_stmt 1 view .LVU13
  59              		.loc 1 93 13 is_stmt 0 view .LVU14
  60 001e F8EEE77A 		vcvt.f32.s32	s15, s15
  61              	.LVL4:
  62              		.loc 1 93 6 view .LVU15
  63 0022 70EE677A 		vsub.f32	s15, s0, s15
  64              	.LVL5:
  94:Drivers/CMSIS/DSP/Source/FastMathFunctions/arm_cos_f32.c **** 
  95:Drivers/CMSIS/DSP/Source/FastMathFunctions/arm_cos_f32.c ****   /* Calculation of index of the table */
  96:Drivers/CMSIS/DSP/Source/FastMathFunctions/arm_cos_f32.c ****   findex = (float32_t) FAST_MATH_TABLE_SIZE * in;
  65              		.loc 1 96 3 is_stmt 1 view .LVU16
  66              		.loc 1 96 10 is_stmt 0 view .LVU17
  67 0026 9FED167A 		vldr.32	s14, .L6+4
  68 002a 67EE877A 		vmul.f32	s15, s15, s14
  69              	.LVL6:
  97:Drivers/CMSIS/DSP/Source/FastMathFunctions/arm_cos_f32.c ****   index = ((uint16_t)findex) & 0x1ff;
  70              		.loc 1 97 3 is_stmt 1 view .LVU18
  71              		.loc 1 97 12 is_stmt 0 view .LVU19
  72 002e BCEEE77A 		vcvt.u32.f32	s14, s15
  73 0032 17EE103A 		vmov	r3, s14	@ int
  74              		.loc 1 97 9 view .LVU20
  75 0036 C3F30803 		ubfx	r3, r3, #0, #9
ARM GAS  /var/folders/n6/c271nzx11xl4r4_m7sqjlt0m0000gn/T//ccYoq2SJ.s 			page 4


  76              	.LVL7:
  98:Drivers/CMSIS/DSP/Source/FastMathFunctions/arm_cos_f32.c **** 
  99:Drivers/CMSIS/DSP/Source/FastMathFunctions/arm_cos_f32.c ****   /* fractional value calculation */
 100:Drivers/CMSIS/DSP/Source/FastMathFunctions/arm_cos_f32.c ****   fract = findex - (float32_t) index;
  77              		.loc 1 100 3 is_stmt 1 view .LVU21
  78              		.loc 1 100 20 is_stmt 0 view .LVU22
  79 003a 07EE103A 		vmov	s14, r3	@ int
  80 003e B8EE477A 		vcvt.f32.u32	s14, s14
  81              		.loc 1 100 9 view .LVU23
  82 0042 77EEC77A 		vsub.f32	s15, s15, s14
  83              	.LVL8:
 101:Drivers/CMSIS/DSP/Source/FastMathFunctions/arm_cos_f32.c **** 
 102:Drivers/CMSIS/DSP/Source/FastMathFunctions/arm_cos_f32.c ****   /* Read two nearest values of input value from the cos table */
 103:Drivers/CMSIS/DSP/Source/FastMathFunctions/arm_cos_f32.c ****   a = sinTable_f32[index];
  84              		.loc 1 103 3 is_stmt 1 view .LVU24
  85              		.loc 1 103 5 is_stmt 0 view .LVU25
  86 0046 0F4A     		ldr	r2, .L6+8
  87 0048 02EB8301 		add	r1, r2, r3, lsl #2
  88 004c D1ED006A 		vldr.32	s13, [r1]
  89              	.LVL9:
 104:Drivers/CMSIS/DSP/Source/FastMathFunctions/arm_cos_f32.c ****   b = sinTable_f32[index+1];
  90              		.loc 1 104 3 is_stmt 1 view .LVU26
  91              		.loc 1 104 25 is_stmt 0 view .LVU27
  92 0050 0133     		adds	r3, r3, #1
  93              	.LVL10:
  94              		.loc 1 104 5 view .LVU28
  95 0052 02EB8302 		add	r2, r2, r3, lsl #2
  96 0056 92ED007A 		vldr.32	s14, [r2]
  97              	.LVL11:
 105:Drivers/CMSIS/DSP/Source/FastMathFunctions/arm_cos_f32.c **** 
 106:Drivers/CMSIS/DSP/Source/FastMathFunctions/arm_cos_f32.c ****   /* Linear interpolation process */
 107:Drivers/CMSIS/DSP/Source/FastMathFunctions/arm_cos_f32.c ****   cosVal = (1.0f-fract)*a + fract*b;
  98              		.loc 1 107 3 is_stmt 1 view .LVU29
  99              		.loc 1 107 17 is_stmt 0 view .LVU30
 100 005a B7EE000A 		vmov.f32	s0, #1.0e+0
 101              		.loc 1 107 17 view .LVU31
 102 005e 30EE670A 		vsub.f32	s0, s0, s15
 103              		.loc 1 107 24 view .LVU32
 104 0062 20EE260A 		vmul.f32	s0, s0, s13
 105              		.loc 1 107 34 view .LVU33
 106 0066 67EE877A 		vmul.f32	s15, s15, s14
 107              	.LVL12:
 108:Drivers/CMSIS/DSP/Source/FastMathFunctions/arm_cos_f32.c **** 
 109:Drivers/CMSIS/DSP/Source/FastMathFunctions/arm_cos_f32.c ****   /* Return the output value */
 110:Drivers/CMSIS/DSP/Source/FastMathFunctions/arm_cos_f32.c ****   return (cosVal);
 108              		.loc 1 110 3 is_stmt 1 view .LVU34
 111:Drivers/CMSIS/DSP/Source/FastMathFunctions/arm_cos_f32.c **** }
 109              		.loc 1 111 1 is_stmt 0 view .LVU35
 110 006a 30EE270A 		vadd.f32	s0, s0, s15
 111              	.LVL13:
 112              		.loc 1 111 1 view .LVU36
 113 006e 7047     		bx	lr
 114              	.LVL14:
 115              	.L5:
  89:Drivers/CMSIS/DSP/Source/FastMathFunctions/arm_cos_f32.c ****   }
 116              		.loc 1 89 5 is_stmt 1 view .LVU37
  89:Drivers/CMSIS/DSP/Source/FastMathFunctions/arm_cos_f32.c ****   }
ARM GAS  /var/folders/n6/c271nzx11xl4r4_m7sqjlt0m0000gn/T//ccYoq2SJ.s 			page 5


 117              		.loc 1 89 6 is_stmt 0 view .LVU38
 118 0070 17EE903A 		vmov	r3, s15	@ int
 119 0074 013B     		subs	r3, r3, #1
 120 0076 07EE903A 		vmov	s15, r3	@ int
 121              	.LVL15:
  89:Drivers/CMSIS/DSP/Source/FastMathFunctions/arm_cos_f32.c ****   }
 122              		.loc 1 89 6 view .LVU39
 123 007a D0E7     		b	.L2
 124              	.L7:
 125              		.align	2
 126              	.L6:
 127 007c 83F9223E 		.word	1042479491
 128 0080 00000044 		.word	1140850688
 129 0084 00000000 		.word	sinTable_f32
 130              		.cfi_endproc
 131              	.LFE135:
 133              		.text
 134              	.Letext0:
 135              		.file 2 "/Users/killian/Library/Application Support/Code/User/globalStorage/bmd.stm32-for-vscode/@
 136              		.file 3 "/Users/killian/Library/Application Support/Code/User/globalStorage/bmd.stm32-for-vscode/@
 137              		.file 4 "Drivers/CMSIS/DSP/Include/arm_math.h"
 138              		.file 5 "Drivers/CMSIS/DSP/Include/arm_common_tables.h"
ARM GAS  /var/folders/n6/c271nzx11xl4r4_m7sqjlt0m0000gn/T//ccYoq2SJ.s 			page 6


DEFINED SYMBOLS
                            *ABS*:00000000 arm_cos_f32.c
/var/folders/n6/c271nzx11xl4r4_m7sqjlt0m0000gn/T//ccYoq2SJ.s:20     .text.arm_cos_f32:00000000 $t
/var/folders/n6/c271nzx11xl4r4_m7sqjlt0m0000gn/T//ccYoq2SJ.s:26     .text.arm_cos_f32:00000000 arm_cos_f32
/var/folders/n6/c271nzx11xl4r4_m7sqjlt0m0000gn/T//ccYoq2SJ.s:127    .text.arm_cos_f32:0000007c $d

UNDEFINED SYMBOLS
sinTable_f32
