ARM GAS  /var/folders/n6/c271nzx11xl4r4_m7sqjlt0m0000gn/T//ccYTWeHm.s 			page 1


   1              		.cpu cortex-m7
   2              		.arch armv7e-m
   3              		.fpu fpv5-d16
   4              		.eabi_attribute 28, 1
   5              		.eabi_attribute 20, 1
   6              		.eabi_attribute 21, 1
   7              		.eabi_attribute 23, 3
   8              		.eabi_attribute 24, 1
   9              		.eabi_attribute 25, 1
  10              		.eabi_attribute 26, 1
  11              		.eabi_attribute 30, 1
  12              		.eabi_attribute 34, 1
  13              		.eabi_attribute 18, 4
  14              		.file	"arm_dct4_q15.c"
  15              		.text
  16              	.Ltext0:
  17              		.cfi_sections	.debug_frame
  18              		.file 1 "Drivers/CMSIS/DSP/Source/TransformFunctions/arm_dct4_q15.c"
  19              		.section	.text.arm_dct4_q15,"ax",%progbits
  20              		.align	1
  21              		.global	arm_dct4_q15
  22              		.syntax unified
  23              		.thumb
  24              		.thumb_func
  26              	arm_dct4_q15:
  27              	.LVL0:
  28              	.LFB135:
   1:Drivers/CMSIS/DSP/Source/TransformFunctions/arm_dct4_q15.c **** /* ----------------------------------------------------------------------
   2:Drivers/CMSIS/DSP/Source/TransformFunctions/arm_dct4_q15.c ****  * Project:      CMSIS DSP Library
   3:Drivers/CMSIS/DSP/Source/TransformFunctions/arm_dct4_q15.c ****  * Title:        arm_dct4_q15.c
   4:Drivers/CMSIS/DSP/Source/TransformFunctions/arm_dct4_q15.c ****  * Description:  Processing function of DCT4 & IDCT4 Q15
   5:Drivers/CMSIS/DSP/Source/TransformFunctions/arm_dct4_q15.c ****  *
   6:Drivers/CMSIS/DSP/Source/TransformFunctions/arm_dct4_q15.c ****  * $Date:        27. January 2017
   7:Drivers/CMSIS/DSP/Source/TransformFunctions/arm_dct4_q15.c ****  * $Revision:    V.1.5.1
   8:Drivers/CMSIS/DSP/Source/TransformFunctions/arm_dct4_q15.c ****  *
   9:Drivers/CMSIS/DSP/Source/TransformFunctions/arm_dct4_q15.c ****  * Target Processor: Cortex-M cores
  10:Drivers/CMSIS/DSP/Source/TransformFunctions/arm_dct4_q15.c ****  * -------------------------------------------------------------------- */
  11:Drivers/CMSIS/DSP/Source/TransformFunctions/arm_dct4_q15.c **** /*
  12:Drivers/CMSIS/DSP/Source/TransformFunctions/arm_dct4_q15.c ****  * Copyright (C) 2010-2017 ARM Limited or its affiliates. All rights reserved.
  13:Drivers/CMSIS/DSP/Source/TransformFunctions/arm_dct4_q15.c ****  *
  14:Drivers/CMSIS/DSP/Source/TransformFunctions/arm_dct4_q15.c ****  * SPDX-License-Identifier: Apache-2.0
  15:Drivers/CMSIS/DSP/Source/TransformFunctions/arm_dct4_q15.c ****  *
  16:Drivers/CMSIS/DSP/Source/TransformFunctions/arm_dct4_q15.c ****  * Licensed under the Apache License, Version 2.0 (the License); you may
  17:Drivers/CMSIS/DSP/Source/TransformFunctions/arm_dct4_q15.c ****  * not use this file except in compliance with the License.
  18:Drivers/CMSIS/DSP/Source/TransformFunctions/arm_dct4_q15.c ****  * You may obtain a copy of the License at
  19:Drivers/CMSIS/DSP/Source/TransformFunctions/arm_dct4_q15.c ****  *
  20:Drivers/CMSIS/DSP/Source/TransformFunctions/arm_dct4_q15.c ****  * www.apache.org/licenses/LICENSE-2.0
  21:Drivers/CMSIS/DSP/Source/TransformFunctions/arm_dct4_q15.c ****  *
  22:Drivers/CMSIS/DSP/Source/TransformFunctions/arm_dct4_q15.c ****  * Unless required by applicable law or agreed to in writing, software
  23:Drivers/CMSIS/DSP/Source/TransformFunctions/arm_dct4_q15.c ****  * distributed under the License is distributed on an AS IS BASIS, WITHOUT
  24:Drivers/CMSIS/DSP/Source/TransformFunctions/arm_dct4_q15.c ****  * WARRANTIES OR CONDITIONS OF ANY KIND, either express or implied.
  25:Drivers/CMSIS/DSP/Source/TransformFunctions/arm_dct4_q15.c ****  * See the License for the specific language governing permissions and
  26:Drivers/CMSIS/DSP/Source/TransformFunctions/arm_dct4_q15.c ****  * limitations under the License.
  27:Drivers/CMSIS/DSP/Source/TransformFunctions/arm_dct4_q15.c ****  */
  28:Drivers/CMSIS/DSP/Source/TransformFunctions/arm_dct4_q15.c **** 
  29:Drivers/CMSIS/DSP/Source/TransformFunctions/arm_dct4_q15.c **** #include "arm_math.h"
  30:Drivers/CMSIS/DSP/Source/TransformFunctions/arm_dct4_q15.c **** 
ARM GAS  /var/folders/n6/c271nzx11xl4r4_m7sqjlt0m0000gn/T//ccYTWeHm.s 			page 2


  31:Drivers/CMSIS/DSP/Source/TransformFunctions/arm_dct4_q15.c **** /**
  32:Drivers/CMSIS/DSP/Source/TransformFunctions/arm_dct4_q15.c ****  * @addtogroup DCT4_IDCT4
  33:Drivers/CMSIS/DSP/Source/TransformFunctions/arm_dct4_q15.c ****  * @{
  34:Drivers/CMSIS/DSP/Source/TransformFunctions/arm_dct4_q15.c ****  */
  35:Drivers/CMSIS/DSP/Source/TransformFunctions/arm_dct4_q15.c **** 
  36:Drivers/CMSIS/DSP/Source/TransformFunctions/arm_dct4_q15.c **** /**
  37:Drivers/CMSIS/DSP/Source/TransformFunctions/arm_dct4_q15.c ****  * @brief Processing function for the Q15 DCT4/IDCT4.
  38:Drivers/CMSIS/DSP/Source/TransformFunctions/arm_dct4_q15.c ****  * @param[in]       *S             points to an instance of the Q15 DCT4 structure.
  39:Drivers/CMSIS/DSP/Source/TransformFunctions/arm_dct4_q15.c ****  * @param[in]       *pState        points to state buffer.
  40:Drivers/CMSIS/DSP/Source/TransformFunctions/arm_dct4_q15.c ****  * @param[in,out]   *pInlineBuffer points to the in-place input and output buffer.
  41:Drivers/CMSIS/DSP/Source/TransformFunctions/arm_dct4_q15.c ****  * @return none.
  42:Drivers/CMSIS/DSP/Source/TransformFunctions/arm_dct4_q15.c ****  *
  43:Drivers/CMSIS/DSP/Source/TransformFunctions/arm_dct4_q15.c ****  * \par Input an output formats:
  44:Drivers/CMSIS/DSP/Source/TransformFunctions/arm_dct4_q15.c ****  * Internally inputs are downscaled in the RFFT process function to avoid overflows.
  45:Drivers/CMSIS/DSP/Source/TransformFunctions/arm_dct4_q15.c ****  * Number of bits downscaled, depends on the size of the transform.
  46:Drivers/CMSIS/DSP/Source/TransformFunctions/arm_dct4_q15.c ****  * The input and output formats for different DCT sizes and number of bits to upscale are mentioned
  47:Drivers/CMSIS/DSP/Source/TransformFunctions/arm_dct4_q15.c ****  *
  48:Drivers/CMSIS/DSP/Source/TransformFunctions/arm_dct4_q15.c ****  * \image html dct4FormatsQ15Table.gif
  49:Drivers/CMSIS/DSP/Source/TransformFunctions/arm_dct4_q15.c ****  */
  50:Drivers/CMSIS/DSP/Source/TransformFunctions/arm_dct4_q15.c **** 
  51:Drivers/CMSIS/DSP/Source/TransformFunctions/arm_dct4_q15.c **** void arm_dct4_q15(
  52:Drivers/CMSIS/DSP/Source/TransformFunctions/arm_dct4_q15.c ****   const arm_dct4_instance_q15 * S,
  53:Drivers/CMSIS/DSP/Source/TransformFunctions/arm_dct4_q15.c ****   q15_t * pState,
  54:Drivers/CMSIS/DSP/Source/TransformFunctions/arm_dct4_q15.c ****   q15_t * pInlineBuffer)
  55:Drivers/CMSIS/DSP/Source/TransformFunctions/arm_dct4_q15.c **** {
  29              		.loc 1 55 1 view -0
  30              		.cfi_startproc
  31              		@ args = 0, pretend = 0, frame = 0
  32              		@ frame_needed = 0, uses_anonymous_args = 0
  33              		.loc 1 55 1 is_stmt 0 view .LVU1
  34 0000 F8B5     		push	{r3, r4, r5, r6, r7, lr}
  35              		.cfi_def_cfa_offset 24
  36              		.cfi_offset 3, -24
  37              		.cfi_offset 4, -20
  38              		.cfi_offset 5, -16
  39              		.cfi_offset 6, -12
  40              		.cfi_offset 7, -8
  41              		.cfi_offset 14, -4
  42 0002 0546     		mov	r5, r0
  43 0004 0E46     		mov	r6, r1
  44 0006 1446     		mov	r4, r2
  56:Drivers/CMSIS/DSP/Source/TransformFunctions/arm_dct4_q15.c ****   uint32_t i;                                    /* Loop counter */
  45              		.loc 1 56 3 is_stmt 1 view .LVU2
  57:Drivers/CMSIS/DSP/Source/TransformFunctions/arm_dct4_q15.c ****   q15_t *weights = S->pTwiddle;                  /* Pointer to the Weights table */
  46              		.loc 1 57 3 view .LVU3
  47              		.loc 1 57 10 is_stmt 0 view .LVU4
  48 0008 8768     		ldr	r7, [r0, #8]
  49              	.LVL1:
  58:Drivers/CMSIS/DSP/Source/TransformFunctions/arm_dct4_q15.c ****   q15_t *cosFact = S->pCosFactor;                /* Pointer to the cos factors table */
  50              		.loc 1 58 3 is_stmt 1 view .LVU5
  59:Drivers/CMSIS/DSP/Source/TransformFunctions/arm_dct4_q15.c ****   q15_t *pS1, *pS2, *pbuff;                      /* Temporary pointers for input buffer and pState 
  51              		.loc 1 59 3 view .LVU6
  60:Drivers/CMSIS/DSP/Source/TransformFunctions/arm_dct4_q15.c ****   q15_t in;                                      /* Temporary variable */
  52              		.loc 1 60 3 view .LVU7
  61:Drivers/CMSIS/DSP/Source/TransformFunctions/arm_dct4_q15.c **** 
  62:Drivers/CMSIS/DSP/Source/TransformFunctions/arm_dct4_q15.c **** 
  63:Drivers/CMSIS/DSP/Source/TransformFunctions/arm_dct4_q15.c ****   /* DCT4 computation involves DCT2 (which is calculated using RFFT)
ARM GAS  /var/folders/n6/c271nzx11xl4r4_m7sqjlt0m0000gn/T//ccYTWeHm.s 			page 3


  64:Drivers/CMSIS/DSP/Source/TransformFunctions/arm_dct4_q15.c ****    * along with some pre-processing and post-processing.
  65:Drivers/CMSIS/DSP/Source/TransformFunctions/arm_dct4_q15.c ****    * Computational procedure is explained as follows:
  66:Drivers/CMSIS/DSP/Source/TransformFunctions/arm_dct4_q15.c ****    * (a) Pre-processing involves multiplying input with cos factor,
  67:Drivers/CMSIS/DSP/Source/TransformFunctions/arm_dct4_q15.c ****    *     r(n) = 2 * u(n) * cos(pi*(2*n+1)/(4*n))
  68:Drivers/CMSIS/DSP/Source/TransformFunctions/arm_dct4_q15.c ****    *              where,
  69:Drivers/CMSIS/DSP/Source/TransformFunctions/arm_dct4_q15.c ****    *                 r(n) -- output of preprocessing
  70:Drivers/CMSIS/DSP/Source/TransformFunctions/arm_dct4_q15.c ****    *                 u(n) -- input to preprocessing(actual Source buffer)
  71:Drivers/CMSIS/DSP/Source/TransformFunctions/arm_dct4_q15.c ****    * (b) Calculation of DCT2 using FFT is divided into three steps:
  72:Drivers/CMSIS/DSP/Source/TransformFunctions/arm_dct4_q15.c ****    *                  Step1: Re-ordering of even and odd elements of input.
  73:Drivers/CMSIS/DSP/Source/TransformFunctions/arm_dct4_q15.c ****    *                  Step2: Calculating FFT of the re-ordered input.
  74:Drivers/CMSIS/DSP/Source/TransformFunctions/arm_dct4_q15.c ****    *                  Step3: Taking the real part of the product of FFT output and weights.
  75:Drivers/CMSIS/DSP/Source/TransformFunctions/arm_dct4_q15.c ****    * (c) Post-processing - DCT4 can be obtained from DCT2 output using the following equation:
  76:Drivers/CMSIS/DSP/Source/TransformFunctions/arm_dct4_q15.c ****    *                   Y4(k) = Y2(k) - Y4(k-1) and Y4(-1) = Y4(0)
  77:Drivers/CMSIS/DSP/Source/TransformFunctions/arm_dct4_q15.c ****    *                        where,
  78:Drivers/CMSIS/DSP/Source/TransformFunctions/arm_dct4_q15.c ****    *                           Y4 -- DCT4 output,   Y2 -- DCT2 output
  79:Drivers/CMSIS/DSP/Source/TransformFunctions/arm_dct4_q15.c ****    * (d) Multiplying the output with the normalizing factor sqrt(2/N).
  80:Drivers/CMSIS/DSP/Source/TransformFunctions/arm_dct4_q15.c ****    */
  81:Drivers/CMSIS/DSP/Source/TransformFunctions/arm_dct4_q15.c **** 
  82:Drivers/CMSIS/DSP/Source/TransformFunctions/arm_dct4_q15.c ****         /*-------- Pre-processing ------------*/
  83:Drivers/CMSIS/DSP/Source/TransformFunctions/arm_dct4_q15.c ****   /* Multiplying input with cos factor i.e. r(n) = 2 * x(n) * cos(pi*(2*n+1)/(4*n)) */
  84:Drivers/CMSIS/DSP/Source/TransformFunctions/arm_dct4_q15.c ****   arm_mult_q15(pInlineBuffer, cosFact, pInlineBuffer, S->N);
  53              		.loc 1 84 3 view .LVU8
  54 000a 0388     		ldrh	r3, [r0]
  55 000c C168     		ldr	r1, [r0, #12]
  56              	.LVL2:
  57              		.loc 1 84 3 is_stmt 0 view .LVU9
  58 000e 1046     		mov	r0, r2
  59              	.LVL3:
  60              		.loc 1 84 3 view .LVU10
  61 0010 FFF7FEFF 		bl	arm_mult_q15
  62              	.LVL4:
  85:Drivers/CMSIS/DSP/Source/TransformFunctions/arm_dct4_q15.c ****   arm_shift_q15(pInlineBuffer, 1, pInlineBuffer, S->N);
  63              		.loc 1 85 3 is_stmt 1 view .LVU11
  64 0014 2B88     		ldrh	r3, [r5]
  65 0016 2246     		mov	r2, r4
  66 0018 0121     		movs	r1, #1
  67 001a 2046     		mov	r0, r4
  68 001c FFF7FEFF 		bl	arm_shift_q15
  69              	.LVL5:
  86:Drivers/CMSIS/DSP/Source/TransformFunctions/arm_dct4_q15.c **** 
  87:Drivers/CMSIS/DSP/Source/TransformFunctions/arm_dct4_q15.c ****   /* ----------------------------------------------------------------
  88:Drivers/CMSIS/DSP/Source/TransformFunctions/arm_dct4_q15.c ****    * Step1: Re-ordering of even and odd elements as
  89:Drivers/CMSIS/DSP/Source/TransformFunctions/arm_dct4_q15.c ****    *             pState[i] =  pInlineBuffer[2*i] and
  90:Drivers/CMSIS/DSP/Source/TransformFunctions/arm_dct4_q15.c ****    *             pState[N-i-1] = pInlineBuffer[2*i+1] where i = 0 to N/2
  91:Drivers/CMSIS/DSP/Source/TransformFunctions/arm_dct4_q15.c ****    ---------------------------------------------------------------------*/
  92:Drivers/CMSIS/DSP/Source/TransformFunctions/arm_dct4_q15.c **** 
  93:Drivers/CMSIS/DSP/Source/TransformFunctions/arm_dct4_q15.c ****   /* pS1 initialized to pState */
  94:Drivers/CMSIS/DSP/Source/TransformFunctions/arm_dct4_q15.c ****   pS1 = pState;
  70              		.loc 1 94 3 view .LVU12
  95:Drivers/CMSIS/DSP/Source/TransformFunctions/arm_dct4_q15.c **** 
  96:Drivers/CMSIS/DSP/Source/TransformFunctions/arm_dct4_q15.c ****   /* pS2 initialized to pState+N-1, so that it points to the end of the state buffer */
  97:Drivers/CMSIS/DSP/Source/TransformFunctions/arm_dct4_q15.c ****   pS2 = pState + (S->N - 1U);
  71              		.loc 1 97 3 view .LVU13
  72              		.loc 1 97 20 is_stmt 0 view .LVU14
  73 0020 2B88     		ldrh	r3, [r5]
  74              		.loc 1 97 16 view .LVU15
  75 0022 6FF00042 		mvn	r2, #-2147483648
ARM GAS  /var/folders/n6/c271nzx11xl4r4_m7sqjlt0m0000gn/T//ccYTWeHm.s 			page 4


  76 0026 1A44     		add	r2, r2, r3
  77              		.loc 1 97 7 view .LVU16
  78 0028 06EB4202 		add	r2, r6, r2, lsl #1
  79              	.LVL6:
  98:Drivers/CMSIS/DSP/Source/TransformFunctions/arm_dct4_q15.c **** 
  99:Drivers/CMSIS/DSP/Source/TransformFunctions/arm_dct4_q15.c ****   /* pbuff initialized to input buffer */
 100:Drivers/CMSIS/DSP/Source/TransformFunctions/arm_dct4_q15.c ****   pbuff = pInlineBuffer;
  80              		.loc 1 100 3 is_stmt 1 view .LVU17
 101:Drivers/CMSIS/DSP/Source/TransformFunctions/arm_dct4_q15.c **** 
 102:Drivers/CMSIS/DSP/Source/TransformFunctions/arm_dct4_q15.c **** 
 103:Drivers/CMSIS/DSP/Source/TransformFunctions/arm_dct4_q15.c **** #if defined (ARM_MATH_DSP)
 104:Drivers/CMSIS/DSP/Source/TransformFunctions/arm_dct4_q15.c **** 
 105:Drivers/CMSIS/DSP/Source/TransformFunctions/arm_dct4_q15.c ****   /* Run the below code for Cortex-M4 and Cortex-M3 */
 106:Drivers/CMSIS/DSP/Source/TransformFunctions/arm_dct4_q15.c **** 
 107:Drivers/CMSIS/DSP/Source/TransformFunctions/arm_dct4_q15.c ****   /* Initializing the loop counter to N/2 >> 2 for loop unrolling by 4 */
 108:Drivers/CMSIS/DSP/Source/TransformFunctions/arm_dct4_q15.c ****   i = (uint32_t) S->Nby2 >> 2U;
  81              		.loc 1 108 3 view .LVU18
  82              		.loc 1 108 19 is_stmt 0 view .LVU19
  83 002c B5F802E0 		ldrh	lr, [r5, #2]
  84              		.loc 1 108 26 view .LVU20
  85 0030 4FEA9E0E 		lsr	lr, lr, #2
  86              	.LVL7:
 100:Drivers/CMSIS/DSP/Source/TransformFunctions/arm_dct4_q15.c **** 
  87              		.loc 1 100 9 view .LVU21
  88 0034 2346     		mov	r3, r4
  94:Drivers/CMSIS/DSP/Source/TransformFunctions/arm_dct4_q15.c **** 
  89              		.loc 1 94 7 view .LVU22
  90 0036 3146     		mov	r1, r6
  91              	.LVL8:
  92              	.L2:
 109:Drivers/CMSIS/DSP/Source/TransformFunctions/arm_dct4_q15.c **** 
 110:Drivers/CMSIS/DSP/Source/TransformFunctions/arm_dct4_q15.c ****   /* First part of the processing with loop unrolling.  Compute 4 outputs at a time.
 111:Drivers/CMSIS/DSP/Source/TransformFunctions/arm_dct4_q15.c ****    ** a second loop below computes the remaining 1 to 3 samples. */
 112:Drivers/CMSIS/DSP/Source/TransformFunctions/arm_dct4_q15.c ****   do
  93              		.loc 1 112 3 is_stmt 1 view .LVU23
 113:Drivers/CMSIS/DSP/Source/TransformFunctions/arm_dct4_q15.c ****   {
 114:Drivers/CMSIS/DSP/Source/TransformFunctions/arm_dct4_q15.c ****     /* Re-ordering of even and odd elements */
 115:Drivers/CMSIS/DSP/Source/TransformFunctions/arm_dct4_q15.c ****     /* pState[i] =  pInlineBuffer[2*i] */
 116:Drivers/CMSIS/DSP/Source/TransformFunctions/arm_dct4_q15.c ****     *pS1++ = *pbuff++;
  94              		.loc 1 116 5 view .LVU24
  95              		.loc 1 116 14 is_stmt 0 view .LVU25
  96 0038 B3F90000 		ldrsh	r0, [r3]
  97              		.loc 1 116 12 view .LVU26
  98 003c 0880     		strh	r0, [r1]	@ movhi
 117:Drivers/CMSIS/DSP/Source/TransformFunctions/arm_dct4_q15.c ****     /* pState[N-i-1] = pInlineBuffer[2*i+1] */
 118:Drivers/CMSIS/DSP/Source/TransformFunctions/arm_dct4_q15.c ****     *pS2-- = *pbuff++;
  99              		.loc 1 118 5 is_stmt 1 view .LVU27
 100              	.LVL9:
 101              		.loc 1 118 14 is_stmt 0 view .LVU28
 102 003e B3F90200 		ldrsh	r0, [r3, #2]
 103              		.loc 1 118 12 view .LVU29
 104 0042 1080     		strh	r0, [r2]	@ movhi
 119:Drivers/CMSIS/DSP/Source/TransformFunctions/arm_dct4_q15.c **** 
 120:Drivers/CMSIS/DSP/Source/TransformFunctions/arm_dct4_q15.c ****     *pS1++ = *pbuff++;
 105              		.loc 1 120 5 is_stmt 1 view .LVU30
 106              	.LVL10:
 107              		.loc 1 120 14 is_stmt 0 view .LVU31
ARM GAS  /var/folders/n6/c271nzx11xl4r4_m7sqjlt0m0000gn/T//ccYTWeHm.s 			page 5


 108 0044 B3F90400 		ldrsh	r0, [r3, #4]
 109              		.loc 1 120 12 view .LVU32
 110 0048 4880     		strh	r0, [r1, #2]	@ movhi
 121:Drivers/CMSIS/DSP/Source/TransformFunctions/arm_dct4_q15.c ****     *pS2-- = *pbuff++;
 111              		.loc 1 121 5 is_stmt 1 view .LVU33
 112              	.LVL11:
 113              		.loc 1 121 14 is_stmt 0 view .LVU34
 114 004a B3F90600 		ldrsh	r0, [r3, #6]
 115              		.loc 1 121 12 view .LVU35
 116 004e 22F8020C 		strh	r0, [r2, #-2]	@ movhi
 122:Drivers/CMSIS/DSP/Source/TransformFunctions/arm_dct4_q15.c **** 
 123:Drivers/CMSIS/DSP/Source/TransformFunctions/arm_dct4_q15.c ****     *pS1++ = *pbuff++;
 117              		.loc 1 123 5 is_stmt 1 view .LVU36
 118              	.LVL12:
 119              		.loc 1 123 14 is_stmt 0 view .LVU37
 120 0052 B3F90800 		ldrsh	r0, [r3, #8]
 121              		.loc 1 123 12 view .LVU38
 122 0056 8880     		strh	r0, [r1, #4]	@ movhi
 124:Drivers/CMSIS/DSP/Source/TransformFunctions/arm_dct4_q15.c ****     *pS2-- = *pbuff++;
 123              		.loc 1 124 5 is_stmt 1 view .LVU39
 124              	.LVL13:
 125              		.loc 1 124 14 is_stmt 0 view .LVU40
 126 0058 B3F90A00 		ldrsh	r0, [r3, #10]
 127              		.loc 1 124 12 view .LVU41
 128 005c 22F8040C 		strh	r0, [r2, #-4]	@ movhi
 125:Drivers/CMSIS/DSP/Source/TransformFunctions/arm_dct4_q15.c **** 
 126:Drivers/CMSIS/DSP/Source/TransformFunctions/arm_dct4_q15.c ****     *pS1++ = *pbuff++;
 129              		.loc 1 126 5 is_stmt 1 view .LVU42
 130              	.LVL14:
 131              		.loc 1 126 14 is_stmt 0 view .LVU43
 132 0060 B3F90CC0 		ldrsh	ip, [r3, #12]
 133              		.loc 1 126 12 view .LVU44
 134 0064 A1F806C0 		strh	ip, [r1, #6]	@ movhi
 135 0068 0831     		adds	r1, r1, #8
 136              	.LVL15:
 127:Drivers/CMSIS/DSP/Source/TransformFunctions/arm_dct4_q15.c ****     *pS2-- = *pbuff++;
 137              		.loc 1 127 5 is_stmt 1 view .LVU45
 138              		.loc 1 127 14 is_stmt 0 view .LVU46
 139 006a B3F90EC0 		ldrsh	ip, [r3, #14]
 140 006e 1033     		adds	r3, r3, #16
 141              	.LVL16:
 142              		.loc 1 127 12 view .LVU47
 143 0070 22F806CC 		strh	ip, [r2, #-6]	@ movhi
 144 0074 083A     		subs	r2, r2, #8
 145              	.LVL17:
 128:Drivers/CMSIS/DSP/Source/TransformFunctions/arm_dct4_q15.c **** 
 129:Drivers/CMSIS/DSP/Source/TransformFunctions/arm_dct4_q15.c ****     /* Decrement the loop counter */
 130:Drivers/CMSIS/DSP/Source/TransformFunctions/arm_dct4_q15.c ****     i--;
 146              		.loc 1 130 5 is_stmt 1 view .LVU48
 131:Drivers/CMSIS/DSP/Source/TransformFunctions/arm_dct4_q15.c ****   } while (i > 0U);
 147              		.loc 1 131 14 discriminator 1 view .LVU49
 148 0076 BEF1010E 		subs	lr, lr, #1
 149              	.LVL18:
 150              		.loc 1 131 14 is_stmt 0 discriminator 1 view .LVU50
 151 007a DDD1     		bne	.L2
 132:Drivers/CMSIS/DSP/Source/TransformFunctions/arm_dct4_q15.c **** 
 133:Drivers/CMSIS/DSP/Source/TransformFunctions/arm_dct4_q15.c ****   /* pbuff initialized to input buffer */
ARM GAS  /var/folders/n6/c271nzx11xl4r4_m7sqjlt0m0000gn/T//ccYTWeHm.s 			page 6


 134:Drivers/CMSIS/DSP/Source/TransformFunctions/arm_dct4_q15.c ****   pbuff = pInlineBuffer;
 152              		.loc 1 134 3 is_stmt 1 view .LVU51
 153              	.LVL19:
 135:Drivers/CMSIS/DSP/Source/TransformFunctions/arm_dct4_q15.c **** 
 136:Drivers/CMSIS/DSP/Source/TransformFunctions/arm_dct4_q15.c ****   /* pS1 initialized to pState */
 137:Drivers/CMSIS/DSP/Source/TransformFunctions/arm_dct4_q15.c ****   pS1 = pState;
 154              		.loc 1 137 3 view .LVU52
 138:Drivers/CMSIS/DSP/Source/TransformFunctions/arm_dct4_q15.c **** 
 139:Drivers/CMSIS/DSP/Source/TransformFunctions/arm_dct4_q15.c ****   /* Initializing the loop counter to N/4 instead of N for loop unrolling */
 140:Drivers/CMSIS/DSP/Source/TransformFunctions/arm_dct4_q15.c ****   i = (uint32_t) S->N >> 2U;
 155              		.loc 1 140 3 view .LVU53
 156              		.loc 1 140 19 is_stmt 0 view .LVU54
 157 007c B5F800C0 		ldrh	ip, [r5]
 158              		.loc 1 140 23 view .LVU55
 159 0080 4FEA9C0C 		lsr	ip, ip, #2
 160              	.LVL20:
 134:Drivers/CMSIS/DSP/Source/TransformFunctions/arm_dct4_q15.c **** 
 161              		.loc 1 134 9 view .LVU56
 162 0084 2246     		mov	r2, r4
 163              	.LVL21:
 137:Drivers/CMSIS/DSP/Source/TransformFunctions/arm_dct4_q15.c **** 
 164              		.loc 1 137 7 view .LVU57
 165 0086 3346     		mov	r3, r6
 166              	.LVL22:
 167              	.L3:
 141:Drivers/CMSIS/DSP/Source/TransformFunctions/arm_dct4_q15.c **** 
 142:Drivers/CMSIS/DSP/Source/TransformFunctions/arm_dct4_q15.c ****   /* Processing with loop unrolling 4 times as N is always multiple of 4.
 143:Drivers/CMSIS/DSP/Source/TransformFunctions/arm_dct4_q15.c ****    * Compute 4 outputs at a time */
 144:Drivers/CMSIS/DSP/Source/TransformFunctions/arm_dct4_q15.c ****   do
 168              		.loc 1 144 3 is_stmt 1 view .LVU58
 145:Drivers/CMSIS/DSP/Source/TransformFunctions/arm_dct4_q15.c ****   {
 146:Drivers/CMSIS/DSP/Source/TransformFunctions/arm_dct4_q15.c ****     /* Writing the re-ordered output back to inplace input buffer */
 147:Drivers/CMSIS/DSP/Source/TransformFunctions/arm_dct4_q15.c ****     *pbuff++ = *pS1++;
 169              		.loc 1 147 5 view .LVU59
 170              		.loc 1 147 16 is_stmt 0 view .LVU60
 171 0088 B3F90010 		ldrsh	r1, [r3]
 172              		.loc 1 147 14 view .LVU61
 173 008c 1180     		strh	r1, [r2]	@ movhi
 148:Drivers/CMSIS/DSP/Source/TransformFunctions/arm_dct4_q15.c ****     *pbuff++ = *pS1++;
 174              		.loc 1 148 5 is_stmt 1 view .LVU62
 175              	.LVL23:
 176              		.loc 1 148 16 is_stmt 0 view .LVU63
 177 008e B3F90210 		ldrsh	r1, [r3, #2]
 178              		.loc 1 148 14 view .LVU64
 179 0092 5180     		strh	r1, [r2, #2]	@ movhi
 149:Drivers/CMSIS/DSP/Source/TransformFunctions/arm_dct4_q15.c ****     *pbuff++ = *pS1++;
 180              		.loc 1 149 5 is_stmt 1 view .LVU65
 181              	.LVL24:
 182              		.loc 1 149 16 is_stmt 0 view .LVU66
 183 0094 B3F90410 		ldrsh	r1, [r3, #4]
 184              		.loc 1 149 14 view .LVU67
 185 0098 9180     		strh	r1, [r2, #4]	@ movhi
 150:Drivers/CMSIS/DSP/Source/TransformFunctions/arm_dct4_q15.c ****     *pbuff++ = *pS1++;
 186              		.loc 1 150 5 is_stmt 1 view .LVU68
 187              	.LVL25:
 188              		.loc 1 150 16 is_stmt 0 view .LVU69
 189 009a B3F90600 		ldrsh	r0, [r3, #6]
ARM GAS  /var/folders/n6/c271nzx11xl4r4_m7sqjlt0m0000gn/T//ccYTWeHm.s 			page 7


 190 009e 0833     		adds	r3, r3, #8
 191              	.LVL26:
 192              		.loc 1 150 14 view .LVU70
 193 00a0 D080     		strh	r0, [r2, #6]	@ movhi
 194 00a2 0832     		adds	r2, r2, #8
 195              	.LVL27:
 151:Drivers/CMSIS/DSP/Source/TransformFunctions/arm_dct4_q15.c **** 
 152:Drivers/CMSIS/DSP/Source/TransformFunctions/arm_dct4_q15.c ****     /* Decrement the loop counter */
 153:Drivers/CMSIS/DSP/Source/TransformFunctions/arm_dct4_q15.c ****     i--;
 196              		.loc 1 153 5 is_stmt 1 view .LVU71
 154:Drivers/CMSIS/DSP/Source/TransformFunctions/arm_dct4_q15.c ****   } while (i > 0U);
 197              		.loc 1 154 14 discriminator 1 view .LVU72
 198 00a4 BCF1010C 		subs	ip, ip, #1
 199              	.LVL28:
 200              		.loc 1 154 14 is_stmt 0 discriminator 1 view .LVU73
 201 00a8 EED1     		bne	.L3
 155:Drivers/CMSIS/DSP/Source/TransformFunctions/arm_dct4_q15.c **** 
 156:Drivers/CMSIS/DSP/Source/TransformFunctions/arm_dct4_q15.c **** 
 157:Drivers/CMSIS/DSP/Source/TransformFunctions/arm_dct4_q15.c ****   /* ---------------------------------------------------------
 158:Drivers/CMSIS/DSP/Source/TransformFunctions/arm_dct4_q15.c ****    *     Step2: Calculate RFFT for N-point input
 159:Drivers/CMSIS/DSP/Source/TransformFunctions/arm_dct4_q15.c ****    * ---------------------------------------------------------- */
 160:Drivers/CMSIS/DSP/Source/TransformFunctions/arm_dct4_q15.c ****   /* pInlineBuffer is real input of length N , pState is the complex output of length 2N */
 161:Drivers/CMSIS/DSP/Source/TransformFunctions/arm_dct4_q15.c ****   arm_rfft_q15(S->pRfft, pInlineBuffer, pState);
 202              		.loc 1 161 3 is_stmt 1 view .LVU74
 203 00aa 3246     		mov	r2, r6
 204              	.LVL29:
 205              		.loc 1 161 3 is_stmt 0 view .LVU75
 206 00ac 2146     		mov	r1, r4
 207 00ae 2869     		ldr	r0, [r5, #16]
 208 00b0 FFF7FEFF 		bl	arm_rfft_q15
 209              	.LVL30:
 162:Drivers/CMSIS/DSP/Source/TransformFunctions/arm_dct4_q15.c **** 
 163:Drivers/CMSIS/DSP/Source/TransformFunctions/arm_dct4_q15.c ****  /*----------------------------------------------------------------------
 164:Drivers/CMSIS/DSP/Source/TransformFunctions/arm_dct4_q15.c ****   *  Step3: Multiply the FFT output with the weights.
 165:Drivers/CMSIS/DSP/Source/TransformFunctions/arm_dct4_q15.c ****   *----------------------------------------------------------------------*/
 166:Drivers/CMSIS/DSP/Source/TransformFunctions/arm_dct4_q15.c ****   arm_cmplx_mult_cmplx_q15(pState, weights, pState, S->N);
 210              		.loc 1 166 3 is_stmt 1 view .LVU76
 211 00b4 2B88     		ldrh	r3, [r5]
 212 00b6 3246     		mov	r2, r6
 213 00b8 3946     		mov	r1, r7
 214 00ba 3046     		mov	r0, r6
 215 00bc FFF7FEFF 		bl	arm_cmplx_mult_cmplx_q15
 216              	.LVL31:
 167:Drivers/CMSIS/DSP/Source/TransformFunctions/arm_dct4_q15.c **** 
 168:Drivers/CMSIS/DSP/Source/TransformFunctions/arm_dct4_q15.c ****   /* The output of complex multiplication is in 3.13 format.
 169:Drivers/CMSIS/DSP/Source/TransformFunctions/arm_dct4_q15.c ****    * Hence changing the format of N (i.e. 2*N elements) complex numbers to 1.15 format by shifting 
 170:Drivers/CMSIS/DSP/Source/TransformFunctions/arm_dct4_q15.c ****   arm_shift_q15(pState, 2, pState, S->N * 2);
 217              		.loc 1 170 3 view .LVU77
 218              		.loc 1 170 37 is_stmt 0 view .LVU78
 219 00c0 2B88     		ldrh	r3, [r5]
 220              		.loc 1 170 3 view .LVU79
 221 00c2 5B00     		lsls	r3, r3, #1
 222 00c4 3246     		mov	r2, r6
 223 00c6 0221     		movs	r1, #2
 224 00c8 3046     		mov	r0, r6
 225 00ca FFF7FEFF 		bl	arm_shift_q15
 226              	.LVL32:
ARM GAS  /var/folders/n6/c271nzx11xl4r4_m7sqjlt0m0000gn/T//ccYTWeHm.s 			page 8


 171:Drivers/CMSIS/DSP/Source/TransformFunctions/arm_dct4_q15.c **** 
 172:Drivers/CMSIS/DSP/Source/TransformFunctions/arm_dct4_q15.c ****   /* ----------- Post-processing ---------- */
 173:Drivers/CMSIS/DSP/Source/TransformFunctions/arm_dct4_q15.c ****   /* DCT-IV can be obtained from DCT-II by the equation,
 174:Drivers/CMSIS/DSP/Source/TransformFunctions/arm_dct4_q15.c ****    *       Y4(k) = Y2(k) - Y4(k-1) and Y4(-1) = Y4(0)
 175:Drivers/CMSIS/DSP/Source/TransformFunctions/arm_dct4_q15.c ****    *       Hence, Y4(0) = Y2(0)/2  */
 176:Drivers/CMSIS/DSP/Source/TransformFunctions/arm_dct4_q15.c ****   /* Getting only real part from the output and Converting to DCT-IV */
 177:Drivers/CMSIS/DSP/Source/TransformFunctions/arm_dct4_q15.c **** 
 178:Drivers/CMSIS/DSP/Source/TransformFunctions/arm_dct4_q15.c ****   /* Initializing the loop counter to N >> 2 for loop unrolling by 4 */
 179:Drivers/CMSIS/DSP/Source/TransformFunctions/arm_dct4_q15.c ****   i = ((uint32_t) S->N - 1U) >> 2U;
 227              		.loc 1 179 3 is_stmt 1 view .LVU80
 228              		.loc 1 179 20 is_stmt 0 view .LVU81
 229 00ce 2888     		ldrh	r0, [r5]
 230              		.loc 1 179 24 view .LVU82
 231 00d0 0138     		subs	r0, r0, #1
 232              		.loc 1 179 5 view .LVU83
 233 00d2 8008     		lsrs	r0, r0, #2
 234              	.LVL33:
 180:Drivers/CMSIS/DSP/Source/TransformFunctions/arm_dct4_q15.c **** 
 181:Drivers/CMSIS/DSP/Source/TransformFunctions/arm_dct4_q15.c ****   /* pbuff initialized to input buffer. */
 182:Drivers/CMSIS/DSP/Source/TransformFunctions/arm_dct4_q15.c ****   pbuff = pInlineBuffer;
 235              		.loc 1 182 3 is_stmt 1 view .LVU84
 183:Drivers/CMSIS/DSP/Source/TransformFunctions/arm_dct4_q15.c **** 
 184:Drivers/CMSIS/DSP/Source/TransformFunctions/arm_dct4_q15.c ****   /* pS1 initialized to pState */
 185:Drivers/CMSIS/DSP/Source/TransformFunctions/arm_dct4_q15.c ****   pS1 = pState;
 236              		.loc 1 185 3 view .LVU85
 186:Drivers/CMSIS/DSP/Source/TransformFunctions/arm_dct4_q15.c **** 
 187:Drivers/CMSIS/DSP/Source/TransformFunctions/arm_dct4_q15.c ****   /* Calculating Y4(0) from Y2(0) using Y4(0) = Y2(0)/2 */
 188:Drivers/CMSIS/DSP/Source/TransformFunctions/arm_dct4_q15.c ****   in = *pS1++ >> 1U;
 237              		.loc 1 188 3 view .LVU86
 238              		.loc 1 188 8 is_stmt 0 view .LVU87
 239 00d4 3246     		mov	r2, r6
 240 00d6 32F9043B 		ldrsh	r3, [r2], #4
 241              		.loc 1 188 6 view .LVU88
 242 00da 5B10     		asrs	r3, r3, #1
 243              	.LVL34:
 189:Drivers/CMSIS/DSP/Source/TransformFunctions/arm_dct4_q15.c ****   /* input buffer acts as inplace, so output values are stored in the input itself. */
 190:Drivers/CMSIS/DSP/Source/TransformFunctions/arm_dct4_q15.c ****   *pbuff++ = in;
 244              		.loc 1 190 3 is_stmt 1 view .LVU89
 245              		.loc 1 190 9 is_stmt 0 view .LVU90
 246 00dc A446     		mov	ip, r4
 247              	.LVL35:
 248              		.loc 1 190 12 view .LVU91
 249 00de 2CF8023B 		strh	r3, [ip], #2	@ movhi
 250              	.LVL36:
 191:Drivers/CMSIS/DSP/Source/TransformFunctions/arm_dct4_q15.c **** 
 192:Drivers/CMSIS/DSP/Source/TransformFunctions/arm_dct4_q15.c ****   /* pState pointer is incremented twice as the real values are located alternatively in the array 
 193:Drivers/CMSIS/DSP/Source/TransformFunctions/arm_dct4_q15.c ****   pS1++;
 251              		.loc 1 193 3 is_stmt 1 view .LVU92
 252              	.L4:
 194:Drivers/CMSIS/DSP/Source/TransformFunctions/arm_dct4_q15.c **** 
 195:Drivers/CMSIS/DSP/Source/TransformFunctions/arm_dct4_q15.c ****   /* First part of the processing with loop unrolling.  Compute 4 outputs at a time.
 196:Drivers/CMSIS/DSP/Source/TransformFunctions/arm_dct4_q15.c ****    ** a second loop below computes the remaining 1 to 3 samples. */
 197:Drivers/CMSIS/DSP/Source/TransformFunctions/arm_dct4_q15.c ****   do
 253              		.loc 1 197 3 view .LVU93
 198:Drivers/CMSIS/DSP/Source/TransformFunctions/arm_dct4_q15.c ****   {
 199:Drivers/CMSIS/DSP/Source/TransformFunctions/arm_dct4_q15.c ****     /* Calculating Y4(1) to Y4(N-1) from Y2 using equation Y4(k) = Y2(k) - Y4(k-1) */
 200:Drivers/CMSIS/DSP/Source/TransformFunctions/arm_dct4_q15.c ****     /* pState pointer (pS1) is incremented twice as the real values are located alternatively in th
ARM GAS  /var/folders/n6/c271nzx11xl4r4_m7sqjlt0m0000gn/T//ccYTWeHm.s 			page 9


 201:Drivers/CMSIS/DSP/Source/TransformFunctions/arm_dct4_q15.c ****     in = *pS1++ - in;
 254              		.loc 1 201 5 view .LVU94
 255              		.loc 1 201 10 is_stmt 0 view .LVU95
 256 00e2 1688     		ldrh	r6, [r2]
 257              		.loc 1 201 17 view .LVU96
 258 00e4 9BB2     		uxth	r3, r3
 259              		.loc 1 201 17 view .LVU97
 260 00e6 F11A     		subs	r1, r6, r3
 261              	.LVL37:
 202:Drivers/CMSIS/DSP/Source/TransformFunctions/arm_dct4_q15.c ****     *pbuff++ = in;
 262              		.loc 1 202 5 is_stmt 1 view .LVU98
 263              		.loc 1 202 14 is_stmt 0 view .LVU99
 264 00e8 ACF80010 		strh	r1, [ip]	@ movhi
 203:Drivers/CMSIS/DSP/Source/TransformFunctions/arm_dct4_q15.c ****     /* points to the next real value */
 204:Drivers/CMSIS/DSP/Source/TransformFunctions/arm_dct4_q15.c ****     pS1++;
 265              		.loc 1 204 5 is_stmt 1 view .LVU100
 266              	.LVL38:
 205:Drivers/CMSIS/DSP/Source/TransformFunctions/arm_dct4_q15.c **** 
 206:Drivers/CMSIS/DSP/Source/TransformFunctions/arm_dct4_q15.c ****     in = *pS1++ - in;
 267              		.loc 1 206 5 view .LVU101
 268              		.loc 1 206 10 is_stmt 0 view .LVU102
 269 00ec 9188     		ldrh	r1, [r2, #4]
 270              	.LVL39:
 271              		.loc 1 206 17 view .LVU103
 272 00ee 9B1B     		subs	r3, r3, r6
 273 00f0 0B44     		add	r3, r3, r1
 274 00f2 99B2     		uxth	r1, r3
 275              	.LVL40:
 207:Drivers/CMSIS/DSP/Source/TransformFunctions/arm_dct4_q15.c ****     *pbuff++ = in;
 276              		.loc 1 207 5 is_stmt 1 view .LVU104
 277              		.loc 1 207 14 is_stmt 0 view .LVU105
 278 00f4 ACF80230 		strh	r3, [ip, #2]	@ movhi
 208:Drivers/CMSIS/DSP/Source/TransformFunctions/arm_dct4_q15.c ****     pS1++;
 279              		.loc 1 208 5 is_stmt 1 view .LVU106
 280              	.LVL41:
 209:Drivers/CMSIS/DSP/Source/TransformFunctions/arm_dct4_q15.c **** 
 210:Drivers/CMSIS/DSP/Source/TransformFunctions/arm_dct4_q15.c ****     in = *pS1++ - in;
 281              		.loc 1 210 5 view .LVU107
 282              		.loc 1 210 10 is_stmt 0 view .LVU108
 283 00f8 1689     		ldrh	r6, [r2, #8]
 284              		.loc 1 210 17 view .LVU109
 285 00fa 731A     		subs	r3, r6, r1
 286              	.LVL42:
 211:Drivers/CMSIS/DSP/Source/TransformFunctions/arm_dct4_q15.c ****     *pbuff++ = in;
 287              		.loc 1 211 5 is_stmt 1 view .LVU110
 288              		.loc 1 211 14 is_stmt 0 view .LVU111
 289 00fc ACF80430 		strh	r3, [ip, #4]	@ movhi
 212:Drivers/CMSIS/DSP/Source/TransformFunctions/arm_dct4_q15.c ****     pS1++;
 290              		.loc 1 212 5 is_stmt 1 view .LVU112
 291              	.LVL43:
 213:Drivers/CMSIS/DSP/Source/TransformFunctions/arm_dct4_q15.c **** 
 214:Drivers/CMSIS/DSP/Source/TransformFunctions/arm_dct4_q15.c ****     in = *pS1++ - in;
 292              		.loc 1 214 5 view .LVU113
 293              		.loc 1 214 10 is_stmt 0 view .LVU114
 294 0100 9389     		ldrh	r3, [r2, #12]
 295              	.LVL44:
 296              		.loc 1 214 17 view .LVU115
ARM GAS  /var/folders/n6/c271nzx11xl4r4_m7sqjlt0m0000gn/T//ccYTWeHm.s 			page 10


 297 0102 891B     		subs	r1, r1, r6
 298 0104 0B44     		add	r3, r3, r1
 299              		.loc 1 214 8 view .LVU116
 300 0106 1BB2     		sxth	r3, r3
 301              	.LVL45:
 215:Drivers/CMSIS/DSP/Source/TransformFunctions/arm_dct4_q15.c ****     *pbuff++ = in;
 302              		.loc 1 215 5 is_stmt 1 view .LVU117
 303              		.loc 1 215 14 is_stmt 0 view .LVU118
 304 0108 ACF80630 		strh	r3, [ip, #6]	@ movhi
 305 010c 0CF1080C 		add	ip, ip, #8
 306              	.LVL46:
 216:Drivers/CMSIS/DSP/Source/TransformFunctions/arm_dct4_q15.c ****     pS1++;
 307              		.loc 1 216 5 is_stmt 1 view .LVU119
 308              		.loc 1 216 8 is_stmt 0 view .LVU120
 309 0110 1032     		adds	r2, r2, #16
 310              	.LVL47:
 217:Drivers/CMSIS/DSP/Source/TransformFunctions/arm_dct4_q15.c **** 
 218:Drivers/CMSIS/DSP/Source/TransformFunctions/arm_dct4_q15.c ****     /* Decrement the loop counter */
 219:Drivers/CMSIS/DSP/Source/TransformFunctions/arm_dct4_q15.c ****     i--;
 311              		.loc 1 219 5 is_stmt 1 view .LVU121
 220:Drivers/CMSIS/DSP/Source/TransformFunctions/arm_dct4_q15.c ****   } while (i > 0U);
 312              		.loc 1 220 14 discriminator 1 view .LVU122
 313 0112 0138     		subs	r0, r0, #1
 314              	.LVL48:
 315              		.loc 1 220 14 is_stmt 0 discriminator 1 view .LVU123
 316 0114 E5D1     		bne	.L4
 221:Drivers/CMSIS/DSP/Source/TransformFunctions/arm_dct4_q15.c **** 
 222:Drivers/CMSIS/DSP/Source/TransformFunctions/arm_dct4_q15.c ****   /* If the blockSize is not a multiple of 4, compute any remaining output samples here.
 223:Drivers/CMSIS/DSP/Source/TransformFunctions/arm_dct4_q15.c ****    ** No loop unrolling is used. */
 224:Drivers/CMSIS/DSP/Source/TransformFunctions/arm_dct4_q15.c ****   i = ((uint32_t) S->N - 1U) % 0x4U;
 317              		.loc 1 224 3 is_stmt 1 view .LVU124
 318              		.loc 1 224 20 is_stmt 0 view .LVU125
 319 0116 2988     		ldrh	r1, [r5]
 320              		.loc 1 224 24 view .LVU126
 321 0118 0139     		subs	r1, r1, #1
 322              		.loc 1 224 5 view .LVU127
 323 011a 01F00301 		and	r1, r1, #3
 324              	.LVL49:
 225:Drivers/CMSIS/DSP/Source/TransformFunctions/arm_dct4_q15.c **** 
 226:Drivers/CMSIS/DSP/Source/TransformFunctions/arm_dct4_q15.c ****   while (i > 0U)
 325              		.loc 1 226 3 is_stmt 1 view .LVU128
 326              		.loc 1 226 9 is_stmt 0 view .LVU129
 327 011e 06E0     		b	.L5
 328              	.LVL50:
 329              	.L6:
 227:Drivers/CMSIS/DSP/Source/TransformFunctions/arm_dct4_q15.c ****   {
 228:Drivers/CMSIS/DSP/Source/TransformFunctions/arm_dct4_q15.c ****     /* Calculating Y4(1) to Y4(N-1) from Y2 using equation Y4(k) = Y2(k) - Y4(k-1) */
 229:Drivers/CMSIS/DSP/Source/TransformFunctions/arm_dct4_q15.c ****     /* pState pointer (pS1) is incremented twice as the real values are located alternatively in th
 230:Drivers/CMSIS/DSP/Source/TransformFunctions/arm_dct4_q15.c ****     in = *pS1++ - in;
 330              		.loc 1 230 5 is_stmt 1 view .LVU130
 331              		.loc 1 230 10 is_stmt 0 view .LVU131
 332 0120 32F8040B 		ldrh	r0, [r2], #4
 333              	.LVL51:
 334              		.loc 1 230 17 view .LVU132
 335 0124 C31A     		subs	r3, r0, r3
 336              	.LVL52:
 337              		.loc 1 230 8 view .LVU133
ARM GAS  /var/folders/n6/c271nzx11xl4r4_m7sqjlt0m0000gn/T//ccYTWeHm.s 			page 11


 338 0126 1BB2     		sxth	r3, r3
 339              	.LVL53:
 231:Drivers/CMSIS/DSP/Source/TransformFunctions/arm_dct4_q15.c ****     *pbuff++ = in;
 340              		.loc 1 231 5 is_stmt 1 view .LVU134
 341              		.loc 1 231 14 is_stmt 0 view .LVU135
 342 0128 2CF8023B 		strh	r3, [ip], #2	@ movhi
 343              	.LVL54:
 232:Drivers/CMSIS/DSP/Source/TransformFunctions/arm_dct4_q15.c ****     /* points to the next real value */
 233:Drivers/CMSIS/DSP/Source/TransformFunctions/arm_dct4_q15.c ****     pS1++;
 344              		.loc 1 233 5 is_stmt 1 view .LVU136
 234:Drivers/CMSIS/DSP/Source/TransformFunctions/arm_dct4_q15.c **** 
 235:Drivers/CMSIS/DSP/Source/TransformFunctions/arm_dct4_q15.c ****     /* Decrement the loop counter */
 236:Drivers/CMSIS/DSP/Source/TransformFunctions/arm_dct4_q15.c ****     i--;
 345              		.loc 1 236 5 view .LVU137
 346              		.loc 1 236 6 is_stmt 0 view .LVU138
 347 012c 0139     		subs	r1, r1, #1
 348              	.LVL55:
 349              	.L5:
 226:Drivers/CMSIS/DSP/Source/TransformFunctions/arm_dct4_q15.c ****   {
 350              		.loc 1 226 12 is_stmt 1 view .LVU139
 351 012e 0029     		cmp	r1, #0
 352 0130 F6D1     		bne	.L6
 237:Drivers/CMSIS/DSP/Source/TransformFunctions/arm_dct4_q15.c ****   }
 238:Drivers/CMSIS/DSP/Source/TransformFunctions/arm_dct4_q15.c **** 
 239:Drivers/CMSIS/DSP/Source/TransformFunctions/arm_dct4_q15.c **** 
 240:Drivers/CMSIS/DSP/Source/TransformFunctions/arm_dct4_q15.c ****    /*------------ Normalizing the output by multiplying with the normalizing factor ----------*/
 241:Drivers/CMSIS/DSP/Source/TransformFunctions/arm_dct4_q15.c **** 
 242:Drivers/CMSIS/DSP/Source/TransformFunctions/arm_dct4_q15.c ****   /* Initializing the loop counter to N/4 instead of N for loop unrolling */
 243:Drivers/CMSIS/DSP/Source/TransformFunctions/arm_dct4_q15.c ****   i = (uint32_t) S->N >> 2U;
 353              		.loc 1 243 3 view .LVU140
 354              		.loc 1 243 19 is_stmt 0 view .LVU141
 355 0132 2A88     		ldrh	r2, [r5]
 356              	.LVL56:
 357              		.loc 1 243 23 view .LVU142
 358 0134 9208     		lsrs	r2, r2, #2
 359              	.LVL57:
 244:Drivers/CMSIS/DSP/Source/TransformFunctions/arm_dct4_q15.c **** 
 245:Drivers/CMSIS/DSP/Source/TransformFunctions/arm_dct4_q15.c ****   /* pbuff initialized to the pInlineBuffer(now contains the output values) */
 246:Drivers/CMSIS/DSP/Source/TransformFunctions/arm_dct4_q15.c ****   pbuff = pInlineBuffer;
 360              		.loc 1 246 3 is_stmt 1 view .LVU143
 361              	.L7:
 247:Drivers/CMSIS/DSP/Source/TransformFunctions/arm_dct4_q15.c **** 
 248:Drivers/CMSIS/DSP/Source/TransformFunctions/arm_dct4_q15.c ****   /* Processing with loop unrolling 4 times as N is always multiple of 4.  Compute 4 outputs at a t
 249:Drivers/CMSIS/DSP/Source/TransformFunctions/arm_dct4_q15.c ****   do
 362              		.loc 1 249 3 view .LVU144
 250:Drivers/CMSIS/DSP/Source/TransformFunctions/arm_dct4_q15.c ****   {
 251:Drivers/CMSIS/DSP/Source/TransformFunctions/arm_dct4_q15.c ****     /* Multiplying pInlineBuffer with the normalizing factor sqrt(2/N) */
 252:Drivers/CMSIS/DSP/Source/TransformFunctions/arm_dct4_q15.c ****     in = *pbuff;
 363              		.loc 1 252 5 view .LVU145
 364              		.loc 1 252 8 is_stmt 0 view .LVU146
 365 0136 B4F90030 		ldrsh	r3, [r4]
 366              	.LVL58:
 253:Drivers/CMSIS/DSP/Source/TransformFunctions/arm_dct4_q15.c ****     *pbuff++ = ((q15_t) (((q31_t) in * S->normalize) >> 15));
 367              		.loc 1 253 5 is_stmt 1 view .LVU147
 368              		.loc 1 253 41 is_stmt 0 view .LVU148
 369 013a B5F90410 		ldrsh	r1, [r5, #4]
 370              		.loc 1 253 38 view .LVU149
ARM GAS  /var/folders/n6/c271nzx11xl4r4_m7sqjlt0m0000gn/T//ccYTWeHm.s 			page 12


 371 013e 01FB03F3 		mul	r3, r1, r3
 372              	.LVL59:
 373              		.loc 1 253 17 view .LVU150
 374 0142 43F3CF33 		sbfx	r3, r3, #15, #16
 375              		.loc 1 253 14 view .LVU151
 376 0146 2380     		strh	r3, [r4]	@ movhi
 377              	.LVL60:
 254:Drivers/CMSIS/DSP/Source/TransformFunctions/arm_dct4_q15.c **** 
 255:Drivers/CMSIS/DSP/Source/TransformFunctions/arm_dct4_q15.c ****     in = *pbuff;
 378              		.loc 1 255 5 is_stmt 1 view .LVU152
 379              		.loc 1 255 8 is_stmt 0 view .LVU153
 380 0148 B4F90230 		ldrsh	r3, [r4, #2]
 381              	.LVL61:
 256:Drivers/CMSIS/DSP/Source/TransformFunctions/arm_dct4_q15.c ****     *pbuff++ = ((q15_t) (((q31_t) in * S->normalize) >> 15));
 382              		.loc 1 256 5 is_stmt 1 view .LVU154
 383              		.loc 1 256 41 is_stmt 0 view .LVU155
 384 014c B5F90410 		ldrsh	r1, [r5, #4]
 385              		.loc 1 256 38 view .LVU156
 386 0150 01FB03F3 		mul	r3, r1, r3
 387              	.LVL62:
 388              		.loc 1 256 17 view .LVU157
 389 0154 43F3CF33 		sbfx	r3, r3, #15, #16
 390              		.loc 1 256 14 view .LVU158
 391 0158 6380     		strh	r3, [r4, #2]	@ movhi
 392              	.LVL63:
 257:Drivers/CMSIS/DSP/Source/TransformFunctions/arm_dct4_q15.c **** 
 258:Drivers/CMSIS/DSP/Source/TransformFunctions/arm_dct4_q15.c ****     in = *pbuff;
 393              		.loc 1 258 5 is_stmt 1 view .LVU159
 394              		.loc 1 258 8 is_stmt 0 view .LVU160
 395 015a B4F90430 		ldrsh	r3, [r4, #4]
 396              	.LVL64:
 259:Drivers/CMSIS/DSP/Source/TransformFunctions/arm_dct4_q15.c ****     *pbuff++ = ((q15_t) (((q31_t) in * S->normalize) >> 15));
 397              		.loc 1 259 5 is_stmt 1 view .LVU161
 398              		.loc 1 259 41 is_stmt 0 view .LVU162
 399 015e B5F90410 		ldrsh	r1, [r5, #4]
 400              		.loc 1 259 38 view .LVU163
 401 0162 01FB03F3 		mul	r3, r1, r3
 402              	.LVL65:
 403              		.loc 1 259 17 view .LVU164
 404 0166 43F3CF33 		sbfx	r3, r3, #15, #16
 405              		.loc 1 259 14 view .LVU165
 406 016a A380     		strh	r3, [r4, #4]	@ movhi
 407              	.LVL66:
 260:Drivers/CMSIS/DSP/Source/TransformFunctions/arm_dct4_q15.c **** 
 261:Drivers/CMSIS/DSP/Source/TransformFunctions/arm_dct4_q15.c ****     in = *pbuff;
 408              		.loc 1 261 5 is_stmt 1 view .LVU166
 409              		.loc 1 261 8 is_stmt 0 view .LVU167
 410 016c B4F90630 		ldrsh	r3, [r4, #6]
 411              	.LVL67:
 262:Drivers/CMSIS/DSP/Source/TransformFunctions/arm_dct4_q15.c ****     *pbuff++ = ((q15_t) (((q31_t) in * S->normalize) >> 15));
 412              		.loc 1 262 5 is_stmt 1 view .LVU168
 413              		.loc 1 262 41 is_stmt 0 view .LVU169
 414 0170 B5F90410 		ldrsh	r1, [r5, #4]
 415              		.loc 1 262 38 view .LVU170
 416 0174 01FB03F3 		mul	r3, r1, r3
 417              	.LVL68:
 418              		.loc 1 262 17 view .LVU171
ARM GAS  /var/folders/n6/c271nzx11xl4r4_m7sqjlt0m0000gn/T//ccYTWeHm.s 			page 13


 419 0178 43F3CF33 		sbfx	r3, r3, #15, #16
 420              		.loc 1 262 14 view .LVU172
 421 017c E380     		strh	r3, [r4, #6]	@ movhi
 422              	.LVL69:
 423              		.loc 1 262 14 view .LVU173
 424 017e 0834     		adds	r4, r4, #8
 425              	.LVL70:
 263:Drivers/CMSIS/DSP/Source/TransformFunctions/arm_dct4_q15.c **** 
 264:Drivers/CMSIS/DSP/Source/TransformFunctions/arm_dct4_q15.c ****     /* Decrement the loop counter */
 265:Drivers/CMSIS/DSP/Source/TransformFunctions/arm_dct4_q15.c ****     i--;
 426              		.loc 1 265 5 is_stmt 1 view .LVU174
 266:Drivers/CMSIS/DSP/Source/TransformFunctions/arm_dct4_q15.c ****   } while (i > 0U);
 427              		.loc 1 266 14 discriminator 1 view .LVU175
 428 0180 013A     		subs	r2, r2, #1
 429              	.LVL71:
 430              		.loc 1 266 14 is_stmt 0 discriminator 1 view .LVU176
 431 0182 D8D1     		bne	.L7
 267:Drivers/CMSIS/DSP/Source/TransformFunctions/arm_dct4_q15.c **** 
 268:Drivers/CMSIS/DSP/Source/TransformFunctions/arm_dct4_q15.c **** 
 269:Drivers/CMSIS/DSP/Source/TransformFunctions/arm_dct4_q15.c **** #else
 270:Drivers/CMSIS/DSP/Source/TransformFunctions/arm_dct4_q15.c **** 
 271:Drivers/CMSIS/DSP/Source/TransformFunctions/arm_dct4_q15.c ****   /* Run the below code for Cortex-M0 */
 272:Drivers/CMSIS/DSP/Source/TransformFunctions/arm_dct4_q15.c **** 
 273:Drivers/CMSIS/DSP/Source/TransformFunctions/arm_dct4_q15.c ****   /* Initializing the loop counter to N/2 */
 274:Drivers/CMSIS/DSP/Source/TransformFunctions/arm_dct4_q15.c ****   i = (uint32_t) S->Nby2;
 275:Drivers/CMSIS/DSP/Source/TransformFunctions/arm_dct4_q15.c **** 
 276:Drivers/CMSIS/DSP/Source/TransformFunctions/arm_dct4_q15.c ****   do
 277:Drivers/CMSIS/DSP/Source/TransformFunctions/arm_dct4_q15.c ****   {
 278:Drivers/CMSIS/DSP/Source/TransformFunctions/arm_dct4_q15.c ****     /* Re-ordering of even and odd elements */
 279:Drivers/CMSIS/DSP/Source/TransformFunctions/arm_dct4_q15.c ****     /* pState[i] =  pInlineBuffer[2*i] */
 280:Drivers/CMSIS/DSP/Source/TransformFunctions/arm_dct4_q15.c ****     *pS1++ = *pbuff++;
 281:Drivers/CMSIS/DSP/Source/TransformFunctions/arm_dct4_q15.c ****     /* pState[N-i-1] = pInlineBuffer[2*i+1] */
 282:Drivers/CMSIS/DSP/Source/TransformFunctions/arm_dct4_q15.c ****     *pS2-- = *pbuff++;
 283:Drivers/CMSIS/DSP/Source/TransformFunctions/arm_dct4_q15.c **** 
 284:Drivers/CMSIS/DSP/Source/TransformFunctions/arm_dct4_q15.c ****     /* Decrement the loop counter */
 285:Drivers/CMSIS/DSP/Source/TransformFunctions/arm_dct4_q15.c ****     i--;
 286:Drivers/CMSIS/DSP/Source/TransformFunctions/arm_dct4_q15.c ****   } while (i > 0U);
 287:Drivers/CMSIS/DSP/Source/TransformFunctions/arm_dct4_q15.c **** 
 288:Drivers/CMSIS/DSP/Source/TransformFunctions/arm_dct4_q15.c ****   /* pbuff initialized to input buffer */
 289:Drivers/CMSIS/DSP/Source/TransformFunctions/arm_dct4_q15.c ****   pbuff = pInlineBuffer;
 290:Drivers/CMSIS/DSP/Source/TransformFunctions/arm_dct4_q15.c **** 
 291:Drivers/CMSIS/DSP/Source/TransformFunctions/arm_dct4_q15.c ****   /* pS1 initialized to pState */
 292:Drivers/CMSIS/DSP/Source/TransformFunctions/arm_dct4_q15.c ****   pS1 = pState;
 293:Drivers/CMSIS/DSP/Source/TransformFunctions/arm_dct4_q15.c **** 
 294:Drivers/CMSIS/DSP/Source/TransformFunctions/arm_dct4_q15.c ****   /* Initializing the loop counter */
 295:Drivers/CMSIS/DSP/Source/TransformFunctions/arm_dct4_q15.c ****   i = (uint32_t) S->N;
 296:Drivers/CMSIS/DSP/Source/TransformFunctions/arm_dct4_q15.c **** 
 297:Drivers/CMSIS/DSP/Source/TransformFunctions/arm_dct4_q15.c ****   do
 298:Drivers/CMSIS/DSP/Source/TransformFunctions/arm_dct4_q15.c ****   {
 299:Drivers/CMSIS/DSP/Source/TransformFunctions/arm_dct4_q15.c ****     /* Writing the re-ordered output back to inplace input buffer */
 300:Drivers/CMSIS/DSP/Source/TransformFunctions/arm_dct4_q15.c ****     *pbuff++ = *pS1++;
 301:Drivers/CMSIS/DSP/Source/TransformFunctions/arm_dct4_q15.c **** 
 302:Drivers/CMSIS/DSP/Source/TransformFunctions/arm_dct4_q15.c ****     /* Decrement the loop counter */
 303:Drivers/CMSIS/DSP/Source/TransformFunctions/arm_dct4_q15.c ****     i--;
 304:Drivers/CMSIS/DSP/Source/TransformFunctions/arm_dct4_q15.c ****   } while (i > 0U);
 305:Drivers/CMSIS/DSP/Source/TransformFunctions/arm_dct4_q15.c **** 
 306:Drivers/CMSIS/DSP/Source/TransformFunctions/arm_dct4_q15.c **** 
ARM GAS  /var/folders/n6/c271nzx11xl4r4_m7sqjlt0m0000gn/T//ccYTWeHm.s 			page 14


 307:Drivers/CMSIS/DSP/Source/TransformFunctions/arm_dct4_q15.c ****   /* ---------------------------------------------------------
 308:Drivers/CMSIS/DSP/Source/TransformFunctions/arm_dct4_q15.c ****    *     Step2: Calculate RFFT for N-point input
 309:Drivers/CMSIS/DSP/Source/TransformFunctions/arm_dct4_q15.c ****    * ---------------------------------------------------------- */
 310:Drivers/CMSIS/DSP/Source/TransformFunctions/arm_dct4_q15.c ****   /* pInlineBuffer is real input of length N , pState is the complex output of length 2N */
 311:Drivers/CMSIS/DSP/Source/TransformFunctions/arm_dct4_q15.c ****   arm_rfft_q15(S->pRfft, pInlineBuffer, pState);
 312:Drivers/CMSIS/DSP/Source/TransformFunctions/arm_dct4_q15.c **** 
 313:Drivers/CMSIS/DSP/Source/TransformFunctions/arm_dct4_q15.c ****  /*----------------------------------------------------------------------
 314:Drivers/CMSIS/DSP/Source/TransformFunctions/arm_dct4_q15.c ****   *  Step3: Multiply the FFT output with the weights.
 315:Drivers/CMSIS/DSP/Source/TransformFunctions/arm_dct4_q15.c ****   *----------------------------------------------------------------------*/
 316:Drivers/CMSIS/DSP/Source/TransformFunctions/arm_dct4_q15.c ****   arm_cmplx_mult_cmplx_q15(pState, weights, pState, S->N);
 317:Drivers/CMSIS/DSP/Source/TransformFunctions/arm_dct4_q15.c **** 
 318:Drivers/CMSIS/DSP/Source/TransformFunctions/arm_dct4_q15.c ****   /* The output of complex multiplication is in 3.13 format.
 319:Drivers/CMSIS/DSP/Source/TransformFunctions/arm_dct4_q15.c ****    * Hence changing the format of N (i.e. 2*N elements) complex numbers to 1.15 format by shifting 
 320:Drivers/CMSIS/DSP/Source/TransformFunctions/arm_dct4_q15.c ****   arm_shift_q15(pState, 2, pState, S->N * 2);
 321:Drivers/CMSIS/DSP/Source/TransformFunctions/arm_dct4_q15.c **** 
 322:Drivers/CMSIS/DSP/Source/TransformFunctions/arm_dct4_q15.c ****   /* ----------- Post-processing ---------- */
 323:Drivers/CMSIS/DSP/Source/TransformFunctions/arm_dct4_q15.c ****   /* DCT-IV can be obtained from DCT-II by the equation,
 324:Drivers/CMSIS/DSP/Source/TransformFunctions/arm_dct4_q15.c ****    *       Y4(k) = Y2(k) - Y4(k-1) and Y4(-1) = Y4(0)
 325:Drivers/CMSIS/DSP/Source/TransformFunctions/arm_dct4_q15.c ****    *       Hence, Y4(0) = Y2(0)/2  */
 326:Drivers/CMSIS/DSP/Source/TransformFunctions/arm_dct4_q15.c ****   /* Getting only real part from the output and Converting to DCT-IV */
 327:Drivers/CMSIS/DSP/Source/TransformFunctions/arm_dct4_q15.c **** 
 328:Drivers/CMSIS/DSP/Source/TransformFunctions/arm_dct4_q15.c ****   /* Initializing the loop counter */
 329:Drivers/CMSIS/DSP/Source/TransformFunctions/arm_dct4_q15.c ****   i = ((uint32_t) S->N - 1U);
 330:Drivers/CMSIS/DSP/Source/TransformFunctions/arm_dct4_q15.c **** 
 331:Drivers/CMSIS/DSP/Source/TransformFunctions/arm_dct4_q15.c ****   /* pbuff initialized to input buffer. */
 332:Drivers/CMSIS/DSP/Source/TransformFunctions/arm_dct4_q15.c ****   pbuff = pInlineBuffer;
 333:Drivers/CMSIS/DSP/Source/TransformFunctions/arm_dct4_q15.c **** 
 334:Drivers/CMSIS/DSP/Source/TransformFunctions/arm_dct4_q15.c ****   /* pS1 initialized to pState */
 335:Drivers/CMSIS/DSP/Source/TransformFunctions/arm_dct4_q15.c ****   pS1 = pState;
 336:Drivers/CMSIS/DSP/Source/TransformFunctions/arm_dct4_q15.c **** 
 337:Drivers/CMSIS/DSP/Source/TransformFunctions/arm_dct4_q15.c ****   /* Calculating Y4(0) from Y2(0) using Y4(0) = Y2(0)/2 */
 338:Drivers/CMSIS/DSP/Source/TransformFunctions/arm_dct4_q15.c ****   in = *pS1++ >> 1U;
 339:Drivers/CMSIS/DSP/Source/TransformFunctions/arm_dct4_q15.c ****   /* input buffer acts as inplace, so output values are stored in the input itself. */
 340:Drivers/CMSIS/DSP/Source/TransformFunctions/arm_dct4_q15.c ****   *pbuff++ = in;
 341:Drivers/CMSIS/DSP/Source/TransformFunctions/arm_dct4_q15.c **** 
 342:Drivers/CMSIS/DSP/Source/TransformFunctions/arm_dct4_q15.c ****   /* pState pointer is incremented twice as the real values are located alternatively in the array 
 343:Drivers/CMSIS/DSP/Source/TransformFunctions/arm_dct4_q15.c ****   pS1++;
 344:Drivers/CMSIS/DSP/Source/TransformFunctions/arm_dct4_q15.c **** 
 345:Drivers/CMSIS/DSP/Source/TransformFunctions/arm_dct4_q15.c ****   do
 346:Drivers/CMSIS/DSP/Source/TransformFunctions/arm_dct4_q15.c ****   {
 347:Drivers/CMSIS/DSP/Source/TransformFunctions/arm_dct4_q15.c ****     /* Calculating Y4(1) to Y4(N-1) from Y2 using equation Y4(k) = Y2(k) - Y4(k-1) */
 348:Drivers/CMSIS/DSP/Source/TransformFunctions/arm_dct4_q15.c ****     /* pState pointer (pS1) is incremented twice as the real values are located alternatively in th
 349:Drivers/CMSIS/DSP/Source/TransformFunctions/arm_dct4_q15.c ****     in = *pS1++ - in;
 350:Drivers/CMSIS/DSP/Source/TransformFunctions/arm_dct4_q15.c ****     *pbuff++ = in;
 351:Drivers/CMSIS/DSP/Source/TransformFunctions/arm_dct4_q15.c ****     /* points to the next real value */
 352:Drivers/CMSIS/DSP/Source/TransformFunctions/arm_dct4_q15.c ****     pS1++;
 353:Drivers/CMSIS/DSP/Source/TransformFunctions/arm_dct4_q15.c **** 
 354:Drivers/CMSIS/DSP/Source/TransformFunctions/arm_dct4_q15.c ****     /* Decrement the loop counter */
 355:Drivers/CMSIS/DSP/Source/TransformFunctions/arm_dct4_q15.c ****     i--;
 356:Drivers/CMSIS/DSP/Source/TransformFunctions/arm_dct4_q15.c ****   } while (i > 0U);
 357:Drivers/CMSIS/DSP/Source/TransformFunctions/arm_dct4_q15.c **** 
 358:Drivers/CMSIS/DSP/Source/TransformFunctions/arm_dct4_q15.c ****    /*------------ Normalizing the output by multiplying with the normalizing factor ----------*/
 359:Drivers/CMSIS/DSP/Source/TransformFunctions/arm_dct4_q15.c **** 
 360:Drivers/CMSIS/DSP/Source/TransformFunctions/arm_dct4_q15.c ****   /* Initializing the loop counter */
 361:Drivers/CMSIS/DSP/Source/TransformFunctions/arm_dct4_q15.c ****   i = (uint32_t) S->N;
 362:Drivers/CMSIS/DSP/Source/TransformFunctions/arm_dct4_q15.c **** 
 363:Drivers/CMSIS/DSP/Source/TransformFunctions/arm_dct4_q15.c ****   /* pbuff initialized to the pInlineBuffer(now contains the output values) */
ARM GAS  /var/folders/n6/c271nzx11xl4r4_m7sqjlt0m0000gn/T//ccYTWeHm.s 			page 15


 364:Drivers/CMSIS/DSP/Source/TransformFunctions/arm_dct4_q15.c ****   pbuff = pInlineBuffer;
 365:Drivers/CMSIS/DSP/Source/TransformFunctions/arm_dct4_q15.c **** 
 366:Drivers/CMSIS/DSP/Source/TransformFunctions/arm_dct4_q15.c ****   do
 367:Drivers/CMSIS/DSP/Source/TransformFunctions/arm_dct4_q15.c ****   {
 368:Drivers/CMSIS/DSP/Source/TransformFunctions/arm_dct4_q15.c ****     /* Multiplying pInlineBuffer with the normalizing factor sqrt(2/N) */
 369:Drivers/CMSIS/DSP/Source/TransformFunctions/arm_dct4_q15.c ****     in = *pbuff;
 370:Drivers/CMSIS/DSP/Source/TransformFunctions/arm_dct4_q15.c ****     *pbuff++ = ((q15_t) (((q31_t) in * S->normalize) >> 15));
 371:Drivers/CMSIS/DSP/Source/TransformFunctions/arm_dct4_q15.c **** 
 372:Drivers/CMSIS/DSP/Source/TransformFunctions/arm_dct4_q15.c ****     /* Decrement the loop counter */
 373:Drivers/CMSIS/DSP/Source/TransformFunctions/arm_dct4_q15.c ****     i--;
 374:Drivers/CMSIS/DSP/Source/TransformFunctions/arm_dct4_q15.c ****   } while (i > 0U);
 375:Drivers/CMSIS/DSP/Source/TransformFunctions/arm_dct4_q15.c **** 
 376:Drivers/CMSIS/DSP/Source/TransformFunctions/arm_dct4_q15.c **** #endif /* #if defined (ARM_MATH_DSP) */
 377:Drivers/CMSIS/DSP/Source/TransformFunctions/arm_dct4_q15.c **** 
 378:Drivers/CMSIS/DSP/Source/TransformFunctions/arm_dct4_q15.c **** }
 432              		.loc 1 378 1 view .LVU177
 433 0184 F8BD     		pop	{r3, r4, r5, r6, r7, pc}
 434              		.loc 1 378 1 view .LVU178
 435              		.cfi_endproc
 436              	.LFE135:
 438              		.text
 439              	.Letext0:
 440              		.file 2 "/Users/killian/Library/Application Support/Code/User/globalStorage/bmd.stm32-for-vscode/@
 441              		.file 3 "/Users/killian/Library/Application Support/Code/User/globalStorage/bmd.stm32-for-vscode/@
 442              		.file 4 "Drivers/CMSIS/DSP/Include/arm_math.h"
ARM GAS  /var/folders/n6/c271nzx11xl4r4_m7sqjlt0m0000gn/T//ccYTWeHm.s 			page 16


DEFINED SYMBOLS
                            *ABS*:00000000 arm_dct4_q15.c
/var/folders/n6/c271nzx11xl4r4_m7sqjlt0m0000gn/T//ccYTWeHm.s:20     .text.arm_dct4_q15:00000000 $t
/var/folders/n6/c271nzx11xl4r4_m7sqjlt0m0000gn/T//ccYTWeHm.s:26     .text.arm_dct4_q15:00000000 arm_dct4_q15

UNDEFINED SYMBOLS
arm_mult_q15
arm_shift_q15
arm_rfft_q15
arm_cmplx_mult_cmplx_q15
