ARM GAS  /var/folders/n6/c271nzx11xl4r4_m7sqjlt0m0000gn/T//cchNk5Z5.s 			page 1


   1              		.cpu cortex-m7
   2              		.arch armv7e-m
   3              		.fpu fpv5-d16
   4              		.eabi_attribute 28, 1
   5              		.eabi_attribute 20, 1
   6              		.eabi_attribute 21, 1
   7              		.eabi_attribute 23, 3
   8              		.eabi_attribute 24, 1
   9              		.eabi_attribute 25, 1
  10              		.eabi_attribute 26, 1
  11              		.eabi_attribute 30, 1
  12              		.eabi_attribute 34, 1
  13              		.eabi_attribute 18, 4
  14              		.file	"arm_fir_q7.c"
  15              		.text
  16              	.Ltext0:
  17              		.cfi_sections	.debug_frame
  18              		.file 1 "Drivers/CMSIS/DSP/Source/FilteringFunctions/arm_fir_q7.c"
  19              		.section	.text.arm_fir_q7,"ax",%progbits
  20              		.align	1
  21              		.global	arm_fir_q7
  22              		.syntax unified
  23              		.thumb
  24              		.thumb_func
  26              	arm_fir_q7:
  27              	.LVL0:
  28              	.LFB135:
   1:Drivers/CMSIS/DSP/Source/FilteringFunctions/arm_fir_q7.c **** /* ----------------------------------------------------------------------
   2:Drivers/CMSIS/DSP/Source/FilteringFunctions/arm_fir_q7.c ****  * Project:      CMSIS DSP Library
   3:Drivers/CMSIS/DSP/Source/FilteringFunctions/arm_fir_q7.c ****  * Title:        arm_fir_q7.c
   4:Drivers/CMSIS/DSP/Source/FilteringFunctions/arm_fir_q7.c ****  * Description:  Q7 FIR filter processing function
   5:Drivers/CMSIS/DSP/Source/FilteringFunctions/arm_fir_q7.c ****  *
   6:Drivers/CMSIS/DSP/Source/FilteringFunctions/arm_fir_q7.c ****  * $Date:        27. January 2017
   7:Drivers/CMSIS/DSP/Source/FilteringFunctions/arm_fir_q7.c ****  * $Revision:    V.1.5.1
   8:Drivers/CMSIS/DSP/Source/FilteringFunctions/arm_fir_q7.c ****  *
   9:Drivers/CMSIS/DSP/Source/FilteringFunctions/arm_fir_q7.c ****  * Target Processor: Cortex-M cores
  10:Drivers/CMSIS/DSP/Source/FilteringFunctions/arm_fir_q7.c ****  * -------------------------------------------------------------------- */
  11:Drivers/CMSIS/DSP/Source/FilteringFunctions/arm_fir_q7.c **** /*
  12:Drivers/CMSIS/DSP/Source/FilteringFunctions/arm_fir_q7.c ****  * Copyright (C) 2010-2017 ARM Limited or its affiliates. All rights reserved.
  13:Drivers/CMSIS/DSP/Source/FilteringFunctions/arm_fir_q7.c ****  *
  14:Drivers/CMSIS/DSP/Source/FilteringFunctions/arm_fir_q7.c ****  * SPDX-License-Identifier: Apache-2.0
  15:Drivers/CMSIS/DSP/Source/FilteringFunctions/arm_fir_q7.c ****  *
  16:Drivers/CMSIS/DSP/Source/FilteringFunctions/arm_fir_q7.c ****  * Licensed under the Apache License, Version 2.0 (the License); you may
  17:Drivers/CMSIS/DSP/Source/FilteringFunctions/arm_fir_q7.c ****  * not use this file except in compliance with the License.
  18:Drivers/CMSIS/DSP/Source/FilteringFunctions/arm_fir_q7.c ****  * You may obtain a copy of the License at
  19:Drivers/CMSIS/DSP/Source/FilteringFunctions/arm_fir_q7.c ****  *
  20:Drivers/CMSIS/DSP/Source/FilteringFunctions/arm_fir_q7.c ****  * www.apache.org/licenses/LICENSE-2.0
  21:Drivers/CMSIS/DSP/Source/FilteringFunctions/arm_fir_q7.c ****  *
  22:Drivers/CMSIS/DSP/Source/FilteringFunctions/arm_fir_q7.c ****  * Unless required by applicable law or agreed to in writing, software
  23:Drivers/CMSIS/DSP/Source/FilteringFunctions/arm_fir_q7.c ****  * distributed under the License is distributed on an AS IS BASIS, WITHOUT
  24:Drivers/CMSIS/DSP/Source/FilteringFunctions/arm_fir_q7.c ****  * WARRANTIES OR CONDITIONS OF ANY KIND, either express or implied.
  25:Drivers/CMSIS/DSP/Source/FilteringFunctions/arm_fir_q7.c ****  * See the License for the specific language governing permissions and
  26:Drivers/CMSIS/DSP/Source/FilteringFunctions/arm_fir_q7.c ****  * limitations under the License.
  27:Drivers/CMSIS/DSP/Source/FilteringFunctions/arm_fir_q7.c ****  */
  28:Drivers/CMSIS/DSP/Source/FilteringFunctions/arm_fir_q7.c **** 
  29:Drivers/CMSIS/DSP/Source/FilteringFunctions/arm_fir_q7.c **** #include "arm_math.h"
  30:Drivers/CMSIS/DSP/Source/FilteringFunctions/arm_fir_q7.c **** 
ARM GAS  /var/folders/n6/c271nzx11xl4r4_m7sqjlt0m0000gn/T//cchNk5Z5.s 			page 2


  31:Drivers/CMSIS/DSP/Source/FilteringFunctions/arm_fir_q7.c **** /**
  32:Drivers/CMSIS/DSP/Source/FilteringFunctions/arm_fir_q7.c ****  * @ingroup groupFilters
  33:Drivers/CMSIS/DSP/Source/FilteringFunctions/arm_fir_q7.c ****  */
  34:Drivers/CMSIS/DSP/Source/FilteringFunctions/arm_fir_q7.c **** 
  35:Drivers/CMSIS/DSP/Source/FilteringFunctions/arm_fir_q7.c **** /**
  36:Drivers/CMSIS/DSP/Source/FilteringFunctions/arm_fir_q7.c ****  * @addtogroup FIR
  37:Drivers/CMSIS/DSP/Source/FilteringFunctions/arm_fir_q7.c ****  * @{
  38:Drivers/CMSIS/DSP/Source/FilteringFunctions/arm_fir_q7.c ****  */
  39:Drivers/CMSIS/DSP/Source/FilteringFunctions/arm_fir_q7.c **** 
  40:Drivers/CMSIS/DSP/Source/FilteringFunctions/arm_fir_q7.c **** /**
  41:Drivers/CMSIS/DSP/Source/FilteringFunctions/arm_fir_q7.c ****  * @param[in]   *S points to an instance of the Q7 FIR filter structure.
  42:Drivers/CMSIS/DSP/Source/FilteringFunctions/arm_fir_q7.c ****  * @param[in]   *pSrc points to the block of input data.
  43:Drivers/CMSIS/DSP/Source/FilteringFunctions/arm_fir_q7.c ****  * @param[out]  *pDst points to the block of output data.
  44:Drivers/CMSIS/DSP/Source/FilteringFunctions/arm_fir_q7.c ****  * @param[in]   blockSize number of samples to process per call.
  45:Drivers/CMSIS/DSP/Source/FilteringFunctions/arm_fir_q7.c ****  * @return 	none.
  46:Drivers/CMSIS/DSP/Source/FilteringFunctions/arm_fir_q7.c ****  *
  47:Drivers/CMSIS/DSP/Source/FilteringFunctions/arm_fir_q7.c ****  * <b>Scaling and Overflow Behavior:</b>
  48:Drivers/CMSIS/DSP/Source/FilteringFunctions/arm_fir_q7.c ****  * \par
  49:Drivers/CMSIS/DSP/Source/FilteringFunctions/arm_fir_q7.c ****  * The function is implemented using a 32-bit internal accumulator.
  50:Drivers/CMSIS/DSP/Source/FilteringFunctions/arm_fir_q7.c ****  * Both coefficients and state variables are represented in 1.7 format and multiplications yield a 
  51:Drivers/CMSIS/DSP/Source/FilteringFunctions/arm_fir_q7.c ****  * The 2.14 intermediate results are accumulated in a 32-bit accumulator in 18.14 format.
  52:Drivers/CMSIS/DSP/Source/FilteringFunctions/arm_fir_q7.c ****  * There is no risk of internal overflow with this approach and the full precision of intermediate 
  53:Drivers/CMSIS/DSP/Source/FilteringFunctions/arm_fir_q7.c ****  * The accumulator is converted to 18.7 format by discarding the low 7 bits.
  54:Drivers/CMSIS/DSP/Source/FilteringFunctions/arm_fir_q7.c ****  * Finally, the result is truncated to 1.7 format.
  55:Drivers/CMSIS/DSP/Source/FilteringFunctions/arm_fir_q7.c ****  */
  56:Drivers/CMSIS/DSP/Source/FilteringFunctions/arm_fir_q7.c **** 
  57:Drivers/CMSIS/DSP/Source/FilteringFunctions/arm_fir_q7.c **** void arm_fir_q7(
  58:Drivers/CMSIS/DSP/Source/FilteringFunctions/arm_fir_q7.c ****   const arm_fir_instance_q7 * S,
  59:Drivers/CMSIS/DSP/Source/FilteringFunctions/arm_fir_q7.c ****   q7_t * pSrc,
  60:Drivers/CMSIS/DSP/Source/FilteringFunctions/arm_fir_q7.c ****   q7_t * pDst,
  61:Drivers/CMSIS/DSP/Source/FilteringFunctions/arm_fir_q7.c ****   uint32_t blockSize)
  62:Drivers/CMSIS/DSP/Source/FilteringFunctions/arm_fir_q7.c **** {
  29              		.loc 1 62 1 view -0
  30              		.cfi_startproc
  31              		@ args = 0, pretend = 0, frame = 40
  32              		@ frame_needed = 0, uses_anonymous_args = 0
  33              		.loc 1 62 1 is_stmt 0 view .LVU1
  34 0000 2DE9F04F 		push	{r4, r5, r6, r7, r8, r9, r10, fp, lr}
  35              		.cfi_def_cfa_offset 36
  36              		.cfi_offset 4, -36
  37              		.cfi_offset 5, -32
  38              		.cfi_offset 6, -28
  39              		.cfi_offset 7, -24
  40              		.cfi_offset 8, -20
  41              		.cfi_offset 9, -16
  42              		.cfi_offset 10, -12
  43              		.cfi_offset 11, -8
  44              		.cfi_offset 14, -4
  45 0004 8BB0     		sub	sp, sp, #44
  46              		.cfi_def_cfa_offset 80
  47 0006 9346     		mov	fp, r2
  48 0008 1D46     		mov	r5, r3
  63:Drivers/CMSIS/DSP/Source/FilteringFunctions/arm_fir_q7.c **** 
  64:Drivers/CMSIS/DSP/Source/FilteringFunctions/arm_fir_q7.c **** #if defined (ARM_MATH_DSP)
  65:Drivers/CMSIS/DSP/Source/FilteringFunctions/arm_fir_q7.c **** 
  66:Drivers/CMSIS/DSP/Source/FilteringFunctions/arm_fir_q7.c ****   /* Run the below code for Cortex-M4 and Cortex-M3 */
  67:Drivers/CMSIS/DSP/Source/FilteringFunctions/arm_fir_q7.c **** 
ARM GAS  /var/folders/n6/c271nzx11xl4r4_m7sqjlt0m0000gn/T//cchNk5Z5.s 			page 3


  68:Drivers/CMSIS/DSP/Source/FilteringFunctions/arm_fir_q7.c ****   q7_t *pState = S->pState;                      /* State pointer */
  49              		.loc 1 68 3 is_stmt 1 view .LVU2
  50              		.loc 1 68 9 is_stmt 0 view .LVU3
  51 000a 4368     		ldr	r3, [r0, #4]
  52              	.LVL1:
  69:Drivers/CMSIS/DSP/Source/FilteringFunctions/arm_fir_q7.c ****   q7_t *pCoeffs = S->pCoeffs;                    /* Coefficient pointer */
  53              		.loc 1 69 3 is_stmt 1 view .LVU4
  54              		.loc 1 69 9 is_stmt 0 view .LVU5
  55 000c 8268     		ldr	r2, [r0, #8]
  56              	.LVL2:
  57              		.loc 1 69 9 view .LVU6
  58 000e 0292     		str	r2, [sp, #8]
  59              	.LVL3:
  70:Drivers/CMSIS/DSP/Source/FilteringFunctions/arm_fir_q7.c ****   q7_t *pStateCurnt;                             /* Points to the current sample of the state */
  60              		.loc 1 70 3 is_stmt 1 view .LVU7
  71:Drivers/CMSIS/DSP/Source/FilteringFunctions/arm_fir_q7.c ****   q7_t x0, x1, x2, x3;                           /* Temporary variables to hold state */
  61              		.loc 1 71 3 view .LVU8
  72:Drivers/CMSIS/DSP/Source/FilteringFunctions/arm_fir_q7.c ****   q7_t c0;                                       /* Temporary variable to hold coefficient value */
  62              		.loc 1 72 3 view .LVU9
  73:Drivers/CMSIS/DSP/Source/FilteringFunctions/arm_fir_q7.c ****   q7_t *px;                                      /* Temporary pointer for state */
  63              		.loc 1 73 3 view .LVU10
  74:Drivers/CMSIS/DSP/Source/FilteringFunctions/arm_fir_q7.c ****   q7_t *pb;                                      /* Temporary pointer for coefficient buffer */
  64              		.loc 1 74 3 view .LVU11
  75:Drivers/CMSIS/DSP/Source/FilteringFunctions/arm_fir_q7.c ****   q31_t acc0, acc1, acc2, acc3;                  /* Accumulators */
  65              		.loc 1 75 3 view .LVU12
  76:Drivers/CMSIS/DSP/Source/FilteringFunctions/arm_fir_q7.c ****   uint32_t numTaps = S->numTaps;                 /* Number of filter coefficients in the filter */
  66              		.loc 1 76 3 view .LVU13
  67              		.loc 1 76 23 is_stmt 0 view .LVU14
  68 0010 0288     		ldrh	r2, [r0]
  69              	.LVL4:
  70              		.loc 1 76 23 view .LVU15
  71 0012 0192     		str	r2, [sp, #4]
  72              	.LVL5:
  77:Drivers/CMSIS/DSP/Source/FilteringFunctions/arm_fir_q7.c ****   uint32_t i, tapCnt, blkCnt;                    /* Loop counters */
  73              		.loc 1 77 3 is_stmt 1 view .LVU16
  78:Drivers/CMSIS/DSP/Source/FilteringFunctions/arm_fir_q7.c **** 
  79:Drivers/CMSIS/DSP/Source/FilteringFunctions/arm_fir_q7.c ****   /* S->pState points to state array which contains previous frame (numTaps - 1) samples */
  80:Drivers/CMSIS/DSP/Source/FilteringFunctions/arm_fir_q7.c ****   /* pStateCurnt points to the location where the new input data should be written */
  81:Drivers/CMSIS/DSP/Source/FilteringFunctions/arm_fir_q7.c ****   pStateCurnt = &(S->pState[(numTaps - 1U)]);
  74              		.loc 1 81 3 view .LVU17
  75              		.loc 1 81 28 is_stmt 0 view .LVU18
  76 0014 541E     		subs	r4, r2, #1
  77              		.loc 1 81 15 view .LVU19
  78 0016 03EB0408 		add	r8, r3, r4
  79              	.LVL6:
  82:Drivers/CMSIS/DSP/Source/FilteringFunctions/arm_fir_q7.c **** 
  83:Drivers/CMSIS/DSP/Source/FilteringFunctions/arm_fir_q7.c ****   /* Apply loop unrolling and compute 4 output values simultaneously.
  84:Drivers/CMSIS/DSP/Source/FilteringFunctions/arm_fir_q7.c ****    * The variables acc0 ... acc3 hold output values that are being computed:
  85:Drivers/CMSIS/DSP/Source/FilteringFunctions/arm_fir_q7.c ****    *
  86:Drivers/CMSIS/DSP/Source/FilteringFunctions/arm_fir_q7.c ****    *    acc0 =  b[numTaps-1] * x[n-numTaps-1] + b[numTaps-2] * x[n-numTaps-2] + b[numTaps-3] * x[n-
  87:Drivers/CMSIS/DSP/Source/FilteringFunctions/arm_fir_q7.c ****    *    acc1 =  b[numTaps-1] * x[n-numTaps] +   b[numTaps-2] * x[n-numTaps-1] + b[numTaps-3] * x[n-
  88:Drivers/CMSIS/DSP/Source/FilteringFunctions/arm_fir_q7.c ****    *    acc2 =  b[numTaps-1] * x[n-numTaps+1] + b[numTaps-2] * x[n-numTaps] +   b[numTaps-3] * x[n-
  89:Drivers/CMSIS/DSP/Source/FilteringFunctions/arm_fir_q7.c ****    *    acc3 =  b[numTaps-1] * x[n-numTaps+2] + b[numTaps-2] * x[n-numTaps+1] + b[numTaps-3] * x[n-
  90:Drivers/CMSIS/DSP/Source/FilteringFunctions/arm_fir_q7.c ****    */
  91:Drivers/CMSIS/DSP/Source/FilteringFunctions/arm_fir_q7.c ****   blkCnt = blockSize >> 2;
  80              		.loc 1 91 3 is_stmt 1 view .LVU20
  81              		.loc 1 91 10 is_stmt 0 view .LVU21
ARM GAS  /var/folders/n6/c271nzx11xl4r4_m7sqjlt0m0000gn/T//cchNk5Z5.s 			page 4


  82 001a 4FEA950A 		lsr	r10, r5, #2
  83              	.LVL7:
  92:Drivers/CMSIS/DSP/Source/FilteringFunctions/arm_fir_q7.c **** 
  93:Drivers/CMSIS/DSP/Source/FilteringFunctions/arm_fir_q7.c ****   /* First part of the processing with loop unrolling.  Compute 4 outputs at a time.
  94:Drivers/CMSIS/DSP/Source/FilteringFunctions/arm_fir_q7.c ****    ** a second loop below computes the remaining 1 to 3 samples. */
  95:Drivers/CMSIS/DSP/Source/FilteringFunctions/arm_fir_q7.c ****   while (blkCnt > 0U)
  84              		.loc 1 95 3 is_stmt 1 view .LVU22
  85 001e 0794     		str	r4, [sp, #28]
  86 0020 0890     		str	r0, [sp, #32]
  87 0022 0995     		str	r5, [sp, #36]
  88              		.loc 1 95 9 is_stmt 0 view .LVU23
  89 0024 72E0     		b	.L2
  90              	.LVL8:
  91              	.L4:
  96:Drivers/CMSIS/DSP/Source/FilteringFunctions/arm_fir_q7.c ****   {
  97:Drivers/CMSIS/DSP/Source/FilteringFunctions/arm_fir_q7.c ****     /* Copy four new input samples into the state buffer */
  98:Drivers/CMSIS/DSP/Source/FilteringFunctions/arm_fir_q7.c ****     *pStateCurnt++ = *pSrc++;
  99:Drivers/CMSIS/DSP/Source/FilteringFunctions/arm_fir_q7.c ****     *pStateCurnt++ = *pSrc++;
 100:Drivers/CMSIS/DSP/Source/FilteringFunctions/arm_fir_q7.c ****     *pStateCurnt++ = *pSrc++;
 101:Drivers/CMSIS/DSP/Source/FilteringFunctions/arm_fir_q7.c ****     *pStateCurnt++ = *pSrc++;
 102:Drivers/CMSIS/DSP/Source/FilteringFunctions/arm_fir_q7.c **** 
 103:Drivers/CMSIS/DSP/Source/FilteringFunctions/arm_fir_q7.c ****     /* Set all accumulators to zero */
 104:Drivers/CMSIS/DSP/Source/FilteringFunctions/arm_fir_q7.c ****     acc0 = 0;
 105:Drivers/CMSIS/DSP/Source/FilteringFunctions/arm_fir_q7.c ****     acc1 = 0;
 106:Drivers/CMSIS/DSP/Source/FilteringFunctions/arm_fir_q7.c ****     acc2 = 0;
 107:Drivers/CMSIS/DSP/Source/FilteringFunctions/arm_fir_q7.c ****     acc3 = 0;
 108:Drivers/CMSIS/DSP/Source/FilteringFunctions/arm_fir_q7.c **** 
 109:Drivers/CMSIS/DSP/Source/FilteringFunctions/arm_fir_q7.c ****     /* Initialize state pointer */
 110:Drivers/CMSIS/DSP/Source/FilteringFunctions/arm_fir_q7.c ****     px = pState;
 111:Drivers/CMSIS/DSP/Source/FilteringFunctions/arm_fir_q7.c **** 
 112:Drivers/CMSIS/DSP/Source/FilteringFunctions/arm_fir_q7.c ****     /* Initialize coefficient pointer */
 113:Drivers/CMSIS/DSP/Source/FilteringFunctions/arm_fir_q7.c ****     pb = pCoeffs;
 114:Drivers/CMSIS/DSP/Source/FilteringFunctions/arm_fir_q7.c **** 
 115:Drivers/CMSIS/DSP/Source/FilteringFunctions/arm_fir_q7.c ****     /* Read the first three samples from the state buffer:
 116:Drivers/CMSIS/DSP/Source/FilteringFunctions/arm_fir_q7.c ****      *  x[n-numTaps], x[n-numTaps-1], x[n-numTaps-2] */
 117:Drivers/CMSIS/DSP/Source/FilteringFunctions/arm_fir_q7.c ****     x0 = *(px++);
 118:Drivers/CMSIS/DSP/Source/FilteringFunctions/arm_fir_q7.c ****     x1 = *(px++);
 119:Drivers/CMSIS/DSP/Source/FilteringFunctions/arm_fir_q7.c ****     x2 = *(px++);
 120:Drivers/CMSIS/DSP/Source/FilteringFunctions/arm_fir_q7.c **** 
 121:Drivers/CMSIS/DSP/Source/FilteringFunctions/arm_fir_q7.c ****     /* Loop unrolling.  Process 4 taps at a time. */
 122:Drivers/CMSIS/DSP/Source/FilteringFunctions/arm_fir_q7.c ****     tapCnt = numTaps >> 2;
 123:Drivers/CMSIS/DSP/Source/FilteringFunctions/arm_fir_q7.c ****     i = tapCnt;
 124:Drivers/CMSIS/DSP/Source/FilteringFunctions/arm_fir_q7.c **** 
 125:Drivers/CMSIS/DSP/Source/FilteringFunctions/arm_fir_q7.c ****     while (i > 0U)
 126:Drivers/CMSIS/DSP/Source/FilteringFunctions/arm_fir_q7.c ****     {
 127:Drivers/CMSIS/DSP/Source/FilteringFunctions/arm_fir_q7.c ****       /* Read the b[numTaps] coefficient */
 128:Drivers/CMSIS/DSP/Source/FilteringFunctions/arm_fir_q7.c ****       c0 = *pb;
  92              		.loc 1 128 7 is_stmt 1 view .LVU24
  93              		.loc 1 128 10 is_stmt 0 view .LVU25
  94 0026 90F90030 		ldrsb	r3, [r0]
  95              	.LVL9:
 129:Drivers/CMSIS/DSP/Source/FilteringFunctions/arm_fir_q7.c **** 
 130:Drivers/CMSIS/DSP/Source/FilteringFunctions/arm_fir_q7.c ****       /* Read x[n-numTaps-3] sample */
 131:Drivers/CMSIS/DSP/Source/FilteringFunctions/arm_fir_q7.c ****       x3 = *px;
  96              		.loc 1 131 7 is_stmt 1 view .LVU26
  97              		.loc 1 131 10 is_stmt 0 view .LVU27
  98 002a 91F900E0 		ldrsb	lr, [r1]
ARM GAS  /var/folders/n6/c271nzx11xl4r4_m7sqjlt0m0000gn/T//cchNk5Z5.s 			page 5


  99              	.LVL10:
 132:Drivers/CMSIS/DSP/Source/FilteringFunctions/arm_fir_q7.c **** 
 133:Drivers/CMSIS/DSP/Source/FilteringFunctions/arm_fir_q7.c ****       /* acc0 +=  b[numTaps] * x[n-numTaps] */
 134:Drivers/CMSIS/DSP/Source/FilteringFunctions/arm_fir_q7.c ****       acc0 += ((q15_t) x0 * c0);
 100              		.loc 1 134 7 is_stmt 1 view .LVU28
 101              		.loc 1 134 12 is_stmt 0 view .LVU29
 102 002e 03FB0C44 		mla	r4, r3, ip, r4
 103              	.LVL11:
 135:Drivers/CMSIS/DSP/Source/FilteringFunctions/arm_fir_q7.c **** 
 136:Drivers/CMSIS/DSP/Source/FilteringFunctions/arm_fir_q7.c ****       /* acc1 +=  b[numTaps] * x[n-numTaps-1] */
 137:Drivers/CMSIS/DSP/Source/FilteringFunctions/arm_fir_q7.c ****       acc1 += ((q15_t) x1 * c0);
 104              		.loc 1 137 7 is_stmt 1 view .LVU30
 105              		.loc 1 137 12 is_stmt 0 view .LVU31
 106 0032 06FB0388 		mla	r8, r6, r3, r8
 107              	.LVL12:
 138:Drivers/CMSIS/DSP/Source/FilteringFunctions/arm_fir_q7.c **** 
 139:Drivers/CMSIS/DSP/Source/FilteringFunctions/arm_fir_q7.c ****       /* acc2 +=  b[numTaps] * x[n-numTaps-2] */
 140:Drivers/CMSIS/DSP/Source/FilteringFunctions/arm_fir_q7.c ****       acc2 += ((q15_t) x2 * c0);
 108              		.loc 1 140 7 is_stmt 1 view .LVU32
 109              		.loc 1 140 12 is_stmt 0 view .LVU33
 110 0036 07FB0355 		mla	r5, r7, r3, r5
 111              	.LVL13:
 141:Drivers/CMSIS/DSP/Source/FilteringFunctions/arm_fir_q7.c **** 
 142:Drivers/CMSIS/DSP/Source/FilteringFunctions/arm_fir_q7.c ****       /* acc3 +=  b[numTaps] * x[n-numTaps-3] */
 143:Drivers/CMSIS/DSP/Source/FilteringFunctions/arm_fir_q7.c ****       acc3 += ((q15_t) x3 * c0);
 112              		.loc 1 143 7 is_stmt 1 view .LVU34
 113              		.loc 1 143 12 is_stmt 0 view .LVU35
 114 003a 0EFB0322 		mla	r2, lr, r3, r2
 115              	.LVL14:
 144:Drivers/CMSIS/DSP/Source/FilteringFunctions/arm_fir_q7.c **** 
 145:Drivers/CMSIS/DSP/Source/FilteringFunctions/arm_fir_q7.c ****       /* Read the b[numTaps-1] coefficient */
 146:Drivers/CMSIS/DSP/Source/FilteringFunctions/arm_fir_q7.c ****       c0 = *(pb + 1U);
 116              		.loc 1 146 7 is_stmt 1 view .LVU36
 117              		.loc 1 146 10 is_stmt 0 view .LVU37
 118 003e 90F90130 		ldrsb	r3, [r0, #1]
 119              	.LVL15:
 147:Drivers/CMSIS/DSP/Source/FilteringFunctions/arm_fir_q7.c **** 
 148:Drivers/CMSIS/DSP/Source/FilteringFunctions/arm_fir_q7.c ****       /* Read x[n-numTaps-4] sample */
 149:Drivers/CMSIS/DSP/Source/FilteringFunctions/arm_fir_q7.c ****       x0 = *(px + 1U);
 120              		.loc 1 149 7 is_stmt 1 view .LVU38
 121              		.loc 1 149 10 is_stmt 0 view .LVU39
 122 0042 91F901C0 		ldrsb	ip, [r1, #1]
 123              	.LVL16:
 150:Drivers/CMSIS/DSP/Source/FilteringFunctions/arm_fir_q7.c **** 
 151:Drivers/CMSIS/DSP/Source/FilteringFunctions/arm_fir_q7.c ****       /* Perform the multiply-accumulates */
 152:Drivers/CMSIS/DSP/Source/FilteringFunctions/arm_fir_q7.c ****       acc0 += ((q15_t) x1 * c0);
 124              		.loc 1 152 7 is_stmt 1 view .LVU40
 125              		.loc 1 152 12 is_stmt 0 view .LVU41
 126 0046 03FB0644 		mla	r4, r3, r6, r4
 127              	.LVL17:
 153:Drivers/CMSIS/DSP/Source/FilteringFunctions/arm_fir_q7.c ****       acc1 += ((q15_t) x2 * c0);
 128              		.loc 1 153 7 is_stmt 1 view .LVU42
 129              		.loc 1 153 12 is_stmt 0 view .LVU43
 130 004a 03FB0788 		mla	r8, r3, r7, r8
 131              	.LVL18:
 154:Drivers/CMSIS/DSP/Source/FilteringFunctions/arm_fir_q7.c ****       acc2 += ((q15_t) x3 * c0);
 132              		.loc 1 154 7 is_stmt 1 view .LVU44
ARM GAS  /var/folders/n6/c271nzx11xl4r4_m7sqjlt0m0000gn/T//cchNk5Z5.s 			page 6


 133              		.loc 1 154 12 is_stmt 0 view .LVU45
 134 004e 03FB0E55 		mla	r5, r3, lr, r5
 135              	.LVL19:
 155:Drivers/CMSIS/DSP/Source/FilteringFunctions/arm_fir_q7.c ****       acc3 += ((q15_t) x0 * c0);
 136              		.loc 1 155 7 is_stmt 1 view .LVU46
 137              		.loc 1 155 12 is_stmt 0 view .LVU47
 138 0052 0CFB0322 		mla	r2, ip, r3, r2
 139              	.LVL20:
 156:Drivers/CMSIS/DSP/Source/FilteringFunctions/arm_fir_q7.c **** 
 157:Drivers/CMSIS/DSP/Source/FilteringFunctions/arm_fir_q7.c ****       /* Read the b[numTaps-2] coefficient */
 158:Drivers/CMSIS/DSP/Source/FilteringFunctions/arm_fir_q7.c ****       c0 = *(pb + 2U);
 140              		.loc 1 158 7 is_stmt 1 view .LVU48
 141              		.loc 1 158 10 is_stmt 0 view .LVU49
 142 0056 90F90230 		ldrsb	r3, [r0, #2]
 143              	.LVL21:
 159:Drivers/CMSIS/DSP/Source/FilteringFunctions/arm_fir_q7.c **** 
 160:Drivers/CMSIS/DSP/Source/FilteringFunctions/arm_fir_q7.c ****       /* Read x[n-numTaps-5] sample */
 161:Drivers/CMSIS/DSP/Source/FilteringFunctions/arm_fir_q7.c ****       x1 = *(px + 2U);
 144              		.loc 1 161 7 is_stmt 1 view .LVU50
 145              		.loc 1 161 10 is_stmt 0 view .LVU51
 146 005a 91F90260 		ldrsb	r6, [r1, #2]
 147              	.LVL22:
 162:Drivers/CMSIS/DSP/Source/FilteringFunctions/arm_fir_q7.c **** 
 163:Drivers/CMSIS/DSP/Source/FilteringFunctions/arm_fir_q7.c ****       /* Perform the multiply-accumulates */
 164:Drivers/CMSIS/DSP/Source/FilteringFunctions/arm_fir_q7.c ****       acc0 += ((q15_t) x2 * c0);
 148              		.loc 1 164 7 is_stmt 1 view .LVU52
 149              		.loc 1 164 12 is_stmt 0 view .LVU53
 150 005e 03FB0744 		mla	r4, r3, r7, r4
 151              	.LVL23:
 165:Drivers/CMSIS/DSP/Source/FilteringFunctions/arm_fir_q7.c ****       acc1 += ((q15_t) x3 * c0);
 152              		.loc 1 165 7 is_stmt 1 view .LVU54
 153              		.loc 1 165 12 is_stmt 0 view .LVU55
 154 0062 03FB0E88 		mla	r8, r3, lr, r8
 155              	.LVL24:
 166:Drivers/CMSIS/DSP/Source/FilteringFunctions/arm_fir_q7.c ****       acc2 += ((q15_t) x0 * c0);
 156              		.loc 1 166 7 is_stmt 1 view .LVU56
 157              		.loc 1 166 12 is_stmt 0 view .LVU57
 158 0066 03FB0C55 		mla	r5, r3, ip, r5
 159              	.LVL25:
 167:Drivers/CMSIS/DSP/Source/FilteringFunctions/arm_fir_q7.c ****       acc3 += ((q15_t) x1 * c0);
 160              		.loc 1 167 7 is_stmt 1 view .LVU58
 161              		.loc 1 167 12 is_stmt 0 view .LVU59
 162 006a 06FB0322 		mla	r2, r6, r3, r2
 163              	.LVL26:
 168:Drivers/CMSIS/DSP/Source/FilteringFunctions/arm_fir_q7.c **** 
 169:Drivers/CMSIS/DSP/Source/FilteringFunctions/arm_fir_q7.c ****       /* Read the b[numTaps-3] coefficients */
 170:Drivers/CMSIS/DSP/Source/FilteringFunctions/arm_fir_q7.c ****       c0 = *(pb + 3U);
 164              		.loc 1 170 7 is_stmt 1 view .LVU60
 165              		.loc 1 170 10 is_stmt 0 view .LVU61
 166 006e 90F90330 		ldrsb	r3, [r0, #3]
 167              	.LVL27:
 171:Drivers/CMSIS/DSP/Source/FilteringFunctions/arm_fir_q7.c **** 
 172:Drivers/CMSIS/DSP/Source/FilteringFunctions/arm_fir_q7.c ****       /* Read x[n-numTaps-6] sample */
 173:Drivers/CMSIS/DSP/Source/FilteringFunctions/arm_fir_q7.c ****       x2 = *(px + 3U);
 168              		.loc 1 173 7 is_stmt 1 view .LVU62
 169              		.loc 1 173 10 is_stmt 0 view .LVU63
 170 0072 91F90370 		ldrsb	r7, [r1, #3]
ARM GAS  /var/folders/n6/c271nzx11xl4r4_m7sqjlt0m0000gn/T//cchNk5Z5.s 			page 7


 171              	.LVL28:
 174:Drivers/CMSIS/DSP/Source/FilteringFunctions/arm_fir_q7.c **** 
 175:Drivers/CMSIS/DSP/Source/FilteringFunctions/arm_fir_q7.c ****       /* Perform the multiply-accumulates */
 176:Drivers/CMSIS/DSP/Source/FilteringFunctions/arm_fir_q7.c ****       acc0 += ((q15_t) x3 * c0);
 172              		.loc 1 176 7 is_stmt 1 view .LVU64
 173              		.loc 1 176 12 is_stmt 0 view .LVU65
 174 0076 03FB0E44 		mla	r4, r3, lr, r4
 175              	.LVL29:
 177:Drivers/CMSIS/DSP/Source/FilteringFunctions/arm_fir_q7.c ****       acc1 += ((q15_t) x0 * c0);
 176              		.loc 1 177 7 is_stmt 1 view .LVU66
 177              		.loc 1 177 12 is_stmt 0 view .LVU67
 178 007a 03FB0C88 		mla	r8, r3, ip, r8
 179              	.LVL30:
 178:Drivers/CMSIS/DSP/Source/FilteringFunctions/arm_fir_q7.c ****       acc2 += ((q15_t) x1 * c0);
 180              		.loc 1 178 7 is_stmt 1 view .LVU68
 181              		.loc 1 178 12 is_stmt 0 view .LVU69
 182 007e 03FB0655 		mla	r5, r3, r6, r5
 183              	.LVL31:
 179:Drivers/CMSIS/DSP/Source/FilteringFunctions/arm_fir_q7.c ****       acc3 += ((q15_t) x2 * c0);
 184              		.loc 1 179 7 is_stmt 1 view .LVU70
 185              		.loc 1 179 12 is_stmt 0 view .LVU71
 186 0082 07FB0322 		mla	r2, r7, r3, r2
 187              	.LVL32:
 180:Drivers/CMSIS/DSP/Source/FilteringFunctions/arm_fir_q7.c **** 
 181:Drivers/CMSIS/DSP/Source/FilteringFunctions/arm_fir_q7.c ****       /* update coefficient pointer */
 182:Drivers/CMSIS/DSP/Source/FilteringFunctions/arm_fir_q7.c ****       pb += 4U;
 188              		.loc 1 182 7 is_stmt 1 view .LVU72
 189              		.loc 1 182 10 is_stmt 0 view .LVU73
 190 0086 0430     		adds	r0, r0, #4
 191              	.LVL33:
 183:Drivers/CMSIS/DSP/Source/FilteringFunctions/arm_fir_q7.c ****       px += 4U;
 192              		.loc 1 183 7 is_stmt 1 view .LVU74
 193              		.loc 1 183 10 is_stmt 0 view .LVU75
 194 0088 0431     		adds	r1, r1, #4
 195              	.LVL34:
 184:Drivers/CMSIS/DSP/Source/FilteringFunctions/arm_fir_q7.c **** 
 185:Drivers/CMSIS/DSP/Source/FilteringFunctions/arm_fir_q7.c ****       /* Decrement the loop counter */
 186:Drivers/CMSIS/DSP/Source/FilteringFunctions/arm_fir_q7.c ****       i--;
 196              		.loc 1 186 7 is_stmt 1 view .LVU76
 197              		.loc 1 186 8 is_stmt 0 view .LVU77
 198 008a 09F1FF39 		add	r9, r9, #-1
 199              	.LVL35:
 200              	.L3:
 125:Drivers/CMSIS/DSP/Source/FilteringFunctions/arm_fir_q7.c ****     {
 201              		.loc 1 125 14 is_stmt 1 view .LVU78
 202 008e B9F1000F 		cmp	r9, #0
 203 0092 C8D1     		bne	.L4
 187:Drivers/CMSIS/DSP/Source/FilteringFunctions/arm_fir_q7.c ****     }
 188:Drivers/CMSIS/DSP/Source/FilteringFunctions/arm_fir_q7.c **** 
 189:Drivers/CMSIS/DSP/Source/FilteringFunctions/arm_fir_q7.c ****     /* If the filter length is not a multiple of 4, compute the remaining filter taps */
 190:Drivers/CMSIS/DSP/Source/FilteringFunctions/arm_fir_q7.c **** 
 191:Drivers/CMSIS/DSP/Source/FilteringFunctions/arm_fir_q7.c ****     i = numTaps - (tapCnt * 4U);
 204              		.loc 1 191 7 is_stmt 0 view .LVU79
 205 0094 8946     		mov	r9, r1
 206              	.LVL36:
 207              		.loc 1 191 7 view .LVU80
 208 0096 D646     		mov	lr, r10
ARM GAS  /var/folders/n6/c271nzx11xl4r4_m7sqjlt0m0000gn/T//cchNk5Z5.s 			page 8


 209 0098 DDF818A0 		ldr	r10, [sp, #24]
 210              	.LVL37:
 211              		.loc 1 191 5 is_stmt 1 view .LVU81
 212              		.loc 1 191 7 is_stmt 0 view .LVU82
 213 009c 0199     		ldr	r1, [sp, #4]
 214              	.LVL38:
 215              		.loc 1 191 7 view .LVU83
 216 009e A1EB8E0E 		sub	lr, r1, lr, lsl #2
 217              	.LVL39:
 192:Drivers/CMSIS/DSP/Source/FilteringFunctions/arm_fir_q7.c ****     while (i > 0U)
 218              		.loc 1 192 5 is_stmt 1 view .LVU84
 219 00a2 4946     		mov	r1, r9
 220 00a4 7346     		mov	r3, lr
 221 00a6 B646     		mov	lr, r6
 222              	.LVL40:
 223              		.loc 1 192 5 is_stmt 0 view .LVU85
 224 00a8 1E46     		mov	r6, r3
 225              	.LVL41:
 226              		.loc 1 192 11 view .LVU86
 227 00aa 0FE0     		b	.L5
 228              	.LVL42:
 229              	.L6:
 193:Drivers/CMSIS/DSP/Source/FilteringFunctions/arm_fir_q7.c ****     {
 194:Drivers/CMSIS/DSP/Source/FilteringFunctions/arm_fir_q7.c ****       /* Read coefficients */
 195:Drivers/CMSIS/DSP/Source/FilteringFunctions/arm_fir_q7.c ****       c0 = *(pb++);
 230              		.loc 1 195 7 is_stmt 1 view .LVU87
 231              		.loc 1 195 10 is_stmt 0 view .LVU88
 232 00ac 10F9013B 		ldrsb	r3, [r0], #1
 233              	.LVL43:
 196:Drivers/CMSIS/DSP/Source/FilteringFunctions/arm_fir_q7.c **** 
 197:Drivers/CMSIS/DSP/Source/FilteringFunctions/arm_fir_q7.c ****       /* Fetch 1 state variable */
 198:Drivers/CMSIS/DSP/Source/FilteringFunctions/arm_fir_q7.c ****       x3 = *(px++);
 234              		.loc 1 198 7 is_stmt 1 view .LVU89
 235              		.loc 1 198 10 is_stmt 0 view .LVU90
 236 00b0 11F9019B 		ldrsb	r9, [r1], #1
 237              	.LVL44:
 199:Drivers/CMSIS/DSP/Source/FilteringFunctions/arm_fir_q7.c **** 
 200:Drivers/CMSIS/DSP/Source/FilteringFunctions/arm_fir_q7.c ****       /* Perform the multiply-accumulates */
 201:Drivers/CMSIS/DSP/Source/FilteringFunctions/arm_fir_q7.c ****       acc0 += ((q15_t) x0 * c0);
 238              		.loc 1 201 7 is_stmt 1 view .LVU91
 239              		.loc 1 201 12 is_stmt 0 view .LVU92
 240 00b4 03FB0C44 		mla	r4, r3, ip, r4
 241              	.LVL45:
 202:Drivers/CMSIS/DSP/Source/FilteringFunctions/arm_fir_q7.c ****       acc1 += ((q15_t) x1 * c0);
 242              		.loc 1 202 7 is_stmt 1 view .LVU93
 243              		.loc 1 202 12 is_stmt 0 view .LVU94
 244 00b8 0EFB0388 		mla	r8, lr, r3, r8
 245              	.LVL46:
 203:Drivers/CMSIS/DSP/Source/FilteringFunctions/arm_fir_q7.c ****       acc2 += ((q15_t) x2 * c0);
 246              		.loc 1 203 7 is_stmt 1 view .LVU95
 247              		.loc 1 203 12 is_stmt 0 view .LVU96
 248 00bc 07FB0355 		mla	r5, r7, r3, r5
 249              	.LVL47:
 204:Drivers/CMSIS/DSP/Source/FilteringFunctions/arm_fir_q7.c ****       acc3 += ((q15_t) x3 * c0);
 250              		.loc 1 204 7 is_stmt 1 view .LVU97
 251              		.loc 1 204 12 is_stmt 0 view .LVU98
 252 00c0 09FB0322 		mla	r2, r9, r3, r2
ARM GAS  /var/folders/n6/c271nzx11xl4r4_m7sqjlt0m0000gn/T//cchNk5Z5.s 			page 9


 253              	.LVL48:
 205:Drivers/CMSIS/DSP/Source/FilteringFunctions/arm_fir_q7.c **** 
 206:Drivers/CMSIS/DSP/Source/FilteringFunctions/arm_fir_q7.c ****       /* Reuse the present sample states for next sample */
 207:Drivers/CMSIS/DSP/Source/FilteringFunctions/arm_fir_q7.c ****       x0 = x1;
 254              		.loc 1 207 7 is_stmt 1 view .LVU99
 208:Drivers/CMSIS/DSP/Source/FilteringFunctions/arm_fir_q7.c ****       x1 = x2;
 255              		.loc 1 208 7 view .LVU100
 209:Drivers/CMSIS/DSP/Source/FilteringFunctions/arm_fir_q7.c ****       x2 = x3;
 256              		.loc 1 209 7 view .LVU101
 210:Drivers/CMSIS/DSP/Source/FilteringFunctions/arm_fir_q7.c **** 
 211:Drivers/CMSIS/DSP/Source/FilteringFunctions/arm_fir_q7.c ****       /* Decrement the loop counter */
 212:Drivers/CMSIS/DSP/Source/FilteringFunctions/arm_fir_q7.c ****       i--;
 257              		.loc 1 212 7 view .LVU102
 258              		.loc 1 212 8 is_stmt 0 view .LVU103
 259 00c4 013E     		subs	r6, r6, #1
 260              	.LVL49:
 207:Drivers/CMSIS/DSP/Source/FilteringFunctions/arm_fir_q7.c ****       x1 = x2;
 261              		.loc 1 207 10 view .LVU104
 262 00c6 F446     		mov	ip, lr
 208:Drivers/CMSIS/DSP/Source/FilteringFunctions/arm_fir_q7.c ****       x2 = x3;
 263              		.loc 1 208 10 view .LVU105
 264 00c8 BE46     		mov	lr, r7
 265              	.LVL50:
 209:Drivers/CMSIS/DSP/Source/FilteringFunctions/arm_fir_q7.c **** 
 266              		.loc 1 209 10 view .LVU106
 267 00ca 4F46     		mov	r7, r9
 268              	.LVL51:
 269              	.L5:
 192:Drivers/CMSIS/DSP/Source/FilteringFunctions/arm_fir_q7.c ****     {
 270              		.loc 1 192 14 is_stmt 1 view .LVU107
 271 00cc 002E     		cmp	r6, #0
 272 00ce EDD1     		bne	.L6
 213:Drivers/CMSIS/DSP/Source/FilteringFunctions/arm_fir_q7.c ****     }
 214:Drivers/CMSIS/DSP/Source/FilteringFunctions/arm_fir_q7.c **** 
 215:Drivers/CMSIS/DSP/Source/FilteringFunctions/arm_fir_q7.c ****     /* Advance the state pointer by 4 to process the next group of 4 samples */
 216:Drivers/CMSIS/DSP/Source/FilteringFunctions/arm_fir_q7.c ****     pState = pState + 4;
 273              		.loc 1 216 12 is_stmt 0 view .LVU108
 274 00d0 059B     		ldr	r3, [sp, #20]
 275              		.loc 1 216 5 is_stmt 1 view .LVU109
 276              		.loc 1 216 12 is_stmt 0 view .LVU110
 277 00d2 0433     		adds	r3, r3, #4
 278              	.LVL52:
 217:Drivers/CMSIS/DSP/Source/FilteringFunctions/arm_fir_q7.c **** 
 218:Drivers/CMSIS/DSP/Source/FilteringFunctions/arm_fir_q7.c ****     /* The results in the 4 accumulators are in 2.62 format.  Convert to 1.31
 219:Drivers/CMSIS/DSP/Source/FilteringFunctions/arm_fir_q7.c ****      ** Then store the 4 outputs in the destination buffer. */
 220:Drivers/CMSIS/DSP/Source/FilteringFunctions/arm_fir_q7.c ****     acc0 = __SSAT((acc0 >> 7U), 8);
 279              		.loc 1 220 5 is_stmt 1 view .LVU111
 280              	.LBB2:
 281              		.loc 1 220 12 view .LVU112
 282 00d4 E411     		asrs	r4, r4, #7
 283              	.LVL53:
 284              		.loc 1 220 12 view .LVU113
 285              		.syntax unified
 286              	@ 220 "Drivers/CMSIS/DSP/Source/FilteringFunctions/arm_fir_q7.c" 1
 287 00d6 04F30704 		ssat r4, #8, r4
 288              	@ 0 "" 2
 289              	.LVL54:
ARM GAS  /var/folders/n6/c271nzx11xl4r4_m7sqjlt0m0000gn/T//cchNk5Z5.s 			page 10


 290              		.loc 1 220 12 view .LVU114
 291              		.loc 1 220 12 is_stmt 0 view .LVU115
 292              		.thumb
 293              		.syntax unified
 294              	.LBE2:
 221:Drivers/CMSIS/DSP/Source/FilteringFunctions/arm_fir_q7.c ****     *pDst++ = acc0;
 295              		.loc 1 221 5 is_stmt 1 view .LVU116
 296              		.loc 1 221 13 is_stmt 0 view .LVU117
 297 00da 8BF80040 		strb	r4, [fp]
 222:Drivers/CMSIS/DSP/Source/FilteringFunctions/arm_fir_q7.c ****     acc1 = __SSAT((acc1 >> 7U), 8);
 298              		.loc 1 222 5 is_stmt 1 view .LVU118
 299              	.LBB3:
 300              		.loc 1 222 12 view .LVU119
 301 00de 4FEAE818 		asr	r8, r8, #7
 302              	.LVL55:
 303              		.loc 1 222 12 view .LVU120
 304              		.syntax unified
 305              	@ 222 "Drivers/CMSIS/DSP/Source/FilteringFunctions/arm_fir_q7.c" 1
 306 00e2 08F30708 		ssat r8, #8, r8
 307              	@ 0 "" 2
 308              	.LVL56:
 309              		.loc 1 222 12 view .LVU121
 310              		.loc 1 222 12 is_stmt 0 view .LVU122
 311              		.thumb
 312              		.syntax unified
 313              	.LBE3:
 223:Drivers/CMSIS/DSP/Source/FilteringFunctions/arm_fir_q7.c ****     *pDst++ = acc1;
 314              		.loc 1 223 5 is_stmt 1 view .LVU123
 315              		.loc 1 223 13 is_stmt 0 view .LVU124
 316 00e6 8BF80180 		strb	r8, [fp, #1]
 224:Drivers/CMSIS/DSP/Source/FilteringFunctions/arm_fir_q7.c ****     acc2 = __SSAT((acc2 >> 7U), 8);
 317              		.loc 1 224 5 is_stmt 1 view .LVU125
 318              	.LBB4:
 319              		.loc 1 224 12 view .LVU126
 320 00ea ED11     		asrs	r5, r5, #7
 321              	.LVL57:
 322              		.loc 1 224 12 view .LVU127
 323              		.syntax unified
 324              	@ 224 "Drivers/CMSIS/DSP/Source/FilteringFunctions/arm_fir_q7.c" 1
 325 00ec 05F30705 		ssat r5, #8, r5
 326              	@ 0 "" 2
 327              	.LVL58:
 328              		.loc 1 224 12 view .LVU128
 329              		.loc 1 224 12 is_stmt 0 view .LVU129
 330              		.thumb
 331              		.syntax unified
 332              	.LBE4:
 225:Drivers/CMSIS/DSP/Source/FilteringFunctions/arm_fir_q7.c ****     *pDst++ = acc2;
 333              		.loc 1 225 5 is_stmt 1 view .LVU130
 334              		.loc 1 225 13 is_stmt 0 view .LVU131
 335 00f0 8BF80250 		strb	r5, [fp, #2]
 226:Drivers/CMSIS/DSP/Source/FilteringFunctions/arm_fir_q7.c ****     acc3 = __SSAT((acc3 >> 7U), 8);
 336              		.loc 1 226 5 is_stmt 1 view .LVU132
 337              	.LBB5:
 338              		.loc 1 226 12 view .LVU133
 339 00f4 D211     		asrs	r2, r2, #7
 340              	.LVL59:
ARM GAS  /var/folders/n6/c271nzx11xl4r4_m7sqjlt0m0000gn/T//cchNk5Z5.s 			page 11


 341              		.loc 1 226 12 view .LVU134
 342              		.syntax unified
 343              	@ 226 "Drivers/CMSIS/DSP/Source/FilteringFunctions/arm_fir_q7.c" 1
 344 00f6 02F30702 		ssat r2, #8, r2
 345              	@ 0 "" 2
 346              	.LVL60:
 347              		.loc 1 226 12 view .LVU135
 348              		.loc 1 226 12 is_stmt 0 view .LVU136
 349              		.thumb
 350              		.syntax unified
 351              	.LBE5:
 227:Drivers/CMSIS/DSP/Source/FilteringFunctions/arm_fir_q7.c ****     *pDst++ = acc3;
 352              		.loc 1 227 5 is_stmt 1 view .LVU137
 353              		.loc 1 227 13 is_stmt 0 view .LVU138
 354 00fa 8BF80320 		strb	r2, [fp, #3]
 228:Drivers/CMSIS/DSP/Source/FilteringFunctions/arm_fir_q7.c **** 
 229:Drivers/CMSIS/DSP/Source/FilteringFunctions/arm_fir_q7.c ****     /* Decrement the samples loop counter */
 230:Drivers/CMSIS/DSP/Source/FilteringFunctions/arm_fir_q7.c ****     blkCnt--;
 355              		.loc 1 230 5 is_stmt 1 view .LVU139
 356              		.loc 1 230 11 is_stmt 0 view .LVU140
 357 00fe 0AF1FF3A 		add	r10, r10, #-1
 358              	.LVL61:
 101:Drivers/CMSIS/DSP/Source/FilteringFunctions/arm_fir_q7.c **** 
 359              		.loc 1 101 17 view .LVU141
 360 0102 DDF81080 		ldr	r8, [sp, #16]
 361              	.LVL62:
 227:Drivers/CMSIS/DSP/Source/FilteringFunctions/arm_fir_q7.c ****     *pDst++ = acc3;
 362              		.loc 1 227 10 view .LVU142
 363 0106 0BF1040B 		add	fp, fp, #4
 364              	.LVL63:
 101:Drivers/CMSIS/DSP/Source/FilteringFunctions/arm_fir_q7.c **** 
 365              		.loc 1 101 27 view .LVU143
 366 010a 0399     		ldr	r1, [sp, #12]
 367              	.LVL64:
 368              	.L2:
  95:Drivers/CMSIS/DSP/Source/FilteringFunctions/arm_fir_q7.c ****   {
 369              		.loc 1 95 17 is_stmt 1 view .LVU144
 370 010c BAF1000F 		cmp	r10, #0
 371 0110 29D0     		beq	.L16
  98:Drivers/CMSIS/DSP/Source/FilteringFunctions/arm_fir_q7.c ****     *pStateCurnt++ = *pSrc++;
 372              		.loc 1 98 5 view .LVU145
 373              	.LVL65:
  98:Drivers/CMSIS/DSP/Source/FilteringFunctions/arm_fir_q7.c ****     *pStateCurnt++ = *pSrc++;
 374              		.loc 1 98 22 is_stmt 0 view .LVU146
 375 0112 91F90020 		ldrsb	r2, [r1]
  98:Drivers/CMSIS/DSP/Source/FilteringFunctions/arm_fir_q7.c ****     *pStateCurnt++ = *pSrc++;
 376              		.loc 1 98 20 view .LVU147
 377 0116 88F80020 		strb	r2, [r8]
  99:Drivers/CMSIS/DSP/Source/FilteringFunctions/arm_fir_q7.c ****     *pStateCurnt++ = *pSrc++;
 378              		.loc 1 99 5 is_stmt 1 view .LVU148
 379              	.LVL66:
  99:Drivers/CMSIS/DSP/Source/FilteringFunctions/arm_fir_q7.c ****     *pStateCurnt++ = *pSrc++;
 380              		.loc 1 99 22 is_stmt 0 view .LVU149
 381 011a 91F90120 		ldrsb	r2, [r1, #1]
  99:Drivers/CMSIS/DSP/Source/FilteringFunctions/arm_fir_q7.c ****     *pStateCurnt++ = *pSrc++;
 382              		.loc 1 99 20 view .LVU150
 383 011e 88F80120 		strb	r2, [r8, #1]
ARM GAS  /var/folders/n6/c271nzx11xl4r4_m7sqjlt0m0000gn/T//cchNk5Z5.s 			page 12


 100:Drivers/CMSIS/DSP/Source/FilteringFunctions/arm_fir_q7.c ****     *pStateCurnt++ = *pSrc++;
 384              		.loc 1 100 5 is_stmt 1 view .LVU151
 385              	.LVL67:
 100:Drivers/CMSIS/DSP/Source/FilteringFunctions/arm_fir_q7.c ****     *pStateCurnt++ = *pSrc++;
 386              		.loc 1 100 22 is_stmt 0 view .LVU152
 387 0122 91F90220 		ldrsb	r2, [r1, #2]
 100:Drivers/CMSIS/DSP/Source/FilteringFunctions/arm_fir_q7.c ****     *pStateCurnt++ = *pSrc++;
 388              		.loc 1 100 20 view .LVU153
 389 0126 88F80220 		strb	r2, [r8, #2]
 101:Drivers/CMSIS/DSP/Source/FilteringFunctions/arm_fir_q7.c **** 
 390              		.loc 1 101 5 is_stmt 1 view .LVU154
 101:Drivers/CMSIS/DSP/Source/FilteringFunctions/arm_fir_q7.c **** 
 391              		.loc 1 101 27 is_stmt 0 view .LVU155
 392 012a 0A1D     		adds	r2, r1, #4
 393 012c 0392     		str	r2, [sp, #12]
 394              	.LVL68:
 101:Drivers/CMSIS/DSP/Source/FilteringFunctions/arm_fir_q7.c **** 
 395              		.loc 1 101 17 view .LVU156
 396 012e 08F10402 		add	r2, r8, #4
 397              	.LVL69:
 101:Drivers/CMSIS/DSP/Source/FilteringFunctions/arm_fir_q7.c **** 
 398              		.loc 1 101 17 view .LVU157
 399 0132 0492     		str	r2, [sp, #16]
 400              	.LVL70:
 101:Drivers/CMSIS/DSP/Source/FilteringFunctions/arm_fir_q7.c **** 
 401              		.loc 1 101 22 view .LVU158
 402 0134 91F90320 		ldrsb	r2, [r1, #3]
 403              	.LVL71:
 101:Drivers/CMSIS/DSP/Source/FilteringFunctions/arm_fir_q7.c **** 
 404              		.loc 1 101 20 view .LVU159
 405 0138 88F80320 		strb	r2, [r8, #3]
 104:Drivers/CMSIS/DSP/Source/FilteringFunctions/arm_fir_q7.c ****     acc1 = 0;
 406              		.loc 1 104 5 is_stmt 1 view .LVU160
 407              	.LVL72:
 105:Drivers/CMSIS/DSP/Source/FilteringFunctions/arm_fir_q7.c ****     acc2 = 0;
 408              		.loc 1 105 5 view .LVU161
 106:Drivers/CMSIS/DSP/Source/FilteringFunctions/arm_fir_q7.c ****     acc3 = 0;
 409              		.loc 1 106 5 view .LVU162
 107:Drivers/CMSIS/DSP/Source/FilteringFunctions/arm_fir_q7.c **** 
 410              		.loc 1 107 5 view .LVU163
 110:Drivers/CMSIS/DSP/Source/FilteringFunctions/arm_fir_q7.c **** 
 411              		.loc 1 110 5 view .LVU164
 113:Drivers/CMSIS/DSP/Source/FilteringFunctions/arm_fir_q7.c **** 
 412              		.loc 1 113 5 view .LVU165
 117:Drivers/CMSIS/DSP/Source/FilteringFunctions/arm_fir_q7.c ****     x1 = *(px++);
 413              		.loc 1 117 5 view .LVU166
 117:Drivers/CMSIS/DSP/Source/FilteringFunctions/arm_fir_q7.c ****     x1 = *(px++);
 414              		.loc 1 117 8 is_stmt 0 view .LVU167
 415 013c 93F900C0 		ldrsb	ip, [r3]
 416              	.LVL73:
 118:Drivers/CMSIS/DSP/Source/FilteringFunctions/arm_fir_q7.c ****     x2 = *(px++);
 417              		.loc 1 118 5 is_stmt 1 view .LVU168
 118:Drivers/CMSIS/DSP/Source/FilteringFunctions/arm_fir_q7.c ****     x2 = *(px++);
 418              		.loc 1 118 8 is_stmt 0 view .LVU169
 419 0140 93F90160 		ldrsb	r6, [r3, #1]
 420              	.LVL74:
 119:Drivers/CMSIS/DSP/Source/FilteringFunctions/arm_fir_q7.c **** 
ARM GAS  /var/folders/n6/c271nzx11xl4r4_m7sqjlt0m0000gn/T//cchNk5Z5.s 			page 13


 421              		.loc 1 119 5 is_stmt 1 view .LVU170
 119:Drivers/CMSIS/DSP/Source/FilteringFunctions/arm_fir_q7.c **** 
 422              		.loc 1 119 14 is_stmt 0 view .LVU171
 423 0144 D91C     		adds	r1, r3, #3
 424              	.LVL75:
 119:Drivers/CMSIS/DSP/Source/FilteringFunctions/arm_fir_q7.c **** 
 425              		.loc 1 119 8 view .LVU172
 426 0146 93F90270 		ldrsb	r7, [r3, #2]
 427              	.LVL76:
 122:Drivers/CMSIS/DSP/Source/FilteringFunctions/arm_fir_q7.c ****     i = tapCnt;
 428              		.loc 1 122 5 is_stmt 1 view .LVU173
 122:Drivers/CMSIS/DSP/Source/FilteringFunctions/arm_fir_q7.c ****     i = tapCnt;
 429              		.loc 1 122 12 is_stmt 0 view .LVU174
 430 014a 019A     		ldr	r2, [sp, #4]
 431 014c 4FEA920E 		lsr	lr, r2, #2
 432              	.LVL77:
 123:Drivers/CMSIS/DSP/Source/FilteringFunctions/arm_fir_q7.c **** 
 433              		.loc 1 123 5 is_stmt 1 view .LVU175
 125:Drivers/CMSIS/DSP/Source/FilteringFunctions/arm_fir_q7.c ****     {
 434              		.loc 1 125 5 view .LVU176
 123:Drivers/CMSIS/DSP/Source/FilteringFunctions/arm_fir_q7.c **** 
 435              		.loc 1 123 7 is_stmt 0 view .LVU177
 436 0150 F146     		mov	r9, lr
 113:Drivers/CMSIS/DSP/Source/FilteringFunctions/arm_fir_q7.c **** 
 437              		.loc 1 113 8 view .LVU178
 438 0152 0298     		ldr	r0, [sp, #8]
 107:Drivers/CMSIS/DSP/Source/FilteringFunctions/arm_fir_q7.c **** 
 439              		.loc 1 107 10 view .LVU179
 440 0154 0022     		movs	r2, #0
 106:Drivers/CMSIS/DSP/Source/FilteringFunctions/arm_fir_q7.c ****     acc3 = 0;
 441              		.loc 1 106 10 view .LVU180
 442 0156 1546     		mov	r5, r2
 105:Drivers/CMSIS/DSP/Source/FilteringFunctions/arm_fir_q7.c ****     acc2 = 0;
 443              		.loc 1 105 10 view .LVU181
 444 0158 9046     		mov	r8, r2
 104:Drivers/CMSIS/DSP/Source/FilteringFunctions/arm_fir_q7.c ****     acc1 = 0;
 445              		.loc 1 104 10 view .LVU182
 446 015a 1446     		mov	r4, r2
 447 015c 0593     		str	r3, [sp, #20]
 448 015e CDF818A0 		str	r10, [sp, #24]
 449 0162 F246     		mov	r10, lr
 450              	.LVL78:
 125:Drivers/CMSIS/DSP/Source/FilteringFunctions/arm_fir_q7.c ****     {
 451              		.loc 1 125 11 view .LVU183
 452 0164 93E7     		b	.L3
 453              	.LVL79:
 454              	.L16:
 231:Drivers/CMSIS/DSP/Source/FilteringFunctions/arm_fir_q7.c ****   }
 232:Drivers/CMSIS/DSP/Source/FilteringFunctions/arm_fir_q7.c **** 
 233:Drivers/CMSIS/DSP/Source/FilteringFunctions/arm_fir_q7.c **** 
 234:Drivers/CMSIS/DSP/Source/FilteringFunctions/arm_fir_q7.c ****   /* If the blockSize is not a multiple of 4, compute any remaining output samples here.
 235:Drivers/CMSIS/DSP/Source/FilteringFunctions/arm_fir_q7.c ****    ** No loop unrolling is used. */
 236:Drivers/CMSIS/DSP/Source/FilteringFunctions/arm_fir_q7.c ****   blkCnt = blockSize % 4U;
 455              		.loc 1 236 10 view .LVU184
 456 0166 079C     		ldr	r4, [sp, #28]
 457 0168 0898     		ldr	r0, [sp, #32]
 458 016a 099D     		ldr	r5, [sp, #36]
ARM GAS  /var/folders/n6/c271nzx11xl4r4_m7sqjlt0m0000gn/T//cchNk5Z5.s 			page 14


 459              		.loc 1 236 3 is_stmt 1 view .LVU185
 460              		.loc 1 236 10 is_stmt 0 view .LVU186
 461 016c 05F00309 		and	r9, r5, #3
 462              	.LVL80:
 237:Drivers/CMSIS/DSP/Source/FilteringFunctions/arm_fir_q7.c **** 
 238:Drivers/CMSIS/DSP/Source/FilteringFunctions/arm_fir_q7.c ****   while (blkCnt > 0U)
 463              		.loc 1 238 3 is_stmt 1 view .LVU187
 464 0170 9E46     		mov	lr, r3
 465 0172 4B46     		mov	r3, r9
 466              	.LVL81:
 467              		.loc 1 238 9 is_stmt 0 view .LVU188
 468 0174 1BE0     		b	.L8
 469              	.LVL82:
 470              	.L10:
 239:Drivers/CMSIS/DSP/Source/FilteringFunctions/arm_fir_q7.c ****   {
 240:Drivers/CMSIS/DSP/Source/FilteringFunctions/arm_fir_q7.c ****     /* Copy one sample at a time into state buffer */
 241:Drivers/CMSIS/DSP/Source/FilteringFunctions/arm_fir_q7.c ****     *pStateCurnt++ = *pSrc++;
 471              		.loc 1 241 5 is_stmt 1 view .LVU189
 472              		.loc 1 241 22 is_stmt 0 view .LVU190
 473 0176 11F9012B 		ldrsb	r2, [r1], #1
 474              	.LVL83:
 475              		.loc 1 241 20 view .LVU191
 476 017a 08F8012B 		strb	r2, [r8], #1
 477              	.LVL84:
 242:Drivers/CMSIS/DSP/Source/FilteringFunctions/arm_fir_q7.c **** 
 243:Drivers/CMSIS/DSP/Source/FilteringFunctions/arm_fir_q7.c ****     /* Set the accumulator to zero */
 244:Drivers/CMSIS/DSP/Source/FilteringFunctions/arm_fir_q7.c ****     acc0 = 0;
 478              		.loc 1 244 5 is_stmt 1 view .LVU192
 245:Drivers/CMSIS/DSP/Source/FilteringFunctions/arm_fir_q7.c **** 
 246:Drivers/CMSIS/DSP/Source/FilteringFunctions/arm_fir_q7.c ****     /* Initialize state pointer */
 247:Drivers/CMSIS/DSP/Source/FilteringFunctions/arm_fir_q7.c ****     px = pState;
 479              		.loc 1 247 5 view .LVU193
 248:Drivers/CMSIS/DSP/Source/FilteringFunctions/arm_fir_q7.c **** 
 249:Drivers/CMSIS/DSP/Source/FilteringFunctions/arm_fir_q7.c ****     /* Initialize Coefficient pointer */
 250:Drivers/CMSIS/DSP/Source/FilteringFunctions/arm_fir_q7.c ****     pb = (pCoeffs);
 480              		.loc 1 250 5 view .LVU194
 251:Drivers/CMSIS/DSP/Source/FilteringFunctions/arm_fir_q7.c **** 
 252:Drivers/CMSIS/DSP/Source/FilteringFunctions/arm_fir_q7.c ****     i = numTaps;
 481              		.loc 1 252 5 view .LVU195
 482              		.loc 1 252 7 is_stmt 0 view .LVU196
 483 017e 019F     		ldr	r7, [sp, #4]
 250:Drivers/CMSIS/DSP/Source/FilteringFunctions/arm_fir_q7.c **** 
 484              		.loc 1 250 8 view .LVU197
 485 0180 029E     		ldr	r6, [sp, #8]
 247:Drivers/CMSIS/DSP/Source/FilteringFunctions/arm_fir_q7.c **** 
 486              		.loc 1 247 8 view .LVU198
 487 0182 7546     		mov	r5, lr
 244:Drivers/CMSIS/DSP/Source/FilteringFunctions/arm_fir_q7.c **** 
 488              		.loc 1 244 10 view .LVU199
 489 0184 4FF0000C 		mov	ip, #0
 490              	.LVL85:
 491              	.L9:
 253:Drivers/CMSIS/DSP/Source/FilteringFunctions/arm_fir_q7.c **** 
 254:Drivers/CMSIS/DSP/Source/FilteringFunctions/arm_fir_q7.c ****     /* Perform the multiply-accumulates */
 255:Drivers/CMSIS/DSP/Source/FilteringFunctions/arm_fir_q7.c ****     do
 492              		.loc 1 255 5 is_stmt 1 view .LVU200
 256:Drivers/CMSIS/DSP/Source/FilteringFunctions/arm_fir_q7.c ****     {
ARM GAS  /var/folders/n6/c271nzx11xl4r4_m7sqjlt0m0000gn/T//cchNk5Z5.s 			page 15


 257:Drivers/CMSIS/DSP/Source/FilteringFunctions/arm_fir_q7.c ****       acc0 += (q15_t) * (px++) * (*(pb++));
 493              		.loc 1 257 7 view .LVU201
 494              		.loc 1 257 23 is_stmt 0 view .LVU202
 495 0188 95F90090 		ldrsb	r9, [r5]
 496 018c 0135     		adds	r5, r5, #1
 497              	.LVL86:
 498              		.loc 1 257 35 view .LVU203
 499 018e 96F90020 		ldrsb	r2, [r6]
 500 0192 0136     		adds	r6, r6, #1
 501              	.LVL87:
 502              		.loc 1 257 12 view .LVU204
 503 0194 02FB09CC 		mla	ip, r2, r9, ip
 504              	.LVL88:
 258:Drivers/CMSIS/DSP/Source/FilteringFunctions/arm_fir_q7.c ****       i--;
 505              		.loc 1 258 7 is_stmt 1 view .LVU205
 259:Drivers/CMSIS/DSP/Source/FilteringFunctions/arm_fir_q7.c ****     } while (i > 0U);
 506              		.loc 1 259 16 discriminator 1 view .LVU206
 507 0198 013F     		subs	r7, r7, #1
 508              	.LVL89:
 509              		.loc 1 259 16 is_stmt 0 discriminator 1 view .LVU207
 510 019a F5D1     		bne	.L9
 260:Drivers/CMSIS/DSP/Source/FilteringFunctions/arm_fir_q7.c **** 
 261:Drivers/CMSIS/DSP/Source/FilteringFunctions/arm_fir_q7.c ****     /* The result is in 2.14 format.  Convert to 1.7
 262:Drivers/CMSIS/DSP/Source/FilteringFunctions/arm_fir_q7.c ****      ** Then store the output in the destination buffer. */
 263:Drivers/CMSIS/DSP/Source/FilteringFunctions/arm_fir_q7.c ****     *pDst++ = __SSAT((acc0 >> 7U), 8);
 511              		.loc 1 263 5 is_stmt 1 view .LVU208
 512              	.LBB6:
 513              		.loc 1 263 15 view .LVU209
 514 019c 4FEAEC1C 		asr	ip, ip, #7
 515              	.LVL90:
 516              		.loc 1 263 15 view .LVU210
 517              		.syntax unified
 518              	@ 263 "Drivers/CMSIS/DSP/Source/FilteringFunctions/arm_fir_q7.c" 1
 519 01a0 0CF3070C 		ssat ip, #8, ip
 520              	@ 0 "" 2
 521              	.LVL91:
 522              		.loc 1 263 15 view .LVU211
 523              		.loc 1 263 15 is_stmt 0 view .LVU212
 524              		.thumb
 525              		.syntax unified
 526              	.LBE6:
 527              		.loc 1 263 13 view .LVU213
 528 01a4 0BF801CB 		strb	ip, [fp], #1
 529              	.LVL92:
 264:Drivers/CMSIS/DSP/Source/FilteringFunctions/arm_fir_q7.c **** 
 265:Drivers/CMSIS/DSP/Source/FilteringFunctions/arm_fir_q7.c ****     /* Advance state pointer by 1 for the next sample */
 266:Drivers/CMSIS/DSP/Source/FilteringFunctions/arm_fir_q7.c ****     pState = pState + 1;
 530              		.loc 1 266 5 is_stmt 1 view .LVU214
 531              		.loc 1 266 12 is_stmt 0 view .LVU215
 532 01a8 0EF1010E 		add	lr, lr, #1
 533              	.LVL93:
 267:Drivers/CMSIS/DSP/Source/FilteringFunctions/arm_fir_q7.c **** 
 268:Drivers/CMSIS/DSP/Source/FilteringFunctions/arm_fir_q7.c ****     /* Decrement the samples loop counter */
 269:Drivers/CMSIS/DSP/Source/FilteringFunctions/arm_fir_q7.c ****     blkCnt--;
 534              		.loc 1 269 5 is_stmt 1 view .LVU216
 535              		.loc 1 269 11 is_stmt 0 view .LVU217
 536 01ac 013B     		subs	r3, r3, #1
ARM GAS  /var/folders/n6/c271nzx11xl4r4_m7sqjlt0m0000gn/T//cchNk5Z5.s 			page 16


 537              	.LVL94:
 538              	.L8:
 238:Drivers/CMSIS/DSP/Source/FilteringFunctions/arm_fir_q7.c ****   {
 539              		.loc 1 238 17 is_stmt 1 view .LVU218
 540 01ae 002B     		cmp	r3, #0
 541 01b0 E1D1     		bne	.L10
 270:Drivers/CMSIS/DSP/Source/FilteringFunctions/arm_fir_q7.c ****   }
 271:Drivers/CMSIS/DSP/Source/FilteringFunctions/arm_fir_q7.c **** 
 272:Drivers/CMSIS/DSP/Source/FilteringFunctions/arm_fir_q7.c ****   /* Processing is complete.
 273:Drivers/CMSIS/DSP/Source/FilteringFunctions/arm_fir_q7.c ****    ** Now copy the last numTaps - 1 samples to the satrt of the state buffer.
 274:Drivers/CMSIS/DSP/Source/FilteringFunctions/arm_fir_q7.c ****    ** This prepares the state buffer for the next function call. */
 275:Drivers/CMSIS/DSP/Source/FilteringFunctions/arm_fir_q7.c **** 
 276:Drivers/CMSIS/DSP/Source/FilteringFunctions/arm_fir_q7.c ****   /* Points to the start of the state buffer */
 277:Drivers/CMSIS/DSP/Source/FilteringFunctions/arm_fir_q7.c ****   pStateCurnt = S->pState;
 542              		.loc 1 277 15 is_stmt 0 view .LVU219
 543 01b2 7346     		mov	r3, lr
 544              	.LVL95:
 545              		.loc 1 277 3 is_stmt 1 view .LVU220
 546              		.loc 1 277 15 is_stmt 0 view .LVU221
 547 01b4 4268     		ldr	r2, [r0, #4]
 548              	.LVL96:
 278:Drivers/CMSIS/DSP/Source/FilteringFunctions/arm_fir_q7.c **** 
 279:Drivers/CMSIS/DSP/Source/FilteringFunctions/arm_fir_q7.c ****   tapCnt = (numTaps - 1U) >> 2U;
 549              		.loc 1 279 3 is_stmt 1 view .LVU222
 550              		.loc 1 279 10 is_stmt 0 view .LVU223
 551 01b6 A108     		lsrs	r1, r4, #2
 552              	.LVL97:
 280:Drivers/CMSIS/DSP/Source/FilteringFunctions/arm_fir_q7.c **** 
 281:Drivers/CMSIS/DSP/Source/FilteringFunctions/arm_fir_q7.c ****   /* copy data */
 282:Drivers/CMSIS/DSP/Source/FilteringFunctions/arm_fir_q7.c ****   while (tapCnt > 0U)
 553              		.loc 1 282 3 is_stmt 1 view .LVU224
 554              		.loc 1 282 9 is_stmt 0 view .LVU225
 555 01b8 0EE0     		b	.L11
 556              	.LVL98:
 557              	.L12:
 283:Drivers/CMSIS/DSP/Source/FilteringFunctions/arm_fir_q7.c ****   {
 284:Drivers/CMSIS/DSP/Source/FilteringFunctions/arm_fir_q7.c ****     *pStateCurnt++ = *pState++;
 558              		.loc 1 284 5 is_stmt 1 view .LVU226
 559              		.loc 1 284 22 is_stmt 0 view .LVU227
 560 01ba 93F90000 		ldrsb	r0, [r3]
 561              		.loc 1 284 20 view .LVU228
 562 01be 1070     		strb	r0, [r2]
 285:Drivers/CMSIS/DSP/Source/FilteringFunctions/arm_fir_q7.c ****     *pStateCurnt++ = *pState++;
 563              		.loc 1 285 5 is_stmt 1 view .LVU229
 564              	.LVL99:
 565              		.loc 1 285 22 is_stmt 0 view .LVU230
 566 01c0 93F90100 		ldrsb	r0, [r3, #1]
 567              		.loc 1 285 20 view .LVU231
 568 01c4 5070     		strb	r0, [r2, #1]
 286:Drivers/CMSIS/DSP/Source/FilteringFunctions/arm_fir_q7.c ****     *pStateCurnt++ = *pState++;
 569              		.loc 1 286 5 is_stmt 1 view .LVU232
 570              	.LVL100:
 571              		.loc 1 286 22 is_stmt 0 view .LVU233
 572 01c6 93F90200 		ldrsb	r0, [r3, #2]
 573              		.loc 1 286 20 view .LVU234
 574 01ca 9070     		strb	r0, [r2, #2]
 287:Drivers/CMSIS/DSP/Source/FilteringFunctions/arm_fir_q7.c ****     *pStateCurnt++ = *pState++;
ARM GAS  /var/folders/n6/c271nzx11xl4r4_m7sqjlt0m0000gn/T//cchNk5Z5.s 			page 17


 575              		.loc 1 287 5 is_stmt 1 view .LVU235
 576              	.LVL101:
 577              		.loc 1 287 22 is_stmt 0 view .LVU236
 578 01cc 93F90300 		ldrsb	r0, [r3, #3]
 579              		.loc 1 287 20 view .LVU237
 580 01d0 D070     		strb	r0, [r2, #3]
 288:Drivers/CMSIS/DSP/Source/FilteringFunctions/arm_fir_q7.c **** 
 289:Drivers/CMSIS/DSP/Source/FilteringFunctions/arm_fir_q7.c ****     /* Decrement the loop counter */
 290:Drivers/CMSIS/DSP/Source/FilteringFunctions/arm_fir_q7.c ****     tapCnt--;
 581              		.loc 1 290 5 is_stmt 1 view .LVU238
 582              		.loc 1 290 11 is_stmt 0 view .LVU239
 583 01d2 0139     		subs	r1, r1, #1
 584              	.LVL102:
 287:Drivers/CMSIS/DSP/Source/FilteringFunctions/arm_fir_q7.c ****     *pStateCurnt++ = *pState++;
 585              		.loc 1 287 17 view .LVU240
 586 01d4 0432     		adds	r2, r2, #4
 587              	.LVL103:
 287:Drivers/CMSIS/DSP/Source/FilteringFunctions/arm_fir_q7.c ****     *pStateCurnt++ = *pState++;
 588              		.loc 1 287 29 view .LVU241
 589 01d6 0433     		adds	r3, r3, #4
 590              	.LVL104:
 591              	.L11:
 282:Drivers/CMSIS/DSP/Source/FilteringFunctions/arm_fir_q7.c ****   {
 592              		.loc 1 282 17 is_stmt 1 view .LVU242
 593 01d8 0029     		cmp	r1, #0
 594 01da EED1     		bne	.L12
 291:Drivers/CMSIS/DSP/Source/FilteringFunctions/arm_fir_q7.c ****   }
 292:Drivers/CMSIS/DSP/Source/FilteringFunctions/arm_fir_q7.c **** 
 293:Drivers/CMSIS/DSP/Source/FilteringFunctions/arm_fir_q7.c ****   /* Calculate remaining number of copies */
 294:Drivers/CMSIS/DSP/Source/FilteringFunctions/arm_fir_q7.c ****   tapCnt = (numTaps - 1U) % 0x4U;
 595              		.loc 1 294 3 view .LVU243
 596              		.loc 1 294 10 is_stmt 0 view .LVU244
 597 01dc 04F00304 		and	r4, r4, #3
 598              	.LVL105:
 295:Drivers/CMSIS/DSP/Source/FilteringFunctions/arm_fir_q7.c **** 
 296:Drivers/CMSIS/DSP/Source/FilteringFunctions/arm_fir_q7.c ****   /* Copy the remaining q31_t data */
 297:Drivers/CMSIS/DSP/Source/FilteringFunctions/arm_fir_q7.c ****   while (tapCnt > 0U)
 599              		.loc 1 297 3 is_stmt 1 view .LVU245
 600              		.loc 1 297 9 is_stmt 0 view .LVU246
 601 01e0 04E0     		b	.L13
 602              	.L14:
 298:Drivers/CMSIS/DSP/Source/FilteringFunctions/arm_fir_q7.c ****   {
 299:Drivers/CMSIS/DSP/Source/FilteringFunctions/arm_fir_q7.c ****     *pStateCurnt++ = *pState++;
 603              		.loc 1 299 5 is_stmt 1 view .LVU247
 604              	.LVL106:
 605              		.loc 1 299 22 is_stmt 0 view .LVU248
 606 01e2 13F9011B 		ldrsb	r1, [r3], #1
 607              	.LVL107:
 608              		.loc 1 299 20 view .LVU249
 609 01e6 02F8011B 		strb	r1, [r2], #1
 610              	.LVL108:
 300:Drivers/CMSIS/DSP/Source/FilteringFunctions/arm_fir_q7.c **** 
 301:Drivers/CMSIS/DSP/Source/FilteringFunctions/arm_fir_q7.c ****     /* Decrement the loop counter */
 302:Drivers/CMSIS/DSP/Source/FilteringFunctions/arm_fir_q7.c ****     tapCnt--;
 611              		.loc 1 302 5 is_stmt 1 view .LVU250
 612              		.loc 1 302 11 is_stmt 0 view .LVU251
 613 01ea 013C     		subs	r4, r4, #1
ARM GAS  /var/folders/n6/c271nzx11xl4r4_m7sqjlt0m0000gn/T//cchNk5Z5.s 			page 18


 614              	.LVL109:
 615              	.L13:
 297:Drivers/CMSIS/DSP/Source/FilteringFunctions/arm_fir_q7.c ****   {
 616              		.loc 1 297 17 is_stmt 1 view .LVU252
 617 01ec 002C     		cmp	r4, #0
 618 01ee F8D1     		bne	.L14
 303:Drivers/CMSIS/DSP/Source/FilteringFunctions/arm_fir_q7.c ****   }
 304:Drivers/CMSIS/DSP/Source/FilteringFunctions/arm_fir_q7.c **** 
 305:Drivers/CMSIS/DSP/Source/FilteringFunctions/arm_fir_q7.c **** #else
 306:Drivers/CMSIS/DSP/Source/FilteringFunctions/arm_fir_q7.c **** 
 307:Drivers/CMSIS/DSP/Source/FilteringFunctions/arm_fir_q7.c **** /* Run the below code for Cortex-M0 */
 308:Drivers/CMSIS/DSP/Source/FilteringFunctions/arm_fir_q7.c **** 
 309:Drivers/CMSIS/DSP/Source/FilteringFunctions/arm_fir_q7.c ****   uint32_t numTaps = S->numTaps;                 /* Number of taps in the filter */
 310:Drivers/CMSIS/DSP/Source/FilteringFunctions/arm_fir_q7.c ****   uint32_t i, blkCnt;                            /* Loop counters */
 311:Drivers/CMSIS/DSP/Source/FilteringFunctions/arm_fir_q7.c ****   q7_t *pState = S->pState;                      /* State pointer */
 312:Drivers/CMSIS/DSP/Source/FilteringFunctions/arm_fir_q7.c ****   q7_t *pCoeffs = S->pCoeffs;                    /* Coefficient pointer */
 313:Drivers/CMSIS/DSP/Source/FilteringFunctions/arm_fir_q7.c ****   q7_t *px, *pb;                                 /* Temporary pointers to state and coeff */
 314:Drivers/CMSIS/DSP/Source/FilteringFunctions/arm_fir_q7.c ****   q31_t acc = 0;                                 /* Accumlator */
 315:Drivers/CMSIS/DSP/Source/FilteringFunctions/arm_fir_q7.c ****   q7_t *pStateCurnt;                             /* Points to the current sample of the state */
 316:Drivers/CMSIS/DSP/Source/FilteringFunctions/arm_fir_q7.c **** 
 317:Drivers/CMSIS/DSP/Source/FilteringFunctions/arm_fir_q7.c **** 
 318:Drivers/CMSIS/DSP/Source/FilteringFunctions/arm_fir_q7.c ****   /* S->pState points to state array which contains previous frame (numTaps - 1) samples */
 319:Drivers/CMSIS/DSP/Source/FilteringFunctions/arm_fir_q7.c ****   /* pStateCurnt points to the location where the new input data should be written */
 320:Drivers/CMSIS/DSP/Source/FilteringFunctions/arm_fir_q7.c ****   pStateCurnt = S->pState + (numTaps - 1U);
 321:Drivers/CMSIS/DSP/Source/FilteringFunctions/arm_fir_q7.c **** 
 322:Drivers/CMSIS/DSP/Source/FilteringFunctions/arm_fir_q7.c ****   /* Initialize blkCnt with blockSize */
 323:Drivers/CMSIS/DSP/Source/FilteringFunctions/arm_fir_q7.c ****   blkCnt = blockSize;
 324:Drivers/CMSIS/DSP/Source/FilteringFunctions/arm_fir_q7.c **** 
 325:Drivers/CMSIS/DSP/Source/FilteringFunctions/arm_fir_q7.c ****   /* Perform filtering upto BlockSize - BlockSize%4  */
 326:Drivers/CMSIS/DSP/Source/FilteringFunctions/arm_fir_q7.c ****   while (blkCnt > 0U)
 327:Drivers/CMSIS/DSP/Source/FilteringFunctions/arm_fir_q7.c ****   {
 328:Drivers/CMSIS/DSP/Source/FilteringFunctions/arm_fir_q7.c ****     /* Copy one sample at a time into state buffer */
 329:Drivers/CMSIS/DSP/Source/FilteringFunctions/arm_fir_q7.c ****     *pStateCurnt++ = *pSrc++;
 330:Drivers/CMSIS/DSP/Source/FilteringFunctions/arm_fir_q7.c **** 
 331:Drivers/CMSIS/DSP/Source/FilteringFunctions/arm_fir_q7.c ****     /* Set accumulator to zero */
 332:Drivers/CMSIS/DSP/Source/FilteringFunctions/arm_fir_q7.c ****     acc = 0;
 333:Drivers/CMSIS/DSP/Source/FilteringFunctions/arm_fir_q7.c **** 
 334:Drivers/CMSIS/DSP/Source/FilteringFunctions/arm_fir_q7.c ****     /* Initialize state pointer of type q7 */
 335:Drivers/CMSIS/DSP/Source/FilteringFunctions/arm_fir_q7.c ****     px = pState;
 336:Drivers/CMSIS/DSP/Source/FilteringFunctions/arm_fir_q7.c **** 
 337:Drivers/CMSIS/DSP/Source/FilteringFunctions/arm_fir_q7.c ****     /* Initialize coeff pointer of type q7 */
 338:Drivers/CMSIS/DSP/Source/FilteringFunctions/arm_fir_q7.c ****     pb = pCoeffs;
 339:Drivers/CMSIS/DSP/Source/FilteringFunctions/arm_fir_q7.c **** 
 340:Drivers/CMSIS/DSP/Source/FilteringFunctions/arm_fir_q7.c **** 
 341:Drivers/CMSIS/DSP/Source/FilteringFunctions/arm_fir_q7.c ****     i = numTaps;
 342:Drivers/CMSIS/DSP/Source/FilteringFunctions/arm_fir_q7.c **** 
 343:Drivers/CMSIS/DSP/Source/FilteringFunctions/arm_fir_q7.c ****     while (i > 0U)
 344:Drivers/CMSIS/DSP/Source/FilteringFunctions/arm_fir_q7.c ****     {
 345:Drivers/CMSIS/DSP/Source/FilteringFunctions/arm_fir_q7.c ****       /* acc =  b[numTaps-1] * x[n-numTaps-1] + b[numTaps-2] * x[n-numTaps-2] + b[numTaps-3] * x[n-
 346:Drivers/CMSIS/DSP/Source/FilteringFunctions/arm_fir_q7.c ****       acc += (q15_t) * px++ * *pb++;
 347:Drivers/CMSIS/DSP/Source/FilteringFunctions/arm_fir_q7.c ****       i--;
 348:Drivers/CMSIS/DSP/Source/FilteringFunctions/arm_fir_q7.c ****     }
 349:Drivers/CMSIS/DSP/Source/FilteringFunctions/arm_fir_q7.c **** 
 350:Drivers/CMSIS/DSP/Source/FilteringFunctions/arm_fir_q7.c ****     /* Store the 1.7 format filter output in destination buffer */
 351:Drivers/CMSIS/DSP/Source/FilteringFunctions/arm_fir_q7.c ****     *pDst++ = (q7_t) __SSAT((acc >> 7), 8);
 352:Drivers/CMSIS/DSP/Source/FilteringFunctions/arm_fir_q7.c **** 
 353:Drivers/CMSIS/DSP/Source/FilteringFunctions/arm_fir_q7.c ****     /* Advance the state pointer by 1 to process the next sample */
ARM GAS  /var/folders/n6/c271nzx11xl4r4_m7sqjlt0m0000gn/T//cchNk5Z5.s 			page 19


 354:Drivers/CMSIS/DSP/Source/FilteringFunctions/arm_fir_q7.c ****     pState = pState + 1;
 355:Drivers/CMSIS/DSP/Source/FilteringFunctions/arm_fir_q7.c **** 
 356:Drivers/CMSIS/DSP/Source/FilteringFunctions/arm_fir_q7.c ****     /* Decrement the loop counter */
 357:Drivers/CMSIS/DSP/Source/FilteringFunctions/arm_fir_q7.c ****     blkCnt--;
 358:Drivers/CMSIS/DSP/Source/FilteringFunctions/arm_fir_q7.c ****   }
 359:Drivers/CMSIS/DSP/Source/FilteringFunctions/arm_fir_q7.c **** 
 360:Drivers/CMSIS/DSP/Source/FilteringFunctions/arm_fir_q7.c ****   /* Processing is complete.
 361:Drivers/CMSIS/DSP/Source/FilteringFunctions/arm_fir_q7.c ****    ** Now copy the last numTaps - 1 samples to the satrt of the state buffer.
 362:Drivers/CMSIS/DSP/Source/FilteringFunctions/arm_fir_q7.c ****    ** This prepares the state buffer for the next function call. */
 363:Drivers/CMSIS/DSP/Source/FilteringFunctions/arm_fir_q7.c **** 
 364:Drivers/CMSIS/DSP/Source/FilteringFunctions/arm_fir_q7.c **** 
 365:Drivers/CMSIS/DSP/Source/FilteringFunctions/arm_fir_q7.c ****   /* Points to the start of the state buffer */
 366:Drivers/CMSIS/DSP/Source/FilteringFunctions/arm_fir_q7.c ****   pStateCurnt = S->pState;
 367:Drivers/CMSIS/DSP/Source/FilteringFunctions/arm_fir_q7.c **** 
 368:Drivers/CMSIS/DSP/Source/FilteringFunctions/arm_fir_q7.c **** 
 369:Drivers/CMSIS/DSP/Source/FilteringFunctions/arm_fir_q7.c ****   /* Copy numTaps number of values */
 370:Drivers/CMSIS/DSP/Source/FilteringFunctions/arm_fir_q7.c ****   i = (numTaps - 1U);
 371:Drivers/CMSIS/DSP/Source/FilteringFunctions/arm_fir_q7.c **** 
 372:Drivers/CMSIS/DSP/Source/FilteringFunctions/arm_fir_q7.c ****   /* Copy q7_t data */
 373:Drivers/CMSIS/DSP/Source/FilteringFunctions/arm_fir_q7.c ****   while (i > 0U)
 374:Drivers/CMSIS/DSP/Source/FilteringFunctions/arm_fir_q7.c ****   {
 375:Drivers/CMSIS/DSP/Source/FilteringFunctions/arm_fir_q7.c ****     *pStateCurnt++ = *pState++;
 376:Drivers/CMSIS/DSP/Source/FilteringFunctions/arm_fir_q7.c ****     i--;
 377:Drivers/CMSIS/DSP/Source/FilteringFunctions/arm_fir_q7.c ****   }
 378:Drivers/CMSIS/DSP/Source/FilteringFunctions/arm_fir_q7.c **** 
 379:Drivers/CMSIS/DSP/Source/FilteringFunctions/arm_fir_q7.c **** #endif /*   #if defined (ARM_MATH_DSP) */
 380:Drivers/CMSIS/DSP/Source/FilteringFunctions/arm_fir_q7.c **** 
 381:Drivers/CMSIS/DSP/Source/FilteringFunctions/arm_fir_q7.c **** }
 619              		.loc 1 381 1 is_stmt 0 view .LVU253
 620 01f0 0BB0     		add	sp, sp, #44
 621              		.cfi_def_cfa_offset 36
 622              		@ sp needed
 623 01f2 BDE8F08F 		pop	{r4, r5, r6, r7, r8, r9, r10, fp, pc}
 624              		.loc 1 381 1 view .LVU254
 625              		.cfi_endproc
 626              	.LFE135:
 628              		.text
 629              	.Letext0:
 630              		.file 2 "/Users/killian/Library/Application Support/Code/User/globalStorage/bmd.stm32-for-vscode/@
 631              		.file 3 "/Users/killian/Library/Application Support/Code/User/globalStorage/bmd.stm32-for-vscode/@
 632              		.file 4 "Drivers/CMSIS/DSP/Include/arm_math.h"
ARM GAS  /var/folders/n6/c271nzx11xl4r4_m7sqjlt0m0000gn/T//cchNk5Z5.s 			page 20


DEFINED SYMBOLS
                            *ABS*:00000000 arm_fir_q7.c
/var/folders/n6/c271nzx11xl4r4_m7sqjlt0m0000gn/T//cchNk5Z5.s:20     .text.arm_fir_q7:00000000 $t
/var/folders/n6/c271nzx11xl4r4_m7sqjlt0m0000gn/T//cchNk5Z5.s:26     .text.arm_fir_q7:00000000 arm_fir_q7

NO UNDEFINED SYMBOLS
