ARM GAS  /var/folders/n6/c271nzx11xl4r4_m7sqjlt0m0000gn/T//ccAcqHtz.s 			page 1


   1              		.cpu cortex-m7
   2              		.arch armv7e-m
   3              		.fpu fpv5-d16
   4              		.eabi_attribute 28, 1
   5              		.eabi_attribute 20, 1
   6              		.eabi_attribute 21, 1
   7              		.eabi_attribute 23, 3
   8              		.eabi_attribute 24, 1
   9              		.eabi_attribute 25, 1
  10              		.eabi_attribute 26, 1
  11              		.eabi_attribute 30, 1
  12              		.eabi_attribute 34, 1
  13              		.eabi_attribute 18, 4
  14              		.file	"arm_lms_f32.c"
  15              		.text
  16              	.Ltext0:
  17              		.cfi_sections	.debug_frame
  18              		.file 1 "Drivers/CMSIS/DSP/Source/FilteringFunctions/arm_lms_f32.c"
  19              		.section	.text.arm_lms_f32,"ax",%progbits
  20              		.align	1
  21              		.global	arm_lms_f32
  22              		.syntax unified
  23              		.thumb
  24              		.thumb_func
  26              	arm_lms_f32:
  27              	.LVL0:
  28              	.LFB135:
   1:Drivers/CMSIS/DSP/Source/FilteringFunctions/arm_lms_f32.c **** /* ----------------------------------------------------------------------
   2:Drivers/CMSIS/DSP/Source/FilteringFunctions/arm_lms_f32.c ****  * Project:      CMSIS DSP Library
   3:Drivers/CMSIS/DSP/Source/FilteringFunctions/arm_lms_f32.c ****  * Title:        arm_lms_f32.c
   4:Drivers/CMSIS/DSP/Source/FilteringFunctions/arm_lms_f32.c ****  * Description:  Processing function for the floating-point LMS filter
   5:Drivers/CMSIS/DSP/Source/FilteringFunctions/arm_lms_f32.c ****  *
   6:Drivers/CMSIS/DSP/Source/FilteringFunctions/arm_lms_f32.c ****  * $Date:        27. January 2017
   7:Drivers/CMSIS/DSP/Source/FilteringFunctions/arm_lms_f32.c ****  * $Revision:    V.1.5.1
   8:Drivers/CMSIS/DSP/Source/FilteringFunctions/arm_lms_f32.c ****  *
   9:Drivers/CMSIS/DSP/Source/FilteringFunctions/arm_lms_f32.c ****  * Target Processor: Cortex-M cores
  10:Drivers/CMSIS/DSP/Source/FilteringFunctions/arm_lms_f32.c ****  * -------------------------------------------------------------------- */
  11:Drivers/CMSIS/DSP/Source/FilteringFunctions/arm_lms_f32.c **** /*
  12:Drivers/CMSIS/DSP/Source/FilteringFunctions/arm_lms_f32.c ****  * Copyright (C) 2010-2017 ARM Limited or its affiliates. All rights reserved.
  13:Drivers/CMSIS/DSP/Source/FilteringFunctions/arm_lms_f32.c ****  *
  14:Drivers/CMSIS/DSP/Source/FilteringFunctions/arm_lms_f32.c ****  * SPDX-License-Identifier: Apache-2.0
  15:Drivers/CMSIS/DSP/Source/FilteringFunctions/arm_lms_f32.c ****  *
  16:Drivers/CMSIS/DSP/Source/FilteringFunctions/arm_lms_f32.c ****  * Licensed under the Apache License, Version 2.0 (the License); you may
  17:Drivers/CMSIS/DSP/Source/FilteringFunctions/arm_lms_f32.c ****  * not use this file except in compliance with the License.
  18:Drivers/CMSIS/DSP/Source/FilteringFunctions/arm_lms_f32.c ****  * You may obtain a copy of the License at
  19:Drivers/CMSIS/DSP/Source/FilteringFunctions/arm_lms_f32.c ****  *
  20:Drivers/CMSIS/DSP/Source/FilteringFunctions/arm_lms_f32.c ****  * www.apache.org/licenses/LICENSE-2.0
  21:Drivers/CMSIS/DSP/Source/FilteringFunctions/arm_lms_f32.c ****  *
  22:Drivers/CMSIS/DSP/Source/FilteringFunctions/arm_lms_f32.c ****  * Unless required by applicable law or agreed to in writing, software
  23:Drivers/CMSIS/DSP/Source/FilteringFunctions/arm_lms_f32.c ****  * distributed under the License is distributed on an AS IS BASIS, WITHOUT
  24:Drivers/CMSIS/DSP/Source/FilteringFunctions/arm_lms_f32.c ****  * WARRANTIES OR CONDITIONS OF ANY KIND, either express or implied.
  25:Drivers/CMSIS/DSP/Source/FilteringFunctions/arm_lms_f32.c ****  * See the License for the specific language governing permissions and
  26:Drivers/CMSIS/DSP/Source/FilteringFunctions/arm_lms_f32.c ****  * limitations under the License.
  27:Drivers/CMSIS/DSP/Source/FilteringFunctions/arm_lms_f32.c ****  */
  28:Drivers/CMSIS/DSP/Source/FilteringFunctions/arm_lms_f32.c **** 
  29:Drivers/CMSIS/DSP/Source/FilteringFunctions/arm_lms_f32.c **** #include "arm_math.h"
  30:Drivers/CMSIS/DSP/Source/FilteringFunctions/arm_lms_f32.c **** 
ARM GAS  /var/folders/n6/c271nzx11xl4r4_m7sqjlt0m0000gn/T//ccAcqHtz.s 			page 2


  31:Drivers/CMSIS/DSP/Source/FilteringFunctions/arm_lms_f32.c **** /**
  32:Drivers/CMSIS/DSP/Source/FilteringFunctions/arm_lms_f32.c ****  * @ingroup groupFilters
  33:Drivers/CMSIS/DSP/Source/FilteringFunctions/arm_lms_f32.c ****  */
  34:Drivers/CMSIS/DSP/Source/FilteringFunctions/arm_lms_f32.c **** 
  35:Drivers/CMSIS/DSP/Source/FilteringFunctions/arm_lms_f32.c **** /**
  36:Drivers/CMSIS/DSP/Source/FilteringFunctions/arm_lms_f32.c ****  * @defgroup LMS Least Mean Square (LMS) Filters
  37:Drivers/CMSIS/DSP/Source/FilteringFunctions/arm_lms_f32.c ****  *
  38:Drivers/CMSIS/DSP/Source/FilteringFunctions/arm_lms_f32.c ****  * LMS filters are a class of adaptive filters that are able to "learn" an unknown transfer functio
  39:Drivers/CMSIS/DSP/Source/FilteringFunctions/arm_lms_f32.c ****  * LMS filters use a gradient descent method in which the filter coefficients are updated based on 
  40:Drivers/CMSIS/DSP/Source/FilteringFunctions/arm_lms_f32.c ****  * Adaptive filters are often used in communication systems, equalizers, and noise removal.
  41:Drivers/CMSIS/DSP/Source/FilteringFunctions/arm_lms_f32.c ****  * The CMSIS DSP Library contains LMS filter functions that operate on Q15, Q31, and floating-point
  42:Drivers/CMSIS/DSP/Source/FilteringFunctions/arm_lms_f32.c ****  * The library also contains normalized LMS filters in which the filter coefficient adaptation is i
  43:Drivers/CMSIS/DSP/Source/FilteringFunctions/arm_lms_f32.c ****  *
  44:Drivers/CMSIS/DSP/Source/FilteringFunctions/arm_lms_f32.c ****  * An LMS filter consists of two components as shown below.
  45:Drivers/CMSIS/DSP/Source/FilteringFunctions/arm_lms_f32.c ****  * The first component is a standard transversal or FIR filter.
  46:Drivers/CMSIS/DSP/Source/FilteringFunctions/arm_lms_f32.c ****  * The second component is a coefficient update mechanism.
  47:Drivers/CMSIS/DSP/Source/FilteringFunctions/arm_lms_f32.c ****  * The LMS filter has two input signals.
  48:Drivers/CMSIS/DSP/Source/FilteringFunctions/arm_lms_f32.c ****  * The "input" feeds the FIR filter while the "reference input" corresponds to the desired output o
  49:Drivers/CMSIS/DSP/Source/FilteringFunctions/arm_lms_f32.c ****  * That is, the FIR filter coefficients are updated so that the output of the FIR filter matches th
  50:Drivers/CMSIS/DSP/Source/FilteringFunctions/arm_lms_f32.c ****  * The filter coefficient update mechanism is based on the difference between the FIR filter output
  51:Drivers/CMSIS/DSP/Source/FilteringFunctions/arm_lms_f32.c ****  * This "error signal" tends towards zero as the filter adapts.
  52:Drivers/CMSIS/DSP/Source/FilteringFunctions/arm_lms_f32.c ****  * The LMS processing functions accept the input and reference input signals and generate the filte
  53:Drivers/CMSIS/DSP/Source/FilteringFunctions/arm_lms_f32.c ****  * \image html LMS.gif "Internal structure of the Least Mean Square filter"
  54:Drivers/CMSIS/DSP/Source/FilteringFunctions/arm_lms_f32.c ****  *
  55:Drivers/CMSIS/DSP/Source/FilteringFunctions/arm_lms_f32.c ****  * The functions operate on blocks of data and each call to the function processes
  56:Drivers/CMSIS/DSP/Source/FilteringFunctions/arm_lms_f32.c ****  * <code>blockSize</code> samples through the filter.
  57:Drivers/CMSIS/DSP/Source/FilteringFunctions/arm_lms_f32.c ****  * <code>pSrc</code> points to input signal, <code>pRef</code> points to reference signal,
  58:Drivers/CMSIS/DSP/Source/FilteringFunctions/arm_lms_f32.c ****  * <code>pOut</code> points to output signal and <code>pErr</code> points to error signal.
  59:Drivers/CMSIS/DSP/Source/FilteringFunctions/arm_lms_f32.c ****  * All arrays contain <code>blockSize</code> values.
  60:Drivers/CMSIS/DSP/Source/FilteringFunctions/arm_lms_f32.c ****  *
  61:Drivers/CMSIS/DSP/Source/FilteringFunctions/arm_lms_f32.c ****  * The functions operate on a block-by-block basis.
  62:Drivers/CMSIS/DSP/Source/FilteringFunctions/arm_lms_f32.c ****  * Internally, the filter coefficients <code>b[n]</code> are updated on a sample-by-sample basis.
  63:Drivers/CMSIS/DSP/Source/FilteringFunctions/arm_lms_f32.c ****  * The convergence of the LMS filter is slower compared to the normalized LMS algorithm.
  64:Drivers/CMSIS/DSP/Source/FilteringFunctions/arm_lms_f32.c ****  *
  65:Drivers/CMSIS/DSP/Source/FilteringFunctions/arm_lms_f32.c ****  * \par Algorithm:
  66:Drivers/CMSIS/DSP/Source/FilteringFunctions/arm_lms_f32.c ****  * The output signal <code>y[n]</code> is computed by a standard FIR filter:
  67:Drivers/CMSIS/DSP/Source/FilteringFunctions/arm_lms_f32.c ****  * <pre>
  68:Drivers/CMSIS/DSP/Source/FilteringFunctions/arm_lms_f32.c ****  *     y[n] = b[0] * x[n] + b[1] * x[n-1] + b[2] * x[n-2] + ...+ b[numTaps-1] * x[n-numTaps+1]
  69:Drivers/CMSIS/DSP/Source/FilteringFunctions/arm_lms_f32.c ****  * </pre>
  70:Drivers/CMSIS/DSP/Source/FilteringFunctions/arm_lms_f32.c ****  *
  71:Drivers/CMSIS/DSP/Source/FilteringFunctions/arm_lms_f32.c ****  * \par
  72:Drivers/CMSIS/DSP/Source/FilteringFunctions/arm_lms_f32.c ****  * The error signal equals the difference between the reference signal <code>d[n]</code> and the fi
  73:Drivers/CMSIS/DSP/Source/FilteringFunctions/arm_lms_f32.c ****  * <pre>
  74:Drivers/CMSIS/DSP/Source/FilteringFunctions/arm_lms_f32.c ****  *     e[n] = d[n] - y[n].
  75:Drivers/CMSIS/DSP/Source/FilteringFunctions/arm_lms_f32.c ****  * </pre>
  76:Drivers/CMSIS/DSP/Source/FilteringFunctions/arm_lms_f32.c ****  *
  77:Drivers/CMSIS/DSP/Source/FilteringFunctions/arm_lms_f32.c ****  * \par
  78:Drivers/CMSIS/DSP/Source/FilteringFunctions/arm_lms_f32.c ****  * After each sample of the error signal is computed, the filter coefficients <code>b[k]</code> are
  79:Drivers/CMSIS/DSP/Source/FilteringFunctions/arm_lms_f32.c ****  * <pre>
  80:Drivers/CMSIS/DSP/Source/FilteringFunctions/arm_lms_f32.c ****  *     b[k] = b[k] + e[n] * mu * x[n-k],  for k=0, 1, ..., numTaps-1
  81:Drivers/CMSIS/DSP/Source/FilteringFunctions/arm_lms_f32.c ****  * </pre>
  82:Drivers/CMSIS/DSP/Source/FilteringFunctions/arm_lms_f32.c ****  * where <code>mu</code> is the step size and controls the rate of coefficient convergence.
  83:Drivers/CMSIS/DSP/Source/FilteringFunctions/arm_lms_f32.c ****  *\par
  84:Drivers/CMSIS/DSP/Source/FilteringFunctions/arm_lms_f32.c ****  * In the APIs, <code>pCoeffs</code> points to a coefficient array of size <code>numTaps</code>.
  85:Drivers/CMSIS/DSP/Source/FilteringFunctions/arm_lms_f32.c ****  * Coefficients are stored in time reversed order.
  86:Drivers/CMSIS/DSP/Source/FilteringFunctions/arm_lms_f32.c ****  * \par
  87:Drivers/CMSIS/DSP/Source/FilteringFunctions/arm_lms_f32.c ****  * <pre>
ARM GAS  /var/folders/n6/c271nzx11xl4r4_m7sqjlt0m0000gn/T//ccAcqHtz.s 			page 3


  88:Drivers/CMSIS/DSP/Source/FilteringFunctions/arm_lms_f32.c ****  *    {b[numTaps-1], b[numTaps-2], b[N-2], ..., b[1], b[0]}
  89:Drivers/CMSIS/DSP/Source/FilteringFunctions/arm_lms_f32.c ****  * </pre>
  90:Drivers/CMSIS/DSP/Source/FilteringFunctions/arm_lms_f32.c ****  * \par
  91:Drivers/CMSIS/DSP/Source/FilteringFunctions/arm_lms_f32.c ****  * <code>pState</code> points to a state array of size <code>numTaps + blockSize - 1</code>.
  92:Drivers/CMSIS/DSP/Source/FilteringFunctions/arm_lms_f32.c ****  * Samples in the state buffer are stored in the order:
  93:Drivers/CMSIS/DSP/Source/FilteringFunctions/arm_lms_f32.c ****  * \par
  94:Drivers/CMSIS/DSP/Source/FilteringFunctions/arm_lms_f32.c ****  * <pre>
  95:Drivers/CMSIS/DSP/Source/FilteringFunctions/arm_lms_f32.c ****  *    {x[n-numTaps+1], x[n-numTaps], x[n-numTaps-1], x[n-numTaps-2]....x[0], x[1], ..., x[blockSize
  96:Drivers/CMSIS/DSP/Source/FilteringFunctions/arm_lms_f32.c ****  * </pre>
  97:Drivers/CMSIS/DSP/Source/FilteringFunctions/arm_lms_f32.c ****  * \par
  98:Drivers/CMSIS/DSP/Source/FilteringFunctions/arm_lms_f32.c ****  * Note that the length of the state buffer exceeds the length of the coefficient array by <code>bl
  99:Drivers/CMSIS/DSP/Source/FilteringFunctions/arm_lms_f32.c ****  * The increased state buffer length allows circular addressing, which is traditionally used in FIR
 100:Drivers/CMSIS/DSP/Source/FilteringFunctions/arm_lms_f32.c ****  * to be avoided and yields a significant speed improvement.
 101:Drivers/CMSIS/DSP/Source/FilteringFunctions/arm_lms_f32.c ****  * The state variables are updated after each block of data is processed.
 102:Drivers/CMSIS/DSP/Source/FilteringFunctions/arm_lms_f32.c ****  * \par Instance Structure
 103:Drivers/CMSIS/DSP/Source/FilteringFunctions/arm_lms_f32.c ****  * The coefficients and state variables for a filter are stored together in an instance data struct
 104:Drivers/CMSIS/DSP/Source/FilteringFunctions/arm_lms_f32.c ****  * A separate instance structure must be defined for each filter and
 105:Drivers/CMSIS/DSP/Source/FilteringFunctions/arm_lms_f32.c ****  * coefficient and state arrays cannot be shared among instances.
 106:Drivers/CMSIS/DSP/Source/FilteringFunctions/arm_lms_f32.c ****  * There are separate instance structure declarations for each of the 3 supported data types.
 107:Drivers/CMSIS/DSP/Source/FilteringFunctions/arm_lms_f32.c ****  *
 108:Drivers/CMSIS/DSP/Source/FilteringFunctions/arm_lms_f32.c ****  * \par Initialization Functions
 109:Drivers/CMSIS/DSP/Source/FilteringFunctions/arm_lms_f32.c ****  * There is also an associated initialization function for each data type.
 110:Drivers/CMSIS/DSP/Source/FilteringFunctions/arm_lms_f32.c ****  * The initialization function performs the following operations:
 111:Drivers/CMSIS/DSP/Source/FilteringFunctions/arm_lms_f32.c ****  * - Sets the values of the internal structure fields.
 112:Drivers/CMSIS/DSP/Source/FilteringFunctions/arm_lms_f32.c ****  * - Zeros out the values in the state buffer.
 113:Drivers/CMSIS/DSP/Source/FilteringFunctions/arm_lms_f32.c ****  * To do this manually without calling the init function, assign the follow subfields of the instan
 114:Drivers/CMSIS/DSP/Source/FilteringFunctions/arm_lms_f32.c ****  * numTaps, pCoeffs, mu, postShift (not for f32), pState. Also set all of the values in pState to z
 115:Drivers/CMSIS/DSP/Source/FilteringFunctions/arm_lms_f32.c ****  *
 116:Drivers/CMSIS/DSP/Source/FilteringFunctions/arm_lms_f32.c ****  * \par
 117:Drivers/CMSIS/DSP/Source/FilteringFunctions/arm_lms_f32.c ****  * Use of the initialization function is optional.
 118:Drivers/CMSIS/DSP/Source/FilteringFunctions/arm_lms_f32.c ****  * However, if the initialization function is used, then the instance structure cannot be placed in
 119:Drivers/CMSIS/DSP/Source/FilteringFunctions/arm_lms_f32.c ****  * To place an instance structure into a const data section, the instance structure must be manuall
 120:Drivers/CMSIS/DSP/Source/FilteringFunctions/arm_lms_f32.c ****  * Set the values in the state buffer to zeros before static initialization.
 121:Drivers/CMSIS/DSP/Source/FilteringFunctions/arm_lms_f32.c ****  * The code below statically initializes each of the 3 different data type filter instance structur
 122:Drivers/CMSIS/DSP/Source/FilteringFunctions/arm_lms_f32.c ****  * <pre>
 123:Drivers/CMSIS/DSP/Source/FilteringFunctions/arm_lms_f32.c ****  *    arm_lms_instance_f32 S = {numTaps, pState, pCoeffs, mu};
 124:Drivers/CMSIS/DSP/Source/FilteringFunctions/arm_lms_f32.c ****  *    arm_lms_instance_q31 S = {numTaps, pState, pCoeffs, mu, postShift};
 125:Drivers/CMSIS/DSP/Source/FilteringFunctions/arm_lms_f32.c ****  *    arm_lms_instance_q15 S = {numTaps, pState, pCoeffs, mu, postShift};
 126:Drivers/CMSIS/DSP/Source/FilteringFunctions/arm_lms_f32.c ****  * </pre>
 127:Drivers/CMSIS/DSP/Source/FilteringFunctions/arm_lms_f32.c ****  * where <code>numTaps</code> is the number of filter coefficients in the filter; <code>pState</cod
 128:Drivers/CMSIS/DSP/Source/FilteringFunctions/arm_lms_f32.c ****  * <code>pCoeffs</code> is the address of the coefficient buffer; <code>mu</code> is the step size 
 129:Drivers/CMSIS/DSP/Source/FilteringFunctions/arm_lms_f32.c ****  *
 130:Drivers/CMSIS/DSP/Source/FilteringFunctions/arm_lms_f32.c ****  * \par Fixed-Point Behavior:
 131:Drivers/CMSIS/DSP/Source/FilteringFunctions/arm_lms_f32.c ****  * Care must be taken when using the Q15 and Q31 versions of the LMS filter.
 132:Drivers/CMSIS/DSP/Source/FilteringFunctions/arm_lms_f32.c ****  * The following issues must be considered:
 133:Drivers/CMSIS/DSP/Source/FilteringFunctions/arm_lms_f32.c ****  * - Scaling of coefficients
 134:Drivers/CMSIS/DSP/Source/FilteringFunctions/arm_lms_f32.c ****  * - Overflow and saturation
 135:Drivers/CMSIS/DSP/Source/FilteringFunctions/arm_lms_f32.c ****  *
 136:Drivers/CMSIS/DSP/Source/FilteringFunctions/arm_lms_f32.c ****  * \par Scaling of Coefficients:
 137:Drivers/CMSIS/DSP/Source/FilteringFunctions/arm_lms_f32.c ****  * Filter coefficients are represented as fractional values and
 138:Drivers/CMSIS/DSP/Source/FilteringFunctions/arm_lms_f32.c ****  * coefficients are restricted to lie in the range <code>[-1 +1)</code>.
 139:Drivers/CMSIS/DSP/Source/FilteringFunctions/arm_lms_f32.c ****  * The fixed-point functions have an additional scaling parameter <code>postShift</code>.
 140:Drivers/CMSIS/DSP/Source/FilteringFunctions/arm_lms_f32.c ****  * At the output of the filter's accumulator is a shift register which shifts the result by <code>p
 141:Drivers/CMSIS/DSP/Source/FilteringFunctions/arm_lms_f32.c ****  * This essentially scales the filter coefficients by <code>2^postShift</code> and
 142:Drivers/CMSIS/DSP/Source/FilteringFunctions/arm_lms_f32.c ****  * allows the filter coefficients to exceed the range <code>[+1 -1)</code>.
 143:Drivers/CMSIS/DSP/Source/FilteringFunctions/arm_lms_f32.c ****  * The value of <code>postShift</code> is set by the user based on the expected gain through the sy
 144:Drivers/CMSIS/DSP/Source/FilteringFunctions/arm_lms_f32.c ****  *
ARM GAS  /var/folders/n6/c271nzx11xl4r4_m7sqjlt0m0000gn/T//ccAcqHtz.s 			page 4


 145:Drivers/CMSIS/DSP/Source/FilteringFunctions/arm_lms_f32.c ****  * \par Overflow and Saturation:
 146:Drivers/CMSIS/DSP/Source/FilteringFunctions/arm_lms_f32.c ****  * Overflow and saturation behavior of the fixed-point Q15 and Q31 versions are
 147:Drivers/CMSIS/DSP/Source/FilteringFunctions/arm_lms_f32.c ****  * described separately as part of the function specific documentation below.
 148:Drivers/CMSIS/DSP/Source/FilteringFunctions/arm_lms_f32.c ****  */
 149:Drivers/CMSIS/DSP/Source/FilteringFunctions/arm_lms_f32.c **** 
 150:Drivers/CMSIS/DSP/Source/FilteringFunctions/arm_lms_f32.c **** /**
 151:Drivers/CMSIS/DSP/Source/FilteringFunctions/arm_lms_f32.c ****  * @addtogroup LMS
 152:Drivers/CMSIS/DSP/Source/FilteringFunctions/arm_lms_f32.c ****  * @{
 153:Drivers/CMSIS/DSP/Source/FilteringFunctions/arm_lms_f32.c ****  */
 154:Drivers/CMSIS/DSP/Source/FilteringFunctions/arm_lms_f32.c **** 
 155:Drivers/CMSIS/DSP/Source/FilteringFunctions/arm_lms_f32.c **** /**
 156:Drivers/CMSIS/DSP/Source/FilteringFunctions/arm_lms_f32.c ****  * @details
 157:Drivers/CMSIS/DSP/Source/FilteringFunctions/arm_lms_f32.c ****  * This function operates on floating-point data types.
 158:Drivers/CMSIS/DSP/Source/FilteringFunctions/arm_lms_f32.c ****  *
 159:Drivers/CMSIS/DSP/Source/FilteringFunctions/arm_lms_f32.c ****  * @brief Processing function for floating-point LMS filter.
 160:Drivers/CMSIS/DSP/Source/FilteringFunctions/arm_lms_f32.c ****  * @param[in]  *S points to an instance of the floating-point LMS filter structure.
 161:Drivers/CMSIS/DSP/Source/FilteringFunctions/arm_lms_f32.c ****  * @param[in]  *pSrc points to the block of input data.
 162:Drivers/CMSIS/DSP/Source/FilteringFunctions/arm_lms_f32.c ****  * @param[in]  *pRef points to the block of reference data.
 163:Drivers/CMSIS/DSP/Source/FilteringFunctions/arm_lms_f32.c ****  * @param[out] *pOut points to the block of output data.
 164:Drivers/CMSIS/DSP/Source/FilteringFunctions/arm_lms_f32.c ****  * @param[out] *pErr points to the block of error data.
 165:Drivers/CMSIS/DSP/Source/FilteringFunctions/arm_lms_f32.c ****  * @param[in]  blockSize number of samples to process.
 166:Drivers/CMSIS/DSP/Source/FilteringFunctions/arm_lms_f32.c ****  * @return     none.
 167:Drivers/CMSIS/DSP/Source/FilteringFunctions/arm_lms_f32.c ****  */
 168:Drivers/CMSIS/DSP/Source/FilteringFunctions/arm_lms_f32.c **** 
 169:Drivers/CMSIS/DSP/Source/FilteringFunctions/arm_lms_f32.c **** void arm_lms_f32(
 170:Drivers/CMSIS/DSP/Source/FilteringFunctions/arm_lms_f32.c ****   const arm_lms_instance_f32 * S,
 171:Drivers/CMSIS/DSP/Source/FilteringFunctions/arm_lms_f32.c ****   float32_t * pSrc,
 172:Drivers/CMSIS/DSP/Source/FilteringFunctions/arm_lms_f32.c ****   float32_t * pRef,
 173:Drivers/CMSIS/DSP/Source/FilteringFunctions/arm_lms_f32.c ****   float32_t * pOut,
 174:Drivers/CMSIS/DSP/Source/FilteringFunctions/arm_lms_f32.c ****   float32_t * pErr,
 175:Drivers/CMSIS/DSP/Source/FilteringFunctions/arm_lms_f32.c ****   uint32_t blockSize)
 176:Drivers/CMSIS/DSP/Source/FilteringFunctions/arm_lms_f32.c **** {
  29              		.loc 1 176 1 view -0
  30              		.cfi_startproc
  31              		@ args = 8, pretend = 0, frame = 0
  32              		@ frame_needed = 0, uses_anonymous_args = 0
  33              		.loc 1 176 1 is_stmt 0 view .LVU1
  34 0000 2DE9F04F 		push	{r4, r5, r6, r7, r8, r9, r10, fp, lr}
  35              		.cfi_def_cfa_offset 36
  36              		.cfi_offset 4, -36
  37              		.cfi_offset 5, -32
  38              		.cfi_offset 6, -28
  39              		.cfi_offset 7, -24
  40              		.cfi_offset 8, -20
  41              		.cfi_offset 9, -16
  42              		.cfi_offset 10, -12
  43              		.cfi_offset 11, -8
  44              		.cfi_offset 14, -4
  45 0004 8046     		mov	r8, r0
  46 0006 1646     		mov	r6, r2
  47 0008 1D46     		mov	r5, r3
  48 000a DDF828A0 		ldr	r10, [sp, #40]
 177:Drivers/CMSIS/DSP/Source/FilteringFunctions/arm_lms_f32.c ****   float32_t *pState = S->pState;                 /* State pointer */
  49              		.loc 1 177 3 is_stmt 1 view .LVU2
  50              		.loc 1 177 14 is_stmt 0 view .LVU3
  51 000e 4068     		ldr	r0, [r0, #4]
  52              	.LVL1:
ARM GAS  /var/folders/n6/c271nzx11xl4r4_m7sqjlt0m0000gn/T//ccAcqHtz.s 			page 5


 178:Drivers/CMSIS/DSP/Source/FilteringFunctions/arm_lms_f32.c ****   float32_t *pCoeffs = S->pCoeffs;               /* Coefficient pointer */
  53              		.loc 1 178 3 is_stmt 1 view .LVU4
  54              		.loc 1 178 14 is_stmt 0 view .LVU5
  55 0010 D8F808B0 		ldr	fp, [r8, #8]
  56              	.LVL2:
 179:Drivers/CMSIS/DSP/Source/FilteringFunctions/arm_lms_f32.c ****   float32_t *pStateCurnt;                        /* Points to the current sample of the state */
  57              		.loc 1 179 3 is_stmt 1 view .LVU6
 180:Drivers/CMSIS/DSP/Source/FilteringFunctions/arm_lms_f32.c ****   float32_t *px, *pb;                            /* Temporary pointers for state and coefficient bu
  58              		.loc 1 180 3 view .LVU7
 181:Drivers/CMSIS/DSP/Source/FilteringFunctions/arm_lms_f32.c ****   float32_t mu = S->mu;                          /* Adaptive factor */
  59              		.loc 1 181 3 view .LVU8
  60              		.loc 1 181 13 is_stmt 0 view .LVU9
  61 0014 D8ED036A 		vldr.32	s13, [r8, #12]
  62              	.LVL3:
 182:Drivers/CMSIS/DSP/Source/FilteringFunctions/arm_lms_f32.c ****   uint32_t numTaps = S->numTaps;                 /* Number of filter coefficients in the filter */
  63              		.loc 1 182 3 is_stmt 1 view .LVU10
  64              		.loc 1 182 23 is_stmt 0 view .LVU11
  65 0018 B8F80090 		ldrh	r9, [r8]
  66              	.LVL4:
 183:Drivers/CMSIS/DSP/Source/FilteringFunctions/arm_lms_f32.c ****   uint32_t tapCnt, blkCnt;                       /* Loop counters */
  67              		.loc 1 183 3 is_stmt 1 view .LVU12
 184:Drivers/CMSIS/DSP/Source/FilteringFunctions/arm_lms_f32.c ****   float32_t sum, e, d;                           /* accumulator, error, reference data sample */
  68              		.loc 1 184 3 view .LVU13
 185:Drivers/CMSIS/DSP/Source/FilteringFunctions/arm_lms_f32.c ****   float32_t w = 0.0f;                            /* weight factor */
  69              		.loc 1 185 3 view .LVU14
 186:Drivers/CMSIS/DSP/Source/FilteringFunctions/arm_lms_f32.c **** 
 187:Drivers/CMSIS/DSP/Source/FilteringFunctions/arm_lms_f32.c ****   e = 0.0f;
  70              		.loc 1 187 3 view .LVU15
 188:Drivers/CMSIS/DSP/Source/FilteringFunctions/arm_lms_f32.c ****   d = 0.0f;
  71              		.loc 1 188 3 view .LVU16
 189:Drivers/CMSIS/DSP/Source/FilteringFunctions/arm_lms_f32.c **** 
 190:Drivers/CMSIS/DSP/Source/FilteringFunctions/arm_lms_f32.c ****   /* S->pState points to state array which contains previous frame (numTaps - 1) samples */
 191:Drivers/CMSIS/DSP/Source/FilteringFunctions/arm_lms_f32.c ****   /* pStateCurnt points to the location where the new input data should be written */
 192:Drivers/CMSIS/DSP/Source/FilteringFunctions/arm_lms_f32.c ****   pStateCurnt = &(S->pState[(numTaps - 1U)]);
  72              		.loc 1 192 3 view .LVU17
  73              		.loc 1 192 28 is_stmt 0 view .LVU18
  74 001c 6FF04044 		mvn	r4, #-1073741824
  75 0020 4C44     		add	r4, r4, r9
  76              		.loc 1 192 15 view .LVU19
  77 0022 00EB8404 		add	r4, r0, r4, lsl #2
  78              	.LVL5:
 193:Drivers/CMSIS/DSP/Source/FilteringFunctions/arm_lms_f32.c **** 
 194:Drivers/CMSIS/DSP/Source/FilteringFunctions/arm_lms_f32.c ****   blkCnt = blockSize;
  79              		.loc 1 194 3 is_stmt 1 view .LVU20
 195:Drivers/CMSIS/DSP/Source/FilteringFunctions/arm_lms_f32.c **** 
 196:Drivers/CMSIS/DSP/Source/FilteringFunctions/arm_lms_f32.c **** 
 197:Drivers/CMSIS/DSP/Source/FilteringFunctions/arm_lms_f32.c **** #if defined (ARM_MATH_DSP)
 198:Drivers/CMSIS/DSP/Source/FilteringFunctions/arm_lms_f32.c **** 
 199:Drivers/CMSIS/DSP/Source/FilteringFunctions/arm_lms_f32.c ****   /* Run the below code for Cortex-M4 and Cortex-M3 */
 200:Drivers/CMSIS/DSP/Source/FilteringFunctions/arm_lms_f32.c **** 
 201:Drivers/CMSIS/DSP/Source/FilteringFunctions/arm_lms_f32.c ****   while (blkCnt > 0U)
  80              		.loc 1 201 3 view .LVU21
  81 0026 A446     		mov	ip, r4
  82 0028 8E46     		mov	lr, r1
  83              		.loc 1 201 9 is_stmt 0 view .LVU22
  84 002a 80E0     		b	.L2
  85              	.LVL6:
ARM GAS  /var/folders/n6/c271nzx11xl4r4_m7sqjlt0m0000gn/T//ccAcqHtz.s 			page 6


  86              	.L4:
 202:Drivers/CMSIS/DSP/Source/FilteringFunctions/arm_lms_f32.c ****   {
 203:Drivers/CMSIS/DSP/Source/FilteringFunctions/arm_lms_f32.c ****     /* Copy the new input sample into the state buffer */
 204:Drivers/CMSIS/DSP/Source/FilteringFunctions/arm_lms_f32.c ****     *pStateCurnt++ = *pSrc++;
 205:Drivers/CMSIS/DSP/Source/FilteringFunctions/arm_lms_f32.c **** 
 206:Drivers/CMSIS/DSP/Source/FilteringFunctions/arm_lms_f32.c ****     /* Initialize pState pointer */
 207:Drivers/CMSIS/DSP/Source/FilteringFunctions/arm_lms_f32.c ****     px = pState;
 208:Drivers/CMSIS/DSP/Source/FilteringFunctions/arm_lms_f32.c **** 
 209:Drivers/CMSIS/DSP/Source/FilteringFunctions/arm_lms_f32.c ****     /* Initialize coeff pointer */
 210:Drivers/CMSIS/DSP/Source/FilteringFunctions/arm_lms_f32.c ****     pb = (pCoeffs);
 211:Drivers/CMSIS/DSP/Source/FilteringFunctions/arm_lms_f32.c **** 
 212:Drivers/CMSIS/DSP/Source/FilteringFunctions/arm_lms_f32.c ****     /* Set the accumulator to zero */
 213:Drivers/CMSIS/DSP/Source/FilteringFunctions/arm_lms_f32.c ****     sum = 0.0f;
 214:Drivers/CMSIS/DSP/Source/FilteringFunctions/arm_lms_f32.c **** 
 215:Drivers/CMSIS/DSP/Source/FilteringFunctions/arm_lms_f32.c ****     /* Loop unrolling.  Process 4 taps at a time. */
 216:Drivers/CMSIS/DSP/Source/FilteringFunctions/arm_lms_f32.c ****     tapCnt = numTaps >> 2;
 217:Drivers/CMSIS/DSP/Source/FilteringFunctions/arm_lms_f32.c **** 
 218:Drivers/CMSIS/DSP/Source/FilteringFunctions/arm_lms_f32.c ****     while (tapCnt > 0U)
 219:Drivers/CMSIS/DSP/Source/FilteringFunctions/arm_lms_f32.c ****     {
 220:Drivers/CMSIS/DSP/Source/FilteringFunctions/arm_lms_f32.c ****       /* Perform the multiply-accumulate */
 221:Drivers/CMSIS/DSP/Source/FilteringFunctions/arm_lms_f32.c ****       sum += (*px++) * (*pb++);
  87              		.loc 1 221 7 is_stmt 1 view .LVU23
  88              		.loc 1 221 15 is_stmt 0 view .LVU24
  89 002c 93ED007A 		vldr.32	s14, [r3]
  90              	.LVL7:
  91              		.loc 1 221 25 view .LVU25
  92 0030 92ED006A 		vldr.32	s12, [r2]
  93              		.loc 1 221 22 view .LVU26
  94 0034 27EE067A 		vmul.f32	s14, s14, s12
  95              		.loc 1 221 11 view .LVU27
  96 0038 77EE877A 		vadd.f32	s15, s15, s14
  97              	.LVL8:
 222:Drivers/CMSIS/DSP/Source/FilteringFunctions/arm_lms_f32.c ****       sum += (*px++) * (*pb++);
  98              		.loc 1 222 7 is_stmt 1 view .LVU28
  99              		.loc 1 222 15 is_stmt 0 view .LVU29
 100 003c 93ED017A 		vldr.32	s14, [r3, #4]
 101              	.LVL9:
 102              		.loc 1 222 25 view .LVU30
 103 0040 92ED016A 		vldr.32	s12, [r2, #4]
 104              		.loc 1 222 22 view .LVU31
 105 0044 27EE067A 		vmul.f32	s14, s14, s12
 106              		.loc 1 222 11 view .LVU32
 107 0048 77EE877A 		vadd.f32	s15, s15, s14
 108              	.LVL10:
 223:Drivers/CMSIS/DSP/Source/FilteringFunctions/arm_lms_f32.c ****       sum += (*px++) * (*pb++);
 109              		.loc 1 223 7 is_stmt 1 view .LVU33
 110              		.loc 1 223 15 is_stmt 0 view .LVU34
 111 004c 93ED027A 		vldr.32	s14, [r3, #8]
 112              	.LVL11:
 113              		.loc 1 223 25 view .LVU35
 114 0050 92ED026A 		vldr.32	s12, [r2, #8]
 115              		.loc 1 223 22 view .LVU36
 116 0054 27EE067A 		vmul.f32	s14, s14, s12
 117              		.loc 1 223 11 view .LVU37
 118 0058 77EE877A 		vadd.f32	s15, s15, s14
 119              	.LVL12:
 224:Drivers/CMSIS/DSP/Source/FilteringFunctions/arm_lms_f32.c ****       sum += (*px++) * (*pb++);
ARM GAS  /var/folders/n6/c271nzx11xl4r4_m7sqjlt0m0000gn/T//ccAcqHtz.s 			page 7


 120              		.loc 1 224 7 is_stmt 1 view .LVU38
 121              		.loc 1 224 15 is_stmt 0 view .LVU39
 122 005c 93ED037A 		vldr.32	s14, [r3, #12]
 123              	.LVL13:
 124              		.loc 1 224 25 view .LVU40
 125 0060 92ED036A 		vldr.32	s12, [r2, #12]
 126              		.loc 1 224 22 view .LVU41
 127 0064 27EE067A 		vmul.f32	s14, s14, s12
 128              		.loc 1 224 11 view .LVU42
 129 0068 77EE877A 		vadd.f32	s15, s15, s14
 130              	.LVL14:
 225:Drivers/CMSIS/DSP/Source/FilteringFunctions/arm_lms_f32.c **** 
 226:Drivers/CMSIS/DSP/Source/FilteringFunctions/arm_lms_f32.c ****       /* Decrement the loop counter */
 227:Drivers/CMSIS/DSP/Source/FilteringFunctions/arm_lms_f32.c ****       tapCnt--;
 131              		.loc 1 227 7 is_stmt 1 view .LVU43
 132              		.loc 1 227 13 is_stmt 0 view .LVU44
 133 006c 0139     		subs	r1, r1, #1
 134              	.LVL15:
 224:Drivers/CMSIS/DSP/Source/FilteringFunctions/arm_lms_f32.c ****       sum += (*px++) * (*pb++);
 135              		.loc 1 224 28 view .LVU45
 136 006e 1032     		adds	r2, r2, #16
 137              	.LVL16:
 224:Drivers/CMSIS/DSP/Source/FilteringFunctions/arm_lms_f32.c ****       sum += (*px++) * (*pb++);
 138              		.loc 1 224 18 view .LVU46
 139 0070 1033     		adds	r3, r3, #16
 140              	.LVL17:
 141              	.L3:
 218:Drivers/CMSIS/DSP/Source/FilteringFunctions/arm_lms_f32.c ****     {
 142              		.loc 1 218 19 is_stmt 1 view .LVU47
 143 0072 0029     		cmp	r1, #0
 144 0074 DAD1     		bne	.L4
 228:Drivers/CMSIS/DSP/Source/FilteringFunctions/arm_lms_f32.c ****     }
 229:Drivers/CMSIS/DSP/Source/FilteringFunctions/arm_lms_f32.c **** 
 230:Drivers/CMSIS/DSP/Source/FilteringFunctions/arm_lms_f32.c ****     /* If the filter length is not a multiple of 4, compute the remaining filter taps */
 231:Drivers/CMSIS/DSP/Source/FilteringFunctions/arm_lms_f32.c ****     tapCnt = numTaps % 0x4U;
 145              		.loc 1 231 5 view .LVU48
 146              		.loc 1 231 12 is_stmt 0 view .LVU49
 147 0076 09F00301 		and	r1, r9, #3
 148              	.LVL18:
 232:Drivers/CMSIS/DSP/Source/FilteringFunctions/arm_lms_f32.c **** 
 233:Drivers/CMSIS/DSP/Source/FilteringFunctions/arm_lms_f32.c ****     while (tapCnt > 0U)
 149              		.loc 1 233 5 is_stmt 1 view .LVU50
 231:Drivers/CMSIS/DSP/Source/FilteringFunctions/arm_lms_f32.c **** 
 150              		.loc 1 231 12 is_stmt 0 view .LVU51
 151 007a 0F46     		mov	r7, r1
 152              		.loc 1 233 11 view .LVU52
 153 007c 08E0     		b	.L5
 154              	.LVL19:
 155              	.L6:
 234:Drivers/CMSIS/DSP/Source/FilteringFunctions/arm_lms_f32.c ****     {
 235:Drivers/CMSIS/DSP/Source/FilteringFunctions/arm_lms_f32.c ****       /* Perform the multiply-accumulate */
 236:Drivers/CMSIS/DSP/Source/FilteringFunctions/arm_lms_f32.c ****       sum += (*px++) * (*pb++);
 156              		.loc 1 236 7 is_stmt 1 view .LVU53
 157              		.loc 1 236 15 is_stmt 0 view .LVU54
 158 007e B3EC017A 		vldmia.32	r3!, {s14}
 159              	.LVL20:
 160              		.loc 1 236 25 view .LVU55
ARM GAS  /var/folders/n6/c271nzx11xl4r4_m7sqjlt0m0000gn/T//ccAcqHtz.s 			page 8


 161 0082 B2EC016A 		vldmia.32	r2!, {s12}
 162              	.LVL21:
 163              		.loc 1 236 22 view .LVU56
 164 0086 27EE067A 		vmul.f32	s14, s14, s12
 165              		.loc 1 236 11 view .LVU57
 166 008a 77EE877A 		vadd.f32	s15, s15, s14
 167              	.LVL22:
 237:Drivers/CMSIS/DSP/Source/FilteringFunctions/arm_lms_f32.c **** 
 238:Drivers/CMSIS/DSP/Source/FilteringFunctions/arm_lms_f32.c ****       /* Decrement the loop counter */
 239:Drivers/CMSIS/DSP/Source/FilteringFunctions/arm_lms_f32.c ****       tapCnt--;
 168              		.loc 1 239 7 is_stmt 1 view .LVU58
 169              		.loc 1 239 13 is_stmt 0 view .LVU59
 170 008e 013F     		subs	r7, r7, #1
 171              	.LVL23:
 172              	.L5:
 233:Drivers/CMSIS/DSP/Source/FilteringFunctions/arm_lms_f32.c ****     {
 173              		.loc 1 233 19 is_stmt 1 view .LVU60
 174 0090 002F     		cmp	r7, #0
 175 0092 F4D1     		bne	.L6
 240:Drivers/CMSIS/DSP/Source/FilteringFunctions/arm_lms_f32.c ****     }
 241:Drivers/CMSIS/DSP/Source/FilteringFunctions/arm_lms_f32.c **** 
 242:Drivers/CMSIS/DSP/Source/FilteringFunctions/arm_lms_f32.c ****     /* The result in the accumulator, store in the destination buffer. */
 243:Drivers/CMSIS/DSP/Source/FilteringFunctions/arm_lms_f32.c ****     *pOut++ = sum;
 176              		.loc 1 243 5 view .LVU61
 177              	.LVL24:
 178              		.loc 1 243 13 is_stmt 0 view .LVU62
 179 0094 E5EC017A 		vstmia.32	r5!, {s15}
 180              	.LVL25:
 244:Drivers/CMSIS/DSP/Source/FilteringFunctions/arm_lms_f32.c **** 
 245:Drivers/CMSIS/DSP/Source/FilteringFunctions/arm_lms_f32.c ****     /* Compute and store error */
 246:Drivers/CMSIS/DSP/Source/FilteringFunctions/arm_lms_f32.c ****     d = (float32_t) (*pRef++);
 181              		.loc 1 246 5 is_stmt 1 view .LVU63
 182              		.loc 1 246 7 is_stmt 0 view .LVU64
 183 0098 B6EC017A 		vldmia.32	r6!, {s14}
 184              	.LVL26:
 247:Drivers/CMSIS/DSP/Source/FilteringFunctions/arm_lms_f32.c ****     e = d - sum;
 185              		.loc 1 247 5 is_stmt 1 view .LVU65
 186              		.loc 1 247 7 is_stmt 0 view .LVU66
 187 009c 77EE677A 		vsub.f32	s15, s14, s15
 188              	.LVL27:
 248:Drivers/CMSIS/DSP/Source/FilteringFunctions/arm_lms_f32.c ****     *pErr++ = e;
 189              		.loc 1 248 5 is_stmt 1 view .LVU67
 190              		.loc 1 248 10 is_stmt 0 view .LVU68
 191 00a0 099F     		ldr	r7, [sp, #36]
 192              	.LVL28:
 193              		.loc 1 248 13 view .LVU69
 194 00a2 E7EC017A 		vstmia.32	r7!, {s15}
 195              	.LVL29:
 249:Drivers/CMSIS/DSP/Source/FilteringFunctions/arm_lms_f32.c **** 
 250:Drivers/CMSIS/DSP/Source/FilteringFunctions/arm_lms_f32.c ****     /* Calculation of Weighting factor for the updating filter coefficients */
 251:Drivers/CMSIS/DSP/Source/FilteringFunctions/arm_lms_f32.c ****     w = e * mu;
 196              		.loc 1 251 5 is_stmt 1 view .LVU70
 197              		.loc 1 251 7 is_stmt 0 view .LVU71
 198 00a6 66EEA77A 		vmul.f32	s15, s13, s15
 199              	.LVL30:
 252:Drivers/CMSIS/DSP/Source/FilteringFunctions/arm_lms_f32.c **** 
 253:Drivers/CMSIS/DSP/Source/FilteringFunctions/arm_lms_f32.c ****     /* Initialize pState pointer */
ARM GAS  /var/folders/n6/c271nzx11xl4r4_m7sqjlt0m0000gn/T//ccAcqHtz.s 			page 9


 254:Drivers/CMSIS/DSP/Source/FilteringFunctions/arm_lms_f32.c ****     px = pState;
 200              		.loc 1 254 5 is_stmt 1 view .LVU72
 255:Drivers/CMSIS/DSP/Source/FilteringFunctions/arm_lms_f32.c **** 
 256:Drivers/CMSIS/DSP/Source/FilteringFunctions/arm_lms_f32.c ****     /* Initialize coeff pointer */
 257:Drivers/CMSIS/DSP/Source/FilteringFunctions/arm_lms_f32.c ****     pb = (pCoeffs);
 201              		.loc 1 257 5 view .LVU73
 258:Drivers/CMSIS/DSP/Source/FilteringFunctions/arm_lms_f32.c **** 
 259:Drivers/CMSIS/DSP/Source/FilteringFunctions/arm_lms_f32.c ****     /* Loop unrolling.  Process 4 taps at a time. */
 260:Drivers/CMSIS/DSP/Source/FilteringFunctions/arm_lms_f32.c ****     tapCnt = numTaps >> 2;
 202              		.loc 1 260 5 view .LVU74
 261:Drivers/CMSIS/DSP/Source/FilteringFunctions/arm_lms_f32.c **** 
 262:Drivers/CMSIS/DSP/Source/FilteringFunctions/arm_lms_f32.c ****     /* Update filter coefficients */
 263:Drivers/CMSIS/DSP/Source/FilteringFunctions/arm_lms_f32.c ****     while (tapCnt > 0U)
 203              		.loc 1 263 5 view .LVU75
 257:Drivers/CMSIS/DSP/Source/FilteringFunctions/arm_lms_f32.c **** 
 204              		.loc 1 257 8 is_stmt 0 view .LVU76
 205 00aa 5B46     		mov	r3, fp
 254:Drivers/CMSIS/DSP/Source/FilteringFunctions/arm_lms_f32.c **** 
 206              		.loc 1 254 8 view .LVU77
 207 00ac 0246     		mov	r2, r0
 208              		.loc 1 263 11 view .LVU78
 209 00ae 2AE0     		b	.L7
 210              	.LVL31:
 211              	.L8:
 264:Drivers/CMSIS/DSP/Source/FilteringFunctions/arm_lms_f32.c ****     {
 265:Drivers/CMSIS/DSP/Source/FilteringFunctions/arm_lms_f32.c ****       /* Perform the multiply-accumulate */
 266:Drivers/CMSIS/DSP/Source/FilteringFunctions/arm_lms_f32.c ****       *pb = *pb + (w * (*px++));
 212              		.loc 1 266 7 is_stmt 1 view .LVU79
 213              		.loc 1 266 13 is_stmt 0 view .LVU80
 214 00b0 93ED007A 		vldr.32	s14, [r3]
 215              	.LVL32:
 216              		.loc 1 266 25 view .LVU81
 217 00b4 92ED006A 		vldr.32	s12, [r2]
 218              		.loc 1 266 22 view .LVU82
 219 00b8 26EE276A 		vmul.f32	s12, s12, s15
 220              		.loc 1 266 17 view .LVU83
 221 00bc 37EE067A 		vadd.f32	s14, s14, s12
 222              		.loc 1 266 11 view .LVU84
 223 00c0 83ED007A 		vstr.32	s14, [r3]
 267:Drivers/CMSIS/DSP/Source/FilteringFunctions/arm_lms_f32.c ****       pb++;
 224              		.loc 1 267 7 is_stmt 1 view .LVU85
 225              	.LVL33:
 268:Drivers/CMSIS/DSP/Source/FilteringFunctions/arm_lms_f32.c **** 
 269:Drivers/CMSIS/DSP/Source/FilteringFunctions/arm_lms_f32.c ****       *pb = *pb + (w * (*px++));
 226              		.loc 1 269 7 view .LVU86
 227              		.loc 1 269 13 is_stmt 0 view .LVU87
 228 00c4 93ED017A 		vldr.32	s14, [r3, #4]
 229              	.LVL34:
 230              		.loc 1 269 25 view .LVU88
 231 00c8 92ED016A 		vldr.32	s12, [r2, #4]
 232              		.loc 1 269 22 view .LVU89
 233 00cc 26EE276A 		vmul.f32	s12, s12, s15
 234              		.loc 1 269 17 view .LVU90
 235 00d0 37EE067A 		vadd.f32	s14, s14, s12
 236              		.loc 1 269 11 view .LVU91
 237 00d4 83ED017A 		vstr.32	s14, [r3, #4]
 270:Drivers/CMSIS/DSP/Source/FilteringFunctions/arm_lms_f32.c ****       pb++;
ARM GAS  /var/folders/n6/c271nzx11xl4r4_m7sqjlt0m0000gn/T//ccAcqHtz.s 			page 10


 238              		.loc 1 270 7 is_stmt 1 view .LVU92
 239              	.LVL35:
 271:Drivers/CMSIS/DSP/Source/FilteringFunctions/arm_lms_f32.c **** 
 272:Drivers/CMSIS/DSP/Source/FilteringFunctions/arm_lms_f32.c ****       *pb = *pb + (w * (*px++));
 240              		.loc 1 272 7 view .LVU93
 241              		.loc 1 272 13 is_stmt 0 view .LVU94
 242 00d8 93ED027A 		vldr.32	s14, [r3, #8]
 243              	.LVL36:
 244              		.loc 1 272 25 view .LVU95
 245 00dc 92ED026A 		vldr.32	s12, [r2, #8]
 246              		.loc 1 272 22 view .LVU96
 247 00e0 26EE276A 		vmul.f32	s12, s12, s15
 248              		.loc 1 272 17 view .LVU97
 249 00e4 37EE067A 		vadd.f32	s14, s14, s12
 250              		.loc 1 272 11 view .LVU98
 251 00e8 83ED027A 		vstr.32	s14, [r3, #8]
 273:Drivers/CMSIS/DSP/Source/FilteringFunctions/arm_lms_f32.c ****       pb++;
 252              		.loc 1 273 7 is_stmt 1 view .LVU99
 253              	.LVL37:
 274:Drivers/CMSIS/DSP/Source/FilteringFunctions/arm_lms_f32.c **** 
 275:Drivers/CMSIS/DSP/Source/FilteringFunctions/arm_lms_f32.c ****       *pb = *pb + (w * (*px++));
 254              		.loc 1 275 7 view .LVU100
 255              		.loc 1 275 13 is_stmt 0 view .LVU101
 256 00ec 93ED037A 		vldr.32	s14, [r3, #12]
 257              	.LVL38:
 258              		.loc 1 275 25 view .LVU102
 259 00f0 92ED036A 		vldr.32	s12, [r2, #12]
 260              		.loc 1 275 22 view .LVU103
 261 00f4 26EE276A 		vmul.f32	s12, s12, s15
 262              		.loc 1 275 17 view .LVU104
 263 00f8 37EE067A 		vadd.f32	s14, s14, s12
 264              		.loc 1 275 11 view .LVU105
 265 00fc 83ED037A 		vstr.32	s14, [r3, #12]
 276:Drivers/CMSIS/DSP/Source/FilteringFunctions/arm_lms_f32.c ****       pb++;
 266              		.loc 1 276 7 is_stmt 1 view .LVU106
 267              		.loc 1 276 9 is_stmt 0 view .LVU107
 268 0100 1033     		adds	r3, r3, #16
 269              	.LVL39:
 277:Drivers/CMSIS/DSP/Source/FilteringFunctions/arm_lms_f32.c **** 
 278:Drivers/CMSIS/DSP/Source/FilteringFunctions/arm_lms_f32.c ****       /* Decrement the loop counter */
 279:Drivers/CMSIS/DSP/Source/FilteringFunctions/arm_lms_f32.c ****       tapCnt--;
 270              		.loc 1 279 7 is_stmt 1 view .LVU108
 271              		.loc 1 279 13 is_stmt 0 view .LVU109
 272 0102 013C     		subs	r4, r4, #1
 273              	.LVL40:
 275:Drivers/CMSIS/DSP/Source/FilteringFunctions/arm_lms_f32.c ****       pb++;
 274              		.loc 1 275 28 view .LVU110
 275 0104 1032     		adds	r2, r2, #16
 276              	.LVL41:
 277              	.L7:
 263:Drivers/CMSIS/DSP/Source/FilteringFunctions/arm_lms_f32.c ****     {
 278              		.loc 1 263 19 is_stmt 1 view .LVU111
 279 0106 002C     		cmp	r4, #0
 280 0108 D2D1     		bne	.L8
 263:Drivers/CMSIS/DSP/Source/FilteringFunctions/arm_lms_f32.c ****     {
 281              		.loc 1 263 19 is_stmt 0 view .LVU112
 282 010a 0AE0     		b	.L9
ARM GAS  /var/folders/n6/c271nzx11xl4r4_m7sqjlt0m0000gn/T//ccAcqHtz.s 			page 11


 283              	.LVL42:
 284              	.L10:
 280:Drivers/CMSIS/DSP/Source/FilteringFunctions/arm_lms_f32.c ****     }
 281:Drivers/CMSIS/DSP/Source/FilteringFunctions/arm_lms_f32.c **** 
 282:Drivers/CMSIS/DSP/Source/FilteringFunctions/arm_lms_f32.c ****     /* If the filter length is not a multiple of 4, compute the remaining filter taps */
 283:Drivers/CMSIS/DSP/Source/FilteringFunctions/arm_lms_f32.c ****     tapCnt = numTaps % 0x4U;
 284:Drivers/CMSIS/DSP/Source/FilteringFunctions/arm_lms_f32.c **** 
 285:Drivers/CMSIS/DSP/Source/FilteringFunctions/arm_lms_f32.c ****     while (tapCnt > 0U)
 286:Drivers/CMSIS/DSP/Source/FilteringFunctions/arm_lms_f32.c ****     {
 287:Drivers/CMSIS/DSP/Source/FilteringFunctions/arm_lms_f32.c ****       /* Perform the multiply-accumulate */
 288:Drivers/CMSIS/DSP/Source/FilteringFunctions/arm_lms_f32.c ****       *pb = *pb + (w * (*px++));
 285              		.loc 1 288 7 is_stmt 1 view .LVU113
 286              		.loc 1 288 13 is_stmt 0 view .LVU114
 287 010c 93ED007A 		vldr.32	s14, [r3]
 288              	.LVL43:
 289              		.loc 1 288 25 view .LVU115
 290 0110 B2EC016A 		vldmia.32	r2!, {s12}
 291              	.LVL44:
 292              		.loc 1 288 22 view .LVU116
 293 0114 26EE276A 		vmul.f32	s12, s12, s15
 294              		.loc 1 288 17 view .LVU117
 295 0118 37EE067A 		vadd.f32	s14, s14, s12
 296              		.loc 1 288 11 view .LVU118
 297 011c A3EC017A 		vstmia.32	r3!, {s14}
 298              	.LVL45:
 289:Drivers/CMSIS/DSP/Source/FilteringFunctions/arm_lms_f32.c ****       pb++;
 299              		.loc 1 289 7 is_stmt 1 view .LVU119
 290:Drivers/CMSIS/DSP/Source/FilteringFunctions/arm_lms_f32.c **** 
 291:Drivers/CMSIS/DSP/Source/FilteringFunctions/arm_lms_f32.c ****       /* Decrement the loop counter */
 292:Drivers/CMSIS/DSP/Source/FilteringFunctions/arm_lms_f32.c ****       tapCnt--;
 300              		.loc 1 292 7 view .LVU120
 301              		.loc 1 292 13 is_stmt 0 view .LVU121
 302 0120 0139     		subs	r1, r1, #1
 303              	.LVL46:
 304              	.L9:
 285:Drivers/CMSIS/DSP/Source/FilteringFunctions/arm_lms_f32.c ****     {
 305              		.loc 1 285 19 is_stmt 1 view .LVU122
 306 0122 0029     		cmp	r1, #0
 307 0124 F2D1     		bne	.L10
 293:Drivers/CMSIS/DSP/Source/FilteringFunctions/arm_lms_f32.c ****     }
 294:Drivers/CMSIS/DSP/Source/FilteringFunctions/arm_lms_f32.c **** 
 295:Drivers/CMSIS/DSP/Source/FilteringFunctions/arm_lms_f32.c ****     /* Advance state pointer by 1 for the next sample */
 296:Drivers/CMSIS/DSP/Source/FilteringFunctions/arm_lms_f32.c ****     pState = pState + 1;
 308              		.loc 1 296 5 view .LVU123
 309              		.loc 1 296 12 is_stmt 0 view .LVU124
 310 0126 0430     		adds	r0, r0, #4
 311              	.LVL47:
 297:Drivers/CMSIS/DSP/Source/FilteringFunctions/arm_lms_f32.c **** 
 298:Drivers/CMSIS/DSP/Source/FilteringFunctions/arm_lms_f32.c ****     /* Decrement the loop counter */
 299:Drivers/CMSIS/DSP/Source/FilteringFunctions/arm_lms_f32.c ****     blkCnt--;
 312              		.loc 1 299 5 is_stmt 1 view .LVU125
 313              		.loc 1 299 11 is_stmt 0 view .LVU126
 314 0128 0AF1FF3A 		add	r10, r10, #-1
 315              	.LVL48:
 248:Drivers/CMSIS/DSP/Source/FilteringFunctions/arm_lms_f32.c **** 
 316              		.loc 1 248 10 view .LVU127
 317 012c 0997     		str	r7, [sp, #36]
ARM GAS  /var/folders/n6/c271nzx11xl4r4_m7sqjlt0m0000gn/T//ccAcqHtz.s 			page 12


 318              	.LVL49:
 319              	.L2:
 201:Drivers/CMSIS/DSP/Source/FilteringFunctions/arm_lms_f32.c ****   {
 320              		.loc 1 201 17 is_stmt 1 view .LVU128
 321 012e BAF1000F 		cmp	r10, #0
 322 0132 0BD0     		beq	.L17
 204:Drivers/CMSIS/DSP/Source/FilteringFunctions/arm_lms_f32.c **** 
 323              		.loc 1 204 5 view .LVU129
 324              	.LVL50:
 204:Drivers/CMSIS/DSP/Source/FilteringFunctions/arm_lms_f32.c **** 
 325              		.loc 1 204 22 is_stmt 0 view .LVU130
 326 0134 5EF8043B 		ldr	r3, [lr], #4	@ float
 327              	.LVL51:
 204:Drivers/CMSIS/DSP/Source/FilteringFunctions/arm_lms_f32.c **** 
 328              		.loc 1 204 20 view .LVU131
 329 0138 4CF8043B 		str	r3, [ip], #4	@ float
 330              	.LVL52:
 207:Drivers/CMSIS/DSP/Source/FilteringFunctions/arm_lms_f32.c **** 
 331              		.loc 1 207 5 is_stmt 1 view .LVU132
 210:Drivers/CMSIS/DSP/Source/FilteringFunctions/arm_lms_f32.c **** 
 332              		.loc 1 210 5 view .LVU133
 213:Drivers/CMSIS/DSP/Source/FilteringFunctions/arm_lms_f32.c **** 
 333              		.loc 1 213 5 view .LVU134
 216:Drivers/CMSIS/DSP/Source/FilteringFunctions/arm_lms_f32.c **** 
 334              		.loc 1 216 5 view .LVU135
 216:Drivers/CMSIS/DSP/Source/FilteringFunctions/arm_lms_f32.c **** 
 335              		.loc 1 216 12 is_stmt 0 view .LVU136
 336 013c 4FEA9904 		lsr	r4, r9, #2
 337              	.LVL53:
 218:Drivers/CMSIS/DSP/Source/FilteringFunctions/arm_lms_f32.c ****     {
 338              		.loc 1 218 5 is_stmt 1 view .LVU137
 216:Drivers/CMSIS/DSP/Source/FilteringFunctions/arm_lms_f32.c **** 
 339              		.loc 1 216 12 is_stmt 0 view .LVU138
 340 0140 2146     		mov	r1, r4
 210:Drivers/CMSIS/DSP/Source/FilteringFunctions/arm_lms_f32.c **** 
 341              		.loc 1 210 8 view .LVU139
 342 0142 5A46     		mov	r2, fp
 207:Drivers/CMSIS/DSP/Source/FilteringFunctions/arm_lms_f32.c **** 
 343              		.loc 1 207 8 view .LVU140
 344 0144 0346     		mov	r3, r0
 213:Drivers/CMSIS/DSP/Source/FilteringFunctions/arm_lms_f32.c **** 
 345              		.loc 1 213 9 view .LVU141
 346 0146 DFED117A 		vldr.32	s15, .L18
 218:Drivers/CMSIS/DSP/Source/FilteringFunctions/arm_lms_f32.c ****     {
 347              		.loc 1 218 11 view .LVU142
 348 014a 92E7     		b	.L3
 349              	.LVL54:
 350              	.L17:
 300:Drivers/CMSIS/DSP/Source/FilteringFunctions/arm_lms_f32.c ****   }
 301:Drivers/CMSIS/DSP/Source/FilteringFunctions/arm_lms_f32.c **** 
 302:Drivers/CMSIS/DSP/Source/FilteringFunctions/arm_lms_f32.c **** 
 303:Drivers/CMSIS/DSP/Source/FilteringFunctions/arm_lms_f32.c ****   /* Processing is complete. Now copy the last numTaps - 1 samples to the
 304:Drivers/CMSIS/DSP/Source/FilteringFunctions/arm_lms_f32.c ****      satrt of the state buffer. This prepares the state buffer for the
 305:Drivers/CMSIS/DSP/Source/FilteringFunctions/arm_lms_f32.c ****      next function call. */
 306:Drivers/CMSIS/DSP/Source/FilteringFunctions/arm_lms_f32.c **** 
 307:Drivers/CMSIS/DSP/Source/FilteringFunctions/arm_lms_f32.c ****   /* Points to the start of the pState buffer */
 308:Drivers/CMSIS/DSP/Source/FilteringFunctions/arm_lms_f32.c ****   pStateCurnt = S->pState;
ARM GAS  /var/folders/n6/c271nzx11xl4r4_m7sqjlt0m0000gn/T//ccAcqHtz.s 			page 13


 351              		.loc 1 308 3 is_stmt 1 view .LVU143
 352              		.loc 1 308 15 is_stmt 0 view .LVU144
 353 014c D8F80430 		ldr	r3, [r8, #4]
 354              	.LVL55:
 309:Drivers/CMSIS/DSP/Source/FilteringFunctions/arm_lms_f32.c **** 
 310:Drivers/CMSIS/DSP/Source/FilteringFunctions/arm_lms_f32.c ****   /* Loop unrolling for (numTaps - 1U) samples copy */
 311:Drivers/CMSIS/DSP/Source/FilteringFunctions/arm_lms_f32.c ****   tapCnt = (numTaps - 1U) >> 2U;
 355              		.loc 1 311 3 is_stmt 1 view .LVU145
 356              		.loc 1 311 21 is_stmt 0 view .LVU146
 357 0150 09F1FF32 		add	r2, r9, #-1
 358              		.loc 1 311 10 view .LVU147
 359 0154 9108     		lsrs	r1, r2, #2
 360              	.LVL56:
 312:Drivers/CMSIS/DSP/Source/FilteringFunctions/arm_lms_f32.c **** 
 313:Drivers/CMSIS/DSP/Source/FilteringFunctions/arm_lms_f32.c ****   /* copy data */
 314:Drivers/CMSIS/DSP/Source/FilteringFunctions/arm_lms_f32.c ****   while (tapCnt > 0U)
 361              		.loc 1 314 3 is_stmt 1 view .LVU148
 362              		.loc 1 314 9 is_stmt 0 view .LVU149
 363 0156 0AE0     		b	.L12
 364              	.L13:
 315:Drivers/CMSIS/DSP/Source/FilteringFunctions/arm_lms_f32.c ****   {
 316:Drivers/CMSIS/DSP/Source/FilteringFunctions/arm_lms_f32.c ****     *pStateCurnt++ = *pState++;
 365              		.loc 1 316 5 is_stmt 1 view .LVU150
 366              	.LVL57:
 367              		.loc 1 316 22 is_stmt 0 view .LVU151
 368 0158 0468     		ldr	r4, [r0]	@ float
 369              		.loc 1 316 20 view .LVU152
 370 015a 1C60     		str	r4, [r3]	@ float
 317:Drivers/CMSIS/DSP/Source/FilteringFunctions/arm_lms_f32.c ****     *pStateCurnt++ = *pState++;
 371              		.loc 1 317 5 is_stmt 1 view .LVU153
 372              	.LVL58:
 373              		.loc 1 317 22 is_stmt 0 view .LVU154
 374 015c 4468     		ldr	r4, [r0, #4]	@ float
 375              		.loc 1 317 20 view .LVU155
 376 015e 5C60     		str	r4, [r3, #4]	@ float
 318:Drivers/CMSIS/DSP/Source/FilteringFunctions/arm_lms_f32.c ****     *pStateCurnt++ = *pState++;
 377              		.loc 1 318 5 is_stmt 1 view .LVU156
 378              	.LVL59:
 379              		.loc 1 318 22 is_stmt 0 view .LVU157
 380 0160 8468     		ldr	r4, [r0, #8]	@ float
 381              		.loc 1 318 20 view .LVU158
 382 0162 9C60     		str	r4, [r3, #8]	@ float
 319:Drivers/CMSIS/DSP/Source/FilteringFunctions/arm_lms_f32.c ****     *pStateCurnt++ = *pState++;
 383              		.loc 1 319 5 is_stmt 1 view .LVU159
 384              	.LVL60:
 385              		.loc 1 319 22 is_stmt 0 view .LVU160
 386 0164 C468     		ldr	r4, [r0, #12]	@ float
 387              		.loc 1 319 20 view .LVU161
 388 0166 DC60     		str	r4, [r3, #12]	@ float
 320:Drivers/CMSIS/DSP/Source/FilteringFunctions/arm_lms_f32.c **** 
 321:Drivers/CMSIS/DSP/Source/FilteringFunctions/arm_lms_f32.c ****     /* Decrement the loop counter */
 322:Drivers/CMSIS/DSP/Source/FilteringFunctions/arm_lms_f32.c ****     tapCnt--;
 389              		.loc 1 322 5 is_stmt 1 view .LVU162
 390              		.loc 1 322 11 is_stmt 0 view .LVU163
 391 0168 0139     		subs	r1, r1, #1
 392              	.LVL61:
 319:Drivers/CMSIS/DSP/Source/FilteringFunctions/arm_lms_f32.c ****     *pStateCurnt++ = *pState++;
ARM GAS  /var/folders/n6/c271nzx11xl4r4_m7sqjlt0m0000gn/T//ccAcqHtz.s 			page 14


 393              		.loc 1 319 17 view .LVU164
 394 016a 1033     		adds	r3, r3, #16
 395              	.LVL62:
 319:Drivers/CMSIS/DSP/Source/FilteringFunctions/arm_lms_f32.c ****     *pStateCurnt++ = *pState++;
 396              		.loc 1 319 29 view .LVU165
 397 016c 1030     		adds	r0, r0, #16
 398              	.LVL63:
 399              	.L12:
 314:Drivers/CMSIS/DSP/Source/FilteringFunctions/arm_lms_f32.c ****   {
 400              		.loc 1 314 17 is_stmt 1 view .LVU166
 401 016e 0029     		cmp	r1, #0
 402 0170 F2D1     		bne	.L13
 323:Drivers/CMSIS/DSP/Source/FilteringFunctions/arm_lms_f32.c ****   }
 324:Drivers/CMSIS/DSP/Source/FilteringFunctions/arm_lms_f32.c **** 
 325:Drivers/CMSIS/DSP/Source/FilteringFunctions/arm_lms_f32.c ****   /* Calculate remaining number of copies */
 326:Drivers/CMSIS/DSP/Source/FilteringFunctions/arm_lms_f32.c ****   tapCnt = (numTaps - 1U) % 0x4U;
 403              		.loc 1 326 3 view .LVU167
 404              		.loc 1 326 10 is_stmt 0 view .LVU168
 405 0172 02F00302 		and	r2, r2, #3
 406              	.LVL64:
 327:Drivers/CMSIS/DSP/Source/FilteringFunctions/arm_lms_f32.c **** 
 328:Drivers/CMSIS/DSP/Source/FilteringFunctions/arm_lms_f32.c ****   /* Copy the remaining q31_t data */
 329:Drivers/CMSIS/DSP/Source/FilteringFunctions/arm_lms_f32.c ****   while (tapCnt > 0U)
 407              		.loc 1 329 3 is_stmt 1 view .LVU169
 408              		.loc 1 329 9 is_stmt 0 view .LVU170
 409 0176 04E0     		b	.L14
 410              	.L15:
 330:Drivers/CMSIS/DSP/Source/FilteringFunctions/arm_lms_f32.c ****   {
 331:Drivers/CMSIS/DSP/Source/FilteringFunctions/arm_lms_f32.c ****     *pStateCurnt++ = *pState++;
 411              		.loc 1 331 5 is_stmt 1 view .LVU171
 412              	.LVL65:
 413              		.loc 1 331 22 is_stmt 0 view .LVU172
 414 0178 50F8041B 		ldr	r1, [r0], #4	@ float
 415              	.LVL66:
 416              		.loc 1 331 20 view .LVU173
 417 017c 43F8041B 		str	r1, [r3], #4	@ float
 418              	.LVL67:
 332:Drivers/CMSIS/DSP/Source/FilteringFunctions/arm_lms_f32.c **** 
 333:Drivers/CMSIS/DSP/Source/FilteringFunctions/arm_lms_f32.c ****     /* Decrement the loop counter */
 334:Drivers/CMSIS/DSP/Source/FilteringFunctions/arm_lms_f32.c ****     tapCnt--;
 419              		.loc 1 334 5 is_stmt 1 view .LVU174
 420              		.loc 1 334 11 is_stmt 0 view .LVU175
 421 0180 013A     		subs	r2, r2, #1
 422              	.LVL68:
 423              	.L14:
 329:Drivers/CMSIS/DSP/Source/FilteringFunctions/arm_lms_f32.c ****   {
 424              		.loc 1 329 17 is_stmt 1 view .LVU176
 425 0182 002A     		cmp	r2, #0
 426 0184 F8D1     		bne	.L15
 335:Drivers/CMSIS/DSP/Source/FilteringFunctions/arm_lms_f32.c ****   }
 336:Drivers/CMSIS/DSP/Source/FilteringFunctions/arm_lms_f32.c **** 
 337:Drivers/CMSIS/DSP/Source/FilteringFunctions/arm_lms_f32.c **** #else
 338:Drivers/CMSIS/DSP/Source/FilteringFunctions/arm_lms_f32.c **** 
 339:Drivers/CMSIS/DSP/Source/FilteringFunctions/arm_lms_f32.c ****   /* Run the below code for Cortex-M0 */
 340:Drivers/CMSIS/DSP/Source/FilteringFunctions/arm_lms_f32.c **** 
 341:Drivers/CMSIS/DSP/Source/FilteringFunctions/arm_lms_f32.c ****   while (blkCnt > 0U)
 342:Drivers/CMSIS/DSP/Source/FilteringFunctions/arm_lms_f32.c ****   {
ARM GAS  /var/folders/n6/c271nzx11xl4r4_m7sqjlt0m0000gn/T//ccAcqHtz.s 			page 15


 343:Drivers/CMSIS/DSP/Source/FilteringFunctions/arm_lms_f32.c ****     /* Copy the new input sample into the state buffer */
 344:Drivers/CMSIS/DSP/Source/FilteringFunctions/arm_lms_f32.c ****     *pStateCurnt++ = *pSrc++;
 345:Drivers/CMSIS/DSP/Source/FilteringFunctions/arm_lms_f32.c **** 
 346:Drivers/CMSIS/DSP/Source/FilteringFunctions/arm_lms_f32.c ****     /* Initialize pState pointer */
 347:Drivers/CMSIS/DSP/Source/FilteringFunctions/arm_lms_f32.c ****     px = pState;
 348:Drivers/CMSIS/DSP/Source/FilteringFunctions/arm_lms_f32.c **** 
 349:Drivers/CMSIS/DSP/Source/FilteringFunctions/arm_lms_f32.c ****     /* Initialize pCoeffs pointer */
 350:Drivers/CMSIS/DSP/Source/FilteringFunctions/arm_lms_f32.c ****     pb = pCoeffs;
 351:Drivers/CMSIS/DSP/Source/FilteringFunctions/arm_lms_f32.c **** 
 352:Drivers/CMSIS/DSP/Source/FilteringFunctions/arm_lms_f32.c ****     /* Set the accumulator to zero */
 353:Drivers/CMSIS/DSP/Source/FilteringFunctions/arm_lms_f32.c ****     sum = 0.0f;
 354:Drivers/CMSIS/DSP/Source/FilteringFunctions/arm_lms_f32.c **** 
 355:Drivers/CMSIS/DSP/Source/FilteringFunctions/arm_lms_f32.c ****     /* Loop over numTaps number of values */
 356:Drivers/CMSIS/DSP/Source/FilteringFunctions/arm_lms_f32.c ****     tapCnt = numTaps;
 357:Drivers/CMSIS/DSP/Source/FilteringFunctions/arm_lms_f32.c **** 
 358:Drivers/CMSIS/DSP/Source/FilteringFunctions/arm_lms_f32.c ****     while (tapCnt > 0U)
 359:Drivers/CMSIS/DSP/Source/FilteringFunctions/arm_lms_f32.c ****     {
 360:Drivers/CMSIS/DSP/Source/FilteringFunctions/arm_lms_f32.c ****       /* Perform the multiply-accumulate */
 361:Drivers/CMSIS/DSP/Source/FilteringFunctions/arm_lms_f32.c ****       sum += (*px++) * (*pb++);
 362:Drivers/CMSIS/DSP/Source/FilteringFunctions/arm_lms_f32.c **** 
 363:Drivers/CMSIS/DSP/Source/FilteringFunctions/arm_lms_f32.c ****       /* Decrement the loop counter */
 364:Drivers/CMSIS/DSP/Source/FilteringFunctions/arm_lms_f32.c ****       tapCnt--;
 365:Drivers/CMSIS/DSP/Source/FilteringFunctions/arm_lms_f32.c ****     }
 366:Drivers/CMSIS/DSP/Source/FilteringFunctions/arm_lms_f32.c **** 
 367:Drivers/CMSIS/DSP/Source/FilteringFunctions/arm_lms_f32.c ****     /* The result is stored in the destination buffer. */
 368:Drivers/CMSIS/DSP/Source/FilteringFunctions/arm_lms_f32.c ****     *pOut++ = sum;
 369:Drivers/CMSIS/DSP/Source/FilteringFunctions/arm_lms_f32.c **** 
 370:Drivers/CMSIS/DSP/Source/FilteringFunctions/arm_lms_f32.c ****     /* Compute and store error */
 371:Drivers/CMSIS/DSP/Source/FilteringFunctions/arm_lms_f32.c ****     d = (float32_t) (*pRef++);
 372:Drivers/CMSIS/DSP/Source/FilteringFunctions/arm_lms_f32.c ****     e = d - sum;
 373:Drivers/CMSIS/DSP/Source/FilteringFunctions/arm_lms_f32.c ****     *pErr++ = e;
 374:Drivers/CMSIS/DSP/Source/FilteringFunctions/arm_lms_f32.c **** 
 375:Drivers/CMSIS/DSP/Source/FilteringFunctions/arm_lms_f32.c ****     /* Weighting factor for the LMS version */
 376:Drivers/CMSIS/DSP/Source/FilteringFunctions/arm_lms_f32.c ****     w = e * mu;
 377:Drivers/CMSIS/DSP/Source/FilteringFunctions/arm_lms_f32.c **** 
 378:Drivers/CMSIS/DSP/Source/FilteringFunctions/arm_lms_f32.c ****     /* Initialize pState pointer */
 379:Drivers/CMSIS/DSP/Source/FilteringFunctions/arm_lms_f32.c ****     px = pState;
 380:Drivers/CMSIS/DSP/Source/FilteringFunctions/arm_lms_f32.c **** 
 381:Drivers/CMSIS/DSP/Source/FilteringFunctions/arm_lms_f32.c ****     /* Initialize pCoeffs pointer */
 382:Drivers/CMSIS/DSP/Source/FilteringFunctions/arm_lms_f32.c ****     pb = pCoeffs;
 383:Drivers/CMSIS/DSP/Source/FilteringFunctions/arm_lms_f32.c **** 
 384:Drivers/CMSIS/DSP/Source/FilteringFunctions/arm_lms_f32.c ****     /* Loop over numTaps number of values */
 385:Drivers/CMSIS/DSP/Source/FilteringFunctions/arm_lms_f32.c ****     tapCnt = numTaps;
 386:Drivers/CMSIS/DSP/Source/FilteringFunctions/arm_lms_f32.c **** 
 387:Drivers/CMSIS/DSP/Source/FilteringFunctions/arm_lms_f32.c ****     while (tapCnt > 0U)
 388:Drivers/CMSIS/DSP/Source/FilteringFunctions/arm_lms_f32.c ****     {
 389:Drivers/CMSIS/DSP/Source/FilteringFunctions/arm_lms_f32.c ****       /* Perform the multiply-accumulate */
 390:Drivers/CMSIS/DSP/Source/FilteringFunctions/arm_lms_f32.c ****       *pb = *pb + (w * (*px++));
 391:Drivers/CMSIS/DSP/Source/FilteringFunctions/arm_lms_f32.c ****       pb++;
 392:Drivers/CMSIS/DSP/Source/FilteringFunctions/arm_lms_f32.c **** 
 393:Drivers/CMSIS/DSP/Source/FilteringFunctions/arm_lms_f32.c ****       /* Decrement the loop counter */
 394:Drivers/CMSIS/DSP/Source/FilteringFunctions/arm_lms_f32.c ****       tapCnt--;
 395:Drivers/CMSIS/DSP/Source/FilteringFunctions/arm_lms_f32.c ****     }
 396:Drivers/CMSIS/DSP/Source/FilteringFunctions/arm_lms_f32.c **** 
 397:Drivers/CMSIS/DSP/Source/FilteringFunctions/arm_lms_f32.c ****     /* Advance state pointer by 1 for the next sample */
 398:Drivers/CMSIS/DSP/Source/FilteringFunctions/arm_lms_f32.c ****     pState = pState + 1;
 399:Drivers/CMSIS/DSP/Source/FilteringFunctions/arm_lms_f32.c **** 
ARM GAS  /var/folders/n6/c271nzx11xl4r4_m7sqjlt0m0000gn/T//ccAcqHtz.s 			page 16


 400:Drivers/CMSIS/DSP/Source/FilteringFunctions/arm_lms_f32.c ****     /* Decrement the loop counter */
 401:Drivers/CMSIS/DSP/Source/FilteringFunctions/arm_lms_f32.c ****     blkCnt--;
 402:Drivers/CMSIS/DSP/Source/FilteringFunctions/arm_lms_f32.c ****   }
 403:Drivers/CMSIS/DSP/Source/FilteringFunctions/arm_lms_f32.c **** 
 404:Drivers/CMSIS/DSP/Source/FilteringFunctions/arm_lms_f32.c **** 
 405:Drivers/CMSIS/DSP/Source/FilteringFunctions/arm_lms_f32.c ****   /* Processing is complete. Now copy the last numTaps - 1 samples to the
 406:Drivers/CMSIS/DSP/Source/FilteringFunctions/arm_lms_f32.c ****    * start of the state buffer. This prepares the state buffer for the
 407:Drivers/CMSIS/DSP/Source/FilteringFunctions/arm_lms_f32.c ****    * next function call. */
 408:Drivers/CMSIS/DSP/Source/FilteringFunctions/arm_lms_f32.c **** 
 409:Drivers/CMSIS/DSP/Source/FilteringFunctions/arm_lms_f32.c ****   /* Points to the start of the pState buffer */
 410:Drivers/CMSIS/DSP/Source/FilteringFunctions/arm_lms_f32.c ****   pStateCurnt = S->pState;
 411:Drivers/CMSIS/DSP/Source/FilteringFunctions/arm_lms_f32.c **** 
 412:Drivers/CMSIS/DSP/Source/FilteringFunctions/arm_lms_f32.c ****   /*  Copy (numTaps - 1U) samples  */
 413:Drivers/CMSIS/DSP/Source/FilteringFunctions/arm_lms_f32.c ****   tapCnt = (numTaps - 1U);
 414:Drivers/CMSIS/DSP/Source/FilteringFunctions/arm_lms_f32.c **** 
 415:Drivers/CMSIS/DSP/Source/FilteringFunctions/arm_lms_f32.c ****   /* Copy the data */
 416:Drivers/CMSIS/DSP/Source/FilteringFunctions/arm_lms_f32.c ****   while (tapCnt > 0U)
 417:Drivers/CMSIS/DSP/Source/FilteringFunctions/arm_lms_f32.c ****   {
 418:Drivers/CMSIS/DSP/Source/FilteringFunctions/arm_lms_f32.c ****     *pStateCurnt++ = *pState++;
 419:Drivers/CMSIS/DSP/Source/FilteringFunctions/arm_lms_f32.c **** 
 420:Drivers/CMSIS/DSP/Source/FilteringFunctions/arm_lms_f32.c ****     /* Decrement the loop counter */
 421:Drivers/CMSIS/DSP/Source/FilteringFunctions/arm_lms_f32.c ****     tapCnt--;
 422:Drivers/CMSIS/DSP/Source/FilteringFunctions/arm_lms_f32.c ****   }
 423:Drivers/CMSIS/DSP/Source/FilteringFunctions/arm_lms_f32.c **** 
 424:Drivers/CMSIS/DSP/Source/FilteringFunctions/arm_lms_f32.c **** #endif /*   #if defined (ARM_MATH_DSP) */
 425:Drivers/CMSIS/DSP/Source/FilteringFunctions/arm_lms_f32.c **** 
 426:Drivers/CMSIS/DSP/Source/FilteringFunctions/arm_lms_f32.c **** }
 427              		.loc 1 426 1 is_stmt 0 view .LVU177
 428 0186 BDE8F08F 		pop	{r4, r5, r6, r7, r8, r9, r10, fp, pc}
 429              	.LVL69:
 430              	.L19:
 431              		.loc 1 426 1 view .LVU178
 432 018a 00BF     		.align	2
 433              	.L18:
 434 018c 00000000 		.word	0
 435              		.cfi_endproc
 436              	.LFE135:
 438              		.text
 439              	.Letext0:
 440              		.file 2 "/Users/killian/Library/Application Support/Code/User/globalStorage/bmd.stm32-for-vscode/@
 441              		.file 3 "/Users/killian/Library/Application Support/Code/User/globalStorage/bmd.stm32-for-vscode/@
 442              		.file 4 "Drivers/CMSIS/DSP/Include/arm_math.h"
ARM GAS  /var/folders/n6/c271nzx11xl4r4_m7sqjlt0m0000gn/T//ccAcqHtz.s 			page 17


DEFINED SYMBOLS
                            *ABS*:00000000 arm_lms_f32.c
/var/folders/n6/c271nzx11xl4r4_m7sqjlt0m0000gn/T//ccAcqHtz.s:20     .text.arm_lms_f32:00000000 $t
/var/folders/n6/c271nzx11xl4r4_m7sqjlt0m0000gn/T//ccAcqHtz.s:26     .text.arm_lms_f32:00000000 arm_lms_f32
/var/folders/n6/c271nzx11xl4r4_m7sqjlt0m0000gn/T//ccAcqHtz.s:434    .text.arm_lms_f32:0000018c $d

NO UNDEFINED SYMBOLS
