ARM GAS  /var/folders/n6/c271nzx11xl4r4_m7sqjlt0m0000gn/T//ccmFOLPD.s 			page 1


   1              		.cpu cortex-m7
   2              		.arch armv7e-m
   3              		.fpu fpv5-d16
   4              		.eabi_attribute 28, 1
   5              		.eabi_attribute 20, 1
   6              		.eabi_attribute 21, 1
   7              		.eabi_attribute 23, 3
   8              		.eabi_attribute 24, 1
   9              		.eabi_attribute 25, 1
  10              		.eabi_attribute 26, 1
  11              		.eabi_attribute 30, 1
  12              		.eabi_attribute 34, 1
  13              		.eabi_attribute 18, 4
  14              		.file	"arm_mean_q7.c"
  15              		.text
  16              	.Ltext0:
  17              		.cfi_sections	.debug_frame
  18              		.file 1 "Drivers/CMSIS/DSP/Source/StatisticsFunctions/arm_mean_q7.c"
  19              		.section	.text.arm_mean_q7,"ax",%progbits
  20              		.align	1
  21              		.global	arm_mean_q7
  22              		.syntax unified
  23              		.thumb
  24              		.thumb_func
  26              	arm_mean_q7:
  27              	.LVL0:
  28              	.LFB135:
   1:Drivers/CMSIS/DSP/Source/StatisticsFunctions/arm_mean_q7.c **** /* ----------------------------------------------------------------------
   2:Drivers/CMSIS/DSP/Source/StatisticsFunctions/arm_mean_q7.c ****  * Project:      CMSIS DSP Library
   3:Drivers/CMSIS/DSP/Source/StatisticsFunctions/arm_mean_q7.c ****  * Title:        arm_mean_q7.c
   4:Drivers/CMSIS/DSP/Source/StatisticsFunctions/arm_mean_q7.c ****  * Description:  Mean value of a Q7 vector
   5:Drivers/CMSIS/DSP/Source/StatisticsFunctions/arm_mean_q7.c ****  *
   6:Drivers/CMSIS/DSP/Source/StatisticsFunctions/arm_mean_q7.c ****  * $Date:        27. January 2017
   7:Drivers/CMSIS/DSP/Source/StatisticsFunctions/arm_mean_q7.c ****  * $Revision:    V.1.5.1
   8:Drivers/CMSIS/DSP/Source/StatisticsFunctions/arm_mean_q7.c ****  *
   9:Drivers/CMSIS/DSP/Source/StatisticsFunctions/arm_mean_q7.c ****  * Target Processor: Cortex-M cores
  10:Drivers/CMSIS/DSP/Source/StatisticsFunctions/arm_mean_q7.c ****  * -------------------------------------------------------------------- */
  11:Drivers/CMSIS/DSP/Source/StatisticsFunctions/arm_mean_q7.c **** /*
  12:Drivers/CMSIS/DSP/Source/StatisticsFunctions/arm_mean_q7.c ****  * Copyright (C) 2010-2017 ARM Limited or its affiliates. All rights reserved.
  13:Drivers/CMSIS/DSP/Source/StatisticsFunctions/arm_mean_q7.c ****  *
  14:Drivers/CMSIS/DSP/Source/StatisticsFunctions/arm_mean_q7.c ****  * SPDX-License-Identifier: Apache-2.0
  15:Drivers/CMSIS/DSP/Source/StatisticsFunctions/arm_mean_q7.c ****  *
  16:Drivers/CMSIS/DSP/Source/StatisticsFunctions/arm_mean_q7.c ****  * Licensed under the Apache License, Version 2.0 (the License); you may
  17:Drivers/CMSIS/DSP/Source/StatisticsFunctions/arm_mean_q7.c ****  * not use this file except in compliance with the License.
  18:Drivers/CMSIS/DSP/Source/StatisticsFunctions/arm_mean_q7.c ****  * You may obtain a copy of the License at
  19:Drivers/CMSIS/DSP/Source/StatisticsFunctions/arm_mean_q7.c ****  *
  20:Drivers/CMSIS/DSP/Source/StatisticsFunctions/arm_mean_q7.c ****  * www.apache.org/licenses/LICENSE-2.0
  21:Drivers/CMSIS/DSP/Source/StatisticsFunctions/arm_mean_q7.c ****  *
  22:Drivers/CMSIS/DSP/Source/StatisticsFunctions/arm_mean_q7.c ****  * Unless required by applicable law or agreed to in writing, software
  23:Drivers/CMSIS/DSP/Source/StatisticsFunctions/arm_mean_q7.c ****  * distributed under the License is distributed on an AS IS BASIS, WITHOUT
  24:Drivers/CMSIS/DSP/Source/StatisticsFunctions/arm_mean_q7.c ****  * WARRANTIES OR CONDITIONS OF ANY KIND, either express or implied.
  25:Drivers/CMSIS/DSP/Source/StatisticsFunctions/arm_mean_q7.c ****  * See the License for the specific language governing permissions and
  26:Drivers/CMSIS/DSP/Source/StatisticsFunctions/arm_mean_q7.c ****  * limitations under the License.
  27:Drivers/CMSIS/DSP/Source/StatisticsFunctions/arm_mean_q7.c ****  */
  28:Drivers/CMSIS/DSP/Source/StatisticsFunctions/arm_mean_q7.c **** 
  29:Drivers/CMSIS/DSP/Source/StatisticsFunctions/arm_mean_q7.c **** #include "arm_math.h"
  30:Drivers/CMSIS/DSP/Source/StatisticsFunctions/arm_mean_q7.c **** 
ARM GAS  /var/folders/n6/c271nzx11xl4r4_m7sqjlt0m0000gn/T//ccmFOLPD.s 			page 2


  31:Drivers/CMSIS/DSP/Source/StatisticsFunctions/arm_mean_q7.c **** /**
  32:Drivers/CMSIS/DSP/Source/StatisticsFunctions/arm_mean_q7.c ****  * @ingroup groupStats
  33:Drivers/CMSIS/DSP/Source/StatisticsFunctions/arm_mean_q7.c ****  */
  34:Drivers/CMSIS/DSP/Source/StatisticsFunctions/arm_mean_q7.c **** 
  35:Drivers/CMSIS/DSP/Source/StatisticsFunctions/arm_mean_q7.c **** /**
  36:Drivers/CMSIS/DSP/Source/StatisticsFunctions/arm_mean_q7.c ****  * @addtogroup mean
  37:Drivers/CMSIS/DSP/Source/StatisticsFunctions/arm_mean_q7.c ****  * @{
  38:Drivers/CMSIS/DSP/Source/StatisticsFunctions/arm_mean_q7.c ****  */
  39:Drivers/CMSIS/DSP/Source/StatisticsFunctions/arm_mean_q7.c **** 
  40:Drivers/CMSIS/DSP/Source/StatisticsFunctions/arm_mean_q7.c **** 
  41:Drivers/CMSIS/DSP/Source/StatisticsFunctions/arm_mean_q7.c **** /**
  42:Drivers/CMSIS/DSP/Source/StatisticsFunctions/arm_mean_q7.c ****  * @brief Mean value of a Q7 vector.
  43:Drivers/CMSIS/DSP/Source/StatisticsFunctions/arm_mean_q7.c ****  * @param[in]       *pSrc points to the input vector
  44:Drivers/CMSIS/DSP/Source/StatisticsFunctions/arm_mean_q7.c ****  * @param[in]       blockSize length of the input vector
  45:Drivers/CMSIS/DSP/Source/StatisticsFunctions/arm_mean_q7.c ****  * @param[out]      *pResult mean value returned here
  46:Drivers/CMSIS/DSP/Source/StatisticsFunctions/arm_mean_q7.c ****  * @return none.
  47:Drivers/CMSIS/DSP/Source/StatisticsFunctions/arm_mean_q7.c ****  *
  48:Drivers/CMSIS/DSP/Source/StatisticsFunctions/arm_mean_q7.c ****  * @details
  49:Drivers/CMSIS/DSP/Source/StatisticsFunctions/arm_mean_q7.c ****  * <b>Scaling and Overflow Behavior:</b>
  50:Drivers/CMSIS/DSP/Source/StatisticsFunctions/arm_mean_q7.c ****  * \par
  51:Drivers/CMSIS/DSP/Source/StatisticsFunctions/arm_mean_q7.c ****  * The function is implemented using a 32-bit internal accumulator.
  52:Drivers/CMSIS/DSP/Source/StatisticsFunctions/arm_mean_q7.c ****  * The input is represented in 1.7 format and is accumulated in a 32-bit
  53:Drivers/CMSIS/DSP/Source/StatisticsFunctions/arm_mean_q7.c ****  * accumulator in 25.7 format.
  54:Drivers/CMSIS/DSP/Source/StatisticsFunctions/arm_mean_q7.c ****  * There is no risk of internal overflow with this approach, and the
  55:Drivers/CMSIS/DSP/Source/StatisticsFunctions/arm_mean_q7.c ****  * full precision of intermediate result is preserved.
  56:Drivers/CMSIS/DSP/Source/StatisticsFunctions/arm_mean_q7.c ****  * Finally, the accumulator is truncated to yield a result of 1.7 format.
  57:Drivers/CMSIS/DSP/Source/StatisticsFunctions/arm_mean_q7.c ****  *
  58:Drivers/CMSIS/DSP/Source/StatisticsFunctions/arm_mean_q7.c ****  */
  59:Drivers/CMSIS/DSP/Source/StatisticsFunctions/arm_mean_q7.c **** 
  60:Drivers/CMSIS/DSP/Source/StatisticsFunctions/arm_mean_q7.c **** void arm_mean_q7(
  61:Drivers/CMSIS/DSP/Source/StatisticsFunctions/arm_mean_q7.c ****   q7_t * pSrc,
  62:Drivers/CMSIS/DSP/Source/StatisticsFunctions/arm_mean_q7.c ****   uint32_t blockSize,
  63:Drivers/CMSIS/DSP/Source/StatisticsFunctions/arm_mean_q7.c ****   q7_t * pResult)
  64:Drivers/CMSIS/DSP/Source/StatisticsFunctions/arm_mean_q7.c **** {
  29              		.loc 1 64 1 view -0
  30              		.cfi_startproc
  31              		@ args = 0, pretend = 0, frame = 0
  32              		@ frame_needed = 0, uses_anonymous_args = 0
  33              		@ link register save eliminated.
  34              		.loc 1 64 1 is_stmt 0 view .LVU1
  35 0000 30B4     		push	{r4, r5}
  36              		.cfi_def_cfa_offset 8
  37              		.cfi_offset 4, -8
  38              		.cfi_offset 5, -4
  65:Drivers/CMSIS/DSP/Source/StatisticsFunctions/arm_mean_q7.c ****   q31_t sum = 0;                                 /* Temporary result storage */
  39              		.loc 1 65 3 is_stmt 1 view .LVU2
  40              	.LVL1:
  66:Drivers/CMSIS/DSP/Source/StatisticsFunctions/arm_mean_q7.c ****   uint32_t blkCnt;                               /* loop counter */
  41              		.loc 1 66 3 view .LVU3
  67:Drivers/CMSIS/DSP/Source/StatisticsFunctions/arm_mean_q7.c **** 
  68:Drivers/CMSIS/DSP/Source/StatisticsFunctions/arm_mean_q7.c **** #if defined (ARM_MATH_DSP)
  69:Drivers/CMSIS/DSP/Source/StatisticsFunctions/arm_mean_q7.c ****   /* Run the below code for Cortex-M4 and Cortex-M3 */
  70:Drivers/CMSIS/DSP/Source/StatisticsFunctions/arm_mean_q7.c **** 
  71:Drivers/CMSIS/DSP/Source/StatisticsFunctions/arm_mean_q7.c ****   q31_t in;
  42              		.loc 1 71 3 view .LVU4
  72:Drivers/CMSIS/DSP/Source/StatisticsFunctions/arm_mean_q7.c **** 
  73:Drivers/CMSIS/DSP/Source/StatisticsFunctions/arm_mean_q7.c ****   /*loop Unrolling */
ARM GAS  /var/folders/n6/c271nzx11xl4r4_m7sqjlt0m0000gn/T//ccmFOLPD.s 			page 3


  74:Drivers/CMSIS/DSP/Source/StatisticsFunctions/arm_mean_q7.c ****   blkCnt = blockSize >> 2U;
  43              		.loc 1 74 3 view .LVU5
  44              		.loc 1 74 10 is_stmt 0 view .LVU6
  45 0002 8D08     		lsrs	r5, r1, #2
  46              	.LVL2:
  75:Drivers/CMSIS/DSP/Source/StatisticsFunctions/arm_mean_q7.c **** 
  76:Drivers/CMSIS/DSP/Source/StatisticsFunctions/arm_mean_q7.c ****   /* First part of the processing with loop unrolling.  Compute 4 outputs at a time.
  77:Drivers/CMSIS/DSP/Source/StatisticsFunctions/arm_mean_q7.c ****    ** a second loop below computes the remaining 1 to 3 samples. */
  78:Drivers/CMSIS/DSP/Source/StatisticsFunctions/arm_mean_q7.c ****   while (blkCnt > 0U)
  47              		.loc 1 78 3 is_stmt 1 view .LVU7
  65:Drivers/CMSIS/DSP/Source/StatisticsFunctions/arm_mean_q7.c ****   uint32_t blkCnt;                               /* loop counter */
  48              		.loc 1 65 9 is_stmt 0 view .LVU8
  49 0004 0023     		movs	r3, #0
  50              		.loc 1 78 9 view .LVU9
  51 0006 0CE0     		b	.L2
  52              	.LVL3:
  53              	.L3:
  79:Drivers/CMSIS/DSP/Source/StatisticsFunctions/arm_mean_q7.c ****   {
  80:Drivers/CMSIS/DSP/Source/StatisticsFunctions/arm_mean_q7.c ****     /* C = (A[0] + A[1] + A[2] + ... + A[blockSize-1]) */
  81:Drivers/CMSIS/DSP/Source/StatisticsFunctions/arm_mean_q7.c ****     in = *__SIMD32(pSrc)++;
  54              		.loc 1 81 5 is_stmt 1 view .LVU10
  55              		.loc 1 81 8 is_stmt 0 view .LVU11
  56 0008 50F8044B 		ldr	r4, [r0], #4
  57              	.LVL4:
  82:Drivers/CMSIS/DSP/Source/StatisticsFunctions/arm_mean_q7.c **** 
  83:Drivers/CMSIS/DSP/Source/StatisticsFunctions/arm_mean_q7.c ****     sum += ((in << 24U) >> 24U);
  58              		.loc 1 83 5 is_stmt 1 view .LVU12
  59              		.loc 1 83 9 is_stmt 0 view .LVU13
  60 000c 43FA84F3 		sxtab	r3, r3, r4
  61              	.LVL5:
  84:Drivers/CMSIS/DSP/Source/StatisticsFunctions/arm_mean_q7.c ****     sum += ((in << 16U) >> 24U);
  62              		.loc 1 84 5 is_stmt 1 view .LVU14
  63              		.loc 1 84 25 is_stmt 0 view .LVU15
  64 0010 44F3072C 		sbfx	ip, r4, #8, #8
  65              		.loc 1 84 9 view .LVU16
  66 0014 9C44     		add	ip, ip, r3
  67              	.LVL6:
  85:Drivers/CMSIS/DSP/Source/StatisticsFunctions/arm_mean_q7.c ****     sum += ((in <<  8U) >> 24U);
  68              		.loc 1 85 5 is_stmt 1 view .LVU17
  69              		.loc 1 85 25 is_stmt 0 view .LVU18
  70 0016 44F30743 		sbfx	r3, r4, #16, #8
  71              		.loc 1 85 9 view .LVU19
  72 001a 6344     		add	r3, r3, ip
  73              	.LVL7:
  86:Drivers/CMSIS/DSP/Source/StatisticsFunctions/arm_mean_q7.c ****     sum +=  (in >> 24U);
  74              		.loc 1 86 5 is_stmt 1 view .LVU20
  75              		.loc 1 86 9 is_stmt 0 view .LVU21
  76 001c 03EB2463 		add	r3, r3, r4, asr #24
  77              	.LVL8:
  87:Drivers/CMSIS/DSP/Source/StatisticsFunctions/arm_mean_q7.c **** 
  88:Drivers/CMSIS/DSP/Source/StatisticsFunctions/arm_mean_q7.c ****     /* Decrement the loop counter */
  89:Drivers/CMSIS/DSP/Source/StatisticsFunctions/arm_mean_q7.c ****     blkCnt--;
  78              		.loc 1 89 5 is_stmt 1 view .LVU22
  79              		.loc 1 89 11 is_stmt 0 view .LVU23
  80 0020 013D     		subs	r5, r5, #1
  81              	.LVL9:
  82              	.L2:
ARM GAS  /var/folders/n6/c271nzx11xl4r4_m7sqjlt0m0000gn/T//ccmFOLPD.s 			page 4


  78:Drivers/CMSIS/DSP/Source/StatisticsFunctions/arm_mean_q7.c ****   {
  83              		.loc 1 78 17 is_stmt 1 view .LVU24
  84 0022 002D     		cmp	r5, #0
  85 0024 F0D1     		bne	.L3
  90:Drivers/CMSIS/DSP/Source/StatisticsFunctions/arm_mean_q7.c ****   }
  91:Drivers/CMSIS/DSP/Source/StatisticsFunctions/arm_mean_q7.c **** 
  92:Drivers/CMSIS/DSP/Source/StatisticsFunctions/arm_mean_q7.c ****   /* If the blockSize is not a multiple of 4, compute any remaining output samples here.
  93:Drivers/CMSIS/DSP/Source/StatisticsFunctions/arm_mean_q7.c ****    ** No loop unrolling is used. */
  94:Drivers/CMSIS/DSP/Source/StatisticsFunctions/arm_mean_q7.c ****   blkCnt = blockSize % 0x4U;
  86              		.loc 1 94 3 view .LVU25
  87              		.loc 1 94 10 is_stmt 0 view .LVU26
  88 0026 01F00304 		and	r4, r1, #3
  89              	.LVL10:
  95:Drivers/CMSIS/DSP/Source/StatisticsFunctions/arm_mean_q7.c **** 
  96:Drivers/CMSIS/DSP/Source/StatisticsFunctions/arm_mean_q7.c **** #else
  97:Drivers/CMSIS/DSP/Source/StatisticsFunctions/arm_mean_q7.c ****   /* Run the below code for Cortex-M0 */
  98:Drivers/CMSIS/DSP/Source/StatisticsFunctions/arm_mean_q7.c **** 
  99:Drivers/CMSIS/DSP/Source/StatisticsFunctions/arm_mean_q7.c ****   /* Loop over blockSize number of values */
 100:Drivers/CMSIS/DSP/Source/StatisticsFunctions/arm_mean_q7.c ****   blkCnt = blockSize;
 101:Drivers/CMSIS/DSP/Source/StatisticsFunctions/arm_mean_q7.c **** 
 102:Drivers/CMSIS/DSP/Source/StatisticsFunctions/arm_mean_q7.c **** #endif /* #if defined (ARM_MATH_DSP) */
 103:Drivers/CMSIS/DSP/Source/StatisticsFunctions/arm_mean_q7.c **** 
 104:Drivers/CMSIS/DSP/Source/StatisticsFunctions/arm_mean_q7.c ****   while (blkCnt > 0U)
  90              		.loc 1 104 3 is_stmt 1 view .LVU27
  91              		.loc 1 104 9 is_stmt 0 view .LVU28
  92 002a 03E0     		b	.L4
  93              	.L5:
 105:Drivers/CMSIS/DSP/Source/StatisticsFunctions/arm_mean_q7.c ****   {
 106:Drivers/CMSIS/DSP/Source/StatisticsFunctions/arm_mean_q7.c ****     /* C = (A[0] + A[1] + A[2] + ... + A[blockSize-1]) */
 107:Drivers/CMSIS/DSP/Source/StatisticsFunctions/arm_mean_q7.c ****     sum += *pSrc++;
  94              		.loc 1 107 5 is_stmt 1 view .LVU29
  95              	.LVL11:
  96              		.loc 1 107 12 is_stmt 0 view .LVU30
  97 002c 10F9015B 		ldrsb	r5, [r0], #1
  98              	.LVL12:
  99              		.loc 1 107 9 view .LVU31
 100 0030 2B44     		add	r3, r3, r5
 101              	.LVL13:
 108:Drivers/CMSIS/DSP/Source/StatisticsFunctions/arm_mean_q7.c **** 
 109:Drivers/CMSIS/DSP/Source/StatisticsFunctions/arm_mean_q7.c ****     /* Decrement the loop counter */
 110:Drivers/CMSIS/DSP/Source/StatisticsFunctions/arm_mean_q7.c ****     blkCnt--;
 102              		.loc 1 110 5 is_stmt 1 view .LVU32
 103              		.loc 1 110 11 is_stmt 0 view .LVU33
 104 0032 013C     		subs	r4, r4, #1
 105              	.LVL14:
 106              	.L4:
 104:Drivers/CMSIS/DSP/Source/StatisticsFunctions/arm_mean_q7.c ****   {
 107              		.loc 1 104 17 is_stmt 1 view .LVU34
 108 0034 002C     		cmp	r4, #0
 109 0036 F9D1     		bne	.L5
 111:Drivers/CMSIS/DSP/Source/StatisticsFunctions/arm_mean_q7.c ****   }
 112:Drivers/CMSIS/DSP/Source/StatisticsFunctions/arm_mean_q7.c **** 
 113:Drivers/CMSIS/DSP/Source/StatisticsFunctions/arm_mean_q7.c ****   /* C = (A[0] + A[1] + A[2] + ... + A[blockSize-1]) / blockSize  */
 114:Drivers/CMSIS/DSP/Source/StatisticsFunctions/arm_mean_q7.c ****   /* Store the result to the destination */
 115:Drivers/CMSIS/DSP/Source/StatisticsFunctions/arm_mean_q7.c ****   *pResult = (q7_t) (sum / (int32_t) blockSize);
 110              		.loc 1 115 3 view .LVU35
 111              		.loc 1 115 26 is_stmt 0 view .LVU36
ARM GAS  /var/folders/n6/c271nzx11xl4r4_m7sqjlt0m0000gn/T//ccmFOLPD.s 			page 5


 112 0038 93FBF1F3 		sdiv	r3, r3, r1
 113              	.LVL15:
 114              		.loc 1 115 12 view .LVU37
 115 003c 1370     		strb	r3, [r2]
 116:Drivers/CMSIS/DSP/Source/StatisticsFunctions/arm_mean_q7.c **** }
 116              		.loc 1 116 1 view .LVU38
 117 003e 30BC     		pop	{r4, r5}
 118              		.cfi_restore 5
 119              		.cfi_restore 4
 120              		.cfi_def_cfa_offset 0
 121              	.LVL16:
 122              		.loc 1 116 1 view .LVU39
 123 0040 7047     		bx	lr
 124              		.cfi_endproc
 125              	.LFE135:
 127              		.text
 128              	.Letext0:
 129              		.file 2 "/Users/killian/Library/Application Support/Code/User/globalStorage/bmd.stm32-for-vscode/@
 130              		.file 3 "/Users/killian/Library/Application Support/Code/User/globalStorage/bmd.stm32-for-vscode/@
 131              		.file 4 "Drivers/CMSIS/DSP/Include/arm_math.h"
ARM GAS  /var/folders/n6/c271nzx11xl4r4_m7sqjlt0m0000gn/T//ccmFOLPD.s 			page 6


DEFINED SYMBOLS
                            *ABS*:00000000 arm_mean_q7.c
/var/folders/n6/c271nzx11xl4r4_m7sqjlt0m0000gn/T//ccmFOLPD.s:20     .text.arm_mean_q7:00000000 $t
/var/folders/n6/c271nzx11xl4r4_m7sqjlt0m0000gn/T//ccmFOLPD.s:26     .text.arm_mean_q7:00000000 arm_mean_q7

NO UNDEFINED SYMBOLS
