ARM GAS  /var/folders/n6/c271nzx11xl4r4_m7sqjlt0m0000gn/T//ccG69E9f.s 			page 1


   1              		.cpu cortex-m7
   2              		.arch armv7e-m
   3              		.fpu fpv5-d16
   4              		.eabi_attribute 28, 1
   5              		.eabi_attribute 20, 1
   6              		.eabi_attribute 21, 1
   7              		.eabi_attribute 23, 3
   8              		.eabi_attribute 24, 1
   9              		.eabi_attribute 25, 1
  10              		.eabi_attribute 26, 1
  11              		.eabi_attribute 30, 1
  12              		.eabi_attribute 34, 1
  13              		.eabi_attribute 18, 4
  14              		.file	"arm_mat_scale_q31.c"
  15              		.text
  16              	.Ltext0:
  17              		.cfi_sections	.debug_frame
  18              		.file 1 "Drivers/CMSIS/DSP/Source/MatrixFunctions/arm_mat_scale_q31.c"
  19              		.section	.text.arm_mat_scale_q31,"ax",%progbits
  20              		.align	1
  21              		.global	arm_mat_scale_q31
  22              		.syntax unified
  23              		.thumb
  24              		.thumb_func
  26              	arm_mat_scale_q31:
  27              	.LVL0:
  28              	.LFB135:
   1:Drivers/CMSIS/DSP/Source/MatrixFunctions/arm_mat_scale_q31.c **** /* ----------------------------------------------------------------------
   2:Drivers/CMSIS/DSP/Source/MatrixFunctions/arm_mat_scale_q31.c ****  * Project:      CMSIS DSP Library
   3:Drivers/CMSIS/DSP/Source/MatrixFunctions/arm_mat_scale_q31.c ****  * Title:        arm_mat_scale_q31.c
   4:Drivers/CMSIS/DSP/Source/MatrixFunctions/arm_mat_scale_q31.c ****  * Description:  Multiplies a Q31 matrix by a scalar
   5:Drivers/CMSIS/DSP/Source/MatrixFunctions/arm_mat_scale_q31.c ****  *
   6:Drivers/CMSIS/DSP/Source/MatrixFunctions/arm_mat_scale_q31.c ****  * $Date:        27. January 2017
   7:Drivers/CMSIS/DSP/Source/MatrixFunctions/arm_mat_scale_q31.c ****  * $Revision:    V.1.5.1
   8:Drivers/CMSIS/DSP/Source/MatrixFunctions/arm_mat_scale_q31.c ****  *
   9:Drivers/CMSIS/DSP/Source/MatrixFunctions/arm_mat_scale_q31.c ****  * Target Processor: Cortex-M cores
  10:Drivers/CMSIS/DSP/Source/MatrixFunctions/arm_mat_scale_q31.c ****  * -------------------------------------------------------------------- */
  11:Drivers/CMSIS/DSP/Source/MatrixFunctions/arm_mat_scale_q31.c **** /*
  12:Drivers/CMSIS/DSP/Source/MatrixFunctions/arm_mat_scale_q31.c ****  * Copyright (C) 2010-2017 ARM Limited or its affiliates. All rights reserved.
  13:Drivers/CMSIS/DSP/Source/MatrixFunctions/arm_mat_scale_q31.c ****  *
  14:Drivers/CMSIS/DSP/Source/MatrixFunctions/arm_mat_scale_q31.c ****  * SPDX-License-Identifier: Apache-2.0
  15:Drivers/CMSIS/DSP/Source/MatrixFunctions/arm_mat_scale_q31.c ****  *
  16:Drivers/CMSIS/DSP/Source/MatrixFunctions/arm_mat_scale_q31.c ****  * Licensed under the Apache License, Version 2.0 (the License); you may
  17:Drivers/CMSIS/DSP/Source/MatrixFunctions/arm_mat_scale_q31.c ****  * not use this file except in compliance with the License.
  18:Drivers/CMSIS/DSP/Source/MatrixFunctions/arm_mat_scale_q31.c ****  * You may obtain a copy of the License at
  19:Drivers/CMSIS/DSP/Source/MatrixFunctions/arm_mat_scale_q31.c ****  *
  20:Drivers/CMSIS/DSP/Source/MatrixFunctions/arm_mat_scale_q31.c ****  * www.apache.org/licenses/LICENSE-2.0
  21:Drivers/CMSIS/DSP/Source/MatrixFunctions/arm_mat_scale_q31.c ****  *
  22:Drivers/CMSIS/DSP/Source/MatrixFunctions/arm_mat_scale_q31.c ****  * Unless required by applicable law or agreed to in writing, software
  23:Drivers/CMSIS/DSP/Source/MatrixFunctions/arm_mat_scale_q31.c ****  * distributed under the License is distributed on an AS IS BASIS, WITHOUT
  24:Drivers/CMSIS/DSP/Source/MatrixFunctions/arm_mat_scale_q31.c ****  * WARRANTIES OR CONDITIONS OF ANY KIND, either express or implied.
  25:Drivers/CMSIS/DSP/Source/MatrixFunctions/arm_mat_scale_q31.c ****  * See the License for the specific language governing permissions and
  26:Drivers/CMSIS/DSP/Source/MatrixFunctions/arm_mat_scale_q31.c ****  * limitations under the License.
  27:Drivers/CMSIS/DSP/Source/MatrixFunctions/arm_mat_scale_q31.c ****  */
  28:Drivers/CMSIS/DSP/Source/MatrixFunctions/arm_mat_scale_q31.c **** 
  29:Drivers/CMSIS/DSP/Source/MatrixFunctions/arm_mat_scale_q31.c **** #include "arm_math.h"
  30:Drivers/CMSIS/DSP/Source/MatrixFunctions/arm_mat_scale_q31.c **** 
ARM GAS  /var/folders/n6/c271nzx11xl4r4_m7sqjlt0m0000gn/T//ccG69E9f.s 			page 2


  31:Drivers/CMSIS/DSP/Source/MatrixFunctions/arm_mat_scale_q31.c **** /**
  32:Drivers/CMSIS/DSP/Source/MatrixFunctions/arm_mat_scale_q31.c ****  * @ingroup groupMatrix
  33:Drivers/CMSIS/DSP/Source/MatrixFunctions/arm_mat_scale_q31.c ****  */
  34:Drivers/CMSIS/DSP/Source/MatrixFunctions/arm_mat_scale_q31.c **** 
  35:Drivers/CMSIS/DSP/Source/MatrixFunctions/arm_mat_scale_q31.c **** /**
  36:Drivers/CMSIS/DSP/Source/MatrixFunctions/arm_mat_scale_q31.c ****  * @addtogroup MatrixScale
  37:Drivers/CMSIS/DSP/Source/MatrixFunctions/arm_mat_scale_q31.c ****  * @{
  38:Drivers/CMSIS/DSP/Source/MatrixFunctions/arm_mat_scale_q31.c ****  */
  39:Drivers/CMSIS/DSP/Source/MatrixFunctions/arm_mat_scale_q31.c **** 
  40:Drivers/CMSIS/DSP/Source/MatrixFunctions/arm_mat_scale_q31.c **** /**
  41:Drivers/CMSIS/DSP/Source/MatrixFunctions/arm_mat_scale_q31.c ****  * @brief Q31 matrix scaling.
  42:Drivers/CMSIS/DSP/Source/MatrixFunctions/arm_mat_scale_q31.c ****  * @param[in]       *pSrc points to input matrix
  43:Drivers/CMSIS/DSP/Source/MatrixFunctions/arm_mat_scale_q31.c ****  * @param[in]       scaleFract fractional portion of the scale factor
  44:Drivers/CMSIS/DSP/Source/MatrixFunctions/arm_mat_scale_q31.c ****  * @param[in]       shift number of bits to shift the result by
  45:Drivers/CMSIS/DSP/Source/MatrixFunctions/arm_mat_scale_q31.c ****  * @param[out]      *pDst points to output matrix structure
  46:Drivers/CMSIS/DSP/Source/MatrixFunctions/arm_mat_scale_q31.c ****  * @return     		The function returns either
  47:Drivers/CMSIS/DSP/Source/MatrixFunctions/arm_mat_scale_q31.c ****  * <code>ARM_MATH_SIZE_MISMATCH</code> or <code>ARM_MATH_SUCCESS</code> based on the outcome of siz
  48:Drivers/CMSIS/DSP/Source/MatrixFunctions/arm_mat_scale_q31.c ****  *
  49:Drivers/CMSIS/DSP/Source/MatrixFunctions/arm_mat_scale_q31.c ****  * @details
  50:Drivers/CMSIS/DSP/Source/MatrixFunctions/arm_mat_scale_q31.c ****  * <b>Scaling and Overflow Behavior:</b>
  51:Drivers/CMSIS/DSP/Source/MatrixFunctions/arm_mat_scale_q31.c ****  * \par
  52:Drivers/CMSIS/DSP/Source/MatrixFunctions/arm_mat_scale_q31.c ****  * The input data <code>*pSrc</code> and <code>scaleFract</code> are in 1.31 format.
  53:Drivers/CMSIS/DSP/Source/MatrixFunctions/arm_mat_scale_q31.c ****  * These are multiplied to yield a 2.62 intermediate result and this is shifted with saturation to 
  54:Drivers/CMSIS/DSP/Source/MatrixFunctions/arm_mat_scale_q31.c ****  */
  55:Drivers/CMSIS/DSP/Source/MatrixFunctions/arm_mat_scale_q31.c **** 
  56:Drivers/CMSIS/DSP/Source/MatrixFunctions/arm_mat_scale_q31.c **** arm_status arm_mat_scale_q31(
  57:Drivers/CMSIS/DSP/Source/MatrixFunctions/arm_mat_scale_q31.c ****   const arm_matrix_instance_q31 * pSrc,
  58:Drivers/CMSIS/DSP/Source/MatrixFunctions/arm_mat_scale_q31.c ****   q31_t scaleFract,
  59:Drivers/CMSIS/DSP/Source/MatrixFunctions/arm_mat_scale_q31.c ****   int32_t shift,
  60:Drivers/CMSIS/DSP/Source/MatrixFunctions/arm_mat_scale_q31.c ****   arm_matrix_instance_q31 * pDst)
  61:Drivers/CMSIS/DSP/Source/MatrixFunctions/arm_mat_scale_q31.c **** {
  29              		.loc 1 61 1 view -0
  30              		.cfi_startproc
  31              		@ args = 0, pretend = 0, frame = 0
  32              		@ frame_needed = 0, uses_anonymous_args = 0
  33              		.loc 1 61 1 is_stmt 0 view .LVU1
  34 0000 2DE9F047 		push	{r4, r5, r6, r7, r8, r9, r10, lr}
  35              		.cfi_def_cfa_offset 32
  36              		.cfi_offset 4, -32
  37              		.cfi_offset 5, -28
  38              		.cfi_offset 6, -24
  39              		.cfi_offset 7, -20
  40              		.cfi_offset 8, -16
  41              		.cfi_offset 9, -12
  42              		.cfi_offset 10, -8
  43              		.cfi_offset 14, -4
  62:Drivers/CMSIS/DSP/Source/MatrixFunctions/arm_mat_scale_q31.c ****   q31_t *pIn = pSrc->pData;                      /* input data matrix pointer */
  44              		.loc 1 62 3 is_stmt 1 view .LVU2
  45              		.loc 1 62 10 is_stmt 0 view .LVU3
  46 0004 4468     		ldr	r4, [r0, #4]
  47              	.LVL1:
  63:Drivers/CMSIS/DSP/Source/MatrixFunctions/arm_mat_scale_q31.c ****   q31_t *pOut = pDst->pData;                     /* output data matrix pointer */
  48              		.loc 1 63 3 is_stmt 1 view .LVU4
  49              		.loc 1 63 10 is_stmt 0 view .LVU5
  50 0006 5B68     		ldr	r3, [r3, #4]
  51              	.LVL2:
  64:Drivers/CMSIS/DSP/Source/MatrixFunctions/arm_mat_scale_q31.c ****   uint32_t numSamples;                           /* total number of elements in the matrix */
ARM GAS  /var/folders/n6/c271nzx11xl4r4_m7sqjlt0m0000gn/T//ccG69E9f.s 			page 3


  52              		.loc 1 64 3 is_stmt 1 view .LVU6
  65:Drivers/CMSIS/DSP/Source/MatrixFunctions/arm_mat_scale_q31.c ****   int32_t totShift = shift + 1;                  /* shift to apply after scaling */
  53              		.loc 1 65 3 view .LVU7
  54              		.loc 1 65 11 is_stmt 0 view .LVU8
  55 0008 0132     		adds	r2, r2, #1
  56              	.LVL3:
  66:Drivers/CMSIS/DSP/Source/MatrixFunctions/arm_mat_scale_q31.c ****   uint32_t blkCnt;                               /* loop counters  */
  57              		.loc 1 66 3 is_stmt 1 view .LVU9
  67:Drivers/CMSIS/DSP/Source/MatrixFunctions/arm_mat_scale_q31.c ****   arm_status status;                             /* status of matrix scaling      */
  58              		.loc 1 67 3 view .LVU10
  68:Drivers/CMSIS/DSP/Source/MatrixFunctions/arm_mat_scale_q31.c ****   q31_t in1, in2, out1;                          /* temporary variabels */
  59              		.loc 1 68 3 view .LVU11
  69:Drivers/CMSIS/DSP/Source/MatrixFunctions/arm_mat_scale_q31.c **** 
  70:Drivers/CMSIS/DSP/Source/MatrixFunctions/arm_mat_scale_q31.c **** #if defined (ARM_MATH_DSP)
  71:Drivers/CMSIS/DSP/Source/MatrixFunctions/arm_mat_scale_q31.c **** 
  72:Drivers/CMSIS/DSP/Source/MatrixFunctions/arm_mat_scale_q31.c ****   q31_t in3, in4, out2, out3, out4;              /* temporary variables */
  60              		.loc 1 72 3 view .LVU12
  73:Drivers/CMSIS/DSP/Source/MatrixFunctions/arm_mat_scale_q31.c **** 
  74:Drivers/CMSIS/DSP/Source/MatrixFunctions/arm_mat_scale_q31.c **** #endif //      #ifndef ARM_MAT_CM0
  75:Drivers/CMSIS/DSP/Source/MatrixFunctions/arm_mat_scale_q31.c **** 
  76:Drivers/CMSIS/DSP/Source/MatrixFunctions/arm_mat_scale_q31.c **** #ifdef ARM_MATH_MATRIX_CHECK
  77:Drivers/CMSIS/DSP/Source/MatrixFunctions/arm_mat_scale_q31.c ****   /* Check for matrix mismatch  */
  78:Drivers/CMSIS/DSP/Source/MatrixFunctions/arm_mat_scale_q31.c ****   if ((pSrc->numRows != pDst->numRows) || (pSrc->numCols != pDst->numCols))
  79:Drivers/CMSIS/DSP/Source/MatrixFunctions/arm_mat_scale_q31.c ****   {
  80:Drivers/CMSIS/DSP/Source/MatrixFunctions/arm_mat_scale_q31.c ****     /* Set status as ARM_MATH_SIZE_MISMATCH */
  81:Drivers/CMSIS/DSP/Source/MatrixFunctions/arm_mat_scale_q31.c ****     status = ARM_MATH_SIZE_MISMATCH;
  82:Drivers/CMSIS/DSP/Source/MatrixFunctions/arm_mat_scale_q31.c ****   }
  83:Drivers/CMSIS/DSP/Source/MatrixFunctions/arm_mat_scale_q31.c ****   else
  84:Drivers/CMSIS/DSP/Source/MatrixFunctions/arm_mat_scale_q31.c **** #endif //    #ifdef ARM_MATH_MATRIX_CHECK
  85:Drivers/CMSIS/DSP/Source/MatrixFunctions/arm_mat_scale_q31.c ****   {
  86:Drivers/CMSIS/DSP/Source/MatrixFunctions/arm_mat_scale_q31.c ****     /* Total number of samples in the input matrix */
  87:Drivers/CMSIS/DSP/Source/MatrixFunctions/arm_mat_scale_q31.c ****     numSamples = (uint32_t) pSrc->numRows * pSrc->numCols;
  61              		.loc 1 87 5 view .LVU13
  62              		.loc 1 87 33 is_stmt 0 view .LVU14
  63 000a 0788     		ldrh	r7, [r0]
  64              		.loc 1 87 49 view .LVU15
  65 000c 4088     		ldrh	r0, [r0, #2]
  66              	.LVL4:
  67              		.loc 1 87 16 view .LVU16
  68 000e 00FB07F7 		mul	r7, r0, r7
  69              	.LVL5:
  88:Drivers/CMSIS/DSP/Source/MatrixFunctions/arm_mat_scale_q31.c **** 
  89:Drivers/CMSIS/DSP/Source/MatrixFunctions/arm_mat_scale_q31.c **** #if defined (ARM_MATH_DSP)
  90:Drivers/CMSIS/DSP/Source/MatrixFunctions/arm_mat_scale_q31.c **** 
  91:Drivers/CMSIS/DSP/Source/MatrixFunctions/arm_mat_scale_q31.c ****     /* Run the below code for Cortex-M4 and Cortex-M3 */
  92:Drivers/CMSIS/DSP/Source/MatrixFunctions/arm_mat_scale_q31.c **** 
  93:Drivers/CMSIS/DSP/Source/MatrixFunctions/arm_mat_scale_q31.c ****     /* Loop Unrolling */
  94:Drivers/CMSIS/DSP/Source/MatrixFunctions/arm_mat_scale_q31.c ****     blkCnt = numSamples >> 2U;
  70              		.loc 1 94 5 is_stmt 1 view .LVU17
  71              		.loc 1 94 12 is_stmt 0 view .LVU18
  72 0012 4FEA9708 		lsr	r8, r7, #2
  73              	.LVL6:
  95:Drivers/CMSIS/DSP/Source/MatrixFunctions/arm_mat_scale_q31.c **** 
  96:Drivers/CMSIS/DSP/Source/MatrixFunctions/arm_mat_scale_q31.c ****     /* First part of the processing with loop unrolling.  Compute 4 outputs at a time.
  97:Drivers/CMSIS/DSP/Source/MatrixFunctions/arm_mat_scale_q31.c ****      ** a second loop below computes the remaining 1 to 3 samples. */
  98:Drivers/CMSIS/DSP/Source/MatrixFunctions/arm_mat_scale_q31.c ****     while (blkCnt > 0U)
  74              		.loc 1 98 5 is_stmt 1 view .LVU19
ARM GAS  /var/folders/n6/c271nzx11xl4r4_m7sqjlt0m0000gn/T//ccG69E9f.s 			page 4


  75              		.loc 1 98 11 is_stmt 0 view .LVU20
  76 0016 06E0     		b	.L2
  77              	.LVL7:
  78              	.L6:
  99:Drivers/CMSIS/DSP/Source/MatrixFunctions/arm_mat_scale_q31.c ****     {
 100:Drivers/CMSIS/DSP/Source/MatrixFunctions/arm_mat_scale_q31.c ****       /* C(m,n) = A(m,n) * k */
 101:Drivers/CMSIS/DSP/Source/MatrixFunctions/arm_mat_scale_q31.c ****       /* Read values from input */
 102:Drivers/CMSIS/DSP/Source/MatrixFunctions/arm_mat_scale_q31.c ****       in1 = *pIn;
 103:Drivers/CMSIS/DSP/Source/MatrixFunctions/arm_mat_scale_q31.c ****       in2 = *(pIn + 1);
 104:Drivers/CMSIS/DSP/Source/MatrixFunctions/arm_mat_scale_q31.c ****       in3 = *(pIn + 2);
 105:Drivers/CMSIS/DSP/Source/MatrixFunctions/arm_mat_scale_q31.c ****       in4 = *(pIn + 3);
 106:Drivers/CMSIS/DSP/Source/MatrixFunctions/arm_mat_scale_q31.c **** 
 107:Drivers/CMSIS/DSP/Source/MatrixFunctions/arm_mat_scale_q31.c ****       /* multiply input with scaler value */
 108:Drivers/CMSIS/DSP/Source/MatrixFunctions/arm_mat_scale_q31.c ****       in1 = ((q63_t) in1 * scaleFract) >> 32;
 109:Drivers/CMSIS/DSP/Source/MatrixFunctions/arm_mat_scale_q31.c ****       in2 = ((q63_t) in2 * scaleFract) >> 32;
 110:Drivers/CMSIS/DSP/Source/MatrixFunctions/arm_mat_scale_q31.c ****       in3 = ((q63_t) in3 * scaleFract) >> 32;
 111:Drivers/CMSIS/DSP/Source/MatrixFunctions/arm_mat_scale_q31.c ****       in4 = ((q63_t) in4 * scaleFract) >> 32;
 112:Drivers/CMSIS/DSP/Source/MatrixFunctions/arm_mat_scale_q31.c **** 
 113:Drivers/CMSIS/DSP/Source/MatrixFunctions/arm_mat_scale_q31.c ****       /* apply shifting */
 114:Drivers/CMSIS/DSP/Source/MatrixFunctions/arm_mat_scale_q31.c ****       out1 = in1 << totShift;
 115:Drivers/CMSIS/DSP/Source/MatrixFunctions/arm_mat_scale_q31.c ****       out2 = in2 << totShift;
 116:Drivers/CMSIS/DSP/Source/MatrixFunctions/arm_mat_scale_q31.c **** 
 117:Drivers/CMSIS/DSP/Source/MatrixFunctions/arm_mat_scale_q31.c ****       /* saturate the results. */
 118:Drivers/CMSIS/DSP/Source/MatrixFunctions/arm_mat_scale_q31.c ****       if (in1 != (out1 >> totShift))
 119:Drivers/CMSIS/DSP/Source/MatrixFunctions/arm_mat_scale_q31.c ****         out1 = 0x7FFFFFFF ^ (in1 >> 31);
 120:Drivers/CMSIS/DSP/Source/MatrixFunctions/arm_mat_scale_q31.c **** 
 121:Drivers/CMSIS/DSP/Source/MatrixFunctions/arm_mat_scale_q31.c ****       if (in2 != (out2 >> totShift))
 122:Drivers/CMSIS/DSP/Source/MatrixFunctions/arm_mat_scale_q31.c ****         out2 = 0x7FFFFFFF ^ (in2 >> 31);
 123:Drivers/CMSIS/DSP/Source/MatrixFunctions/arm_mat_scale_q31.c **** 
 124:Drivers/CMSIS/DSP/Source/MatrixFunctions/arm_mat_scale_q31.c ****       out3 = in3 << totShift;
 125:Drivers/CMSIS/DSP/Source/MatrixFunctions/arm_mat_scale_q31.c ****       out4 = in4 << totShift;
 126:Drivers/CMSIS/DSP/Source/MatrixFunctions/arm_mat_scale_q31.c **** 
 127:Drivers/CMSIS/DSP/Source/MatrixFunctions/arm_mat_scale_q31.c ****       *pOut = out1;
 128:Drivers/CMSIS/DSP/Source/MatrixFunctions/arm_mat_scale_q31.c ****       *(pOut + 1) = out2;
 129:Drivers/CMSIS/DSP/Source/MatrixFunctions/arm_mat_scale_q31.c **** 
 130:Drivers/CMSIS/DSP/Source/MatrixFunctions/arm_mat_scale_q31.c ****       if (in3 != (out3 >> totShift))
 131:Drivers/CMSIS/DSP/Source/MatrixFunctions/arm_mat_scale_q31.c ****         out3 = 0x7FFFFFFF ^ (in3 >> 31);
 132:Drivers/CMSIS/DSP/Source/MatrixFunctions/arm_mat_scale_q31.c **** 
 133:Drivers/CMSIS/DSP/Source/MatrixFunctions/arm_mat_scale_q31.c ****       if (in4 != (out4 >> totShift))
 134:Drivers/CMSIS/DSP/Source/MatrixFunctions/arm_mat_scale_q31.c ****         out4 = 0x7FFFFFFF ^ (in4 >> 31);
 135:Drivers/CMSIS/DSP/Source/MatrixFunctions/arm_mat_scale_q31.c **** 
 136:Drivers/CMSIS/DSP/Source/MatrixFunctions/arm_mat_scale_q31.c **** 
 137:Drivers/CMSIS/DSP/Source/MatrixFunctions/arm_mat_scale_q31.c ****       *(pOut + 2) = out3;
  79              		.loc 1 137 7 is_stmt 1 view .LVU21
  80              		.loc 1 137 19 is_stmt 0 view .LVU22
  81 0018 C3F808C0 		str	ip, [r3, #8]
 138:Drivers/CMSIS/DSP/Source/MatrixFunctions/arm_mat_scale_q31.c ****       *(pOut + 3) = out4;
  82              		.loc 1 138 7 is_stmt 1 view .LVU23
  83              		.loc 1 138 19 is_stmt 0 view .LVU24
  84 001c DE60     		str	r6, [r3, #12]
 139:Drivers/CMSIS/DSP/Source/MatrixFunctions/arm_mat_scale_q31.c **** 
 140:Drivers/CMSIS/DSP/Source/MatrixFunctions/arm_mat_scale_q31.c ****       /* update pointers to process next sampels */
 141:Drivers/CMSIS/DSP/Source/MatrixFunctions/arm_mat_scale_q31.c ****       pIn += 4U;
  85              		.loc 1 141 7 is_stmt 1 view .LVU25
  86              		.loc 1 141 11 is_stmt 0 view .LVU26
  87 001e 1034     		adds	r4, r4, #16
  88              	.LVL8:
ARM GAS  /var/folders/n6/c271nzx11xl4r4_m7sqjlt0m0000gn/T//ccG69E9f.s 			page 5


 142:Drivers/CMSIS/DSP/Source/MatrixFunctions/arm_mat_scale_q31.c ****       pOut += 4U;
  89              		.loc 1 142 7 is_stmt 1 view .LVU27
  90              		.loc 1 142 12 is_stmt 0 view .LVU28
  91 0020 1033     		adds	r3, r3, #16
  92              	.LVL9:
 143:Drivers/CMSIS/DSP/Source/MatrixFunctions/arm_mat_scale_q31.c **** 
 144:Drivers/CMSIS/DSP/Source/MatrixFunctions/arm_mat_scale_q31.c **** 
 145:Drivers/CMSIS/DSP/Source/MatrixFunctions/arm_mat_scale_q31.c ****       /* Decrement the numSamples loop counter */
 146:Drivers/CMSIS/DSP/Source/MatrixFunctions/arm_mat_scale_q31.c ****       blkCnt--;
  93              		.loc 1 146 7 is_stmt 1 view .LVU29
  94              		.loc 1 146 13 is_stmt 0 view .LVU30
  95 0022 08F1FF38 		add	r8, r8, #-1
  96              	.LVL10:
  97              	.L2:
  98:Drivers/CMSIS/DSP/Source/MatrixFunctions/arm_mat_scale_q31.c ****     {
  98              		.loc 1 98 19 is_stmt 1 view .LVU31
  99 0026 B8F1000F 		cmp	r8, #0
 100 002a 55D0     		beq	.L12
 102:Drivers/CMSIS/DSP/Source/MatrixFunctions/arm_mat_scale_q31.c ****       in2 = *(pIn + 1);
 101              		.loc 1 102 7 view .LVU32
 102:Drivers/CMSIS/DSP/Source/MatrixFunctions/arm_mat_scale_q31.c ****       in2 = *(pIn + 1);
 102              		.loc 1 102 11 is_stmt 0 view .LVU33
 103 002c D4F800C0 		ldr	ip, [r4]
 104              	.LVL11:
 103:Drivers/CMSIS/DSP/Source/MatrixFunctions/arm_mat_scale_q31.c ****       in3 = *(pIn + 2);
 105              		.loc 1 103 7 is_stmt 1 view .LVU34
 103:Drivers/CMSIS/DSP/Source/MatrixFunctions/arm_mat_scale_q31.c ****       in3 = *(pIn + 2);
 106              		.loc 1 103 11 is_stmt 0 view .LVU35
 107 0030 6568     		ldr	r5, [r4, #4]
 108              	.LVL12:
 104:Drivers/CMSIS/DSP/Source/MatrixFunctions/arm_mat_scale_q31.c ****       in4 = *(pIn + 3);
 109              		.loc 1 104 7 is_stmt 1 view .LVU36
 104:Drivers/CMSIS/DSP/Source/MatrixFunctions/arm_mat_scale_q31.c ****       in4 = *(pIn + 3);
 110              		.loc 1 104 11 is_stmt 0 view .LVU37
 111 0032 A068     		ldr	r0, [r4, #8]
 112              	.LVL13:
 105:Drivers/CMSIS/DSP/Source/MatrixFunctions/arm_mat_scale_q31.c **** 
 113              		.loc 1 105 7 is_stmt 1 view .LVU38
 105:Drivers/CMSIS/DSP/Source/MatrixFunctions/arm_mat_scale_q31.c **** 
 114              		.loc 1 105 11 is_stmt 0 view .LVU39
 115 0034 E668     		ldr	r6, [r4, #12]
 116              	.LVL14:
 108:Drivers/CMSIS/DSP/Source/MatrixFunctions/arm_mat_scale_q31.c ****       in2 = ((q63_t) in2 * scaleFract) >> 32;
 117              		.loc 1 108 7 is_stmt 1 view .LVU40
 108:Drivers/CMSIS/DSP/Source/MatrixFunctions/arm_mat_scale_q31.c ****       in2 = ((q63_t) in2 * scaleFract) >> 32;
 118              		.loc 1 108 14 is_stmt 0 view .LVU41
 119 0036 4FEAEC7A 		asr	r10, ip, #31
 108:Drivers/CMSIS/DSP/Source/MatrixFunctions/arm_mat_scale_q31.c ****       in2 = ((q63_t) in2 * scaleFract) >> 32;
 120              		.loc 1 108 26 view .LVU42
 121 003a 4FEAE179 		asr	r9, r1, #31
 122 003e 0CFB09FE 		mul	lr, ip, r9
 123 0042 01FB0AEE 		mla	lr, r1, r10, lr
 124 0046 ACFB01CA 		umull	ip, r10, ip, r1
 125              	.LVL15:
 108:Drivers/CMSIS/DSP/Source/MatrixFunctions/arm_mat_scale_q31.c ****       in2 = ((q63_t) in2 * scaleFract) >> 32;
 126              		.loc 1 108 26 view .LVU43
 127 004a D644     		add	lr, lr, r10
ARM GAS  /var/folders/n6/c271nzx11xl4r4_m7sqjlt0m0000gn/T//ccG69E9f.s 			page 6


 128              	.LVL16:
 109:Drivers/CMSIS/DSP/Source/MatrixFunctions/arm_mat_scale_q31.c ****       in3 = ((q63_t) in3 * scaleFract) >> 32;
 129              		.loc 1 109 7 is_stmt 1 view .LVU44
 109:Drivers/CMSIS/DSP/Source/MatrixFunctions/arm_mat_scale_q31.c ****       in3 = ((q63_t) in3 * scaleFract) >> 32;
 130              		.loc 1 109 14 is_stmt 0 view .LVU45
 131 004c 4FEAE57C 		asr	ip, r5, #31
 109:Drivers/CMSIS/DSP/Source/MatrixFunctions/arm_mat_scale_q31.c ****       in3 = ((q63_t) in3 * scaleFract) >> 32;
 132              		.loc 1 109 26 view .LVU46
 133 0050 01FB0CFC 		mul	ip, r1, ip
 134 0054 05FB09CC 		mla	ip, r5, r9, ip
 135 0058 A1FB055A 		umull	r5, r10, r1, r5
 136              	.LVL17:
 109:Drivers/CMSIS/DSP/Source/MatrixFunctions/arm_mat_scale_q31.c ****       in3 = ((q63_t) in3 * scaleFract) >> 32;
 137              		.loc 1 109 26 view .LVU47
 138 005c D444     		add	ip, ip, r10
 139              	.LVL18:
 110:Drivers/CMSIS/DSP/Source/MatrixFunctions/arm_mat_scale_q31.c ****       in4 = ((q63_t) in4 * scaleFract) >> 32;
 140              		.loc 1 110 7 is_stmt 1 view .LVU48
 110:Drivers/CMSIS/DSP/Source/MatrixFunctions/arm_mat_scale_q31.c ****       in4 = ((q63_t) in4 * scaleFract) >> 32;
 141              		.loc 1 110 14 is_stmt 0 view .LVU49
 142 005e C517     		asrs	r5, r0, #31
 110:Drivers/CMSIS/DSP/Source/MatrixFunctions/arm_mat_scale_q31.c ****       in4 = ((q63_t) in4 * scaleFract) >> 32;
 143              		.loc 1 110 26 view .LVU50
 144 0060 01FB05F5 		mul	r5, r1, r5
 145 0064 00FB0955 		mla	r5, r0, r9, r5
 146 0068 A1FB000A 		umull	r0, r10, r1, r0
 147              	.LVL19:
 110:Drivers/CMSIS/DSP/Source/MatrixFunctions/arm_mat_scale_q31.c ****       in4 = ((q63_t) in4 * scaleFract) >> 32;
 148              		.loc 1 110 26 view .LVU51
 149 006c 5544     		add	r5, r5, r10
 150              	.LVL20:
 111:Drivers/CMSIS/DSP/Source/MatrixFunctions/arm_mat_scale_q31.c **** 
 151              		.loc 1 111 7 is_stmt 1 view .LVU52
 111:Drivers/CMSIS/DSP/Source/MatrixFunctions/arm_mat_scale_q31.c **** 
 152              		.loc 1 111 14 is_stmt 0 view .LVU53
 153 006e F017     		asrs	r0, r6, #31
 111:Drivers/CMSIS/DSP/Source/MatrixFunctions/arm_mat_scale_q31.c **** 
 154              		.loc 1 111 26 view .LVU54
 155 0070 01FB00F0 		mul	r0, r1, r0
 156 0074 06FB0900 		mla	r0, r6, r9, r0
 157 0078 A1FB0669 		umull	r6, r9, r1, r6
 158              	.LVL21:
 111:Drivers/CMSIS/DSP/Source/MatrixFunctions/arm_mat_scale_q31.c **** 
 159              		.loc 1 111 26 view .LVU55
 160 007c 4844     		add	r0, r0, r9
 161              	.LVL22:
 114:Drivers/CMSIS/DSP/Source/MatrixFunctions/arm_mat_scale_q31.c ****       out2 = in2 << totShift;
 162              		.loc 1 114 7 is_stmt 1 view .LVU56
 114:Drivers/CMSIS/DSP/Source/MatrixFunctions/arm_mat_scale_q31.c ****       out2 = in2 << totShift;
 163              		.loc 1 114 12 is_stmt 0 view .LVU57
 164 007e 0EFA02FA 		lsl	r10, lr, r2
 165              	.LVL23:
 115:Drivers/CMSIS/DSP/Source/MatrixFunctions/arm_mat_scale_q31.c **** 
 166              		.loc 1 115 7 is_stmt 1 view .LVU58
 115:Drivers/CMSIS/DSP/Source/MatrixFunctions/arm_mat_scale_q31.c **** 
 167              		.loc 1 115 12 is_stmt 0 view .LVU59
 168 0082 0CFA02F9 		lsl	r9, ip, r2
ARM GAS  /var/folders/n6/c271nzx11xl4r4_m7sqjlt0m0000gn/T//ccG69E9f.s 			page 7


 169              	.LVL24:
 118:Drivers/CMSIS/DSP/Source/MatrixFunctions/arm_mat_scale_q31.c ****         out1 = 0x7FFFFFFF ^ (in1 >> 31);
 170              		.loc 1 118 7 is_stmt 1 view .LVU60
 118:Drivers/CMSIS/DSP/Source/MatrixFunctions/arm_mat_scale_q31.c ****         out1 = 0x7FFFFFFF ^ (in1 >> 31);
 171              		.loc 1 118 24 is_stmt 0 view .LVU61
 172 0086 4AFA02F6 		asr	r6, r10, r2
 118:Drivers/CMSIS/DSP/Source/MatrixFunctions/arm_mat_scale_q31.c ****         out1 = 0x7FFFFFFF ^ (in1 >> 31);
 173              		.loc 1 118 10 view .LVU62
 174 008a 7645     		cmp	r6, lr
 175 008c 03D0     		beq	.L3
 119:Drivers/CMSIS/DSP/Source/MatrixFunctions/arm_mat_scale_q31.c **** 
 176              		.loc 1 119 9 is_stmt 1 view .LVU63
 119:Drivers/CMSIS/DSP/Source/MatrixFunctions/arm_mat_scale_q31.c **** 
 177              		.loc 1 119 14 is_stmt 0 view .LVU64
 178 008e 6FF0004A 		mvn	r10, #-2147483648
 179              	.LVL25:
 119:Drivers/CMSIS/DSP/Source/MatrixFunctions/arm_mat_scale_q31.c **** 
 180              		.loc 1 119 14 view .LVU65
 181 0092 8AEAEE7A 		eor	r10, r10, lr, asr #31
 182              	.LVL26:
 183              	.L3:
 121:Drivers/CMSIS/DSP/Source/MatrixFunctions/arm_mat_scale_q31.c ****         out2 = 0x7FFFFFFF ^ (in2 >> 31);
 184              		.loc 1 121 7 is_stmt 1 view .LVU66
 121:Drivers/CMSIS/DSP/Source/MatrixFunctions/arm_mat_scale_q31.c ****         out2 = 0x7FFFFFFF ^ (in2 >> 31);
 185              		.loc 1 121 24 is_stmt 0 view .LVU67
 186 0096 49FA02F6 		asr	r6, r9, r2
 121:Drivers/CMSIS/DSP/Source/MatrixFunctions/arm_mat_scale_q31.c ****         out2 = 0x7FFFFFFF ^ (in2 >> 31);
 187              		.loc 1 121 10 view .LVU68
 188 009a 6645     		cmp	r6, ip
 189 009c 03D0     		beq	.L4
 122:Drivers/CMSIS/DSP/Source/MatrixFunctions/arm_mat_scale_q31.c **** 
 190              		.loc 1 122 9 is_stmt 1 view .LVU69
 122:Drivers/CMSIS/DSP/Source/MatrixFunctions/arm_mat_scale_q31.c **** 
 191              		.loc 1 122 14 is_stmt 0 view .LVU70
 192 009e 6FF00049 		mvn	r9, #-2147483648
 193              	.LVL27:
 122:Drivers/CMSIS/DSP/Source/MatrixFunctions/arm_mat_scale_q31.c **** 
 194              		.loc 1 122 14 view .LVU71
 195 00a2 89EAEC79 		eor	r9, r9, ip, asr #31
 196              	.LVL28:
 197              	.L4:
 124:Drivers/CMSIS/DSP/Source/MatrixFunctions/arm_mat_scale_q31.c ****       out4 = in4 << totShift;
 198              		.loc 1 124 7 is_stmt 1 view .LVU72
 124:Drivers/CMSIS/DSP/Source/MatrixFunctions/arm_mat_scale_q31.c ****       out4 = in4 << totShift;
 199              		.loc 1 124 12 is_stmt 0 view .LVU73
 200 00a6 05FA02FC 		lsl	ip, r5, r2
 201              	.LVL29:
 125:Drivers/CMSIS/DSP/Source/MatrixFunctions/arm_mat_scale_q31.c **** 
 202              		.loc 1 125 7 is_stmt 1 view .LVU74
 125:Drivers/CMSIS/DSP/Source/MatrixFunctions/arm_mat_scale_q31.c **** 
 203              		.loc 1 125 12 is_stmt 0 view .LVU75
 204 00aa 00FA02F6 		lsl	r6, r0, r2
 205              	.LVL30:
 127:Drivers/CMSIS/DSP/Source/MatrixFunctions/arm_mat_scale_q31.c ****       *(pOut + 1) = out2;
 206              		.loc 1 127 7 is_stmt 1 view .LVU76
 127:Drivers/CMSIS/DSP/Source/MatrixFunctions/arm_mat_scale_q31.c ****       *(pOut + 1) = out2;
 207              		.loc 1 127 13 is_stmt 0 view .LVU77
ARM GAS  /var/folders/n6/c271nzx11xl4r4_m7sqjlt0m0000gn/T//ccG69E9f.s 			page 8


 208 00ae C3F800A0 		str	r10, [r3]
 209              	.LVL31:
 128:Drivers/CMSIS/DSP/Source/MatrixFunctions/arm_mat_scale_q31.c **** 
 210              		.loc 1 128 7 is_stmt 1 view .LVU78
 128:Drivers/CMSIS/DSP/Source/MatrixFunctions/arm_mat_scale_q31.c **** 
 211              		.loc 1 128 19 is_stmt 0 view .LVU79
 212 00b2 C3F80490 		str	r9, [r3, #4]
 130:Drivers/CMSIS/DSP/Source/MatrixFunctions/arm_mat_scale_q31.c ****         out3 = 0x7FFFFFFF ^ (in3 >> 31);
 213              		.loc 1 130 7 is_stmt 1 view .LVU80
 130:Drivers/CMSIS/DSP/Source/MatrixFunctions/arm_mat_scale_q31.c ****         out3 = 0x7FFFFFFF ^ (in3 >> 31);
 214              		.loc 1 130 24 is_stmt 0 view .LVU81
 215 00b6 4CFA02FE 		asr	lr, ip, r2
 216              	.LVL32:
 130:Drivers/CMSIS/DSP/Source/MatrixFunctions/arm_mat_scale_q31.c ****         out3 = 0x7FFFFFFF ^ (in3 >> 31);
 217              		.loc 1 130 10 view .LVU82
 218 00ba AE45     		cmp	lr, r5
 219 00bc 03D0     		beq	.L5
 131:Drivers/CMSIS/DSP/Source/MatrixFunctions/arm_mat_scale_q31.c **** 
 220              		.loc 1 131 9 is_stmt 1 view .LVU83
 131:Drivers/CMSIS/DSP/Source/MatrixFunctions/arm_mat_scale_q31.c **** 
 221              		.loc 1 131 14 is_stmt 0 view .LVU84
 222 00be 6FF0004C 		mvn	ip, #-2147483648
 223              	.LVL33:
 131:Drivers/CMSIS/DSP/Source/MatrixFunctions/arm_mat_scale_q31.c **** 
 224              		.loc 1 131 14 view .LVU85
 225 00c2 8CEAE57C 		eor	ip, ip, r5, asr #31
 226              	.LVL34:
 227              	.L5:
 133:Drivers/CMSIS/DSP/Source/MatrixFunctions/arm_mat_scale_q31.c ****         out4 = 0x7FFFFFFF ^ (in4 >> 31);
 228              		.loc 1 133 7 is_stmt 1 view .LVU86
 133:Drivers/CMSIS/DSP/Source/MatrixFunctions/arm_mat_scale_q31.c ****         out4 = 0x7FFFFFFF ^ (in4 >> 31);
 229              		.loc 1 133 24 is_stmt 0 view .LVU87
 230 00c6 46FA02F5 		asr	r5, r6, r2
 231              	.LVL35:
 133:Drivers/CMSIS/DSP/Source/MatrixFunctions/arm_mat_scale_q31.c ****         out4 = 0x7FFFFFFF ^ (in4 >> 31);
 232              		.loc 1 133 10 view .LVU88
 233 00ca 8542     		cmp	r5, r0
 234 00cc A4D0     		beq	.L6
 134:Drivers/CMSIS/DSP/Source/MatrixFunctions/arm_mat_scale_q31.c **** 
 235              		.loc 1 134 9 is_stmt 1 view .LVU89
 134:Drivers/CMSIS/DSP/Source/MatrixFunctions/arm_mat_scale_q31.c **** 
 236              		.loc 1 134 14 is_stmt 0 view .LVU90
 237 00ce 6FF00046 		mvn	r6, #-2147483648
 238              	.LVL36:
 134:Drivers/CMSIS/DSP/Source/MatrixFunctions/arm_mat_scale_q31.c **** 
 239              		.loc 1 134 14 view .LVU91
 240 00d2 86EAE076 		eor	r6, r6, r0, asr #31
 241              	.LVL37:
 134:Drivers/CMSIS/DSP/Source/MatrixFunctions/arm_mat_scale_q31.c **** 
 242              		.loc 1 134 14 view .LVU92
 243 00d6 9FE7     		b	.L6
 244              	.LVL38:
 245              	.L12:
 147:Drivers/CMSIS/DSP/Source/MatrixFunctions/arm_mat_scale_q31.c ****     }
 148:Drivers/CMSIS/DSP/Source/MatrixFunctions/arm_mat_scale_q31.c **** 
 149:Drivers/CMSIS/DSP/Source/MatrixFunctions/arm_mat_scale_q31.c ****     /* If the numSamples is not a multiple of 4, compute any remaining output samples here.
 150:Drivers/CMSIS/DSP/Source/MatrixFunctions/arm_mat_scale_q31.c ****      ** No loop unrolling is used. */
ARM GAS  /var/folders/n6/c271nzx11xl4r4_m7sqjlt0m0000gn/T//ccG69E9f.s 			page 9


 151:Drivers/CMSIS/DSP/Source/MatrixFunctions/arm_mat_scale_q31.c ****     blkCnt = numSamples % 0x4U;
 246              		.loc 1 151 5 is_stmt 1 view .LVU93
 247              		.loc 1 151 12 is_stmt 0 view .LVU94
 248 00d8 07F00307 		and	r7, r7, #3
 249              	.LVL39:
 152:Drivers/CMSIS/DSP/Source/MatrixFunctions/arm_mat_scale_q31.c **** 
 153:Drivers/CMSIS/DSP/Source/MatrixFunctions/arm_mat_scale_q31.c **** #else
 154:Drivers/CMSIS/DSP/Source/MatrixFunctions/arm_mat_scale_q31.c **** 
 155:Drivers/CMSIS/DSP/Source/MatrixFunctions/arm_mat_scale_q31.c ****     /* Run the below code for Cortex-M0 */
 156:Drivers/CMSIS/DSP/Source/MatrixFunctions/arm_mat_scale_q31.c **** 
 157:Drivers/CMSIS/DSP/Source/MatrixFunctions/arm_mat_scale_q31.c ****     /* Initialize blkCnt with number of samples */
 158:Drivers/CMSIS/DSP/Source/MatrixFunctions/arm_mat_scale_q31.c ****     blkCnt = numSamples;
 159:Drivers/CMSIS/DSP/Source/MatrixFunctions/arm_mat_scale_q31.c **** 
 160:Drivers/CMSIS/DSP/Source/MatrixFunctions/arm_mat_scale_q31.c **** #endif /* #if defined (ARM_MATH_DSP) */
 161:Drivers/CMSIS/DSP/Source/MatrixFunctions/arm_mat_scale_q31.c **** 
 162:Drivers/CMSIS/DSP/Source/MatrixFunctions/arm_mat_scale_q31.c ****     while (blkCnt > 0U)
 250              		.loc 1 162 5 is_stmt 1 view .LVU95
 251              		.loc 1 162 11 is_stmt 0 view .LVU96
 252 00dc 02E0     		b	.L8
 253              	.LVL40:
 254              	.L9:
 163:Drivers/CMSIS/DSP/Source/MatrixFunctions/arm_mat_scale_q31.c ****     {
 164:Drivers/CMSIS/DSP/Source/MatrixFunctions/arm_mat_scale_q31.c ****       /* C(m,n) = A(m,n) * k */
 165:Drivers/CMSIS/DSP/Source/MatrixFunctions/arm_mat_scale_q31.c ****       /* Scale, saturate and then store the results in the destination buffer. */
 166:Drivers/CMSIS/DSP/Source/MatrixFunctions/arm_mat_scale_q31.c ****       in1 = *pIn++;
 167:Drivers/CMSIS/DSP/Source/MatrixFunctions/arm_mat_scale_q31.c **** 
 168:Drivers/CMSIS/DSP/Source/MatrixFunctions/arm_mat_scale_q31.c ****       in2 = ((q63_t) in1 * scaleFract) >> 32;
 169:Drivers/CMSIS/DSP/Source/MatrixFunctions/arm_mat_scale_q31.c **** 
 170:Drivers/CMSIS/DSP/Source/MatrixFunctions/arm_mat_scale_q31.c ****       out1 = in2 << totShift;
 171:Drivers/CMSIS/DSP/Source/MatrixFunctions/arm_mat_scale_q31.c **** 
 172:Drivers/CMSIS/DSP/Source/MatrixFunctions/arm_mat_scale_q31.c ****       if (in2 != (out1 >> totShift))
 173:Drivers/CMSIS/DSP/Source/MatrixFunctions/arm_mat_scale_q31.c ****         out1 = 0x7FFFFFFF ^ (in2 >> 31);
 174:Drivers/CMSIS/DSP/Source/MatrixFunctions/arm_mat_scale_q31.c **** 
 175:Drivers/CMSIS/DSP/Source/MatrixFunctions/arm_mat_scale_q31.c ****       *pOut++ = out1;
 255              		.loc 1 175 7 is_stmt 1 view .LVU97
 256              		.loc 1 175 15 is_stmt 0 view .LVU98
 257 00de 43F8045B 		str	r5, [r3], #4
 258              	.LVL41:
 176:Drivers/CMSIS/DSP/Source/MatrixFunctions/arm_mat_scale_q31.c **** 
 177:Drivers/CMSIS/DSP/Source/MatrixFunctions/arm_mat_scale_q31.c ****       /* Decrement the numSamples loop counter */
 178:Drivers/CMSIS/DSP/Source/MatrixFunctions/arm_mat_scale_q31.c ****       blkCnt--;
 259              		.loc 1 178 7 is_stmt 1 view .LVU99
 260              		.loc 1 178 13 is_stmt 0 view .LVU100
 261 00e2 013F     		subs	r7, r7, #1
 262              	.LVL42:
 263              	.L8:
 162:Drivers/CMSIS/DSP/Source/MatrixFunctions/arm_mat_scale_q31.c ****     {
 264              		.loc 1 162 19 is_stmt 1 view .LVU101
 265 00e4 AFB1     		cbz	r7, .L13
 166:Drivers/CMSIS/DSP/Source/MatrixFunctions/arm_mat_scale_q31.c **** 
 266              		.loc 1 166 7 view .LVU102
 267              	.LVL43:
 166:Drivers/CMSIS/DSP/Source/MatrixFunctions/arm_mat_scale_q31.c **** 
 268              		.loc 1 166 11 is_stmt 0 view .LVU103
 269 00e6 54F8045B 		ldr	r5, [r4], #4
 270              	.LVL44:
 168:Drivers/CMSIS/DSP/Source/MatrixFunctions/arm_mat_scale_q31.c **** 
ARM GAS  /var/folders/n6/c271nzx11xl4r4_m7sqjlt0m0000gn/T//ccG69E9f.s 			page 10


 271              		.loc 1 168 7 is_stmt 1 view .LVU104
 168:Drivers/CMSIS/DSP/Source/MatrixFunctions/arm_mat_scale_q31.c **** 
 272              		.loc 1 168 14 is_stmt 0 view .LVU105
 273 00ea E817     		asrs	r0, r5, #31
 168:Drivers/CMSIS/DSP/Source/MatrixFunctions/arm_mat_scale_q31.c **** 
 274              		.loc 1 168 26 view .LVU106
 275 00ec CE17     		asrs	r6, r1, #31
 276 00ee 01FB00F0 		mul	r0, r1, r0
 277 00f2 05FB0600 		mla	r0, r5, r6, r0
 278 00f6 A1FB0556 		umull	r5, r6, r1, r5
 279              	.LVL45:
 168:Drivers/CMSIS/DSP/Source/MatrixFunctions/arm_mat_scale_q31.c **** 
 280              		.loc 1 168 26 view .LVU107
 281 00fa 3044     		add	r0, r0, r6
 282              	.LVL46:
 170:Drivers/CMSIS/DSP/Source/MatrixFunctions/arm_mat_scale_q31.c **** 
 283              		.loc 1 170 7 is_stmt 1 view .LVU108
 170:Drivers/CMSIS/DSP/Source/MatrixFunctions/arm_mat_scale_q31.c **** 
 284              		.loc 1 170 12 is_stmt 0 view .LVU109
 285 00fc 00FA02F5 		lsl	r5, r0, r2
 286              	.LVL47:
 172:Drivers/CMSIS/DSP/Source/MatrixFunctions/arm_mat_scale_q31.c ****         out1 = 0x7FFFFFFF ^ (in2 >> 31);
 287              		.loc 1 172 7 is_stmt 1 view .LVU110
 172:Drivers/CMSIS/DSP/Source/MatrixFunctions/arm_mat_scale_q31.c ****         out1 = 0x7FFFFFFF ^ (in2 >> 31);
 288              		.loc 1 172 24 is_stmt 0 view .LVU111
 289 0100 45FA02F6 		asr	r6, r5, r2
 172:Drivers/CMSIS/DSP/Source/MatrixFunctions/arm_mat_scale_q31.c ****         out1 = 0x7FFFFFFF ^ (in2 >> 31);
 290              		.loc 1 172 10 view .LVU112
 291 0104 8642     		cmp	r6, r0
 292 0106 EAD0     		beq	.L9
 173:Drivers/CMSIS/DSP/Source/MatrixFunctions/arm_mat_scale_q31.c **** 
 293              		.loc 1 173 9 is_stmt 1 view .LVU113
 173:Drivers/CMSIS/DSP/Source/MatrixFunctions/arm_mat_scale_q31.c **** 
 294              		.loc 1 173 14 is_stmt 0 view .LVU114
 295 0108 6FF00045 		mvn	r5, #-2147483648
 296              	.LVL48:
 173:Drivers/CMSIS/DSP/Source/MatrixFunctions/arm_mat_scale_q31.c **** 
 297              		.loc 1 173 14 view .LVU115
 298 010c 85EAE075 		eor	r5, r5, r0, asr #31
 299              	.LVL49:
 173:Drivers/CMSIS/DSP/Source/MatrixFunctions/arm_mat_scale_q31.c **** 
 300              		.loc 1 173 14 view .LVU116
 301 0110 E5E7     		b	.L9
 302              	.LVL50:
 303              	.L13:
 179:Drivers/CMSIS/DSP/Source/MatrixFunctions/arm_mat_scale_q31.c ****     }
 180:Drivers/CMSIS/DSP/Source/MatrixFunctions/arm_mat_scale_q31.c **** 
 181:Drivers/CMSIS/DSP/Source/MatrixFunctions/arm_mat_scale_q31.c ****     /* Set status as ARM_MATH_SUCCESS */
 182:Drivers/CMSIS/DSP/Source/MatrixFunctions/arm_mat_scale_q31.c ****     status = ARM_MATH_SUCCESS;
 304              		.loc 1 182 5 is_stmt 1 view .LVU117
 183:Drivers/CMSIS/DSP/Source/MatrixFunctions/arm_mat_scale_q31.c ****   }
 184:Drivers/CMSIS/DSP/Source/MatrixFunctions/arm_mat_scale_q31.c **** 
 185:Drivers/CMSIS/DSP/Source/MatrixFunctions/arm_mat_scale_q31.c ****   /* Return to application */
 186:Drivers/CMSIS/DSP/Source/MatrixFunctions/arm_mat_scale_q31.c ****   return (status);
 305              		.loc 1 186 3 view .LVU118
 187:Drivers/CMSIS/DSP/Source/MatrixFunctions/arm_mat_scale_q31.c **** }
 306              		.loc 1 187 1 is_stmt 0 view .LVU119
ARM GAS  /var/folders/n6/c271nzx11xl4r4_m7sqjlt0m0000gn/T//ccG69E9f.s 			page 11


 307 0112 0020     		movs	r0, #0
 308 0114 BDE8F087 		pop	{r4, r5, r6, r7, r8, r9, r10, pc}
 309              		.loc 1 187 1 view .LVU120
 310              		.cfi_endproc
 311              	.LFE135:
 313              		.text
 314              	.Letext0:
 315              		.file 2 "/Users/killian/Library/Application Support/Code/User/globalStorage/bmd.stm32-for-vscode/@
 316              		.file 3 "/Users/killian/Library/Application Support/Code/User/globalStorage/bmd.stm32-for-vscode/@
 317              		.file 4 "Drivers/CMSIS/DSP/Include/arm_math.h"
ARM GAS  /var/folders/n6/c271nzx11xl4r4_m7sqjlt0m0000gn/T//ccG69E9f.s 			page 12


DEFINED SYMBOLS
                            *ABS*:00000000 arm_mat_scale_q31.c
/var/folders/n6/c271nzx11xl4r4_m7sqjlt0m0000gn/T//ccG69E9f.s:20     .text.arm_mat_scale_q31:00000000 $t
/var/folders/n6/c271nzx11xl4r4_m7sqjlt0m0000gn/T//ccG69E9f.s:26     .text.arm_mat_scale_q31:00000000 arm_mat_scale_q31

NO UNDEFINED SYMBOLS
