ARM GAS  /var/folders/n6/c271nzx11xl4r4_m7sqjlt0m0000gn/T//cchbrC6t.s 			page 1


   1              		.cpu cortex-m7
   2              		.arch armv7e-m
   3              		.fpu fpv5-d16
   4              		.eabi_attribute 28, 1
   5              		.eabi_attribute 20, 1
   6              		.eabi_attribute 21, 1
   7              		.eabi_attribute 23, 3
   8              		.eabi_attribute 24, 1
   9              		.eabi_attribute 25, 1
  10              		.eabi_attribute 26, 1
  11              		.eabi_attribute 30, 1
  12              		.eabi_attribute 34, 1
  13              		.eabi_attribute 18, 4
  14              		.file	"arm_lms_norm_init_f32.c"
  15              		.text
  16              	.Ltext0:
  17              		.cfi_sections	.debug_frame
  18              		.file 1 "Drivers/CMSIS/DSP/Source/FilteringFunctions/arm_lms_norm_init_f32.c"
  19              		.section	.text.arm_lms_norm_init_f32,"ax",%progbits
  20              		.align	1
  21              		.global	arm_lms_norm_init_f32
  22              		.syntax unified
  23              		.thumb
  24              		.thumb_func
  26              	arm_lms_norm_init_f32:
  27              	.LVL0:
  28              	.LFB135:
   1:Drivers/CMSIS/DSP/Source/FilteringFunctions/arm_lms_norm_init_f32.c **** /* ----------------------------------------------------------------------
   2:Drivers/CMSIS/DSP/Source/FilteringFunctions/arm_lms_norm_init_f32.c ****  * Project:      CMSIS DSP Library
   3:Drivers/CMSIS/DSP/Source/FilteringFunctions/arm_lms_norm_init_f32.c ****  * Title:        arm_lms_norm_init_f32.c
   4:Drivers/CMSIS/DSP/Source/FilteringFunctions/arm_lms_norm_init_f32.c ****  * Description:  Floating-point NLMS filter initialization function
   5:Drivers/CMSIS/DSP/Source/FilteringFunctions/arm_lms_norm_init_f32.c ****  *
   6:Drivers/CMSIS/DSP/Source/FilteringFunctions/arm_lms_norm_init_f32.c ****  * $Date:        27. January 2017
   7:Drivers/CMSIS/DSP/Source/FilteringFunctions/arm_lms_norm_init_f32.c ****  * $Revision:    V.1.5.1
   8:Drivers/CMSIS/DSP/Source/FilteringFunctions/arm_lms_norm_init_f32.c ****  *
   9:Drivers/CMSIS/DSP/Source/FilteringFunctions/arm_lms_norm_init_f32.c ****  * Target Processor: Cortex-M cores
  10:Drivers/CMSIS/DSP/Source/FilteringFunctions/arm_lms_norm_init_f32.c ****  * -------------------------------------------------------------------- */
  11:Drivers/CMSIS/DSP/Source/FilteringFunctions/arm_lms_norm_init_f32.c **** /*
  12:Drivers/CMSIS/DSP/Source/FilteringFunctions/arm_lms_norm_init_f32.c ****  * Copyright (C) 2010-2017 ARM Limited or its affiliates. All rights reserved.
  13:Drivers/CMSIS/DSP/Source/FilteringFunctions/arm_lms_norm_init_f32.c ****  *
  14:Drivers/CMSIS/DSP/Source/FilteringFunctions/arm_lms_norm_init_f32.c ****  * SPDX-License-Identifier: Apache-2.0
  15:Drivers/CMSIS/DSP/Source/FilteringFunctions/arm_lms_norm_init_f32.c ****  *
  16:Drivers/CMSIS/DSP/Source/FilteringFunctions/arm_lms_norm_init_f32.c ****  * Licensed under the Apache License, Version 2.0 (the License); you may
  17:Drivers/CMSIS/DSP/Source/FilteringFunctions/arm_lms_norm_init_f32.c ****  * not use this file except in compliance with the License.
  18:Drivers/CMSIS/DSP/Source/FilteringFunctions/arm_lms_norm_init_f32.c ****  * You may obtain a copy of the License at
  19:Drivers/CMSIS/DSP/Source/FilteringFunctions/arm_lms_norm_init_f32.c ****  *
  20:Drivers/CMSIS/DSP/Source/FilteringFunctions/arm_lms_norm_init_f32.c ****  * www.apache.org/licenses/LICENSE-2.0
  21:Drivers/CMSIS/DSP/Source/FilteringFunctions/arm_lms_norm_init_f32.c ****  *
  22:Drivers/CMSIS/DSP/Source/FilteringFunctions/arm_lms_norm_init_f32.c ****  * Unless required by applicable law or agreed to in writing, software
  23:Drivers/CMSIS/DSP/Source/FilteringFunctions/arm_lms_norm_init_f32.c ****  * distributed under the License is distributed on an AS IS BASIS, WITHOUT
  24:Drivers/CMSIS/DSP/Source/FilteringFunctions/arm_lms_norm_init_f32.c ****  * WARRANTIES OR CONDITIONS OF ANY KIND, either express or implied.
  25:Drivers/CMSIS/DSP/Source/FilteringFunctions/arm_lms_norm_init_f32.c ****  * See the License for the specific language governing permissions and
  26:Drivers/CMSIS/DSP/Source/FilteringFunctions/arm_lms_norm_init_f32.c ****  * limitations under the License.
  27:Drivers/CMSIS/DSP/Source/FilteringFunctions/arm_lms_norm_init_f32.c ****  */
  28:Drivers/CMSIS/DSP/Source/FilteringFunctions/arm_lms_norm_init_f32.c **** 
  29:Drivers/CMSIS/DSP/Source/FilteringFunctions/arm_lms_norm_init_f32.c **** #include "arm_math.h"
  30:Drivers/CMSIS/DSP/Source/FilteringFunctions/arm_lms_norm_init_f32.c **** 
ARM GAS  /var/folders/n6/c271nzx11xl4r4_m7sqjlt0m0000gn/T//cchbrC6t.s 			page 2


  31:Drivers/CMSIS/DSP/Source/FilteringFunctions/arm_lms_norm_init_f32.c **** /**
  32:Drivers/CMSIS/DSP/Source/FilteringFunctions/arm_lms_norm_init_f32.c ****  * @ingroup groupFilters
  33:Drivers/CMSIS/DSP/Source/FilteringFunctions/arm_lms_norm_init_f32.c ****  */
  34:Drivers/CMSIS/DSP/Source/FilteringFunctions/arm_lms_norm_init_f32.c **** 
  35:Drivers/CMSIS/DSP/Source/FilteringFunctions/arm_lms_norm_init_f32.c **** /**
  36:Drivers/CMSIS/DSP/Source/FilteringFunctions/arm_lms_norm_init_f32.c ****  * @addtogroup LMS_NORM
  37:Drivers/CMSIS/DSP/Source/FilteringFunctions/arm_lms_norm_init_f32.c ****  * @{
  38:Drivers/CMSIS/DSP/Source/FilteringFunctions/arm_lms_norm_init_f32.c ****  */
  39:Drivers/CMSIS/DSP/Source/FilteringFunctions/arm_lms_norm_init_f32.c **** 
  40:Drivers/CMSIS/DSP/Source/FilteringFunctions/arm_lms_norm_init_f32.c ****   /**
  41:Drivers/CMSIS/DSP/Source/FilteringFunctions/arm_lms_norm_init_f32.c ****    * @brief Initialization function for floating-point normalized LMS filter.
  42:Drivers/CMSIS/DSP/Source/FilteringFunctions/arm_lms_norm_init_f32.c ****    * @param[in] *S points to an instance of the floating-point LMS filter structure.
  43:Drivers/CMSIS/DSP/Source/FilteringFunctions/arm_lms_norm_init_f32.c ****    * @param[in] numTaps  number of filter coefficients.
  44:Drivers/CMSIS/DSP/Source/FilteringFunctions/arm_lms_norm_init_f32.c ****    * @param[in] *pCoeffs points to coefficient buffer.
  45:Drivers/CMSIS/DSP/Source/FilteringFunctions/arm_lms_norm_init_f32.c ****    * @param[in] *pState points to state buffer.
  46:Drivers/CMSIS/DSP/Source/FilteringFunctions/arm_lms_norm_init_f32.c ****    * @param[in] mu step size that controls filter coefficient updates.
  47:Drivers/CMSIS/DSP/Source/FilteringFunctions/arm_lms_norm_init_f32.c ****    * @param[in] blockSize number of samples to process.
  48:Drivers/CMSIS/DSP/Source/FilteringFunctions/arm_lms_norm_init_f32.c ****    * @return none.
  49:Drivers/CMSIS/DSP/Source/FilteringFunctions/arm_lms_norm_init_f32.c ****    *
  50:Drivers/CMSIS/DSP/Source/FilteringFunctions/arm_lms_norm_init_f32.c ****  * \par Description:
  51:Drivers/CMSIS/DSP/Source/FilteringFunctions/arm_lms_norm_init_f32.c ****  * <code>pCoeffs</code> points to the array of filter coefficients stored in time reversed order:
  52:Drivers/CMSIS/DSP/Source/FilteringFunctions/arm_lms_norm_init_f32.c ****  * <pre>
  53:Drivers/CMSIS/DSP/Source/FilteringFunctions/arm_lms_norm_init_f32.c ****  *    {b[numTaps-1], b[numTaps-2], b[N-2], ..., b[1], b[0]}
  54:Drivers/CMSIS/DSP/Source/FilteringFunctions/arm_lms_norm_init_f32.c ****  * </pre>
  55:Drivers/CMSIS/DSP/Source/FilteringFunctions/arm_lms_norm_init_f32.c ****  * The initial filter coefficients serve as a starting point for the adaptive filter.
  56:Drivers/CMSIS/DSP/Source/FilteringFunctions/arm_lms_norm_init_f32.c ****  * <code>pState</code> points to an array of length <code>numTaps+blockSize-1</code> samples,
  57:Drivers/CMSIS/DSP/Source/FilteringFunctions/arm_lms_norm_init_f32.c ****  * where <code>blockSize</code> is the number of input samples processed by each call to <code>arm_
  58:Drivers/CMSIS/DSP/Source/FilteringFunctions/arm_lms_norm_init_f32.c ****  */
  59:Drivers/CMSIS/DSP/Source/FilteringFunctions/arm_lms_norm_init_f32.c **** 
  60:Drivers/CMSIS/DSP/Source/FilteringFunctions/arm_lms_norm_init_f32.c **** void arm_lms_norm_init_f32(
  61:Drivers/CMSIS/DSP/Source/FilteringFunctions/arm_lms_norm_init_f32.c ****   arm_lms_norm_instance_f32 * S,
  62:Drivers/CMSIS/DSP/Source/FilteringFunctions/arm_lms_norm_init_f32.c ****   uint16_t numTaps,
  63:Drivers/CMSIS/DSP/Source/FilteringFunctions/arm_lms_norm_init_f32.c ****   float32_t * pCoeffs,
  64:Drivers/CMSIS/DSP/Source/FilteringFunctions/arm_lms_norm_init_f32.c ****   float32_t * pState,
  65:Drivers/CMSIS/DSP/Source/FilteringFunctions/arm_lms_norm_init_f32.c ****   float32_t mu,
  66:Drivers/CMSIS/DSP/Source/FilteringFunctions/arm_lms_norm_init_f32.c ****   uint32_t blockSize)
  67:Drivers/CMSIS/DSP/Source/FilteringFunctions/arm_lms_norm_init_f32.c **** {
  29              		.loc 1 67 1 view -0
  30              		.cfi_startproc
  31              		@ args = 4, pretend = 0, frame = 0
  32              		@ frame_needed = 0, uses_anonymous_args = 0
  33              		.loc 1 67 1 is_stmt 0 view .LVU1
  34 0000 70B5     		push	{r4, r5, r6, lr}
  35              		.cfi_def_cfa_offset 16
  36              		.cfi_offset 4, -16
  37              		.cfi_offset 5, -12
  38              		.cfi_offset 6, -8
  39              		.cfi_offset 14, -4
  40 0002 0446     		mov	r4, r0
  41 0004 1D46     		mov	r5, r3
  42 0006 10EE106A 		vmov	r6, s0
  68:Drivers/CMSIS/DSP/Source/FilteringFunctions/arm_lms_norm_init_f32.c ****   /* Assign filter taps */
  69:Drivers/CMSIS/DSP/Source/FilteringFunctions/arm_lms_norm_init_f32.c ****   S->numTaps = numTaps;
  43              		.loc 1 69 3 is_stmt 1 view .LVU2
  44              		.loc 1 69 14 is_stmt 0 view .LVU3
  45 000a 0180     		strh	r1, [r0]	@ movhi
  70:Drivers/CMSIS/DSP/Source/FilteringFunctions/arm_lms_norm_init_f32.c **** 
ARM GAS  /var/folders/n6/c271nzx11xl4r4_m7sqjlt0m0000gn/T//cchbrC6t.s 			page 3


  71:Drivers/CMSIS/DSP/Source/FilteringFunctions/arm_lms_norm_init_f32.c ****   /* Assign coefficient pointer */
  72:Drivers/CMSIS/DSP/Source/FilteringFunctions/arm_lms_norm_init_f32.c ****   S->pCoeffs = pCoeffs;
  46              		.loc 1 72 3 is_stmt 1 view .LVU4
  47              		.loc 1 72 14 is_stmt 0 view .LVU5
  48 000c 8260     		str	r2, [r0, #8]
  73:Drivers/CMSIS/DSP/Source/FilteringFunctions/arm_lms_norm_init_f32.c **** 
  74:Drivers/CMSIS/DSP/Source/FilteringFunctions/arm_lms_norm_init_f32.c ****   /* Clear state buffer and size is always blockSize + numTaps - 1 */
  75:Drivers/CMSIS/DSP/Source/FilteringFunctions/arm_lms_norm_init_f32.c ****   memset(pState, 0, (numTaps + (blockSize - 1U)) * sizeof(float32_t));
  49              		.loc 1 75 3 is_stmt 1 view .LVU6
  50              		.loc 1 75 30 is_stmt 0 view .LVU7
  51 000e 049B     		ldr	r3, [sp, #16]
  52              	.LVL1:
  53              		.loc 1 75 30 view .LVU8
  54 0010 1944     		add	r1, r1, r3
  55              	.LVL2:
  56              		.loc 1 75 30 view .LVU9
  57 0012 4A1E     		subs	r2, r1, #1
  58              	.LVL3:
  59              		.loc 1 75 3 view .LVU10
  60 0014 9200     		lsls	r2, r2, #2
  61 0016 0021     		movs	r1, #0
  62 0018 2846     		mov	r0, r5
  63              	.LVL4:
  64              		.loc 1 75 3 view .LVU11
  65 001a FFF7FEFF 		bl	memset
  66              	.LVL5:
  76:Drivers/CMSIS/DSP/Source/FilteringFunctions/arm_lms_norm_init_f32.c **** 
  77:Drivers/CMSIS/DSP/Source/FilteringFunctions/arm_lms_norm_init_f32.c ****   /* Assign state pointer */
  78:Drivers/CMSIS/DSP/Source/FilteringFunctions/arm_lms_norm_init_f32.c ****   S->pState = pState;
  67              		.loc 1 78 3 is_stmt 1 view .LVU12
  68              		.loc 1 78 13 is_stmt 0 view .LVU13
  69 001e 6560     		str	r5, [r4, #4]
  79:Drivers/CMSIS/DSP/Source/FilteringFunctions/arm_lms_norm_init_f32.c **** 
  80:Drivers/CMSIS/DSP/Source/FilteringFunctions/arm_lms_norm_init_f32.c ****   /* Assign Step size value */
  81:Drivers/CMSIS/DSP/Source/FilteringFunctions/arm_lms_norm_init_f32.c ****   S->mu = mu;
  70              		.loc 1 81 3 is_stmt 1 view .LVU14
  71              		.loc 1 81 9 is_stmt 0 view .LVU15
  72 0020 E660     		str	r6, [r4, #12]	@ float
  82:Drivers/CMSIS/DSP/Source/FilteringFunctions/arm_lms_norm_init_f32.c **** 
  83:Drivers/CMSIS/DSP/Source/FilteringFunctions/arm_lms_norm_init_f32.c ****   /* Initialise Energy to zero */
  84:Drivers/CMSIS/DSP/Source/FilteringFunctions/arm_lms_norm_init_f32.c ****   S->energy = 0.0f;
  73              		.loc 1 84 3 is_stmt 1 view .LVU16
  74              		.loc 1 84 13 is_stmt 0 view .LVU17
  75 0022 0023     		movs	r3, #0
  76 0024 2361     		str	r3, [r4, #16]	@ float
  85:Drivers/CMSIS/DSP/Source/FilteringFunctions/arm_lms_norm_init_f32.c **** 
  86:Drivers/CMSIS/DSP/Source/FilteringFunctions/arm_lms_norm_init_f32.c ****   /* Initialise x0 to zero */
  87:Drivers/CMSIS/DSP/Source/FilteringFunctions/arm_lms_norm_init_f32.c ****   S->x0 = 0.0f;
  77              		.loc 1 87 3 is_stmt 1 view .LVU18
  78              		.loc 1 87 9 is_stmt 0 view .LVU19
  79 0026 6361     		str	r3, [r4, #20]	@ float
  88:Drivers/CMSIS/DSP/Source/FilteringFunctions/arm_lms_norm_init_f32.c **** 
  89:Drivers/CMSIS/DSP/Source/FilteringFunctions/arm_lms_norm_init_f32.c **** }
  80              		.loc 1 89 1 view .LVU20
  81 0028 70BD     		pop	{r4, r5, r6, pc}
  82              		.loc 1 89 1 view .LVU21
  83              		.cfi_endproc
ARM GAS  /var/folders/n6/c271nzx11xl4r4_m7sqjlt0m0000gn/T//cchbrC6t.s 			page 4


  84              	.LFE135:
  86              		.text
  87              	.Letext0:
  88              		.file 2 "/Users/killian/Library/Application Support/Code/User/globalStorage/bmd.stm32-for-vscode/@
  89              		.file 3 "/Users/killian/Library/Application Support/Code/User/globalStorage/bmd.stm32-for-vscode/@
  90              		.file 4 "/Users/killian/Library/Application Support/Code/User/globalStorage/bmd.stm32-for-vscode/@
  91              		.file 5 "Drivers/CMSIS/DSP/Include/arm_math.h"
  92              		.file 6 "/Users/killian/Library/Application Support/Code/User/globalStorage/bmd.stm32-for-vscode/@
  93              		.file 7 "<built-in>"
ARM GAS  /var/folders/n6/c271nzx11xl4r4_m7sqjlt0m0000gn/T//cchbrC6t.s 			page 5


DEFINED SYMBOLS
                            *ABS*:00000000 arm_lms_norm_init_f32.c
/var/folders/n6/c271nzx11xl4r4_m7sqjlt0m0000gn/T//cchbrC6t.s:20     .text.arm_lms_norm_init_f32:00000000 $t
/var/folders/n6/c271nzx11xl4r4_m7sqjlt0m0000gn/T//cchbrC6t.s:26     .text.arm_lms_norm_init_f32:00000000 arm_lms_norm_init_f32

UNDEFINED SYMBOLS
memset
