ARM GAS  /var/folders/n6/c271nzx11xl4r4_m7sqjlt0m0000gn/T//cce871vf.s 			page 1


   1              		.cpu cortex-m7
   2              		.arch armv7e-m
   3              		.fpu fpv5-d16
   4              		.eabi_attribute 28, 1
   5              		.eabi_attribute 20, 1
   6              		.eabi_attribute 21, 1
   7              		.eabi_attribute 23, 3
   8              		.eabi_attribute 24, 1
   9              		.eabi_attribute 25, 1
  10              		.eabi_attribute 26, 1
  11              		.eabi_attribute 30, 1
  12              		.eabi_attribute 34, 1
  13              		.eabi_attribute 18, 4
  14              		.file	"arm_sqrt_q15.c"
  15              		.text
  16              	.Ltext0:
  17              		.cfi_sections	.debug_frame
  18              		.file 1 "Drivers/CMSIS/DSP/Source/FastMathFunctions/arm_sqrt_q15.c"
  19              		.section	.text.arm_sqrt_q15,"ax",%progbits
  20              		.align	1
  21              		.global	arm_sqrt_q15
  22              		.syntax unified
  23              		.thumb
  24              		.thumb_func
  26              	arm_sqrt_q15:
  27              	.LVL0:
  28              	.LFB135:
   1:Drivers/CMSIS/DSP/Source/FastMathFunctions/arm_sqrt_q15.c **** /* ----------------------------------------------------------------------
   2:Drivers/CMSIS/DSP/Source/FastMathFunctions/arm_sqrt_q15.c ****  * Project:      CMSIS DSP Library
   3:Drivers/CMSIS/DSP/Source/FastMathFunctions/arm_sqrt_q15.c ****  * Title:        arm_sqrt_q15.c
   4:Drivers/CMSIS/DSP/Source/FastMathFunctions/arm_sqrt_q15.c ****  * Description:  Q15 square root function
   5:Drivers/CMSIS/DSP/Source/FastMathFunctions/arm_sqrt_q15.c ****  *
   6:Drivers/CMSIS/DSP/Source/FastMathFunctions/arm_sqrt_q15.c ****  * $Date:        27. January 2017
   7:Drivers/CMSIS/DSP/Source/FastMathFunctions/arm_sqrt_q15.c ****  * $Revision:    V.1.5.1
   8:Drivers/CMSIS/DSP/Source/FastMathFunctions/arm_sqrt_q15.c ****  *
   9:Drivers/CMSIS/DSP/Source/FastMathFunctions/arm_sqrt_q15.c ****  * Target Processor: Cortex-M cores
  10:Drivers/CMSIS/DSP/Source/FastMathFunctions/arm_sqrt_q15.c ****  * -------------------------------------------------------------------- */
  11:Drivers/CMSIS/DSP/Source/FastMathFunctions/arm_sqrt_q15.c **** /*
  12:Drivers/CMSIS/DSP/Source/FastMathFunctions/arm_sqrt_q15.c ****  * Copyright (C) 2010-2017 ARM Limited or its affiliates. All rights reserved.
  13:Drivers/CMSIS/DSP/Source/FastMathFunctions/arm_sqrt_q15.c ****  *
  14:Drivers/CMSIS/DSP/Source/FastMathFunctions/arm_sqrt_q15.c ****  * SPDX-License-Identifier: Apache-2.0
  15:Drivers/CMSIS/DSP/Source/FastMathFunctions/arm_sqrt_q15.c ****  *
  16:Drivers/CMSIS/DSP/Source/FastMathFunctions/arm_sqrt_q15.c ****  * Licensed under the Apache License, Version 2.0 (the License); you may
  17:Drivers/CMSIS/DSP/Source/FastMathFunctions/arm_sqrt_q15.c ****  * not use this file except in compliance with the License.
  18:Drivers/CMSIS/DSP/Source/FastMathFunctions/arm_sqrt_q15.c ****  * You may obtain a copy of the License at
  19:Drivers/CMSIS/DSP/Source/FastMathFunctions/arm_sqrt_q15.c ****  *
  20:Drivers/CMSIS/DSP/Source/FastMathFunctions/arm_sqrt_q15.c ****  * www.apache.org/licenses/LICENSE-2.0
  21:Drivers/CMSIS/DSP/Source/FastMathFunctions/arm_sqrt_q15.c ****  *
  22:Drivers/CMSIS/DSP/Source/FastMathFunctions/arm_sqrt_q15.c ****  * Unless required by applicable law or agreed to in writing, software
  23:Drivers/CMSIS/DSP/Source/FastMathFunctions/arm_sqrt_q15.c ****  * distributed under the License is distributed on an AS IS BASIS, WITHOUT
  24:Drivers/CMSIS/DSP/Source/FastMathFunctions/arm_sqrt_q15.c ****  * WARRANTIES OR CONDITIONS OF ANY KIND, either express or implied.
  25:Drivers/CMSIS/DSP/Source/FastMathFunctions/arm_sqrt_q15.c ****  * See the License for the specific language governing permissions and
  26:Drivers/CMSIS/DSP/Source/FastMathFunctions/arm_sqrt_q15.c ****  * limitations under the License.
  27:Drivers/CMSIS/DSP/Source/FastMathFunctions/arm_sqrt_q15.c ****  */
  28:Drivers/CMSIS/DSP/Source/FastMathFunctions/arm_sqrt_q15.c **** 
  29:Drivers/CMSIS/DSP/Source/FastMathFunctions/arm_sqrt_q15.c **** #include "arm_math.h"
  30:Drivers/CMSIS/DSP/Source/FastMathFunctions/arm_sqrt_q15.c **** #include "arm_common_tables.h"
ARM GAS  /var/folders/n6/c271nzx11xl4r4_m7sqjlt0m0000gn/T//cce871vf.s 			page 2


  31:Drivers/CMSIS/DSP/Source/FastMathFunctions/arm_sqrt_q15.c **** 
  32:Drivers/CMSIS/DSP/Source/FastMathFunctions/arm_sqrt_q15.c **** 
  33:Drivers/CMSIS/DSP/Source/FastMathFunctions/arm_sqrt_q15.c **** /**
  34:Drivers/CMSIS/DSP/Source/FastMathFunctions/arm_sqrt_q15.c ****  * @ingroup groupFastMath
  35:Drivers/CMSIS/DSP/Source/FastMathFunctions/arm_sqrt_q15.c ****  */
  36:Drivers/CMSIS/DSP/Source/FastMathFunctions/arm_sqrt_q15.c **** 
  37:Drivers/CMSIS/DSP/Source/FastMathFunctions/arm_sqrt_q15.c **** /**
  38:Drivers/CMSIS/DSP/Source/FastMathFunctions/arm_sqrt_q15.c ****  * @addtogroup SQRT
  39:Drivers/CMSIS/DSP/Source/FastMathFunctions/arm_sqrt_q15.c ****  * @{
  40:Drivers/CMSIS/DSP/Source/FastMathFunctions/arm_sqrt_q15.c ****  */
  41:Drivers/CMSIS/DSP/Source/FastMathFunctions/arm_sqrt_q15.c **** 
  42:Drivers/CMSIS/DSP/Source/FastMathFunctions/arm_sqrt_q15.c ****   /**
  43:Drivers/CMSIS/DSP/Source/FastMathFunctions/arm_sqrt_q15.c ****    * @brief  Q15 square root function.
  44:Drivers/CMSIS/DSP/Source/FastMathFunctions/arm_sqrt_q15.c ****    * @param[in]   in     input value.  The range of the input value is [0 +1) or 0x0000 to 0x7FFF.
  45:Drivers/CMSIS/DSP/Source/FastMathFunctions/arm_sqrt_q15.c ****    * @param[out]  *pOut  square root of input value.
  46:Drivers/CMSIS/DSP/Source/FastMathFunctions/arm_sqrt_q15.c ****    * @return The function returns ARM_MATH_SUCCESS if the input value is positive
  47:Drivers/CMSIS/DSP/Source/FastMathFunctions/arm_sqrt_q15.c ****    * and ARM_MATH_ARGUMENT_ERROR if the input is negative.  For
  48:Drivers/CMSIS/DSP/Source/FastMathFunctions/arm_sqrt_q15.c ****    * negative inputs, the function returns *pOut = 0.
  49:Drivers/CMSIS/DSP/Source/FastMathFunctions/arm_sqrt_q15.c ****    */
  50:Drivers/CMSIS/DSP/Source/FastMathFunctions/arm_sqrt_q15.c **** 
  51:Drivers/CMSIS/DSP/Source/FastMathFunctions/arm_sqrt_q15.c **** arm_status arm_sqrt_q15(
  52:Drivers/CMSIS/DSP/Source/FastMathFunctions/arm_sqrt_q15.c ****   q15_t in,
  53:Drivers/CMSIS/DSP/Source/FastMathFunctions/arm_sqrt_q15.c ****   q15_t * pOut)
  54:Drivers/CMSIS/DSP/Source/FastMathFunctions/arm_sqrt_q15.c **** {
  29              		.loc 1 54 1 view -0
  30              		.cfi_startproc
  31              		@ args = 0, pretend = 0, frame = 0
  32              		@ frame_needed = 0, uses_anonymous_args = 0
  55:Drivers/CMSIS/DSP/Source/FastMathFunctions/arm_sqrt_q15.c ****   q15_t number, temp1, var1, signBits1, half;
  33              		.loc 1 55 3 view .LVU1
  56:Drivers/CMSIS/DSP/Source/FastMathFunctions/arm_sqrt_q15.c ****   q31_t bits_val1;
  34              		.loc 1 56 3 view .LVU2
  57:Drivers/CMSIS/DSP/Source/FastMathFunctions/arm_sqrt_q15.c ****   float32_t temp_float1;
  35              		.loc 1 57 3 view .LVU3
  58:Drivers/CMSIS/DSP/Source/FastMathFunctions/arm_sqrt_q15.c ****   union
  36              		.loc 1 58 3 view .LVU4
  59:Drivers/CMSIS/DSP/Source/FastMathFunctions/arm_sqrt_q15.c ****   {
  60:Drivers/CMSIS/DSP/Source/FastMathFunctions/arm_sqrt_q15.c ****     q31_t fracval;
  61:Drivers/CMSIS/DSP/Source/FastMathFunctions/arm_sqrt_q15.c ****     float32_t floatval;
  62:Drivers/CMSIS/DSP/Source/FastMathFunctions/arm_sqrt_q15.c ****   } tempconv;
  63:Drivers/CMSIS/DSP/Source/FastMathFunctions/arm_sqrt_q15.c **** 
  64:Drivers/CMSIS/DSP/Source/FastMathFunctions/arm_sqrt_q15.c ****   number = in;
  37              		.loc 1 64 3 view .LVU5
  65:Drivers/CMSIS/DSP/Source/FastMathFunctions/arm_sqrt_q15.c **** 
  66:Drivers/CMSIS/DSP/Source/FastMathFunctions/arm_sqrt_q15.c ****   /* If the input is a positive number then compute the signBits. */
  67:Drivers/CMSIS/DSP/Source/FastMathFunctions/arm_sqrt_q15.c ****   if (number > 0)
  38              		.loc 1 67 3 view .LVU6
  39              		.loc 1 67 6 is_stmt 0 view .LVU7
  40 0000 0028     		cmp	r0, #0
  41              		.loc 1 67 6 view .LVU8
  42 0002 6FDD     		ble	.L2
  54:Drivers/CMSIS/DSP/Source/FastMathFunctions/arm_sqrt_q15.c ****   q15_t number, temp1, var1, signBits1, half;
  43              		.loc 1 54 1 view .LVU9
  44 0004 10B5     		push	{r4, lr}
  45              		.cfi_def_cfa_offset 8
  46              		.cfi_offset 4, -8
  47              		.cfi_offset 14, -4
ARM GAS  /var/folders/n6/c271nzx11xl4r4_m7sqjlt0m0000gn/T//cce871vf.s 			page 3


  68:Drivers/CMSIS/DSP/Source/FastMathFunctions/arm_sqrt_q15.c ****   {
  69:Drivers/CMSIS/DSP/Source/FastMathFunctions/arm_sqrt_q15.c ****     signBits1 = __CLZ(number) - 17;
  48              		.loc 1 69 5 is_stmt 1 view .LVU10
  49              		.loc 1 69 17 is_stmt 0 discriminator 1 view .LVU11
  50 0006 B0FA80F2 		clz	r2, r0
  51              		.loc 1 69 31 discriminator 1 view .LVU12
  52 000a 113A     		subs	r2, r2, #17
  53              		.loc 1 69 15 discriminator 1 view .LVU13
  54 000c 9446     		mov	ip, r2
  55              	.LVL1:
  70:Drivers/CMSIS/DSP/Source/FastMathFunctions/arm_sqrt_q15.c **** 
  71:Drivers/CMSIS/DSP/Source/FastMathFunctions/arm_sqrt_q15.c ****     /* Shift by the number of signBits1 */
  72:Drivers/CMSIS/DSP/Source/FastMathFunctions/arm_sqrt_q15.c ****     if ((signBits1 % 2) == 0)
  56              		.loc 1 72 5 is_stmt 1 view .LVU14
  57              		.loc 1 72 8 is_stmt 0 view .LVU15
  58 000e 12F00102 		ands	r2, r2, #1
  59              	.LVL2:
  60              		.loc 1 72 8 view .LVU16
  61 0012 54D1     		bne	.L3
  73:Drivers/CMSIS/DSP/Source/FastMathFunctions/arm_sqrt_q15.c ****     {
  74:Drivers/CMSIS/DSP/Source/FastMathFunctions/arm_sqrt_q15.c ****       number = number << signBits1;
  62              		.loc 1 74 7 is_stmt 1 view .LVU17
  63              		.loc 1 74 23 is_stmt 0 view .LVU18
  64 0014 00FA0CF0 		lsl	r0, r0, ip
  65              	.LVL3:
  66              		.loc 1 74 14 view .LVU19
  67 0018 00B2     		sxth	r0, r0
  68              	.LVL4:
  69              	.L4:
  75:Drivers/CMSIS/DSP/Source/FastMathFunctions/arm_sqrt_q15.c ****     }
  76:Drivers/CMSIS/DSP/Source/FastMathFunctions/arm_sqrt_q15.c ****     else
  77:Drivers/CMSIS/DSP/Source/FastMathFunctions/arm_sqrt_q15.c ****     {
  78:Drivers/CMSIS/DSP/Source/FastMathFunctions/arm_sqrt_q15.c ****       number = number << (signBits1 - 1);
  79:Drivers/CMSIS/DSP/Source/FastMathFunctions/arm_sqrt_q15.c ****     }
  80:Drivers/CMSIS/DSP/Source/FastMathFunctions/arm_sqrt_q15.c **** 
  81:Drivers/CMSIS/DSP/Source/FastMathFunctions/arm_sqrt_q15.c ****     /* Calculate half value of the number */
  82:Drivers/CMSIS/DSP/Source/FastMathFunctions/arm_sqrt_q15.c ****     half = number >> 1;
  70              		.loc 1 82 5 is_stmt 1 view .LVU20
  71              		.loc 1 82 10 is_stmt 0 view .LVU21
  72 001a 4FEA600E 		asr	lr, r0, #1
  73              	.LVL5:
  83:Drivers/CMSIS/DSP/Source/FastMathFunctions/arm_sqrt_q15.c ****     /* Store the number for later use */
  84:Drivers/CMSIS/DSP/Source/FastMathFunctions/arm_sqrt_q15.c ****     temp1 = number;
  74              		.loc 1 84 5 is_stmt 1 view .LVU22
  85:Drivers/CMSIS/DSP/Source/FastMathFunctions/arm_sqrt_q15.c **** 
  86:Drivers/CMSIS/DSP/Source/FastMathFunctions/arm_sqrt_q15.c ****     /* Convert to float */
  87:Drivers/CMSIS/DSP/Source/FastMathFunctions/arm_sqrt_q15.c ****     temp_float1 = number * 3.051757812500000e-005f;
  75              		.loc 1 87 5 view .LVU23
  76              		.loc 1 87 26 is_stmt 0 view .LVU24
  77 001e 07EE900A 		vmov	s15, r0	@ int
  78 0022 F8EEE77A 		vcvt.f32.s32	s15, s15
  79              		.loc 1 87 17 view .LVU25
  80 0026 9FED327A 		vldr.32	s14, .L16
  81 002a 67EE877A 		vmul.f32	s15, s15, s14
  82              	.LVL6:
  88:Drivers/CMSIS/DSP/Source/FastMathFunctions/arm_sqrt_q15.c ****     /*Store as integer */
  89:Drivers/CMSIS/DSP/Source/FastMathFunctions/arm_sqrt_q15.c ****     tempconv.floatval = temp_float1;
ARM GAS  /var/folders/n6/c271nzx11xl4r4_m7sqjlt0m0000gn/T//cce871vf.s 			page 4


  83              		.loc 1 89 5 is_stmt 1 view .LVU26
  90:Drivers/CMSIS/DSP/Source/FastMathFunctions/arm_sqrt_q15.c ****     bits_val1 = tempconv.fracval;
  84              		.loc 1 90 5 view .LVU27
  91:Drivers/CMSIS/DSP/Source/FastMathFunctions/arm_sqrt_q15.c ****     /* Subtract the shifted value from the magic number to give intial guess */
  92:Drivers/CMSIS/DSP/Source/FastMathFunctions/arm_sqrt_q15.c ****     bits_val1 = 0x5f3759df - (bits_val1 >> 1);  /* gives initial guess */
  85              		.loc 1 92 5 view .LVU28
  86              		.loc 1 92 15 is_stmt 0 view .LVU29
  87 002e 314B     		ldr	r3, .L16+4
  88 0030 17EE904A 		vmov	r4, s15	@ int
  89 0034 A3EB6403 		sub	r3, r3, r4, asr #1
  90              	.LVL7:
  93:Drivers/CMSIS/DSP/Source/FastMathFunctions/arm_sqrt_q15.c ****     /* Store as float */
  94:Drivers/CMSIS/DSP/Source/FastMathFunctions/arm_sqrt_q15.c ****     tempconv.fracval = bits_val1;
  91              		.loc 1 94 5 is_stmt 1 view .LVU30
  95:Drivers/CMSIS/DSP/Source/FastMathFunctions/arm_sqrt_q15.c ****     temp_float1 = tempconv.floatval;
  92              		.loc 1 95 5 view .LVU31
  96:Drivers/CMSIS/DSP/Source/FastMathFunctions/arm_sqrt_q15.c ****     /* Convert to integer format */
  97:Drivers/CMSIS/DSP/Source/FastMathFunctions/arm_sqrt_q15.c ****     var1 = (q31_t) (temp_float1 * 16384);
  93              		.loc 1 97 5 view .LVU32
  94              		.loc 1 97 12 is_stmt 0 view .LVU33
  95 0038 07EE903A 		vmov	s15, r3
  96 003c FEEEC97A 		vcvt.s32.f32	s15, s15, #14
  97              		.loc 1 97 10 view .LVU34
  98 0040 17EE903A 		vmov	r3, s15	@ int
  99              	.LVL8:
 100              		.loc 1 97 10 view .LVU35
 101 0044 1BB2     		sxth	r3, r3
 102              	.LVL9:
  98:Drivers/CMSIS/DSP/Source/FastMathFunctions/arm_sqrt_q15.c **** 
  99:Drivers/CMSIS/DSP/Source/FastMathFunctions/arm_sqrt_q15.c ****     /* 1st iteration */
 100:Drivers/CMSIS/DSP/Source/FastMathFunctions/arm_sqrt_q15.c ****     var1 = ((q15_t) ((q31_t) var1 * (0x3000 -
 103              		.loc 1 100 5 is_stmt 1 view .LVU36
 101:Drivers/CMSIS/DSP/Source/FastMathFunctions/arm_sqrt_q15.c ****                                      ((q15_t)
 102:Drivers/CMSIS/DSP/Source/FastMathFunctions/arm_sqrt_q15.c ****                                       ((((q15_t)
 103:Drivers/CMSIS/DSP/Source/FastMathFunctions/arm_sqrt_q15.c ****                                          (((q31_t) var1 * var1) >> 15)) *
 104              		.loc 1 103 57 is_stmt 0 view .LVU37
 105 0046 03FB03F4 		mul	r4, r3, r3
 106              	.LVL10:
 102:Drivers/CMSIS/DSP/Source/FastMathFunctions/arm_sqrt_q15.c ****                                          (((q31_t) var1 * var1) >> 15)) *
 107              		.loc 1 102 42 view .LVU38
 108 004a 44F3CF34 		sbfx	r4, r4, #15, #16
 109              		.loc 1 103 73 view .LVU39
 110 004e 0EFB04F4 		mul	r4, lr, r4
 101:Drivers/CMSIS/DSP/Source/FastMathFunctions/arm_sqrt_q15.c ****                                      ((q15_t)
 111              		.loc 1 101 39 view .LVU40
 112 0052 44F3CF34 		sbfx	r4, r4, #15, #16
 100:Drivers/CMSIS/DSP/Source/FastMathFunctions/arm_sqrt_q15.c ****                                      ((q15_t)
 113              		.loc 1 100 45 view .LVU41
 114 0056 C4F54054 		rsb	r4, r4, #12288
 100:Drivers/CMSIS/DSP/Source/FastMathFunctions/arm_sqrt_q15.c ****                                      ((q15_t)
 115              		.loc 1 100 35 view .LVU42
 116 005a 04FB03F3 		mul	r3, r4, r3
 117              	.LVL11:
 104:Drivers/CMSIS/DSP/Source/FastMathFunctions/arm_sqrt_q15.c ****                                         (q31_t) half) >> 15))) >> 15)) << 2;
 118              		.loc 1 104 64 view .LVU43
 119 005e DB13     		asrs	r3, r3, #15
 100:Drivers/CMSIS/DSP/Source/FastMathFunctions/arm_sqrt_q15.c ****                                      ((q15_t)
ARM GAS  /var/folders/n6/c271nzx11xl4r4_m7sqjlt0m0000gn/T//cce871vf.s 			page 5


 120              		.loc 1 100 10 view .LVU44
 121 0060 9B00     		lsls	r3, r3, #2
 122 0062 1BB2     		sxth	r3, r3
 123              	.LVL12:
 105:Drivers/CMSIS/DSP/Source/FastMathFunctions/arm_sqrt_q15.c ****     /* 2nd iteration */
 106:Drivers/CMSIS/DSP/Source/FastMathFunctions/arm_sqrt_q15.c ****     var1 = ((q15_t) ((q31_t) var1 * (0x3000 -
 124              		.loc 1 106 5 is_stmt 1 view .LVU45
 107:Drivers/CMSIS/DSP/Source/FastMathFunctions/arm_sqrt_q15.c ****                                      ((q15_t)
 108:Drivers/CMSIS/DSP/Source/FastMathFunctions/arm_sqrt_q15.c ****                                       ((((q15_t)
 109:Drivers/CMSIS/DSP/Source/FastMathFunctions/arm_sqrt_q15.c ****                                          (((q31_t) var1 * var1) >> 15)) *
 125              		.loc 1 109 57 is_stmt 0 view .LVU46
 126 0064 03FB03F4 		mul	r4, r3, r3
 108:Drivers/CMSIS/DSP/Source/FastMathFunctions/arm_sqrt_q15.c ****                                          (((q31_t) var1 * var1) >> 15)) *
 127              		.loc 1 108 42 view .LVU47
 128 0068 44F3CF34 		sbfx	r4, r4, #15, #16
 129              		.loc 1 109 73 view .LVU48
 130 006c 04FB0EF4 		mul	r4, r4, lr
 107:Drivers/CMSIS/DSP/Source/FastMathFunctions/arm_sqrt_q15.c ****                                      ((q15_t)
 131              		.loc 1 107 39 view .LVU49
 132 0070 44F3CF34 		sbfx	r4, r4, #15, #16
 106:Drivers/CMSIS/DSP/Source/FastMathFunctions/arm_sqrt_q15.c ****                                      ((q15_t)
 133              		.loc 1 106 45 view .LVU50
 134 0074 C4F54054 		rsb	r4, r4, #12288
 106:Drivers/CMSIS/DSP/Source/FastMathFunctions/arm_sqrt_q15.c ****                                      ((q15_t)
 135              		.loc 1 106 35 view .LVU51
 136 0078 04FB03F3 		mul	r3, r4, r3
 137              	.LVL13:
 110:Drivers/CMSIS/DSP/Source/FastMathFunctions/arm_sqrt_q15.c ****                                         (q31_t) half) >> 15))) >> 15)) << 2;
 138              		.loc 1 110 64 view .LVU52
 139 007c DB13     		asrs	r3, r3, #15
 106:Drivers/CMSIS/DSP/Source/FastMathFunctions/arm_sqrt_q15.c ****                                      ((q15_t)
 140              		.loc 1 106 10 view .LVU53
 141 007e 9B00     		lsls	r3, r3, #2
 142 0080 1BB2     		sxth	r3, r3
 143              	.LVL14:
 111:Drivers/CMSIS/DSP/Source/FastMathFunctions/arm_sqrt_q15.c ****     /* 3rd iteration */
 112:Drivers/CMSIS/DSP/Source/FastMathFunctions/arm_sqrt_q15.c ****     var1 = ((q15_t) ((q31_t) var1 * (0x3000 -
 144              		.loc 1 112 5 is_stmt 1 view .LVU54
 113:Drivers/CMSIS/DSP/Source/FastMathFunctions/arm_sqrt_q15.c ****                                      ((q15_t)
 114:Drivers/CMSIS/DSP/Source/FastMathFunctions/arm_sqrt_q15.c ****                                       ((((q15_t)
 115:Drivers/CMSIS/DSP/Source/FastMathFunctions/arm_sqrt_q15.c ****                                          (((q31_t) var1 * var1) >> 15)) *
 145              		.loc 1 115 57 is_stmt 0 view .LVU55
 146 0082 03FB03F4 		mul	r4, r3, r3
 114:Drivers/CMSIS/DSP/Source/FastMathFunctions/arm_sqrt_q15.c ****                                          (((q31_t) var1 * var1) >> 15)) *
 147              		.loc 1 114 42 view .LVU56
 148 0086 44F3CF34 		sbfx	r4, r4, #15, #16
 149              		.loc 1 115 73 view .LVU57
 150 008a 04FB0EFE 		mul	lr, r4, lr
 151              	.LVL15:
 113:Drivers/CMSIS/DSP/Source/FastMathFunctions/arm_sqrt_q15.c ****                                      ((q15_t)
 152              		.loc 1 113 39 view .LVU58
 153 008e 4EF3CF3E 		sbfx	lr, lr, #15, #16
 112:Drivers/CMSIS/DSP/Source/FastMathFunctions/arm_sqrt_q15.c ****                                      ((q15_t)
 154              		.loc 1 112 45 view .LVU59
 155 0092 CEF5405E 		rsb	lr, lr, #12288
 112:Drivers/CMSIS/DSP/Source/FastMathFunctions/arm_sqrt_q15.c ****                                      ((q15_t)
 156              		.loc 1 112 35 view .LVU60
ARM GAS  /var/folders/n6/c271nzx11xl4r4_m7sqjlt0m0000gn/T//cce871vf.s 			page 6


 157 0096 0EFB03F3 		mul	r3, lr, r3
 158              	.LVL16:
 116:Drivers/CMSIS/DSP/Source/FastMathFunctions/arm_sqrt_q15.c ****                                         (q31_t) half) >> 15))) >> 15)) << 2;
 159              		.loc 1 116 64 view .LVU61
 160 009a DB13     		asrs	r3, r3, #15
 112:Drivers/CMSIS/DSP/Source/FastMathFunctions/arm_sqrt_q15.c ****                                      ((q15_t)
 161              		.loc 1 112 10 view .LVU62
 162 009c 9B00     		lsls	r3, r3, #2
 163 009e 1BB2     		sxth	r3, r3
 164              	.LVL17:
 117:Drivers/CMSIS/DSP/Source/FastMathFunctions/arm_sqrt_q15.c **** 
 118:Drivers/CMSIS/DSP/Source/FastMathFunctions/arm_sqrt_q15.c ****     /* Multiply the inverse square root with the original value */
 119:Drivers/CMSIS/DSP/Source/FastMathFunctions/arm_sqrt_q15.c ****     var1 = ((q15_t) (((q31_t) temp1 * var1) >> 15)) << 1;
 165              		.loc 1 119 5 is_stmt 1 view .LVU63
 166              		.loc 1 119 37 is_stmt 0 view .LVU64
 167 00a0 00FB03F3 		mul	r3, r0, r3
 168              	.LVL18:
 169              		.loc 1 119 45 view .LVU65
 170 00a4 DB13     		asrs	r3, r3, #15
 171              		.loc 1 119 10 view .LVU66
 172 00a6 5B00     		lsls	r3, r3, #1
 173 00a8 1BB2     		sxth	r3, r3
 174              	.LVL19:
 120:Drivers/CMSIS/DSP/Source/FastMathFunctions/arm_sqrt_q15.c **** 
 121:Drivers/CMSIS/DSP/Source/FastMathFunctions/arm_sqrt_q15.c ****     /* Shift the output down accordingly */
 122:Drivers/CMSIS/DSP/Source/FastMathFunctions/arm_sqrt_q15.c ****     if ((signBits1 % 2) == 0)
 175              		.loc 1 122 5 is_stmt 1 view .LVU67
 176              		.loc 1 122 8 is_stmt 0 view .LVU68
 177 00aa 82B9     		cbnz	r2, .L5
 123:Drivers/CMSIS/DSP/Source/FastMathFunctions/arm_sqrt_q15.c ****     {
 124:Drivers/CMSIS/DSP/Source/FastMathFunctions/arm_sqrt_q15.c ****       var1 = var1 >> (signBits1 / 2);
 178              		.loc 1 124 7 is_stmt 1 view .LVU69
 179              		.loc 1 124 33 is_stmt 0 view .LVU70
 180 00ac 6246     		mov	r2, ip
 181 00ae BCF1000F 		cmp	ip, #0
 182 00b2 09DB     		blt	.L14
 183              	.L6:
 184 00b4 5210     		asrs	r2, r2, #1
 185              		.loc 1 124 12 view .LVU71
 186 00b6 1341     		asrs	r3, r3, r2
 187              	.LVL20:
 188              	.L7:
 125:Drivers/CMSIS/DSP/Source/FastMathFunctions/arm_sqrt_q15.c ****     }
 126:Drivers/CMSIS/DSP/Source/FastMathFunctions/arm_sqrt_q15.c ****     else
 127:Drivers/CMSIS/DSP/Source/FastMathFunctions/arm_sqrt_q15.c ****     {
 128:Drivers/CMSIS/DSP/Source/FastMathFunctions/arm_sqrt_q15.c ****       var1 = var1 >> ((signBits1 - 1) / 2);
 129:Drivers/CMSIS/DSP/Source/FastMathFunctions/arm_sqrt_q15.c ****     }
 130:Drivers/CMSIS/DSP/Source/FastMathFunctions/arm_sqrt_q15.c ****     *pOut = var1;
 189              		.loc 1 130 5 is_stmt 1 view .LVU72
 190              		.loc 1 130 11 is_stmt 0 view .LVU73
 191 00b8 0B80     		strh	r3, [r1]	@ movhi
 131:Drivers/CMSIS/DSP/Source/FastMathFunctions/arm_sqrt_q15.c **** 
 132:Drivers/CMSIS/DSP/Source/FastMathFunctions/arm_sqrt_q15.c ****     return (ARM_MATH_SUCCESS);
 192              		.loc 1 132 5 is_stmt 1 view .LVU74
 193              		.loc 1 132 12 is_stmt 0 view .LVU75
 194 00ba 0020     		movs	r0, #0
 195              	.LVL21:
ARM GAS  /var/folders/n6/c271nzx11xl4r4_m7sqjlt0m0000gn/T//cce871vf.s 			page 7


 133:Drivers/CMSIS/DSP/Source/FastMathFunctions/arm_sqrt_q15.c ****   }
 134:Drivers/CMSIS/DSP/Source/FastMathFunctions/arm_sqrt_q15.c ****   /* If the number is a negative number then store zero as its square root value */
 135:Drivers/CMSIS/DSP/Source/FastMathFunctions/arm_sqrt_q15.c ****   else
 136:Drivers/CMSIS/DSP/Source/FastMathFunctions/arm_sqrt_q15.c ****   {
 137:Drivers/CMSIS/DSP/Source/FastMathFunctions/arm_sqrt_q15.c ****     *pOut = 0;
 138:Drivers/CMSIS/DSP/Source/FastMathFunctions/arm_sqrt_q15.c ****     return (ARM_MATH_ARGUMENT_ERROR);
 139:Drivers/CMSIS/DSP/Source/FastMathFunctions/arm_sqrt_q15.c ****   }
 140:Drivers/CMSIS/DSP/Source/FastMathFunctions/arm_sqrt_q15.c **** }
 196              		.loc 1 140 1 view .LVU76
 197 00bc 10BD     		pop	{r4, pc}
 198              	.LVL22:
 199              	.L3:
  78:Drivers/CMSIS/DSP/Source/FastMathFunctions/arm_sqrt_q15.c ****     }
 200              		.loc 1 78 7 is_stmt 1 view .LVU77
  78:Drivers/CMSIS/DSP/Source/FastMathFunctions/arm_sqrt_q15.c ****     }
 201              		.loc 1 78 37 is_stmt 0 view .LVU78
 202 00be 0CF1FF33 		add	r3, ip, #-1
  78:Drivers/CMSIS/DSP/Source/FastMathFunctions/arm_sqrt_q15.c ****     }
 203              		.loc 1 78 23 view .LVU79
 204 00c2 9840     		lsls	r0, r0, r3
  78:Drivers/CMSIS/DSP/Source/FastMathFunctions/arm_sqrt_q15.c ****     }
 205              		.loc 1 78 14 view .LVU80
 206 00c4 00B2     		sxth	r0, r0
 207              	.LVL23:
  78:Drivers/CMSIS/DSP/Source/FastMathFunctions/arm_sqrt_q15.c ****     }
 208              		.loc 1 78 14 view .LVU81
 209 00c6 A8E7     		b	.L4
 210              	.LVL24:
 211              	.L14:
 124:Drivers/CMSIS/DSP/Source/FastMathFunctions/arm_sqrt_q15.c ****     }
 212              		.loc 1 124 33 view .LVU82
 213 00c8 0CF10102 		add	r2, ip, #1
 214              	.LVL25:
 124:Drivers/CMSIS/DSP/Source/FastMathFunctions/arm_sqrt_q15.c ****     }
 215              		.loc 1 124 33 view .LVU83
 216 00cc F2E7     		b	.L6
 217              	.L5:
 128:Drivers/CMSIS/DSP/Source/FastMathFunctions/arm_sqrt_q15.c ****     }
 218              		.loc 1 128 7 is_stmt 1 view .LVU84
 128:Drivers/CMSIS/DSP/Source/FastMathFunctions/arm_sqrt_q15.c ****     }
 219              		.loc 1 128 39 is_stmt 0 view .LVU85
 220 00ce BCF1010C 		subs	ip, ip, #1
 221              	.LVL26:
 128:Drivers/CMSIS/DSP/Source/FastMathFunctions/arm_sqrt_q15.c ****     }
 222              		.loc 1 128 39 view .LVU86
 223 00d2 04D4     		bmi	.L15
 224              	.LVL27:
 225              	.L8:
 128:Drivers/CMSIS/DSP/Source/FastMathFunctions/arm_sqrt_q15.c ****     }
 226              		.loc 1 128 39 view .LVU87
 227 00d4 4FEA6C0C 		asr	ip, ip, #1
 128:Drivers/CMSIS/DSP/Source/FastMathFunctions/arm_sqrt_q15.c ****     }
 228              		.loc 1 128 12 view .LVU88
 229 00d8 43FA0CF3 		asr	r3, r3, ip
 230              	.LVL28:
 128:Drivers/CMSIS/DSP/Source/FastMathFunctions/arm_sqrt_q15.c ****     }
 231              		.loc 1 128 12 view .LVU89
ARM GAS  /var/folders/n6/c271nzx11xl4r4_m7sqjlt0m0000gn/T//cce871vf.s 			page 8


 232 00dc ECE7     		b	.L7
 233              	.L15:
 128:Drivers/CMSIS/DSP/Source/FastMathFunctions/arm_sqrt_q15.c ****     }
 234              		.loc 1 128 39 view .LVU90
 235 00de 0CF1010C 		add	ip, ip, #1
 236 00e2 F7E7     		b	.L8
 237              	.LVL29:
 238              	.L2:
 239              		.cfi_def_cfa_offset 0
 240              		.cfi_restore 4
 241              		.cfi_restore 14
 137:Drivers/CMSIS/DSP/Source/FastMathFunctions/arm_sqrt_q15.c ****     return (ARM_MATH_ARGUMENT_ERROR);
 242              		.loc 1 137 5 is_stmt 1 view .LVU91
 137:Drivers/CMSIS/DSP/Source/FastMathFunctions/arm_sqrt_q15.c ****     return (ARM_MATH_ARGUMENT_ERROR);
 243              		.loc 1 137 11 is_stmt 0 view .LVU92
 244 00e4 0023     		movs	r3, #0
 245 00e6 0B80     		strh	r3, [r1]	@ movhi
 138:Drivers/CMSIS/DSP/Source/FastMathFunctions/arm_sqrt_q15.c ****   }
 246              		.loc 1 138 5 is_stmt 1 view .LVU93
 138:Drivers/CMSIS/DSP/Source/FastMathFunctions/arm_sqrt_q15.c ****   }
 247              		.loc 1 138 12 is_stmt 0 view .LVU94
 248 00e8 4FF0FF30 		mov	r0, #-1
 249              		.loc 1 140 1 view .LVU95
 250 00ec 7047     		bx	lr
 251              	.L17:
 252 00ee 00BF     		.align	2
 253              	.L16:
 254 00f0 00000038 		.word	939524096
 255 00f4 DF59375F 		.word	1597463007
 256              		.cfi_endproc
 257              	.LFE135:
 259              		.text
 260              	.Letext0:
 261              		.file 2 "/Users/killian/Library/Application Support/Code/User/globalStorage/bmd.stm32-for-vscode/@
 262              		.file 3 "/Users/killian/Library/Application Support/Code/User/globalStorage/bmd.stm32-for-vscode/@
 263              		.file 4 "Drivers/CMSIS/DSP/Include/arm_math.h"
ARM GAS  /var/folders/n6/c271nzx11xl4r4_m7sqjlt0m0000gn/T//cce871vf.s 			page 9


DEFINED SYMBOLS
                            *ABS*:00000000 arm_sqrt_q15.c
/var/folders/n6/c271nzx11xl4r4_m7sqjlt0m0000gn/T//cce871vf.s:20     .text.arm_sqrt_q15:00000000 $t
/var/folders/n6/c271nzx11xl4r4_m7sqjlt0m0000gn/T//cce871vf.s:26     .text.arm_sqrt_q15:00000000 arm_sqrt_q15
/var/folders/n6/c271nzx11xl4r4_m7sqjlt0m0000gn/T//cce871vf.s:254    .text.arm_sqrt_q15:000000f0 $d

NO UNDEFINED SYMBOLS
