ARM GAS  /var/folders/n6/c271nzx11xl4r4_m7sqjlt0m0000gn/T//ccNd6R3f.s 			page 1


   1              		.cpu cortex-m7
   2              		.arch armv7e-m
   3              		.fpu fpv5-d16
   4              		.eabi_attribute 28, 1
   5              		.eabi_attribute 20, 1
   6              		.eabi_attribute 21, 1
   7              		.eabi_attribute 23, 3
   8              		.eabi_attribute 24, 1
   9              		.eabi_attribute 25, 1
  10              		.eabi_attribute 26, 1
  11              		.eabi_attribute 30, 1
  12              		.eabi_attribute 34, 1
  13              		.eabi_attribute 18, 4
  14              		.file	"arm_negate_f32.c"
  15              		.text
  16              	.Ltext0:
  17              		.cfi_sections	.debug_frame
  18              		.file 1 "Drivers/CMSIS/DSP/Source/BasicMathFunctions/arm_negate_f32.c"
  19              		.section	.text.arm_negate_f32,"ax",%progbits
  20              		.align	1
  21              		.global	arm_negate_f32
  22              		.syntax unified
  23              		.thumb
  24              		.thumb_func
  26              	arm_negate_f32:
  27              	.LVL0:
  28              	.LFB135:
   1:Drivers/CMSIS/DSP/Source/BasicMathFunctions/arm_negate_f32.c **** /* ----------------------------------------------------------------------
   2:Drivers/CMSIS/DSP/Source/BasicMathFunctions/arm_negate_f32.c ****  * Project:      CMSIS DSP Library
   3:Drivers/CMSIS/DSP/Source/BasicMathFunctions/arm_negate_f32.c ****  * Title:        arm_negate_f32.c
   4:Drivers/CMSIS/DSP/Source/BasicMathFunctions/arm_negate_f32.c ****  * Description:  Negates floating-point vectors
   5:Drivers/CMSIS/DSP/Source/BasicMathFunctions/arm_negate_f32.c ****  *
   6:Drivers/CMSIS/DSP/Source/BasicMathFunctions/arm_negate_f32.c ****  * $Date:        27. January 2017
   7:Drivers/CMSIS/DSP/Source/BasicMathFunctions/arm_negate_f32.c ****  * $Revision:    V.1.5.1
   8:Drivers/CMSIS/DSP/Source/BasicMathFunctions/arm_negate_f32.c ****  *
   9:Drivers/CMSIS/DSP/Source/BasicMathFunctions/arm_negate_f32.c ****  * Target Processor: Cortex-M cores
  10:Drivers/CMSIS/DSP/Source/BasicMathFunctions/arm_negate_f32.c ****  * -------------------------------------------------------------------- */
  11:Drivers/CMSIS/DSP/Source/BasicMathFunctions/arm_negate_f32.c **** /*
  12:Drivers/CMSIS/DSP/Source/BasicMathFunctions/arm_negate_f32.c ****  * Copyright (C) 2010-2017 ARM Limited or its affiliates. All rights reserved.
  13:Drivers/CMSIS/DSP/Source/BasicMathFunctions/arm_negate_f32.c ****  *
  14:Drivers/CMSIS/DSP/Source/BasicMathFunctions/arm_negate_f32.c ****  * SPDX-License-Identifier: Apache-2.0
  15:Drivers/CMSIS/DSP/Source/BasicMathFunctions/arm_negate_f32.c ****  *
  16:Drivers/CMSIS/DSP/Source/BasicMathFunctions/arm_negate_f32.c ****  * Licensed under the Apache License, Version 2.0 (the License); you may
  17:Drivers/CMSIS/DSP/Source/BasicMathFunctions/arm_negate_f32.c ****  * not use this file except in compliance with the License.
  18:Drivers/CMSIS/DSP/Source/BasicMathFunctions/arm_negate_f32.c ****  * You may obtain a copy of the License at
  19:Drivers/CMSIS/DSP/Source/BasicMathFunctions/arm_negate_f32.c ****  *
  20:Drivers/CMSIS/DSP/Source/BasicMathFunctions/arm_negate_f32.c ****  * www.apache.org/licenses/LICENSE-2.0
  21:Drivers/CMSIS/DSP/Source/BasicMathFunctions/arm_negate_f32.c ****  *
  22:Drivers/CMSIS/DSP/Source/BasicMathFunctions/arm_negate_f32.c ****  * Unless required by applicable law or agreed to in writing, software
  23:Drivers/CMSIS/DSP/Source/BasicMathFunctions/arm_negate_f32.c ****  * distributed under the License is distributed on an AS IS BASIS, WITHOUT
  24:Drivers/CMSIS/DSP/Source/BasicMathFunctions/arm_negate_f32.c ****  * WARRANTIES OR CONDITIONS OF ANY KIND, either express or implied.
  25:Drivers/CMSIS/DSP/Source/BasicMathFunctions/arm_negate_f32.c ****  * See the License for the specific language governing permissions and
  26:Drivers/CMSIS/DSP/Source/BasicMathFunctions/arm_negate_f32.c ****  * limitations under the License.
  27:Drivers/CMSIS/DSP/Source/BasicMathFunctions/arm_negate_f32.c ****  */
  28:Drivers/CMSIS/DSP/Source/BasicMathFunctions/arm_negate_f32.c **** 
  29:Drivers/CMSIS/DSP/Source/BasicMathFunctions/arm_negate_f32.c **** #include "arm_math.h"
  30:Drivers/CMSIS/DSP/Source/BasicMathFunctions/arm_negate_f32.c **** 
ARM GAS  /var/folders/n6/c271nzx11xl4r4_m7sqjlt0m0000gn/T//ccNd6R3f.s 			page 2


  31:Drivers/CMSIS/DSP/Source/BasicMathFunctions/arm_negate_f32.c **** /**
  32:Drivers/CMSIS/DSP/Source/BasicMathFunctions/arm_negate_f32.c ****  * @ingroup groupMath
  33:Drivers/CMSIS/DSP/Source/BasicMathFunctions/arm_negate_f32.c ****  */
  34:Drivers/CMSIS/DSP/Source/BasicMathFunctions/arm_negate_f32.c **** 
  35:Drivers/CMSIS/DSP/Source/BasicMathFunctions/arm_negate_f32.c **** /**
  36:Drivers/CMSIS/DSP/Source/BasicMathFunctions/arm_negate_f32.c ****  * @defgroup negate Vector Negate
  37:Drivers/CMSIS/DSP/Source/BasicMathFunctions/arm_negate_f32.c ****  *
  38:Drivers/CMSIS/DSP/Source/BasicMathFunctions/arm_negate_f32.c ****  * Negates the elements of a vector.
  39:Drivers/CMSIS/DSP/Source/BasicMathFunctions/arm_negate_f32.c ****  *
  40:Drivers/CMSIS/DSP/Source/BasicMathFunctions/arm_negate_f32.c ****  * <pre>
  41:Drivers/CMSIS/DSP/Source/BasicMathFunctions/arm_negate_f32.c ****  *     pDst[n] = -pSrc[n],   0 <= n < blockSize.
  42:Drivers/CMSIS/DSP/Source/BasicMathFunctions/arm_negate_f32.c ****  * </pre>
  43:Drivers/CMSIS/DSP/Source/BasicMathFunctions/arm_negate_f32.c ****  *
  44:Drivers/CMSIS/DSP/Source/BasicMathFunctions/arm_negate_f32.c ****  * The functions support in-place computation allowing the source and
  45:Drivers/CMSIS/DSP/Source/BasicMathFunctions/arm_negate_f32.c ****  * destination pointers to reference the same memory buffer.
  46:Drivers/CMSIS/DSP/Source/BasicMathFunctions/arm_negate_f32.c ****  * There are separate functions for floating-point, Q7, Q15, and Q31 data types.
  47:Drivers/CMSIS/DSP/Source/BasicMathFunctions/arm_negate_f32.c ****  */
  48:Drivers/CMSIS/DSP/Source/BasicMathFunctions/arm_negate_f32.c **** 
  49:Drivers/CMSIS/DSP/Source/BasicMathFunctions/arm_negate_f32.c **** /**
  50:Drivers/CMSIS/DSP/Source/BasicMathFunctions/arm_negate_f32.c ****  * @addtogroup negate
  51:Drivers/CMSIS/DSP/Source/BasicMathFunctions/arm_negate_f32.c ****  * @{
  52:Drivers/CMSIS/DSP/Source/BasicMathFunctions/arm_negate_f32.c ****  */
  53:Drivers/CMSIS/DSP/Source/BasicMathFunctions/arm_negate_f32.c **** 
  54:Drivers/CMSIS/DSP/Source/BasicMathFunctions/arm_negate_f32.c **** /**
  55:Drivers/CMSIS/DSP/Source/BasicMathFunctions/arm_negate_f32.c ****  * @brief  Negates the elements of a floating-point vector.
  56:Drivers/CMSIS/DSP/Source/BasicMathFunctions/arm_negate_f32.c ****  * @param[in]  *pSrc points to the input vector
  57:Drivers/CMSIS/DSP/Source/BasicMathFunctions/arm_negate_f32.c ****  * @param[out]  *pDst points to the output vector
  58:Drivers/CMSIS/DSP/Source/BasicMathFunctions/arm_negate_f32.c ****  * @param[in]  blockSize number of samples in the vector
  59:Drivers/CMSIS/DSP/Source/BasicMathFunctions/arm_negate_f32.c ****  * @return none.
  60:Drivers/CMSIS/DSP/Source/BasicMathFunctions/arm_negate_f32.c ****  */
  61:Drivers/CMSIS/DSP/Source/BasicMathFunctions/arm_negate_f32.c **** 
  62:Drivers/CMSIS/DSP/Source/BasicMathFunctions/arm_negate_f32.c **** void arm_negate_f32(
  63:Drivers/CMSIS/DSP/Source/BasicMathFunctions/arm_negate_f32.c ****   float32_t * pSrc,
  64:Drivers/CMSIS/DSP/Source/BasicMathFunctions/arm_negate_f32.c ****   float32_t * pDst,
  65:Drivers/CMSIS/DSP/Source/BasicMathFunctions/arm_negate_f32.c ****   uint32_t blockSize)
  66:Drivers/CMSIS/DSP/Source/BasicMathFunctions/arm_negate_f32.c **** {
  29              		.loc 1 66 1 view -0
  30              		.cfi_startproc
  31              		@ args = 0, pretend = 0, frame = 0
  32              		@ frame_needed = 0, uses_anonymous_args = 0
  33              		@ link register save eliminated.
  67:Drivers/CMSIS/DSP/Source/BasicMathFunctions/arm_negate_f32.c ****   uint32_t blkCnt;                               /* loop counter */
  34              		.loc 1 67 3 view .LVU1
  68:Drivers/CMSIS/DSP/Source/BasicMathFunctions/arm_negate_f32.c **** 
  69:Drivers/CMSIS/DSP/Source/BasicMathFunctions/arm_negate_f32.c **** 
  70:Drivers/CMSIS/DSP/Source/BasicMathFunctions/arm_negate_f32.c **** #if defined (ARM_MATH_DSP)
  71:Drivers/CMSIS/DSP/Source/BasicMathFunctions/arm_negate_f32.c **** 
  72:Drivers/CMSIS/DSP/Source/BasicMathFunctions/arm_negate_f32.c **** /* Run the below code for Cortex-M4 and Cortex-M3 */
  73:Drivers/CMSIS/DSP/Source/BasicMathFunctions/arm_negate_f32.c ****   float32_t in1, in2, in3, in4;                  /* temporary variables */
  35              		.loc 1 73 3 view .LVU2
  74:Drivers/CMSIS/DSP/Source/BasicMathFunctions/arm_negate_f32.c **** 
  75:Drivers/CMSIS/DSP/Source/BasicMathFunctions/arm_negate_f32.c ****   /*loop Unrolling */
  76:Drivers/CMSIS/DSP/Source/BasicMathFunctions/arm_negate_f32.c ****   blkCnt = blockSize >> 2U;
  36              		.loc 1 76 3 view .LVU3
  37              		.loc 1 76 10 is_stmt 0 view .LVU4
  38 0000 9308     		lsrs	r3, r2, #2
  39              	.LVL1:
ARM GAS  /var/folders/n6/c271nzx11xl4r4_m7sqjlt0m0000gn/T//ccNd6R3f.s 			page 3


  77:Drivers/CMSIS/DSP/Source/BasicMathFunctions/arm_negate_f32.c **** 
  78:Drivers/CMSIS/DSP/Source/BasicMathFunctions/arm_negate_f32.c ****   /* First part of the processing with loop unrolling.  Compute 4 outputs at a time.
  79:Drivers/CMSIS/DSP/Source/BasicMathFunctions/arm_negate_f32.c ****    ** a second loop below computes the remaining 1 to 3 samples. */
  80:Drivers/CMSIS/DSP/Source/BasicMathFunctions/arm_negate_f32.c ****   while (blkCnt > 0U)
  40              		.loc 1 80 3 is_stmt 1 view .LVU5
  41              		.loc 1 80 9 is_stmt 0 view .LVU6
  42 0002 1AE0     		b	.L2
  43              	.L3:
  81:Drivers/CMSIS/DSP/Source/BasicMathFunctions/arm_negate_f32.c ****   {
  82:Drivers/CMSIS/DSP/Source/BasicMathFunctions/arm_negate_f32.c ****     /* read inputs from source */
  83:Drivers/CMSIS/DSP/Source/BasicMathFunctions/arm_negate_f32.c ****     in1 = *pSrc;
  44              		.loc 1 83 5 is_stmt 1 view .LVU7
  45              		.loc 1 83 9 is_stmt 0 view .LVU8
  46 0004 90ED006A 		vldr.32	s12, [r0]
  47              	.LVL2:
  84:Drivers/CMSIS/DSP/Source/BasicMathFunctions/arm_negate_f32.c ****     in2 = *(pSrc + 1);
  48              		.loc 1 84 5 is_stmt 1 view .LVU9
  49              		.loc 1 84 9 is_stmt 0 view .LVU10
  50 0008 D0ED016A 		vldr.32	s13, [r0, #4]
  51              	.LVL3:
  85:Drivers/CMSIS/DSP/Source/BasicMathFunctions/arm_negate_f32.c ****     in3 = *(pSrc + 2);
  52              		.loc 1 85 5 is_stmt 1 view .LVU11
  53              		.loc 1 85 9 is_stmt 0 view .LVU12
  54 000c 90ED027A 		vldr.32	s14, [r0, #8]
  55              	.LVL4:
  86:Drivers/CMSIS/DSP/Source/BasicMathFunctions/arm_negate_f32.c ****     in4 = *(pSrc + 3);
  56              		.loc 1 86 5 is_stmt 1 view .LVU13
  57              		.loc 1 86 9 is_stmt 0 view .LVU14
  58 0010 D0ED037A 		vldr.32	s15, [r0, #12]
  59              	.LVL5:
  87:Drivers/CMSIS/DSP/Source/BasicMathFunctions/arm_negate_f32.c **** 
  88:Drivers/CMSIS/DSP/Source/BasicMathFunctions/arm_negate_f32.c ****     /* negate the input */
  89:Drivers/CMSIS/DSP/Source/BasicMathFunctions/arm_negate_f32.c ****     in1 = -in1;
  60              		.loc 1 89 5 is_stmt 1 view .LVU15
  61              		.loc 1 89 9 is_stmt 0 view .LVU16
  62 0014 B1EE466A 		vneg.f32	s12, s12
  63              	.LVL6:
  90:Drivers/CMSIS/DSP/Source/BasicMathFunctions/arm_negate_f32.c ****     in2 = -in2;
  64              		.loc 1 90 5 is_stmt 1 view .LVU17
  65              		.loc 1 90 9 is_stmt 0 view .LVU18
  66 0018 F1EE666A 		vneg.f32	s13, s13
  67              	.LVL7:
  91:Drivers/CMSIS/DSP/Source/BasicMathFunctions/arm_negate_f32.c ****     in3 = -in3;
  68              		.loc 1 91 5 is_stmt 1 view .LVU19
  69              		.loc 1 91 9 is_stmt 0 view .LVU20
  70 001c B1EE477A 		vneg.f32	s14, s14
  71              	.LVL8:
  92:Drivers/CMSIS/DSP/Source/BasicMathFunctions/arm_negate_f32.c ****     in4 = -in4;
  72              		.loc 1 92 5 is_stmt 1 view .LVU21
  73              		.loc 1 92 9 is_stmt 0 view .LVU22
  74 0020 F1EE677A 		vneg.f32	s15, s15
  75              	.LVL9:
  93:Drivers/CMSIS/DSP/Source/BasicMathFunctions/arm_negate_f32.c **** 
  94:Drivers/CMSIS/DSP/Source/BasicMathFunctions/arm_negate_f32.c ****     /* store the result to destination */
  95:Drivers/CMSIS/DSP/Source/BasicMathFunctions/arm_negate_f32.c ****     *pDst = in1;
  76              		.loc 1 95 5 is_stmt 1 view .LVU23
  77              		.loc 1 95 11 is_stmt 0 view .LVU24
ARM GAS  /var/folders/n6/c271nzx11xl4r4_m7sqjlt0m0000gn/T//ccNd6R3f.s 			page 4


  78 0024 81ED006A 		vstr.32	s12, [r1]
  96:Drivers/CMSIS/DSP/Source/BasicMathFunctions/arm_negate_f32.c ****     *(pDst + 1) = in2;
  79              		.loc 1 96 5 is_stmt 1 view .LVU25
  80              		.loc 1 96 17 is_stmt 0 view .LVU26
  81 0028 C1ED016A 		vstr.32	s13, [r1, #4]
  97:Drivers/CMSIS/DSP/Source/BasicMathFunctions/arm_negate_f32.c ****     *(pDst + 2) = in3;
  82              		.loc 1 97 5 is_stmt 1 view .LVU27
  83              		.loc 1 97 17 is_stmt 0 view .LVU28
  84 002c 81ED027A 		vstr.32	s14, [r1, #8]
  98:Drivers/CMSIS/DSP/Source/BasicMathFunctions/arm_negate_f32.c ****     *(pDst + 3) = in4;
  85              		.loc 1 98 5 is_stmt 1 view .LVU29
  86              		.loc 1 98 17 is_stmt 0 view .LVU30
  87 0030 C1ED037A 		vstr.32	s15, [r1, #12]
  99:Drivers/CMSIS/DSP/Source/BasicMathFunctions/arm_negate_f32.c **** 
 100:Drivers/CMSIS/DSP/Source/BasicMathFunctions/arm_negate_f32.c ****     /* update pointers to process next samples */
 101:Drivers/CMSIS/DSP/Source/BasicMathFunctions/arm_negate_f32.c ****     pSrc += 4U;
  88              		.loc 1 101 5 is_stmt 1 view .LVU31
  89              		.loc 1 101 10 is_stmt 0 view .LVU32
  90 0034 1030     		adds	r0, r0, #16
  91              	.LVL10:
 102:Drivers/CMSIS/DSP/Source/BasicMathFunctions/arm_negate_f32.c ****     pDst += 4U;
  92              		.loc 1 102 5 is_stmt 1 view .LVU33
  93              		.loc 1 102 10 is_stmt 0 view .LVU34
  94 0036 1031     		adds	r1, r1, #16
  95              	.LVL11:
 103:Drivers/CMSIS/DSP/Source/BasicMathFunctions/arm_negate_f32.c **** 
 104:Drivers/CMSIS/DSP/Source/BasicMathFunctions/arm_negate_f32.c ****     /* Decrement the loop counter */
 105:Drivers/CMSIS/DSP/Source/BasicMathFunctions/arm_negate_f32.c ****     blkCnt--;
  96              		.loc 1 105 5 is_stmt 1 view .LVU35
  97              		.loc 1 105 11 is_stmt 0 view .LVU36
  98 0038 013B     		subs	r3, r3, #1
  99              	.LVL12:
 100              	.L2:
  80:Drivers/CMSIS/DSP/Source/BasicMathFunctions/arm_negate_f32.c ****   {
 101              		.loc 1 80 17 is_stmt 1 view .LVU37
 102 003a 002B     		cmp	r3, #0
 103 003c E2D1     		bne	.L3
 106:Drivers/CMSIS/DSP/Source/BasicMathFunctions/arm_negate_f32.c ****   }
 107:Drivers/CMSIS/DSP/Source/BasicMathFunctions/arm_negate_f32.c **** 
 108:Drivers/CMSIS/DSP/Source/BasicMathFunctions/arm_negate_f32.c ****   /* If the blockSize is not a multiple of 4, compute any remaining output samples here.
 109:Drivers/CMSIS/DSP/Source/BasicMathFunctions/arm_negate_f32.c ****    ** No loop unrolling is used. */
 110:Drivers/CMSIS/DSP/Source/BasicMathFunctions/arm_negate_f32.c ****   blkCnt = blockSize % 0x4U;
 104              		.loc 1 110 3 view .LVU38
 105              		.loc 1 110 10 is_stmt 0 view .LVU39
 106 003e 02F00302 		and	r2, r2, #3
 107              	.LVL13:
 111:Drivers/CMSIS/DSP/Source/BasicMathFunctions/arm_negate_f32.c **** 
 112:Drivers/CMSIS/DSP/Source/BasicMathFunctions/arm_negate_f32.c **** #else
 113:Drivers/CMSIS/DSP/Source/BasicMathFunctions/arm_negate_f32.c **** 
 114:Drivers/CMSIS/DSP/Source/BasicMathFunctions/arm_negate_f32.c ****   /* Run the below code for Cortex-M0 */
 115:Drivers/CMSIS/DSP/Source/BasicMathFunctions/arm_negate_f32.c **** 
 116:Drivers/CMSIS/DSP/Source/BasicMathFunctions/arm_negate_f32.c ****   /* Initialize blkCnt with number of samples */
 117:Drivers/CMSIS/DSP/Source/BasicMathFunctions/arm_negate_f32.c ****   blkCnt = blockSize;
 118:Drivers/CMSIS/DSP/Source/BasicMathFunctions/arm_negate_f32.c **** 
 119:Drivers/CMSIS/DSP/Source/BasicMathFunctions/arm_negate_f32.c **** #endif /* #if defined (ARM_MATH_DSP) */
 120:Drivers/CMSIS/DSP/Source/BasicMathFunctions/arm_negate_f32.c **** 
 121:Drivers/CMSIS/DSP/Source/BasicMathFunctions/arm_negate_f32.c ****   while (blkCnt > 0U)
ARM GAS  /var/folders/n6/c271nzx11xl4r4_m7sqjlt0m0000gn/T//ccNd6R3f.s 			page 5


 108              		.loc 1 121 3 is_stmt 1 view .LVU40
 109              		.loc 1 121 9 is_stmt 0 view .LVU41
 110 0042 06E0     		b	.L4
 111              	.L5:
 122:Drivers/CMSIS/DSP/Source/BasicMathFunctions/arm_negate_f32.c ****   {
 123:Drivers/CMSIS/DSP/Source/BasicMathFunctions/arm_negate_f32.c ****     /* C = -A */
 124:Drivers/CMSIS/DSP/Source/BasicMathFunctions/arm_negate_f32.c ****     /* Negate and then store the results in the destination buffer. */
 125:Drivers/CMSIS/DSP/Source/BasicMathFunctions/arm_negate_f32.c ****     *pDst++ = -*pSrc++;
 112              		.loc 1 125 5 is_stmt 1 view .LVU42
 113              	.LVL14:
 114              		.loc 1 125 16 is_stmt 0 view .LVU43
 115 0044 F0EC017A 		vldmia.32	r0!, {s15}
 116              	.LVL15:
 117              		.loc 1 125 15 view .LVU44
 118 0048 F1EE677A 		vneg.f32	s15, s15
 119              		.loc 1 125 13 view .LVU45
 120 004c E1EC017A 		vstmia.32	r1!, {s15}
 121              	.LVL16:
 126:Drivers/CMSIS/DSP/Source/BasicMathFunctions/arm_negate_f32.c **** 
 127:Drivers/CMSIS/DSP/Source/BasicMathFunctions/arm_negate_f32.c ****     /* Decrement the loop counter */
 128:Drivers/CMSIS/DSP/Source/BasicMathFunctions/arm_negate_f32.c ****     blkCnt--;
 122              		.loc 1 128 5 is_stmt 1 view .LVU46
 123              		.loc 1 128 11 is_stmt 0 view .LVU47
 124 0050 013A     		subs	r2, r2, #1
 125              	.LVL17:
 126              	.L4:
 121:Drivers/CMSIS/DSP/Source/BasicMathFunctions/arm_negate_f32.c ****   {
 127              		.loc 1 121 17 is_stmt 1 view .LVU48
 128 0052 002A     		cmp	r2, #0
 129 0054 F6D1     		bne	.L5
 129:Drivers/CMSIS/DSP/Source/BasicMathFunctions/arm_negate_f32.c ****   }
 130:Drivers/CMSIS/DSP/Source/BasicMathFunctions/arm_negate_f32.c **** }
 130              		.loc 1 130 1 is_stmt 0 view .LVU49
 131 0056 7047     		bx	lr
 132              		.cfi_endproc
 133              	.LFE135:
 135              		.text
 136              	.Letext0:
 137              		.file 2 "/Users/killian/Library/Application Support/Code/User/globalStorage/bmd.stm32-for-vscode/@
 138              		.file 3 "/Users/killian/Library/Application Support/Code/User/globalStorage/bmd.stm32-for-vscode/@
 139              		.file 4 "Drivers/CMSIS/DSP/Include/arm_math.h"
ARM GAS  /var/folders/n6/c271nzx11xl4r4_m7sqjlt0m0000gn/T//ccNd6R3f.s 			page 6


DEFINED SYMBOLS
                            *ABS*:00000000 arm_negate_f32.c
/var/folders/n6/c271nzx11xl4r4_m7sqjlt0m0000gn/T//ccNd6R3f.s:20     .text.arm_negate_f32:00000000 $t
/var/folders/n6/c271nzx11xl4r4_m7sqjlt0m0000gn/T//ccNd6R3f.s:26     .text.arm_negate_f32:00000000 arm_negate_f32

NO UNDEFINED SYMBOLS
