ARM GAS  /var/folders/n6/c271nzx11xl4r4_m7sqjlt0m0000gn/T//ccoYuK6Q.s 			page 1


   1              		.cpu cortex-m7
   2              		.arch armv7e-m
   3              		.fpu fpv5-d16
   4              		.eabi_attribute 28, 1
   5              		.eabi_attribute 20, 1
   6              		.eabi_attribute 21, 1
   7              		.eabi_attribute 23, 3
   8              		.eabi_attribute 24, 1
   9              		.eabi_attribute 25, 1
  10              		.eabi_attribute 26, 1
  11              		.eabi_attribute 30, 1
  12              		.eabi_attribute 34, 1
  13              		.eabi_attribute 18, 4
  14              		.file	"diskio.c"
  15              		.text
  16              	.Ltext0:
  17              		.cfi_sections	.debug_frame
  18              		.file 1 "Middlewares/Third_Party/FatFs/src/diskio.c"
  19              		.section	.text.disk_status,"ax",%progbits
  20              		.align	1
  21              		.global	disk_status
  22              		.syntax unified
  23              		.thumb
  24              		.thumb_func
  26              	disk_status:
  27              	.LVL0:
  28              	.LFB144:
   1:Middlewares/Third_Party/FatFs/src/diskio.c **** /*-----------------------------------------------------------------------*/
   2:Middlewares/Third_Party/FatFs/src/diskio.c **** /* Low level disk I/O module skeleton for FatFs     (C)ChaN, 2017        */
   3:Middlewares/Third_Party/FatFs/src/diskio.c **** /*                                                                       */
   4:Middlewares/Third_Party/FatFs/src/diskio.c **** /*   Portions COPYRIGHT 2017 STMicroelectronics                          */
   5:Middlewares/Third_Party/FatFs/src/diskio.c **** /*   Portions Copyright (C) 2017, ChaN, all right reserved               */
   6:Middlewares/Third_Party/FatFs/src/diskio.c **** /*-----------------------------------------------------------------------*/
   7:Middlewares/Third_Party/FatFs/src/diskio.c **** /* If a working storage control module is available, it should be        */
   8:Middlewares/Third_Party/FatFs/src/diskio.c **** /* attached to the FatFs via a glue function rather than modifying it.   */
   9:Middlewares/Third_Party/FatFs/src/diskio.c **** /* This is an example of glue functions to attach various existing      */
  10:Middlewares/Third_Party/FatFs/src/diskio.c **** /* storage control modules to the FatFs module with a defined API.       */
  11:Middlewares/Third_Party/FatFs/src/diskio.c **** /*-----------------------------------------------------------------------*/
  12:Middlewares/Third_Party/FatFs/src/diskio.c **** 
  13:Middlewares/Third_Party/FatFs/src/diskio.c **** /* Includes ------------------------------------------------------------------*/
  14:Middlewares/Third_Party/FatFs/src/diskio.c **** #include "diskio.h"
  15:Middlewares/Third_Party/FatFs/src/diskio.c **** #include "ff_gen_drv.h"
  16:Middlewares/Third_Party/FatFs/src/diskio.c **** 
  17:Middlewares/Third_Party/FatFs/src/diskio.c **** #if defined ( __GNUC__ )
  18:Middlewares/Third_Party/FatFs/src/diskio.c **** #ifndef __weak
  19:Middlewares/Third_Party/FatFs/src/diskio.c **** #define __weak __attribute__((weak))
  20:Middlewares/Third_Party/FatFs/src/diskio.c **** #endif
  21:Middlewares/Third_Party/FatFs/src/diskio.c **** #endif
  22:Middlewares/Third_Party/FatFs/src/diskio.c **** 
  23:Middlewares/Third_Party/FatFs/src/diskio.c **** /* Private typedef -----------------------------------------------------------*/
  24:Middlewares/Third_Party/FatFs/src/diskio.c **** /* Private define ------------------------------------------------------------*/
  25:Middlewares/Third_Party/FatFs/src/diskio.c **** /* Private variables ---------------------------------------------------------*/
  26:Middlewares/Third_Party/FatFs/src/diskio.c **** extern Disk_drvTypeDef  disk;
  27:Middlewares/Third_Party/FatFs/src/diskio.c **** 
  28:Middlewares/Third_Party/FatFs/src/diskio.c **** /* Private function prototypes -----------------------------------------------*/
  29:Middlewares/Third_Party/FatFs/src/diskio.c **** /* Private functions ---------------------------------------------------------*/
  30:Middlewares/Third_Party/FatFs/src/diskio.c **** 
ARM GAS  /var/folders/n6/c271nzx11xl4r4_m7sqjlt0m0000gn/T//ccoYuK6Q.s 			page 2


  31:Middlewares/Third_Party/FatFs/src/diskio.c **** /**
  32:Middlewares/Third_Party/FatFs/src/diskio.c ****   * @brief  Gets Disk Status
  33:Middlewares/Third_Party/FatFs/src/diskio.c ****   * @param  pdrv: Physical drive number (0..)
  34:Middlewares/Third_Party/FatFs/src/diskio.c ****   * @retval DSTATUS: Operation status
  35:Middlewares/Third_Party/FatFs/src/diskio.c ****   */
  36:Middlewares/Third_Party/FatFs/src/diskio.c **** DSTATUS disk_status (
  37:Middlewares/Third_Party/FatFs/src/diskio.c **** 	BYTE pdrv		/* Physical drive number to identify the drive */
  38:Middlewares/Third_Party/FatFs/src/diskio.c **** )
  39:Middlewares/Third_Party/FatFs/src/diskio.c **** {
  29              		.loc 1 39 1 view -0
  30              		.cfi_startproc
  31              		@ args = 0, pretend = 0, frame = 0
  32              		@ frame_needed = 0, uses_anonymous_args = 0
  33              		.loc 1 39 1 is_stmt 0 view .LVU1
  34 0000 08B5     		push	{r3, lr}
  35              		.cfi_def_cfa_offset 8
  36              		.cfi_offset 3, -8
  37              		.cfi_offset 14, -4
  40:Middlewares/Third_Party/FatFs/src/diskio.c ****   DSTATUS stat;
  38              		.loc 1 40 3 is_stmt 1 view .LVU2
  41:Middlewares/Third_Party/FatFs/src/diskio.c **** 
  42:Middlewares/Third_Party/FatFs/src/diskio.c ****   stat = disk.drv[pdrv]->disk_status(disk.lun[pdrv]);
  39              		.loc 1 42 3 view .LVU3
  40              		.loc 1 42 18 is_stmt 0 view .LVU4
  41 0002 044B     		ldr	r3, .L3
  42 0004 03EB8002 		add	r2, r3, r0, lsl #2
  43 0008 5268     		ldr	r2, [r2, #4]
  44              		.loc 1 42 24 view .LVU5
  45 000a 5268     		ldr	r2, [r2, #4]
  46              		.loc 1 42 10 view .LVU6
  47 000c 0344     		add	r3, r3, r0
  48 000e 187A     		ldrb	r0, [r3, #8]	@ zero_extendqisi2
  49              	.LVL1:
  50              		.loc 1 42 10 view .LVU7
  51 0010 9047     		blx	r2
  52              	.LVL2:
  43:Middlewares/Third_Party/FatFs/src/diskio.c ****   return stat;
  53              		.loc 1 43 3 is_stmt 1 view .LVU8
  44:Middlewares/Third_Party/FatFs/src/diskio.c **** }
  54              		.loc 1 44 1 is_stmt 0 view .LVU9
  55 0012 08BD     		pop	{r3, pc}
  56              	.L4:
  57              		.align	2
  58              	.L3:
  59 0014 00000000 		.word	disk
  60              		.cfi_endproc
  61              	.LFE144:
  63              		.section	.text.disk_initialize,"ax",%progbits
  64              		.align	1
  65              		.global	disk_initialize
  66              		.syntax unified
  67              		.thumb
  68              		.thumb_func
  70              	disk_initialize:
  71              	.LVL3:
  72              	.LFB145:
  45:Middlewares/Third_Party/FatFs/src/diskio.c **** 
ARM GAS  /var/folders/n6/c271nzx11xl4r4_m7sqjlt0m0000gn/T//ccoYuK6Q.s 			page 3


  46:Middlewares/Third_Party/FatFs/src/diskio.c **** /**
  47:Middlewares/Third_Party/FatFs/src/diskio.c ****   * @brief  Initializes a Drive
  48:Middlewares/Third_Party/FatFs/src/diskio.c ****   * @param  pdrv: Physical drive number (0..)
  49:Middlewares/Third_Party/FatFs/src/diskio.c ****   * @retval DSTATUS: Operation status
  50:Middlewares/Third_Party/FatFs/src/diskio.c ****   */
  51:Middlewares/Third_Party/FatFs/src/diskio.c **** DSTATUS disk_initialize (
  52:Middlewares/Third_Party/FatFs/src/diskio.c **** 	BYTE pdrv				/* Physical drive nmuber to identify the drive */
  53:Middlewares/Third_Party/FatFs/src/diskio.c **** )
  54:Middlewares/Third_Party/FatFs/src/diskio.c **** {
  73              		.loc 1 54 1 is_stmt 1 view -0
  74              		.cfi_startproc
  75              		@ args = 0, pretend = 0, frame = 0
  76              		@ frame_needed = 0, uses_anonymous_args = 0
  77              		.loc 1 54 1 is_stmt 0 view .LVU11
  78 0000 08B5     		push	{r3, lr}
  79              		.cfi_def_cfa_offset 8
  80              		.cfi_offset 3, -8
  81              		.cfi_offset 14, -4
  55:Middlewares/Third_Party/FatFs/src/diskio.c ****   DSTATUS stat = RES_OK;
  82              		.loc 1 55 3 is_stmt 1 view .LVU12
  83              	.LVL4:
  56:Middlewares/Third_Party/FatFs/src/diskio.c **** 
  57:Middlewares/Third_Party/FatFs/src/diskio.c ****   if(disk.is_initialized[pdrv] == 0)
  84              		.loc 1 57 3 view .LVU13
  85              		.loc 1 57 25 is_stmt 0 view .LVU14
  86 0002 084B     		ldr	r3, .L9
  87 0004 1B5C     		ldrb	r3, [r3, r0]	@ zero_extendqisi2
  88              		.loc 1 57 5 view .LVU15
  89 0006 53B9     		cbnz	r3, .L7
  58:Middlewares/Third_Party/FatFs/src/diskio.c ****   {
  59:Middlewares/Third_Party/FatFs/src/diskio.c ****     disk.is_initialized[pdrv] = 1;
  90              		.loc 1 59 5 is_stmt 1 view .LVU16
  91              		.loc 1 59 31 is_stmt 0 view .LVU17
  92 0008 064B     		ldr	r3, .L9
  93 000a 0122     		movs	r2, #1
  94 000c 1A54     		strb	r2, [r3, r0]
  60:Middlewares/Third_Party/FatFs/src/diskio.c ****     stat = disk.drv[pdrv]->disk_initialize(disk.lun[pdrv]);
  95              		.loc 1 60 5 is_stmt 1 view .LVU18
  96              		.loc 1 60 20 is_stmt 0 view .LVU19
  97 000e 03EB8002 		add	r2, r3, r0, lsl #2
  98 0012 5268     		ldr	r2, [r2, #4]
  99              		.loc 1 60 26 view .LVU20
 100 0014 1268     		ldr	r2, [r2]
 101              		.loc 1 60 12 view .LVU21
 102 0016 0344     		add	r3, r3, r0
 103 0018 187A     		ldrb	r0, [r3, #8]	@ zero_extendqisi2
 104              	.LVL5:
 105              		.loc 1 60 12 view .LVU22
 106 001a 9047     		blx	r2
 107              	.LVL6:
 108              	.L6:
  61:Middlewares/Third_Party/FatFs/src/diskio.c ****   }
  62:Middlewares/Third_Party/FatFs/src/diskio.c ****   return stat;
 109              		.loc 1 62 3 is_stmt 1 view .LVU23
  63:Middlewares/Third_Party/FatFs/src/diskio.c **** }
 110              		.loc 1 63 1 is_stmt 0 view .LVU24
 111 001c 08BD     		pop	{r3, pc}
ARM GAS  /var/folders/n6/c271nzx11xl4r4_m7sqjlt0m0000gn/T//ccoYuK6Q.s 			page 4


 112              	.LVL7:
 113              	.L7:
  55:Middlewares/Third_Party/FatFs/src/diskio.c **** 
 114              		.loc 1 55 11 view .LVU25
 115 001e 0020     		movs	r0, #0
 116              	.LVL8:
  55:Middlewares/Third_Party/FatFs/src/diskio.c **** 
 117              		.loc 1 55 11 view .LVU26
 118 0020 FCE7     		b	.L6
 119              	.L10:
 120 0022 00BF     		.align	2
 121              	.L9:
 122 0024 00000000 		.word	disk
 123              		.cfi_endproc
 124              	.LFE145:
 126              		.section	.text.disk_read,"ax",%progbits
 127              		.align	1
 128              		.global	disk_read
 129              		.syntax unified
 130              		.thumb
 131              		.thumb_func
 133              	disk_read:
 134              	.LVL9:
 135              	.LFB146:
  64:Middlewares/Third_Party/FatFs/src/diskio.c **** 
  65:Middlewares/Third_Party/FatFs/src/diskio.c **** /**
  66:Middlewares/Third_Party/FatFs/src/diskio.c ****   * @brief  Reads Sector(s)
  67:Middlewares/Third_Party/FatFs/src/diskio.c ****   * @param  pdrv: Physical drive number (0..)
  68:Middlewares/Third_Party/FatFs/src/diskio.c ****   * @param  *buff: Data buffer to store read data
  69:Middlewares/Third_Party/FatFs/src/diskio.c ****   * @param  sector: Sector address (LBA)
  70:Middlewares/Third_Party/FatFs/src/diskio.c ****   * @param  count: Number of sectors to read (1..128)
  71:Middlewares/Third_Party/FatFs/src/diskio.c ****   * @retval DRESULT: Operation result
  72:Middlewares/Third_Party/FatFs/src/diskio.c ****   */
  73:Middlewares/Third_Party/FatFs/src/diskio.c **** DRESULT disk_read (
  74:Middlewares/Third_Party/FatFs/src/diskio.c **** 	BYTE pdrv,		/* Physical drive nmuber to identify the drive */
  75:Middlewares/Third_Party/FatFs/src/diskio.c **** 	BYTE *buff,		/* Data buffer to store read data */
  76:Middlewares/Third_Party/FatFs/src/diskio.c **** 	DWORD sector,	        /* Sector address in LBA */
  77:Middlewares/Third_Party/FatFs/src/diskio.c **** 	UINT count		/* Number of sectors to read */
  78:Middlewares/Third_Party/FatFs/src/diskio.c **** )
  79:Middlewares/Third_Party/FatFs/src/diskio.c **** {
 136              		.loc 1 79 1 is_stmt 1 view -0
 137              		.cfi_startproc
 138              		@ args = 0, pretend = 0, frame = 0
 139              		@ frame_needed = 0, uses_anonymous_args = 0
 140              		.loc 1 79 1 is_stmt 0 view .LVU28
 141 0000 38B5     		push	{r3, r4, r5, lr}
 142              		.cfi_def_cfa_offset 16
 143              		.cfi_offset 3, -16
 144              		.cfi_offset 4, -12
 145              		.cfi_offset 5, -8
 146              		.cfi_offset 14, -4
  80:Middlewares/Third_Party/FatFs/src/diskio.c ****   DRESULT res;
 147              		.loc 1 80 3 is_stmt 1 view .LVU29
  81:Middlewares/Third_Party/FatFs/src/diskio.c **** 
  82:Middlewares/Third_Party/FatFs/src/diskio.c ****   res = disk.drv[pdrv]->disk_read(disk.lun[pdrv], buff, sector, count);
 148              		.loc 1 82 3 view .LVU30
 149              		.loc 1 82 17 is_stmt 0 view .LVU31
ARM GAS  /var/folders/n6/c271nzx11xl4r4_m7sqjlt0m0000gn/T//ccoYuK6Q.s 			page 5


 150 0002 044C     		ldr	r4, .L13
 151 0004 04EB8005 		add	r5, r4, r0, lsl #2
 152 0008 6D68     		ldr	r5, [r5, #4]
 153              		.loc 1 82 23 view .LVU32
 154 000a AD68     		ldr	r5, [r5, #8]
 155              		.loc 1 82 9 view .LVU33
 156 000c 0444     		add	r4, r4, r0
 157 000e 207A     		ldrb	r0, [r4, #8]	@ zero_extendqisi2
 158              	.LVL10:
 159              		.loc 1 82 9 view .LVU34
 160 0010 A847     		blx	r5
 161              	.LVL11:
  83:Middlewares/Third_Party/FatFs/src/diskio.c ****   return res;
 162              		.loc 1 83 3 is_stmt 1 view .LVU35
  84:Middlewares/Third_Party/FatFs/src/diskio.c **** }
 163              		.loc 1 84 1 is_stmt 0 view .LVU36
 164 0012 38BD     		pop	{r3, r4, r5, pc}
 165              	.L14:
 166              		.align	2
 167              	.L13:
 168 0014 00000000 		.word	disk
 169              		.cfi_endproc
 170              	.LFE146:
 172              		.section	.text.disk_write,"ax",%progbits
 173              		.align	1
 174              		.global	disk_write
 175              		.syntax unified
 176              		.thumb
 177              		.thumb_func
 179              	disk_write:
 180              	.LVL12:
 181              	.LFB147:
  85:Middlewares/Third_Party/FatFs/src/diskio.c **** 
  86:Middlewares/Third_Party/FatFs/src/diskio.c **** /**
  87:Middlewares/Third_Party/FatFs/src/diskio.c ****   * @brief  Writes Sector(s)
  88:Middlewares/Third_Party/FatFs/src/diskio.c ****   * @param  pdrv: Physical drive number (0..)
  89:Middlewares/Third_Party/FatFs/src/diskio.c ****   * @param  *buff: Data to be written
  90:Middlewares/Third_Party/FatFs/src/diskio.c ****   * @param  sector: Sector address (LBA)
  91:Middlewares/Third_Party/FatFs/src/diskio.c ****   * @param  count: Number of sectors to write (1..128)
  92:Middlewares/Third_Party/FatFs/src/diskio.c ****   * @retval DRESULT: Operation result
  93:Middlewares/Third_Party/FatFs/src/diskio.c ****   */
  94:Middlewares/Third_Party/FatFs/src/diskio.c **** #if _USE_WRITE == 1
  95:Middlewares/Third_Party/FatFs/src/diskio.c **** DRESULT disk_write (
  96:Middlewares/Third_Party/FatFs/src/diskio.c **** 	BYTE pdrv,		/* Physical drive nmuber to identify the drive */
  97:Middlewares/Third_Party/FatFs/src/diskio.c **** 	const BYTE *buff,	/* Data to be written */
  98:Middlewares/Third_Party/FatFs/src/diskio.c **** 	DWORD sector,		/* Sector address in LBA */
  99:Middlewares/Third_Party/FatFs/src/diskio.c **** 	UINT count        	/* Number of sectors to write */
 100:Middlewares/Third_Party/FatFs/src/diskio.c **** )
 101:Middlewares/Third_Party/FatFs/src/diskio.c **** {
 182              		.loc 1 101 1 is_stmt 1 view -0
 183              		.cfi_startproc
 184              		@ args = 0, pretend = 0, frame = 0
 185              		@ frame_needed = 0, uses_anonymous_args = 0
 186              		.loc 1 101 1 is_stmt 0 view .LVU38
 187 0000 38B5     		push	{r3, r4, r5, lr}
 188              		.cfi_def_cfa_offset 16
 189              		.cfi_offset 3, -16
ARM GAS  /var/folders/n6/c271nzx11xl4r4_m7sqjlt0m0000gn/T//ccoYuK6Q.s 			page 6


 190              		.cfi_offset 4, -12
 191              		.cfi_offset 5, -8
 192              		.cfi_offset 14, -4
 102:Middlewares/Third_Party/FatFs/src/diskio.c ****   DRESULT res;
 193              		.loc 1 102 3 is_stmt 1 view .LVU39
 103:Middlewares/Third_Party/FatFs/src/diskio.c **** 
 104:Middlewares/Third_Party/FatFs/src/diskio.c ****   res = disk.drv[pdrv]->disk_write(disk.lun[pdrv], buff, sector, count);
 194              		.loc 1 104 3 view .LVU40
 195              		.loc 1 104 17 is_stmt 0 view .LVU41
 196 0002 044C     		ldr	r4, .L17
 197 0004 04EB8005 		add	r5, r4, r0, lsl #2
 198 0008 6D68     		ldr	r5, [r5, #4]
 199              		.loc 1 104 23 view .LVU42
 200 000a ED68     		ldr	r5, [r5, #12]
 201              		.loc 1 104 9 view .LVU43
 202 000c 0444     		add	r4, r4, r0
 203 000e 207A     		ldrb	r0, [r4, #8]	@ zero_extendqisi2
 204              	.LVL13:
 205              		.loc 1 104 9 view .LVU44
 206 0010 A847     		blx	r5
 207              	.LVL14:
 105:Middlewares/Third_Party/FatFs/src/diskio.c ****   return res;
 208              		.loc 1 105 3 is_stmt 1 view .LVU45
 106:Middlewares/Third_Party/FatFs/src/diskio.c **** }
 209              		.loc 1 106 1 is_stmt 0 view .LVU46
 210 0012 38BD     		pop	{r3, r4, r5, pc}
 211              	.L18:
 212              		.align	2
 213              	.L17:
 214 0014 00000000 		.word	disk
 215              		.cfi_endproc
 216              	.LFE147:
 218              		.section	.text.disk_ioctl,"ax",%progbits
 219              		.align	1
 220              		.global	disk_ioctl
 221              		.syntax unified
 222              		.thumb
 223              		.thumb_func
 225              	disk_ioctl:
 226              	.LVL15:
 227              	.LFB148:
 107:Middlewares/Third_Party/FatFs/src/diskio.c **** #endif /* _USE_WRITE == 1 */
 108:Middlewares/Third_Party/FatFs/src/diskio.c **** 
 109:Middlewares/Third_Party/FatFs/src/diskio.c **** /**
 110:Middlewares/Third_Party/FatFs/src/diskio.c ****   * @brief  I/O control operation
 111:Middlewares/Third_Party/FatFs/src/diskio.c ****   * @param  pdrv: Physical drive number (0..)
 112:Middlewares/Third_Party/FatFs/src/diskio.c ****   * @param  cmd: Control code
 113:Middlewares/Third_Party/FatFs/src/diskio.c ****   * @param  *buff: Buffer to send/receive control data
 114:Middlewares/Third_Party/FatFs/src/diskio.c ****   * @retval DRESULT: Operation result
 115:Middlewares/Third_Party/FatFs/src/diskio.c ****   */
 116:Middlewares/Third_Party/FatFs/src/diskio.c **** #if _USE_IOCTL == 1
 117:Middlewares/Third_Party/FatFs/src/diskio.c **** DRESULT disk_ioctl (
 118:Middlewares/Third_Party/FatFs/src/diskio.c **** 	BYTE pdrv,		/* Physical drive nmuber (0..) */
 119:Middlewares/Third_Party/FatFs/src/diskio.c **** 	BYTE cmd,		/* Control code */
 120:Middlewares/Third_Party/FatFs/src/diskio.c **** 	void *buff		/* Buffer to send/receive control data */
 121:Middlewares/Third_Party/FatFs/src/diskio.c **** )
 122:Middlewares/Third_Party/FatFs/src/diskio.c **** {
ARM GAS  /var/folders/n6/c271nzx11xl4r4_m7sqjlt0m0000gn/T//ccoYuK6Q.s 			page 7


 228              		.loc 1 122 1 is_stmt 1 view -0
 229              		.cfi_startproc
 230              		@ args = 0, pretend = 0, frame = 0
 231              		@ frame_needed = 0, uses_anonymous_args = 0
 232              		.loc 1 122 1 is_stmt 0 view .LVU48
 233 0000 10B5     		push	{r4, lr}
 234              		.cfi_def_cfa_offset 8
 235              		.cfi_offset 4, -8
 236              		.cfi_offset 14, -4
 123:Middlewares/Third_Party/FatFs/src/diskio.c ****   DRESULT res;
 237              		.loc 1 123 3 is_stmt 1 view .LVU49
 124:Middlewares/Third_Party/FatFs/src/diskio.c **** 
 125:Middlewares/Third_Party/FatFs/src/diskio.c ****   res = disk.drv[pdrv]->disk_ioctl(disk.lun[pdrv], cmd, buff);
 238              		.loc 1 125 3 view .LVU50
 239              		.loc 1 125 17 is_stmt 0 view .LVU51
 240 0002 044B     		ldr	r3, .L21
 241 0004 03EB8004 		add	r4, r3, r0, lsl #2
 242 0008 6468     		ldr	r4, [r4, #4]
 243              		.loc 1 125 23 view .LVU52
 244 000a 2469     		ldr	r4, [r4, #16]
 245              		.loc 1 125 9 view .LVU53
 246 000c 0344     		add	r3, r3, r0
 247 000e 187A     		ldrb	r0, [r3, #8]	@ zero_extendqisi2
 248              	.LVL16:
 249              		.loc 1 125 9 view .LVU54
 250 0010 A047     		blx	r4
 251              	.LVL17:
 126:Middlewares/Third_Party/FatFs/src/diskio.c ****   return res;
 252              		.loc 1 126 3 is_stmt 1 view .LVU55
 127:Middlewares/Third_Party/FatFs/src/diskio.c **** }
 253              		.loc 1 127 1 is_stmt 0 view .LVU56
 254 0012 10BD     		pop	{r4, pc}
 255              	.L22:
 256              		.align	2
 257              	.L21:
 258 0014 00000000 		.word	disk
 259              		.cfi_endproc
 260              	.LFE148:
 262              		.section	.text.get_fattime,"ax",%progbits
 263              		.align	1
 264              		.weak	get_fattime
 265              		.syntax unified
 266              		.thumb
 267              		.thumb_func
 269              	get_fattime:
 270              	.LFB149:
 128:Middlewares/Third_Party/FatFs/src/diskio.c **** #endif /* _USE_IOCTL == 1 */
 129:Middlewares/Third_Party/FatFs/src/diskio.c **** 
 130:Middlewares/Third_Party/FatFs/src/diskio.c **** /**
 131:Middlewares/Third_Party/FatFs/src/diskio.c ****   * @brief  Gets Time from RTC
 132:Middlewares/Third_Party/FatFs/src/diskio.c ****   * @param  None
 133:Middlewares/Third_Party/FatFs/src/diskio.c ****   * @retval Time in DWORD
 134:Middlewares/Third_Party/FatFs/src/diskio.c ****   */
 135:Middlewares/Third_Party/FatFs/src/diskio.c **** __weak DWORD get_fattime (void)
 136:Middlewares/Third_Party/FatFs/src/diskio.c **** {
 271              		.loc 1 136 1 is_stmt 1 view -0
 272              		.cfi_startproc
ARM GAS  /var/folders/n6/c271nzx11xl4r4_m7sqjlt0m0000gn/T//ccoYuK6Q.s 			page 8


 273              		@ args = 0, pretend = 0, frame = 0
 274              		@ frame_needed = 0, uses_anonymous_args = 0
 275              		@ link register save eliminated.
 137:Middlewares/Third_Party/FatFs/src/diskio.c ****   return 0;
 276              		.loc 1 137 3 view .LVU58
 138:Middlewares/Third_Party/FatFs/src/diskio.c **** }
 277              		.loc 1 138 1 is_stmt 0 view .LVU59
 278 0000 0020     		movs	r0, #0
 279 0002 7047     		bx	lr
 280              		.cfi_endproc
 281              	.LFE149:
 283              		.text
 284              	.Letext0:
 285              		.file 2 "Middlewares/Third_Party/FatFs/src/integer.h"
 286              		.file 3 "Middlewares/Third_Party/FatFs/src/diskio.h"
 287              		.file 4 "/Users/killian/Library/Application Support/Code/User/globalStorage/bmd.stm32-for-vscode/@
 288              		.file 5 "/Users/killian/Library/Application Support/Code/User/globalStorage/bmd.stm32-for-vscode/@
 289              		.file 6 "Middlewares/Third_Party/FatFs/src/ff_gen_drv.h"
ARM GAS  /var/folders/n6/c271nzx11xl4r4_m7sqjlt0m0000gn/T//ccoYuK6Q.s 			page 9


DEFINED SYMBOLS
                            *ABS*:00000000 diskio.c
/var/folders/n6/c271nzx11xl4r4_m7sqjlt0m0000gn/T//ccoYuK6Q.s:20     .text.disk_status:00000000 $t
/var/folders/n6/c271nzx11xl4r4_m7sqjlt0m0000gn/T//ccoYuK6Q.s:26     .text.disk_status:00000000 disk_status
/var/folders/n6/c271nzx11xl4r4_m7sqjlt0m0000gn/T//ccoYuK6Q.s:59     .text.disk_status:00000014 $d
/var/folders/n6/c271nzx11xl4r4_m7sqjlt0m0000gn/T//ccoYuK6Q.s:64     .text.disk_initialize:00000000 $t
/var/folders/n6/c271nzx11xl4r4_m7sqjlt0m0000gn/T//ccoYuK6Q.s:70     .text.disk_initialize:00000000 disk_initialize
/var/folders/n6/c271nzx11xl4r4_m7sqjlt0m0000gn/T//ccoYuK6Q.s:122    .text.disk_initialize:00000024 $d
/var/folders/n6/c271nzx11xl4r4_m7sqjlt0m0000gn/T//ccoYuK6Q.s:127    .text.disk_read:00000000 $t
/var/folders/n6/c271nzx11xl4r4_m7sqjlt0m0000gn/T//ccoYuK6Q.s:133    .text.disk_read:00000000 disk_read
/var/folders/n6/c271nzx11xl4r4_m7sqjlt0m0000gn/T//ccoYuK6Q.s:168    .text.disk_read:00000014 $d
/var/folders/n6/c271nzx11xl4r4_m7sqjlt0m0000gn/T//ccoYuK6Q.s:173    .text.disk_write:00000000 $t
/var/folders/n6/c271nzx11xl4r4_m7sqjlt0m0000gn/T//ccoYuK6Q.s:179    .text.disk_write:00000000 disk_write
/var/folders/n6/c271nzx11xl4r4_m7sqjlt0m0000gn/T//ccoYuK6Q.s:214    .text.disk_write:00000014 $d
/var/folders/n6/c271nzx11xl4r4_m7sqjlt0m0000gn/T//ccoYuK6Q.s:219    .text.disk_ioctl:00000000 $t
/var/folders/n6/c271nzx11xl4r4_m7sqjlt0m0000gn/T//ccoYuK6Q.s:225    .text.disk_ioctl:00000000 disk_ioctl
/var/folders/n6/c271nzx11xl4r4_m7sqjlt0m0000gn/T//ccoYuK6Q.s:258    .text.disk_ioctl:00000014 $d
/var/folders/n6/c271nzx11xl4r4_m7sqjlt0m0000gn/T//ccoYuK6Q.s:263    .text.get_fattime:00000000 $t
/var/folders/n6/c271nzx11xl4r4_m7sqjlt0m0000gn/T//ccoYuK6Q.s:269    .text.get_fattime:00000000 get_fattime

UNDEFINED SYMBOLS
disk
