ARM GAS  /var/folders/n6/c271nzx11xl4r4_m7sqjlt0m0000gn/T//ccvQO0M0.s 			page 1


   1              		.cpu cortex-m7
   2              		.arch armv7e-m
   3              		.fpu fpv5-d16
   4              		.eabi_attribute 28, 1
   5              		.eabi_attribute 20, 1
   6              		.eabi_attribute 21, 1
   7              		.eabi_attribute 23, 3
   8              		.eabi_attribute 24, 1
   9              		.eabi_attribute 25, 1
  10              		.eabi_attribute 26, 1
  11              		.eabi_attribute 30, 1
  12              		.eabi_attribute 34, 1
  13              		.eabi_attribute 18, 4
  14              		.file	"ff_gen_drv.c"
  15              		.text
  16              	.Ltext0:
  17              		.cfi_sections	.debug_frame
  18              		.file 1 "Middlewares/Third_Party/FatFs/src/ff_gen_drv.c"
  19              		.section	.text.FATFS_LinkDriverEx,"ax",%progbits
  20              		.align	1
  21              		.global	FATFS_LinkDriverEx
  22              		.syntax unified
  23              		.thumb
  24              		.thumb_func
  26              	FATFS_LinkDriverEx:
  27              	.LVL0:
  28              	.LFB144:
   1:Middlewares/Third_Party/FatFs/src/ff_gen_drv.c **** /**
   2:Middlewares/Third_Party/FatFs/src/ff_gen_drv.c ****   ******************************************************************************
   3:Middlewares/Third_Party/FatFs/src/ff_gen_drv.c ****   * @file    ff_gen_drv.c
   4:Middlewares/Third_Party/FatFs/src/ff_gen_drv.c ****   * @author  MCD Application Team
   5:Middlewares/Third_Party/FatFs/src/ff_gen_drv.c ****   * @brief   FatFs generic low level driver.
   6:Middlewares/Third_Party/FatFs/src/ff_gen_drv.c ****   *****************************************************************************
   7:Middlewares/Third_Party/FatFs/src/ff_gen_drv.c ****   * @attention
   8:Middlewares/Third_Party/FatFs/src/ff_gen_drv.c ****   *
   9:Middlewares/Third_Party/FatFs/src/ff_gen_drv.c ****   * Copyright (c) 2017 STMicroelectronics. All rights reserved.
  10:Middlewares/Third_Party/FatFs/src/ff_gen_drv.c ****   *
  11:Middlewares/Third_Party/FatFs/src/ff_gen_drv.c ****   * This software component is licensed by ST under BSD 3-Clause license,
  12:Middlewares/Third_Party/FatFs/src/ff_gen_drv.c ****   * the "License"; You may not use this file except in compliance with the
  13:Middlewares/Third_Party/FatFs/src/ff_gen_drv.c ****   * License. You may obtain a copy of the License at:
  14:Middlewares/Third_Party/FatFs/src/ff_gen_drv.c ****   *                       opensource.org/licenses/BSD-3-Clause
  15:Middlewares/Third_Party/FatFs/src/ff_gen_drv.c ****   *
  16:Middlewares/Third_Party/FatFs/src/ff_gen_drv.c ****   ******************************************************************************
  17:Middlewares/Third_Party/FatFs/src/ff_gen_drv.c **** **/
  18:Middlewares/Third_Party/FatFs/src/ff_gen_drv.c **** /* Includes ------------------------------------------------------------------*/
  19:Middlewares/Third_Party/FatFs/src/ff_gen_drv.c **** #include "ff_gen_drv.h"
  20:Middlewares/Third_Party/FatFs/src/ff_gen_drv.c **** 
  21:Middlewares/Third_Party/FatFs/src/ff_gen_drv.c **** /* Private typedef -----------------------------------------------------------*/
  22:Middlewares/Third_Party/FatFs/src/ff_gen_drv.c **** /* Private define ------------------------------------------------------------*/
  23:Middlewares/Third_Party/FatFs/src/ff_gen_drv.c **** /* Private variables ---------------------------------------------------------*/
  24:Middlewares/Third_Party/FatFs/src/ff_gen_drv.c **** Disk_drvTypeDef disk = {{0},{0},{0},0};
  25:Middlewares/Third_Party/FatFs/src/ff_gen_drv.c **** 
  26:Middlewares/Third_Party/FatFs/src/ff_gen_drv.c **** /* Private function prototypes -----------------------------------------------*/
  27:Middlewares/Third_Party/FatFs/src/ff_gen_drv.c **** /* Private functions ---------------------------------------------------------*/
  28:Middlewares/Third_Party/FatFs/src/ff_gen_drv.c **** 
  29:Middlewares/Third_Party/FatFs/src/ff_gen_drv.c **** /**
  30:Middlewares/Third_Party/FatFs/src/ff_gen_drv.c ****   * @brief  Links a compatible diskio driver/lun id and increments the number of active
ARM GAS  /var/folders/n6/c271nzx11xl4r4_m7sqjlt0m0000gn/T//ccvQO0M0.s 			page 2


  31:Middlewares/Third_Party/FatFs/src/ff_gen_drv.c ****   *         linked drivers.
  32:Middlewares/Third_Party/FatFs/src/ff_gen_drv.c ****   * @note   The number of linked drivers (volumes) is up to 10 due to FatFs limits.
  33:Middlewares/Third_Party/FatFs/src/ff_gen_drv.c ****   * @param  drv: pointer to the disk IO Driver structure
  34:Middlewares/Third_Party/FatFs/src/ff_gen_drv.c ****   * @param  path: pointer to the logical drive path
  35:Middlewares/Third_Party/FatFs/src/ff_gen_drv.c ****   * @param  lun : only used for USB Key Disk to add multi-lun management
  36:Middlewares/Third_Party/FatFs/src/ff_gen_drv.c ****             else the parameter must be equal to 0
  37:Middlewares/Third_Party/FatFs/src/ff_gen_drv.c ****   * @retval Returns 0 in case of success, otherwise 1.
  38:Middlewares/Third_Party/FatFs/src/ff_gen_drv.c ****   */
  39:Middlewares/Third_Party/FatFs/src/ff_gen_drv.c **** uint8_t FATFS_LinkDriverEx(const Diskio_drvTypeDef *drv, char *path, uint8_t lun)
  40:Middlewares/Third_Party/FatFs/src/ff_gen_drv.c **** {
  29              		.loc 1 40 1 view -0
  30              		.cfi_startproc
  31              		@ args = 0, pretend = 0, frame = 0
  32              		@ frame_needed = 0, uses_anonymous_args = 0
  41:Middlewares/Third_Party/FatFs/src/ff_gen_drv.c ****   uint8_t ret = 1;
  33              		.loc 1 41 3 view .LVU1
  42:Middlewares/Third_Party/FatFs/src/ff_gen_drv.c ****   uint8_t DiskNum = 0;
  34              		.loc 1 42 3 view .LVU2
  43:Middlewares/Third_Party/FatFs/src/ff_gen_drv.c **** 
  44:Middlewares/Third_Party/FatFs/src/ff_gen_drv.c ****   if(disk.nbr < _VOLUMES)
  35              		.loc 1 44 3 view .LVU3
  36              		.loc 1 44 10 is_stmt 0 view .LVU4
  37 0000 134B     		ldr	r3, .L8
  38 0002 5B7A     		ldrb	r3, [r3, #9]	@ zero_extendqisi2
  39              		.loc 1 44 5 view .LVU5
  40 0004 13BB     		cbnz	r3, .L3
  40:Middlewares/Third_Party/FatFs/src/ff_gen_drv.c ****   uint8_t ret = 1;
  41              		.loc 1 40 1 view .LVU6
  42 0006 10B5     		push	{r4, lr}
  43              		.cfi_def_cfa_offset 8
  44              		.cfi_offset 4, -8
  45              		.cfi_offset 14, -4
  46 0008 0446     		mov	r4, r0
  47 000a 03F0FF00 		and	r0, r3, #255
  48              	.LVL1:
  45:Middlewares/Third_Party/FatFs/src/ff_gen_drv.c ****   {
  46:Middlewares/Third_Party/FatFs/src/ff_gen_drv.c ****     disk.is_initialized[disk.nbr] = 0;
  49              		.loc 1 46 5 is_stmt 1 view .LVU7
  50              		.loc 1 46 29 is_stmt 0 view .LVU8
  51 000e 104B     		ldr	r3, .L8
  52 0010 93F809C0 		ldrb	ip, [r3, #9]	@ zero_extendqisi2
  53 0014 5FFA8CFC 		uxtb	ip, ip
  54              		.loc 1 46 35 view .LVU9
  55 0018 4FF0000E 		mov	lr, #0
  56 001c 03F80CE0 		strb	lr, [r3, ip]
  47:Middlewares/Third_Party/FatFs/src/ff_gen_drv.c ****     disk.drv[disk.nbr] = drv;
  57              		.loc 1 47 5 is_stmt 1 view .LVU10
  58              		.loc 1 47 18 is_stmt 0 view .LVU11
  59 0020 93F809C0 		ldrb	ip, [r3, #9]	@ zero_extendqisi2
  60              		.loc 1 47 24 view .LVU12
  61 0024 03EB8C0C 		add	ip, r3, ip, lsl #2
  62 0028 CCF80440 		str	r4, [ip, #4]
  48:Middlewares/Third_Party/FatFs/src/ff_gen_drv.c ****     disk.lun[disk.nbr] = lun;
  63              		.loc 1 48 5 is_stmt 1 view .LVU13
  64              		.loc 1 48 18 is_stmt 0 view .LVU14
  65 002c 5C7A     		ldrb	r4, [r3, #9]	@ zero_extendqisi2
  66              	.LVL2:
ARM GAS  /var/folders/n6/c271nzx11xl4r4_m7sqjlt0m0000gn/T//ccvQO0M0.s 			page 3


  67              		.loc 1 48 24 view .LVU15
  68 002e 1C44     		add	r4, r4, r3
  69 0030 2272     		strb	r2, [r4, #8]
  49:Middlewares/Third_Party/FatFs/src/ff_gen_drv.c ****     DiskNum = disk.nbr++;
  70              		.loc 1 49 5 is_stmt 1 view .LVU16
  71              		.loc 1 49 19 is_stmt 0 view .LVU17
  72 0032 5A7A     		ldrb	r2, [r3, #9]	@ zero_extendqisi2
  73              	.LVL3:
  74              		.loc 1 49 23 view .LVU18
  75 0034 541C     		adds	r4, r2, #1
  76              	.LVL4:
  77              		.loc 1 49 23 view .LVU19
  78 0036 E4B2     		uxtb	r4, r4
  79 0038 5C72     		strb	r4, [r3, #9]
  80              	.LVL5:
  50:Middlewares/Third_Party/FatFs/src/ff_gen_drv.c ****     path[0] = DiskNum + '0';
  81              		.loc 1 50 5 is_stmt 1 view .LVU20
  82              		.loc 1 50 23 is_stmt 0 view .LVU21
  83 003a 3032     		adds	r2, r2, #48
  84              	.LVL6:
  85              		.loc 1 50 13 view .LVU22
  86 003c 0A70     		strb	r2, [r1]
  87              	.LVL7:
  51:Middlewares/Third_Party/FatFs/src/ff_gen_drv.c ****     path[1] = ':';
  88              		.loc 1 51 5 is_stmt 1 view .LVU23
  89              		.loc 1 51 13 is_stmt 0 view .LVU24
  90 003e 3A23     		movs	r3, #58
  91 0040 4B70     		strb	r3, [r1, #1]
  52:Middlewares/Third_Party/FatFs/src/ff_gen_drv.c ****     path[2] = '/';
  92              		.loc 1 52 5 is_stmt 1 view .LVU25
  93              		.loc 1 52 13 is_stmt 0 view .LVU26
  94 0042 2F23     		movs	r3, #47
  95 0044 8B70     		strb	r3, [r1, #2]
  53:Middlewares/Third_Party/FatFs/src/ff_gen_drv.c ****     path[3] = 0;
  96              		.loc 1 53 5 is_stmt 1 view .LVU27
  97              		.loc 1 53 13 is_stmt 0 view .LVU28
  98 0046 81F803E0 		strb	lr, [r1, #3]
  54:Middlewares/Third_Party/FatFs/src/ff_gen_drv.c ****     ret = 0;
  99              		.loc 1 54 5 is_stmt 1 view .LVU29
 100              	.LVL8:
  55:Middlewares/Third_Party/FatFs/src/ff_gen_drv.c ****   }
  56:Middlewares/Third_Party/FatFs/src/ff_gen_drv.c **** 
  57:Middlewares/Third_Party/FatFs/src/ff_gen_drv.c ****   return ret;
 101              		.loc 1 57 3 view .LVU30
  58:Middlewares/Third_Party/FatFs/src/ff_gen_drv.c **** }
 102              		.loc 1 58 1 is_stmt 0 view .LVU31
 103 004a 10BD     		pop	{r4, pc}
 104              	.LVL9:
 105              	.L3:
 106              		.cfi_def_cfa_offset 0
 107              		.cfi_restore 4
 108              		.cfi_restore 14
  41:Middlewares/Third_Party/FatFs/src/ff_gen_drv.c ****   uint8_t DiskNum = 0;
 109              		.loc 1 41 11 view .LVU32
 110 004c 0120     		movs	r0, #1
 111              	.LVL10:
  57:Middlewares/Third_Party/FatFs/src/ff_gen_drv.c **** }
ARM GAS  /var/folders/n6/c271nzx11xl4r4_m7sqjlt0m0000gn/T//ccvQO0M0.s 			page 4


 112              		.loc 1 57 3 is_stmt 1 view .LVU33
 113              		.loc 1 58 1 is_stmt 0 view .LVU34
 114 004e 7047     		bx	lr
 115              	.L9:
 116              		.align	2
 117              	.L8:
 118 0050 00000000 		.word	disk
 119              		.cfi_endproc
 120              	.LFE144:
 122              		.section	.text.FATFS_LinkDriver,"ax",%progbits
 123              		.align	1
 124              		.global	FATFS_LinkDriver
 125              		.syntax unified
 126              		.thumb
 127              		.thumb_func
 129              	FATFS_LinkDriver:
 130              	.LVL11:
 131              	.LFB145:
  59:Middlewares/Third_Party/FatFs/src/ff_gen_drv.c **** 
  60:Middlewares/Third_Party/FatFs/src/ff_gen_drv.c **** /**
  61:Middlewares/Third_Party/FatFs/src/ff_gen_drv.c ****   * @brief  Links a compatible diskio driver and increments the number of active
  62:Middlewares/Third_Party/FatFs/src/ff_gen_drv.c ****   *         linked drivers.
  63:Middlewares/Third_Party/FatFs/src/ff_gen_drv.c ****   * @note   The number of linked drivers (volumes) is up to 10 due to FatFs limits
  64:Middlewares/Third_Party/FatFs/src/ff_gen_drv.c ****   * @param  drv: pointer to the disk IO Driver structure
  65:Middlewares/Third_Party/FatFs/src/ff_gen_drv.c ****   * @param  path: pointer to the logical drive path
  66:Middlewares/Third_Party/FatFs/src/ff_gen_drv.c ****   * @retval Returns 0 in case of success, otherwise 1.
  67:Middlewares/Third_Party/FatFs/src/ff_gen_drv.c ****   */
  68:Middlewares/Third_Party/FatFs/src/ff_gen_drv.c **** uint8_t FATFS_LinkDriver(const Diskio_drvTypeDef *drv, char *path)
  69:Middlewares/Third_Party/FatFs/src/ff_gen_drv.c **** {
 132              		.loc 1 69 1 is_stmt 1 view -0
 133              		.cfi_startproc
 134              		@ args = 0, pretend = 0, frame = 0
 135              		@ frame_needed = 0, uses_anonymous_args = 0
 136              		.loc 1 69 1 is_stmt 0 view .LVU36
 137 0000 08B5     		push	{r3, lr}
 138              		.cfi_def_cfa_offset 8
 139              		.cfi_offset 3, -8
 140              		.cfi_offset 14, -4
  70:Middlewares/Third_Party/FatFs/src/ff_gen_drv.c ****   return FATFS_LinkDriverEx(drv, path, 0);
 141              		.loc 1 70 3 is_stmt 1 view .LVU37
 142              		.loc 1 70 10 is_stmt 0 view .LVU38
 143 0002 0022     		movs	r2, #0
 144 0004 FFF7FEFF 		bl	FATFS_LinkDriverEx
 145              	.LVL12:
  71:Middlewares/Third_Party/FatFs/src/ff_gen_drv.c **** }
 146              		.loc 1 71 1 view .LVU39
 147 0008 08BD     		pop	{r3, pc}
 148              		.cfi_endproc
 149              	.LFE145:
 151              		.section	.text.FATFS_UnLinkDriverEx,"ax",%progbits
 152              		.align	1
 153              		.global	FATFS_UnLinkDriverEx
 154              		.syntax unified
 155              		.thumb
 156              		.thumb_func
 158              	FATFS_UnLinkDriverEx:
 159              	.LVL13:
ARM GAS  /var/folders/n6/c271nzx11xl4r4_m7sqjlt0m0000gn/T//ccvQO0M0.s 			page 5


 160              	.LFB146:
  72:Middlewares/Third_Party/FatFs/src/ff_gen_drv.c **** 
  73:Middlewares/Third_Party/FatFs/src/ff_gen_drv.c **** /**
  74:Middlewares/Third_Party/FatFs/src/ff_gen_drv.c ****   * @brief  Unlinks a diskio driver and decrements the number of active linked
  75:Middlewares/Third_Party/FatFs/src/ff_gen_drv.c ****   *         drivers.
  76:Middlewares/Third_Party/FatFs/src/ff_gen_drv.c ****   * @param  path: pointer to the logical drive path
  77:Middlewares/Third_Party/FatFs/src/ff_gen_drv.c ****   * @param  lun : not used
  78:Middlewares/Third_Party/FatFs/src/ff_gen_drv.c ****   * @retval Returns 0 in case of success, otherwise 1.
  79:Middlewares/Third_Party/FatFs/src/ff_gen_drv.c ****   */
  80:Middlewares/Third_Party/FatFs/src/ff_gen_drv.c **** uint8_t FATFS_UnLinkDriverEx(char *path, uint8_t lun)
  81:Middlewares/Third_Party/FatFs/src/ff_gen_drv.c **** {
 161              		.loc 1 81 1 is_stmt 1 view -0
 162              		.cfi_startproc
 163              		@ args = 0, pretend = 0, frame = 0
 164              		@ frame_needed = 0, uses_anonymous_args = 0
 165              		@ link register save eliminated.
  82:Middlewares/Third_Party/FatFs/src/ff_gen_drv.c ****   uint8_t DiskNum = 0;
 166              		.loc 1 82 3 view .LVU41
  83:Middlewares/Third_Party/FatFs/src/ff_gen_drv.c ****   uint8_t ret = 1;
 167              		.loc 1 83 3 view .LVU42
  84:Middlewares/Third_Party/FatFs/src/ff_gen_drv.c **** 
  85:Middlewares/Third_Party/FatFs/src/ff_gen_drv.c ****   if(disk.nbr >= 1)
 168              		.loc 1 85 3 view .LVU43
 169              		.loc 1 85 10 is_stmt 0 view .LVU44
 170 0000 0D4B     		ldr	r3, .L16
 171 0002 5B7A     		ldrb	r3, [r3, #9]	@ zero_extendqisi2
 172              		.loc 1 85 5 view .LVU45
 173 0004 9BB1     		cbz	r3, .L14
  86:Middlewares/Third_Party/FatFs/src/ff_gen_drv.c ****   {
  87:Middlewares/Third_Party/FatFs/src/ff_gen_drv.c ****     DiskNum = path[0] - '0';
 174              		.loc 1 87 5 is_stmt 1 view .LVU46
 175              		.loc 1 87 19 is_stmt 0 view .LVU47
 176 0006 0378     		ldrb	r3, [r0]	@ zero_extendqisi2
 177              		.loc 1 87 13 view .LVU48
 178 0008 303B     		subs	r3, r3, #48
 179 000a DBB2     		uxtb	r3, r3
 180              	.LVL14:
  88:Middlewares/Third_Party/FatFs/src/ff_gen_drv.c ****     if(disk.drv[DiskNum] != 0)
 181              		.loc 1 88 5 is_stmt 1 view .LVU49
 182              		.loc 1 88 16 is_stmt 0 view .LVU50
 183 000c 0A4A     		ldr	r2, .L16
 184 000e 02EB8302 		add	r2, r2, r3, lsl #2
 185 0012 5268     		ldr	r2, [r2, #4]
 186              		.loc 1 88 7 view .LVU51
 187 0014 6AB1     		cbz	r2, .L15
  89:Middlewares/Third_Party/FatFs/src/ff_gen_drv.c ****     {
  90:Middlewares/Third_Party/FatFs/src/ff_gen_drv.c ****       disk.drv[DiskNum] = 0;
 188              		.loc 1 90 7 is_stmt 1 view .LVU52
 189              		.loc 1 90 25 is_stmt 0 view .LVU53
 190 0016 084A     		ldr	r2, .L16
 191 0018 02EB8301 		add	r1, r2, r3, lsl #2
 192              	.LVL15:
 193              		.loc 1 90 25 view .LVU54
 194 001c 0020     		movs	r0, #0
 195              	.LVL16:
 196              		.loc 1 90 25 view .LVU55
 197 001e 4860     		str	r0, [r1, #4]
ARM GAS  /var/folders/n6/c271nzx11xl4r4_m7sqjlt0m0000gn/T//ccvQO0M0.s 			page 6


  91:Middlewares/Third_Party/FatFs/src/ff_gen_drv.c ****       disk.lun[DiskNum] = 0;
 198              		.loc 1 91 7 is_stmt 1 view .LVU56
 199              		.loc 1 91 25 is_stmt 0 view .LVU57
 200 0020 1344     		add	r3, r3, r2
 201              	.LVL17:
 202              		.loc 1 91 25 view .LVU58
 203 0022 1872     		strb	r0, [r3, #8]
  92:Middlewares/Third_Party/FatFs/src/ff_gen_drv.c ****       disk.nbr--;
 204              		.loc 1 92 7 is_stmt 1 view .LVU59
 205              		.loc 1 92 11 is_stmt 0 view .LVU60
 206 0024 537A     		ldrb	r3, [r2, #9]	@ zero_extendqisi2
 207              	.LVL18:
 208              		.loc 1 92 15 view .LVU61
 209 0026 013B     		subs	r3, r3, #1
 210 0028 DBB2     		uxtb	r3, r3
 211 002a 5372     		strb	r3, [r2, #9]
  93:Middlewares/Third_Party/FatFs/src/ff_gen_drv.c ****       ret = 0;
 212              		.loc 1 93 7 is_stmt 1 view .LVU62
 213              	.LVL19:
 214              		.loc 1 93 7 is_stmt 0 view .LVU63
 215 002c 7047     		bx	lr
 216              	.LVL20:
 217              	.L14:
  83:Middlewares/Third_Party/FatFs/src/ff_gen_drv.c **** 
 218              		.loc 1 83 11 view .LVU64
 219 002e 0120     		movs	r0, #1
 220              	.LVL21:
  83:Middlewares/Third_Party/FatFs/src/ff_gen_drv.c **** 
 221              		.loc 1 83 11 view .LVU65
 222 0030 7047     		bx	lr
 223              	.LVL22:
 224              	.L15:
  83:Middlewares/Third_Party/FatFs/src/ff_gen_drv.c **** 
 225              		.loc 1 83 11 view .LVU66
 226 0032 0120     		movs	r0, #1
 227              	.LVL23:
  94:Middlewares/Third_Party/FatFs/src/ff_gen_drv.c ****     }
  95:Middlewares/Third_Party/FatFs/src/ff_gen_drv.c ****   }
  96:Middlewares/Third_Party/FatFs/src/ff_gen_drv.c **** 
  97:Middlewares/Third_Party/FatFs/src/ff_gen_drv.c ****   return ret;
 228              		.loc 1 97 3 is_stmt 1 view .LVU67
  98:Middlewares/Third_Party/FatFs/src/ff_gen_drv.c **** }
 229              		.loc 1 98 1 is_stmt 0 view .LVU68
 230 0034 7047     		bx	lr
 231              	.L17:
 232 0036 00BF     		.align	2
 233              	.L16:
 234 0038 00000000 		.word	disk
 235              		.cfi_endproc
 236              	.LFE146:
 238              		.section	.text.FATFS_UnLinkDriver,"ax",%progbits
 239              		.align	1
 240              		.global	FATFS_UnLinkDriver
 241              		.syntax unified
 242              		.thumb
 243              		.thumb_func
 245              	FATFS_UnLinkDriver:
ARM GAS  /var/folders/n6/c271nzx11xl4r4_m7sqjlt0m0000gn/T//ccvQO0M0.s 			page 7


 246              	.LVL24:
 247              	.LFB147:
  99:Middlewares/Third_Party/FatFs/src/ff_gen_drv.c **** 
 100:Middlewares/Third_Party/FatFs/src/ff_gen_drv.c **** /**
 101:Middlewares/Third_Party/FatFs/src/ff_gen_drv.c ****   * @brief  Unlinks a diskio driver and decrements the number of active linked
 102:Middlewares/Third_Party/FatFs/src/ff_gen_drv.c ****   *         drivers.
 103:Middlewares/Third_Party/FatFs/src/ff_gen_drv.c ****   * @param  path: pointer to the logical drive path
 104:Middlewares/Third_Party/FatFs/src/ff_gen_drv.c ****   * @retval Returns 0 in case of success, otherwise 1.
 105:Middlewares/Third_Party/FatFs/src/ff_gen_drv.c ****   */
 106:Middlewares/Third_Party/FatFs/src/ff_gen_drv.c **** uint8_t FATFS_UnLinkDriver(char *path)
 107:Middlewares/Third_Party/FatFs/src/ff_gen_drv.c **** {
 248              		.loc 1 107 1 is_stmt 1 view -0
 249              		.cfi_startproc
 250              		@ args = 0, pretend = 0, frame = 0
 251              		@ frame_needed = 0, uses_anonymous_args = 0
 252              		.loc 1 107 1 is_stmt 0 view .LVU70
 253 0000 08B5     		push	{r3, lr}
 254              		.cfi_def_cfa_offset 8
 255              		.cfi_offset 3, -8
 256              		.cfi_offset 14, -4
 108:Middlewares/Third_Party/FatFs/src/ff_gen_drv.c ****   return FATFS_UnLinkDriverEx(path, 0);
 257              		.loc 1 108 3 is_stmt 1 view .LVU71
 258              		.loc 1 108 10 is_stmt 0 view .LVU72
 259 0002 0021     		movs	r1, #0
 260 0004 FFF7FEFF 		bl	FATFS_UnLinkDriverEx
 261              	.LVL25:
 109:Middlewares/Third_Party/FatFs/src/ff_gen_drv.c **** }
 262              		.loc 1 109 1 view .LVU73
 263 0008 08BD     		pop	{r3, pc}
 264              		.cfi_endproc
 265              	.LFE147:
 267              		.section	.text.FATFS_GetAttachedDriversNbr,"ax",%progbits
 268              		.align	1
 269              		.global	FATFS_GetAttachedDriversNbr
 270              		.syntax unified
 271              		.thumb
 272              		.thumb_func
 274              	FATFS_GetAttachedDriversNbr:
 275              	.LFB148:
 110:Middlewares/Third_Party/FatFs/src/ff_gen_drv.c **** 
 111:Middlewares/Third_Party/FatFs/src/ff_gen_drv.c **** /**
 112:Middlewares/Third_Party/FatFs/src/ff_gen_drv.c ****   * @brief  Gets number of linked drivers to the FatFs module.
 113:Middlewares/Third_Party/FatFs/src/ff_gen_drv.c ****   * @param  None
 114:Middlewares/Third_Party/FatFs/src/ff_gen_drv.c ****   * @retval Number of attached drivers.
 115:Middlewares/Third_Party/FatFs/src/ff_gen_drv.c ****   */
 116:Middlewares/Third_Party/FatFs/src/ff_gen_drv.c **** uint8_t FATFS_GetAttachedDriversNbr(void)
 117:Middlewares/Third_Party/FatFs/src/ff_gen_drv.c **** {
 276              		.loc 1 117 1 is_stmt 1 view -0
 277              		.cfi_startproc
 278              		@ args = 0, pretend = 0, frame = 0
 279              		@ frame_needed = 0, uses_anonymous_args = 0
 280              		@ link register save eliminated.
 118:Middlewares/Third_Party/FatFs/src/ff_gen_drv.c ****   return disk.nbr;
 281              		.loc 1 118 3 view .LVU75
 282              		.loc 1 118 14 is_stmt 0 view .LVU76
 283 0000 014B     		ldr	r3, .L21
 284 0002 587A     		ldrb	r0, [r3, #9]	@ zero_extendqisi2
ARM GAS  /var/folders/n6/c271nzx11xl4r4_m7sqjlt0m0000gn/T//ccvQO0M0.s 			page 8


 119:Middlewares/Third_Party/FatFs/src/ff_gen_drv.c **** }
 285              		.loc 1 119 1 view .LVU77
 286 0004 7047     		bx	lr
 287              	.L22:
 288 0006 00BF     		.align	2
 289              	.L21:
 290 0008 00000000 		.word	disk
 291              		.cfi_endproc
 292              	.LFE148:
 294              		.global	disk
 295              		.section	.bss.disk,"aw",%nobits
 296              		.align	2
 299              	disk:
 300 0000 00000000 		.space	12
 300      00000000 
 300      00000000 
 301              		.text
 302              	.Letext0:
 303              		.file 2 "Middlewares/Third_Party/FatFs/src/integer.h"
 304              		.file 3 "Middlewares/Third_Party/FatFs/src/diskio.h"
 305              		.file 4 "/Users/killian/Library/Application Support/Code/User/globalStorage/bmd.stm32-for-vscode/@
 306              		.file 5 "/Users/killian/Library/Application Support/Code/User/globalStorage/bmd.stm32-for-vscode/@
 307              		.file 6 "Middlewares/Third_Party/FatFs/src/ff_gen_drv.h"
ARM GAS  /var/folders/n6/c271nzx11xl4r4_m7sqjlt0m0000gn/T//ccvQO0M0.s 			page 9


DEFINED SYMBOLS
                            *ABS*:00000000 ff_gen_drv.c
/var/folders/n6/c271nzx11xl4r4_m7sqjlt0m0000gn/T//ccvQO0M0.s:20     .text.FATFS_LinkDriverEx:00000000 $t
/var/folders/n6/c271nzx11xl4r4_m7sqjlt0m0000gn/T//ccvQO0M0.s:26     .text.FATFS_LinkDriverEx:00000000 FATFS_LinkDriverEx
/var/folders/n6/c271nzx11xl4r4_m7sqjlt0m0000gn/T//ccvQO0M0.s:118    .text.FATFS_LinkDriverEx:00000050 $d
/var/folders/n6/c271nzx11xl4r4_m7sqjlt0m0000gn/T//ccvQO0M0.s:299    .bss.disk:00000000 disk
/var/folders/n6/c271nzx11xl4r4_m7sqjlt0m0000gn/T//ccvQO0M0.s:123    .text.FATFS_LinkDriver:00000000 $t
/var/folders/n6/c271nzx11xl4r4_m7sqjlt0m0000gn/T//ccvQO0M0.s:129    .text.FATFS_LinkDriver:00000000 FATFS_LinkDriver
/var/folders/n6/c271nzx11xl4r4_m7sqjlt0m0000gn/T//ccvQO0M0.s:152    .text.FATFS_UnLinkDriverEx:00000000 $t
/var/folders/n6/c271nzx11xl4r4_m7sqjlt0m0000gn/T//ccvQO0M0.s:158    .text.FATFS_UnLinkDriverEx:00000000 FATFS_UnLinkDriverEx
/var/folders/n6/c271nzx11xl4r4_m7sqjlt0m0000gn/T//ccvQO0M0.s:234    .text.FATFS_UnLinkDriverEx:00000038 $d
/var/folders/n6/c271nzx11xl4r4_m7sqjlt0m0000gn/T//ccvQO0M0.s:239    .text.FATFS_UnLinkDriver:00000000 $t
/var/folders/n6/c271nzx11xl4r4_m7sqjlt0m0000gn/T//ccvQO0M0.s:245    .text.FATFS_UnLinkDriver:00000000 FATFS_UnLinkDriver
/var/folders/n6/c271nzx11xl4r4_m7sqjlt0m0000gn/T//ccvQO0M0.s:268    .text.FATFS_GetAttachedDriversNbr:00000000 $t
/var/folders/n6/c271nzx11xl4r4_m7sqjlt0m0000gn/T//ccvQO0M0.s:274    .text.FATFS_GetAttachedDriversNbr:00000000 FATFS_GetAttachedDriversNbr
/var/folders/n6/c271nzx11xl4r4_m7sqjlt0m0000gn/T//ccvQO0M0.s:290    .text.FATFS_GetAttachedDriversNbr:00000008 $d
/var/folders/n6/c271nzx11xl4r4_m7sqjlt0m0000gn/T//ccvQO0M0.s:296    .bss.disk:00000000 $d

NO UNDEFINED SYMBOLS
