ARM GAS  /var/folders/n6/c271nzx11xl4r4_m7sqjlt0m0000gn/T//ccpiPgy5.s 			page 1


   1              		.cpu cortex-m7
   2              		.arch armv7e-m
   3              		.fpu fpv5-d16
   4              		.eabi_attribute 28, 1
   5              		.eabi_attribute 20, 1
   6              		.eabi_attribute 21, 1
   7              		.eabi_attribute 23, 3
   8              		.eabi_attribute 24, 1
   9              		.eabi_attribute 25, 1
  10              		.eabi_attribute 26, 1
  11              		.eabi_attribute 30, 1
  12              		.eabi_attribute 34, 1
  13              		.eabi_attribute 18, 4
  14              		.file	"ft3x67.c"
  15              		.text
  16              	.Ltext0:
  17              		.cfi_sections	.debug_frame
  18              		.file 1 "Drivers/BSP/Components/ft3x67/ft3x67.c"
  19              		.section	.text.ft3x67_Reset,"ax",%progbits
  20              		.align	1
  21              		.global	ft3x67_Reset
  22              		.syntax unified
  23              		.thumb
  24              		.thumb_func
  26              	ft3x67_Reset:
  27              	.LVL0:
  28              	.LFB1:
   1:Drivers/BSP/Components/ft3x67/ft3x67.c **** /**
   2:Drivers/BSP/Components/ft3x67/ft3x67.c ****   ******************************************************************************
   3:Drivers/BSP/Components/ft3x67/ft3x67.c ****   * @file    ft3x67.c
   4:Drivers/BSP/Components/ft3x67/ft3x67.c ****   * @author  MCD Application Team
   5:Drivers/BSP/Components/ft3x67/ft3x67.c ****   * @brief   This file provides a set of functions needed to manage the FT3X67
   6:Drivers/BSP/Components/ft3x67/ft3x67.c ****   *          touch screen devices.
   7:Drivers/BSP/Components/ft3x67/ft3x67.c ****   ******************************************************************************
   8:Drivers/BSP/Components/ft3x67/ft3x67.c ****   * @attention
   9:Drivers/BSP/Components/ft3x67/ft3x67.c ****   *
  10:Drivers/BSP/Components/ft3x67/ft3x67.c ****   * <h2><center>&copy; Copyright (c) 2017 STMicroelectronics.
  11:Drivers/BSP/Components/ft3x67/ft3x67.c ****   * All rights reserved.</center></h2>
  12:Drivers/BSP/Components/ft3x67/ft3x67.c ****   *
  13:Drivers/BSP/Components/ft3x67/ft3x67.c ****   * This software component is licensed by ST under BSD 3-Clause license,
  14:Drivers/BSP/Components/ft3x67/ft3x67.c ****   * the "License"; You may not use this file except in compliance with the
  15:Drivers/BSP/Components/ft3x67/ft3x67.c ****   * License. You may obtain a copy of the License at:
  16:Drivers/BSP/Components/ft3x67/ft3x67.c ****   *                        opensource.org/licenses/BSD-3-Clause
  17:Drivers/BSP/Components/ft3x67/ft3x67.c ****   *
  18:Drivers/BSP/Components/ft3x67/ft3x67.c ****   ******************************************************************************
  19:Drivers/BSP/Components/ft3x67/ft3x67.c ****   */
  20:Drivers/BSP/Components/ft3x67/ft3x67.c **** 
  21:Drivers/BSP/Components/ft3x67/ft3x67.c **** /* Includes ------------------------------------------------------------------*/
  22:Drivers/BSP/Components/ft3x67/ft3x67.c **** #include "ft3x67.h"
  23:Drivers/BSP/Components/ft3x67/ft3x67.c **** 
  24:Drivers/BSP/Components/ft3x67/ft3x67.c **** /** @addtogroup BSP
  25:Drivers/BSP/Components/ft3x67/ft3x67.c ****   * @{
  26:Drivers/BSP/Components/ft3x67/ft3x67.c ****   */
  27:Drivers/BSP/Components/ft3x67/ft3x67.c **** 
  28:Drivers/BSP/Components/ft3x67/ft3x67.c **** /** @addtogroup Component
  29:Drivers/BSP/Components/ft3x67/ft3x67.c ****   * @{
  30:Drivers/BSP/Components/ft3x67/ft3x67.c ****   */
ARM GAS  /var/folders/n6/c271nzx11xl4r4_m7sqjlt0m0000gn/T//ccpiPgy5.s 			page 2


  31:Drivers/BSP/Components/ft3x67/ft3x67.c **** 
  32:Drivers/BSP/Components/ft3x67/ft3x67.c **** /** @addtogroup FT3X67
  33:Drivers/BSP/Components/ft3x67/ft3x67.c ****   * @{
  34:Drivers/BSP/Components/ft3x67/ft3x67.c ****   */
  35:Drivers/BSP/Components/ft3x67/ft3x67.c **** 
  36:Drivers/BSP/Components/ft3x67/ft3x67.c **** /* Private typedef -----------------------------------------------------------*/
  37:Drivers/BSP/Components/ft3x67/ft3x67.c **** 
  38:Drivers/BSP/Components/ft3x67/ft3x67.c **** /** @defgroup FT3X67_Private_Types_Definitions
  39:Drivers/BSP/Components/ft3x67/ft3x67.c ****   * @{
  40:Drivers/BSP/Components/ft3x67/ft3x67.c ****   */
  41:Drivers/BSP/Components/ft3x67/ft3x67.c **** 
  42:Drivers/BSP/Components/ft3x67/ft3x67.c **** /* ft3x67 Handle definition. */
  43:Drivers/BSP/Components/ft3x67/ft3x67.c **** typedef struct
  44:Drivers/BSP/Components/ft3x67/ft3x67.c **** {
  45:Drivers/BSP/Components/ft3x67/ft3x67.c ****   uint8_t i2cInitialized;
  46:Drivers/BSP/Components/ft3x67/ft3x67.c **** 
  47:Drivers/BSP/Components/ft3x67/ft3x67.c ****   /* field holding the current number of simultaneous active touches */
  48:Drivers/BSP/Components/ft3x67/ft3x67.c ****   uint8_t currActiveTouchNb;
  49:Drivers/BSP/Components/ft3x67/ft3x67.c **** 
  50:Drivers/BSP/Components/ft3x67/ft3x67.c ****   /* field holding the touch index currently managed */
  51:Drivers/BSP/Components/ft3x67/ft3x67.c ****   uint8_t currActiveTouchIdx;
  52:Drivers/BSP/Components/ft3x67/ft3x67.c **** 
  53:Drivers/BSP/Components/ft3x67/ft3x67.c **** } ft3x67_handle_TypeDef;
  54:Drivers/BSP/Components/ft3x67/ft3x67.c **** 
  55:Drivers/BSP/Components/ft3x67/ft3x67.c **** /**
  56:Drivers/BSP/Components/ft3x67/ft3x67.c ****   * @}
  57:Drivers/BSP/Components/ft3x67/ft3x67.c ****   */
  58:Drivers/BSP/Components/ft3x67/ft3x67.c **** 
  59:Drivers/BSP/Components/ft3x67/ft3x67.c **** /* Private define ------------------------------------------------------------*/
  60:Drivers/BSP/Components/ft3x67/ft3x67.c **** /* Private macro -------------------------------------------------------------*/
  61:Drivers/BSP/Components/ft3x67/ft3x67.c **** /* Private variables ---------------------------------------------------------*/
  62:Drivers/BSP/Components/ft3x67/ft3x67.c **** 
  63:Drivers/BSP/Components/ft3x67/ft3x67.c **** /** @defgroup FT3X67_Private_Variables
  64:Drivers/BSP/Components/ft3x67/ft3x67.c ****   * @{
  65:Drivers/BSP/Components/ft3x67/ft3x67.c ****   */
  66:Drivers/BSP/Components/ft3x67/ft3x67.c **** 
  67:Drivers/BSP/Components/ft3x67/ft3x67.c **** /* Touch screen driver structure initialization */
  68:Drivers/BSP/Components/ft3x67/ft3x67.c **** TS_DrvTypeDef ft3x67_ts_drv =
  69:Drivers/BSP/Components/ft3x67/ft3x67.c **** {
  70:Drivers/BSP/Components/ft3x67/ft3x67.c ****   ft3x67_Init,
  71:Drivers/BSP/Components/ft3x67/ft3x67.c ****   ft3x67_ReadID,
  72:Drivers/BSP/Components/ft3x67/ft3x67.c ****   ft3x67_Reset,
  73:Drivers/BSP/Components/ft3x67/ft3x67.c ****   ft3x67_TS_Start,
  74:Drivers/BSP/Components/ft3x67/ft3x67.c ****   ft3x67_TS_DetectTouch,
  75:Drivers/BSP/Components/ft3x67/ft3x67.c ****   ft3x67_TS_GetXY,
  76:Drivers/BSP/Components/ft3x67/ft3x67.c ****   ft3x67_TS_EnableIT,
  77:Drivers/BSP/Components/ft3x67/ft3x67.c ****   ft3x67_TS_ClearIT,
  78:Drivers/BSP/Components/ft3x67/ft3x67.c ****   ft3x67_TS_ITStatus,
  79:Drivers/BSP/Components/ft3x67/ft3x67.c ****   ft3x67_TS_DisableIT
  80:Drivers/BSP/Components/ft3x67/ft3x67.c **** };
  81:Drivers/BSP/Components/ft3x67/ft3x67.c **** 
  82:Drivers/BSP/Components/ft3x67/ft3x67.c **** /* Global ft3x67 handle */
  83:Drivers/BSP/Components/ft3x67/ft3x67.c **** static ft3x67_handle_TypeDef ft3x67_handle = { FT3X67_I2C_NOT_INITIALIZED, 0U, 0U};
  84:Drivers/BSP/Components/ft3x67/ft3x67.c **** 
  85:Drivers/BSP/Components/ft3x67/ft3x67.c **** /**
  86:Drivers/BSP/Components/ft3x67/ft3x67.c ****   * @}
  87:Drivers/BSP/Components/ft3x67/ft3x67.c ****   */
ARM GAS  /var/folders/n6/c271nzx11xl4r4_m7sqjlt0m0000gn/T//ccpiPgy5.s 			page 3


  88:Drivers/BSP/Components/ft3x67/ft3x67.c **** 
  89:Drivers/BSP/Components/ft3x67/ft3x67.c **** /* Private functions prototypes-----------------------------------------------*/
  90:Drivers/BSP/Components/ft3x67/ft3x67.c **** 
  91:Drivers/BSP/Components/ft3x67/ft3x67.c **** /** @defgroup FT3X67_Private_Functions
  92:Drivers/BSP/Components/ft3x67/ft3x67.c ****   * @{
  93:Drivers/BSP/Components/ft3x67/ft3x67.c ****   */
  94:Drivers/BSP/Components/ft3x67/ft3x67.c **** 
  95:Drivers/BSP/Components/ft3x67/ft3x67.c **** static uint8_t  ft3x67_Get_I2C_InitializedStatus(void);
  96:Drivers/BSP/Components/ft3x67/ft3x67.c **** static void     ft3x67_I2C_InitializeIfRequired(void);
  97:Drivers/BSP/Components/ft3x67/ft3x67.c **** static uint32_t ft3x67_TS_Configure(uint16_t DeviceAddr);
  98:Drivers/BSP/Components/ft3x67/ft3x67.c **** 
  99:Drivers/BSP/Components/ft3x67/ft3x67.c **** /**
 100:Drivers/BSP/Components/ft3x67/ft3x67.c ****   * @}
 101:Drivers/BSP/Components/ft3x67/ft3x67.c ****   */
 102:Drivers/BSP/Components/ft3x67/ft3x67.c **** 
 103:Drivers/BSP/Components/ft3x67/ft3x67.c **** /* Exported functions --------------------------------------------------------*/
 104:Drivers/BSP/Components/ft3x67/ft3x67.c **** 
 105:Drivers/BSP/Components/ft3x67/ft3x67.c **** /** @addtogroup FT3X67_Exported_Functions
 106:Drivers/BSP/Components/ft3x67/ft3x67.c ****   * @{
 107:Drivers/BSP/Components/ft3x67/ft3x67.c ****   */
 108:Drivers/BSP/Components/ft3x67/ft3x67.c **** 
 109:Drivers/BSP/Components/ft3x67/ft3x67.c **** /**
 110:Drivers/BSP/Components/ft3x67/ft3x67.c ****   * @brief  Initialize the ft3x67 communication bus
 111:Drivers/BSP/Components/ft3x67/ft3x67.c ****   *         from MCU to FT3X67 : ie I2C channel initialization (if required).
 112:Drivers/BSP/Components/ft3x67/ft3x67.c ****   * @param  DeviceAddr: Device address on communication Bus (I2C slave address of FT3X67).
 113:Drivers/BSP/Components/ft3x67/ft3x67.c ****   * @retval None
 114:Drivers/BSP/Components/ft3x67/ft3x67.c ****   */
 115:Drivers/BSP/Components/ft3x67/ft3x67.c **** void ft3x67_Init(uint16_t DeviceAddr)
 116:Drivers/BSP/Components/ft3x67/ft3x67.c **** {
 117:Drivers/BSP/Components/ft3x67/ft3x67.c ****   /* Initialize I2C link if needed */
 118:Drivers/BSP/Components/ft3x67/ft3x67.c ****   ft3x67_I2C_InitializeIfRequired();
 119:Drivers/BSP/Components/ft3x67/ft3x67.c **** }
 120:Drivers/BSP/Components/ft3x67/ft3x67.c **** 
 121:Drivers/BSP/Components/ft3x67/ft3x67.c **** /**
 122:Drivers/BSP/Components/ft3x67/ft3x67.c ****   * @brief  Software Reset the ft3x67.
 123:Drivers/BSP/Components/ft3x67/ft3x67.c ****   *         @note : Not applicable to FT3X67.
 124:Drivers/BSP/Components/ft3x67/ft3x67.c ****   * @param  DeviceAddr: Device address on communication Bus (I2C slave address of FT3X67).
 125:Drivers/BSP/Components/ft3x67/ft3x67.c ****   * @retval None
 126:Drivers/BSP/Components/ft3x67/ft3x67.c ****   */
 127:Drivers/BSP/Components/ft3x67/ft3x67.c **** void ft3x67_Reset(uint16_t DeviceAddr)
 128:Drivers/BSP/Components/ft3x67/ft3x67.c **** {
  29              		.loc 1 128 1 view -0
  30              		.cfi_startproc
  31              		@ args = 0, pretend = 0, frame = 0
  32              		@ frame_needed = 0, uses_anonymous_args = 0
  33              		@ link register save eliminated.
 129:Drivers/BSP/Components/ft3x67/ft3x67.c ****   /* Do nothing */
 130:Drivers/BSP/Components/ft3x67/ft3x67.c ****   /* No software reset sequence available in FT3X67 IC */
 131:Drivers/BSP/Components/ft3x67/ft3x67.c **** }
  34              		.loc 1 131 1 view .LVU1
  35 0000 7047     		bx	lr
  36              		.cfi_endproc
  37              	.LFE1:
  39              		.section	.text.ft3x67_TS_ITStatus,"ax",%progbits
  40              		.align	1
  41              		.global	ft3x67_TS_ITStatus
  42              		.syntax unified
ARM GAS  /var/folders/n6/c271nzx11xl4r4_m7sqjlt0m0000gn/T//ccpiPgy5.s 			page 4


  43              		.thumb
  44              		.thumb_func
  46              	ft3x67_TS_ITStatus:
  47              	.LVL1:
  48              	.LFB8:
 132:Drivers/BSP/Components/ft3x67/ft3x67.c **** 
 133:Drivers/BSP/Components/ft3x67/ft3x67.c **** /**
 134:Drivers/BSP/Components/ft3x67/ft3x67.c ****   * @brief  Read the ft3x67 device ID, pre initialize I2C in case of need to be
 135:Drivers/BSP/Components/ft3x67/ft3x67.c ****   *         able to read the FT3X67 device ID, and verify this is a FT3X67.
 136:Drivers/BSP/Components/ft3x67/ft3x67.c ****   * @param  DeviceAddr: I2C FT3X67 Slave address.
 137:Drivers/BSP/Components/ft3x67/ft3x67.c ****   * @retval The Device ID (two bytes).
 138:Drivers/BSP/Components/ft3x67/ft3x67.c ****   */
 139:Drivers/BSP/Components/ft3x67/ft3x67.c **** uint16_t ft3x67_ReadID(uint16_t DeviceAddr)
 140:Drivers/BSP/Components/ft3x67/ft3x67.c **** {
 141:Drivers/BSP/Components/ft3x67/ft3x67.c ****   /* Initialize I2C link if needed */
 142:Drivers/BSP/Components/ft3x67/ft3x67.c ****   ft3x67_I2C_InitializeIfRequired();
 143:Drivers/BSP/Components/ft3x67/ft3x67.c ****   
 144:Drivers/BSP/Components/ft3x67/ft3x67.c ****   /* Return the device ID value */
 145:Drivers/BSP/Components/ft3x67/ft3x67.c ****   return(TS_IO_Read(DeviceAddr, FT3X67_CHIP_ID_REG));
 146:Drivers/BSP/Components/ft3x67/ft3x67.c **** }
 147:Drivers/BSP/Components/ft3x67/ft3x67.c **** 
 148:Drivers/BSP/Components/ft3x67/ft3x67.c **** /**
 149:Drivers/BSP/Components/ft3x67/ft3x67.c ****   * @brief  Configures the touch Screen IC device to start detecting touches
 150:Drivers/BSP/Components/ft3x67/ft3x67.c ****   * @param  DeviceAddr: Device address on communication Bus (I2C slave address).
 151:Drivers/BSP/Components/ft3x67/ft3x67.c ****   * @retval None.
 152:Drivers/BSP/Components/ft3x67/ft3x67.c ****   */
 153:Drivers/BSP/Components/ft3x67/ft3x67.c **** void ft3x67_TS_Start(uint16_t DeviceAddr)
 154:Drivers/BSP/Components/ft3x67/ft3x67.c **** {
 155:Drivers/BSP/Components/ft3x67/ft3x67.c ****   /* Minimum static configuration of FT3X67 */
 156:Drivers/BSP/Components/ft3x67/ft3x67.c ****   ft3x67_TS_Configure(DeviceAddr);
 157:Drivers/BSP/Components/ft3x67/ft3x67.c ****   
 158:Drivers/BSP/Components/ft3x67/ft3x67.c ****   /* By default set FT3X67 IC in Polling mode : no INT generation on FT3X67 for new touch available
 159:Drivers/BSP/Components/ft3x67/ft3x67.c ****   /* Note TS_INT is active low                                                                     
 160:Drivers/BSP/Components/ft3x67/ft3x67.c ****   ft3x67_TS_DisableIT(DeviceAddr);
 161:Drivers/BSP/Components/ft3x67/ft3x67.c **** }
 162:Drivers/BSP/Components/ft3x67/ft3x67.c **** 
 163:Drivers/BSP/Components/ft3x67/ft3x67.c **** /**
 164:Drivers/BSP/Components/ft3x67/ft3x67.c ****   * @brief  Return if there is touches detected or not.
 165:Drivers/BSP/Components/ft3x67/ft3x67.c ****   *         Try to detect new touches and forget the old ones (reset internal global
 166:Drivers/BSP/Components/ft3x67/ft3x67.c ****   *         variables).
 167:Drivers/BSP/Components/ft3x67/ft3x67.c ****   * @param  DeviceAddr: Device address on communication Bus.
 168:Drivers/BSP/Components/ft3x67/ft3x67.c ****   * @retval : Number of active touches detected (can be 0, 1 or 2).
 169:Drivers/BSP/Components/ft3x67/ft3x67.c ****   */
 170:Drivers/BSP/Components/ft3x67/ft3x67.c **** uint8_t ft3x67_TS_DetectTouch(uint16_t DeviceAddr)
 171:Drivers/BSP/Components/ft3x67/ft3x67.c **** {
 172:Drivers/BSP/Components/ft3x67/ft3x67.c ****   volatile uint8_t nbTouch = 0U;
 173:Drivers/BSP/Components/ft3x67/ft3x67.c ****   
 174:Drivers/BSP/Components/ft3x67/ft3x67.c ****   /* Read register FT3X67_TD_STAT_REG to check number of touches detection */
 175:Drivers/BSP/Components/ft3x67/ft3x67.c ****   nbTouch = TS_IO_Read(DeviceAddr, FT3X67_TD_STAT_REG);
 176:Drivers/BSP/Components/ft3x67/ft3x67.c ****   nbTouch &= FT3X67_TD_STAT_MASK;
 177:Drivers/BSP/Components/ft3x67/ft3x67.c ****   
 178:Drivers/BSP/Components/ft3x67/ft3x67.c ****   if(nbTouch > FT3X67_MAX_DETECTABLE_TOUCH)
 179:Drivers/BSP/Components/ft3x67/ft3x67.c ****   {
 180:Drivers/BSP/Components/ft3x67/ft3x67.c ****     /* If invalid number of touch detected, set it to zero */
 181:Drivers/BSP/Components/ft3x67/ft3x67.c ****     nbTouch = 0U;
 182:Drivers/BSP/Components/ft3x67/ft3x67.c ****   }
 183:Drivers/BSP/Components/ft3x67/ft3x67.c ****   
ARM GAS  /var/folders/n6/c271nzx11xl4r4_m7sqjlt0m0000gn/T//ccpiPgy5.s 			page 5


 184:Drivers/BSP/Components/ft3x67/ft3x67.c ****   /* Update ft3x67 driver internal global : current number of active touches */
 185:Drivers/BSP/Components/ft3x67/ft3x67.c ****   ft3x67_handle.currActiveTouchNb = nbTouch;
 186:Drivers/BSP/Components/ft3x67/ft3x67.c ****   
 187:Drivers/BSP/Components/ft3x67/ft3x67.c ****   /* Reset current active touch index on which to work on */
 188:Drivers/BSP/Components/ft3x67/ft3x67.c ****   ft3x67_handle.currActiveTouchIdx = 0U;
 189:Drivers/BSP/Components/ft3x67/ft3x67.c ****   
 190:Drivers/BSP/Components/ft3x67/ft3x67.c ****   return(nbTouch);
 191:Drivers/BSP/Components/ft3x67/ft3x67.c **** }
 192:Drivers/BSP/Components/ft3x67/ft3x67.c **** 
 193:Drivers/BSP/Components/ft3x67/ft3x67.c **** /**
 194:Drivers/BSP/Components/ft3x67/ft3x67.c ****   * @brief  Get the touch screen X and Y positions values
 195:Drivers/BSP/Components/ft3x67/ft3x67.c ****   *         Manage multi touch thanks to touch Index global
 196:Drivers/BSP/Components/ft3x67/ft3x67.c ****   *         variable 'ft3x67_handle.currActiveTouchIdx'.
 197:Drivers/BSP/Components/ft3x67/ft3x67.c ****   * @param  DeviceAddr: Device address on communication Bus.
 198:Drivers/BSP/Components/ft3x67/ft3x67.c ****   * @param  X: Pointer to X position value
 199:Drivers/BSP/Components/ft3x67/ft3x67.c ****   * @param  Y: Pointer to Y position value
 200:Drivers/BSP/Components/ft3x67/ft3x67.c ****   * @retval None.
 201:Drivers/BSP/Components/ft3x67/ft3x67.c ****   */
 202:Drivers/BSP/Components/ft3x67/ft3x67.c **** void ft3x67_TS_GetXY(uint16_t DeviceAddr, uint16_t *X, uint16_t *Y)
 203:Drivers/BSP/Components/ft3x67/ft3x67.c **** {
 204:Drivers/BSP/Components/ft3x67/ft3x67.c ****   uint8_t regAddress = 0U;
 205:Drivers/BSP/Components/ft3x67/ft3x67.c ****   uint8_t dataxy[4U];
 206:Drivers/BSP/Components/ft3x67/ft3x67.c ****   
 207:Drivers/BSP/Components/ft3x67/ft3x67.c ****   if(ft3x67_handle.currActiveTouchIdx < ft3x67_handle.currActiveTouchNb)
 208:Drivers/BSP/Components/ft3x67/ft3x67.c ****   {
 209:Drivers/BSP/Components/ft3x67/ft3x67.c ****     switch(ft3x67_handle.currActiveTouchIdx)
 210:Drivers/BSP/Components/ft3x67/ft3x67.c ****     {
 211:Drivers/BSP/Components/ft3x67/ft3x67.c ****     case 0U :
 212:Drivers/BSP/Components/ft3x67/ft3x67.c ****       regAddress = FT3X67_P1_XH_REG;
 213:Drivers/BSP/Components/ft3x67/ft3x67.c ****       break;
 214:Drivers/BSP/Components/ft3x67/ft3x67.c ****     
 215:Drivers/BSP/Components/ft3x67/ft3x67.c ****     case 1U :
 216:Drivers/BSP/Components/ft3x67/ft3x67.c ****       regAddress = FT3X67_P2_XH_REG;
 217:Drivers/BSP/Components/ft3x67/ft3x67.c ****       break;
 218:Drivers/BSP/Components/ft3x67/ft3x67.c ****     
 219:Drivers/BSP/Components/ft3x67/ft3x67.c ****     default :
 220:Drivers/BSP/Components/ft3x67/ft3x67.c ****       break;
 221:Drivers/BSP/Components/ft3x67/ft3x67.c ****     } /* end switch(ft3x67_handle.currActiveTouchIdx) */
 222:Drivers/BSP/Components/ft3x67/ft3x67.c ****     
 223:Drivers/BSP/Components/ft3x67/ft3x67.c ****     /* Read X and Y positions */
 224:Drivers/BSP/Components/ft3x67/ft3x67.c ****     TS_IO_ReadMultiple(DeviceAddr, regAddress, dataxy, sizeof(dataxy)); 
 225:Drivers/BSP/Components/ft3x67/ft3x67.c ****     
 226:Drivers/BSP/Components/ft3x67/ft3x67.c ****     /* Send back ready X position to caller */
 227:Drivers/BSP/Components/ft3x67/ft3x67.c ****     *X = ((dataxy[0U] & FT3X67_TOUCH_POS_MSB_MASK) << 8U) | dataxy[1U];
 228:Drivers/BSP/Components/ft3x67/ft3x67.c ****     
 229:Drivers/BSP/Components/ft3x67/ft3x67.c ****     /* Send back ready Y position to caller */
 230:Drivers/BSP/Components/ft3x67/ft3x67.c ****     *Y = ((dataxy[2U] & FT3X67_TOUCH_POS_MSB_MASK) << 8U) | dataxy[3U];
 231:Drivers/BSP/Components/ft3x67/ft3x67.c ****     
 232:Drivers/BSP/Components/ft3x67/ft3x67.c ****     /* Increment current touch index */
 233:Drivers/BSP/Components/ft3x67/ft3x67.c ****     ft3x67_handle.currActiveTouchIdx++;
 234:Drivers/BSP/Components/ft3x67/ft3x67.c ****   }
 235:Drivers/BSP/Components/ft3x67/ft3x67.c **** }
 236:Drivers/BSP/Components/ft3x67/ft3x67.c **** 
 237:Drivers/BSP/Components/ft3x67/ft3x67.c **** /**
 238:Drivers/BSP/Components/ft3x67/ft3x67.c ****   * @brief  Configure the FT3X67 device to generate IT on given INT pin
 239:Drivers/BSP/Components/ft3x67/ft3x67.c ****   *         connected to MCU as EXTI.
 240:Drivers/BSP/Components/ft3x67/ft3x67.c ****   * @param  DeviceAddr: Device address on communication Bus (Slave I2C address of FT3X67).
ARM GAS  /var/folders/n6/c271nzx11xl4r4_m7sqjlt0m0000gn/T//ccpiPgy5.s 			page 6


 241:Drivers/BSP/Components/ft3x67/ft3x67.c ****   * @retval None
 242:Drivers/BSP/Components/ft3x67/ft3x67.c ****   */
 243:Drivers/BSP/Components/ft3x67/ft3x67.c **** void ft3x67_TS_EnableIT(uint16_t DeviceAddr)
 244:Drivers/BSP/Components/ft3x67/ft3x67.c **** {
 245:Drivers/BSP/Components/ft3x67/ft3x67.c ****   /* Set interrupt trigger mode in FT3X67_GMODE_REG */
 246:Drivers/BSP/Components/ft3x67/ft3x67.c ****   TS_IO_Write(DeviceAddr, FT3X67_GMODE_REG, FT3X67_G_MODE_INTERRUPT_TRIGGER);
 247:Drivers/BSP/Components/ft3x67/ft3x67.c **** }
 248:Drivers/BSP/Components/ft3x67/ft3x67.c **** 
 249:Drivers/BSP/Components/ft3x67/ft3x67.c **** /**
 250:Drivers/BSP/Components/ft3x67/ft3x67.c ****   * @brief  Configure the FT3X67 device to stop generating IT on the given INT pin
 251:Drivers/BSP/Components/ft3x67/ft3x67.c ****   *         connected to MCU as EXTI.
 252:Drivers/BSP/Components/ft3x67/ft3x67.c ****   * @param  DeviceAddr: Device address on communication Bus (Slave I2C address of FT3X67).
 253:Drivers/BSP/Components/ft3x67/ft3x67.c ****   * @retval None
 254:Drivers/BSP/Components/ft3x67/ft3x67.c ****   */
 255:Drivers/BSP/Components/ft3x67/ft3x67.c **** void ft3x67_TS_DisableIT(uint16_t DeviceAddr)
 256:Drivers/BSP/Components/ft3x67/ft3x67.c **** {
 257:Drivers/BSP/Components/ft3x67/ft3x67.c ****   /* Set interrupt polling mode in FT3X67_GMODE_REG */
 258:Drivers/BSP/Components/ft3x67/ft3x67.c ****   TS_IO_Write(DeviceAddr, FT3X67_GMODE_REG, FT3X67_G_MODE_INTERRUPT_POLLING);
 259:Drivers/BSP/Components/ft3x67/ft3x67.c **** }
 260:Drivers/BSP/Components/ft3x67/ft3x67.c **** 
 261:Drivers/BSP/Components/ft3x67/ft3x67.c **** /**
 262:Drivers/BSP/Components/ft3x67/ft3x67.c ****   * @brief  Get IT status from FT3X67 interrupt status registers
 263:Drivers/BSP/Components/ft3x67/ft3x67.c ****   *         Should be called Following an EXTI coming to the MCU to know the detailed
 264:Drivers/BSP/Components/ft3x67/ft3x67.c ****   *         reason of the interrupt.
 265:Drivers/BSP/Components/ft3x67/ft3x67.c ****   *         @note : This feature is not applicable to FT3X67.
 266:Drivers/BSP/Components/ft3x67/ft3x67.c ****   * @param  DeviceAddr: Device address on communication Bus (I2C slave address of FT3X67).
 267:Drivers/BSP/Components/ft3x67/ft3x67.c ****   * @retval TS interrupts status : always return 0 here
 268:Drivers/BSP/Components/ft3x67/ft3x67.c ****   */
 269:Drivers/BSP/Components/ft3x67/ft3x67.c **** uint8_t ft3x67_TS_ITStatus(uint16_t DeviceAddr)
 270:Drivers/BSP/Components/ft3x67/ft3x67.c **** {
  49              		.loc 1 270 1 view -0
  50              		.cfi_startproc
  51              		@ args = 0, pretend = 0, frame = 0
  52              		@ frame_needed = 0, uses_anonymous_args = 0
  53              		@ link register save eliminated.
 271:Drivers/BSP/Components/ft3x67/ft3x67.c ****   /* Always return 0 as feature not applicable to FT3X67 */
 272:Drivers/BSP/Components/ft3x67/ft3x67.c ****   return 0U;
  54              		.loc 1 272 3 view .LVU3
 273:Drivers/BSP/Components/ft3x67/ft3x67.c **** }
  55              		.loc 1 273 1 is_stmt 0 view .LVU4
  56 0000 0020     		movs	r0, #0
  57              	.LVL2:
  58              		.loc 1 273 1 view .LVU5
  59 0002 7047     		bx	lr
  60              		.cfi_endproc
  61              	.LFE8:
  63              		.section	.text.ft3x67_TS_ClearIT,"ax",%progbits
  64              		.align	1
  65              		.global	ft3x67_TS_ClearIT
  66              		.syntax unified
  67              		.thumb
  68              		.thumb_func
  70              	ft3x67_TS_ClearIT:
  71              	.LVL3:
  72              	.LFB9:
 274:Drivers/BSP/Components/ft3x67/ft3x67.c **** 
 275:Drivers/BSP/Components/ft3x67/ft3x67.c **** /**
ARM GAS  /var/folders/n6/c271nzx11xl4r4_m7sqjlt0m0000gn/T//ccpiPgy5.s 			page 7


 276:Drivers/BSP/Components/ft3x67/ft3x67.c ****   * @brief  Clear IT status in FT3X67 interrupt status clear registers
 277:Drivers/BSP/Components/ft3x67/ft3x67.c ****   *         Should be called Following an EXTI coming to the MCU.
 278:Drivers/BSP/Components/ft3x67/ft3x67.c ****   *         @note : This feature is not applicable to FT3X67.
 279:Drivers/BSP/Components/ft3x67/ft3x67.c ****   * @param  DeviceAddr: Device address on communication Bus (I2C slave address of FT3X67).
 280:Drivers/BSP/Components/ft3x67/ft3x67.c ****   * @retval None
 281:Drivers/BSP/Components/ft3x67/ft3x67.c ****   */
 282:Drivers/BSP/Components/ft3x67/ft3x67.c **** void ft3x67_TS_ClearIT(uint16_t DeviceAddr)
 283:Drivers/BSP/Components/ft3x67/ft3x67.c **** {
  73              		.loc 1 283 1 is_stmt 1 view -0
  74              		.cfi_startproc
  75              		@ args = 0, pretend = 0, frame = 0
  76              		@ frame_needed = 0, uses_anonymous_args = 0
  77              		@ link register save eliminated.
 284:Drivers/BSP/Components/ft3x67/ft3x67.c ****   /* Nothing to be done here for FT3X67 */
 285:Drivers/BSP/Components/ft3x67/ft3x67.c **** }
  78              		.loc 1 285 1 view .LVU7
  79 0000 7047     		bx	lr
  80              		.cfi_endproc
  81              	.LFE9:
  83              		.section	.text.ft3x67_Get_I2C_InitializedStatus,"ax",%progbits
  84              		.align	1
  85              		.syntax unified
  86              		.thumb
  87              		.thumb_func
  89              	ft3x67_Get_I2C_InitializedStatus:
  90              	.LFB13:
 286:Drivers/BSP/Components/ft3x67/ft3x67.c **** 
 287:Drivers/BSP/Components/ft3x67/ft3x67.c **** /**
 288:Drivers/BSP/Components/ft3x67/ft3x67.c ****   * @brief  Configure gesture feature (enable/disable).
 289:Drivers/BSP/Components/ft3x67/ft3x67.c ****   * @param  DeviceAddr: Device address on communication Bus (I2C slave address of FT3X67).
 290:Drivers/BSP/Components/ft3x67/ft3x67.c ****   * @param  Activation : Enable or disable gesture feature. Possible values are
 291:Drivers/BSP/Components/ft3x67/ft3x67.c ****   *         FT3X67_GESTURE_DISABLE or FT3X67_GESTURE_ENABLE.
 292:Drivers/BSP/Components/ft3x67/ft3x67.c ****   * @retval None.
 293:Drivers/BSP/Components/ft3x67/ft3x67.c ****   */
 294:Drivers/BSP/Components/ft3x67/ft3x67.c **** void ft3x67_TS_GestureConfig(uint16_t DeviceAddr, uint32_t Activation)
 295:Drivers/BSP/Components/ft3x67/ft3x67.c **** {
 296:Drivers/BSP/Components/ft3x67/ft3x67.c ****   if(Activation == FT3X67_GESTURE_ENABLE)
 297:Drivers/BSP/Components/ft3x67/ft3x67.c ****   {
 298:Drivers/BSP/Components/ft3x67/ft3x67.c ****     /* Enable gesture feature. */
 299:Drivers/BSP/Components/ft3x67/ft3x67.c ****     TS_IO_Write(DeviceAddr, FT3X67_GESTURE_FLAG_REG, FT3X67_GEST_ALL_FLAGS_ENABLE);
 300:Drivers/BSP/Components/ft3x67/ft3x67.c ****     TS_IO_Write(DeviceAddr, FT3X67_GESTURE_ENABLE_REG, FT3X67_GESTURE_ENABLE);
 301:Drivers/BSP/Components/ft3x67/ft3x67.c ****   }
 302:Drivers/BSP/Components/ft3x67/ft3x67.c ****   else
 303:Drivers/BSP/Components/ft3x67/ft3x67.c ****   {
 304:Drivers/BSP/Components/ft3x67/ft3x67.c ****     /* Disable gesture feature. */
 305:Drivers/BSP/Components/ft3x67/ft3x67.c ****     TS_IO_Write(DeviceAddr, FT3X67_GESTURE_FLAG_REG, FT3X67_GEST_ALL_FLAGS_DISABLE);
 306:Drivers/BSP/Components/ft3x67/ft3x67.c ****     TS_IO_Write(DeviceAddr, FT3X67_GESTURE_ENABLE_REG, FT3X67_GESTURE_DISABLE);
 307:Drivers/BSP/Components/ft3x67/ft3x67.c ****   }
 308:Drivers/BSP/Components/ft3x67/ft3x67.c **** }
 309:Drivers/BSP/Components/ft3x67/ft3x67.c **** 
 310:Drivers/BSP/Components/ft3x67/ft3x67.c **** /**
 311:Drivers/BSP/Components/ft3x67/ft3x67.c ****   * @brief  Get the last touch gesture identification (zoom, move up/down...).
 312:Drivers/BSP/Components/ft3x67/ft3x67.c ****   * @param  DeviceAddr: Device address on communication Bus (I2C slave address of FT3X67).
 313:Drivers/BSP/Components/ft3x67/ft3x67.c ****   * @param  pGestureId : Pointer to get last touch gesture Identification.
 314:Drivers/BSP/Components/ft3x67/ft3x67.c ****   * @retval None.
 315:Drivers/BSP/Components/ft3x67/ft3x67.c ****   */
 316:Drivers/BSP/Components/ft3x67/ft3x67.c **** void ft3x67_TS_GetGestureID(uint16_t DeviceAddr, uint32_t * pGestureId)
ARM GAS  /var/folders/n6/c271nzx11xl4r4_m7sqjlt0m0000gn/T//ccpiPgy5.s 			page 8


 317:Drivers/BSP/Components/ft3x67/ft3x67.c **** {
 318:Drivers/BSP/Components/ft3x67/ft3x67.c ****   volatile uint8_t ucReadData = 0U;
 319:Drivers/BSP/Components/ft3x67/ft3x67.c ****   
 320:Drivers/BSP/Components/ft3x67/ft3x67.c ****   ucReadData = TS_IO_Read(DeviceAddr, FT3X67_GEST_ID_REG);
 321:Drivers/BSP/Components/ft3x67/ft3x67.c ****   
 322:Drivers/BSP/Components/ft3x67/ft3x67.c ****   *pGestureId = ucReadData;
 323:Drivers/BSP/Components/ft3x67/ft3x67.c **** }
 324:Drivers/BSP/Components/ft3x67/ft3x67.c **** 
 325:Drivers/BSP/Components/ft3x67/ft3x67.c **** /**
 326:Drivers/BSP/Components/ft3x67/ft3x67.c ****   * @brief  Get the touch detailed informations on touch number 'touchIdx' (0..1)
 327:Drivers/BSP/Components/ft3x67/ft3x67.c ****   *         This touch detailed information contains :
 328:Drivers/BSP/Components/ft3x67/ft3x67.c ****   *         - weight that was applied to this touch
 329:Drivers/BSP/Components/ft3x67/ft3x67.c ****   *         - sub-area of the touch in the touch panel
 330:Drivers/BSP/Components/ft3x67/ft3x67.c ****   *         - event of linked to the touch (press down, lift up, ...)
 331:Drivers/BSP/Components/ft3x67/ft3x67.c ****   * @param  DeviceAddr: Device address on communication Bus (I2C slave address of FT3X67).
 332:Drivers/BSP/Components/ft3x67/ft3x67.c ****   * @param  touchIdx : Passed index of the touch (0..1) on which we want to get the
 333:Drivers/BSP/Components/ft3x67/ft3x67.c ****   *                    detailed information.
 334:Drivers/BSP/Components/ft3x67/ft3x67.c ****   * @param  pWeight : Pointer to to get the weight information of 'touchIdx'.
 335:Drivers/BSP/Components/ft3x67/ft3x67.c ****   * @param  pArea   : Pointer to to get the sub-area information of 'touchIdx'.
 336:Drivers/BSP/Components/ft3x67/ft3x67.c ****   * @param  pEvent  : Pointer to to get the event information of 'touchIdx'.
 337:Drivers/BSP/Components/ft3x67/ft3x67.c ****   * @note   Area and Weight features are not supported by FT3X67. Return always 0 value.
 338:Drivers/BSP/Components/ft3x67/ft3x67.c ****   * @retval None.
 339:Drivers/BSP/Components/ft3x67/ft3x67.c ****   */
 340:Drivers/BSP/Components/ft3x67/ft3x67.c **** void ft3x67_TS_GetTouchInfo(uint16_t   DeviceAddr,
 341:Drivers/BSP/Components/ft3x67/ft3x67.c ****                             uint32_t   touchIdx,
 342:Drivers/BSP/Components/ft3x67/ft3x67.c ****                             uint32_t * pWeight,
 343:Drivers/BSP/Components/ft3x67/ft3x67.c ****                             uint32_t * pArea,
 344:Drivers/BSP/Components/ft3x67/ft3x67.c ****                             uint32_t * pEvent)
 345:Drivers/BSP/Components/ft3x67/ft3x67.c **** {
 346:Drivers/BSP/Components/ft3x67/ft3x67.c ****   volatile uint8_t ucReadData = 0U;
 347:Drivers/BSP/Components/ft3x67/ft3x67.c ****   uint8_t regAddressXHigh     = 0U;
 348:Drivers/BSP/Components/ft3x67/ft3x67.c ****   
 349:Drivers/BSP/Components/ft3x67/ft3x67.c ****   if(touchIdx < ft3x67_handle.currActiveTouchNb)
 350:Drivers/BSP/Components/ft3x67/ft3x67.c ****   {
 351:Drivers/BSP/Components/ft3x67/ft3x67.c ****     switch(touchIdx)
 352:Drivers/BSP/Components/ft3x67/ft3x67.c ****     {
 353:Drivers/BSP/Components/ft3x67/ft3x67.c ****     case 0U :
 354:Drivers/BSP/Components/ft3x67/ft3x67.c ****       regAddressXHigh   = FT3X67_P1_XH_REG;
 355:Drivers/BSP/Components/ft3x67/ft3x67.c ****       break;
 356:Drivers/BSP/Components/ft3x67/ft3x67.c ****     
 357:Drivers/BSP/Components/ft3x67/ft3x67.c ****     case 1U :
 358:Drivers/BSP/Components/ft3x67/ft3x67.c ****       regAddressXHigh   = FT3X67_P2_XH_REG;
 359:Drivers/BSP/Components/ft3x67/ft3x67.c ****       break;
 360:Drivers/BSP/Components/ft3x67/ft3x67.c ****     default :
 361:Drivers/BSP/Components/ft3x67/ft3x67.c ****       break;
 362:Drivers/BSP/Components/ft3x67/ft3x67.c ****     } /* end switch(touchIdx) */
 363:Drivers/BSP/Components/ft3x67/ft3x67.c ****     
 364:Drivers/BSP/Components/ft3x67/ft3x67.c ****     /* Read Event Id of touch index */
 365:Drivers/BSP/Components/ft3x67/ft3x67.c ****     ucReadData = TS_IO_Read(DeviceAddr, regAddressXHigh);
 366:Drivers/BSP/Components/ft3x67/ft3x67.c ****     *pEvent = (ucReadData & FT3X67_TOUCH_EVT_FLAG_MASK) >> FT3X67_TOUCH_EVT_FLAG_SHIFT;
 367:Drivers/BSP/Components/ft3x67/ft3x67.c ****     
 368:Drivers/BSP/Components/ft3x67/ft3x67.c ****     /* Weight and area of touch index not supported by FT3X67 */
 369:Drivers/BSP/Components/ft3x67/ft3x67.c ****     *pWeight = 0;
 370:Drivers/BSP/Components/ft3x67/ft3x67.c ****     *pArea   = 0;
 371:Drivers/BSP/Components/ft3x67/ft3x67.c ****   } /* of if(touchIdx < ft3x67_handle.currActiveTouchNb) */
 372:Drivers/BSP/Components/ft3x67/ft3x67.c **** }
 373:Drivers/BSP/Components/ft3x67/ft3x67.c **** 
ARM GAS  /var/folders/n6/c271nzx11xl4r4_m7sqjlt0m0000gn/T//ccpiPgy5.s 			page 9


 374:Drivers/BSP/Components/ft3x67/ft3x67.c **** /**
 375:Drivers/BSP/Components/ft3x67/ft3x67.c ****   * @}
 376:Drivers/BSP/Components/ft3x67/ft3x67.c ****   */
 377:Drivers/BSP/Components/ft3x67/ft3x67.c **** 
 378:Drivers/BSP/Components/ft3x67/ft3x67.c **** /* Private functions bodies---------------------------------------------------*/
 379:Drivers/BSP/Components/ft3x67/ft3x67.c **** 
 380:Drivers/BSP/Components/ft3x67/ft3x67.c **** /** @addtogroup FT3X67_Private_Functions
 381:Drivers/BSP/Components/ft3x67/ft3x67.c ****   * @{
 382:Drivers/BSP/Components/ft3x67/ft3x67.c ****   */
 383:Drivers/BSP/Components/ft3x67/ft3x67.c **** 
 384:Drivers/BSP/Components/ft3x67/ft3x67.c **** /**
 385:Drivers/BSP/Components/ft3x67/ft3x67.c ****   * @brief  Return the status of I2C was initialized or not.
 386:Drivers/BSP/Components/ft3x67/ft3x67.c ****   * @param  None.
 387:Drivers/BSP/Components/ft3x67/ft3x67.c ****   * @retval : I2C initialization status.
 388:Drivers/BSP/Components/ft3x67/ft3x67.c ****   */
 389:Drivers/BSP/Components/ft3x67/ft3x67.c **** static uint8_t ft3x67_Get_I2C_InitializedStatus(void)
 390:Drivers/BSP/Components/ft3x67/ft3x67.c **** {
  91              		.loc 1 390 1 view -0
  92              		.cfi_startproc
  93              		@ args = 0, pretend = 0, frame = 0
  94              		@ frame_needed = 0, uses_anonymous_args = 0
  95              		@ link register save eliminated.
 391:Drivers/BSP/Components/ft3x67/ft3x67.c ****   return(ft3x67_handle.i2cInitialized);
  96              		.loc 1 391 3 view .LVU9
 392:Drivers/BSP/Components/ft3x67/ft3x67.c **** }
  97              		.loc 1 392 1 is_stmt 0 view .LVU10
  98 0000 014B     		ldr	r3, .L5
  99 0002 1878     		ldrb	r0, [r3]	@ zero_extendqisi2
 100 0004 7047     		bx	lr
 101              	.L6:
 102 0006 00BF     		.align	2
 103              	.L5:
 104 0008 00000000 		.word	ft3x67_handle
 105              		.cfi_endproc
 106              	.LFE13:
 108              		.section	.text.ft3x67_I2C_InitializeIfRequired,"ax",%progbits
 109              		.align	1
 110              		.syntax unified
 111              		.thumb
 112              		.thumb_func
 114              	ft3x67_I2C_InitializeIfRequired:
 115              	.LFB14:
 393:Drivers/BSP/Components/ft3x67/ft3x67.c **** 
 394:Drivers/BSP/Components/ft3x67/ft3x67.c **** /**
 395:Drivers/BSP/Components/ft3x67/ft3x67.c ****   * @brief  I2C initialize if needed.
 396:Drivers/BSP/Components/ft3x67/ft3x67.c ****   * @param  None.
 397:Drivers/BSP/Components/ft3x67/ft3x67.c ****   * @retval : None.
 398:Drivers/BSP/Components/ft3x67/ft3x67.c ****   */
 399:Drivers/BSP/Components/ft3x67/ft3x67.c **** static void ft3x67_I2C_InitializeIfRequired(void)
 400:Drivers/BSP/Components/ft3x67/ft3x67.c **** {
 116              		.loc 1 400 1 is_stmt 1 view -0
 117              		.cfi_startproc
 118              		@ args = 0, pretend = 0, frame = 0
 119              		@ frame_needed = 0, uses_anonymous_args = 0
 120 0000 08B5     		push	{r3, lr}
 121              		.cfi_def_cfa_offset 8
 122              		.cfi_offset 3, -8
ARM GAS  /var/folders/n6/c271nzx11xl4r4_m7sqjlt0m0000gn/T//ccpiPgy5.s 			page 10


 123              		.cfi_offset 14, -4
 401:Drivers/BSP/Components/ft3x67/ft3x67.c ****   if(ft3x67_Get_I2C_InitializedStatus() == FT3X67_I2C_NOT_INITIALIZED)
 124              		.loc 1 401 3 view .LVU12
 125              		.loc 1 401 6 is_stmt 0 view .LVU13
 126 0002 FFF7FEFF 		bl	ft3x67_Get_I2C_InitializedStatus
 127              	.LVL4:
 128              		.loc 1 401 5 discriminator 1 view .LVU14
 129 0006 00B1     		cbz	r0, .L10
 130              	.L7:
 402:Drivers/BSP/Components/ft3x67/ft3x67.c ****   {
 403:Drivers/BSP/Components/ft3x67/ft3x67.c ****     /* Initialize TS IO BUS layer (I2C) */
 404:Drivers/BSP/Components/ft3x67/ft3x67.c ****     TS_IO_Init();
 405:Drivers/BSP/Components/ft3x67/ft3x67.c ****     
 406:Drivers/BSP/Components/ft3x67/ft3x67.c ****     /* Set state to initialized */
 407:Drivers/BSP/Components/ft3x67/ft3x67.c ****     ft3x67_handle.i2cInitialized = FT3X67_I2C_INITIALIZED;
 408:Drivers/BSP/Components/ft3x67/ft3x67.c ****   }
 409:Drivers/BSP/Components/ft3x67/ft3x67.c **** }
 131              		.loc 1 409 1 view .LVU15
 132 0008 08BD     		pop	{r3, pc}
 133              	.L10:
 404:Drivers/BSP/Components/ft3x67/ft3x67.c ****     
 134              		.loc 1 404 5 is_stmt 1 view .LVU16
 135 000a FFF7FEFF 		bl	TS_IO_Init
 136              	.LVL5:
 407:Drivers/BSP/Components/ft3x67/ft3x67.c ****   }
 137              		.loc 1 407 5 view .LVU17
 407:Drivers/BSP/Components/ft3x67/ft3x67.c ****   }
 138              		.loc 1 407 34 is_stmt 0 view .LVU18
 139 000e 024B     		ldr	r3, .L11
 140 0010 0122     		movs	r2, #1
 141 0012 1A70     		strb	r2, [r3]
 142              		.loc 1 409 1 view .LVU19
 143 0014 F8E7     		b	.L7
 144              	.L12:
 145 0016 00BF     		.align	2
 146              	.L11:
 147 0018 00000000 		.word	ft3x67_handle
 148              		.cfi_endproc
 149              	.LFE14:
 151              		.section	.text.ft3x67_Init,"ax",%progbits
 152              		.align	1
 153              		.global	ft3x67_Init
 154              		.syntax unified
 155              		.thumb
 156              		.thumb_func
 158              	ft3x67_Init:
 159              	.LVL6:
 160              	.LFB0:
 116:Drivers/BSP/Components/ft3x67/ft3x67.c ****   /* Initialize I2C link if needed */
 161              		.loc 1 116 1 is_stmt 1 view -0
 162              		.cfi_startproc
 163              		@ args = 0, pretend = 0, frame = 0
 164              		@ frame_needed = 0, uses_anonymous_args = 0
 116:Drivers/BSP/Components/ft3x67/ft3x67.c ****   /* Initialize I2C link if needed */
 165              		.loc 1 116 1 is_stmt 0 view .LVU21
 166 0000 08B5     		push	{r3, lr}
 167              		.cfi_def_cfa_offset 8
ARM GAS  /var/folders/n6/c271nzx11xl4r4_m7sqjlt0m0000gn/T//ccpiPgy5.s 			page 11


 168              		.cfi_offset 3, -8
 169              		.cfi_offset 14, -4
 118:Drivers/BSP/Components/ft3x67/ft3x67.c **** }
 170              		.loc 1 118 3 is_stmt 1 view .LVU22
 171 0002 FFF7FEFF 		bl	ft3x67_I2C_InitializeIfRequired
 172              	.LVL7:
 119:Drivers/BSP/Components/ft3x67/ft3x67.c **** 
 173              		.loc 1 119 1 is_stmt 0 view .LVU23
 174 0006 08BD     		pop	{r3, pc}
 175              		.cfi_endproc
 176              	.LFE0:
 178              		.section	.text.ft3x67_ReadID,"ax",%progbits
 179              		.align	1
 180              		.global	ft3x67_ReadID
 181              		.syntax unified
 182              		.thumb
 183              		.thumb_func
 185              	ft3x67_ReadID:
 186              	.LVL8:
 187              	.LFB2:
 140:Drivers/BSP/Components/ft3x67/ft3x67.c ****   /* Initialize I2C link if needed */
 188              		.loc 1 140 1 is_stmt 1 view -0
 189              		.cfi_startproc
 190              		@ args = 0, pretend = 0, frame = 0
 191              		@ frame_needed = 0, uses_anonymous_args = 0
 140:Drivers/BSP/Components/ft3x67/ft3x67.c ****   /* Initialize I2C link if needed */
 192              		.loc 1 140 1 is_stmt 0 view .LVU25
 193 0000 10B5     		push	{r4, lr}
 194              		.cfi_def_cfa_offset 8
 195              		.cfi_offset 4, -8
 196              		.cfi_offset 14, -4
 197 0002 0446     		mov	r4, r0
 142:Drivers/BSP/Components/ft3x67/ft3x67.c ****   
 198              		.loc 1 142 3 is_stmt 1 view .LVU26
 199 0004 FFF7FEFF 		bl	ft3x67_I2C_InitializeIfRequired
 200              	.LVL9:
 145:Drivers/BSP/Components/ft3x67/ft3x67.c **** }
 201              		.loc 1 145 3 view .LVU27
 145:Drivers/BSP/Components/ft3x67/ft3x67.c **** }
 202              		.loc 1 145 10 is_stmt 0 view .LVU28
 203 0008 A821     		movs	r1, #168
 204 000a E0B2     		uxtb	r0, r4
 205 000c FFF7FEFF 		bl	TS_IO_Read
 206              	.LVL10:
 146:Drivers/BSP/Components/ft3x67/ft3x67.c **** 
 207              		.loc 1 146 1 view .LVU29
 208 0010 10BD     		pop	{r4, pc}
 146:Drivers/BSP/Components/ft3x67/ft3x67.c **** 
 209              		.loc 1 146 1 view .LVU30
 210              		.cfi_endproc
 211              	.LFE2:
 213              		.section	.text.ft3x67_TS_DetectTouch,"ax",%progbits
 214              		.align	1
 215              		.global	ft3x67_TS_DetectTouch
 216              		.syntax unified
 217              		.thumb
 218              		.thumb_func
ARM GAS  /var/folders/n6/c271nzx11xl4r4_m7sqjlt0m0000gn/T//ccpiPgy5.s 			page 12


 220              	ft3x67_TS_DetectTouch:
 221              	.LVL11:
 222              	.LFB4:
 171:Drivers/BSP/Components/ft3x67/ft3x67.c ****   volatile uint8_t nbTouch = 0U;
 223              		.loc 1 171 1 is_stmt 1 view -0
 224              		.cfi_startproc
 225              		@ args = 0, pretend = 0, frame = 8
 226              		@ frame_needed = 0, uses_anonymous_args = 0
 171:Drivers/BSP/Components/ft3x67/ft3x67.c ****   volatile uint8_t nbTouch = 0U;
 227              		.loc 1 171 1 is_stmt 0 view .LVU32
 228 0000 00B5     		push	{lr}
 229              		.cfi_def_cfa_offset 4
 230              		.cfi_offset 14, -4
 231 0002 83B0     		sub	sp, sp, #12
 232              		.cfi_def_cfa_offset 16
 172:Drivers/BSP/Components/ft3x67/ft3x67.c ****   
 233              		.loc 1 172 3 is_stmt 1 view .LVU33
 172:Drivers/BSP/Components/ft3x67/ft3x67.c ****   
 234              		.loc 1 172 20 is_stmt 0 view .LVU34
 235 0004 0023     		movs	r3, #0
 236 0006 8DF80730 		strb	r3, [sp, #7]
 175:Drivers/BSP/Components/ft3x67/ft3x67.c ****   nbTouch &= FT3X67_TD_STAT_MASK;
 237              		.loc 1 175 3 is_stmt 1 view .LVU35
 175:Drivers/BSP/Components/ft3x67/ft3x67.c ****   nbTouch &= FT3X67_TD_STAT_MASK;
 238              		.loc 1 175 13 is_stmt 0 view .LVU36
 239 000a 0221     		movs	r1, #2
 240 000c C0B2     		uxtb	r0, r0
 241              	.LVL12:
 175:Drivers/BSP/Components/ft3x67/ft3x67.c ****   nbTouch &= FT3X67_TD_STAT_MASK;
 242              		.loc 1 175 13 view .LVU37
 243 000e FFF7FEFF 		bl	TS_IO_Read
 244              	.LVL13:
 175:Drivers/BSP/Components/ft3x67/ft3x67.c ****   nbTouch &= FT3X67_TD_STAT_MASK;
 245              		.loc 1 175 11 discriminator 1 view .LVU38
 246 0012 8DF80700 		strb	r0, [sp, #7]
 176:Drivers/BSP/Components/ft3x67/ft3x67.c ****   
 247              		.loc 1 176 3 is_stmt 1 view .LVU39
 176:Drivers/BSP/Components/ft3x67/ft3x67.c ****   
 248              		.loc 1 176 11 is_stmt 0 view .LVU40
 249 0016 9DF80730 		ldrb	r3, [sp, #7]	@ zero_extendqisi2
 250 001a 03F00F03 		and	r3, r3, #15
 251 001e 8DF80730 		strb	r3, [sp, #7]
 178:Drivers/BSP/Components/ft3x67/ft3x67.c ****   {
 252              		.loc 1 178 3 is_stmt 1 view .LVU41
 178:Drivers/BSP/Components/ft3x67/ft3x67.c ****   {
 253              		.loc 1 178 14 is_stmt 0 view .LVU42
 254 0022 9DF80730 		ldrb	r3, [sp, #7]	@ zero_extendqisi2
 255 0026 DBB2     		uxtb	r3, r3
 178:Drivers/BSP/Components/ft3x67/ft3x67.c ****   {
 256              		.loc 1 178 5 view .LVU43
 257 0028 022B     		cmp	r3, #2
 258 002a 02D9     		bls	.L18
 181:Drivers/BSP/Components/ft3x67/ft3x67.c ****   }
 259              		.loc 1 181 5 is_stmt 1 view .LVU44
 181:Drivers/BSP/Components/ft3x67/ft3x67.c ****   }
 260              		.loc 1 181 13 is_stmt 0 view .LVU45
 261 002c 0023     		movs	r3, #0
ARM GAS  /var/folders/n6/c271nzx11xl4r4_m7sqjlt0m0000gn/T//ccpiPgy5.s 			page 13


 262 002e 8DF80730 		strb	r3, [sp, #7]
 263              	.L18:
 185:Drivers/BSP/Components/ft3x67/ft3x67.c ****   
 264              		.loc 1 185 3 is_stmt 1 view .LVU46
 185:Drivers/BSP/Components/ft3x67/ft3x67.c ****   
 265              		.loc 1 185 35 is_stmt 0 view .LVU47
 266 0032 9DF80720 		ldrb	r2, [sp, #7]	@ zero_extendqisi2
 267 0036 044B     		ldr	r3, .L20
 268 0038 5A70     		strb	r2, [r3, #1]
 188:Drivers/BSP/Components/ft3x67/ft3x67.c ****   
 269              		.loc 1 188 3 is_stmt 1 view .LVU48
 188:Drivers/BSP/Components/ft3x67/ft3x67.c ****   
 270              		.loc 1 188 36 is_stmt 0 view .LVU49
 271 003a 0022     		movs	r2, #0
 272 003c 9A70     		strb	r2, [r3, #2]
 190:Drivers/BSP/Components/ft3x67/ft3x67.c **** }
 273              		.loc 1 190 3 is_stmt 1 view .LVU50
 190:Drivers/BSP/Components/ft3x67/ft3x67.c **** }
 274              		.loc 1 190 9 is_stmt 0 view .LVU51
 275 003e 9DF80700 		ldrb	r0, [sp, #7]	@ zero_extendqisi2
 191:Drivers/BSP/Components/ft3x67/ft3x67.c **** 
 276              		.loc 1 191 1 view .LVU52
 277 0042 03B0     		add	sp, sp, #12
 278              		.cfi_def_cfa_offset 4
 279              		@ sp needed
 280 0044 5DF804FB 		ldr	pc, [sp], #4
 281              	.L21:
 282              		.align	2
 283              	.L20:
 284 0048 00000000 		.word	ft3x67_handle
 285              		.cfi_endproc
 286              	.LFE4:
 288              		.section	.text.ft3x67_TS_Configure,"ax",%progbits
 289              		.align	1
 290              		.syntax unified
 291              		.thumb
 292              		.thumb_func
 294              	ft3x67_TS_Configure:
 295              	.LVL14:
 296              	.LFB15:
 410:Drivers/BSP/Components/ft3x67/ft3x67.c **** 
 411:Drivers/BSP/Components/ft3x67/ft3x67.c **** /**
 412:Drivers/BSP/Components/ft3x67/ft3x67.c ****   * @brief  Basic static configuration of TouchScreen
 413:Drivers/BSP/Components/ft3x67/ft3x67.c ****   * @param  DeviceAddr: FT3X67 Device address for communication on I2C Bus.
 414:Drivers/BSP/Components/ft3x67/ft3x67.c ****   * @retval Status FT3X67_STATUS_OK or FT3X67_STATUS_NOT_OK.
 415:Drivers/BSP/Components/ft3x67/ft3x67.c ****   */
 416:Drivers/BSP/Components/ft3x67/ft3x67.c **** static uint32_t ft3x67_TS_Configure(uint16_t DeviceAddr)
 417:Drivers/BSP/Components/ft3x67/ft3x67.c **** {
 297              		.loc 1 417 1 is_stmt 1 view -0
 298              		.cfi_startproc
 299              		@ args = 0, pretend = 0, frame = 0
 300              		@ frame_needed = 0, uses_anonymous_args = 0
 301              		.loc 1 417 1 is_stmt 0 view .LVU54
 302 0000 08B5     		push	{r3, lr}
 303              		.cfi_def_cfa_offset 8
 304              		.cfi_offset 3, -8
 305              		.cfi_offset 14, -4
ARM GAS  /var/folders/n6/c271nzx11xl4r4_m7sqjlt0m0000gn/T//ccpiPgy5.s 			page 14


 418:Drivers/BSP/Components/ft3x67/ft3x67.c ****   uint32_t status = FT3X67_STATUS_OK;
 306              		.loc 1 418 3 is_stmt 1 view .LVU55
 307              	.LVL15:
 419:Drivers/BSP/Components/ft3x67/ft3x67.c ****   
 420:Drivers/BSP/Components/ft3x67/ft3x67.c ****   /* Disable gesture feature */
 421:Drivers/BSP/Components/ft3x67/ft3x67.c ****   TS_IO_Write(DeviceAddr, FT3X67_GESTURE_ENABLE_REG, FT3X67_GESTURE_DISABLE);
 308              		.loc 1 421 3 view .LVU56
 309 0002 0022     		movs	r2, #0
 310 0004 D021     		movs	r1, #208
 311 0006 C0B2     		uxtb	r0, r0
 312              	.LVL16:
 313              		.loc 1 421 3 is_stmt 0 view .LVU57
 314 0008 FFF7FEFF 		bl	TS_IO_Write
 315              	.LVL17:
 422:Drivers/BSP/Components/ft3x67/ft3x67.c ****   
 423:Drivers/BSP/Components/ft3x67/ft3x67.c ****   return(status);
 316              		.loc 1 423 3 is_stmt 1 view .LVU58
 424:Drivers/BSP/Components/ft3x67/ft3x67.c **** }
 317              		.loc 1 424 1 is_stmt 0 view .LVU59
 318 000c 0020     		movs	r0, #0
 319 000e 08BD     		pop	{r3, pc}
 320              		.cfi_endproc
 321              	.LFE15:
 323              		.section	.text.ft3x67_TS_EnableIT,"ax",%progbits
 324              		.align	1
 325              		.global	ft3x67_TS_EnableIT
 326              		.syntax unified
 327              		.thumb
 328              		.thumb_func
 330              	ft3x67_TS_EnableIT:
 331              	.LVL18:
 332              	.LFB6:
 244:Drivers/BSP/Components/ft3x67/ft3x67.c ****   /* Set interrupt trigger mode in FT3X67_GMODE_REG */
 333              		.loc 1 244 1 is_stmt 1 view -0
 334              		.cfi_startproc
 335              		@ args = 0, pretend = 0, frame = 0
 336              		@ frame_needed = 0, uses_anonymous_args = 0
 244:Drivers/BSP/Components/ft3x67/ft3x67.c ****   /* Set interrupt trigger mode in FT3X67_GMODE_REG */
 337              		.loc 1 244 1 is_stmt 0 view .LVU61
 338 0000 08B5     		push	{r3, lr}
 339              		.cfi_def_cfa_offset 8
 340              		.cfi_offset 3, -8
 341              		.cfi_offset 14, -4
 246:Drivers/BSP/Components/ft3x67/ft3x67.c **** }
 342              		.loc 1 246 3 is_stmt 1 view .LVU62
 343 0002 0122     		movs	r2, #1
 344 0004 A421     		movs	r1, #164
 345 0006 C0B2     		uxtb	r0, r0
 346              	.LVL19:
 246:Drivers/BSP/Components/ft3x67/ft3x67.c **** }
 347              		.loc 1 246 3 is_stmt 0 view .LVU63
 348 0008 FFF7FEFF 		bl	TS_IO_Write
 349              	.LVL20:
 247:Drivers/BSP/Components/ft3x67/ft3x67.c **** 
 350              		.loc 1 247 1 view .LVU64
 351 000c 08BD     		pop	{r3, pc}
 352              		.cfi_endproc
ARM GAS  /var/folders/n6/c271nzx11xl4r4_m7sqjlt0m0000gn/T//ccpiPgy5.s 			page 15


 353              	.LFE6:
 355              		.section	.text.ft3x67_TS_DisableIT,"ax",%progbits
 356              		.align	1
 357              		.global	ft3x67_TS_DisableIT
 358              		.syntax unified
 359              		.thumb
 360              		.thumb_func
 362              	ft3x67_TS_DisableIT:
 363              	.LVL21:
 364              	.LFB7:
 256:Drivers/BSP/Components/ft3x67/ft3x67.c ****   /* Set interrupt polling mode in FT3X67_GMODE_REG */
 365              		.loc 1 256 1 is_stmt 1 view -0
 366              		.cfi_startproc
 367              		@ args = 0, pretend = 0, frame = 0
 368              		@ frame_needed = 0, uses_anonymous_args = 0
 256:Drivers/BSP/Components/ft3x67/ft3x67.c ****   /* Set interrupt polling mode in FT3X67_GMODE_REG */
 369              		.loc 1 256 1 is_stmt 0 view .LVU66
 370 0000 08B5     		push	{r3, lr}
 371              		.cfi_def_cfa_offset 8
 372              		.cfi_offset 3, -8
 373              		.cfi_offset 14, -4
 258:Drivers/BSP/Components/ft3x67/ft3x67.c **** }
 374              		.loc 1 258 3 is_stmt 1 view .LVU67
 375 0002 0022     		movs	r2, #0
 376 0004 A421     		movs	r1, #164
 377 0006 C0B2     		uxtb	r0, r0
 378              	.LVL22:
 258:Drivers/BSP/Components/ft3x67/ft3x67.c **** }
 379              		.loc 1 258 3 is_stmt 0 view .LVU68
 380 0008 FFF7FEFF 		bl	TS_IO_Write
 381              	.LVL23:
 259:Drivers/BSP/Components/ft3x67/ft3x67.c **** 
 382              		.loc 1 259 1 view .LVU69
 383 000c 08BD     		pop	{r3, pc}
 384              		.cfi_endproc
 385              	.LFE7:
 387              		.section	.text.ft3x67_TS_Start,"ax",%progbits
 388              		.align	1
 389              		.global	ft3x67_TS_Start
 390              		.syntax unified
 391              		.thumb
 392              		.thumb_func
 394              	ft3x67_TS_Start:
 395              	.LVL24:
 396              	.LFB3:
 154:Drivers/BSP/Components/ft3x67/ft3x67.c ****   /* Minimum static configuration of FT3X67 */
 397              		.loc 1 154 1 is_stmt 1 view -0
 398              		.cfi_startproc
 399              		@ args = 0, pretend = 0, frame = 0
 400              		@ frame_needed = 0, uses_anonymous_args = 0
 154:Drivers/BSP/Components/ft3x67/ft3x67.c ****   /* Minimum static configuration of FT3X67 */
 401              		.loc 1 154 1 is_stmt 0 view .LVU71
 402 0000 10B5     		push	{r4, lr}
 403              		.cfi_def_cfa_offset 8
 404              		.cfi_offset 4, -8
 405              		.cfi_offset 14, -4
 406 0002 0446     		mov	r4, r0
ARM GAS  /var/folders/n6/c271nzx11xl4r4_m7sqjlt0m0000gn/T//ccpiPgy5.s 			page 16


 156:Drivers/BSP/Components/ft3x67/ft3x67.c ****   
 407              		.loc 1 156 3 is_stmt 1 view .LVU72
 408 0004 FFF7FEFF 		bl	ft3x67_TS_Configure
 409              	.LVL25:
 160:Drivers/BSP/Components/ft3x67/ft3x67.c **** }
 410              		.loc 1 160 3 view .LVU73
 411 0008 2046     		mov	r0, r4
 412 000a FFF7FEFF 		bl	ft3x67_TS_DisableIT
 413              	.LVL26:
 161:Drivers/BSP/Components/ft3x67/ft3x67.c **** 
 414              		.loc 1 161 1 is_stmt 0 view .LVU74
 415 000e 10BD     		pop	{r4, pc}
 161:Drivers/BSP/Components/ft3x67/ft3x67.c **** 
 416              		.loc 1 161 1 view .LVU75
 417              		.cfi_endproc
 418              	.LFE3:
 420              		.section	.text.ft3x67_TS_GetXY,"ax",%progbits
 421              		.align	1
 422              		.global	ft3x67_TS_GetXY
 423              		.syntax unified
 424              		.thumb
 425              		.thumb_func
 427              	ft3x67_TS_GetXY:
 428              	.LVL27:
 429              	.LFB5:
 203:Drivers/BSP/Components/ft3x67/ft3x67.c ****   uint8_t regAddress = 0U;
 430              		.loc 1 203 1 is_stmt 1 view -0
 431              		.cfi_startproc
 432              		@ args = 0, pretend = 0, frame = 8
 433              		@ frame_needed = 0, uses_anonymous_args = 0
 203:Drivers/BSP/Components/ft3x67/ft3x67.c ****   uint8_t regAddress = 0U;
 434              		.loc 1 203 1 is_stmt 0 view .LVU77
 435 0000 30B5     		push	{r4, r5, lr}
 436              		.cfi_def_cfa_offset 12
 437              		.cfi_offset 4, -12
 438              		.cfi_offset 5, -8
 439              		.cfi_offset 14, -4
 440 0002 83B0     		sub	sp, sp, #12
 441              		.cfi_def_cfa_offset 24
 442 0004 1446     		mov	r4, r2
 204:Drivers/BSP/Components/ft3x67/ft3x67.c ****   uint8_t dataxy[4U];
 443              		.loc 1 204 3 is_stmt 1 view .LVU78
 444              	.LVL28:
 205:Drivers/BSP/Components/ft3x67/ft3x67.c ****   
 445              		.loc 1 205 3 view .LVU79
 207:Drivers/BSP/Components/ft3x67/ft3x67.c ****   {
 446              		.loc 1 207 3 view .LVU80
 207:Drivers/BSP/Components/ft3x67/ft3x67.c ****   {
 447              		.loc 1 207 19 is_stmt 0 view .LVU81
 448 0006 164B     		ldr	r3, .L36
 449 0008 9A78     		ldrb	r2, [r3, #2]	@ zero_extendqisi2
 450              	.LVL29:
 207:Drivers/BSP/Components/ft3x67/ft3x67.c ****   {
 451              		.loc 1 207 54 view .LVU82
 452 000a 5B78     		ldrb	r3, [r3, #1]	@ zero_extendqisi2
 207:Drivers/BSP/Components/ft3x67/ft3x67.c ****   {
 453              		.loc 1 207 5 view .LVU83
ARM GAS  /var/folders/n6/c271nzx11xl4r4_m7sqjlt0m0000gn/T//ccpiPgy5.s 			page 17


 454 000c 9A42     		cmp	r2, r3
 455 000e 22D2     		bcs	.L30
 456 0010 0D46     		mov	r5, r1
 209:Drivers/BSP/Components/ft3x67/ft3x67.c ****     {
 457              		.loc 1 209 5 is_stmt 1 view .LVU84
 458 0012 1AB1     		cbz	r2, .L33
 459 0014 012A     		cmp	r2, #1
 460 0016 20D1     		bne	.L34
 216:Drivers/BSP/Components/ft3x67/ft3x67.c ****       break;
 461              		.loc 1 216 18 is_stmt 0 view .LVU85
 462 0018 0921     		movs	r1, #9
 463              	.LVL30:
 216:Drivers/BSP/Components/ft3x67/ft3x67.c ****       break;
 464              		.loc 1 216 18 view .LVU86
 465 001a 00E0     		b	.L32
 466              	.LVL31:
 467              	.L33:
 212:Drivers/BSP/Components/ft3x67/ft3x67.c ****       break;
 468              		.loc 1 212 18 view .LVU87
 469 001c 0321     		movs	r1, #3
 470              	.LVL32:
 471              	.L32:
 224:Drivers/BSP/Components/ft3x67/ft3x67.c ****     
 472              		.loc 1 224 5 is_stmt 1 view .LVU88
 473 001e 0423     		movs	r3, #4
 474 0020 0DEB0302 		add	r2, sp, r3
 475 0024 C0B2     		uxtb	r0, r0
 476              	.LVL33:
 224:Drivers/BSP/Components/ft3x67/ft3x67.c ****     
 477              		.loc 1 224 5 is_stmt 0 view .LVU89
 478 0026 FFF7FEFF 		bl	TS_IO_ReadMultiple
 479              	.LVL34:
 227:Drivers/BSP/Components/ft3x67/ft3x67.c ****     
 480              		.loc 1 227 5 is_stmt 1 view .LVU90
 227:Drivers/BSP/Components/ft3x67/ft3x67.c ****     
 481              		.loc 1 227 18 is_stmt 0 view .LVU91
 482 002a 9DF80430 		ldrb	r3, [sp, #4]	@ zero_extendqisi2
 227:Drivers/BSP/Components/ft3x67/ft3x67.c ****     
 483              		.loc 1 227 52 view .LVU92
 484 002e 1B02     		lsls	r3, r3, #8
 485 0030 03F47063 		and	r3, r3, #3840
 227:Drivers/BSP/Components/ft3x67/ft3x67.c ****     
 486              		.loc 1 227 67 view .LVU93
 487 0034 9DF80520 		ldrb	r2, [sp, #5]	@ zero_extendqisi2
 227:Drivers/BSP/Components/ft3x67/ft3x67.c ****     
 488              		.loc 1 227 59 view .LVU94
 489 0038 1343     		orrs	r3, r3, r2
 227:Drivers/BSP/Components/ft3x67/ft3x67.c ****     
 490              		.loc 1 227 8 view .LVU95
 491 003a 2B80     		strh	r3, [r5]	@ movhi
 230:Drivers/BSP/Components/ft3x67/ft3x67.c ****     
 492              		.loc 1 230 5 is_stmt 1 view .LVU96
 230:Drivers/BSP/Components/ft3x67/ft3x67.c ****     
 493              		.loc 1 230 18 is_stmt 0 view .LVU97
 494 003c 9DF80630 		ldrb	r3, [sp, #6]	@ zero_extendqisi2
 230:Drivers/BSP/Components/ft3x67/ft3x67.c ****     
 495              		.loc 1 230 52 view .LVU98
ARM GAS  /var/folders/n6/c271nzx11xl4r4_m7sqjlt0m0000gn/T//ccpiPgy5.s 			page 18


 496 0040 1B02     		lsls	r3, r3, #8
 497 0042 03F47063 		and	r3, r3, #3840
 230:Drivers/BSP/Components/ft3x67/ft3x67.c ****     
 498              		.loc 1 230 67 view .LVU99
 499 0046 9DF80720 		ldrb	r2, [sp, #7]	@ zero_extendqisi2
 230:Drivers/BSP/Components/ft3x67/ft3x67.c ****     
 500              		.loc 1 230 59 view .LVU100
 501 004a 1343     		orrs	r3, r3, r2
 230:Drivers/BSP/Components/ft3x67/ft3x67.c ****     
 502              		.loc 1 230 8 view .LVU101
 503 004c 2380     		strh	r3, [r4]	@ movhi
 233:Drivers/BSP/Components/ft3x67/ft3x67.c ****   }
 504              		.loc 1 233 5 is_stmt 1 view .LVU102
 233:Drivers/BSP/Components/ft3x67/ft3x67.c ****   }
 505              		.loc 1 233 18 is_stmt 0 view .LVU103
 506 004e 044A     		ldr	r2, .L36
 507 0050 9378     		ldrb	r3, [r2, #2]	@ zero_extendqisi2
 233:Drivers/BSP/Components/ft3x67/ft3x67.c ****   }
 508              		.loc 1 233 37 view .LVU104
 509 0052 0133     		adds	r3, r3, #1
 510 0054 9370     		strb	r3, [r2, #2]
 511              	.LVL35:
 512              	.L30:
 235:Drivers/BSP/Components/ft3x67/ft3x67.c **** 
 513              		.loc 1 235 1 view .LVU105
 514 0056 03B0     		add	sp, sp, #12
 515              		.cfi_remember_state
 516              		.cfi_def_cfa_offset 12
 517              		@ sp needed
 518 0058 30BD     		pop	{r4, r5, pc}
 519              	.LVL36:
 520              	.L34:
 521              		.cfi_restore_state
 209:Drivers/BSP/Components/ft3x67/ft3x67.c ****     {
 522              		.loc 1 209 5 view .LVU106
 523 005a 0021     		movs	r1, #0
 524              	.LVL37:
 209:Drivers/BSP/Components/ft3x67/ft3x67.c ****     {
 525              		.loc 1 209 5 view .LVU107
 526 005c DFE7     		b	.L32
 527              	.L37:
 528 005e 00BF     		.align	2
 529              	.L36:
 530 0060 00000000 		.word	ft3x67_handle
 531              		.cfi_endproc
 532              	.LFE5:
 534              		.section	.text.ft3x67_TS_GestureConfig,"ax",%progbits
 535              		.align	1
 536              		.global	ft3x67_TS_GestureConfig
 537              		.syntax unified
 538              		.thumb
 539              		.thumb_func
 541              	ft3x67_TS_GestureConfig:
 542              	.LVL38:
 543              	.LFB10:
 295:Drivers/BSP/Components/ft3x67/ft3x67.c ****   if(Activation == FT3X67_GESTURE_ENABLE)
 544              		.loc 1 295 1 is_stmt 1 view -0
ARM GAS  /var/folders/n6/c271nzx11xl4r4_m7sqjlt0m0000gn/T//ccpiPgy5.s 			page 19


 545              		.cfi_startproc
 546              		@ args = 0, pretend = 0, frame = 0
 547              		@ frame_needed = 0, uses_anonymous_args = 0
 295:Drivers/BSP/Components/ft3x67/ft3x67.c ****   if(Activation == FT3X67_GESTURE_ENABLE)
 548              		.loc 1 295 1 is_stmt 0 view .LVU109
 549 0000 10B5     		push	{r4, lr}
 550              		.cfi_def_cfa_offset 8
 551              		.cfi_offset 4, -8
 552              		.cfi_offset 14, -4
 296:Drivers/BSP/Components/ft3x67/ft3x67.c ****   {
 553              		.loc 1 296 3 is_stmt 1 view .LVU110
 296:Drivers/BSP/Components/ft3x67/ft3x67.c ****   {
 554              		.loc 1 296 5 is_stmt 0 view .LVU111
 555 0002 0129     		cmp	r1, #1
 556 0004 0BD0     		beq	.L42
 305:Drivers/BSP/Components/ft3x67/ft3x67.c ****     TS_IO_Write(DeviceAddr, FT3X67_GESTURE_ENABLE_REG, FT3X67_GESTURE_DISABLE);
 557              		.loc 1 305 5 is_stmt 1 view .LVU112
 558 0006 C4B2     		uxtb	r4, r0
 559 0008 0022     		movs	r2, #0
 560 000a D121     		movs	r1, #209
 561              	.LVL39:
 305:Drivers/BSP/Components/ft3x67/ft3x67.c ****     TS_IO_Write(DeviceAddr, FT3X67_GESTURE_ENABLE_REG, FT3X67_GESTURE_DISABLE);
 562              		.loc 1 305 5 is_stmt 0 view .LVU113
 563 000c 2046     		mov	r0, r4
 564              	.LVL40:
 305:Drivers/BSP/Components/ft3x67/ft3x67.c ****     TS_IO_Write(DeviceAddr, FT3X67_GESTURE_ENABLE_REG, FT3X67_GESTURE_DISABLE);
 565              		.loc 1 305 5 view .LVU114
 566 000e FFF7FEFF 		bl	TS_IO_Write
 567              	.LVL41:
 306:Drivers/BSP/Components/ft3x67/ft3x67.c ****   }
 568              		.loc 1 306 5 is_stmt 1 view .LVU115
 569 0012 0022     		movs	r2, #0
 570 0014 D021     		movs	r1, #208
 571 0016 2046     		mov	r0, r4
 572 0018 FFF7FEFF 		bl	TS_IO_Write
 573              	.LVL42:
 574              	.L38:
 308:Drivers/BSP/Components/ft3x67/ft3x67.c **** 
 575              		.loc 1 308 1 is_stmt 0 view .LVU116
 576 001c 10BD     		pop	{r4, pc}
 577              	.LVL43:
 578              	.L42:
 299:Drivers/BSP/Components/ft3x67/ft3x67.c ****     TS_IO_Write(DeviceAddr, FT3X67_GESTURE_ENABLE_REG, FT3X67_GESTURE_ENABLE);
 579              		.loc 1 299 5 is_stmt 1 view .LVU117
 580 001e C4B2     		uxtb	r4, r0
 581 0020 1F22     		movs	r2, #31
 582 0022 D121     		movs	r1, #209
 583              	.LVL44:
 299:Drivers/BSP/Components/ft3x67/ft3x67.c ****     TS_IO_Write(DeviceAddr, FT3X67_GESTURE_ENABLE_REG, FT3X67_GESTURE_ENABLE);
 584              		.loc 1 299 5 is_stmt 0 view .LVU118
 585 0024 2046     		mov	r0, r4
 586              	.LVL45:
 299:Drivers/BSP/Components/ft3x67/ft3x67.c ****     TS_IO_Write(DeviceAddr, FT3X67_GESTURE_ENABLE_REG, FT3X67_GESTURE_ENABLE);
 587              		.loc 1 299 5 view .LVU119
 588 0026 FFF7FEFF 		bl	TS_IO_Write
 589              	.LVL46:
 300:Drivers/BSP/Components/ft3x67/ft3x67.c ****   }
ARM GAS  /var/folders/n6/c271nzx11xl4r4_m7sqjlt0m0000gn/T//ccpiPgy5.s 			page 20


 590              		.loc 1 300 5 is_stmt 1 view .LVU120
 591 002a 0122     		movs	r2, #1
 592 002c D021     		movs	r1, #208
 593 002e 2046     		mov	r0, r4
 594 0030 FFF7FEFF 		bl	TS_IO_Write
 595              	.LVL47:
 596 0034 F2E7     		b	.L38
 597              		.cfi_endproc
 598              	.LFE10:
 600              		.section	.text.ft3x67_TS_GetGestureID,"ax",%progbits
 601              		.align	1
 602              		.global	ft3x67_TS_GetGestureID
 603              		.syntax unified
 604              		.thumb
 605              		.thumb_func
 607              	ft3x67_TS_GetGestureID:
 608              	.LVL48:
 609              	.LFB11:
 317:Drivers/BSP/Components/ft3x67/ft3x67.c ****   volatile uint8_t ucReadData = 0U;
 610              		.loc 1 317 1 view -0
 611              		.cfi_startproc
 612              		@ args = 0, pretend = 0, frame = 8
 613              		@ frame_needed = 0, uses_anonymous_args = 0
 317:Drivers/BSP/Components/ft3x67/ft3x67.c ****   volatile uint8_t ucReadData = 0U;
 614              		.loc 1 317 1 is_stmt 0 view .LVU122
 615 0000 10B5     		push	{r4, lr}
 616              		.cfi_def_cfa_offset 8
 617              		.cfi_offset 4, -8
 618              		.cfi_offset 14, -4
 619 0002 82B0     		sub	sp, sp, #8
 620              		.cfi_def_cfa_offset 16
 621 0004 0C46     		mov	r4, r1
 318:Drivers/BSP/Components/ft3x67/ft3x67.c ****   
 622              		.loc 1 318 3 is_stmt 1 view .LVU123
 318:Drivers/BSP/Components/ft3x67/ft3x67.c ****   
 623              		.loc 1 318 20 is_stmt 0 view .LVU124
 624 0006 0023     		movs	r3, #0
 625 0008 8DF80730 		strb	r3, [sp, #7]
 320:Drivers/BSP/Components/ft3x67/ft3x67.c ****   
 626              		.loc 1 320 3 is_stmt 1 view .LVU125
 320:Drivers/BSP/Components/ft3x67/ft3x67.c ****   
 627              		.loc 1 320 16 is_stmt 0 view .LVU126
 628 000c D321     		movs	r1, #211
 629              	.LVL49:
 320:Drivers/BSP/Components/ft3x67/ft3x67.c ****   
 630              		.loc 1 320 16 view .LVU127
 631 000e C0B2     		uxtb	r0, r0
 632              	.LVL50:
 320:Drivers/BSP/Components/ft3x67/ft3x67.c ****   
 633              		.loc 1 320 16 view .LVU128
 634 0010 FFF7FEFF 		bl	TS_IO_Read
 635              	.LVL51:
 320:Drivers/BSP/Components/ft3x67/ft3x67.c ****   
 636              		.loc 1 320 14 discriminator 1 view .LVU129
 637 0014 8DF80700 		strb	r0, [sp, #7]
 322:Drivers/BSP/Components/ft3x67/ft3x67.c **** }
 638              		.loc 1 322 3 is_stmt 1 view .LVU130
ARM GAS  /var/folders/n6/c271nzx11xl4r4_m7sqjlt0m0000gn/T//ccpiPgy5.s 			page 21


 322:Drivers/BSP/Components/ft3x67/ft3x67.c **** }
 639              		.loc 1 322 15 is_stmt 0 view .LVU131
 640 0018 9DF80730 		ldrb	r3, [sp, #7]	@ zero_extendqisi2
 641 001c 2360     		str	r3, [r4]
 323:Drivers/BSP/Components/ft3x67/ft3x67.c **** 
 642              		.loc 1 323 1 view .LVU132
 643 001e 02B0     		add	sp, sp, #8
 644              		.cfi_def_cfa_offset 8
 645              		@ sp needed
 646 0020 10BD     		pop	{r4, pc}
 323:Drivers/BSP/Components/ft3x67/ft3x67.c **** 
 647              		.loc 1 323 1 view .LVU133
 648              		.cfi_endproc
 649              	.LFE11:
 651              		.section	.text.ft3x67_TS_GetTouchInfo,"ax",%progbits
 652              		.align	1
 653              		.global	ft3x67_TS_GetTouchInfo
 654              		.syntax unified
 655              		.thumb
 656              		.thumb_func
 658              	ft3x67_TS_GetTouchInfo:
 659              	.LVL52:
 660              	.LFB12:
 345:Drivers/BSP/Components/ft3x67/ft3x67.c ****   volatile uint8_t ucReadData = 0U;
 661              		.loc 1 345 1 is_stmt 1 view -0
 662              		.cfi_startproc
 663              		@ args = 4, pretend = 0, frame = 8
 664              		@ frame_needed = 0, uses_anonymous_args = 0
 345:Drivers/BSP/Components/ft3x67/ft3x67.c ****   volatile uint8_t ucReadData = 0U;
 665              		.loc 1 345 1 is_stmt 0 view .LVU135
 666 0000 30B5     		push	{r4, r5, lr}
 667              		.cfi_def_cfa_offset 12
 668              		.cfi_offset 4, -12
 669              		.cfi_offset 5, -8
 670              		.cfi_offset 14, -4
 671 0002 83B0     		sub	sp, sp, #12
 672              		.cfi_def_cfa_offset 24
 673 0004 1C46     		mov	r4, r3
 346:Drivers/BSP/Components/ft3x67/ft3x67.c ****   uint8_t regAddressXHigh     = 0U;
 674              		.loc 1 346 3 is_stmt 1 view .LVU136
 346:Drivers/BSP/Components/ft3x67/ft3x67.c ****   uint8_t regAddressXHigh     = 0U;
 675              		.loc 1 346 20 is_stmt 0 view .LVU137
 676 0006 0023     		movs	r3, #0
 677              	.LVL53:
 346:Drivers/BSP/Components/ft3x67/ft3x67.c ****   uint8_t regAddressXHigh     = 0U;
 678              		.loc 1 346 20 view .LVU138
 679 0008 8DF80730 		strb	r3, [sp, #7]
 347:Drivers/BSP/Components/ft3x67/ft3x67.c ****   
 680              		.loc 1 347 3 is_stmt 1 view .LVU139
 681              	.LVL54:
 349:Drivers/BSP/Components/ft3x67/ft3x67.c ****   {
 682              		.loc 1 349 3 view .LVU140
 349:Drivers/BSP/Components/ft3x67/ft3x67.c ****   {
 683              		.loc 1 349 30 is_stmt 0 view .LVU141
 684 000c 0D4B     		ldr	r3, .L51
 685 000e 5B78     		ldrb	r3, [r3, #1]	@ zero_extendqisi2
 349:Drivers/BSP/Components/ft3x67/ft3x67.c ****   {
ARM GAS  /var/folders/n6/c271nzx11xl4r4_m7sqjlt0m0000gn/T//ccpiPgy5.s 			page 22


 686              		.loc 1 349 5 view .LVU142
 687 0010 8B42     		cmp	r3, r1
 688 0012 13D9     		bls	.L45
 689 0014 1546     		mov	r5, r2
 351:Drivers/BSP/Components/ft3x67/ft3x67.c ****     {
 690              		.loc 1 351 5 is_stmt 1 view .LVU143
 691 0016 19B1     		cbz	r1, .L48
 692 0018 0129     		cmp	r1, #1
 693 001a 11D1     		bne	.L49
 358:Drivers/BSP/Components/ft3x67/ft3x67.c ****       break;
 694              		.loc 1 358 25 is_stmt 0 view .LVU144
 695 001c 0921     		movs	r1, #9
 696              	.LVL55:
 358:Drivers/BSP/Components/ft3x67/ft3x67.c ****       break;
 697              		.loc 1 358 25 view .LVU145
 698 001e 00E0     		b	.L47
 699              	.LVL56:
 700              	.L48:
 354:Drivers/BSP/Components/ft3x67/ft3x67.c ****       break;
 701              		.loc 1 354 25 view .LVU146
 702 0020 0321     		movs	r1, #3
 703              	.LVL57:
 704              	.L47:
 365:Drivers/BSP/Components/ft3x67/ft3x67.c ****     *pEvent = (ucReadData & FT3X67_TOUCH_EVT_FLAG_MASK) >> FT3X67_TOUCH_EVT_FLAG_SHIFT;
 705              		.loc 1 365 5 is_stmt 1 view .LVU147
 365:Drivers/BSP/Components/ft3x67/ft3x67.c ****     *pEvent = (ucReadData & FT3X67_TOUCH_EVT_FLAG_MASK) >> FT3X67_TOUCH_EVT_FLAG_SHIFT;
 706              		.loc 1 365 18 is_stmt 0 view .LVU148
 707 0022 C0B2     		uxtb	r0, r0
 708              	.LVL58:
 365:Drivers/BSP/Components/ft3x67/ft3x67.c ****     *pEvent = (ucReadData & FT3X67_TOUCH_EVT_FLAG_MASK) >> FT3X67_TOUCH_EVT_FLAG_SHIFT;
 709              		.loc 1 365 18 view .LVU149
 710 0024 FFF7FEFF 		bl	TS_IO_Read
 711              	.LVL59:
 365:Drivers/BSP/Components/ft3x67/ft3x67.c ****     *pEvent = (ucReadData & FT3X67_TOUCH_EVT_FLAG_MASK) >> FT3X67_TOUCH_EVT_FLAG_SHIFT;
 712              		.loc 1 365 16 discriminator 1 view .LVU150
 713 0028 8DF80700 		strb	r0, [sp, #7]
 366:Drivers/BSP/Components/ft3x67/ft3x67.c ****     
 714              		.loc 1 366 5 is_stmt 1 view .LVU151
 366:Drivers/BSP/Components/ft3x67/ft3x67.c ****     
 715              		.loc 1 366 57 is_stmt 0 view .LVU152
 716 002c 9DF80730 		ldrb	r3, [sp, #7]	@ zero_extendqisi2
 717 0030 9B09     		lsrs	r3, r3, #6
 366:Drivers/BSP/Components/ft3x67/ft3x67.c ****     
 718              		.loc 1 366 13 view .LVU153
 719 0032 069A     		ldr	r2, [sp, #24]
 720 0034 1360     		str	r3, [r2]
 369:Drivers/BSP/Components/ft3x67/ft3x67.c ****     *pArea   = 0;
 721              		.loc 1 369 5 is_stmt 1 view .LVU154
 369:Drivers/BSP/Components/ft3x67/ft3x67.c ****     *pArea   = 0;
 722              		.loc 1 369 14 is_stmt 0 view .LVU155
 723 0036 0023     		movs	r3, #0
 724 0038 2B60     		str	r3, [r5]
 370:Drivers/BSP/Components/ft3x67/ft3x67.c ****   } /* of if(touchIdx < ft3x67_handle.currActiveTouchNb) */
 725              		.loc 1 370 5 is_stmt 1 view .LVU156
 370:Drivers/BSP/Components/ft3x67/ft3x67.c ****   } /* of if(touchIdx < ft3x67_handle.currActiveTouchNb) */
 726              		.loc 1 370 14 is_stmt 0 view .LVU157
 727 003a 2360     		str	r3, [r4]
ARM GAS  /var/folders/n6/c271nzx11xl4r4_m7sqjlt0m0000gn/T//ccpiPgy5.s 			page 23


 728              	.LVL60:
 729              	.L45:
 372:Drivers/BSP/Components/ft3x67/ft3x67.c **** 
 730              		.loc 1 372 1 view .LVU158
 731 003c 03B0     		add	sp, sp, #12
 732              		.cfi_remember_state
 733              		.cfi_def_cfa_offset 12
 734              		@ sp needed
 735 003e 30BD     		pop	{r4, r5, pc}
 736              	.LVL61:
 737              	.L49:
 738              		.cfi_restore_state
 351:Drivers/BSP/Components/ft3x67/ft3x67.c ****     {
 739              		.loc 1 351 5 view .LVU159
 740 0040 0021     		movs	r1, #0
 741              	.LVL62:
 351:Drivers/BSP/Components/ft3x67/ft3x67.c ****     {
 742              		.loc 1 351 5 view .LVU160
 743 0042 EEE7     		b	.L47
 744              	.L52:
 745              		.align	2
 746              	.L51:
 747 0044 00000000 		.word	ft3x67_handle
 748              		.cfi_endproc
 749              	.LFE12:
 751              		.section	.bss.ft3x67_handle,"aw",%nobits
 752              		.align	2
 755              	ft3x67_handle:
 756 0000 000000   		.space	3
 757              		.global	ft3x67_ts_drv
 758              		.section	.data.ft3x67_ts_drv,"aw"
 759              		.align	2
 762              	ft3x67_ts_drv:
 763 0000 00000000 		.word	ft3x67_Init
 764 0004 00000000 		.word	ft3x67_ReadID
 765 0008 00000000 		.word	ft3x67_Reset
 766 000c 00000000 		.word	ft3x67_TS_Start
 767 0010 00000000 		.word	ft3x67_TS_DetectTouch
 768 0014 00000000 		.word	ft3x67_TS_GetXY
 769 0018 00000000 		.word	ft3x67_TS_EnableIT
 770 001c 00000000 		.word	ft3x67_TS_ClearIT
 771 0020 00000000 		.word	ft3x67_TS_ITStatus
 772 0024 00000000 		.word	ft3x67_TS_DisableIT
 773              		.text
 774              	.Letext0:
 775              		.file 2 "/Users/killian/Library/Application Support/Code/User/globalStorage/bmd.stm32-for-vscode/@
 776              		.file 3 "/Users/killian/Library/Application Support/Code/User/globalStorage/bmd.stm32-for-vscode/@
 777              		.file 4 "Drivers/BSP/Components/ft3x67/../Common/ts.h"
 778              		.file 5 "Drivers/BSP/Components/ft3x67/ft3x67.h"
ARM GAS  /var/folders/n6/c271nzx11xl4r4_m7sqjlt0m0000gn/T//ccpiPgy5.s 			page 24


DEFINED SYMBOLS
                            *ABS*:00000000 ft3x67.c
/var/folders/n6/c271nzx11xl4r4_m7sqjlt0m0000gn/T//ccpiPgy5.s:20     .text.ft3x67_Reset:00000000 $t
/var/folders/n6/c271nzx11xl4r4_m7sqjlt0m0000gn/T//ccpiPgy5.s:26     .text.ft3x67_Reset:00000000 ft3x67_Reset
/var/folders/n6/c271nzx11xl4r4_m7sqjlt0m0000gn/T//ccpiPgy5.s:40     .text.ft3x67_TS_ITStatus:00000000 $t
/var/folders/n6/c271nzx11xl4r4_m7sqjlt0m0000gn/T//ccpiPgy5.s:46     .text.ft3x67_TS_ITStatus:00000000 ft3x67_TS_ITStatus
/var/folders/n6/c271nzx11xl4r4_m7sqjlt0m0000gn/T//ccpiPgy5.s:64     .text.ft3x67_TS_ClearIT:00000000 $t
/var/folders/n6/c271nzx11xl4r4_m7sqjlt0m0000gn/T//ccpiPgy5.s:70     .text.ft3x67_TS_ClearIT:00000000 ft3x67_TS_ClearIT
/var/folders/n6/c271nzx11xl4r4_m7sqjlt0m0000gn/T//ccpiPgy5.s:84     .text.ft3x67_Get_I2C_InitializedStatus:00000000 $t
/var/folders/n6/c271nzx11xl4r4_m7sqjlt0m0000gn/T//ccpiPgy5.s:89     .text.ft3x67_Get_I2C_InitializedStatus:00000000 ft3x67_Get_I2C_InitializedStatus
/var/folders/n6/c271nzx11xl4r4_m7sqjlt0m0000gn/T//ccpiPgy5.s:104    .text.ft3x67_Get_I2C_InitializedStatus:00000008 $d
/var/folders/n6/c271nzx11xl4r4_m7sqjlt0m0000gn/T//ccpiPgy5.s:755    .bss.ft3x67_handle:00000000 ft3x67_handle
/var/folders/n6/c271nzx11xl4r4_m7sqjlt0m0000gn/T//ccpiPgy5.s:109    .text.ft3x67_I2C_InitializeIfRequired:00000000 $t
/var/folders/n6/c271nzx11xl4r4_m7sqjlt0m0000gn/T//ccpiPgy5.s:114    .text.ft3x67_I2C_InitializeIfRequired:00000000 ft3x67_I2C_InitializeIfRequired
/var/folders/n6/c271nzx11xl4r4_m7sqjlt0m0000gn/T//ccpiPgy5.s:147    .text.ft3x67_I2C_InitializeIfRequired:00000018 $d
/var/folders/n6/c271nzx11xl4r4_m7sqjlt0m0000gn/T//ccpiPgy5.s:152    .text.ft3x67_Init:00000000 $t
/var/folders/n6/c271nzx11xl4r4_m7sqjlt0m0000gn/T//ccpiPgy5.s:158    .text.ft3x67_Init:00000000 ft3x67_Init
/var/folders/n6/c271nzx11xl4r4_m7sqjlt0m0000gn/T//ccpiPgy5.s:179    .text.ft3x67_ReadID:00000000 $t
/var/folders/n6/c271nzx11xl4r4_m7sqjlt0m0000gn/T//ccpiPgy5.s:185    .text.ft3x67_ReadID:00000000 ft3x67_ReadID
/var/folders/n6/c271nzx11xl4r4_m7sqjlt0m0000gn/T//ccpiPgy5.s:214    .text.ft3x67_TS_DetectTouch:00000000 $t
/var/folders/n6/c271nzx11xl4r4_m7sqjlt0m0000gn/T//ccpiPgy5.s:220    .text.ft3x67_TS_DetectTouch:00000000 ft3x67_TS_DetectTouch
/var/folders/n6/c271nzx11xl4r4_m7sqjlt0m0000gn/T//ccpiPgy5.s:284    .text.ft3x67_TS_DetectTouch:00000048 $d
/var/folders/n6/c271nzx11xl4r4_m7sqjlt0m0000gn/T//ccpiPgy5.s:289    .text.ft3x67_TS_Configure:00000000 $t
/var/folders/n6/c271nzx11xl4r4_m7sqjlt0m0000gn/T//ccpiPgy5.s:294    .text.ft3x67_TS_Configure:00000000 ft3x67_TS_Configure
/var/folders/n6/c271nzx11xl4r4_m7sqjlt0m0000gn/T//ccpiPgy5.s:324    .text.ft3x67_TS_EnableIT:00000000 $t
/var/folders/n6/c271nzx11xl4r4_m7sqjlt0m0000gn/T//ccpiPgy5.s:330    .text.ft3x67_TS_EnableIT:00000000 ft3x67_TS_EnableIT
/var/folders/n6/c271nzx11xl4r4_m7sqjlt0m0000gn/T//ccpiPgy5.s:356    .text.ft3x67_TS_DisableIT:00000000 $t
/var/folders/n6/c271nzx11xl4r4_m7sqjlt0m0000gn/T//ccpiPgy5.s:362    .text.ft3x67_TS_DisableIT:00000000 ft3x67_TS_DisableIT
/var/folders/n6/c271nzx11xl4r4_m7sqjlt0m0000gn/T//ccpiPgy5.s:388    .text.ft3x67_TS_Start:00000000 $t
/var/folders/n6/c271nzx11xl4r4_m7sqjlt0m0000gn/T//ccpiPgy5.s:394    .text.ft3x67_TS_Start:00000000 ft3x67_TS_Start
/var/folders/n6/c271nzx11xl4r4_m7sqjlt0m0000gn/T//ccpiPgy5.s:421    .text.ft3x67_TS_GetXY:00000000 $t
/var/folders/n6/c271nzx11xl4r4_m7sqjlt0m0000gn/T//ccpiPgy5.s:427    .text.ft3x67_TS_GetXY:00000000 ft3x67_TS_GetXY
/var/folders/n6/c271nzx11xl4r4_m7sqjlt0m0000gn/T//ccpiPgy5.s:530    .text.ft3x67_TS_GetXY:00000060 $d
/var/folders/n6/c271nzx11xl4r4_m7sqjlt0m0000gn/T//ccpiPgy5.s:535    .text.ft3x67_TS_GestureConfig:00000000 $t
/var/folders/n6/c271nzx11xl4r4_m7sqjlt0m0000gn/T//ccpiPgy5.s:541    .text.ft3x67_TS_GestureConfig:00000000 ft3x67_TS_GestureConfig
/var/folders/n6/c271nzx11xl4r4_m7sqjlt0m0000gn/T//ccpiPgy5.s:601    .text.ft3x67_TS_GetGestureID:00000000 $t
/var/folders/n6/c271nzx11xl4r4_m7sqjlt0m0000gn/T//ccpiPgy5.s:607    .text.ft3x67_TS_GetGestureID:00000000 ft3x67_TS_GetGestureID
/var/folders/n6/c271nzx11xl4r4_m7sqjlt0m0000gn/T//ccpiPgy5.s:652    .text.ft3x67_TS_GetTouchInfo:00000000 $t
/var/folders/n6/c271nzx11xl4r4_m7sqjlt0m0000gn/T//ccpiPgy5.s:658    .text.ft3x67_TS_GetTouchInfo:00000000 ft3x67_TS_GetTouchInfo
/var/folders/n6/c271nzx11xl4r4_m7sqjlt0m0000gn/T//ccpiPgy5.s:747    .text.ft3x67_TS_GetTouchInfo:00000044 $d
/var/folders/n6/c271nzx11xl4r4_m7sqjlt0m0000gn/T//ccpiPgy5.s:752    .bss.ft3x67_handle:00000000 $d
/var/folders/n6/c271nzx11xl4r4_m7sqjlt0m0000gn/T//ccpiPgy5.s:762    .data.ft3x67_ts_drv:00000000 ft3x67_ts_drv
/var/folders/n6/c271nzx11xl4r4_m7sqjlt0m0000gn/T//ccpiPgy5.s:759    .data.ft3x67_ts_drv:00000000 $d

UNDEFINED SYMBOLS
TS_IO_Init
TS_IO_Read
TS_IO_Write
TS_IO_ReadMultiple
