ARM GAS  /var/folders/n6/c271nzx11xl4r4_m7sqjlt0m0000gn/T//ccXRbvPo.s 			page 1


   1              		.cpu cortex-m7
   2              		.arch armv7e-m
   3              		.fpu fpv5-d16
   4              		.eabi_attribute 28, 1
   5              		.eabi_attribute 20, 1
   6              		.eabi_attribute 21, 1
   7              		.eabi_attribute 23, 3
   8              		.eabi_attribute 24, 1
   9              		.eabi_attribute 25, 1
  10              		.eabi_attribute 26, 1
  11              		.eabi_attribute 30, 1
  12              		.eabi_attribute 34, 1
  13              		.eabi_attribute 18, 4
  14              		.file	"stm32f7xx_it.c"
  15              		.text
  16              	.Ltext0:
  17              		.cfi_sections	.debug_frame
  18              		.file 1 "Core/Src/stm32f7xx_it.c"
  19              		.section	.text.NMI_Handler,"ax",%progbits
  20              		.align	1
  21              		.global	NMI_Handler
  22              		.syntax unified
  23              		.thumb
  24              		.thumb_func
  26              	NMI_Handler:
  27              	.LFB144:
   1:Core/Src/stm32f7xx_it.c **** /* USER CODE BEGIN Header */
   2:Core/Src/stm32f7xx_it.c **** /**
   3:Core/Src/stm32f7xx_it.c ****  ******************************************************************************
   4:Core/Src/stm32f7xx_it.c ****  * @file    stm32f7xx_it.c
   5:Core/Src/stm32f7xx_it.c ****  * @brief   Interrupt Service Routines.
   6:Core/Src/stm32f7xx_it.c ****  ******************************************************************************
   7:Core/Src/stm32f7xx_it.c ****  * @attention
   8:Core/Src/stm32f7xx_it.c ****  *
   9:Core/Src/stm32f7xx_it.c ****  * Copyright (c) 2024 STMicroelectronics.
  10:Core/Src/stm32f7xx_it.c ****  * All rights reserved.
  11:Core/Src/stm32f7xx_it.c ****  *
  12:Core/Src/stm32f7xx_it.c ****  * This software is licensed under terms that can be found in the LICENSE file
  13:Core/Src/stm32f7xx_it.c ****  * in the root directory of this software component.
  14:Core/Src/stm32f7xx_it.c ****  * If no LICENSE file comes with this software, it is provided AS-IS.
  15:Core/Src/stm32f7xx_it.c ****  *
  16:Core/Src/stm32f7xx_it.c ****  ******************************************************************************
  17:Core/Src/stm32f7xx_it.c ****  */
  18:Core/Src/stm32f7xx_it.c **** /* USER CODE END Header */
  19:Core/Src/stm32f7xx_it.c **** 
  20:Core/Src/stm32f7xx_it.c **** /* Includes ------------------------------------------------------------------*/
  21:Core/Src/stm32f7xx_it.c **** #include "main.h"
  22:Core/Src/stm32f7xx_it.c **** #include "stm32f7xx_it.h"
  23:Core/Src/stm32f7xx_it.c **** /* Private includes ----------------------------------------------------------*/
  24:Core/Src/stm32f7xx_it.c **** /* USER CODE BEGIN Includes */
  25:Core/Src/stm32f7xx_it.c **** #include "../../Drivers/BSP/STM32F769I-Discovery/stm32f769i_discovery_ts.h"
  26:Core/Src/stm32f7xx_it.c **** /* USER CODE END Includes */
  27:Core/Src/stm32f7xx_it.c **** 
  28:Core/Src/stm32f7xx_it.c **** /* Private typedef -----------------------------------------------------------*/
  29:Core/Src/stm32f7xx_it.c **** /* USER CODE BEGIN TD */
  30:Core/Src/stm32f7xx_it.c **** 
  31:Core/Src/stm32f7xx_it.c **** /* USER CODE END TD */
ARM GAS  /var/folders/n6/c271nzx11xl4r4_m7sqjlt0m0000gn/T//ccXRbvPo.s 			page 2


  32:Core/Src/stm32f7xx_it.c **** 
  33:Core/Src/stm32f7xx_it.c **** /* Private define ------------------------------------------------------------*/
  34:Core/Src/stm32f7xx_it.c **** /* USER CODE BEGIN PD */
  35:Core/Src/stm32f7xx_it.c **** 
  36:Core/Src/stm32f7xx_it.c **** /* USER CODE END PD */
  37:Core/Src/stm32f7xx_it.c **** 
  38:Core/Src/stm32f7xx_it.c **** /* Private macro -------------------------------------------------------------*/
  39:Core/Src/stm32f7xx_it.c **** /* USER CODE BEGIN PM */
  40:Core/Src/stm32f7xx_it.c **** 
  41:Core/Src/stm32f7xx_it.c **** /* USER CODE END PM */
  42:Core/Src/stm32f7xx_it.c **** 
  43:Core/Src/stm32f7xx_it.c **** /* Private variables ---------------------------------------------------------*/
  44:Core/Src/stm32f7xx_it.c **** /* USER CODE BEGIN PV */
  45:Core/Src/stm32f7xx_it.c **** 
  46:Core/Src/stm32f7xx_it.c **** /* USER CODE END PV */
  47:Core/Src/stm32f7xx_it.c **** 
  48:Core/Src/stm32f7xx_it.c **** /* Private function prototypes -----------------------------------------------*/
  49:Core/Src/stm32f7xx_it.c **** /* USER CODE BEGIN PFP */
  50:Core/Src/stm32f7xx_it.c **** 
  51:Core/Src/stm32f7xx_it.c **** /* USER CODE END PFP */
  52:Core/Src/stm32f7xx_it.c **** 
  53:Core/Src/stm32f7xx_it.c **** /* Private user code ---------------------------------------------------------*/
  54:Core/Src/stm32f7xx_it.c **** /* USER CODE BEGIN 0 */
  55:Core/Src/stm32f7xx_it.c **** 
  56:Core/Src/stm32f7xx_it.c **** /* USER CODE END 0 */
  57:Core/Src/stm32f7xx_it.c **** 
  58:Core/Src/stm32f7xx_it.c **** /* External variables --------------------------------------------------------*/
  59:Core/Src/stm32f7xx_it.c **** extern TIM_HandleTypeDef htim6;
  60:Core/Src/stm32f7xx_it.c **** 
  61:Core/Src/stm32f7xx_it.c **** /* USER CODE BEGIN EV */
  62:Core/Src/stm32f7xx_it.c **** extern DFSDM_Filter_HandleTypeDef hAudioInTopLeftFilter;
  63:Core/Src/stm32f7xx_it.c **** extern DFSDM_Filter_HandleTypeDef hAudioInTopRightFilter;
  64:Core/Src/stm32f7xx_it.c **** extern SAI_HandleTypeDef haudio_out_sai;
  65:Core/Src/stm32f7xx_it.c **** /* USER CODE END EV */
  66:Core/Src/stm32f7xx_it.c **** 
  67:Core/Src/stm32f7xx_it.c **** /******************************************************************************/
  68:Core/Src/stm32f7xx_it.c **** /*           Cortex-M7 Processor Interruption and Exception Handlers          */
  69:Core/Src/stm32f7xx_it.c **** /******************************************************************************/
  70:Core/Src/stm32f7xx_it.c **** /**
  71:Core/Src/stm32f7xx_it.c ****  * @brief This function handles Non maskable interrupt.
  72:Core/Src/stm32f7xx_it.c ****  */
  73:Core/Src/stm32f7xx_it.c **** void NMI_Handler(void)
  74:Core/Src/stm32f7xx_it.c **** {
  28              		.loc 1 74 1 view -0
  29              		.cfi_startproc
  30              		@ Volatile: function does not return.
  31              		@ args = 0, pretend = 0, frame = 0
  32              		@ frame_needed = 0, uses_anonymous_args = 0
  33              		@ link register save eliminated.
  34              	.L2:
  75:Core/Src/stm32f7xx_it.c ****   /* USER CODE BEGIN NonMaskableInt_IRQn 0 */
  76:Core/Src/stm32f7xx_it.c **** 
  77:Core/Src/stm32f7xx_it.c ****   /* USER CODE END NonMaskableInt_IRQn 0 */
  78:Core/Src/stm32f7xx_it.c ****   /* USER CODE BEGIN NonMaskableInt_IRQn 1 */
  79:Core/Src/stm32f7xx_it.c ****   while (1)
  35              		.loc 1 79 3 view .LVU1
  80:Core/Src/stm32f7xx_it.c ****   {
ARM GAS  /var/folders/n6/c271nzx11xl4r4_m7sqjlt0m0000gn/T//ccXRbvPo.s 			page 3


  81:Core/Src/stm32f7xx_it.c ****   }
  36              		.loc 1 81 3 view .LVU2
  79:Core/Src/stm32f7xx_it.c ****   {
  37              		.loc 1 79 9 view .LVU3
  38 0000 FEE7     		b	.L2
  39              		.cfi_endproc
  40              	.LFE144:
  42              		.section	.text.HardFault_Handler,"ax",%progbits
  43              		.align	1
  44              		.global	HardFault_Handler
  45              		.syntax unified
  46              		.thumb
  47              		.thumb_func
  49              	HardFault_Handler:
  50              	.LFB145:
  82:Core/Src/stm32f7xx_it.c ****   /* USER CODE END NonMaskableInt_IRQn 1 */
  83:Core/Src/stm32f7xx_it.c **** }
  84:Core/Src/stm32f7xx_it.c **** 
  85:Core/Src/stm32f7xx_it.c **** /**
  86:Core/Src/stm32f7xx_it.c ****  * @brief This function handles Hard fault interrupt.
  87:Core/Src/stm32f7xx_it.c ****  */
  88:Core/Src/stm32f7xx_it.c **** void HardFault_Handler(void)
  89:Core/Src/stm32f7xx_it.c **** {
  51              		.loc 1 89 1 view -0
  52              		.cfi_startproc
  53              		@ Volatile: function does not return.
  54              		@ args = 0, pretend = 0, frame = 0
  55              		@ frame_needed = 0, uses_anonymous_args = 0
  56              		@ link register save eliminated.
  57              	.L4:
  90:Core/Src/stm32f7xx_it.c ****   /* USER CODE BEGIN HardFault_IRQn 0 */
  91:Core/Src/stm32f7xx_it.c **** 
  92:Core/Src/stm32f7xx_it.c ****   /* USER CODE END HardFault_IRQn 0 */
  93:Core/Src/stm32f7xx_it.c ****   while (1)
  58              		.loc 1 93 3 view .LVU5
  94:Core/Src/stm32f7xx_it.c ****   {
  95:Core/Src/stm32f7xx_it.c ****     /* USER CODE BEGIN W1_HardFault_IRQn 0 */
  96:Core/Src/stm32f7xx_it.c ****     /* USER CODE END W1_HardFault_IRQn 0 */
  97:Core/Src/stm32f7xx_it.c ****   }
  59              		.loc 1 97 3 view .LVU6
  93:Core/Src/stm32f7xx_it.c ****   {
  60              		.loc 1 93 9 view .LVU7
  61 0000 FEE7     		b	.L4
  62              		.cfi_endproc
  63              	.LFE145:
  65              		.section	.text.MemManage_Handler,"ax",%progbits
  66              		.align	1
  67              		.global	MemManage_Handler
  68              		.syntax unified
  69              		.thumb
  70              		.thumb_func
  72              	MemManage_Handler:
  73              	.LFB146:
  98:Core/Src/stm32f7xx_it.c **** }
  99:Core/Src/stm32f7xx_it.c **** 
 100:Core/Src/stm32f7xx_it.c **** /**
 101:Core/Src/stm32f7xx_it.c ****  * @brief This function handles Memory management fault.
ARM GAS  /var/folders/n6/c271nzx11xl4r4_m7sqjlt0m0000gn/T//ccXRbvPo.s 			page 4


 102:Core/Src/stm32f7xx_it.c ****  */
 103:Core/Src/stm32f7xx_it.c **** void MemManage_Handler(void)
 104:Core/Src/stm32f7xx_it.c **** {
  74              		.loc 1 104 1 view -0
  75              		.cfi_startproc
  76              		@ Volatile: function does not return.
  77              		@ args = 0, pretend = 0, frame = 0
  78              		@ frame_needed = 0, uses_anonymous_args = 0
  79              		@ link register save eliminated.
  80              	.L6:
 105:Core/Src/stm32f7xx_it.c ****   /* USER CODE BEGIN MemoryManagement_IRQn 0 */
 106:Core/Src/stm32f7xx_it.c **** 
 107:Core/Src/stm32f7xx_it.c ****   /* USER CODE END MemoryManagement_IRQn 0 */
 108:Core/Src/stm32f7xx_it.c ****   while (1)
  81              		.loc 1 108 3 view .LVU9
 109:Core/Src/stm32f7xx_it.c ****   {
 110:Core/Src/stm32f7xx_it.c ****     /* USER CODE BEGIN W1_MemoryManagement_IRQn 0 */
 111:Core/Src/stm32f7xx_it.c ****     /* USER CODE END W1_MemoryManagement_IRQn 0 */
 112:Core/Src/stm32f7xx_it.c ****   }
  82              		.loc 1 112 3 view .LVU10
 108:Core/Src/stm32f7xx_it.c ****   {
  83              		.loc 1 108 9 view .LVU11
  84 0000 FEE7     		b	.L6
  85              		.cfi_endproc
  86              	.LFE146:
  88              		.section	.text.BusFault_Handler,"ax",%progbits
  89              		.align	1
  90              		.global	BusFault_Handler
  91              		.syntax unified
  92              		.thumb
  93              		.thumb_func
  95              	BusFault_Handler:
  96              	.LFB147:
 113:Core/Src/stm32f7xx_it.c **** }
 114:Core/Src/stm32f7xx_it.c **** 
 115:Core/Src/stm32f7xx_it.c **** /**
 116:Core/Src/stm32f7xx_it.c ****  * @brief This function handles Pre-fetch fault, memory access fault.
 117:Core/Src/stm32f7xx_it.c ****  */
 118:Core/Src/stm32f7xx_it.c **** void BusFault_Handler(void)
 119:Core/Src/stm32f7xx_it.c **** {
  97              		.loc 1 119 1 view -0
  98              		.cfi_startproc
  99              		@ Volatile: function does not return.
 100              		@ args = 0, pretend = 0, frame = 0
 101              		@ frame_needed = 0, uses_anonymous_args = 0
 102              		@ link register save eliminated.
 103              	.L8:
 120:Core/Src/stm32f7xx_it.c ****   /* USER CODE BEGIN BusFault_IRQn 0 */
 121:Core/Src/stm32f7xx_it.c **** 
 122:Core/Src/stm32f7xx_it.c ****   /* USER CODE END BusFault_IRQn 0 */
 123:Core/Src/stm32f7xx_it.c ****   while (1)
 104              		.loc 1 123 3 view .LVU13
 124:Core/Src/stm32f7xx_it.c ****   {
 125:Core/Src/stm32f7xx_it.c ****     /* USER CODE BEGIN W1_BusFault_IRQn 0 */
 126:Core/Src/stm32f7xx_it.c ****     /* USER CODE END W1_BusFault_IRQn 0 */
 127:Core/Src/stm32f7xx_it.c ****   }
 105              		.loc 1 127 3 view .LVU14
ARM GAS  /var/folders/n6/c271nzx11xl4r4_m7sqjlt0m0000gn/T//ccXRbvPo.s 			page 5


 123:Core/Src/stm32f7xx_it.c ****   {
 106              		.loc 1 123 9 view .LVU15
 107 0000 FEE7     		b	.L8
 108              		.cfi_endproc
 109              	.LFE147:
 111              		.section	.text.UsageFault_Handler,"ax",%progbits
 112              		.align	1
 113              		.global	UsageFault_Handler
 114              		.syntax unified
 115              		.thumb
 116              		.thumb_func
 118              	UsageFault_Handler:
 119              	.LFB148:
 128:Core/Src/stm32f7xx_it.c **** }
 129:Core/Src/stm32f7xx_it.c **** 
 130:Core/Src/stm32f7xx_it.c **** /**
 131:Core/Src/stm32f7xx_it.c ****  * @brief This function handles Undefined instruction or illegal state.
 132:Core/Src/stm32f7xx_it.c ****  */
 133:Core/Src/stm32f7xx_it.c **** void UsageFault_Handler(void)
 134:Core/Src/stm32f7xx_it.c **** {
 120              		.loc 1 134 1 view -0
 121              		.cfi_startproc
 122              		@ Volatile: function does not return.
 123              		@ args = 0, pretend = 0, frame = 0
 124              		@ frame_needed = 0, uses_anonymous_args = 0
 125              		@ link register save eliminated.
 126              	.L10:
 135:Core/Src/stm32f7xx_it.c ****   /* USER CODE BEGIN UsageFault_IRQn 0 */
 136:Core/Src/stm32f7xx_it.c **** 
 137:Core/Src/stm32f7xx_it.c ****   /* USER CODE END UsageFault_IRQn 0 */
 138:Core/Src/stm32f7xx_it.c ****   while (1)
 127              		.loc 1 138 3 view .LVU17
 139:Core/Src/stm32f7xx_it.c ****   {
 140:Core/Src/stm32f7xx_it.c ****     /* USER CODE BEGIN W1_UsageFault_IRQn 0 */
 141:Core/Src/stm32f7xx_it.c ****     /* USER CODE END W1_UsageFault_IRQn 0 */
 142:Core/Src/stm32f7xx_it.c ****   }
 128              		.loc 1 142 3 view .LVU18
 138:Core/Src/stm32f7xx_it.c ****   {
 129              		.loc 1 138 9 view .LVU19
 130 0000 FEE7     		b	.L10
 131              		.cfi_endproc
 132              	.LFE148:
 134              		.section	.text.SVC_Handler,"ax",%progbits
 135              		.align	1
 136              		.global	SVC_Handler
 137              		.syntax unified
 138              		.thumb
 139              		.thumb_func
 141              	SVC_Handler:
 142              	.LFB149:
 143:Core/Src/stm32f7xx_it.c **** }
 144:Core/Src/stm32f7xx_it.c **** 
 145:Core/Src/stm32f7xx_it.c **** /**
 146:Core/Src/stm32f7xx_it.c ****  * @brief This function handles System service call via SWI instruction.
 147:Core/Src/stm32f7xx_it.c ****  */
 148:Core/Src/stm32f7xx_it.c **** void SVC_Handler(void)
 149:Core/Src/stm32f7xx_it.c **** {
ARM GAS  /var/folders/n6/c271nzx11xl4r4_m7sqjlt0m0000gn/T//ccXRbvPo.s 			page 6


 143              		.loc 1 149 1 view -0
 144              		.cfi_startproc
 145              		@ args = 0, pretend = 0, frame = 0
 146              		@ frame_needed = 0, uses_anonymous_args = 0
 147              		@ link register save eliminated.
 150:Core/Src/stm32f7xx_it.c ****   /* USER CODE BEGIN SVCall_IRQn 0 */
 151:Core/Src/stm32f7xx_it.c **** 
 152:Core/Src/stm32f7xx_it.c ****   /* USER CODE END SVCall_IRQn 0 */
 153:Core/Src/stm32f7xx_it.c ****   /* USER CODE BEGIN SVCall_IRQn 1 */
 154:Core/Src/stm32f7xx_it.c **** 
 155:Core/Src/stm32f7xx_it.c ****   /* USER CODE END SVCall_IRQn 1 */
 156:Core/Src/stm32f7xx_it.c **** }
 148              		.loc 1 156 1 view .LVU21
 149 0000 7047     		bx	lr
 150              		.cfi_endproc
 151              	.LFE149:
 153              		.section	.text.DebugMon_Handler,"ax",%progbits
 154              		.align	1
 155              		.global	DebugMon_Handler
 156              		.syntax unified
 157              		.thumb
 158              		.thumb_func
 160              	DebugMon_Handler:
 161              	.LFB150:
 157:Core/Src/stm32f7xx_it.c **** 
 158:Core/Src/stm32f7xx_it.c **** /**
 159:Core/Src/stm32f7xx_it.c ****  * @brief This function handles Debug monitor.
 160:Core/Src/stm32f7xx_it.c ****  */
 161:Core/Src/stm32f7xx_it.c **** void DebugMon_Handler(void)
 162:Core/Src/stm32f7xx_it.c **** {
 162              		.loc 1 162 1 view -0
 163              		.cfi_startproc
 164              		@ args = 0, pretend = 0, frame = 0
 165              		@ frame_needed = 0, uses_anonymous_args = 0
 166              		@ link register save eliminated.
 163:Core/Src/stm32f7xx_it.c ****   /* USER CODE BEGIN DebugMonitor_IRQn 0 */
 164:Core/Src/stm32f7xx_it.c **** 
 165:Core/Src/stm32f7xx_it.c ****   /* USER CODE END DebugMonitor_IRQn 0 */
 166:Core/Src/stm32f7xx_it.c ****   /* USER CODE BEGIN DebugMonitor_IRQn 1 */
 167:Core/Src/stm32f7xx_it.c **** 
 168:Core/Src/stm32f7xx_it.c ****   /* USER CODE END DebugMonitor_IRQn 1 */
 169:Core/Src/stm32f7xx_it.c **** }
 167              		.loc 1 169 1 view .LVU23
 168 0000 7047     		bx	lr
 169              		.cfi_endproc
 170              	.LFE150:
 172              		.section	.text.PendSV_Handler,"ax",%progbits
 173              		.align	1
 174              		.global	PendSV_Handler
 175              		.syntax unified
 176              		.thumb
 177              		.thumb_func
 179              	PendSV_Handler:
 180              	.LFB151:
 170:Core/Src/stm32f7xx_it.c **** 
 171:Core/Src/stm32f7xx_it.c **** /**
 172:Core/Src/stm32f7xx_it.c ****  * @brief This function handles Pendable request for system service.
ARM GAS  /var/folders/n6/c271nzx11xl4r4_m7sqjlt0m0000gn/T//ccXRbvPo.s 			page 7


 173:Core/Src/stm32f7xx_it.c ****  */
 174:Core/Src/stm32f7xx_it.c **** void PendSV_Handler(void)
 175:Core/Src/stm32f7xx_it.c **** {
 181              		.loc 1 175 1 view -0
 182              		.cfi_startproc
 183              		@ args = 0, pretend = 0, frame = 0
 184              		@ frame_needed = 0, uses_anonymous_args = 0
 185              		@ link register save eliminated.
 176:Core/Src/stm32f7xx_it.c ****   /* USER CODE BEGIN PendSV_IRQn 0 */
 177:Core/Src/stm32f7xx_it.c **** 
 178:Core/Src/stm32f7xx_it.c ****   /* USER CODE END PendSV_IRQn 0 */
 179:Core/Src/stm32f7xx_it.c ****   /* USER CODE BEGIN PendSV_IRQn 1 */
 180:Core/Src/stm32f7xx_it.c **** 
 181:Core/Src/stm32f7xx_it.c ****   /* USER CODE END PendSV_IRQn 1 */
 182:Core/Src/stm32f7xx_it.c **** }
 186              		.loc 1 182 1 view .LVU25
 187 0000 7047     		bx	lr
 188              		.cfi_endproc
 189              	.LFE151:
 191              		.section	.text.SysTick_Handler,"ax",%progbits
 192              		.align	1
 193              		.global	SysTick_Handler
 194              		.syntax unified
 195              		.thumb
 196              		.thumb_func
 198              	SysTick_Handler:
 199              	.LFB152:
 183:Core/Src/stm32f7xx_it.c **** 
 184:Core/Src/stm32f7xx_it.c **** /**
 185:Core/Src/stm32f7xx_it.c ****  * @brief This function handles System tick timer.
 186:Core/Src/stm32f7xx_it.c ****  */
 187:Core/Src/stm32f7xx_it.c **** void SysTick_Handler(void)
 188:Core/Src/stm32f7xx_it.c **** {
 200              		.loc 1 188 1 view -0
 201              		.cfi_startproc
 202              		@ args = 0, pretend = 0, frame = 0
 203              		@ frame_needed = 0, uses_anonymous_args = 0
 204              		@ link register save eliminated.
 189:Core/Src/stm32f7xx_it.c ****   /* USER CODE BEGIN SysTick_IRQn 0 */
 190:Core/Src/stm32f7xx_it.c **** 
 191:Core/Src/stm32f7xx_it.c ****   /* USER CODE END SysTick_IRQn 0 */
 192:Core/Src/stm32f7xx_it.c **** 
 193:Core/Src/stm32f7xx_it.c ****   /* USER CODE BEGIN SysTick_IRQn 1 */
 194:Core/Src/stm32f7xx_it.c **** 
 195:Core/Src/stm32f7xx_it.c ****   /* USER CODE END SysTick_IRQn 1 */
 196:Core/Src/stm32f7xx_it.c **** }
 205              		.loc 1 196 1 view .LVU27
 206 0000 7047     		bx	lr
 207              		.cfi_endproc
 208              	.LFE152:
 210              		.section	.text.TIM6_DAC_IRQHandler,"ax",%progbits
 211              		.align	1
 212              		.global	TIM6_DAC_IRQHandler
 213              		.syntax unified
 214              		.thumb
 215              		.thumb_func
 217              	TIM6_DAC_IRQHandler:
ARM GAS  /var/folders/n6/c271nzx11xl4r4_m7sqjlt0m0000gn/T//ccXRbvPo.s 			page 8


 218              	.LFB153:
 197:Core/Src/stm32f7xx_it.c **** 
 198:Core/Src/stm32f7xx_it.c **** /******************************************************************************/
 199:Core/Src/stm32f7xx_it.c **** /* STM32F7xx Peripheral Interrupt Handlers                                    */
 200:Core/Src/stm32f7xx_it.c **** /* Add here the Interrupt Handlers for the used peripherals.                  */
 201:Core/Src/stm32f7xx_it.c **** /* For the available peripheral interrupt handler names,                      */
 202:Core/Src/stm32f7xx_it.c **** /* please refer to the startup file (startup_stm32f7xx.s).                    */
 203:Core/Src/stm32f7xx_it.c **** /******************************************************************************/
 204:Core/Src/stm32f7xx_it.c **** 
 205:Core/Src/stm32f7xx_it.c **** /**
 206:Core/Src/stm32f7xx_it.c ****  * @brief This function handles TIM6 global interrupt, DAC1 and DAC2 underrun error interrupts.
 207:Core/Src/stm32f7xx_it.c ****  */
 208:Core/Src/stm32f7xx_it.c **** void TIM6_DAC_IRQHandler(void)
 209:Core/Src/stm32f7xx_it.c **** {
 219              		.loc 1 209 1 view -0
 220              		.cfi_startproc
 221              		@ args = 0, pretend = 0, frame = 0
 222              		@ frame_needed = 0, uses_anonymous_args = 0
 223 0000 08B5     		push	{r3, lr}
 224              		.cfi_def_cfa_offset 8
 225              		.cfi_offset 3, -8
 226              		.cfi_offset 14, -4
 210:Core/Src/stm32f7xx_it.c ****   /* USER CODE BEGIN TIM6_DAC_IRQn 0 */
 211:Core/Src/stm32f7xx_it.c **** 
 212:Core/Src/stm32f7xx_it.c ****   /* USER CODE END TIM6_DAC_IRQn 0 */
 213:Core/Src/stm32f7xx_it.c ****   HAL_TIM_IRQHandler(&htim6);
 227              		.loc 1 213 3 view .LVU29
 228 0002 0248     		ldr	r0, .L17
 229 0004 FFF7FEFF 		bl	HAL_TIM_IRQHandler
 230              	.LVL0:
 214:Core/Src/stm32f7xx_it.c ****   /* USER CODE BEGIN TIM6_DAC_IRQn 1 */
 215:Core/Src/stm32f7xx_it.c **** 
 216:Core/Src/stm32f7xx_it.c ****   /* USER CODE END TIM6_DAC_IRQn 1 */
 217:Core/Src/stm32f7xx_it.c **** }
 231              		.loc 1 217 1 is_stmt 0 view .LVU30
 232 0008 08BD     		pop	{r3, pc}
 233              	.L18:
 234 000a 00BF     		.align	2
 235              	.L17:
 236 000c 00000000 		.word	htim6
 237              		.cfi_endproc
 238              	.LFE153:
 240              		.section	.text.DMA2_Stream0_IRQHandler,"ax",%progbits
 241              		.align	1
 242              		.global	DMA2_Stream0_IRQHandler
 243              		.syntax unified
 244              		.thumb
 245              		.thumb_func
 247              	DMA2_Stream0_IRQHandler:
 248              	.LFB154:
 218:Core/Src/stm32f7xx_it.c **** 
 219:Core/Src/stm32f7xx_it.c **** /* USER CODE BEGIN 1 */
 220:Core/Src/stm32f7xx_it.c **** 
 221:Core/Src/stm32f7xx_it.c **** void DMA2_Stream0_IRQHandler(void)
 222:Core/Src/stm32f7xx_it.c **** {
 249              		.loc 1 222 1 is_stmt 1 view -0
 250              		.cfi_startproc
ARM GAS  /var/folders/n6/c271nzx11xl4r4_m7sqjlt0m0000gn/T//ccXRbvPo.s 			page 9


 251              		@ args = 0, pretend = 0, frame = 0
 252              		@ frame_needed = 0, uses_anonymous_args = 0
 253 0000 08B5     		push	{r3, lr}
 254              		.cfi_def_cfa_offset 8
 255              		.cfi_offset 3, -8
 256              		.cfi_offset 14, -4
 223:Core/Src/stm32f7xx_it.c ****   HAL_DMA_IRQHandler(hAudioInTopLeftFilter.hdmaReg);
 257              		.loc 1 223 3 view .LVU32
 258 0002 024B     		ldr	r3, .L21
 259 0004 986A     		ldr	r0, [r3, #40]
 260 0006 FFF7FEFF 		bl	HAL_DMA_IRQHandler
 261              	.LVL1:
 224:Core/Src/stm32f7xx_it.c **** }
 262              		.loc 1 224 1 is_stmt 0 view .LVU33
 263 000a 08BD     		pop	{r3, pc}
 264              	.L22:
 265              		.align	2
 266              	.L21:
 267 000c 00000000 		.word	hAudioInTopLeftFilter
 268              		.cfi_endproc
 269              	.LFE154:
 271              		.section	.text.DMA2_Stream5_IRQHandler,"ax",%progbits
 272              		.align	1
 273              		.global	DMA2_Stream5_IRQHandler
 274              		.syntax unified
 275              		.thumb
 276              		.thumb_func
 278              	DMA2_Stream5_IRQHandler:
 279              	.LFB155:
 225:Core/Src/stm32f7xx_it.c **** 
 226:Core/Src/stm32f7xx_it.c **** void DMA2_Stream5_IRQHandler(void)
 227:Core/Src/stm32f7xx_it.c **** {
 280              		.loc 1 227 1 is_stmt 1 view -0
 281              		.cfi_startproc
 282              		@ args = 0, pretend = 0, frame = 0
 283              		@ frame_needed = 0, uses_anonymous_args = 0
 284 0000 08B5     		push	{r3, lr}
 285              		.cfi_def_cfa_offset 8
 286              		.cfi_offset 3, -8
 287              		.cfi_offset 14, -4
 228:Core/Src/stm32f7xx_it.c ****   HAL_DMA_IRQHandler(hAudioInTopRightFilter.hdmaReg);
 288              		.loc 1 228 3 view .LVU35
 289 0002 024B     		ldr	r3, .L25
 290 0004 986A     		ldr	r0, [r3, #40]
 291 0006 FFF7FEFF 		bl	HAL_DMA_IRQHandler
 292              	.LVL2:
 229:Core/Src/stm32f7xx_it.c **** }
 293              		.loc 1 229 1 is_stmt 0 view .LVU36
 294 000a 08BD     		pop	{r3, pc}
 295              	.L26:
 296              		.align	2
 297              	.L25:
 298 000c 00000000 		.word	hAudioInTopRightFilter
 299              		.cfi_endproc
 300              	.LFE155:
 302              		.section	.text.DMA2_Stream1_IRQHandler,"ax",%progbits
 303              		.align	1
ARM GAS  /var/folders/n6/c271nzx11xl4r4_m7sqjlt0m0000gn/T//ccXRbvPo.s 			page 10


 304              		.global	DMA2_Stream1_IRQHandler
 305              		.syntax unified
 306              		.thumb
 307              		.thumb_func
 309              	DMA2_Stream1_IRQHandler:
 310              	.LFB156:
 230:Core/Src/stm32f7xx_it.c **** 
 231:Core/Src/stm32f7xx_it.c **** void DMA2_Stream1_IRQHandler(void)
 232:Core/Src/stm32f7xx_it.c **** {
 311              		.loc 1 232 1 is_stmt 1 view -0
 312              		.cfi_startproc
 313              		@ args = 0, pretend = 0, frame = 0
 314              		@ frame_needed = 0, uses_anonymous_args = 0
 315 0000 08B5     		push	{r3, lr}
 316              		.cfi_def_cfa_offset 8
 317              		.cfi_offset 3, -8
 318              		.cfi_offset 14, -4
 233:Core/Src/stm32f7xx_it.c ****   HAL_DMA_IRQHandler(haudio_out_sai.hdmatx);
 319              		.loc 1 233 3 view .LVU38
 320 0002 024B     		ldr	r3, .L29
 321 0004 D86E     		ldr	r0, [r3, #108]
 322 0006 FFF7FEFF 		bl	HAL_DMA_IRQHandler
 323              	.LVL3:
 234:Core/Src/stm32f7xx_it.c **** }
 324              		.loc 1 234 1 is_stmt 0 view .LVU39
 325 000a 08BD     		pop	{r3, pc}
 326              	.L30:
 327              		.align	2
 328              	.L29:
 329 000c 00000000 		.word	haudio_out_sai
 330              		.cfi_endproc
 331              	.LFE156:
 333              		.section	.text.EXTI15_10_IRQHandler,"ax",%progbits
 334              		.align	1
 335              		.global	EXTI15_10_IRQHandler
 336              		.syntax unified
 337              		.thumb
 338              		.thumb_func
 340              	EXTI15_10_IRQHandler:
 341              	.LFB157:
 235:Core/Src/stm32f7xx_it.c **** 
 236:Core/Src/stm32f7xx_it.c **** void EXTI15_10_IRQHandler(void)
 237:Core/Src/stm32f7xx_it.c **** {
 342              		.loc 1 237 1 is_stmt 1 view -0
 343              		.cfi_startproc
 344              		@ args = 0, pretend = 0, frame = 0
 345              		@ frame_needed = 0, uses_anonymous_args = 0
 346 0000 08B5     		push	{r3, lr}
 347              		.cfi_def_cfa_offset 8
 348              		.cfi_offset 3, -8
 349              		.cfi_offset 14, -4
 238:Core/Src/stm32f7xx_it.c ****   HAL_GPIO_EXTI_IRQHandler(TS_INT_PIN);
 350              		.loc 1 238 3 view .LVU41
 351 0002 4FF40050 		mov	r0, #8192
 352 0006 FFF7FEFF 		bl	HAL_GPIO_EXTI_IRQHandler
 353              	.LVL4:
 239:Core/Src/stm32f7xx_it.c **** }
ARM GAS  /var/folders/n6/c271nzx11xl4r4_m7sqjlt0m0000gn/T//ccXRbvPo.s 			page 11


 354              		.loc 1 239 1 is_stmt 0 view .LVU42
 355 000a 08BD     		pop	{r3, pc}
 356              		.cfi_endproc
 357              	.LFE157:
 359              		.text
 360              	.Letext0:
 361              		.file 2 "/Users/killian/Library/Application Support/Code/User/globalStorage/bmd.stm32-for-vscode/@
 362              		.file 3 "/Users/killian/Library/Application Support/Code/User/globalStorage/bmd.stm32-for-vscode/@
 363              		.file 4 "Drivers/CMSIS/Device/ST/STM32F7xx/Include/stm32f769xx.h"
 364              		.file 5 "Drivers/CMSIS/Device/ST/STM32F7xx/Include/stm32f7xx.h"
 365              		.file 6 "Drivers/STM32F7xx_HAL_Driver/Inc/stm32f7xx_hal_def.h"
 366              		.file 7 "Drivers/STM32F7xx_HAL_Driver/Inc/stm32f7xx_hal_dma.h"
 367              		.file 8 "Drivers/STM32F7xx_HAL_Driver/Inc/stm32f7xx_hal_sai.h"
 368              		.file 9 "Drivers/STM32F7xx_HAL_Driver/Inc/stm32f7xx_hal_tim.h"
 369              		.file 10 "Drivers/STM32F7xx_HAL_Driver/Inc/stm32f7xx_hal_dfsdm.h"
 370              		.file 11 "Drivers/STM32F7xx_HAL_Driver/Inc/stm32f7xx_hal_gpio.h"
ARM GAS  /var/folders/n6/c271nzx11xl4r4_m7sqjlt0m0000gn/T//ccXRbvPo.s 			page 12


DEFINED SYMBOLS
                            *ABS*:00000000 stm32f7xx_it.c
/var/folders/n6/c271nzx11xl4r4_m7sqjlt0m0000gn/T//ccXRbvPo.s:20     .text.NMI_Handler:00000000 $t
/var/folders/n6/c271nzx11xl4r4_m7sqjlt0m0000gn/T//ccXRbvPo.s:26     .text.NMI_Handler:00000000 NMI_Handler
/var/folders/n6/c271nzx11xl4r4_m7sqjlt0m0000gn/T//ccXRbvPo.s:43     .text.HardFault_Handler:00000000 $t
/var/folders/n6/c271nzx11xl4r4_m7sqjlt0m0000gn/T//ccXRbvPo.s:49     .text.HardFault_Handler:00000000 HardFault_Handler
/var/folders/n6/c271nzx11xl4r4_m7sqjlt0m0000gn/T//ccXRbvPo.s:66     .text.MemManage_Handler:00000000 $t
/var/folders/n6/c271nzx11xl4r4_m7sqjlt0m0000gn/T//ccXRbvPo.s:72     .text.MemManage_Handler:00000000 MemManage_Handler
/var/folders/n6/c271nzx11xl4r4_m7sqjlt0m0000gn/T//ccXRbvPo.s:89     .text.BusFault_Handler:00000000 $t
/var/folders/n6/c271nzx11xl4r4_m7sqjlt0m0000gn/T//ccXRbvPo.s:95     .text.BusFault_Handler:00000000 BusFault_Handler
/var/folders/n6/c271nzx11xl4r4_m7sqjlt0m0000gn/T//ccXRbvPo.s:112    .text.UsageFault_Handler:00000000 $t
/var/folders/n6/c271nzx11xl4r4_m7sqjlt0m0000gn/T//ccXRbvPo.s:118    .text.UsageFault_Handler:00000000 UsageFault_Handler
/var/folders/n6/c271nzx11xl4r4_m7sqjlt0m0000gn/T//ccXRbvPo.s:135    .text.SVC_Handler:00000000 $t
/var/folders/n6/c271nzx11xl4r4_m7sqjlt0m0000gn/T//ccXRbvPo.s:141    .text.SVC_Handler:00000000 SVC_Handler
/var/folders/n6/c271nzx11xl4r4_m7sqjlt0m0000gn/T//ccXRbvPo.s:154    .text.DebugMon_Handler:00000000 $t
/var/folders/n6/c271nzx11xl4r4_m7sqjlt0m0000gn/T//ccXRbvPo.s:160    .text.DebugMon_Handler:00000000 DebugMon_Handler
/var/folders/n6/c271nzx11xl4r4_m7sqjlt0m0000gn/T//ccXRbvPo.s:173    .text.PendSV_Handler:00000000 $t
/var/folders/n6/c271nzx11xl4r4_m7sqjlt0m0000gn/T//ccXRbvPo.s:179    .text.PendSV_Handler:00000000 PendSV_Handler
/var/folders/n6/c271nzx11xl4r4_m7sqjlt0m0000gn/T//ccXRbvPo.s:192    .text.SysTick_Handler:00000000 $t
/var/folders/n6/c271nzx11xl4r4_m7sqjlt0m0000gn/T//ccXRbvPo.s:198    .text.SysTick_Handler:00000000 SysTick_Handler
/var/folders/n6/c271nzx11xl4r4_m7sqjlt0m0000gn/T//ccXRbvPo.s:211    .text.TIM6_DAC_IRQHandler:00000000 $t
/var/folders/n6/c271nzx11xl4r4_m7sqjlt0m0000gn/T//ccXRbvPo.s:217    .text.TIM6_DAC_IRQHandler:00000000 TIM6_DAC_IRQHandler
/var/folders/n6/c271nzx11xl4r4_m7sqjlt0m0000gn/T//ccXRbvPo.s:236    .text.TIM6_DAC_IRQHandler:0000000c $d
/var/folders/n6/c271nzx11xl4r4_m7sqjlt0m0000gn/T//ccXRbvPo.s:241    .text.DMA2_Stream0_IRQHandler:00000000 $t
/var/folders/n6/c271nzx11xl4r4_m7sqjlt0m0000gn/T//ccXRbvPo.s:247    .text.DMA2_Stream0_IRQHandler:00000000 DMA2_Stream0_IRQHandler
/var/folders/n6/c271nzx11xl4r4_m7sqjlt0m0000gn/T//ccXRbvPo.s:267    .text.DMA2_Stream0_IRQHandler:0000000c $d
/var/folders/n6/c271nzx11xl4r4_m7sqjlt0m0000gn/T//ccXRbvPo.s:272    .text.DMA2_Stream5_IRQHandler:00000000 $t
/var/folders/n6/c271nzx11xl4r4_m7sqjlt0m0000gn/T//ccXRbvPo.s:278    .text.DMA2_Stream5_IRQHandler:00000000 DMA2_Stream5_IRQHandler
/var/folders/n6/c271nzx11xl4r4_m7sqjlt0m0000gn/T//ccXRbvPo.s:298    .text.DMA2_Stream5_IRQHandler:0000000c $d
/var/folders/n6/c271nzx11xl4r4_m7sqjlt0m0000gn/T//ccXRbvPo.s:303    .text.DMA2_Stream1_IRQHandler:00000000 $t
/var/folders/n6/c271nzx11xl4r4_m7sqjlt0m0000gn/T//ccXRbvPo.s:309    .text.DMA2_Stream1_IRQHandler:00000000 DMA2_Stream1_IRQHandler
/var/folders/n6/c271nzx11xl4r4_m7sqjlt0m0000gn/T//ccXRbvPo.s:329    .text.DMA2_Stream1_IRQHandler:0000000c $d
/var/folders/n6/c271nzx11xl4r4_m7sqjlt0m0000gn/T//ccXRbvPo.s:334    .text.EXTI15_10_IRQHandler:00000000 $t
/var/folders/n6/c271nzx11xl4r4_m7sqjlt0m0000gn/T//ccXRbvPo.s:340    .text.EXTI15_10_IRQHandler:00000000 EXTI15_10_IRQHandler

UNDEFINED SYMBOLS
HAL_TIM_IRQHandler
htim6
HAL_DMA_IRQHandler
hAudioInTopLeftFilter
hAudioInTopRightFilter
haudio_out_sai
HAL_GPIO_EXTI_IRQHandler
