ARM GAS  /var/folders/n6/c271nzx11xl4r4_m7sqjlt0m0000gn/T//ccVkbM1r.s 			page 1


   1              		.cpu cortex-m7
   2              		.arch armv7e-m
   3              		.fpu fpv5-d16
   4              		.eabi_attribute 28, 1
   5              		.eabi_attribute 20, 1
   6              		.eabi_attribute 21, 1
   7              		.eabi_attribute 23, 3
   8              		.eabi_attribute 24, 1
   9              		.eabi_attribute 25, 1
  10              		.eabi_attribute 26, 1
  11              		.eabi_attribute 30, 1
  12              		.eabi_attribute 34, 1
  13              		.eabi_attribute 18, 4
  14              		.file	"touchscreen.c"
  15              		.text
  16              	.Ltext0:
  17              		.cfi_sections	.debug_frame
  18              		.file 1 "Core/Src/touchscreen.c"
  19              		.section	.text.touchscreen_Handle,"ax",%progbits
  20              		.align	1
  21              		.global	touchscreen_Handle
  22              		.syntax unified
  23              		.thumb
  24              		.thumb_func
  26              	touchscreen_Handle:
  27              	.LFB144:
   1:Core/Src/touchscreen.c **** #include "touchscreen.h"
   2:Core/Src/touchscreen.c **** 
   3:Core/Src/touchscreen.c **** void touchscreen_Handle(void)
   4:Core/Src/touchscreen.c **** {
  28              		.loc 1 4 1 view -0
  29              		.cfi_startproc
  30              		@ args = 0, pretend = 0, frame = 16
  31              		@ frame_needed = 0, uses_anonymous_args = 0
  32 0000 00B5     		push	{lr}
  33              		.cfi_def_cfa_offset 4
  34              		.cfi_offset 14, -4
  35 0002 85B0     		sub	sp, sp, #20
  36              		.cfi_def_cfa_offset 24
   5:Core/Src/touchscreen.c ****     TS_StateTypeDef TS_State;
  37              		.loc 1 5 5 view .LVU1
   6:Core/Src/touchscreen.c ****     BSP_TS_GetState(&TS_State);
  38              		.loc 1 6 5 view .LVU2
  39 0004 01A8     		add	r0, sp, #4
  40 0006 FFF7FEFF 		bl	BSP_TS_GetState
  41              	.LVL0:
   7:Core/Src/touchscreen.c ****     if (TS_State.touchDetected)
  42              		.loc 1 7 5 view .LVU3
  43              		.loc 1 7 17 is_stmt 0 view .LVU4
  44 000a 9DF80430 		ldrb	r3, [sp, #4]	@ zero_extendqisi2
  45              		.loc 1 7 8 view .LVU5
  46 000e 3BB1     		cbz	r3, .L1
   8:Core/Src/touchscreen.c ****     {
   9:Core/Src/touchscreen.c ****         if (TS_State.touchX[0] < 100 && TS_State.touchY[0] < 100)
  47              		.loc 1 9 9 is_stmt 1 view .LVU6
  48              		.loc 1 9 28 is_stmt 0 view .LVU7
  49 0010 BDF80630 		ldrh	r3, [sp, #6]
ARM GAS  /var/folders/n6/c271nzx11xl4r4_m7sqjlt0m0000gn/T//ccVkbM1r.s 			page 2


  50              		.loc 1 9 12 view .LVU8
  51 0014 632B     		cmp	r3, #99
  52 0016 03D8     		bhi	.L1
  53              		.loc 1 9 56 discriminator 1 view .LVU9
  54 0018 BDF80A30 		ldrh	r3, [sp, #10]
  55              		.loc 1 9 38 discriminator 1 view .LVU10
  56 001c 632B     		cmp	r3, #99
  57 001e 02D9     		bls	.L4
  58              	.L1:
  10:Core/Src/touchscreen.c ****         {
  11:Core/Src/touchscreen.c ****             BSP_LED_Toggle(LED1);
  12:Core/Src/touchscreen.c ****         }
  13:Core/Src/touchscreen.c ****     }
  14:Core/Src/touchscreen.c **** }...
  59              		.loc 1 14 1 view .LVU11
  60 0020 05B0     		add	sp, sp, #20
  61              		.cfi_remember_state
  62              		.cfi_def_cfa_offset 4
  63              		@ sp needed
  64 0022 5DF804FB 		ldr	pc, [sp], #4
  65              	.L4:
  66              		.cfi_restore_state
  11:Core/Src/touchscreen.c ****             BSP_LED_Toggle(LED1);
  67              		.loc 1 11 13 is_stmt 1 view .LVU12
  68 0026 0020     		movs	r0, #0
  69 0028 FFF7FEFF 		bl	BSP_LED_Toggle
  70              	.LVL1:
  71              		.loc 1 14 1 is_stmt 0 view .LVU13
  72 002c F8E7     		b	.L1
  73              		.cfi_endproc
  74              	.LFE144:
  76              		.text
  77              	.Letext0:
  78              		.file 2 "/Users/killian/Library/Application Support/Code/User/globalStorage/bmd.stm32-for-vscode/@
  79              		.file 3 "/Users/killian/Library/Application Support/Code/User/globalStorage/bmd.stm32-for-vscode/@
  80              		.file 4 "Core/Inc/../../Drivers/BSP/STM32F769I-Discovery/stm32f769i_discovery.h"
  81              		.file 5 "Core/Inc/../../Drivers/BSP/STM32F769I-Discovery/stm32f769i_discovery_ts.h"
ARM GAS  /var/folders/n6/c271nzx11xl4r4_m7sqjlt0m0000gn/T//ccVkbM1r.s 			page 3


DEFINED SYMBOLS
                            *ABS*:00000000 touchscreen.c
/var/folders/n6/c271nzx11xl4r4_m7sqjlt0m0000gn/T//ccVkbM1r.s:20     .text.touchscreen_Handle:00000000 $t
/var/folders/n6/c271nzx11xl4r4_m7sqjlt0m0000gn/T//ccVkbM1r.s:26     .text.touchscreen_Handle:00000000 touchscreen_Handle

UNDEFINED SYMBOLS
BSP_TS_GetState
BSP_LED_Toggle
