ARM GAS  /var/folders/n6/c271nzx11xl4r4_m7sqjlt0m0000gn/T//ccHVzlZF.s 			page 1


   1              		.cpu cortex-m7
   2              		.arch armv7e-m
   3              		.fpu fpv5-d16
   4              		.eabi_attribute 28, 1
   5              		.eabi_attribute 20, 1
   6              		.eabi_attribute 21, 1
   7              		.eabi_attribute 23, 3
   8              		.eabi_attribute 24, 1
   9              		.eabi_attribute 25, 1
  10              		.eabi_attribute 26, 1
  11              		.eabi_attribute 30, 1
  12              		.eabi_attribute 34, 1
  13              		.eabi_attribute 18, 4
  14              		.file	"ts3510.c"
  15              		.text
  16              	.Ltext0:
  17              		.cfi_sections	.debug_frame
  18              		.file 1 "Drivers/BSP/Components/ts3510/ts3510.c"
  19              		.section	.text.ts3510_Reset,"ax",%progbits
  20              		.align	1
  21              		.global	ts3510_Reset
  22              		.syntax unified
  23              		.thumb
  24              		.thumb_func
  26              	ts3510_Reset:
  27              	.LVL0:
  28              	.LFB1:
   1:Drivers/BSP/Components/ts3510/ts3510.c **** /**
   2:Drivers/BSP/Components/ts3510/ts3510.c ****   ******************************************************************************
   3:Drivers/BSP/Components/ts3510/ts3510.c ****   * @file    ts3510.c
   4:Drivers/BSP/Components/ts3510/ts3510.c ****   * @author  MCD Application Team
   5:Drivers/BSP/Components/ts3510/ts3510.c ****   * @brief   This file provides a set of functions needed to manage the TS3510
   6:Drivers/BSP/Components/ts3510/ts3510.c ****   *          IO Expander devices.
   7:Drivers/BSP/Components/ts3510/ts3510.c ****   ******************************************************************************
   8:Drivers/BSP/Components/ts3510/ts3510.c ****   * @attention
   9:Drivers/BSP/Components/ts3510/ts3510.c ****   *
  10:Drivers/BSP/Components/ts3510/ts3510.c ****   * <h2><center>&copy; COPYRIGHT(c) 2014 STMicroelectronics</center></h2>
  11:Drivers/BSP/Components/ts3510/ts3510.c ****   *
  12:Drivers/BSP/Components/ts3510/ts3510.c ****   * Redistribution and use in source and binary forms, with or without modification,
  13:Drivers/BSP/Components/ts3510/ts3510.c ****   * are permitted provided that the following conditions are met:
  14:Drivers/BSP/Components/ts3510/ts3510.c ****   *   1. Redistributions of source code must retain the above copyright notice,
  15:Drivers/BSP/Components/ts3510/ts3510.c ****   *      this list of conditions and the following disclaimer.
  16:Drivers/BSP/Components/ts3510/ts3510.c ****   *   2. Redistributions in binary form must reproduce the above copyright notice,
  17:Drivers/BSP/Components/ts3510/ts3510.c ****   *      this list of conditions and the following disclaimer in the documentation
  18:Drivers/BSP/Components/ts3510/ts3510.c ****   *      and/or other materials provided with the distribution.
  19:Drivers/BSP/Components/ts3510/ts3510.c ****   *   3. Neither the name of STMicroelectronics nor the names of its contributors
  20:Drivers/BSP/Components/ts3510/ts3510.c ****   *      may be used to endorse or promote products derived from this software
  21:Drivers/BSP/Components/ts3510/ts3510.c ****   *      without specific prior written permission.
  22:Drivers/BSP/Components/ts3510/ts3510.c ****   *
  23:Drivers/BSP/Components/ts3510/ts3510.c ****   * THIS SOFTWARE IS PROVIDED BY THE COPYRIGHT HOLDERS AND CONTRIBUTORS "AS IS"
  24:Drivers/BSP/Components/ts3510/ts3510.c ****   * AND ANY EXPRESS OR IMPLIED WARRANTIES, INCLUDING, BUT NOT LIMITED TO, THE
  25:Drivers/BSP/Components/ts3510/ts3510.c ****   * IMPLIED WARRANTIES OF MERCHANTABILITY AND FITNESS FOR A PARTICULAR PURPOSE ARE
  26:Drivers/BSP/Components/ts3510/ts3510.c ****   * DISCLAIMED. IN NO EVENT SHALL THE COPYRIGHT HOLDER OR CONTRIBUTORS BE LIABLE
  27:Drivers/BSP/Components/ts3510/ts3510.c ****   * FOR ANY DIRECT, INDIRECT, INCIDENTAL, SPECIAL, EXEMPLARY, OR CONSEQUENTIAL
  28:Drivers/BSP/Components/ts3510/ts3510.c ****   * DAMAGES (INCLUDING, BUT NOT LIMITED TO, PROCUREMENT OF SUBSTITUTE GOODS OR
  29:Drivers/BSP/Components/ts3510/ts3510.c ****   * SERVICES; LOSS OF USE, DATA, OR PROFITS; OR BUSINESS INTERRUPTION) HOWEVER
  30:Drivers/BSP/Components/ts3510/ts3510.c ****   * CAUSED AND ON ANY THEORY OF LIABILITY, WHETHER IN CONTRACT, STRICT LIABILITY,
ARM GAS  /var/folders/n6/c271nzx11xl4r4_m7sqjlt0m0000gn/T//ccHVzlZF.s 			page 2


  31:Drivers/BSP/Components/ts3510/ts3510.c ****   * OR TORT (INCLUDING NEGLIGENCE OR OTHERWISE) ARISING IN ANY WAY OUT OF THE USE
  32:Drivers/BSP/Components/ts3510/ts3510.c ****   * OF THIS SOFTWARE, EVEN IF ADVISED OF THE POSSIBILITY OF SUCH DAMAGE.
  33:Drivers/BSP/Components/ts3510/ts3510.c ****   *
  34:Drivers/BSP/Components/ts3510/ts3510.c ****   ******************************************************************************
  35:Drivers/BSP/Components/ts3510/ts3510.c ****   */  
  36:Drivers/BSP/Components/ts3510/ts3510.c **** 
  37:Drivers/BSP/Components/ts3510/ts3510.c **** /* Includes ------------------------------------------------------------------*/
  38:Drivers/BSP/Components/ts3510/ts3510.c **** #include "ts3510.h"
  39:Drivers/BSP/Components/ts3510/ts3510.c **** 
  40:Drivers/BSP/Components/ts3510/ts3510.c **** /** @addtogroup BSP
  41:Drivers/BSP/Components/ts3510/ts3510.c ****   * @{
  42:Drivers/BSP/Components/ts3510/ts3510.c ****   */
  43:Drivers/BSP/Components/ts3510/ts3510.c **** 
  44:Drivers/BSP/Components/ts3510/ts3510.c **** /** @addtogroup Component
  45:Drivers/BSP/Components/ts3510/ts3510.c ****   * @{
  46:Drivers/BSP/Components/ts3510/ts3510.c ****   */ 
  47:Drivers/BSP/Components/ts3510/ts3510.c ****   
  48:Drivers/BSP/Components/ts3510/ts3510.c **** /** @defgroup TS3510
  49:Drivers/BSP/Components/ts3510/ts3510.c ****   * @{
  50:Drivers/BSP/Components/ts3510/ts3510.c ****   */   
  51:Drivers/BSP/Components/ts3510/ts3510.c ****   
  52:Drivers/BSP/Components/ts3510/ts3510.c **** /* Private typedef -----------------------------------------------------------*/
  53:Drivers/BSP/Components/ts3510/ts3510.c **** 
  54:Drivers/BSP/Components/ts3510/ts3510.c **** /** @defgroup TS3510_Private_Types_Definitions
  55:Drivers/BSP/Components/ts3510/ts3510.c ****   * @{
  56:Drivers/BSP/Components/ts3510/ts3510.c ****   */ 
  57:Drivers/BSP/Components/ts3510/ts3510.c ****  
  58:Drivers/BSP/Components/ts3510/ts3510.c **** /* Private define ------------------------------------------------------------*/
  59:Drivers/BSP/Components/ts3510/ts3510.c **** 
  60:Drivers/BSP/Components/ts3510/ts3510.c **** /** @defgroup TS3510_Private_Defines
  61:Drivers/BSP/Components/ts3510/ts3510.c ****   * @{
  62:Drivers/BSP/Components/ts3510/ts3510.c ****   */ 
  63:Drivers/BSP/Components/ts3510/ts3510.c ****   
  64:Drivers/BSP/Components/ts3510/ts3510.c **** /* Private macro -------------------------------------------------------------*/
  65:Drivers/BSP/Components/ts3510/ts3510.c **** 
  66:Drivers/BSP/Components/ts3510/ts3510.c **** /** @defgroup TS3510_Private_Macros
  67:Drivers/BSP/Components/ts3510/ts3510.c ****   * @{
  68:Drivers/BSP/Components/ts3510/ts3510.c ****   */ 
  69:Drivers/BSP/Components/ts3510/ts3510.c ****   
  70:Drivers/BSP/Components/ts3510/ts3510.c **** /* Private variables ---------------------------------------------------------*/
  71:Drivers/BSP/Components/ts3510/ts3510.c **** 
  72:Drivers/BSP/Components/ts3510/ts3510.c **** /** @defgroup TS3510_Private_Variables
  73:Drivers/BSP/Components/ts3510/ts3510.c ****   * @{
  74:Drivers/BSP/Components/ts3510/ts3510.c ****   */ 
  75:Drivers/BSP/Components/ts3510/ts3510.c ****   
  76:Drivers/BSP/Components/ts3510/ts3510.c **** /* Touch screen driver structure initialization */  
  77:Drivers/BSP/Components/ts3510/ts3510.c **** TS_DrvTypeDef ts3510_ts_drv = 
  78:Drivers/BSP/Components/ts3510/ts3510.c **** {
  79:Drivers/BSP/Components/ts3510/ts3510.c ****   ts3510_Init,
  80:Drivers/BSP/Components/ts3510/ts3510.c ****   ts3510_ReadID,
  81:Drivers/BSP/Components/ts3510/ts3510.c ****   ts3510_Reset,
  82:Drivers/BSP/Components/ts3510/ts3510.c ****   
  83:Drivers/BSP/Components/ts3510/ts3510.c ****   ts3510_TS_Start,
  84:Drivers/BSP/Components/ts3510/ts3510.c ****   ts3510_TS_DetectTouch,
  85:Drivers/BSP/Components/ts3510/ts3510.c ****   ts3510_TS_GetXY,
  86:Drivers/BSP/Components/ts3510/ts3510.c ****   
  87:Drivers/BSP/Components/ts3510/ts3510.c ****   ts3510_TS_EnableIT,
ARM GAS  /var/folders/n6/c271nzx11xl4r4_m7sqjlt0m0000gn/T//ccHVzlZF.s 			page 3


  88:Drivers/BSP/Components/ts3510/ts3510.c ****   ts3510_TS_ClearIT,
  89:Drivers/BSP/Components/ts3510/ts3510.c ****   ts3510_TS_ITStatus,
  90:Drivers/BSP/Components/ts3510/ts3510.c ****   ts3510_TS_DisableIT,
  91:Drivers/BSP/Components/ts3510/ts3510.c **** };
  92:Drivers/BSP/Components/ts3510/ts3510.c **** 
  93:Drivers/BSP/Components/ts3510/ts3510.c **** /**
  94:Drivers/BSP/Components/ts3510/ts3510.c ****   * @}
  95:Drivers/BSP/Components/ts3510/ts3510.c ****   */ 
  96:Drivers/BSP/Components/ts3510/ts3510.c ****     
  97:Drivers/BSP/Components/ts3510/ts3510.c **** /* Private function prototypes -----------------------------------------------*/
  98:Drivers/BSP/Components/ts3510/ts3510.c **** 
  99:Drivers/BSP/Components/ts3510/ts3510.c **** /** @defgroup ts3510_Private_Function_Prototypes
 100:Drivers/BSP/Components/ts3510/ts3510.c ****   * @{
 101:Drivers/BSP/Components/ts3510/ts3510.c ****   */
 102:Drivers/BSP/Components/ts3510/ts3510.c **** 
 103:Drivers/BSP/Components/ts3510/ts3510.c **** /* Private functions ---------------------------------------------------------*/
 104:Drivers/BSP/Components/ts3510/ts3510.c **** 
 105:Drivers/BSP/Components/ts3510/ts3510.c **** /** @defgroup ts3510_Private_Functions
 106:Drivers/BSP/Components/ts3510/ts3510.c ****   * @{
 107:Drivers/BSP/Components/ts3510/ts3510.c ****   */
 108:Drivers/BSP/Components/ts3510/ts3510.c **** 
 109:Drivers/BSP/Components/ts3510/ts3510.c **** /**
 110:Drivers/BSP/Components/ts3510/ts3510.c ****   * @brief  Initialize the ts3510 and configure the needed hardware resources
 111:Drivers/BSP/Components/ts3510/ts3510.c ****   * @param  DeviceAddr: Device address on communication Bus.
 112:Drivers/BSP/Components/ts3510/ts3510.c ****   * @retval None
 113:Drivers/BSP/Components/ts3510/ts3510.c ****   */
 114:Drivers/BSP/Components/ts3510/ts3510.c **** void ts3510_Init(uint16_t DeviceAddr)
 115:Drivers/BSP/Components/ts3510/ts3510.c **** {
 116:Drivers/BSP/Components/ts3510/ts3510.c ****   /* Initialize IO BUS layer */
 117:Drivers/BSP/Components/ts3510/ts3510.c ****   IOE_Init(); 
 118:Drivers/BSP/Components/ts3510/ts3510.c ****   
 119:Drivers/BSP/Components/ts3510/ts3510.c **** }
 120:Drivers/BSP/Components/ts3510/ts3510.c ****  
 121:Drivers/BSP/Components/ts3510/ts3510.c **** /**
 122:Drivers/BSP/Components/ts3510/ts3510.c ****   * @brief  Reset the ts3510 by Software.
 123:Drivers/BSP/Components/ts3510/ts3510.c ****   * @param  DeviceAddr: Device address on communication Bus.  
 124:Drivers/BSP/Components/ts3510/ts3510.c ****   * @retval None
 125:Drivers/BSP/Components/ts3510/ts3510.c ****   */
 126:Drivers/BSP/Components/ts3510/ts3510.c **** void ts3510_Reset(uint16_t DeviceAddr)
 127:Drivers/BSP/Components/ts3510/ts3510.c **** {
  29              		.loc 1 127 1 view -0
  30              		.cfi_startproc
  31              		@ args = 0, pretend = 0, frame = 0
  32              		@ frame_needed = 0, uses_anonymous_args = 0
  33              		@ link register save eliminated.
 128:Drivers/BSP/Components/ts3510/ts3510.c **** 
 129:Drivers/BSP/Components/ts3510/ts3510.c **** }
  34              		.loc 1 129 1 view .LVU1
  35 0000 7047     		bx	lr
  36              		.cfi_endproc
  37              	.LFE1:
  39              		.section	.text.ts3510_ReadID,"ax",%progbits
  40              		.align	1
  41              		.global	ts3510_ReadID
  42              		.syntax unified
  43              		.thumb
  44              		.thumb_func
ARM GAS  /var/folders/n6/c271nzx11xl4r4_m7sqjlt0m0000gn/T//ccHVzlZF.s 			page 4


  46              	ts3510_ReadID:
  47              	.LVL1:
  48              	.LFB2:
 130:Drivers/BSP/Components/ts3510/ts3510.c **** 
 131:Drivers/BSP/Components/ts3510/ts3510.c **** /**
 132:Drivers/BSP/Components/ts3510/ts3510.c ****   * @brief  Read the ts3510 IO Expander device ID.
 133:Drivers/BSP/Components/ts3510/ts3510.c ****   * @param  DeviceAddr: Device address on communication Bus.  
 134:Drivers/BSP/Components/ts3510/ts3510.c ****   * @retval The Device ID (two bytes).
 135:Drivers/BSP/Components/ts3510/ts3510.c ****   */
 136:Drivers/BSP/Components/ts3510/ts3510.c **** uint16_t ts3510_ReadID(uint16_t DeviceAddr)
 137:Drivers/BSP/Components/ts3510/ts3510.c **** {
  49              		.loc 1 137 1 view -0
  50              		.cfi_startproc
  51              		@ args = 0, pretend = 0, frame = 0
  52              		@ frame_needed = 0, uses_anonymous_args = 0
  53              		@ link register save eliminated.
 138:Drivers/BSP/Components/ts3510/ts3510.c ****   return 0;
  54              		.loc 1 138 3 view .LVU3
 139:Drivers/BSP/Components/ts3510/ts3510.c **** }
  55              		.loc 1 139 1 is_stmt 0 view .LVU4
  56 0000 0020     		movs	r0, #0
  57              	.LVL2:
  58              		.loc 1 139 1 view .LVU5
  59 0002 7047     		bx	lr
  60              		.cfi_endproc
  61              	.LFE2:
  63              		.section	.text.ts3510_TS_Start,"ax",%progbits
  64              		.align	1
  65              		.global	ts3510_TS_Start
  66              		.syntax unified
  67              		.thumb
  68              		.thumb_func
  70              	ts3510_TS_Start:
  71              	.LVL3:
  72              	.LFB3:
 140:Drivers/BSP/Components/ts3510/ts3510.c **** 
 141:Drivers/BSP/Components/ts3510/ts3510.c **** /**
 142:Drivers/BSP/Components/ts3510/ts3510.c ****   * @brief  Configures the touch Screen Controller (Single point detection)
 143:Drivers/BSP/Components/ts3510/ts3510.c ****   * @param  DeviceAddr: Device address on communication Bus.
 144:Drivers/BSP/Components/ts3510/ts3510.c ****   * @retval None.
 145:Drivers/BSP/Components/ts3510/ts3510.c ****   */
 146:Drivers/BSP/Components/ts3510/ts3510.c **** void ts3510_TS_Start(uint16_t DeviceAddr)
 147:Drivers/BSP/Components/ts3510/ts3510.c **** {
  73              		.loc 1 147 1 is_stmt 1 view -0
  74              		.cfi_startproc
  75              		@ args = 0, pretend = 0, frame = 0
  76              		@ frame_needed = 0, uses_anonymous_args = 0
  77              		@ link register save eliminated.
 148:Drivers/BSP/Components/ts3510/ts3510.c **** }
  78              		.loc 1 148 1 view .LVU7
  79 0000 7047     		bx	lr
  80              		.cfi_endproc
  81              	.LFE3:
  83              		.section	.text.ts3510_TS_EnableIT,"ax",%progbits
  84              		.align	1
  85              		.global	ts3510_TS_EnableIT
  86              		.syntax unified
ARM GAS  /var/folders/n6/c271nzx11xl4r4_m7sqjlt0m0000gn/T//ccHVzlZF.s 			page 5


  87              		.thumb
  88              		.thumb_func
  90              	ts3510_TS_EnableIT:
  91              	.LVL4:
  92              	.LFB6:
 149:Drivers/BSP/Components/ts3510/ts3510.c **** 
 150:Drivers/BSP/Components/ts3510/ts3510.c **** /**
 151:Drivers/BSP/Components/ts3510/ts3510.c ****   * @brief  Return if there is touch detected or not.
 152:Drivers/BSP/Components/ts3510/ts3510.c ****   * @param  DeviceAddr: Device address on communication Bus.
 153:Drivers/BSP/Components/ts3510/ts3510.c ****   * @retval Touch detected state.
 154:Drivers/BSP/Components/ts3510/ts3510.c ****   */
 155:Drivers/BSP/Components/ts3510/ts3510.c **** uint8_t ts3510_TS_DetectTouch(uint16_t DeviceAddr)
 156:Drivers/BSP/Components/ts3510/ts3510.c **** {
 157:Drivers/BSP/Components/ts3510/ts3510.c ****   uint8_t aBufferTS[11];
 158:Drivers/BSP/Components/ts3510/ts3510.c ****   uint8_t aTmpBuffer[2] = {TS3510_READ_CMD, TS3510_WRITE_CMD};
 159:Drivers/BSP/Components/ts3510/ts3510.c ****    
 160:Drivers/BSP/Components/ts3510/ts3510.c ****   /* Prepare for LCD read data */
 161:Drivers/BSP/Components/ts3510/ts3510.c ****   IOE_WriteMultiple(DeviceAddr, TS3510_SEND_CMD_REG, aTmpBuffer, 2);
 162:Drivers/BSP/Components/ts3510/ts3510.c **** 
 163:Drivers/BSP/Components/ts3510/ts3510.c ****   /* Read TS data from LCD */
 164:Drivers/BSP/Components/ts3510/ts3510.c ****   IOE_ReadMultiple(DeviceAddr, TS3510_READ_BLOCK_REG, aBufferTS, 11);  
 165:Drivers/BSP/Components/ts3510/ts3510.c **** 
 166:Drivers/BSP/Components/ts3510/ts3510.c ****   /* check for first byte */
 167:Drivers/BSP/Components/ts3510/ts3510.c ****   if((aBufferTS[1] == 0xFF) && (aBufferTS[2] == 0xFF) && (aBufferTS[3] == 0xFF) && (aBufferTS[4] ==
 168:Drivers/BSP/Components/ts3510/ts3510.c ****   {
 169:Drivers/BSP/Components/ts3510/ts3510.c ****     return 0;
 170:Drivers/BSP/Components/ts3510/ts3510.c ****   }
 171:Drivers/BSP/Components/ts3510/ts3510.c ****   else
 172:Drivers/BSP/Components/ts3510/ts3510.c ****   {
 173:Drivers/BSP/Components/ts3510/ts3510.c ****     return 1;
 174:Drivers/BSP/Components/ts3510/ts3510.c ****   }
 175:Drivers/BSP/Components/ts3510/ts3510.c **** }
 176:Drivers/BSP/Components/ts3510/ts3510.c **** 
 177:Drivers/BSP/Components/ts3510/ts3510.c **** /**
 178:Drivers/BSP/Components/ts3510/ts3510.c ****   * @brief  Get the touch screen X and Y positions values
 179:Drivers/BSP/Components/ts3510/ts3510.c ****   * @param  DeviceAddr: Device address on communication Bus.
 180:Drivers/BSP/Components/ts3510/ts3510.c ****   * @param  X: Pointer to X position value
 181:Drivers/BSP/Components/ts3510/ts3510.c ****   * @param  Y: Pointer to Y position value   
 182:Drivers/BSP/Components/ts3510/ts3510.c ****   * @retval None.
 183:Drivers/BSP/Components/ts3510/ts3510.c ****   */
 184:Drivers/BSP/Components/ts3510/ts3510.c **** void ts3510_TS_GetXY(uint16_t DeviceAddr, uint16_t *X, uint16_t *Y)
 185:Drivers/BSP/Components/ts3510/ts3510.c **** {
 186:Drivers/BSP/Components/ts3510/ts3510.c ****   uint8_t aBufferTS[11];
 187:Drivers/BSP/Components/ts3510/ts3510.c ****   uint8_t aTmpBuffer[2] = {TS3510_READ_CMD, TS3510_WRITE_CMD};
 188:Drivers/BSP/Components/ts3510/ts3510.c ****   
 189:Drivers/BSP/Components/ts3510/ts3510.c ****   /* Prepare for LCD read data */
 190:Drivers/BSP/Components/ts3510/ts3510.c ****   IOE_WriteMultiple(DeviceAddr, TS3510_SEND_CMD_REG, aTmpBuffer, 2);
 191:Drivers/BSP/Components/ts3510/ts3510.c **** 
 192:Drivers/BSP/Components/ts3510/ts3510.c ****   /* Read TS data from LCD */
 193:Drivers/BSP/Components/ts3510/ts3510.c ****   IOE_ReadMultiple(DeviceAddr, TS3510_READ_BLOCK_REG, aBufferTS, 11);  
 194:Drivers/BSP/Components/ts3510/ts3510.c **** 
 195:Drivers/BSP/Components/ts3510/ts3510.c ****   /* Calculate positions */
 196:Drivers/BSP/Components/ts3510/ts3510.c ****   *X = (((aBufferTS[1] << 8) | aBufferTS[2]) << 12) / 640;
 197:Drivers/BSP/Components/ts3510/ts3510.c ****   *Y = (((aBufferTS[3] << 8) | aBufferTS[4]) << 12) / 480;
 198:Drivers/BSP/Components/ts3510/ts3510.c ****   
 199:Drivers/BSP/Components/ts3510/ts3510.c ****   /* set position to be relative to 12bits resolution */
 200:Drivers/BSP/Components/ts3510/ts3510.c **** }
ARM GAS  /var/folders/n6/c271nzx11xl4r4_m7sqjlt0m0000gn/T//ccHVzlZF.s 			page 6


 201:Drivers/BSP/Components/ts3510/ts3510.c **** 
 202:Drivers/BSP/Components/ts3510/ts3510.c **** /**
 203:Drivers/BSP/Components/ts3510/ts3510.c ****   * @brief  Configure the selected source to generate a global interrupt or not
 204:Drivers/BSP/Components/ts3510/ts3510.c ****   * @param  DeviceAddr: Device address on communication Bus.  
 205:Drivers/BSP/Components/ts3510/ts3510.c ****   * @retval None
 206:Drivers/BSP/Components/ts3510/ts3510.c ****   */
 207:Drivers/BSP/Components/ts3510/ts3510.c **** void ts3510_TS_EnableIT(uint16_t DeviceAddr)
 208:Drivers/BSP/Components/ts3510/ts3510.c **** {  
  93              		.loc 1 208 1 view -0
  94              		.cfi_startproc
  95              		@ args = 0, pretend = 0, frame = 0
  96              		@ frame_needed = 0, uses_anonymous_args = 0
  97              		@ link register save eliminated.
 209:Drivers/BSP/Components/ts3510/ts3510.c **** }
  98              		.loc 1 209 1 view .LVU9
  99 0000 7047     		bx	lr
 100              		.cfi_endproc
 101              	.LFE6:
 103              		.section	.text.ts3510_TS_DisableIT,"ax",%progbits
 104              		.align	1
 105              		.global	ts3510_TS_DisableIT
 106              		.syntax unified
 107              		.thumb
 108              		.thumb_func
 110              	ts3510_TS_DisableIT:
 111              	.LVL5:
 112              	.LFB7:
 210:Drivers/BSP/Components/ts3510/ts3510.c **** 
 211:Drivers/BSP/Components/ts3510/ts3510.c **** /**
 212:Drivers/BSP/Components/ts3510/ts3510.c ****   * @brief  Configure the selected source to generate a global interrupt or not
 213:Drivers/BSP/Components/ts3510/ts3510.c ****   * @param  DeviceAddr: Device address on communication Bus.    
 214:Drivers/BSP/Components/ts3510/ts3510.c ****   * @retval None
 215:Drivers/BSP/Components/ts3510/ts3510.c ****   */
 216:Drivers/BSP/Components/ts3510/ts3510.c **** void ts3510_TS_DisableIT(uint16_t DeviceAddr)
 217:Drivers/BSP/Components/ts3510/ts3510.c **** {
 113              		.loc 1 217 1 view -0
 114              		.cfi_startproc
 115              		@ args = 0, pretend = 0, frame = 0
 116              		@ frame_needed = 0, uses_anonymous_args = 0
 117              		@ link register save eliminated.
 218:Drivers/BSP/Components/ts3510/ts3510.c **** }
 118              		.loc 1 218 1 view .LVU11
 119 0000 7047     		bx	lr
 120              		.cfi_endproc
 121              	.LFE7:
 123              		.section	.text.ts3510_TS_ITStatus,"ax",%progbits
 124              		.align	1
 125              		.global	ts3510_TS_ITStatus
 126              		.syntax unified
 127              		.thumb
 128              		.thumb_func
 130              	ts3510_TS_ITStatus:
 131              	.LVL6:
 132              	.LFB8:
 219:Drivers/BSP/Components/ts3510/ts3510.c **** 
 220:Drivers/BSP/Components/ts3510/ts3510.c **** /**
 221:Drivers/BSP/Components/ts3510/ts3510.c ****   * @brief  Configure the selected source to generate a global interrupt or not
ARM GAS  /var/folders/n6/c271nzx11xl4r4_m7sqjlt0m0000gn/T//ccHVzlZF.s 			page 7


 222:Drivers/BSP/Components/ts3510/ts3510.c ****   * @param  DeviceAddr: Device address on communication Bus.    
 223:Drivers/BSP/Components/ts3510/ts3510.c ****   * @retval TS interrupts status
 224:Drivers/BSP/Components/ts3510/ts3510.c ****   */
 225:Drivers/BSP/Components/ts3510/ts3510.c **** uint8_t ts3510_TS_ITStatus(uint16_t DeviceAddr)
 226:Drivers/BSP/Components/ts3510/ts3510.c **** {
 133              		.loc 1 226 1 view -0
 134              		.cfi_startproc
 135              		@ args = 0, pretend = 0, frame = 0
 136              		@ frame_needed = 0, uses_anonymous_args = 0
 137              		@ link register save eliminated.
 227:Drivers/BSP/Components/ts3510/ts3510.c ****   return 0;
 138              		.loc 1 227 3 view .LVU13
 228:Drivers/BSP/Components/ts3510/ts3510.c **** }
 139              		.loc 1 228 1 is_stmt 0 view .LVU14
 140 0000 0020     		movs	r0, #0
 141              	.LVL7:
 142              		.loc 1 228 1 view .LVU15
 143 0002 7047     		bx	lr
 144              		.cfi_endproc
 145              	.LFE8:
 147              		.section	.text.ts3510_TS_ClearIT,"ax",%progbits
 148              		.align	1
 149              		.global	ts3510_TS_ClearIT
 150              		.syntax unified
 151              		.thumb
 152              		.thumb_func
 154              	ts3510_TS_ClearIT:
 155              	.LVL8:
 156              	.LFB9:
 229:Drivers/BSP/Components/ts3510/ts3510.c **** 
 230:Drivers/BSP/Components/ts3510/ts3510.c **** /**
 231:Drivers/BSP/Components/ts3510/ts3510.c ****   * @brief  Configure the selected source to generate a global interrupt or not
 232:Drivers/BSP/Components/ts3510/ts3510.c ****   * @param  DeviceAddr: Device address on communication Bus.  
 233:Drivers/BSP/Components/ts3510/ts3510.c ****   * @retval None
 234:Drivers/BSP/Components/ts3510/ts3510.c ****   */
 235:Drivers/BSP/Components/ts3510/ts3510.c **** void ts3510_TS_ClearIT(uint16_t DeviceAddr)
 236:Drivers/BSP/Components/ts3510/ts3510.c **** {
 157              		.loc 1 236 1 is_stmt 1 view -0
 158              		.cfi_startproc
 159              		@ args = 0, pretend = 0, frame = 0
 160              		@ frame_needed = 0, uses_anonymous_args = 0
 161              		@ link register save eliminated.
 237:Drivers/BSP/Components/ts3510/ts3510.c **** }
 162              		.loc 1 237 1 view .LVU17
 163 0000 7047     		bx	lr
 164              		.cfi_endproc
 165              	.LFE9:
 167              		.section	.text.ts3510_Init,"ax",%progbits
 168              		.align	1
 169              		.global	ts3510_Init
 170              		.syntax unified
 171              		.thumb
 172              		.thumb_func
 174              	ts3510_Init:
 175              	.LVL9:
 176              	.LFB0:
 115:Drivers/BSP/Components/ts3510/ts3510.c ****   /* Initialize IO BUS layer */
ARM GAS  /var/folders/n6/c271nzx11xl4r4_m7sqjlt0m0000gn/T//ccHVzlZF.s 			page 8


 177              		.loc 1 115 1 view -0
 178              		.cfi_startproc
 179              		@ args = 0, pretend = 0, frame = 0
 180              		@ frame_needed = 0, uses_anonymous_args = 0
 115:Drivers/BSP/Components/ts3510/ts3510.c ****   /* Initialize IO BUS layer */
 181              		.loc 1 115 1 is_stmt 0 view .LVU19
 182 0000 08B5     		push	{r3, lr}
 183              		.cfi_def_cfa_offset 8
 184              		.cfi_offset 3, -8
 185              		.cfi_offset 14, -4
 117:Drivers/BSP/Components/ts3510/ts3510.c ****   
 186              		.loc 1 117 3 is_stmt 1 view .LVU20
 187 0002 FFF7FEFF 		bl	IOE_Init
 188              	.LVL10:
 119:Drivers/BSP/Components/ts3510/ts3510.c ****  
 189              		.loc 1 119 1 is_stmt 0 view .LVU21
 190 0006 08BD     		pop	{r3, pc}
 191              		.cfi_endproc
 192              	.LFE0:
 194              		.section	.text.ts3510_TS_DetectTouch,"ax",%progbits
 195              		.align	1
 196              		.global	ts3510_TS_DetectTouch
 197              		.syntax unified
 198              		.thumb
 199              		.thumb_func
 201              	ts3510_TS_DetectTouch:
 202              	.LVL11:
 203              	.LFB4:
 156:Drivers/BSP/Components/ts3510/ts3510.c ****   uint8_t aBufferTS[11];
 204              		.loc 1 156 1 is_stmt 1 view -0
 205              		.cfi_startproc
 206              		@ args = 0, pretend = 0, frame = 16
 207              		@ frame_needed = 0, uses_anonymous_args = 0
 156:Drivers/BSP/Components/ts3510/ts3510.c ****   uint8_t aBufferTS[11];
 208              		.loc 1 156 1 is_stmt 0 view .LVU23
 209 0000 10B5     		push	{r4, lr}
 210              		.cfi_def_cfa_offset 8
 211              		.cfi_offset 4, -8
 212              		.cfi_offset 14, -4
 213 0002 84B0     		sub	sp, sp, #16
 214              		.cfi_def_cfa_offset 24
 157:Drivers/BSP/Components/ts3510/ts3510.c ****   uint8_t aTmpBuffer[2] = {TS3510_READ_CMD, TS3510_WRITE_CMD};
 215              		.loc 1 157 3 is_stmt 1 view .LVU24
 158:Drivers/BSP/Components/ts3510/ts3510.c ****    
 216              		.loc 1 158 3 view .LVU25
 158:Drivers/BSP/Components/ts3510/ts3510.c ****    
 217              		.loc 1 158 11 is_stmt 0 view .LVU26
 218 0004 40F68103 		movw	r3, #2177
 219 0008 ADF80030 		strh	r3, [sp]	@ movhi
 161:Drivers/BSP/Components/ts3510/ts3510.c **** 
 220              		.loc 1 161 3 is_stmt 1 view .LVU27
 221 000c C4B2     		uxtb	r4, r0
 222 000e 0223     		movs	r3, #2
 223 0010 6A46     		mov	r2, sp
 224 0012 0021     		movs	r1, #0
 225 0014 2046     		mov	r0, r4
 226              	.LVL12:
ARM GAS  /var/folders/n6/c271nzx11xl4r4_m7sqjlt0m0000gn/T//ccHVzlZF.s 			page 9


 161:Drivers/BSP/Components/ts3510/ts3510.c **** 
 227              		.loc 1 161 3 is_stmt 0 view .LVU28
 228 0016 FFF7FEFF 		bl	IOE_WriteMultiple
 229              	.LVL13:
 164:Drivers/BSP/Components/ts3510/ts3510.c **** 
 230              		.loc 1 164 3 is_stmt 1 view .LVU29
 231 001a 0B23     		movs	r3, #11
 232 001c 01AA     		add	r2, sp, #4
 233 001e 8A21     		movs	r1, #138
 234 0020 2046     		mov	r0, r4
 235 0022 FFF7FEFF 		bl	IOE_ReadMultiple
 236              	.LVL14:
 167:Drivers/BSP/Components/ts3510/ts3510.c ****   {
 237              		.loc 1 167 3 view .LVU30
 167:Drivers/BSP/Components/ts3510/ts3510.c ****   {
 238              		.loc 1 167 16 is_stmt 0 view .LVU31
 239 0026 9DF80530 		ldrb	r3, [sp, #5]	@ zero_extendqisi2
 167:Drivers/BSP/Components/ts3510/ts3510.c ****   {
 240              		.loc 1 167 5 view .LVU32
 241 002a FF2B     		cmp	r3, #255
 242 002c 0DD1     		bne	.L12
 167:Drivers/BSP/Components/ts3510/ts3510.c ****   {
 243              		.loc 1 167 42 discriminator 1 view .LVU33
 244 002e 9DF80630 		ldrb	r3, [sp, #6]	@ zero_extendqisi2
 167:Drivers/BSP/Components/ts3510/ts3510.c ****   {
 245              		.loc 1 167 29 discriminator 1 view .LVU34
 246 0032 FF2B     		cmp	r3, #255
 247 0034 0CD1     		bne	.L13
 167:Drivers/BSP/Components/ts3510/ts3510.c ****   {
 248              		.loc 1 167 68 discriminator 2 view .LVU35
 249 0036 9DF80730 		ldrb	r3, [sp, #7]	@ zero_extendqisi2
 167:Drivers/BSP/Components/ts3510/ts3510.c ****   {
 250              		.loc 1 167 55 discriminator 2 view .LVU36
 251 003a FF2B     		cmp	r3, #255
 252 003c 0AD1     		bne	.L14
 167:Drivers/BSP/Components/ts3510/ts3510.c ****   {
 253              		.loc 1 167 94 discriminator 3 view .LVU37
 254 003e 9DF80830 		ldrb	r3, [sp, #8]	@ zero_extendqisi2
 167:Drivers/BSP/Components/ts3510/ts3510.c ****   {
 255              		.loc 1 167 81 discriminator 3 view .LVU38
 256 0042 FF2B     		cmp	r3, #255
 257 0044 08D0     		beq	.L15
 173:Drivers/BSP/Components/ts3510/ts3510.c ****   }
 258              		.loc 1 173 12 view .LVU39
 259 0046 0120     		movs	r0, #1
 260 0048 00E0     		b	.L11
 261              	.L12:
 262 004a 0120     		movs	r0, #1
 263              	.L11:
 175:Drivers/BSP/Components/ts3510/ts3510.c **** 
 264              		.loc 1 175 1 view .LVU40
 265 004c 04B0     		add	sp, sp, #16
 266              		.cfi_remember_state
 267              		.cfi_def_cfa_offset 8
 268              		@ sp needed
 269 004e 10BD     		pop	{r4, pc}
 270              	.L13:
ARM GAS  /var/folders/n6/c271nzx11xl4r4_m7sqjlt0m0000gn/T//ccHVzlZF.s 			page 10


 271              		.cfi_restore_state
 173:Drivers/BSP/Components/ts3510/ts3510.c ****   }
 272              		.loc 1 173 12 view .LVU41
 273 0050 0120     		movs	r0, #1
 274 0052 FBE7     		b	.L11
 275              	.L14:
 276 0054 0120     		movs	r0, #1
 277 0056 F9E7     		b	.L11
 278              	.L15:
 169:Drivers/BSP/Components/ts3510/ts3510.c ****   }
 279              		.loc 1 169 12 view .LVU42
 280 0058 0020     		movs	r0, #0
 281 005a F7E7     		b	.L11
 282              		.cfi_endproc
 283              	.LFE4:
 285              		.section	.text.ts3510_TS_GetXY,"ax",%progbits
 286              		.align	1
 287              		.global	ts3510_TS_GetXY
 288              		.syntax unified
 289              		.thumb
 290              		.thumb_func
 292              	ts3510_TS_GetXY:
 293              	.LVL15:
 294              	.LFB5:
 185:Drivers/BSP/Components/ts3510/ts3510.c ****   uint8_t aBufferTS[11];
 295              		.loc 1 185 1 is_stmt 1 view -0
 296              		.cfi_startproc
 297              		@ args = 0, pretend = 0, frame = 16
 298              		@ frame_needed = 0, uses_anonymous_args = 0
 185:Drivers/BSP/Components/ts3510/ts3510.c ****   uint8_t aBufferTS[11];
 299              		.loc 1 185 1 is_stmt 0 view .LVU44
 300 0000 70B5     		push	{r4, r5, r6, lr}
 301              		.cfi_def_cfa_offset 16
 302              		.cfi_offset 4, -16
 303              		.cfi_offset 5, -12
 304              		.cfi_offset 6, -8
 305              		.cfi_offset 14, -4
 306 0002 84B0     		sub	sp, sp, #16
 307              		.cfi_def_cfa_offset 32
 308 0004 0E46     		mov	r6, r1
 309 0006 1446     		mov	r4, r2
 186:Drivers/BSP/Components/ts3510/ts3510.c ****   uint8_t aTmpBuffer[2] = {TS3510_READ_CMD, TS3510_WRITE_CMD};
 310              		.loc 1 186 3 is_stmt 1 view .LVU45
 187:Drivers/BSP/Components/ts3510/ts3510.c ****   
 311              		.loc 1 187 3 view .LVU46
 187:Drivers/BSP/Components/ts3510/ts3510.c ****   
 312              		.loc 1 187 11 is_stmt 0 view .LVU47
 313 0008 40F68103 		movw	r3, #2177
 314 000c ADF80030 		strh	r3, [sp]	@ movhi
 190:Drivers/BSP/Components/ts3510/ts3510.c **** 
 315              		.loc 1 190 3 is_stmt 1 view .LVU48
 316 0010 C5B2     		uxtb	r5, r0
 317 0012 0223     		movs	r3, #2
 318 0014 6A46     		mov	r2, sp
 319              	.LVL16:
 190:Drivers/BSP/Components/ts3510/ts3510.c **** 
 320              		.loc 1 190 3 is_stmt 0 view .LVU49
ARM GAS  /var/folders/n6/c271nzx11xl4r4_m7sqjlt0m0000gn/T//ccHVzlZF.s 			page 11


 321 0016 0021     		movs	r1, #0
 322              	.LVL17:
 190:Drivers/BSP/Components/ts3510/ts3510.c **** 
 323              		.loc 1 190 3 view .LVU50
 324 0018 2846     		mov	r0, r5
 325              	.LVL18:
 190:Drivers/BSP/Components/ts3510/ts3510.c **** 
 326              		.loc 1 190 3 view .LVU51
 327 001a FFF7FEFF 		bl	IOE_WriteMultiple
 328              	.LVL19:
 193:Drivers/BSP/Components/ts3510/ts3510.c **** 
 329              		.loc 1 193 3 is_stmt 1 view .LVU52
 330 001e 0B23     		movs	r3, #11
 331 0020 01AA     		add	r2, sp, #4
 332 0022 8A21     		movs	r1, #138
 333 0024 2846     		mov	r0, r5
 334 0026 FFF7FEFF 		bl	IOE_ReadMultiple
 335              	.LVL20:
 196:Drivers/BSP/Components/ts3510/ts3510.c ****   *Y = (((aBufferTS[3] << 8) | aBufferTS[4]) << 12) / 480;
 336              		.loc 1 196 3 view .LVU53
 196:Drivers/BSP/Components/ts3510/ts3510.c ****   *Y = (((aBufferTS[3] << 8) | aBufferTS[4]) << 12) / 480;
 337              		.loc 1 196 20 is_stmt 0 view .LVU54
 338 002a 9DF80520 		ldrb	r2, [sp, #5]	@ zero_extendqisi2
 196:Drivers/BSP/Components/ts3510/ts3510.c ****   *Y = (((aBufferTS[3] << 8) | aBufferTS[4]) << 12) / 480;
 339              		.loc 1 196 41 view .LVU55
 340 002e 9DF80630 		ldrb	r3, [sp, #6]	@ zero_extendqisi2
 196:Drivers/BSP/Components/ts3510/ts3510.c ****   *Y = (((aBufferTS[3] << 8) | aBufferTS[4]) << 12) / 480;
 341              		.loc 1 196 30 view .LVU56
 342 0032 43EA0223 		orr	r3, r3, r2, lsl #8
 196:Drivers/BSP/Components/ts3510/ts3510.c ****   *Y = (((aBufferTS[3] << 8) | aBufferTS[4]) << 12) / 480;
 343              		.loc 1 196 46 view .LVU57
 344 0036 1B03     		lsls	r3, r3, #12
 196:Drivers/BSP/Components/ts3510/ts3510.c ****   *Y = (((aBufferTS[3] << 8) | aBufferTS[4]) << 12) / 480;
 345              		.loc 1 196 53 view .LVU58
 346 0038 094A     		ldr	r2, .L19
 347 003a 82FB0323 		smull	r2, r3, r2, r3
 348 003e 1B12     		asrs	r3, r3, #8
 196:Drivers/BSP/Components/ts3510/ts3510.c ****   *Y = (((aBufferTS[3] << 8) | aBufferTS[4]) << 12) / 480;
 349              		.loc 1 196 6 view .LVU59
 350 0040 3380     		strh	r3, [r6]	@ movhi
 197:Drivers/BSP/Components/ts3510/ts3510.c ****   
 351              		.loc 1 197 3 is_stmt 1 view .LVU60
 197:Drivers/BSP/Components/ts3510/ts3510.c ****   
 352              		.loc 1 197 20 is_stmt 0 view .LVU61
 353 0042 9DF80730 		ldrb	r3, [sp, #7]	@ zero_extendqisi2
 197:Drivers/BSP/Components/ts3510/ts3510.c ****   
 354              		.loc 1 197 41 view .LVU62
 355 0046 9DF80820 		ldrb	r2, [sp, #8]	@ zero_extendqisi2
 197:Drivers/BSP/Components/ts3510/ts3510.c ****   
 356              		.loc 1 197 30 view .LVU63
 357 004a 42EA0322 		orr	r2, r2, r3, lsl #8
 197:Drivers/BSP/Components/ts3510/ts3510.c ****   
 358              		.loc 1 197 46 view .LVU64
 359 004e 1203     		lsls	r2, r2, #12
 197:Drivers/BSP/Components/ts3510/ts3510.c ****   
 360              		.loc 1 197 53 view .LVU65
 361 0050 044B     		ldr	r3, .L19+4
ARM GAS  /var/folders/n6/c271nzx11xl4r4_m7sqjlt0m0000gn/T//ccHVzlZF.s 			page 12


 362 0052 83FB0213 		smull	r1, r3, r3, r2
 363 0056 1344     		add	r3, r3, r2
 364 0058 1B12     		asrs	r3, r3, #8
 197:Drivers/BSP/Components/ts3510/ts3510.c ****   
 365              		.loc 1 197 6 view .LVU66
 366 005a 2380     		strh	r3, [r4]	@ movhi
 200:Drivers/BSP/Components/ts3510/ts3510.c **** 
 367              		.loc 1 200 1 view .LVU67
 368 005c 04B0     		add	sp, sp, #16
 369              		.cfi_def_cfa_offset 16
 370              		@ sp needed
 371 005e 70BD     		pop	{r4, r5, r6, pc}
 372              	.LVL21:
 373              	.L20:
 200:Drivers/BSP/Components/ts3510/ts3510.c **** 
 374              		.loc 1 200 1 view .LVU68
 375              		.align	2
 376              	.L19:
 377 0060 67666666 		.word	1717986919
 378 0064 89888888 		.word	-2004318071
 379              		.cfi_endproc
 380              	.LFE5:
 382              		.global	ts3510_ts_drv
 383              		.section	.data.ts3510_ts_drv,"aw"
 384              		.align	2
 387              	ts3510_ts_drv:
 388 0000 00000000 		.word	ts3510_Init
 389 0004 00000000 		.word	ts3510_ReadID
 390 0008 00000000 		.word	ts3510_Reset
 391 000c 00000000 		.word	ts3510_TS_Start
 392 0010 00000000 		.word	ts3510_TS_DetectTouch
 393 0014 00000000 		.word	ts3510_TS_GetXY
 394 0018 00000000 		.word	ts3510_TS_EnableIT
 395 001c 00000000 		.word	ts3510_TS_ClearIT
 396 0020 00000000 		.word	ts3510_TS_ITStatus
 397 0024 00000000 		.word	ts3510_TS_DisableIT
 398              		.text
 399              	.Letext0:
 400              		.file 2 "/Users/killian/Library/Application Support/Code/User/globalStorage/bmd.stm32-for-vscode/@
 401              		.file 3 "/Users/killian/Library/Application Support/Code/User/globalStorage/bmd.stm32-for-vscode/@
 402              		.file 4 "Drivers/BSP/Components/ts3510/../Common/ts.h"
 403              		.file 5 "Drivers/BSP/Components/ts3510/ts3510.h"
ARM GAS  /var/folders/n6/c271nzx11xl4r4_m7sqjlt0m0000gn/T//ccHVzlZF.s 			page 13


DEFINED SYMBOLS
                            *ABS*:00000000 ts3510.c
/var/folders/n6/c271nzx11xl4r4_m7sqjlt0m0000gn/T//ccHVzlZF.s:20     .text.ts3510_Reset:00000000 $t
/var/folders/n6/c271nzx11xl4r4_m7sqjlt0m0000gn/T//ccHVzlZF.s:26     .text.ts3510_Reset:00000000 ts3510_Reset
/var/folders/n6/c271nzx11xl4r4_m7sqjlt0m0000gn/T//ccHVzlZF.s:40     .text.ts3510_ReadID:00000000 $t
/var/folders/n6/c271nzx11xl4r4_m7sqjlt0m0000gn/T//ccHVzlZF.s:46     .text.ts3510_ReadID:00000000 ts3510_ReadID
/var/folders/n6/c271nzx11xl4r4_m7sqjlt0m0000gn/T//ccHVzlZF.s:64     .text.ts3510_TS_Start:00000000 $t
/var/folders/n6/c271nzx11xl4r4_m7sqjlt0m0000gn/T//ccHVzlZF.s:70     .text.ts3510_TS_Start:00000000 ts3510_TS_Start
/var/folders/n6/c271nzx11xl4r4_m7sqjlt0m0000gn/T//ccHVzlZF.s:84     .text.ts3510_TS_EnableIT:00000000 $t
/var/folders/n6/c271nzx11xl4r4_m7sqjlt0m0000gn/T//ccHVzlZF.s:90     .text.ts3510_TS_EnableIT:00000000 ts3510_TS_EnableIT
/var/folders/n6/c271nzx11xl4r4_m7sqjlt0m0000gn/T//ccHVzlZF.s:104    .text.ts3510_TS_DisableIT:00000000 $t
/var/folders/n6/c271nzx11xl4r4_m7sqjlt0m0000gn/T//ccHVzlZF.s:110    .text.ts3510_TS_DisableIT:00000000 ts3510_TS_DisableIT
/var/folders/n6/c271nzx11xl4r4_m7sqjlt0m0000gn/T//ccHVzlZF.s:124    .text.ts3510_TS_ITStatus:00000000 $t
/var/folders/n6/c271nzx11xl4r4_m7sqjlt0m0000gn/T//ccHVzlZF.s:130    .text.ts3510_TS_ITStatus:00000000 ts3510_TS_ITStatus
/var/folders/n6/c271nzx11xl4r4_m7sqjlt0m0000gn/T//ccHVzlZF.s:148    .text.ts3510_TS_ClearIT:00000000 $t
/var/folders/n6/c271nzx11xl4r4_m7sqjlt0m0000gn/T//ccHVzlZF.s:154    .text.ts3510_TS_ClearIT:00000000 ts3510_TS_ClearIT
/var/folders/n6/c271nzx11xl4r4_m7sqjlt0m0000gn/T//ccHVzlZF.s:168    .text.ts3510_Init:00000000 $t
/var/folders/n6/c271nzx11xl4r4_m7sqjlt0m0000gn/T//ccHVzlZF.s:174    .text.ts3510_Init:00000000 ts3510_Init
/var/folders/n6/c271nzx11xl4r4_m7sqjlt0m0000gn/T//ccHVzlZF.s:195    .text.ts3510_TS_DetectTouch:00000000 $t
/var/folders/n6/c271nzx11xl4r4_m7sqjlt0m0000gn/T//ccHVzlZF.s:201    .text.ts3510_TS_DetectTouch:00000000 ts3510_TS_DetectTouch
/var/folders/n6/c271nzx11xl4r4_m7sqjlt0m0000gn/T//ccHVzlZF.s:286    .text.ts3510_TS_GetXY:00000000 $t
/var/folders/n6/c271nzx11xl4r4_m7sqjlt0m0000gn/T//ccHVzlZF.s:292    .text.ts3510_TS_GetXY:00000000 ts3510_TS_GetXY
/var/folders/n6/c271nzx11xl4r4_m7sqjlt0m0000gn/T//ccHVzlZF.s:377    .text.ts3510_TS_GetXY:00000060 $d
/var/folders/n6/c271nzx11xl4r4_m7sqjlt0m0000gn/T//ccHVzlZF.s:387    .data.ts3510_ts_drv:00000000 ts3510_ts_drv
/var/folders/n6/c271nzx11xl4r4_m7sqjlt0m0000gn/T//ccHVzlZF.s:384    .data.ts3510_ts_drv:00000000 $d

UNDEFINED SYMBOLS
IOE_Init
IOE_WriteMultiple
IOE_ReadMultiple
